8/4/2019 6:12:18 AM: botfumante - Connecting to: wss://irc-ws.chat.twitch.tv:443
8/4/2019 6:12:19 AM: botfumante - Should be connected!
8/4/2019 6:12:19 AM: botfumante - Joining channel: beringelamilgrau
8/4/2019 6:12:20 AM: botfumante - Received: :tmi.twitch.tv 001 botfumante :Welcome, GLHF!
8/4/2019 6:12:20 AM: botfumante - Received: :tmi.twitch.tv 002 botfumante :Your host is tmi.twitch.tv
8/4/2019 6:12:20 AM: botfumante - Received: :tmi.twitch.tv 003 botfumante :This server is rather new
8/4/2019 6:12:20 AM: botfumante - Received: :tmi.twitch.tv 004 botfumante :-
8/4/2019 6:12:20 AM: botfumante - Received: :tmi.twitch.tv 375 botfumante :-
8/4/2019 6:12:20 AM: botfumante - Received: :tmi.twitch.tv 372 botfumante :You are in a maze of twisty passages, all alike.
8/4/2019 6:12:20 AM: botfumante - Received: :tmi.twitch.tv 376 botfumante :>
8/4/2019 6:12:20 AM: botfumante - Received: :tmi.twitch.tv CAP * ACK :twitch.tv/membership
8/4/2019 6:12:20 AM: botfumante - Unaccounted for: :tmi.twitch.tv CAP * ACK :twitch.tv/membership
8/4/2019 6:12:20 AM: botfumante - Received: :tmi.twitch.tv CAP * ACK :twitch.tv/commands
8/4/2019 6:12:20 AM: botfumante - Unaccounted for: :tmi.twitch.tv CAP * ACK :twitch.tv/commands
8/4/2019 6:12:20 AM: botfumante - Received: :tmi.twitch.tv CAP * ACK :twitch.tv/tags
8/4/2019 6:12:20 AM: botfumante - Unaccounted for: :tmi.twitch.tv CAP * ACK :twitch.tv/tags
8/4/2019 6:12:20 AM: botfumante - Received: :botfumante!botfumante@botfumante.tmi.twitch.tv JOIN #beringelamilgrau
8/4/2019 6:12:20 AM: botfumante - Received: :botfumante.tmi.twitch.tv 353 botfumante = #beringelamilgrau :botfumante
8/4/2019 6:12:20 AM: botfumante - Received: :botfumante.tmi.twitch.tv 366 botfumante #beringelamilgrau :End of /NAMES list
8/4/2019 6:12:20 AM: botfumante - Finished channel joining queue.
8/4/2019 6:12:20 AM: botfumante - Received: @badge-info=;badges=;color=;display-name=BotFumante;emote-sets=0;mod=0;subscriber=0;user-type= :tmi.twitch.tv USERSTATE #beringelamilgrau
8/4/2019 6:12:20 AM: botfumante - Received: @emote-only=0;followers-only=-1;r9k=0;rituals=0;room-id=443063688;slow=0;subs-only=0 :tmi.twitch.tv ROOMSTATE #beringelamilgrau
8/4/2019 6:12:20 AM: botfumante - Finished channel joining queue.
8/4/2019 6:12:22 AM: botfumante - Received: @badge-info=subscriber/1;badges=vip/1,subscriber/0,bits-charity/1;color=#5F9EA0;display-name=Jean__;emotes=;flags=;id=984881a0-5e4a-43db-8cb0-e02ddd4247dd;mod=0;room-id=443063688;subscriber=1;tmi-sent-ts=1564909941634;turbo=0;user-id=38479494;user-type= :jean__!jean__@jean__.tmi.twitch.tv PRIVMSG #beringelamilgrau :!chicote
8/4/2019 6:12:26 AM: botfumante - Received: @badge-info=subscriber/1;badges=vip/1,subscriber/0,bits-charity/1;color=#5F9EA0;display-name=Jean__;emotes=;flags=;id=c12a38ad-90fe-4997-b5f7-7f9cb4dd2519;mod=0;room-id=443063688;subscriber=1;tmi-sent-ts=1564909945570;turbo=0;user-id=38479494;user-type= :jean__!jean__@jean__.tmi.twitch.tv PRIVMSG #beringelamilgrau :!chicote
