2019-07-27 9:55:13 PM: botfumante - Connecting to: wss://irc-ws.chat.twitch.tv:443
2019-07-27 9:55:14 PM: botfumante - Should be connected!
2019-07-27 9:55:14 PM: botfumante - Joining channel: beringelamilgrau
2019-07-27 9:55:15 PM: botfumante - Received: :tmi.twitch.tv 001 botfumante :Welcome, GLHF!
2019-07-27 9:55:15 PM: botfumante - Received: :tmi.twitch.tv 002 botfumante :Your host is tmi.twitch.tv
2019-07-27 9:55:15 PM: botfumante - Received: :tmi.twitch.tv 003 botfumante :This server is rather new
2019-07-27 9:55:15 PM: botfumante - Received: :tmi.twitch.tv 004 botfumante :-
2019-07-27 9:55:15 PM: botfumante - Received: :tmi.twitch.tv 375 botfumante :-
2019-07-27 9:55:15 PM: botfumante - Received: :tmi.twitch.tv 372 botfumante :You are in a maze of twisty passages, all alike.
2019-07-27 9:55:15 PM: botfumante - Received: :tmi.twitch.tv 376 botfumante :>
2019-07-27 9:55:15 PM: botfumante - Received: :tmi.twitch.tv CAP * ACK :twitch.tv/membership
2019-07-27 9:55:15 PM: botfumante - Unaccounted for: :tmi.twitch.tv CAP * ACK :twitch.tv/membership
2019-07-27 9:55:15 PM: botfumante - Received: :tmi.twitch.tv CAP * ACK :twitch.tv/commands
2019-07-27 9:55:15 PM: botfumante - Unaccounted for: :tmi.twitch.tv CAP * ACK :twitch.tv/commands
2019-07-27 9:55:15 PM: botfumante - Received: :tmi.twitch.tv CAP * ACK :twitch.tv/tags
2019-07-27 9:55:15 PM: botfumante - Unaccounted for: :tmi.twitch.tv CAP * ACK :twitch.tv/tags
2019-07-27 9:55:15 PM: botfumante - Received: :botfumante!botfumante@botfumante.tmi.twitch.tv JOIN #beringelamilgrau
2019-07-27 9:55:15 PM: botfumante - Received: :botfumante.tmi.twitch.tv 353 botfumante = #beringelamilgrau :ddanniell nightbot themalkavianx commanderroot lurxx angeloflight beringelamilgrau guillapre hisaagi hostmeraffle cyclemotion 5uperted michelle_rezende s1faka gabrigode rbruno018 skinnyseahorse jean__ electricallongboard montee_waffle
2019-07-27 9:55:15 PM: botfumante - Received: :botfumante.tmi.twitch.tv 353 botfumante = #beringelamilgrau :botfumante
2019-07-27 9:55:15 PM: botfumante - Received: :botfumante.tmi.twitch.tv 366 botfumante #beringelamilgrau :End of /NAMES list
2019-07-27 9:55:15 PM: botfumante - Finished channel joining queue.
2019-07-27 9:55:15 PM: botfumante - Received: @badge-info=;badges=;color=;display-name=BotFumante;emote-sets=0;mod=0;subscriber=0;user-type= :tmi.twitch.tv USERSTATE #beringelamilgrau
2019-07-27 9:55:15 PM: botfumante - Received: @emote-only=0;followers-only=-1;r9k=0;rituals=0;room-id=443063688;slow=0;subs-only=0 :tmi.twitch.tv ROOMSTATE #beringelamilgrau
2019-07-27 9:55:15 PM: botfumante - Finished channel joining queue.
2019-07-27 9:55:32 PM: botfumante - Received: @badge-info=;badges=;color=#1E90FF;display-name=Gabrigode;emotes=;flags=;id=ef4b1e39-86e3-4be1-8c2b-9b3b90afbc6c;mod=0;room-id=443063688;subscriber=0;tmi-sent-ts=1564275330736;turbo=0;user-id=125402779;user-type= :gabrigode!gabrigode@gabrigode.tmi.twitch.tv PRIVMSG #beringelamilgrau :tenho contas com o Bruno FeelsOkayMan
2019-07-27 9:55:58 PM: botfumante - Received: @badge-info=subscriber/1;badges=broadcaster/1,subscriber/0;color=#8A2BE2;display-name=BeringelaMilGrau;emotes=;flags=;id=abdab830-84e6-4078-9c2b-2af743023532;mod=0;room-id=443063688;subscriber=1;tmi-sent-ts=1564275356630;turbo=0;user-id=443063688;user-type= :beringelamilgrau!beringelamilgrau@beringelamilgrau.tmi.twitch.tv PRIVMSG #beringelamilgrau :bruno tem o rosto do putin
2019-07-27 9:56:03 PM: botfumante - Received: @badge-info=subscriber/1;badges=broadcaster/1,subscriber/0;color=#8A2BE2;display-name=BeringelaMilGrau;emotes=;flags=;id=aaee2031-2656-49ea-bb5d-a051c0568393;mod=0;room-id=443063688;subscriber=1;tmi-sent-ts=1564275361568;turbo=0;user-id=443063688;user-type= :beringelamilgrau!beringelamilgrau@beringelamilgrau.tmi.twitch.tv PRIVMSG #beringelamilgrau :pro worms
2019-07-27 9:56:31 PM: botfumante - Received: @badge-info=;badges=vip/1;color=#FF69B4;display-name=rbruno018;emotes=;flags=;id=92179df1-1072-476c-b918-d85398ef6aaf;mod=0;room-id=443063688;subscriber=0;tmi-sent-ts=1564275389384;turbo=0;user-id=216448313;user-type= :rbruno018!rbruno018@rbruno018.tmi.twitch.tv PRIVMSG #beringelamilgrau :peguei ele agora
2019-07-27 9:56:34 PM: botfumante - Received: @badge-info=;badges=vip/1;color=#FF69B4;display-name=rbruno018;emotes=;flags=;id=1d81db9b-8770-4f1f-ae8d-fddfe437320e;mod=0;room-id=443063688;subscriber=0;tmi-sent-ts=1564275392952;turbo=0;user-id=216448313;user-type= :rbruno018!rbruno018@rbruno018.tmi.twitch.tv PRIVMSG #beringelamilgrau :nao achei o lula
2019-07-27 9:56:40 PM: botfumante - Received: @badge-info=subscriber/1;badges=broadcaster/1,subscriber/0;color=#8A2BE2;display-name=BeringelaMilGrau;emotes=;flags=;id=15d23b1d-f50d-47f8-b021-01f952762044;mod=0;room-id=443063688;subscriber=1;tmi-sent-ts=1564275398698;turbo=0;user-id=443063688;user-type= :beringelamilgrau!beringelamilgrau@beringelamilgrau.tmi.twitch.tv PRIVMSG #beringelamilgrau :tbm n?o
2019-07-27 9:56:59 PM: botfumante - Received: @badge-info=subscriber/1;badges=broadcaster/1,subscriber/0;color=#8A2BE2;display-name=BeringelaMilGrau;emotes=;flags=;id=376a7b15-8a51-44bf-a0ab-b491e246bed6;mod=0;room-id=443063688;subscriber=1;tmi-sent-ts=1564275418004;turbo=0;user-id=443063688;user-type= :beringelamilgrau!beringelamilgrau@beringelamilgrau.tmi.twitch.tv PRIVMSG #beringelamilgrau :nem a dilma
2019-07-27 9:57:02 PM: botfumante - Received: :leafjat!leafjat@leafjat.tmi.twitch.tv JOIN #beringelamilgrau
2019-07-27 9:58:08 PM: botfumante - Received: :majorkpop!majorkpop@majorkpop.tmi.twitch.tv JOIN #beringelamilgrau
2019-07-27 9:59:14 PM: botfumante - Received: @badge-info=;badges=moderator/1;color=#38CC8F;display-name=Montee_Waffle;emotes=;flags=;id=59426aa9-96d2-495b-9d0c-cd38e258f8ff;mod=1;room-id=443063688;subscriber=0;tmi-sent-ts=1564275552675;turbo=0;user-id=148551409;user-type=mod :montee_waffle!montee_waffle@montee_waffle.tmi.twitch.tv PRIVMSG #beringelamilgrau :ted ta cagando regra
2019-07-27 9:59:15 PM: botfumante - Received: @badge-info=;badges=moderator/1;color=#38CC8F;display-name=Montee_Waffle;emotes=;flags=;id=59c55a68-d2b6-48ec-923a-2887e2c9ae61;mod=1;room-id=443063688;subscriber=0;tmi-sent-ts=1564275554292;turbo=0;user-id=148551409;user-type=mod :montee_waffle!montee_waffle@montee_waffle.tmi.twitch.tv PRIVMSG #beringelamilgrau :calma ai
2019-07-27 9:59:23 PM: botfumante - Received: @badge-info=;badges=vip/1;color=#FF69B4;display-name=rbruno018;emotes=;flags=;id=5a331cca-0295-4e4f-bc99-50a824b4e070;mod=0;room-id=443063688;subscriber=0;tmi-sent-ts=1564275562315;turbo=0;user-id=216448313;user-type= :rbruno018!rbruno018@rbruno018.tmi.twitch.tv PRIVMSG #beringelamilgrau :ConcernFroge
2019-07-27 9:59:28 PM: botfumante - Received: @badge-info=;badges=;color=#1E90FF;display-name=Gabrigode;emotes=;flags=;id=afb42826-e7c3-4e3a-a391-30cddc5c6ff3;mod=0;room-id=443063688;subscriber=0;tmi-sent-ts=1564275566424;turbo=0;user-id=125402779;user-type= :gabrigode!gabrigode@gabrigode.tmi.twitch.tv PRIVMSG #beringelamilgrau :Pepega
2019-07-27 9:59:38 PM: botfumante - Received: PING :tmi.twitch.tv
2019-07-27 9:59:38 PM: botfumante - Writing: PONG
2019-07-27 10:00:11 PM: botfumante - Received: :majorkpop!majorkpop@majorkpop.tmi.twitch.tv PART #beringelamilgrau
2019-07-27 10:00:22 PM: botfumante - Received: @badge-info=;badges=;color=#1E90FF;display-name=Gabrigode;emotes=;flags=;id=f0cb3f4c-94f7-46ea-accc-84616b888ec1;mod=0;room-id=443063688;subscriber=0;tmi-sent-ts=1564275621205;turbo=0;user-id=125402779;user-type= :gabrigode!gabrigode@gabrigode.tmi.twitch.tv PRIVMSG #beringelamilgrau :Pepega
2019-07-27 10:00:26 PM: botfumante - Received: @badge-info=subscriber/1;badges=vip/1,subscriber/0,bits-charity/1;color=#5F9EA0;display-name=Jean__;emotes=;flags=;id=6e05cf65-8723-4285-8cd7-33e25540ba1b;mod=0;room-id=443063688;subscriber=1;tmi-sent-ts=1564275624525;turbo=0;user-id=38479494;user-type= :jean__!jean__@jean__.tmi.twitch.tv PRIVMSG #beringelamilgrau :Pepega
2019-07-27 10:00:31 PM: botfumante - Received: @room-id=443063688;target-user-id=88337529;tmi-sent-ts=1564275629980 :tmi.twitch.tv CLEARCHAT #beringelamilgrau :superted
2019-07-27 10:00:51 PM: botfumante - Received: @badge-info=subscriber/1;badges=vip/1,subscriber/0,bits-charity/1;color=#5F9EA0;display-name=Jean__;emotes=;flags=;id=4773f510-2f2e-45b1-bc34-1813170cdfcf;mod=0;room-id=443063688;subscriber=1;tmi-sent-ts=1564275649527;turbo=0;user-id=38479494;user-type= :jean__!jean__@jean__.tmi.twitch.tv PRIVMSG #beringelamilgrau :ConcernFroge n?o
2019-07-27 10:00:54 PM: botfumante - Received: @badge-info=subscriber/1;badges=vip/1,subscriber/0,bits-charity/1;color=#5F9EA0;display-name=Jean__;emotes=;flags=;id=e1d2c3e7-b7cb-4cc8-9452-161cdb2f0095;mod=0;room-id=443063688;subscriber=1;tmi-sent-ts=1564275653327;turbo=0;user-id=38479494;user-type= :jean__!jean__@jean__.tmi.twitch.tv PRIVMSG #beringelamilgrau :!tiro
2019-07-27 10:01:00 PM: botfumante - Received: @badge-info=subscriber/1;badges=vip/1,subscriber/0,bits-charity/1;color=#5F9EA0;display-name=Jean__;emotes=;flags=11-15:P.5;id=13d31c15-ca76-4aca-be08-d4ccb72469f8;mod=0;room-id=443063688;subscriber=1;tmi-sent-ts=1564275659159;turbo=0;user-id=38479494;user-type= :jean__!jean__@jean__.tmi.twitch.tv PRIVMSG #beringelamilgrau :fiz alguma merda FeelsMan
2019-07-27 10:01:22 PM: botfumante - Received: @badge-info=subscriber/1;badges=vip/1,subscriber/0,bits-charity/1;color=#5F9EA0;display-name=Jean__;emotes=;flags=;id=2fdfe775-f49b-44b7-83b6-74b52ad6af7d;mod=0;room-id=443063688;subscriber=1;tmi-sent-ts=1564275680686;turbo=0;user-id=38479494;user-type= :jean__!jean__@jean__.tmi.twitch.tv PRIVMSG #beringelamilgrau :bot.gun.enabled=false peepoSmart
