2019-08-01 6:23:33 PM: botfumante - Connecting to: wss://irc-ws.chat.twitch.tv:443
2019-08-01 6:23:34 PM: botfumante - Should be connected!
2019-08-01 6:23:34 PM: botfumante - Joining channel: beringelamilgrau
2019-08-01 6:23:34 PM: botfumante - Received: :tmi.twitch.tv 001 botfumante :Welcome, GLHF!
2019-08-01 6:23:34 PM: botfumante - Received: :tmi.twitch.tv 002 botfumante :Your host is tmi.twitch.tv
2019-08-01 6:23:34 PM: botfumante - Received: :tmi.twitch.tv 003 botfumante :This server is rather new
2019-08-01 6:23:34 PM: botfumante - Received: :tmi.twitch.tv 004 botfumante :-
2019-08-01 6:23:34 PM: botfumante - Received: :tmi.twitch.tv 375 botfumante :-
2019-08-01 6:23:34 PM: botfumante - Received: :tmi.twitch.tv 372 botfumante :You are in a maze of twisty passages, all alike.
2019-08-01 6:23:34 PM: botfumante - Received: :tmi.twitch.tv 376 botfumante :>
2019-08-01 6:23:34 PM: botfumante - Received: :tmi.twitch.tv CAP * ACK :twitch.tv/membership
2019-08-01 6:23:34 PM: botfumante - Unaccounted for: :tmi.twitch.tv CAP * ACK :twitch.tv/membership
2019-08-01 6:23:34 PM: botfumante - Received: :tmi.twitch.tv CAP * ACK :twitch.tv/commands
2019-08-01 6:23:34 PM: botfumante - Unaccounted for: :tmi.twitch.tv CAP * ACK :twitch.tv/commands
2019-08-01 6:23:34 PM: botfumante - Received: :tmi.twitch.tv CAP * ACK :twitch.tv/tags
2019-08-01 6:23:34 PM: botfumante - Unaccounted for: :tmi.twitch.tv CAP * ACK :twitch.tv/tags
2019-08-01 6:23:34 PM: botfumante - Received: :botfumante!botfumante@botfumante.tmi.twitch.tv JOIN #beringelamilgrau
2019-08-01 6:23:34 PM: botfumante - Received: :botfumante.tmi.twitch.tv 353 botfumante = #beringelamilgrau :botfumante
2019-08-01 6:23:34 PM: botfumante - Received: :botfumante.tmi.twitch.tv 366 botfumante #beringelamilgrau :End of /NAMES list
2019-08-01 6:23:34 PM: botfumante - Finished channel joining queue.
2019-08-01 6:23:34 PM: botfumante - Received: @badge-info=;badges=;color=;display-name=BotFumante;emote-sets=0;mod=0;subscriber=0;user-type= :tmi.twitch.tv USERSTATE #beringelamilgrau
2019-08-01 6:23:34 PM: botfumante - Received: @emote-only=0;followers-only=-1;r9k=0;rituals=0;room-id=443063688;slow=0;subs-only=0 :tmi.twitch.tv ROOMSTATE #beringelamilgrau
2019-08-01 6:23:35 PM: botfumante - Finished channel joining queue.
2019-08-01 6:23:40 PM: botfumante - Received: @badge-info=subscriber/1;badges=vip/1,subscriber/0,bits-charity/1;color=#5F9EA0;display-name=Jean__;emotes=;flags=;id=6c081200-9108-40fc-808a-62bd2df602bc;mod=0;room-id=443063688;subscriber=1;tmi-sent-ts=1564694619922;turbo=0;user-id=38479494;user-type= :jean__!jean__@jean__.tmi.twitch.tv PRIVMSG #beringelamilgrau :!!
2019-08-01 6:23:42 PM: botfumante - Received: @badge-info=;badges=;color=;display-name=BotFumante;emote-sets=0;mod=0;subscriber=0;user-type= :tmi.twitch.tv USERSTATE #beringelamilgrau
