8/16/2019 11:02:44 AM: jean__ - Connecting to: wss://irc-ws.chat.twitch.tv:443
8/16/2019 11:02:45 AM: jean__ - Should be connected!
8/16/2019 11:02:45 AM: jean__ - Joining channel: jean__
8/16/2019 11:02:46 AM: jean__ - Received: :tmi.twitch.tv 001 jean__ :Welcome, GLHF!
8/16/2019 11:02:46 AM: jean__ - Received: :tmi.twitch.tv 002 jean__ :Your host is tmi.twitch.tv
8/16/2019 11:02:46 AM: jean__ - Received: :tmi.twitch.tv 003 jean__ :This server is rather new
8/16/2019 11:02:46 AM: jean__ - Received: :tmi.twitch.tv 004 jean__ :-
8/16/2019 11:02:46 AM: jean__ - Received: :tmi.twitch.tv 375 jean__ :-
8/16/2019 11:02:46 AM: jean__ - Received: :tmi.twitch.tv 372 jean__ :You are in a maze of twisty passages, all alike.
8/16/2019 11:02:46 AM: jean__ - Received: :tmi.twitch.tv 376 jean__ :>
8/16/2019 11:02:46 AM: jean__ - Received: :tmi.twitch.tv CAP * ACK :twitch.tv/membership
8/16/2019 11:02:46 AM: jean__ - Unaccounted for: :tmi.twitch.tv CAP * ACK :twitch.tv/membership
8/16/2019 11:02:46 AM: jean__ - Received: :tmi.twitch.tv CAP * ACK :twitch.tv/commands
8/16/2019 11:02:46 AM: jean__ - Unaccounted for: :tmi.twitch.tv CAP * ACK :twitch.tv/commands
8/16/2019 11:02:46 AM: jean__ - Received: :tmi.twitch.tv CAP * ACK :twitch.tv/tags
8/16/2019 11:02:46 AM: jean__ - Unaccounted for: :tmi.twitch.tv CAP * ACK :twitch.tv/tags
8/16/2019 11:02:46 AM: jean__ - Received: :jean__!jean__@jean__.tmi.twitch.tv JOIN #jean__
8/16/2019 11:02:46 AM: jean__ - Received: :jean__.tmi.twitch.tv 353 jean__ = #jean__ :jean__
8/16/2019 11:02:46 AM: jean__ - Received: :jean__.tmi.twitch.tv 366 jean__ #jean__ :End of /NAMES list
8/16/2019 11:02:46 AM: jean__ - Finished channel joining queue.
8/16/2019 11:02:46 AM: jean__ - Received: @badge-info=;badges=broadcaster/1,bits-charity/1;color=#5F9EA0;display-name=Jean__;emote-sets=0,412472,300319631;mod=0;subscriber=0;user-type= :tmi.twitch.tv USERSTATE #jean__
8/16/2019 11:02:46 AM: jean__ - Received: @emote-only=0;followers-only=-1;r9k=0;rituals=0;room-id=38479494;slow=0;subs-only=0 :tmi.twitch.tv ROOMSTATE #jean__
8/16/2019 11:02:46 AM: jean__ - Finished channel joining queue.
8/16/2019 11:02:56 AM: jean__ - Received: @badge-info=;badges=broadcaster/1,bits-charity/1;color=#5F9EA0;display-name=Jean__;emote-sets=0,412472,300319631;mod=0;subscriber=0;user-type= :tmi.twitch.tv USERSTATE #jean__
8/16/2019 11:03:02 AM: jean__ - Received: @badge-info=;badges=broadcaster/1,bits-charity/1;color=#5F9EA0;display-name=Jean__;emote-sets=0,412472,300319631;mod=0;subscriber=0;user-type= :tmi.twitch.tv USERSTATE #jean__
8/16/2019 11:03:03 AM: jean__ - Received: @badge-info=;badges=moderator/1,partner/1;color=#7C7CE1;display-name=Nightbot;emotes=;flags=;id=3986f322-66a0-4c23-be21-9b628b9a21dd;mod=1;room-id=38479494;subscriber=0;tmi-sent-ts=1565964182441;turbo=0;user-id=19264788;user-type=mod :nightbot!nightbot@nightbot.tmi.twitch.tv PRIVMSG #jean__ :Successfully modified entry #1
8/16/2019 11:03:08 AM: jean__ - Received: @badge-info=;badges=broadcaster/1,bits-charity/1;color=#5F9EA0;display-name=Jean__;emote-sets=0,412472,300319631;mod=0;subscriber=0;user-type= :tmi.twitch.tv USERSTATE #jean__
8/16/2019 11:03:09 AM: jean__ - Received: :nightbot!nightbot@nightbot.tmi.twitch.tv JOIN #jean__
8/16/2019 11:03:09 AM: jean__ - Received: @badge-info=;badges=moderator/1,partner/1;color=#7C7CE1;display-name=Nightbot;emotes=;flags=;id=302d0526-d986-4a5e-991f-6fc64fdd95cd;mod=1;room-id=38479494;subscriber=0;tmi-sent-ts=1565964188350;turbo=0;user-id=19264788;user-type=mod :nightbot!nightbot@nightbot.tmi.twitch.tv PRIVMSG #jean__ :Successfully modified entry #2
8/16/2019 11:03:14 AM: jean__ - Received: @badge-info=;badges=broadcaster/1,bits-charity/1;color=#5F9EA0;display-name=Jean__;emote-sets=0,412472,300319631;mod=0;subscriber=0;user-type= :tmi.twitch.tv USERSTATE #jean__
8/16/2019 11:03:15 AM: jean__ - Received: @badge-info=;badges=moderator/1,partner/1;color=#7C7CE1;display-name=Nightbot;emotes=;flags=;id=577d2b56-5288-4645-9b0a-58e2b63de32e;mod=1;room-id=38479494;subscriber=0;tmi-sent-ts=1565964194347;turbo=0;user-id=19264788;user-type=mod :nightbot!nightbot@nightbot.tmi.twitch.tv PRIVMSG #jean__ :Successfully modified entry #3
8/16/2019 11:03:20 AM: jean__ - Received: @badge-info=;badges=broadcaster/1,bits-charity/1;color=#5F9EA0;display-name=Jean__;emote-sets=0,412472,300319631;mod=0;subscriber=0;user-type= :tmi.twitch.tv USERSTATE #jean__
8/16/2019 11:03:21 AM: jean__ - Received: @badge-info=;badges=moderator/1,partner/1;color=#7C7CE1;display-name=Nightbot;emotes=;flags=;id=2274db23-79ba-4aa8-91f0-0b68665e17d7;mod=1;room-id=38479494;subscriber=0;tmi-sent-ts=1565964200252;turbo=0;user-id=19264788;user-type=mod :nightbot!nightbot@nightbot.tmi.twitch.tv PRIVMSG #jean__ :Successfully modified entry #4
8/16/2019 11:03:26 AM: jean__ - Received: @badge-info=;badges=broadcaster/1,bits-charity/1;color=#5F9EA0;display-name=Jean__;emote-sets=0,412472,300319631;mod=0;subscriber=0;user-type= :tmi.twitch.tv USERSTATE #jean__
8/16/2019 11:03:27 AM: jean__ - Received: @badge-info=;badges=moderator/1,partner/1;color=#7C7CE1;display-name=Nightbot;emotes=;flags=;id=8811d346-ac7d-421f-8c10-519b543adff0;mod=1;room-id=38479494;subscriber=0;tmi-sent-ts=1565964206372;turbo=0;user-id=19264788;user-type=mod :nightbot!nightbot@nightbot.tmi.twitch.tv PRIVMSG #jean__ :Successfully modified entry #5
8/16/2019 11:03:32 AM: jean__ - Received: @badge-info=;badges=broadcaster/1,bits-charity/1;color=#5F9EA0;display-name=Jean__;emote-sets=0,412472,300319631;mod=0;subscriber=0;user-type= :tmi.twitch.tv USERSTATE #jean__
8/16/2019 11:03:33 AM: jean__ - Received: @badge-info=;badges=moderator/1,partner/1;color=#7C7CE1;display-name=Nightbot;emotes=;flags=;id=8c638a03-6090-4c97-b640-86ebf68306f8;mod=1;room-id=38479494;subscriber=0;tmi-sent-ts=1565964212366;turbo=0;user-id=19264788;user-type=mod :nightbot!nightbot@nightbot.tmi.twitch.tv PRIVMSG #jean__ :Successfully modified entry #6
8/16/2019 11:03:38 AM: jean__ - Received: @badge-info=;badges=broadcaster/1,bits-charity/1;color=#5F9EA0;display-name=Jean__;emote-sets=0,412472,300319631;mod=0;subscriber=0;user-type= :tmi.twitch.tv USERSTATE #jean__
8/16/2019 11:03:39 AM: jean__ - Received: @badge-info=;badges=moderator/1,partner/1;color=#7C7CE1;display-name=Nightbot;emotes=;flags=;id=d83e059b-e6a9-424f-9361-90e93f0c3026;mod=1;room-id=38479494;subscriber=0;tmi-sent-ts=1565964218475;turbo=0;user-id=19264788;user-type=mod :nightbot!nightbot@nightbot.tmi.twitch.tv PRIVMSG #jean__ :Successfully modified entry #7
8/16/2019 11:03:44 AM: jean__ - Received: @badge-info=;badges=broadcaster/1,bits-charity/1;color=#5F9EA0;display-name=Jean__;emote-sets=0,412472,300319631;mod=0;subscriber=0;user-type= :tmi.twitch.tv USERSTATE #jean__
8/16/2019 11:03:45 AM: jean__ - Received: @badge-info=;badges=moderator/1,partner/1;color=#7C7CE1;display-name=Nightbot;emotes=;flags=;id=ce164788-54dc-41dc-b085-4f28c1e6d259;mod=1;room-id=38479494;subscriber=0;tmi-sent-ts=1565964224349;turbo=0;user-id=19264788;user-type=mod :nightbot!nightbot@nightbot.tmi.twitch.tv PRIVMSG #jean__ :Successfully modified entry #8
8/16/2019 11:03:50 AM: jean__ - Received: @badge-info=;badges=broadcaster/1,bits-charity/1;color=#5F9EA0;display-name=Jean__;emote-sets=0,412472,300319631;mod=0;subscriber=0;user-type= :tmi.twitch.tv USERSTATE #jean__
8/16/2019 11:03:51 AM: jean__ - Received: @badge-info=;badges=moderator/1,partner/1;color=#7C7CE1;display-name=Nightbot;emotes=;flags=;id=eb923456-a0d9-444f-9b64-99ead86516fe;mod=1;room-id=38479494;subscriber=0;tmi-sent-ts=1565964230354;turbo=0;user-id=19264788;user-type=mod :nightbot!nightbot@nightbot.tmi.twitch.tv PRIVMSG #jean__ :Successfully modified entry #9
8/16/2019 11:03:56 AM: jean__ - Received: @badge-info=;badges=broadcaster/1,bits-charity/1;color=#5F9EA0;display-name=Jean__;emote-sets=0,412472,300319631;mod=0;subscriber=0;user-type= :tmi.twitch.tv USERSTATE #jean__
8/16/2019 11:03:57 AM: jean__ - Received: @badge-info=;badges=moderator/1,partner/1;color=#7C7CE1;display-name=Nightbot;emotes=;flags=;id=740e7395-93ca-4d30-a7af-130771521f27;mod=1;room-id=38479494;subscriber=0;tmi-sent-ts=1565964236360;turbo=0;user-id=19264788;user-type=mod :nightbot!nightbot@nightbot.tmi.twitch.tv PRIVMSG #jean__ :Successfully modified entry #10
8/16/2019 11:04:02 AM: jean__ - Received: @badge-info=;badges=broadcaster/1,bits-charity/1;color=#5F9EA0;display-name=Jean__;emote-sets=0,412472,300319631;mod=0;subscriber=0;user-type= :tmi.twitch.tv USERSTATE #jean__
8/16/2019 11:04:03 AM: jean__ - Received: @badge-info=;badges=moderator/1,partner/1;color=#7C7CE1;display-name=Nightbot;emotes=;flags=;id=50436b5a-f7ea-4cab-9b05-a18ff8ac66b5;mod=1;room-id=38479494;subscriber=0;tmi-sent-ts=1565964242366;turbo=0;user-id=19264788;user-type=mod :nightbot!nightbot@nightbot.tmi.twitch.tv PRIVMSG #jean__ :Successfully modified entry #11
8/16/2019 11:04:08 AM: jean__ - Received: @badge-info=;badges=broadcaster/1,bits-charity/1;color=#5F9EA0;display-name=Jean__;emote-sets=0,412472,300319631;mod=0;subscriber=0;user-type= :tmi.twitch.tv USERSTATE #jean__
8/16/2019 11:04:09 AM: jean__ - Received: @badge-info=;badges=moderator/1,partner/1;color=#7C7CE1;display-name=Nightbot;emotes=;flags=;id=4096dc22-33f8-4d0e-933b-590adaa3e738;mod=1;room-id=38479494;subscriber=0;tmi-sent-ts=1565964248370;turbo=0;user-id=19264788;user-type=mod :nightbot!nightbot@nightbot.tmi.twitch.tv PRIVMSG #jean__ :Successfully modified entry #12
8/16/2019 11:04:14 AM: jean__ - Received: @badge-info=;badges=broadcaster/1,bits-charity/1;color=#5F9EA0;display-name=Jean__;emote-sets=0,412472,300319631;mod=0;subscriber=0;user-type= :tmi.twitch.tv USERSTATE #jean__
8/16/2019 11:04:15 AM: jean__ - Received: @badge-info=;badges=moderator/1,partner/1;color=#7C7CE1;display-name=Nightbot;emotes=;flags=;id=f91fbae4-5be0-4d66-b5e3-d6ead3db9143;mod=1;room-id=38479494;subscriber=0;tmi-sent-ts=1565964254296;turbo=0;user-id=19264788;user-type=mod :nightbot!nightbot@nightbot.tmi.twitch.tv PRIVMSG #jean__ :Successfully modified entry #13
8/16/2019 11:04:20 AM: jean__ - Received: @badge-info=;badges=broadcaster/1,bits-charity/1;color=#5F9EA0;display-name=Jean__;emote-sets=0,412472,300319631;mod=0;subscriber=0;user-type= :tmi.twitch.tv USERSTATE #jean__
8/16/2019 11:04:21 AM: jean__ - Received: @badge-info=;badges=moderator/1,partner/1;color=#7C7CE1;display-name=Nightbot;emotes=;flags=;id=e80c5eaa-4181-493c-bbe5-b1c3dc87b038;mod=1;room-id=38479494;subscriber=0;tmi-sent-ts=1565964260511;turbo=0;user-id=19264788;user-type=mod :nightbot!nightbot@nightbot.tmi.twitch.tv PRIVMSG #jean__ :Successfully modified entry #14
8/16/2019 11:04:26 AM: jean__ - Received: @badge-info=;badges=broadcaster/1,bits-charity/1;color=#5F9EA0;display-name=Jean__;emote-sets=0,412472,300319631;mod=0;subscriber=0;user-type= :tmi.twitch.tv USERSTATE #jean__
8/16/2019 11:04:27 AM: jean__ - Received: @badge-info=;badges=moderator/1,partner/1;color=#7C7CE1;display-name=Nightbot;emotes=;flags=;id=fc81329e-26df-4e3b-914b-33c9f88c7a28;mod=1;room-id=38479494;subscriber=0;tmi-sent-ts=1565964266502;turbo=0;user-id=19264788;user-type=mod :nightbot!nightbot@nightbot.tmi.twitch.tv PRIVMSG #jean__ :Successfully modified entry #15
8/16/2019 11:04:32 AM: jean__ - Received: @badge-info=;badges=broadcaster/1,bits-charity/1;color=#5F9EA0;display-name=Jean__;emote-sets=0,412472,300319631;mod=0;subscriber=0;user-type= :tmi.twitch.tv USERSTATE #jean__
8/16/2019 11:04:33 AM: jean__ - Received: @badge-info=;badges=moderator/1,partner/1;color=#7C7CE1;display-name=Nightbot;emotes=;flags=;id=605c82c8-04e5-48ff-a261-f2f2db2bd21d;mod=1;room-id=38479494;subscriber=0;tmi-sent-ts=1565964272472;turbo=0;user-id=19264788;user-type=mod :nightbot!nightbot@nightbot.tmi.twitch.tv PRIVMSG #jean__ :Successfully modified entry #16
8/16/2019 11:04:38 AM: jean__ - Received: @badge-info=;badges=broadcaster/1,bits-charity/1;color=#5F9EA0;display-name=Jean__;emote-sets=0,412472,300319631;mod=0;subscriber=0;user-type= :tmi.twitch.tv USERSTATE #jean__
8/16/2019 11:04:39 AM: jean__ - Received: @badge-info=;badges=moderator/1,partner/1;color=#7C7CE1;display-name=Nightbot;emotes=;flags=;id=9ea47a93-2114-4c31-a185-ef4bccc0f70b;mod=1;room-id=38479494;subscriber=0;tmi-sent-ts=1565964278479;turbo=0;user-id=19264788;user-type=mod :nightbot!nightbot@nightbot.tmi.twitch.tv PRIVMSG #jean__ :Successfully modified entry #17
8/16/2019 11:04:44 AM: jean__ - Received: @badge-info=;badges=broadcaster/1,bits-charity/1;color=#5F9EA0;display-name=Jean__;emote-sets=0,412472,300319631;mod=0;subscriber=0;user-type= :tmi.twitch.tv USERSTATE #jean__
8/16/2019 11:04:45 AM: jean__ - Received: @badge-info=;badges=moderator/1,partner/1;color=#7C7CE1;display-name=Nightbot;emotes=;flags=;id=17625f08-f656-4e69-b311-3cdec3b3c22e;mod=1;room-id=38479494;subscriber=0;tmi-sent-ts=1565964284506;turbo=0;user-id=19264788;user-type=mod :nightbot!nightbot@nightbot.tmi.twitch.tv PRIVMSG #jean__ :Successfully modified entry #18
8/16/2019 11:04:50 AM: jean__ - Received: @badge-info=;badges=broadcaster/1,bits-charity/1;color=#5F9EA0;display-name=Jean__;emote-sets=0,412472,300319631;mod=0;subscriber=0;user-type= :tmi.twitch.tv USERSTATE #jean__
8/16/2019 11:04:51 AM: jean__ - Received: @badge-info=;badges=moderator/1,partner/1;color=#7C7CE1;display-name=Nightbot;emotes=;flags=;id=3a4b2dc4-3a69-41dd-ace4-c50a47b4b828;mod=1;room-id=38479494;subscriber=0;tmi-sent-ts=1565964290408;turbo=0;user-id=19264788;user-type=mod :nightbot!nightbot@nightbot.tmi.twitch.tv PRIVMSG #jean__ :Successfully modified entry #19
8/16/2019 11:04:56 AM: jean__ - Received: @badge-info=;badges=broadcaster/1,bits-charity/1;color=#5F9EA0;display-name=Jean__;emote-sets=0,412472,300319631;mod=0;subscriber=0;user-type= :tmi.twitch.tv USERSTATE #jean__
8/16/2019 11:04:57 AM: jean__ - Received: @badge-info=;badges=moderator/1,partner/1;color=#7C7CE1;display-name=Nightbot;emotes=;flags=;id=0a48e53e-6dc2-4afc-965d-ae76dba27ab4;mod=1;room-id=38479494;subscriber=0;tmi-sent-ts=1565964296522;turbo=0;user-id=19264788;user-type=mod :nightbot!nightbot@nightbot.tmi.twitch.tv PRIVMSG #jean__ :Successfully modified entry #20
8/16/2019 11:05:02 AM: jean__ - Received: @badge-info=;badges=broadcaster/1,bits-charity/1;color=#5F9EA0;display-name=Jean__;emote-sets=0,412472,300319631;mod=0;subscriber=0;user-type= :tmi.twitch.tv USERSTATE #jean__
8/16/2019 11:05:03 AM: jean__ - Received: @badge-info=;badges=moderator/1,partner/1;color=#7C7CE1;display-name=Nightbot;emotes=;flags=;id=a91f60b6-0b21-49d8-ba1b-7558461f4e10;mod=1;room-id=38479494;subscriber=0;tmi-sent-ts=1565964302523;turbo=0;user-id=19264788;user-type=mod :nightbot!nightbot@nightbot.tmi.twitch.tv PRIVMSG #jean__ :Successfully modified entry #21
8/16/2019 11:05:08 AM: jean__ - Received: @badge-info=;badges=broadcaster/1,bits-charity/1;color=#5F9EA0;display-name=Jean__;emote-sets=0,412472,300319631;mod=0;subscriber=0;user-type= :tmi.twitch.tv USERSTATE #jean__
8/16/2019 11:05:09 AM: jean__ - Received: @badge-info=;badges=moderator/1,partner/1;color=#7C7CE1;display-name=Nightbot;emotes=;flags=;id=adb40518-ba33-44db-87c6-3aa7f36ed29e;mod=1;room-id=38479494;subscriber=0;tmi-sent-ts=1565964308526;turbo=0;user-id=19264788;user-type=mod :nightbot!nightbot@nightbot.tmi.twitch.tv PRIVMSG #jean__ :Successfully modified entry #22
8/16/2019 11:05:14 AM: jean__ - Received: @badge-info=;badges=broadcaster/1,bits-charity/1;color=#5F9EA0;display-name=Jean__;emote-sets=0,412472,300319631;mod=0;subscriber=0;user-type= :tmi.twitch.tv USERSTATE #jean__
8/16/2019 11:05:15 AM: jean__ - Received: @badge-info=;badges=moderator/1,partner/1;color=#7C7CE1;display-name=Nightbot;emotes=;flags=;id=80536e69-4487-46d4-871d-41019da889ec;mod=1;room-id=38479494;subscriber=0;tmi-sent-ts=1565964314437;turbo=0;user-id=19264788;user-type=mod :nightbot!nightbot@nightbot.tmi.twitch.tv PRIVMSG #jean__ :Successfully modified entry #23
8/16/2019 11:05:20 AM: jean__ - Received: @badge-info=;badges=broadcaster/1,bits-charity/1;color=#5F9EA0;display-name=Jean__;emote-sets=0,412472,300319631;mod=0;subscriber=0;user-type= :tmi.twitch.tv USERSTATE #jean__
8/16/2019 11:05:21 AM: jean__ - Received: @badge-info=;badges=moderator/1,partner/1;color=#7C7CE1;display-name=Nightbot;emotes=;flags=;id=5452acd3-61e5-4e4a-afb4-87b00e7b867a;mod=1;room-id=38479494;subscriber=0;tmi-sent-ts=1565964320640;turbo=0;user-id=19264788;user-type=mod :nightbot!nightbot@nightbot.tmi.twitch.tv PRIVMSG #jean__ :Successfully modified entry #24
8/16/2019 11:05:27 AM: jean__ - Received: @badge-info=;badges=broadcaster/1,bits-charity/1;color=#5F9EA0;display-name=Jean__;emote-sets=0,412472,300319631;mod=0;subscriber=0;user-type= :tmi.twitch.tv USERSTATE #jean__
8/16/2019 11:05:27 AM: jean__ - Received: @badge-info=;badges=moderator/1,partner/1;color=#7C7CE1;display-name=Nightbot;emotes=;flags=;id=51115880-9385-49a2-aac1-480a989bd5a3;mod=1;room-id=38479494;subscriber=0;tmi-sent-ts=1565964326546;turbo=0;user-id=19264788;user-type=mod :nightbot!nightbot@nightbot.tmi.twitch.tv PRIVMSG #jean__ :Successfully modified entry #25
8/16/2019 11:05:32 AM: jean__ - Received: @badge-info=;badges=broadcaster/1,bits-charity/1;color=#5F9EA0;display-name=Jean__;emote-sets=0,412472,300319631;mod=0;subscriber=0;user-type= :tmi.twitch.tv USERSTATE #jean__
8/16/2019 11:05:33 AM: jean__ - Received: @badge-info=;badges=moderator/1,partner/1;color=#7C7CE1;display-name=Nightbot;emotes=;flags=;id=475a9d64-8bba-4959-b659-e0e25ac81281;mod=1;room-id=38479494;subscriber=0;tmi-sent-ts=1565964332395;turbo=0;user-id=19264788;user-type=mod :nightbot!nightbot@nightbot.tmi.twitch.tv PRIVMSG #jean__ :Successfully modified entry #26
8/16/2019 11:05:38 AM: jean__ - Received: @badge-info=;badges=broadcaster/1,bits-charity/1;color=#5F9EA0;display-name=Jean__;emote-sets=0,412472,300319631;mod=0;subscriber=0;user-type= :tmi.twitch.tv USERSTATE #jean__
8/16/2019 11:05:44 AM: jean__ - Received: @badge-info=;badges=broadcaster/1,bits-charity/1;color=#5F9EA0;display-name=Jean__;emote-sets=0,412472,300319631;mod=0;subscriber=0;user-type= :tmi.twitch.tv USERSTATE #jean__
8/16/2019 11:05:49 AM: jean__ - Received: @badge-info=;badges=moderator/1,partner/1;color=#7C7CE1;display-name=Nightbot;emotes=;flags=;id=ceeec5af-1889-4dfd-9afa-4a183cc7afd6;mod=1;room-id=38479494;subscriber=0;tmi-sent-ts=1565964347408;turbo=0;user-id=19264788;user-type=mod :nightbot!nightbot@nightbot.tmi.twitch.tv PRIVMSG #jean__ :Error Connecting To Remote Server
8/16/2019 11:05:49 AM: jean__ - Received: @badge-info=;badges=moderator/1,partner/1;color=#7C7CE1;display-name=Nightbot;emotes=;flags=;id=86f7cb6d-ec32-4c0e-bdc1-a999b85786de;mod=1;room-id=38479494;subscriber=0;tmi-sent-ts=1565964348107;turbo=0;user-id=19264788;user-type=mod :nightbot!nightbot@nightbot.tmi.twitch.tv PRIVMSG #jean__ :Successfully modified entry #28
8/16/2019 11:05:50 AM: jean__ - Received: @badge-info=;badges=broadcaster/1,bits-charity/1;color=#5F9EA0;display-name=Jean__;emote-sets=0,412472,300319631;mod=0;subscriber=0;user-type= :tmi.twitch.tv USERSTATE #jean__
8/16/2019 11:05:51 AM: jean__ - Received: @badge-info=;badges=moderator/1,partner/1;color=#7C7CE1;display-name=Nightbot;emotes=;flags=;id=d1d4af33-bdd7-45e3-9f46-932634adb2cb;mod=1;room-id=38479494;subscriber=0;tmi-sent-ts=1565964350411;turbo=0;user-id=19264788;user-type=mod :nightbot!nightbot@nightbot.tmi.twitch.tv PRIVMSG #jean__ :Successfully modified entry #29
8/16/2019 11:05:56 AM: jean__ - Received: @badge-info=;badges=broadcaster/1,bits-charity/1;color=#5F9EA0;display-name=Jean__;emote-sets=0,412472,300319631;mod=0;subscriber=0;user-type= :tmi.twitch.tv USERSTATE #jean__
8/16/2019 11:05:57 AM: jean__ - Received: @badge-info=;badges=moderator/1,partner/1;color=#7C7CE1;display-name=Nightbot;emotes=;flags=;id=137dd535-fd69-47ac-8d65-ae0168f3849e;mod=1;room-id=38479494;subscriber=0;tmi-sent-ts=1565964356511;turbo=0;user-id=19264788;user-type=mod :nightbot!nightbot@nightbot.tmi.twitch.tv PRIVMSG #jean__ :Successfully modified entry #30
8/16/2019 11:06:02 AM: jean__ - Received: @badge-info=;badges=broadcaster/1,bits-charity/1;color=#5F9EA0;display-name=Jean__;emote-sets=0,412472,300319631;mod=0;subscriber=0;user-type= :tmi.twitch.tv USERSTATE #jean__
8/16/2019 11:06:03 AM: jean__ - Received: @badge-info=;badges=moderator/1,partner/1;color=#7C7CE1;display-name=Nightbot;emotes=;flags=;id=c36fb87f-0e4a-4167-b4ee-3e0de7abff79;mod=1;room-id=38479494;subscriber=0;tmi-sent-ts=1565964362529;turbo=0;user-id=19264788;user-type=mod :nightbot!nightbot@nightbot.tmi.twitch.tv PRIVMSG #jean__ :Successfully modified entry #31
8/16/2019 11:06:08 AM: jean__ - Received: @badge-info=;badges=broadcaster/1,bits-charity/1;color=#5F9EA0;display-name=Jean__;emote-sets=0,412472,300319631;mod=0;subscriber=0;user-type= :tmi.twitch.tv USERSTATE #jean__
8/16/2019 11:06:09 AM: jean__ - Received: @badge-info=;badges=moderator/1,partner/1;color=#7C7CE1;display-name=Nightbot;emotes=;flags=;id=156160be-0296-406e-9622-f308dc84178e;mod=1;room-id=38479494;subscriber=0;tmi-sent-ts=1565964368840;turbo=0;user-id=19264788;user-type=mod :nightbot!nightbot@nightbot.tmi.twitch.tv PRIVMSG #jean__ :Successfully modified entry #32
8/16/2019 11:06:14 AM: jean__ - Received: @badge-info=;badges=broadcaster/1,bits-charity/1;color=#5F9EA0;display-name=Jean__;emote-sets=0,412472,300319631;mod=0;subscriber=0;user-type= :tmi.twitch.tv USERSTATE #jean__
8/16/2019 11:06:15 AM: jean__ - Received: @badge-info=;badges=moderator/1,partner/1;color=#7C7CE1;display-name=Nightbot;emotes=;flags=;id=686d52af-d57d-42ac-afa8-047f4e313cf6;mod=1;room-id=38479494;subscriber=0;tmi-sent-ts=1565964374648;turbo=0;user-id=19264788;user-type=mod :nightbot!nightbot@nightbot.tmi.twitch.tv PRIVMSG #jean__ :Successfully modified entry #33
8/16/2019 11:06:20 AM: jean__ - Received: @badge-info=;badges=broadcaster/1,bits-charity/1;color=#5F9EA0;display-name=Jean__;emote-sets=0,412472,300319631;mod=0;subscriber=0;user-type= :tmi.twitch.tv USERSTATE #jean__
8/16/2019 11:06:24 AM: jean__ - Received: @badge-info=;badges=moderator/1,partner/1;color=#7C7CE1;display-name=Nightbot;emotes=;flags=;id=7a2ba96e-ae6f-41e4-9992-34e6a2914bb7;mod=1;room-id=38479494;subscriber=0;tmi-sent-ts=1565964383747;turbo=0;user-id=19264788;user-type=mod :nightbot!nightbot@nightbot.tmi.twitch.tv PRIVMSG #jean__ :Successfully modified entry #34
8/16/2019 11:06:26 AM: jean__ - Received: @badge-info=;badges=broadcaster/1,bits-charity/1;color=#5F9EA0;display-name=Jean__;emote-sets=0,412472,300319631;mod=0;subscriber=0;user-type= :tmi.twitch.tv USERSTATE #jean__
8/16/2019 11:06:27 AM: jean__ - Received: @badge-info=;badges=moderator/1,partner/1;color=#7C7CE1;display-name=Nightbot;emotes=;flags=;id=42d73725-3bef-430f-8979-10ea0d3f265c;mod=1;room-id=38479494;subscriber=0;tmi-sent-ts=1565964386651;turbo=0;user-id=19264788;user-type=mod :nightbot!nightbot@nightbot.tmi.twitch.tv PRIVMSG #jean__ :Successfully modified entry #35
8/16/2019 11:06:32 AM: jean__ - Received: @badge-info=;badges=broadcaster/1,bits-charity/1;color=#5F9EA0;display-name=Jean__;emote-sets=0,412472,300319631;mod=0;subscriber=0;user-type= :tmi.twitch.tv USERSTATE #jean__
8/16/2019 11:06:33 AM: jean__ - Received: @badge-info=;badges=moderator/1,partner/1;color=#7C7CE1;display-name=Nightbot;emotes=;flags=;id=fe93695f-7a81-4472-865c-75e11f8e7bb0;mod=1;room-id=38479494;subscriber=0;tmi-sent-ts=1565964392653;turbo=0;user-id=19264788;user-type=mod :nightbot!nightbot@nightbot.tmi.twitch.tv PRIVMSG #jean__ :Successfully modified entry #36
8/16/2019 11:06:38 AM: jean__ - Received: @badge-info=;badges=broadcaster/1,bits-charity/1;color=#5F9EA0;display-name=Jean__;emote-sets=0,412472,300319631;mod=0;subscriber=0;user-type= :tmi.twitch.tv USERSTATE #jean__
8/16/2019 11:06:39 AM: jean__ - Received: @badge-info=;badges=moderator/1,partner/1;color=#7C7CE1;display-name=Nightbot;emotes=;flags=;id=533daad6-e896-47f6-b6ad-17b3912d51ea;mod=1;room-id=38479494;subscriber=0;tmi-sent-ts=1565964398560;turbo=0;user-id=19264788;user-type=mod :nightbot!nightbot@nightbot.tmi.twitch.tv PRIVMSG #jean__ :Successfully modified entry #37
8/16/2019 11:06:44 AM: jean__ - Received: @badge-info=;badges=broadcaster/1,bits-charity/1;color=#5F9EA0;display-name=Jean__;emote-sets=0,412472,300319631;mod=0;subscriber=0;user-type= :tmi.twitch.tv USERSTATE #jean__
8/16/2019 11:06:45 AM: jean__ - Received: @badge-info=;badges=moderator/1,partner/1;color=#7C7CE1;display-name=Nightbot;emotes=;flags=;id=f2de1434-0fa2-4c9f-acec-5f0007dd2dde;mod=1;room-id=38479494;subscriber=0;tmi-sent-ts=1565964404565;turbo=0;user-id=19264788;user-type=mod :nightbot!nightbot@nightbot.tmi.twitch.tv PRIVMSG #jean__ :Successfully modified entry #38
8/16/2019 11:06:50 AM: jean__ - Received: @badge-info=;badges=broadcaster/1,bits-charity/1;color=#5F9EA0;display-name=Jean__;emote-sets=0,412472,300319631;mod=0;subscriber=0;user-type= :tmi.twitch.tv USERSTATE #jean__
8/16/2019 11:06:51 AM: jean__ - Received: @badge-info=;badges=moderator/1,partner/1;color=#7C7CE1;display-name=Nightbot;emotes=;flags=;id=f0889c69-a408-4433-9ebb-5c3617501291;mod=1;room-id=38479494;subscriber=0;tmi-sent-ts=1565964410568;turbo=0;user-id=19264788;user-type=mod :nightbot!nightbot@nightbot.tmi.twitch.tv PRIVMSG #jean__ :Successfully modified entry #39
8/16/2019 11:06:56 AM: jean__ - Received: @badge-info=;badges=broadcaster/1,bits-charity/1;color=#5F9EA0;display-name=Jean__;emote-sets=0,412472,300319631;mod=0;subscriber=0;user-type= :tmi.twitch.tv USERSTATE #jean__
8/16/2019 11:06:57 AM: jean__ - Received: @badge-info=;badges=moderator/1,partner/1;color=#7C7CE1;display-name=Nightbot;emotes=;flags=;id=fee8f9ab-e343-4019-8dba-7596d7f42854;mod=1;room-id=38479494;subscriber=0;tmi-sent-ts=1565964416579;turbo=0;user-id=19264788;user-type=mod :nightbot!nightbot@nightbot.tmi.twitch.tv PRIVMSG #jean__ :Successfully modified entry #40
8/16/2019 11:07:02 AM: jean__ - Received: @badge-info=;badges=broadcaster/1,bits-charity/1;color=#5F9EA0;display-name=Jean__;emote-sets=0,412472,300319631;mod=0;subscriber=0;user-type= :tmi.twitch.tv USERSTATE #jean__
8/16/2019 11:07:03 AM: jean__ - Received: @badge-info=;badges=moderator/1,partner/1;color=#7C7CE1;display-name=Nightbot;emotes=;flags=;id=2b8e70de-8507-4547-9b0d-f494b4154dbb;mod=1;room-id=38479494;subscriber=0;tmi-sent-ts=1565964422392;turbo=0;user-id=19264788;user-type=mod :nightbot!nightbot@nightbot.tmi.twitch.tv PRIVMSG #jean__ :Successfully modified entry #41
8/16/2019 11:07:08 AM: jean__ - Received: @badge-info=;badges=broadcaster/1,bits-charity/1;color=#5F9EA0;display-name=Jean__;emote-sets=0,412472,300319631;mod=0;subscriber=0;user-type= :tmi.twitch.tv USERSTATE #jean__
8/16/2019 11:07:09 AM: jean__ - Received: @badge-info=;badges=moderator/1,partner/1;color=#7C7CE1;display-name=Nightbot;emotes=;flags=;id=6d3df558-fbde-44b1-b216-844ba0eab0d8;mod=1;room-id=38479494;subscriber=0;tmi-sent-ts=1565964428597;turbo=0;user-id=19264788;user-type=mod :nightbot!nightbot@nightbot.tmi.twitch.tv PRIVMSG #jean__ :Successfully modified entry #42
8/16/2019 11:07:14 AM: jean__ - Received: @badge-info=;badges=broadcaster/1,bits-charity/1;color=#5F9EA0;display-name=Jean__;emote-sets=0,412472,300319631;mod=0;subscriber=0;user-type= :tmi.twitch.tv USERSTATE #jean__
8/16/2019 11:07:15 AM: jean__ - Received: @badge-info=;badges=moderator/1,partner/1;color=#7C7CE1;display-name=Nightbot;emotes=;flags=;id=6a6f6584-9985-4e65-83a2-3b3f32be333c;mod=1;room-id=38479494;subscriber=0;tmi-sent-ts=1565964434653;turbo=0;user-id=19264788;user-type=mod :nightbot!nightbot@nightbot.tmi.twitch.tv PRIVMSG #jean__ :Successfully modified entry #43
8/16/2019 11:07:20 AM: jean__ - Received: @badge-info=;badges=broadcaster/1,bits-charity/1;color=#5F9EA0;display-name=Jean__;emote-sets=0,412472,300319631;mod=0;subscriber=0;user-type= :tmi.twitch.tv USERSTATE #jean__
8/16/2019 11:07:21 AM: jean__ - Received: @badge-info=;badges=moderator/1,partner/1;color=#7C7CE1;display-name=Nightbot;emotes=;flags=;id=5a2735f9-64f0-4dcf-b544-6c8d5cb91e67;mod=1;room-id=38479494;subscriber=0;tmi-sent-ts=1565964440670;turbo=0;user-id=19264788;user-type=mod :nightbot!nightbot@nightbot.tmi.twitch.tv PRIVMSG #jean__ :Successfully modified entry #44
8/16/2019 11:07:26 AM: jean__ - Received: @badge-info=;badges=broadcaster/1,bits-charity/1;color=#5F9EA0;display-name=Jean__;emote-sets=0,412472,300319631;mod=0;subscriber=0;user-type= :tmi.twitch.tv USERSTATE #jean__
8/16/2019 11:07:27 AM: jean__ - Received: @badge-info=;badges=moderator/1,partner/1;color=#7C7CE1;display-name=Nightbot;emotes=;flags=;id=f95a41d9-e5ca-492f-807e-d43713c21053;mod=1;room-id=38479494;subscriber=0;tmi-sent-ts=1565964446657;turbo=0;user-id=19264788;user-type=mod :nightbot!nightbot@nightbot.tmi.twitch.tv PRIVMSG #jean__ :Successfully modified entry #45
8/16/2019 11:07:32 AM: jean__ - Received: @badge-info=;badges=broadcaster/1,bits-charity/1;color=#5F9EA0;display-name=Jean__;emote-sets=0,412472,300319631;mod=0;subscriber=0;user-type= :tmi.twitch.tv USERSTATE #jean__
8/16/2019 11:07:33 AM: jean__ - Received: @badge-info=;badges=moderator/1,partner/1;color=#7C7CE1;display-name=Nightbot;emotes=;flags=;id=b1a5aa96-374a-45b7-baae-8ddd4153d2da;mod=1;room-id=38479494;subscriber=0;tmi-sent-ts=1565964452516;turbo=0;user-id=19264788;user-type=mod :nightbot!nightbot@nightbot.tmi.twitch.tv PRIVMSG #jean__ :Successfully modified entry #46
8/16/2019 11:07:38 AM: jean__ - Received: @badge-info=;badges=broadcaster/1,bits-charity/1;color=#5F9EA0;display-name=Jean__;emote-sets=0,412472,300319631;mod=0;subscriber=0;user-type= :tmi.twitch.tv USERSTATE #jean__
8/16/2019 11:07:39 AM: jean__ - Received: @badge-info=;badges=moderator/1,partner/1;color=#7C7CE1;display-name=Nightbot;emotes=;flags=;id=107f9ab0-5cbc-404e-ac0f-b63b9d1d905d;mod=1;room-id=38479494;subscriber=0;tmi-sent-ts=1565964458621;turbo=0;user-id=19264788;user-type=mod :nightbot!nightbot@nightbot.tmi.twitch.tv PRIVMSG #jean__ :Successfully modified entry #47
8/16/2019 11:07:42 AM: jean__ - Received: PING :tmi.twitch.tv
8/16/2019 11:07:42 AM: jean__ - Writing: PONG
8/16/2019 11:07:44 AM: jean__ - Received: @badge-info=;badges=broadcaster/1,bits-charity/1;color=#5F9EA0;display-name=Jean__;emote-sets=0,412472,300319631;mod=0;subscriber=0;user-type= :tmi.twitch.tv USERSTATE #jean__
8/16/2019 11:07:46 AM: jean__ - Received: @badge-info=;badges=moderator/1,partner/1;color=#7C7CE1;display-name=Nightbot;emotes=;flags=;id=759d468e-868a-4a04-9ae2-793453686397;mod=1;room-id=38479494;subscriber=0;tmi-sent-ts=1565964464552;turbo=0;user-id=19264788;user-type=mod :nightbot!nightbot@nightbot.tmi.twitch.tv PRIVMSG #jean__ :Successfully modified entry #48
8/16/2019 11:07:50 AM: jean__ - Received: @badge-info=;badges=broadcaster/1,bits-charity/1;color=#5F9EA0;display-name=Jean__;emote-sets=0,412472,300319631;mod=0;subscriber=0;user-type= :tmi.twitch.tv USERSTATE #jean__
8/16/2019 11:07:51 AM: jean__ - Received: @badge-info=;badges=moderator/1,partner/1;color=#7C7CE1;display-name=Nightbot;emotes=;flags=;id=e166e4d7-95dc-456b-ba68-67ee7a69ed24;mod=1;room-id=38479494;subscriber=0;tmi-sent-ts=1565964470661;turbo=0;user-id=19264788;user-type=mod :nightbot!nightbot@nightbot.tmi.twitch.tv PRIVMSG #jean__ :Successfully modified entry #49
8/16/2019 11:07:56 AM: jean__ - Received: @badge-info=;badges=broadcaster/1,bits-charity/1;color=#5F9EA0;display-name=Jean__;emote-sets=0,412472,300319631;mod=0;subscriber=0;user-type= :tmi.twitch.tv USERSTATE #jean__
8/16/2019 11:07:57 AM: jean__ - Received: @badge-info=;badges=moderator/1,partner/1;color=#7C7CE1;display-name=Nightbot;emotes=;flags=;id=500ea778-a7fe-447e-957d-cea175545856;mod=1;room-id=38479494;subscriber=0;tmi-sent-ts=1565964476556;turbo=0;user-id=19264788;user-type=mod :nightbot!nightbot@nightbot.tmi.twitch.tv PRIVMSG #jean__ :Successfully modified entry #50
8/16/2019 11:08:02 AM: jean__ - Received: @badge-info=;badges=broadcaster/1,bits-charity/1;color=#5F9EA0;display-name=Jean__;emote-sets=0,412472,300319631;mod=0;subscriber=0;user-type= :tmi.twitch.tv USERSTATE #jean__
8/16/2019 11:08:03 AM: jean__ - Received: @badge-info=;badges=moderator/1,partner/1;color=#7C7CE1;display-name=Nightbot;emotes=;flags=;id=ebbb0761-e71a-4df6-a430-2f8f36d0ae0e;mod=1;room-id=38479494;subscriber=0;tmi-sent-ts=1565964482659;turbo=0;user-id=19264788;user-type=mod :nightbot!nightbot@nightbot.tmi.twitch.tv PRIVMSG #jean__ :Successfully modified entry #51
8/16/2019 11:08:08 AM: jean__ - Received: @badge-info=;badges=broadcaster/1,bits-charity/1;color=#5F9EA0;display-name=Jean__;emote-sets=0,412472,300319631;mod=0;subscriber=0;user-type= :tmi.twitch.tv USERSTATE #jean__
8/16/2019 11:08:09 AM: jean__ - Received: @badge-info=;badges=moderator/1,partner/1;color=#7C7CE1;display-name=Nightbot;emotes=;flags=;id=aeb3595d-f429-4a81-9de5-9b5414580e5b;mod=1;room-id=38479494;subscriber=0;tmi-sent-ts=1565964488564;turbo=0;user-id=19264788;user-type=mod :nightbot!nightbot@nightbot.tmi.twitch.tv PRIVMSG #jean__ :Successfully modified entry #52
8/16/2019 11:08:14 AM: jean__ - Received: @badge-info=;badges=broadcaster/1,bits-charity/1;color=#5F9EA0;display-name=Jean__;emote-sets=0,412472,300319631;mod=0;subscriber=0;user-type= :tmi.twitch.tv USERSTATE #jean__
8/16/2019 11:08:15 AM: jean__ - Received: @badge-info=;badges=moderator/1,partner/1;color=#7C7CE1;display-name=Nightbot;emotes=;flags=;id=31ddc6d6-76ce-4417-a50f-34913600061f;mod=1;room-id=38479494;subscriber=0;tmi-sent-ts=1565964494668;turbo=0;user-id=19264788;user-type=mod :nightbot!nightbot@nightbot.tmi.twitch.tv PRIVMSG #jean__ :Successfully modified entry #53
8/16/2019 11:08:20 AM: jean__ - Received: @badge-info=;badges=broadcaster/1,bits-charity/1;color=#5F9EA0;display-name=Jean__;emote-sets=0,412472,300319631;mod=0;subscriber=0;user-type= :tmi.twitch.tv USERSTATE #jean__
8/16/2019 11:08:21 AM: jean__ - Received: @badge-info=;badges=moderator/1,partner/1;color=#7C7CE1;display-name=Nightbot;emotes=;flags=;id=ce606584-9329-4027-b4f1-a4c365f9f35f;mod=1;room-id=38479494;subscriber=0;tmi-sent-ts=1565964500573;turbo=0;user-id=19264788;user-type=mod :nightbot!nightbot@nightbot.tmi.twitch.tv PRIVMSG #jean__ :Successfully modified entry #54
8/16/2019 11:08:26 AM: jean__ - Received: @badge-info=;badges=broadcaster/1,bits-charity/1;color=#5F9EA0;display-name=Jean__;emote-sets=0,412472,300319631;mod=0;subscriber=0;user-type= :tmi.twitch.tv USERSTATE #jean__
8/16/2019 11:08:27 AM: jean__ - Received: @badge-info=;badges=moderator/1,partner/1;color=#7C7CE1;display-name=Nightbot;emotes=;flags=;id=3ddcb15e-565b-42c0-b9fc-01fe6bcb3255;mod=1;room-id=38479494;subscriber=0;tmi-sent-ts=1565964506685;turbo=0;user-id=19264788;user-type=mod :nightbot!nightbot@nightbot.tmi.twitch.tv PRIVMSG #jean__ :Successfully modified entry #55
8/16/2019 11:08:32 AM: jean__ - Received: @badge-info=;badges=broadcaster/1,bits-charity/1;color=#5F9EA0;display-name=Jean__;emote-sets=0,412472,300319631;mod=0;subscriber=0;user-type= :tmi.twitch.tv USERSTATE #jean__
8/16/2019 11:08:33 AM: jean__ - Received: @badge-info=;badges=moderator/1,partner/1;color=#7C7CE1;display-name=Nightbot;emotes=;flags=;id=0eb67fe9-c490-4e3b-8712-8c9c5638bb0c;mod=1;room-id=38479494;subscriber=0;tmi-sent-ts=1565964512679;turbo=0;user-id=19264788;user-type=mod :nightbot!nightbot@nightbot.tmi.twitch.tv PRIVMSG #jean__ :Successfully modified entry #56
8/16/2019 11:08:38 AM: jean__ - Received: @badge-info=;badges=broadcaster/1,bits-charity/1;color=#5F9EA0;display-name=Jean__;emote-sets=0,412472,300319631;mod=0;subscriber=0;user-type= :tmi.twitch.tv USERSTATE #jean__
8/16/2019 11:08:39 AM: jean__ - Received: @badge-info=;badges=moderator/1,partner/1;color=#7C7CE1;display-name=Nightbot;emotes=;flags=;id=5da5e3cd-df4c-45af-a8db-619e68f997bd;mod=1;room-id=38479494;subscriber=0;tmi-sent-ts=1565964518681;turbo=0;user-id=19264788;user-type=mod :nightbot!nightbot@nightbot.tmi.twitch.tv PRIVMSG #jean__ :Successfully modified entry #57
8/16/2019 11:08:44 AM: jean__ - Received: @badge-info=;badges=broadcaster/1,bits-charity/1;color=#5F9EA0;display-name=Jean__;emote-sets=0,412472,300319631;mod=0;subscriber=0;user-type= :tmi.twitch.tv USERSTATE #jean__
8/16/2019 11:08:45 AM: jean__ - Received: @badge-info=;badges=moderator/1,partner/1;color=#7C7CE1;display-name=Nightbot;emotes=;flags=;id=8bd63f8e-c7cd-4ef3-ad9b-ec2d7911ea34;mod=1;room-id=38479494;subscriber=0;tmi-sent-ts=1565964524707;turbo=0;user-id=19264788;user-type=mod :nightbot!nightbot@nightbot.tmi.twitch.tv PRIVMSG #jean__ :Successfully modified entry #58
8/16/2019 11:08:50 AM: jean__ - Received: @badge-info=;badges=broadcaster/1,bits-charity/1;color=#5F9EA0;display-name=Jean__;emote-sets=0,412472,300319631;mod=0;subscriber=0;user-type= :tmi.twitch.tv USERSTATE #jean__
8/16/2019 11:08:51 AM: jean__ - Received: @badge-info=;badges=moderator/1,partner/1;color=#7C7CE1;display-name=Nightbot;emotes=;flags=;id=bb72da8c-86ab-4278-ba5e-a630ee7839e4;mod=1;room-id=38479494;subscriber=0;tmi-sent-ts=1565964530507;turbo=0;user-id=19264788;user-type=mod :nightbot!nightbot@nightbot.tmi.twitch.tv PRIVMSG #jean__ :Successfully modified entry #59
8/16/2019 11:08:57 AM: jean__ - Received: @badge-info=;badges=broadcaster/1,bits-charity/1;color=#5F9EA0;display-name=Jean__;emote-sets=0,412472,300319631;mod=0;subscriber=0;user-type= :tmi.twitch.tv USERSTATE #jean__
8/16/2019 11:08:57 AM: jean__ - Received: @badge-info=;badges=moderator/1,partner/1;color=#7C7CE1;display-name=Nightbot;emotes=;flags=;id=6ee36f9f-6190-4624-bf03-021005a30633;mod=1;room-id=38479494;subscriber=0;tmi-sent-ts=1565964536711;turbo=0;user-id=19264788;user-type=mod :nightbot!nightbot@nightbot.tmi.twitch.tv PRIVMSG #jean__ :Successfully modified entry #60
8/16/2019 11:09:02 AM: jean__ - Received: @badge-info=;badges=broadcaster/1,bits-charity/1;color=#5F9EA0;display-name=Jean__;emote-sets=0,412472,300319631;mod=0;subscriber=0;user-type= :tmi.twitch.tv USERSTATE #jean__
8/16/2019 11:09:03 AM: jean__ - Received: @badge-info=;badges=moderator/1,partner/1;color=#7C7CE1;display-name=Nightbot;emotes=;flags=;id=5b0e63b1-5d1b-4714-93ae-3fa3ce6623e4;mod=1;room-id=38479494;subscriber=0;tmi-sent-ts=1565964542698;turbo=0;user-id=19264788;user-type=mod :nightbot!nightbot@nightbot.tmi.twitch.tv PRIVMSG #jean__ :Successfully modified entry #61
8/16/2019 11:09:08 AM: jean__ - Received: @badge-info=;badges=broadcaster/1,bits-charity/1;color=#5F9EA0;display-name=Jean__;emote-sets=0,412472,300319631;mod=0;subscriber=0;user-type= :tmi.twitch.tv USERSTATE #jean__
8/16/2019 11:09:09 AM: jean__ - Received: @badge-info=;badges=moderator/1,partner/1;color=#7C7CE1;display-name=Nightbot;emotes=;flags=;id=bd2a09bb-f6d3-4980-9c2c-2e8a27418183;mod=1;room-id=38479494;subscriber=0;tmi-sent-ts=1565964548504;turbo=0;user-id=19264788;user-type=mod :nightbot!nightbot@nightbot.tmi.twitch.tv PRIVMSG #jean__ :Successfully modified entry #62
8/16/2019 11:09:14 AM: jean__ - Received: @badge-info=;badges=broadcaster/1,bits-charity/1;color=#5F9EA0;display-name=Jean__;emote-sets=0,412472,300319631;mod=0;subscriber=0;user-type= :tmi.twitch.tv USERSTATE #jean__
8/16/2019 11:09:16 AM: jean__ - Received: @badge-info=;badges=moderator/1,partner/1;color=#7C7CE1;display-name=Nightbot;emotes=;flags=;id=32bc53da-100d-4b13-989b-5a56f777f69a;mod=1;room-id=38479494;subscriber=0;tmi-sent-ts=1565964554754;turbo=0;user-id=19264788;user-type=mod :nightbot!nightbot@nightbot.tmi.twitch.tv PRIVMSG #jean__ :Successfully modified entry #63
8/16/2019 11:09:20 AM: jean__ - Received: @badge-info=;badges=broadcaster/1,bits-charity/1;color=#5F9EA0;display-name=Jean__;emote-sets=0,412472,300319631;mod=0;subscriber=0;user-type= :tmi.twitch.tv USERSTATE #jean__
8/16/2019 11:09:21 AM: jean__ - Received: @badge-info=;badges=moderator/1,partner/1;color=#7C7CE1;display-name=Nightbot;emotes=;flags=;id=6afb3c5c-0b3b-424f-8d55-f2dc6d4aa8ca;mod=1;room-id=38479494;subscriber=0;tmi-sent-ts=1565964560756;turbo=0;user-id=19264788;user-type=mod :nightbot!nightbot@nightbot.tmi.twitch.tv PRIVMSG #jean__ :Successfully modified entry #64
8/16/2019 11:09:26 AM: jean__ - Received: @badge-info=;badges=broadcaster/1,bits-charity/1;color=#5F9EA0;display-name=Jean__;emote-sets=0,412472,300319631;mod=0;subscriber=0;user-type= :tmi.twitch.tv USERSTATE #jean__
8/16/2019 11:09:27 AM: jean__ - Received: @badge-info=;badges=moderator/1,partner/1;color=#7C7CE1;display-name=Nightbot;emotes=;flags=;id=f3885a8a-8390-489b-b86a-5e638b8d6c2b;mod=1;room-id=38479494;subscriber=0;tmi-sent-ts=1565964566658;turbo=0;user-id=19264788;user-type=mod :nightbot!nightbot@nightbot.tmi.twitch.tv PRIVMSG #jean__ :Successfully modified entry #65
8/16/2019 11:09:33 AM: jean__ - Received: @badge-info=;badges=broadcaster/1,bits-charity/1;color=#5F9EA0;display-name=Jean__;emote-sets=0,412472,300319631;mod=0;subscriber=0;user-type= :tmi.twitch.tv USERSTATE #jean__
8/16/2019 11:09:33 AM: jean__ - Received: @badge-info=;badges=moderator/1,partner/1;color=#7C7CE1;display-name=Nightbot;emotes=;flags=;id=0af4dc80-af23-42b9-ba43-c6398263023f;mod=1;room-id=38479494;subscriber=0;tmi-sent-ts=1565964572668;turbo=0;user-id=19264788;user-type=mod :nightbot!nightbot@nightbot.tmi.twitch.tv PRIVMSG #jean__ :Successfully modified entry #66
8/16/2019 11:09:38 AM: jean__ - Received: @badge-info=;badges=broadcaster/1,bits-charity/1;color=#5F9EA0;display-name=Jean__;emote-sets=0,412472,300319631;mod=0;subscriber=0;user-type= :tmi.twitch.tv USERSTATE #jean__
8/16/2019 11:09:39 AM: jean__ - Received: @badge-info=;badges=moderator/1,partner/1;color=#7C7CE1;display-name=Nightbot;emotes=;flags=;id=f7c95589-9d4f-4949-a5b3-2c5ad4c41337;mod=1;room-id=38479494;subscriber=0;tmi-sent-ts=1565964578668;turbo=0;user-id=19264788;user-type=mod :nightbot!nightbot@nightbot.tmi.twitch.tv PRIVMSG #jean__ :Successfully modified entry #67
8/16/2019 11:09:45 AM: jean__ - Received: @badge-info=;badges=broadcaster/1,bits-charity/1;color=#5F9EA0;display-name=Jean__;emote-sets=0,412472,300319631;mod=0;subscriber=0;user-type= :tmi.twitch.tv USERSTATE #jean__
8/16/2019 11:09:45 AM: jean__ - Received: @badge-info=;badges=moderator/1,partner/1;color=#7C7CE1;display-name=Nightbot;emotes=;flags=;id=b6c9c3db-7cba-48b6-a64a-2680108e4a2c;mod=1;room-id=38479494;subscriber=0;tmi-sent-ts=1565964584780;turbo=0;user-id=19264788;user-type=mod :nightbot!nightbot@nightbot.tmi.twitch.tv PRIVMSG #jean__ :Successfully modified entry #68
8/16/2019 11:09:51 AM: jean__ - Received: @badge-info=;badges=broadcaster/1,bits-charity/1;color=#5F9EA0;display-name=Jean__;emote-sets=0,412472,300319631;mod=0;subscriber=0;user-type= :tmi.twitch.tv USERSTATE #jean__
8/16/2019 11:09:51 AM: jean__ - Received: @badge-info=;badges=moderator/1,partner/1;color=#7C7CE1;display-name=Nightbot;emotes=;flags=;id=0b9838da-753b-4cd1-9129-b4cd664d825d;mod=1;room-id=38479494;subscriber=0;tmi-sent-ts=1565964590781;turbo=0;user-id=19264788;user-type=mod :nightbot!nightbot@nightbot.tmi.twitch.tv PRIVMSG #jean__ :Successfully modified entry #69
8/16/2019 11:09:56 AM: jean__ - Received: @badge-info=;badges=broadcaster/1,bits-charity/1;color=#5F9EA0;display-name=Jean__;emote-sets=0,412472,300319631;mod=0;subscriber=0;user-type= :tmi.twitch.tv USERSTATE #jean__
8/16/2019 11:09:57 AM: jean__ - Received: @badge-info=;badges=moderator/1,partner/1;color=#7C7CE1;display-name=Nightbot;emotes=;flags=;id=c58e1fa5-0607-4a0e-964d-3d249930c702;mod=1;room-id=38479494;subscriber=0;tmi-sent-ts=1565964596796;turbo=0;user-id=19264788;user-type=mod :nightbot!nightbot@nightbot.tmi.twitch.tv PRIVMSG #jean__ :Successfully modified entry #70
8/16/2019 11:10:02 AM: jean__ - Received: @badge-info=;badges=broadcaster/1,bits-charity/1;color=#5F9EA0;display-name=Jean__;emote-sets=0,412472,300319631;mod=0;subscriber=0;user-type= :tmi.twitch.tv USERSTATE #jean__
8/16/2019 11:10:03 AM: jean__ - Received: @badge-info=;badges=moderator/1,partner/1;color=#7C7CE1;display-name=Nightbot;emotes=;flags=;id=7b7b9a9b-a9ca-40e5-bc6a-2b7bb31f11b2;mod=1;room-id=38479494;subscriber=0;tmi-sent-ts=1565964602714;turbo=0;user-id=19264788;user-type=mod :nightbot!nightbot@nightbot.tmi.twitch.tv PRIVMSG #jean__ :Successfully modified entry #71
8/16/2019 11:10:09 AM: jean__ - Received: @badge-info=;badges=broadcaster/1,bits-charity/1;color=#5F9EA0;display-name=Jean__;emote-sets=0,412472,300319631;mod=0;subscriber=0;user-type= :tmi.twitch.tv USERSTATE #jean__
8/16/2019 11:10:10 AM: jean__ - Received: @badge-info=;badges=moderator/1,partner/1;color=#7C7CE1;display-name=Nightbot;emotes=;flags=;id=11b3f525-0a3e-4f87-87dc-0fd0660aaef5;mod=1;room-id=38479494;subscriber=0;tmi-sent-ts=1565964608916;turbo=0;user-id=19264788;user-type=mod :nightbot!nightbot@nightbot.tmi.twitch.tv PRIVMSG #jean__ :Successfully modified entry #72
8/16/2019 11:10:15 AM: jean__ - Received: @badge-info=;badges=broadcaster/1,bits-charity/1;color=#5F9EA0;display-name=Jean__;emote-sets=0,412472,300319631;mod=0;subscriber=0;user-type= :tmi.twitch.tv USERSTATE #jean__
8/16/2019 11:10:16 AM: jean__ - Received: @badge-info=;badges=moderator/1,partner/1;color=#7C7CE1;display-name=Nightbot;emotes=;flags=;id=a79b2170-208b-4edf-93ef-85def25f745e;mod=1;room-id=38479494;subscriber=0;tmi-sent-ts=1565964614717;turbo=0;user-id=19264788;user-type=mod :nightbot!nightbot@nightbot.tmi.twitch.tv PRIVMSG #jean__ :Successfully modified entry #73
8/16/2019 11:10:21 AM: jean__ - Received: @badge-info=;badges=broadcaster/1,bits-charity/1;color=#5F9EA0;display-name=Jean__;emote-sets=0,412472,300319631;mod=0;subscriber=0;user-type= :tmi.twitch.tv USERSTATE #jean__
8/16/2019 11:10:22 AM: jean__ - Received: @badge-info=;badges=moderator/1,partner/1;color=#7C7CE1;display-name=Nightbot;emotes=;flags=;id=8ba90bfb-c206-431b-97a6-51962e15fb91;mod=1;room-id=38479494;subscriber=0;tmi-sent-ts=1565964620822;turbo=0;user-id=19264788;user-type=mod :nightbot!nightbot@nightbot.tmi.twitch.tv PRIVMSG #jean__ :Successfully modified entry #74
8/16/2019 11:10:27 AM: jean__ - Received: @badge-info=;badges=broadcaster/1,bits-charity/1;color=#5F9EA0;display-name=Jean__;emote-sets=0,412472,300319631;mod=0;subscriber=0;user-type= :tmi.twitch.tv USERSTATE #jean__
8/16/2019 11:10:27 AM: jean__ - Received: @badge-info=;badges=moderator/1,partner/1;color=#7C7CE1;display-name=Nightbot;emotes=;flags=;id=6e1ebb39-aab3-48c3-9a91-d5b141cbd47e;mod=1;room-id=38479494;subscriber=0;tmi-sent-ts=1565964626830;turbo=0;user-id=19264788;user-type=mod :nightbot!nightbot@nightbot.tmi.twitch.tv PRIVMSG #jean__ :Successfully modified entry #75
8/16/2019 11:10:33 AM: jean__ - Received: @badge-info=;badges=broadcaster/1,bits-charity/1;color=#5F9EA0;display-name=Jean__;emote-sets=0,412472,300319631;mod=0;subscriber=0;user-type= :tmi.twitch.tv USERSTATE #jean__
8/16/2019 11:10:34 AM: jean__ - Received: @badge-info=;badges=moderator/1,partner/1;color=#7C7CE1;display-name=Nightbot;emotes=;flags=;id=33ca97a3-484a-4d4a-99ad-26e569d50ae0;mod=1;room-id=38479494;subscriber=0;tmi-sent-ts=1565964632728;turbo=0;user-id=19264788;user-type=mod :nightbot!nightbot@nightbot.tmi.twitch.tv PRIVMSG #jean__ :Successfully modified entry #76
8/16/2019 11:10:39 AM: jean__ - Received: @badge-info=;badges=broadcaster/1,bits-charity/1;color=#5F9EA0;display-name=Jean__;emote-sets=0,412472,300319631;mod=0;subscriber=0;user-type= :tmi.twitch.tv USERSTATE #jean__
8/16/2019 11:10:39 AM: jean__ - Received: @badge-info=;badges=moderator/1,partner/1;color=#7C7CE1;display-name=Nightbot;emotes=;flags=;id=d63def49-5327-49fa-8c92-b83e5f366be5;mod=1;room-id=38479494;subscriber=0;tmi-sent-ts=1565964638730;turbo=0;user-id=19264788;user-type=mod :nightbot!nightbot@nightbot.tmi.twitch.tv PRIVMSG #jean__ :Successfully modified entry #77
8/16/2019 11:10:45 AM: jean__ - Received: @badge-info=;badges=broadcaster/1,bits-charity/1;color=#5F9EA0;display-name=Jean__;emote-sets=0,412472,300319631;mod=0;subscriber=0;user-type= :tmi.twitch.tv USERSTATE #jean__
8/16/2019 11:10:46 AM: jean__ - Received: @badge-info=;badges=moderator/1,partner/1;color=#7C7CE1;display-name=Nightbot;emotes=;flags=;id=0345ee90-faf5-4281-81fc-4938e577cac5;mod=1;room-id=38479494;subscriber=0;tmi-sent-ts=1565964644889;turbo=0;user-id=19264788;user-type=mod :nightbot!nightbot@nightbot.tmi.twitch.tv PRIVMSG #jean__ :Successfully modified entry #78
8/16/2019 11:10:51 AM: jean__ - Received: @badge-info=;badges=broadcaster/1,bits-charity/1;color=#5F9EA0;display-name=Jean__;emote-sets=0,412472,300319631;mod=0;subscriber=0;user-type= :tmi.twitch.tv USERSTATE #jean__
8/16/2019 11:10:52 AM: jean__ - Received: @badge-info=;badges=moderator/1,partner/1;color=#7C7CE1;display-name=Nightbot;emotes=;flags=;id=acdf7a94-3290-4bd2-93d4-bc0b06f3ebb2;mod=1;room-id=38479494;subscriber=0;tmi-sent-ts=1565964650855;turbo=0;user-id=19264788;user-type=mod :nightbot!nightbot@nightbot.tmi.twitch.tv PRIVMSG #jean__ :Successfully modified entry #79
8/16/2019 11:10:57 AM: jean__ - Received: @badge-info=;badges=broadcaster/1,bits-charity/1;color=#5F9EA0;display-name=Jean__;emote-sets=0,412472,300319631;mod=0;subscriber=0;user-type= :tmi.twitch.tv USERSTATE #jean__
8/16/2019 11:10:57 AM: jean__ - Received: @badge-info=;badges=moderator/1,partner/1;color=#7C7CE1;display-name=Nightbot;emotes=;flags=;id=f1fbd97b-3531-4cb5-b2a1-29faca64eee9;mod=1;room-id=38479494;subscriber=0;tmi-sent-ts=1565964656761;turbo=0;user-id=19264788;user-type=mod :nightbot!nightbot@nightbot.tmi.twitch.tv PRIVMSG #jean__ :Successfully modified entry #80
8/16/2019 11:11:03 AM: jean__ - Received: @badge-info=;badges=broadcaster/1,bits-charity/1;color=#5F9EA0;display-name=Jean__;emote-sets=0,412472,300319631;mod=0;subscriber=0;user-type= :tmi.twitch.tv USERSTATE #jean__
8/16/2019 11:11:03 AM: jean__ - Received: @badge-info=;badges=moderator/1,partner/1;color=#7C7CE1;display-name=Nightbot;emotes=;flags=;id=5ea7a510-1f81-406f-a6b2-0bffb3758bcf;mod=1;room-id=38479494;subscriber=0;tmi-sent-ts=1565964662763;turbo=0;user-id=19264788;user-type=mod :nightbot!nightbot@nightbot.tmi.twitch.tv PRIVMSG #jean__ :Successfully modified entry #81
8/16/2019 11:11:09 AM: jean__ - Received: @badge-info=;badges=broadcaster/1,bits-charity/1;color=#5F9EA0;display-name=Jean__;emote-sets=0,412472,300319631;mod=0;subscriber=0;user-type= :tmi.twitch.tv USERSTATE #jean__
8/16/2019 11:11:09 AM: jean__ - Received: @badge-info=;badges=moderator/1,partner/1;color=#7C7CE1;display-name=Nightbot;emotes=;flags=;id=510fc43d-dc15-4105-99fe-79e7e8a57513;mod=1;room-id=38479494;subscriber=0;tmi-sent-ts=1565964668763;turbo=0;user-id=19264788;user-type=mod :nightbot!nightbot@nightbot.tmi.twitch.tv PRIVMSG #jean__ :Successfully modified entry #82
8/16/2019 11:11:15 AM: jean__ - Received: @badge-info=;badges=broadcaster/1,bits-charity/1;color=#5F9EA0;display-name=Jean__;emote-sets=0,412472,300319631;mod=0;subscriber=0;user-type= :tmi.twitch.tv USERSTATE #jean__
8/16/2019 11:11:16 AM: jean__ - Received: @badge-info=;badges=moderator/1,partner/1;color=#7C7CE1;display-name=Nightbot;emotes=;flags=;id=cfa11fe9-2047-420d-9f90-18ee4caac1ff;mod=1;room-id=38479494;subscriber=0;tmi-sent-ts=1565964674864;turbo=0;user-id=19264788;user-type=mod :nightbot!nightbot@nightbot.tmi.twitch.tv PRIVMSG #jean__ :Successfully modified entry #83
8/16/2019 11:12:37 AM: jean__ - Received: PING :tmi.twitch.tv
8/16/2019 11:12:37 AM: jean__ - Writing: PONG
8/16/2019 11:12:53 AM: jean__ - Received: @badge-info=;badges=broadcaster/1,bits-charity/1;color=#5F9EA0;display-name=Jean__;emotes=;flags=;id=73693b7e-6f04-420e-80e5-af50b1c54d20;mod=0;room-id=38479494;subscriber=0;tmi-sent-ts=1565964772158;turbo=0;user-id=38479494;user-type= :jean__!jean__@jean__.tmi.twitch.tv PRIVMSG #jean__ :!editquote 27 "A gente n?o gosta de gente n?o, a gente gosta de pessoas." - Montee
8/16/2019 11:12:53 AM: jean__ - Received: @badge-info=;badges=moderator/1,partner/1;color=#7C7CE1;display-name=Nightbot;emotes=;flags=;id=34ab29db-4e7e-4d7b-969c-513edbab4eaa;mod=1;room-id=38479494;subscriber=0;tmi-sent-ts=1565964772796;turbo=0;user-id=19264788;user-type=mod :nightbot!nightbot@nightbot.tmi.twitch.tv PRIVMSG #jean__ :Successfully modified entry #27
8/16/2019 11:16:10 AM: jean__ - Received: @badge-info=;badges=broadcaster/1,bits-charity/1;color=#5F9EA0;display-name=Jean__;emotes=;flags=;id=e73d379b-60ca-44a7-b65f-0c54654b171c;mod=0;room-id=38479494;subscriber=0;tmi-sent-ts=1565964969405;turbo=0;user-id=38479494;user-type= :jean__!jean__@jean__.tmi.twitch.tv PRIVMSG #jean__ :!quote
8/16/2019 11:16:11 AM: jean__ - Received: @badge-info=;badges=moderator/1,partner/1;color=#7C7CE1;display-name=Nightbot;emotes=;flags=;id=ef9762f4-1e04-4e50-8bd2-84e3ba660520;mod=1;room-id=38479494;subscriber=0;tmi-sent-ts=1565964970034;turbo=0;user-id=19264788;user-type=mod :nightbot!nightbot@nightbot.tmi.twitch.tv PRIVMSG #jean__ :22. "Ta com o olho furado sangrando mas t? de boa" - Montee
