8/23/2019 7:56:25 PM: bot_stay_high - Connecting to: wss://irc-ws.chat.twitch.tv:443
8/23/2019 7:56:26 PM: bot_stay_high - Should be connected!
8/23/2019 7:56:26 PM: bot_stay_high - Joining channel: beringelamilgrau
8/23/2019 7:56:26 PM: bot_stay_high - Received: :tmi.twitch.tv 001 bot_stay_high :Welcome, GLHF!
8/23/2019 7:56:26 PM: bot_stay_high - Received: :tmi.twitch.tv 002 bot_stay_high :Your host is tmi.twitch.tv
8/23/2019 7:56:26 PM: bot_stay_high - Received: :tmi.twitch.tv 003 bot_stay_high :This server is rather new
8/23/2019 7:56:26 PM: bot_stay_high - Received: :tmi.twitch.tv 004 bot_stay_high :-
8/23/2019 7:56:26 PM: bot_stay_high - Received: :tmi.twitch.tv 375 bot_stay_high :-
8/23/2019 7:56:26 PM: bot_stay_high - Received: :tmi.twitch.tv 372 bot_stay_high :You are in a maze of twisty passages, all alike.
8/23/2019 7:56:26 PM: bot_stay_high - Received: :tmi.twitch.tv 376 bot_stay_high :>
8/23/2019 7:56:26 PM: bot_stay_high - Received: :tmi.twitch.tv CAP * ACK :twitch.tv/membership
8/23/2019 7:56:26 PM: bot_stay_high - Unaccounted for: :tmi.twitch.tv CAP * ACK :twitch.tv/membership
8/23/2019 7:56:26 PM: bot_stay_high - Received: :tmi.twitch.tv CAP * ACK :twitch.tv/commands
8/23/2019 7:56:26 PM: bot_stay_high - Unaccounted for: :tmi.twitch.tv CAP * ACK :twitch.tv/commands
8/23/2019 7:56:26 PM: bot_stay_high - Received: :tmi.twitch.tv CAP * ACK :twitch.tv/tags
8/23/2019 7:56:26 PM: bot_stay_high - Unaccounted for: :tmi.twitch.tv CAP * ACK :twitch.tv/tags
8/23/2019 7:56:26 PM: bot_stay_high - Received: :bot_stay_high!bot_stay_high@bot_stay_high.tmi.twitch.tv JOIN #beringelamilgrau
8/23/2019 7:56:26 PM: bot_stay_high - Received: @badge-info=;badges=;color=;display-name=bot_stay_high;emote-sets=0;mod=0;subscriber=0;user-type= :tmi.twitch.tv USERSTATE #beringelamilgrau
8/23/2019 7:56:26 PM: bot_stay_high - Received: @emote-only=0;followers-only=-1;r9k=0;rituals=0;room-id=443063688;slow=0;subs-only=0 :tmi.twitch.tv ROOMSTATE #beringelamilgrau
8/23/2019 7:56:26 PM: bot_stay_high - Received: :bot_stay_high.tmi.twitch.tv 353 bot_stay_high = #beringelamilgrau :pedroazure winsock 5uperted ddanniell raphaelssk lactuca_sativa botfumante hisaagi beringelamilgrau hostmeraffle lurxx commanderroot jean__ s1faka calibrelordal bot_stay_high leafjat tonyxzero guillapre lucaesan alexisyuki electricallongboard biravg nightbot streamlabs
8/23/2019 7:56:26 PM: bot_stay_high - Received: :bot_stay_high.tmi.twitch.tv 366 bot_stay_high #beringelamilgrau :End of /NAMES list
8/23/2019 7:56:26 PM: bot_stay_high - Finished channel joining queue.
8/23/2019 7:56:27 PM: bot_stay_high - Finished channel joining queue.
8/23/2019 7:56:29 PM: bot_stay_high - Received: :leafjat!leafjat@leafjat.tmi.twitch.tv PART #beringelamilgrau
8/23/2019 7:56:30 PM: bot_stay_high - Received: @badge-info=subscriber/2;badges=vip/1,subscriber/0,bits-charity/1;color=#5F9EA0;display-name=Jean__;emotes=;flags=;id=ad95f2f7-55e2-4247-bee1-766794db614f;mod=0;room-id=443063688;subscriber=1;tmi-sent-ts=1566600989173;turbo=0;user-id=38479494;user-type= :jean__!jean__@jean__.tmi.twitch.tv PRIVMSG #beringelamilgrau :!alturadaellens
8/23/2019 7:56:30 PM: bot_stay_high - Received: @badge-info=;badges=vip/1,premium/1;color=#D8FF00;display-name=guillapre;emotes=;flags=;id=3740bf13-7d68-41b4-b701-0996f732007f;mod=0;room-id=443063688;subscriber=0;tmi-sent-ts=1566600989249;turbo=0;user-id=157919745;user-type= :guillapre!guillapre@guillapre.tmi.twitch.tv PRIVMSG #beringelamilgrau :eu vou s? juntar material pro processo Pepega
8/23/2019 7:56:30 PM: bot_stay_high - Received: @badge-info=;badges=;color=;display-name=bot_stay_high;emote-sets=0;mod=0;subscriber=0;user-type= :tmi.twitch.tv USERSTATE #beringelamilgrau
8/23/2019 7:56:34 PM: bot_stay_high - Received: @badge-info=subscriber/2;badges=vip/1,subscriber/0,bits-charity/1;color=#5F9EA0;display-name=Jean__;emotes=;flags=;id=24d8e540-f434-4128-8f3b-be6d5c75073b;mod=0;room-id=443063688;subscriber=1;tmi-sent-ts=1566600993550;turbo=0;user-id=38479494;user-type= :jean__!jean__@jean__.tmi.twitch.tv PRIVMSG #beringelamilgrau :Pepega
8/23/2019 7:56:37 PM: bot_stay_high - Received: @badge-info=;badges=moderator/1,partner/1;color=#2E8B57;display-name=CalibreLordal;emotes=;flags=;id=bc3e6979-a7d9-46a4-91a3-136ebcda9081;mod=1;room-id=443063688;subscriber=0;tmi-sent-ts=1566600996037;turbo=0;user-id=94381006;user-type=mod :calibrelordal!calibrelordal@calibrelordal.tmi.twitch.tv PRIVMSG #beringelamilgrau :OMEGALUL
8/23/2019 7:56:47 PM: bot_stay_high - Received: @badge-info=;badges=vip/1;color=#008000;display-name=Hisaagi;emotes=;flags=;id=316d7f8f-4785-48d0-ae32-699373dce671;mod=0;room-id=443063688;subscriber=0;tmi-sent-ts=1566601006098;turbo=0;user-id=137774469;user-type= :hisaagi!hisaagi@hisaagi.tmi.twitch.tv PRIVMSG #beringelamilgrau :OMEGALUL
8/23/2019 7:56:49 PM: bot_stay_high - Received: @badge-info=;badges=moderator/1,partner/1;color=#2E8B57;display-name=CalibreLordal;emotes=;flags=;id=99bfc5cd-613b-4698-bf2b-6a9d3021ea7d;mod=1;room-id=443063688;subscriber=0;tmi-sent-ts=1566601007857;turbo=0;user-id=94381006;user-type=mod :calibrelordal!calibrelordal@calibrelordal.tmi.twitch.tv PRIVMSG #beringelamilgrau :o dist tem um comando que diz a idade dele e ? random
8/23/2019 7:56:51 PM: bot_stay_high - Received: @badge-info=;badges=moderator/1;color=#008000;display-name=TONYXZERO;emotes=;flags=;id=7cc80f64-db50-4f7e-83de-d82ca7032eeb;mod=1;room-id=443063688;subscriber=0;tmi-sent-ts=1566601010430;turbo=0;user-id=38731171;user-type=mod :tonyxzero!tonyxzero@tonyxzero.tmi.twitch.tv PRIVMSG #beringelamilgrau :OMEGALUL
8/23/2019 7:57:39 PM: bot_stay_high - Received: @badge-info=;badges=moderator/1,partner/1;color=#2E8B57;display-name=CalibreLordal;emotes=;flags=;id=25596e50-ca0e-4f1d-80d5-05dc04af053d;mod=1;room-id=443063688;subscriber=0;tmi-sent-ts=1566601058320;turbo=0;user-id=94381006;user-type=mod :calibrelordal!calibrelordal@calibrelordal.tmi.twitch.tv PRIVMSG #beringelamilgrau :!alturadaellens
8/23/2019 7:57:39 PM: bot_stay_high - Received: @badge-info=;badges=;color=;display-name=bot_stay_high;emote-sets=0;mod=0;subscriber=0;user-type= :tmi.twitch.tv USERSTATE #beringelamilgrau
8/23/2019 7:57:41 PM: bot_stay_high - Received: @badge-info=;badges=moderator/1,partner/1;color=#2E8B57;display-name=CalibreLordal;emotes=;flags=;id=103eef21-0bb7-44fa-8e70-76b0d00abd74;mod=1;room-id=443063688;subscriber=0;tmi-sent-ts=1566601060243;turbo=0;user-id=94381006;user-type=mod :calibrelordal!calibrelordal@calibrelordal.tmi.twitch.tv PRIVMSG #beringelamilgrau :PepePls
8/23/2019 7:57:48 PM: bot_stay_high - Received: @badge-info=;badges=moderator/1;color=#008000;display-name=TONYXZERO;emotes=;flags=;id=84415202-ae00-48a5-a0a1-7e27eaa2e7a6;mod=1;room-id=443063688;subscriber=0;tmi-sent-ts=1566601067747;turbo=0;user-id=38731171;user-type=mod :tonyxzero!tonyxzero@tonyxzero.tmi.twitch.tv PRIVMSG #beringelamilgrau :Espero agora todo dia 1k de mensagem no minimo por favor peepoSmart
8/23/2019 7:58:05 PM: bot_stay_high - Received: @badge-info=;badges=vip/1;color=#008000;display-name=Hisaagi;emotes=;flags=;id=47da2228-bc1a-48e9-a05f-1bdfcb08e2d2;mod=0;room-id=443063688;subscriber=0;tmi-sent-ts=1566601084099;turbo=0;user-id=137774469;user-type= :hisaagi!hisaagi@hisaagi.tmi.twitch.tv PRIVMSG #beringelamilgrau :as tr?s bolinhas ali no canto superior e dados do grupo, da? vai ter a lista de pessoas l? embaixo
8/23/2019 7:58:17 PM: bot_stay_high - Received: @badge-info=;badges=moderator/1;color=#008000;display-name=TONYXZERO;emotes=;flags=;id=96a12231-6a4b-404e-9eae-21ef3252e361;mod=1;room-id=443063688;subscriber=0;tmi-sent-ts=1566601096010;turbo=0;user-id=38731171;user-type=mod :tonyxzero!tonyxzero@tonyxzero.tmi.twitch.tv PRIVMSG #beringelamilgrau :Daniel vai ser igual eu no grupo do Calibre FeelsMan
8/23/2019 7:58:26 PM: bot_stay_high - Received: :leafjat!leafjat@leafjat.tmi.twitch.tv JOIN #beringelamilgrau
8/23/2019 7:58:40 PM: bot_stay_high - Received: @badge-info=;badges=moderator/1,partner/1;color=#2E8B57;display-name=CalibreLordal;emotes=;flags=;id=e4be0601-e9f9-4d22-b117-6a9cc441dd3c;mod=1;room-id=443063688;subscriber=0;tmi-sent-ts=1566601119487;turbo=0;user-id=94381006;user-type=mod :calibrelordal!calibrelordal@calibrelordal.tmi.twitch.tv PRIVMSG #beringelamilgrau :entra ai eu mando link pra ti peepoSmart
8/23/2019 7:58:54 PM: bot_stay_high - Received: @badge-info=;badges=vip/1;color=#008000;display-name=Hisaagi;emotes=;flags=20-23:;id=c55738be-df6a-4a26-be09-34eb94ca142e;mod=0;room-id=443063688;subscriber=0;tmi-sent-ts=1566601132927;turbo=0;user-id=137774469;user-type= :hisaagi!hisaagi@hisaagi.tmi.twitch.tv PRIVMSG #beringelamilgrau :grupo do calibre no zap? Pepega
