8/1/2019 7:48:49 PM: jean__ - Connecting to: wss://irc-ws.chat.twitch.tv:443
8/1/2019 7:48:50 PM: jean__ - Should be connected!
8/1/2019 7:48:50 PM: jean__ - Joining channel: beringelamilgrau
8/1/2019 7:48:50 PM: jean__ - Received: :tmi.twitch.tv 001 jean__ :Welcome, GLHF!
8/1/2019 7:48:50 PM: jean__ - Received: :tmi.twitch.tv 002 jean__ :Your host is tmi.twitch.tv
8/1/2019 7:48:50 PM: jean__ - Received: :tmi.twitch.tv 003 jean__ :This server is rather new
8/1/2019 7:48:50 PM: jean__ - Received: :tmi.twitch.tv 004 jean__ :-
8/1/2019 7:48:50 PM: jean__ - Received: :tmi.twitch.tv 375 jean__ :-
8/1/2019 7:48:50 PM: jean__ - Received: :tmi.twitch.tv 372 jean__ :You are in a maze of twisty passages, all alike.
8/1/2019 7:48:50 PM: jean__ - Received: :tmi.twitch.tv 376 jean__ :>
8/1/2019 7:48:50 PM: jean__ - Received: :tmi.twitch.tv CAP * ACK :twitch.tv/membership
8/1/2019 7:48:50 PM: jean__ - Unaccounted for: :tmi.twitch.tv CAP * ACK :twitch.tv/membership
8/1/2019 7:48:50 PM: jean__ - Received: :tmi.twitch.tv CAP * ACK :twitch.tv/commands
8/1/2019 7:48:50 PM: jean__ - Unaccounted for: :tmi.twitch.tv CAP * ACK :twitch.tv/commands
8/1/2019 7:48:51 PM: jean__ - Received: :tmi.twitch.tv CAP * ACK :twitch.tv/tags
8/1/2019 7:48:51 PM: jean__ - Unaccounted for: :tmi.twitch.tv CAP * ACK :twitch.tv/tags
8/1/2019 7:48:51 PM: jean__ - Received: :jean__!jean__@jean__.tmi.twitch.tv JOIN #beringelamilgrau
8/1/2019 7:48:51 PM: jean__ - Received: @badge-info=subscriber/1;badges=vip/1,subscriber/0,bits-charity/1;color=#5F9EA0;display-name=Jean__;emote-sets=0,412472;mod=0;subscriber=1;user-type= :tmi.twitch.tv USERSTATE #beringelamilgrau
8/1/2019 7:48:51 PM: jean__ - Received: @emote-only=0;followers-only=-1;r9k=0;rituals=0;room-id=443063688;slow=0;subs-only=0 :tmi.twitch.tv ROOMSTATE #beringelamilgrau
8/1/2019 7:48:51 PM: jean__ - Received: :jean__.tmi.twitch.tv 353 jean__ = #beringelamilgrau :nightbot n3td3v slocool cyclemotion themalkavianx shinjippo1 angeloflight rbruno018 botfumante montee_waffle guillapre jobi_essen s1faka beringelamilgrau biravg ddanniell lurxx roubardt commanderroot jean__ skinnyseahorse streamlabs hostmeraffle
8/1/2019 7:48:51 PM: jean__ - Received: :jean__.tmi.twitch.tv 366 jean__ #beringelamilgrau :End of /NAMES list
8/1/2019 7:48:51 PM: jean__ - Finished channel joining queue.
8/1/2019 7:48:51 PM: jean__ - Finished channel joining queue.
8/1/2019 7:49:04 PM: jean__ - Received: :manomira!manomira@manomira.tmi.twitch.tv JOIN #beringelamilgrau
8/1/2019 7:49:04 PM: jean__ - Received: :nightbot!nightbot@nightbot.tmi.twitch.tv PART #beringelamilgrau
8/1/2019 7:49:04 PM: jean__ - Received: @badge-info=;badges=;color=;display-name=ManoMira;emotes=;flags=;id=cf5bb5d6-0597-482c-a067-b19a9313b304;mod=0;room-id=443063688;subscriber=0;tmi-sent-ts=1564699743769;turbo=0;user-id=435706068;user-type= :manomira!manomira@manomira.tmi.twitch.tv PRIVMSG #beringelamilgrau :totoro is gay ? yes ( ) or sure ( )
8/1/2019 7:49:06 PM: jean__ - Received: @badge-info=subscriber/1;badges=vip/1,subscriber/0,bits-charity/1;color=#5F9EA0;display-name=Jean__;emote-sets=0,412472;mod=0;subscriber=1;user-type= :tmi.twitch.tv USERSTATE #beringelamilgrau
8/1/2019 7:49:06 PM: jean__ - Received: @ban-duration=600;room-id=443063688;target-user-id=148551409;tmi-sent-ts=1564699746043 :tmi.twitch.tv CLEARCHAT #beringelamilgrau :montee_waffle
8/1/2019 7:49:14 PM: jean__ - Received: @badge-info=subscriber/1;badges=vip/1,subscriber/0,bits-charity/1;color=#5F9EA0;display-name=Jean__;emote-sets=0,412472;mod=0;subscriber=1;user-type= :tmi.twitch.tv USERSTATE #beringelamilgrau
8/1/2019 7:49:22 PM: jean__ - Received: @badge-info=subscriber/1;badges=vip/1,subscriber/0,bits-charity/1;color=#5F9EA0;display-name=Jean__;emote-sets=0,412472;mod=0;subscriber=1;user-type= :tmi.twitch.tv USERSTATE #beringelamilgrau
8/1/2019 7:49:33 PM: jean__ - Received: @badge-info=;badges=vip/1,premium/1;color=#D8FF00;display-name=guillapre;emotes=;flags=;id=57663ac9-2a9d-412c-a12e-efe0cc98bd17;mod=0;room-id=443063688;subscriber=0;tmi-sent-ts=1564699772101;turbo=0;user-id=157919745;user-type= :guillapre!guillapre@guillapre.tmi.twitch.tv PRIVMSG #beringelamilgrau :HACKERMANS
8/1/2019 7:49:34 PM: jean__ - Received: @badge-info=;badges=;color=#38CC8F;display-name=Montee_Waffle;emotes=;flags=;id=2b475991-5ed4-40f9-9741-556ea70116f8;mod=0;room-id=443063688;subscriber=0;tmi-sent-ts=1564699773998;turbo=0;user-id=148551409;user-type= :montee_waffle!montee_waffle@montee_waffle.tmi.twitch.tv PRIVMSG #beringelamilgrau :PepeHandsE
8/1/2019 7:49:40 PM: jean__ - Received: @ban-duration=600;room-id=443063688;target-user-id=38479494;tmi-sent-ts=1564699779732 :tmi.twitch.tv CLEARCHAT #beringelamilgrau :jean__
8/1/2019 7:50:00 PM: jean__ - Received: :nightbot!nightbot@nightbot.tmi.twitch.tv JOIN #beringelamilgrau
8/1/2019 7:50:00 PM: jean__ - Received: :themalkavianx!themalkavianx@themalkavianx.tmi.twitch.tv PART #beringelamilgrau
8/1/2019 7:50:04 PM: jean__ - Received: @badge-info=;badges=;color=;display-name=BotFumante;emotes=;flags=;id=2ed8b1d1-ddb1-4266-9d1e-c4a8ff4a019f;mod=0;room-id=443063688;subscriber=0;tmi-sent-ts=1564699803793;turbo=0;user-id=446644398;user-type= :botfumante!botfumante@botfumante.tmi.twitch.tv PRIVMSG #beringelamilgrau :PepeLaugh
8/1/2019 7:50:05 PM: jean__ - Received: @badge-info=subscriber/1;badges=broadcaster/1,subscriber/0;color=#8A2BE2;display-name=BeringelaMilGrau;emotes=;flags=;id=80f5666c-8112-43a4-a587-816d57403f9e;mod=0;room-id=443063688;subscriber=1;tmi-sent-ts=1564699804173;turbo=0;user-id=443063688;user-type= :beringelamilgrau!beringelamilgrau@beringelamilgrau.tmi.twitch.tv PRIVMSG #beringelamilgrau :ConcernFroge
8/1/2019 7:50:10 PM: jean__ - Received: @badge-info=;badges=;color=;display-name=ManoMira;emotes=;flags=45-54:P.0/S.6;id=284ef33b-cf68-4684-b402-1753f688ba03;mod=0;room-id=443063688;subscriber=0;tmi-sent-ts=1564699809375;turbo=0;user-id=435706068;user-type= :manomira!manomira@manomira.tmi.twitch.tv PRIVMSG #beringelamilgrau :vou ir pq n to aguentando mais rir, to quase me mijando
8/1/2019 7:50:13 PM: jean__ - Received: @badge-info=;badges=;color=;display-name=BotFumante;emotes=;flags=;id=c55003c2-6be4-4659-9080-811dbfcafaa2;mod=0;room-id=443063688;subscriber=0;tmi-sent-ts=1564699812504;turbo=0;user-id=446644398;user-type= :botfumante!botfumante@botfumante.tmi.twitch.tv PRIVMSG #beringelamilgrau :eu sempre tenho esse
8/1/2019 7:50:28 PM: jean__ - Received: @badge-info=;badges=moderator/1;color=#FF9600;display-name=ddanniell;emotes=;flags=;id=95af4307-b7bb-4c69-92e2-bade5d2c365f;mod=1;room-id=443063688;subscriber=0;tmi-sent-ts=1564699827980;turbo=0;user-id=36163282;user-type=mod :ddanniell!ddanniell@ddanniell.tmi.twitch.tv PRIVMSG #beringelamilgrau :!!
8/1/2019 7:50:30 PM: jean__ - Received: @badge-info=;badges=;color=;display-name=BotFumante;emotes=;flags=70-75:,80-88:;id=1ba1977e-c471-4e6e-b460-93b78c9b1aeb;mod=0;room-id=443063688;subscriber=0;tmi-sent-ts=1564699829711;turbo=0;user-id=446644398;user-type= :botfumante!botfumante@botfumante.tmi.twitch.tv PRIVMSG #beringelamilgrau :Voc? j? transmitiu por 2 horas e 19 minutos, nesse tempo, poderia ter fumado 13 cigarros. peepoSmoke
