2019-07-09 9:52:15 PM: botfumante - Connecting to: wss://irc-ws.chat.twitch.tv:443
2019-07-09 9:52:16 PM: botfumante - Should be connected!
2019-07-09 9:52:16 PM: botfumante - Joining channel: beringelamilgrau
2019-07-09 9:52:17 PM: botfumante - Received: :tmi.twitch.tv 001 botfumante :Welcome, GLHF!
2019-07-09 9:52:17 PM: botfumante - Received: :tmi.twitch.tv 002 botfumante :Your host is tmi.twitch.tv
2019-07-09 9:52:17 PM: botfumante - Received: :tmi.twitch.tv 003 botfumante :This server is rather new
2019-07-09 9:52:17 PM: botfumante - Received: :tmi.twitch.tv 004 botfumante :-
2019-07-09 9:52:17 PM: botfumante - Received: :tmi.twitch.tv 375 botfumante :-
2019-07-09 9:52:17 PM: botfumante - Received: :tmi.twitch.tv 372 botfumante :You are in a maze of twisty passages, all alike.
2019-07-09 9:52:17 PM: botfumante - Received: :tmi.twitch.tv 376 botfumante :>
2019-07-09 9:52:17 PM: botfumante - Received: :tmi.twitch.tv CAP * ACK :twitch.tv/membership
2019-07-09 9:52:17 PM: botfumante - Unaccounted for: :tmi.twitch.tv CAP * ACK :twitch.tv/membership
2019-07-09 9:52:17 PM: botfumante - Received: :tmi.twitch.tv CAP * ACK :twitch.tv/commands
2019-07-09 9:52:17 PM: botfumante - Unaccounted for: :tmi.twitch.tv CAP * ACK :twitch.tv/commands
2019-07-09 9:52:17 PM: botfumante - Received: :tmi.twitch.tv CAP * ACK :twitch.tv/tags
2019-07-09 9:52:17 PM: botfumante - Unaccounted for: :tmi.twitch.tv CAP * ACK :twitch.tv/tags
2019-07-09 9:52:17 PM: botfumante - Received: :botfumante!botfumante@botfumante.tmi.twitch.tv JOIN #beringelamilgrau
2019-07-09 9:52:17 PM: botfumante - Received: :botfumante.tmi.twitch.tv 353 botfumante = #beringelamilgrau :botfumante
2019-07-09 9:52:17 PM: botfumante - Received: :botfumante.tmi.twitch.tv 366 botfumante #beringelamilgrau :End of /NAMES list
2019-07-09 9:52:17 PM: botfumante - Finished channel joining queue.
2019-07-09 9:52:17 PM: botfumante - Received: @badge-info=;badges=;color=;display-name=BotFumante;emote-sets=0;mod=0;subscriber=0;user-type= :tmi.twitch.tv USERSTATE #beringelamilgrau
2019-07-09 9:52:17 PM: botfumante - Received: @emote-only=0;followers-only=-1;r9k=0;rituals=0;room-id=443063688;slow=0;subs-only=0 :tmi.twitch.tv ROOMSTATE #beringelamilgrau
2019-07-09 9:52:17 PM: botfumante - Received: :tmi.twitch.tv HOSTTARGET #beringelamilgrau :calibrelordal -
2019-07-09 9:52:17 PM: botfumante - Received: @msg-id=host_on :tmi.twitch.tv NOTICE #beringelamilgrau :Now hosting CalibreLordal.
2019-07-09 9:52:18 PM: botfumante - Finished channel joining queue.
2019-07-09 9:52:24 PM: botfumante - Received: @badge-info=;badges=bits-charity/1;color=#1E90FF;display-name=Jean__;emotes=;flags=;id=0412aeb3-bdc7-4661-9c48-f4e95b97f7b6;mod=0;room-id=443063688;subscriber=0;tmi-sent-ts=1562719943637;turbo=0;user-id=38479494;user-type= :jean__!jean__@jean__.tmi.twitch.tv PRIVMSG #beringelamilgrau :!!
2019-07-09 9:52:24 PM: botfumante - Received: @badge-info=;badges=;color=;display-name=BotFumante;emote-sets=0;mod=0;subscriber=0;user-type= :tmi.twitch.tv USERSTATE #beringelamilgrau
2019-07-09 9:52:59 PM: botfumante - Received: @badge-info=;badges=broadcaster/1;color=#8A2BE2;display-name=beringelamilgrau;emotes=;flags=;id=487e77d0-8482-4dc0-9b43-12a6d56da825;mod=0;room-id=443063688;subscriber=0;tmi-sent-ts=1562719978579;turbo=0;user-id=443063688;user-type= :beringelamilgrau!beringelamilgrau@beringelamilgrau.tmi.twitch.tv PRIVMSG #beringelamilgrau :vou fazer o !! pra ti
2019-07-09 9:53:12 PM: botfumante - Received: @badge-info=;badges=bits-charity/1;color=#1E90FF;display-name=Jean__;emotes=;flags=;id=f8f4d0c8-dd39-4f66-aee0-c4360d5f34c0;mod=0;room-id=443063688;subscriber=0;tmi-sent-ts=1562719992047;turbo=0;user-id=38479494;user-type= :jean__!jean__@jean__.tmi.twitch.tv PRIVMSG #beringelamilgrau :Mas ele j? existe PepeLaugh
2019-07-09 9:53:15 PM: botfumante - Received: :beringelamilgrau!beringelamilgrau@beringelamilgrau.tmi.twitch.tv JOIN #beringelamilgrau
2019-07-09 9:53:15 PM: botfumante - Received: :commanderroot!commanderroot@commanderroot.tmi.twitch.tv JOIN #beringelamilgrau
2019-07-09 9:53:15 PM: botfumante - Received: :jean__!jean__@jean__.tmi.twitch.tv JOIN #beringelamilgrau
2019-07-09 9:53:15 PM: botfumante - Received: :angeloflight!angeloflight@angeloflight.tmi.twitch.tv JOIN #beringelamilgrau
2019-07-09 9:53:15 PM: botfumante - Received: :lurxx!lurxx@lurxx.tmi.twitch.tv JOIN #beringelamilgrau
2019-07-09 9:53:15 PM: botfumante - Received: :nightbot!nightbot@nightbot.tmi.twitch.tv JOIN #beringelamilgrau
2019-07-09 9:53:15 PM: botfumante - Received: :teyyd!teyyd@teyyd.tmi.twitch.tv JOIN #beringelamilgrau
2019-07-09 9:53:28 PM: botfumante - Received: @badge-info=;badges=broadcaster/1;color=#8A2BE2;display-name=beringelamilgrau;emotes=;flags=;id=fa6e8f41-3c33-49f8-a4c2-2d060cc7d0f3;mod=0;room-id=443063688;subscriber=0;tmi-sent-ts=1562720008092;turbo=0;user-id=443063688;user-type= :beringelamilgrau!beringelamilgrau@beringelamilgrau.tmi.twitch.tv PRIVMSG #beringelamilgrau :monkaHmm
2019-07-09 9:54:24 PM: botfumante - Received: @badge-info=;badges=;color=;display-name=BotFumante;emote-sets=0;mod=0;subscriber=0;user-type= :tmi.twitch.tv USERSTATE #beringelamilgrau
