8/23/2019 12:53:10 AM: bot_stay_high - Connecting to: wss://irc-ws.chat.twitch.tv:443
8/23/2019 12:53:11 AM: bot_stay_high - Should be connected!
8/23/2019 12:53:11 AM: bot_stay_high - Joining channel: beringelamilgrau
8/23/2019 12:53:12 AM: bot_stay_high - Received: :tmi.twitch.tv 001 bot_stay_high :Welcome, GLHF!
8/23/2019 12:53:12 AM: bot_stay_high - Received: :tmi.twitch.tv 002 bot_stay_high :Your host is tmi.twitch.tv
8/23/2019 12:53:12 AM: bot_stay_high - Received: :tmi.twitch.tv 003 bot_stay_high :This server is rather new
8/23/2019 12:53:12 AM: bot_stay_high - Received: :tmi.twitch.tv 004 bot_stay_high :-
8/23/2019 12:53:12 AM: bot_stay_high - Received: :tmi.twitch.tv 375 bot_stay_high :-
8/23/2019 12:53:12 AM: bot_stay_high - Received: :tmi.twitch.tv 372 bot_stay_high :You are in a maze of twisty passages, all alike.
8/23/2019 12:53:12 AM: bot_stay_high - Received: :tmi.twitch.tv 376 bot_stay_high :>
8/23/2019 12:53:12 AM: bot_stay_high - Received: :tmi.twitch.tv CAP * ACK :twitch.tv/membership
8/23/2019 12:53:12 AM: bot_stay_high - Unaccounted for: :tmi.twitch.tv CAP * ACK :twitch.tv/membership
8/23/2019 12:53:12 AM: bot_stay_high - Received: :tmi.twitch.tv CAP * ACK :twitch.tv/commands
8/23/2019 12:53:12 AM: bot_stay_high - Unaccounted for: :tmi.twitch.tv CAP * ACK :twitch.tv/commands
8/23/2019 12:53:12 AM: bot_stay_high - Received: :tmi.twitch.tv CAP * ACK :twitch.tv/tags
8/23/2019 12:53:12 AM: bot_stay_high - Unaccounted for: :tmi.twitch.tv CAP * ACK :twitch.tv/tags
8/23/2019 12:53:12 AM: bot_stay_high - Received: :bot_stay_high!bot_stay_high@bot_stay_high.tmi.twitch.tv JOIN #beringelamilgrau
8/23/2019 12:53:12 AM: bot_stay_high - Received: @badge-info=;badges=;color=;display-name=bot_stay_high;emote-sets=0;mod=0;subscriber=0;user-type= :tmi.twitch.tv USERSTATE #beringelamilgrau
8/23/2019 12:53:12 AM: bot_stay_high - Received: @emote-only=0;followers-only=-1;r9k=0;rituals=0;room-id=443063688;slow=0;subs-only=0 :tmi.twitch.tv ROOMSTATE #beringelamilgrau
8/23/2019 12:53:12 AM: bot_stay_high - Received: :bot_stay_high.tmi.twitch.tv 353 bot_stay_high = #beringelamilgrau :jean__ streamlabs ddanniell joseantonio001 winsock commanderroot bot_stay_high don_torelli rbruno018 isaferal montee_waffle beringelamilgrau littleballl rafael_870 lucaesan electricallongboard lurxx gabrigode
8/23/2019 12:53:12 AM: bot_stay_high - Received: :bot_stay_high.tmi.twitch.tv 366 bot_stay_high #beringelamilgrau :End of /NAMES list
8/23/2019 12:53:12 AM: bot_stay_high - Finished channel joining queue.
8/23/2019 12:53:12 AM: bot_stay_high - Finished channel joining queue.
8/23/2019 12:53:18 AM: bot_stay_high - Received: :littleballl!littleballl@littleballl.tmi.twitch.tv PART #beringelamilgrau
8/23/2019 12:53:18 AM: bot_stay_high - Received: :isaferal!isaferal@isaferal.tmi.twitch.tv PART #beringelamilgrau
8/23/2019 12:54:32 AM: bot_stay_high - Received: @badge-info=;badges=;color=;display-name=joseantonio001;emotes=;flags=;id=b3e92a36-8298-4de8-9ec6-536cff526693;mod=0;room-id=443063688;subscriber=0;tmi-sent-ts=1566532471631;turbo=0;user-id=157525923;user-type= :joseantonio001!joseantonio001@joseantonio001.tmi.twitch.tv PRIVMSG #beringelamilgrau :sdds quando o BOT falava o preco da sua mae e do seu cu
8/23/2019 12:54:37 AM: bot_stay_high - Received: @badge-info=;badges=moderator/1;color=#FF9600;display-name=ddanniell;emotes=;flags=;id=e6139202-2c73-4b23-9a8d-e328846a83b4;mod=1;room-id=443063688;subscriber=0;tmi-sent-ts=1566532476746;turbo=0;user-id=36163282;user-type=mod :ddanniell!ddanniell@ddanniell.tmi.twitch.tv PRIVMSG #beringelamilgrau :!price furry
8/23/2019 12:54:39 AM: bot_stay_high - Received: @badge-info=;badges=;color=;display-name=bot_stay_high;emote-sets=0;mod=0;subscriber=0;user-type= :tmi.twitch.tv USERSTATE #beringelamilgrau
8/23/2019 12:55:00 AM: bot_stay_high - Received: @badge-info=;badges=moderator/1;color=#FF9600;display-name=ddanniell;emotes=;flags=7-12:S.5;id=4902ce95-5f87-4036-bdd3-33c7934fcdad;mod=1;room-id=443063688;subscriber=0;tmi-sent-ts=1566532500475;turbo=0;user-id=36163282;user-type=mod :ddanniell!ddanniell@ddanniell.tmi.twitch.tv PRIVMSG #beringelamilgrau :!price hentai furry
8/23/2019 12:55:02 AM: bot_stay_high - Received: @badge-info=;badges=;color=;display-name=bot_stay_high;emote-sets=0;mod=0;subscriber=0;user-type= :tmi.twitch.tv USERSTATE #beringelamilgrau
8/23/2019 12:55:35 AM: bot_stay_high - Received: @badge-info=;badges=premium/1;color=#3AC6D0;display-name=Gabrigode;emotes=;flags=;id=7da28660-ea2a-48ad-a49f-b71753a075f6;mod=0;room-id=443063688;subscriber=0;tmi-sent-ts=1566532534791;turbo=0;user-id=125402779;user-type= :gabrigode!gabrigode@gabrigode.tmi.twitch.tv PRIVMSG #beringelamilgrau :!price deadly
8/23/2019 12:55:37 AM: bot_stay_high - Received: @badge-info=;badges=;color=;display-name=bot_stay_high;emote-sets=0;mod=0;subscriber=0;user-type= :tmi.twitch.tv USERSTATE #beringelamilgrau
8/23/2019 12:55:41 AM: bot_stay_high - Received: @badge-info=;badges=premium/1;color=#3AC6D0;display-name=Gabrigode;emotes=;flags=;id=74c13c0f-b0b3-4a76-8232-0c5635eb6b21;mod=0;room-id=443063688;subscriber=0;tmi-sent-ts=1566532541317;turbo=0;user-id=125402779;user-type= :gabrigode!gabrigode@gabrigode.tmi.twitch.tv PRIVMSG #beringelamilgrau :monkaHmm
8/23/2019 12:55:59 AM: bot_stay_high - Received: @badge-info=;badges=vip/1;color=#FF69B4;display-name=rbruno018;emotes=;flags=;id=f4ea61cb-24a1-49b3-b4ba-23ea3e5c36db;mod=0;room-id=443063688;subscriber=0;tmi-sent-ts=1566532558619;turbo=0;user-id=216448313;user-type= :rbruno018!rbruno018@rbruno018.tmi.twitch.tv PRIVMSG #beringelamilgrau :!price cs go
8/23/2019 12:56:00 AM: bot_stay_high - Received: @badge-info=;badges=;color=;display-name=bot_stay_high;emote-sets=0;mod=0;subscriber=0;user-type= :tmi.twitch.tv USERSTATE #beringelamilgrau
8/23/2019 12:56:11 AM: bot_stay_high - Received: @badge-info=;badges=vip/1;color=#FF69B4;display-name=rbruno018;emotes=;flags=;id=505d8386-0f1e-4369-a81b-f8579fa48ee0;mod=0;room-id=443063688;subscriber=0;tmi-sent-ts=1566532570684;turbo=0;user-id=216448313;user-type= :rbruno018!rbruno018@rbruno018.tmi.twitch.tv PRIVMSG #beringelamilgrau :monkaHmm
8/23/2019 12:56:15 AM: bot_stay_high - Received: @badge-info=;badges=premium/1;color=#3AC6D0;display-name=Gabrigode;emotes=;flags=;id=94294c03-419b-4394-bc21-d58e6658a5b2;mod=0;room-id=443063688;subscriber=0;tmi-sent-ts=1566532574813;turbo=0;user-id=125402779;user-type= :gabrigode!gabrigode@gabrigode.tmi.twitch.tv PRIVMSG #beringelamilgrau :monkaHmm
8/23/2019 12:56:25 AM: bot_stay_high - Received: @badge-info=;badges=moderator/1;color=#FF9600;display-name=ddanniell;emotes=;flags=0-106:;id=2d59ddda-1c15-4add-9bac-9dff1622ffcf;mod=1;room-id=443063688;subscriber=0;tmi-sent-ts=1566532585439;turbo=0;user-id=36163282;user-type=mod :ddanniell!ddanniell@ddanniell.tmi.twitch.tv PRIVMSG #beringelamilgrau :https://mobimg.b-cdn.net/androidgame_img/burrito_bison_launcha_libre/real/1_burrito_bison_launcha_libre.jpg
8/23/2019 12:56:33 AM: bot_stay_high - Received: @badge-info=;badges=moderator/1;color=#FF9600;display-name=ddanniell;emotes=;flags=7-12:S.5;id=bab81754-6cd0-4e4c-8348-7d2792fb696c;mod=1;room-id=443063688;subscriber=0;tmi-sent-ts=1566532592630;turbo=0;user-id=36163282;user-type=mod :ddanniell!ddanniell@ddanniell.tmi.twitch.tv PRIVMSG #beringelamilgrau :!price hentai furry
8/23/2019 12:56:34 AM: bot_stay_high - Received: @badge-info=;badges=;color=;display-name=bot_stay_high;emote-sets=0;mod=0;subscriber=0;user-type= :tmi.twitch.tv USERSTATE #beringelamilgrau
8/23/2019 12:56:40 AM: bot_stay_high - Received: @badge-info=subscriber/2;badges=vip/1,subscriber/0,bits-charity/1;color=#5F9EA0;display-name=Jean__;emotes=;flags=;id=5574194b-077e-465d-978a-768af0ed48fb;mod=0;room-id=443063688;subscriber=1;tmi-sent-ts=1566532600361;turbo=0;user-id=38479494;user-type= :jean__!jean__@jean__.tmi.twitch.tv PRIVMSG #beringelamilgrau :FeelsMan
8/23/2019 12:56:42 AM: bot_stay_high - Received: @badge-info=;badges=premium/1;color=#3AC6D0;display-name=Gabrigode;emotes=;flags=;id=928eabd2-5721-4dab-adbe-606f82033c7e;mod=0;room-id=443063688;subscriber=0;tmi-sent-ts=1566532602125;turbo=0;user-id=125402779;user-type= :gabrigode!gabrigode@gabrigode.tmi.twitch.tv PRIVMSG #beringelamilgrau :!price Warframe
8/23/2019 12:56:44 AM: bot_stay_high - Received: @badge-info=;badges=;color=;display-name=bot_stay_high;emote-sets=0;mod=0;subscriber=0;user-type= :tmi.twitch.tv USERSTATE #beringelamilgrau
8/23/2019 12:56:48 AM: bot_stay_high - Received: @badge-info=;badges=premium/1;color=#3AC6D0;display-name=Gabrigode;emotes=;flags=;id=1e6fe069-3878-4f9e-802f-30601af6dffe;mod=0;room-id=443063688;subscriber=0;tmi-sent-ts=1566532608077;turbo=0;user-id=125402779;user-type= :gabrigode!gabrigode@gabrigode.tmi.twitch.tv PRIVMSG #beringelamilgrau :FeelsOkayMan
8/23/2019 12:56:51 AM: bot_stay_high - Received: @badge-info=;badges=vip/1;color=#FF69B4;display-name=rbruno018;emotes=;flags=;id=48a95efb-dd9f-4b21-82af-1aa6c1f963e8;mod=0;room-id=443063688;subscriber=0;tmi-sent-ts=1566532611483;turbo=0;user-id=216448313;user-type= :rbruno018!rbruno018@rbruno018.tmi.twitch.tv PRIVMSG #beringelamilgrau :FeelsOkayMan
8/23/2019 12:57:03 AM: bot_stay_high - Received: @badge-info=;badges=vip/1;color=#FF69B4;display-name=rbruno018;emotes=;flags=;id=3290ebb2-11a5-460f-9682-f169a86c5c3c;mod=0;room-id=443063688;subscriber=0;tmi-sent-ts=1566532622585;turbo=0;user-id=216448313;user-type= :rbruno018!rbruno018@rbruno018.tmi.twitch.tv PRIVMSG #beringelamilgrau :de gra?a FeelsOkayMan
8/23/2019 12:57:13 AM: bot_stay_high - Received: @badge-info=subscriber/2;badges=vip/1,subscriber/0,bits-charity/1;color=#5F9EA0;display-name=Jean__;emotes=;flags=;id=9cdcb8fe-e077-48b8-9cb4-00716bc2f272;mod=0;room-id=443063688;subscriber=1;tmi-sent-ts=1566532632708;turbo=0;user-id=38479494;user-type= :jean__!jean__@jean__.tmi.twitch.tv PRIVMSG #beringelamilgrau :!price Pepega
8/23/2019 12:57:14 AM: bot_stay_high - Received: @badge-info=;badges=;color=;display-name=bot_stay_high;emote-sets=0;mod=0;subscriber=0;user-type= :tmi.twitch.tv USERSTATE #beringelamilgrau
8/23/2019 12:57:15 AM: bot_stay_high - Received: @badge-info=;badges=;color=;display-name=joseantonio001;emotes=;flags=;id=16be2860-16f9-4399-b48a-0912b7a99877;mod=0;room-id=443063688;subscriber=0;tmi-sent-ts=1566532635545;turbo=0;user-id=157525923;user-type= :joseantonio001!joseantonio001@joseantonio001.tmi.twitch.tv PRIVMSG #beringelamilgrau :!price bolsa familia
8/23/2019 12:57:17 AM: bot_stay_high - Received: @badge-info=;badges=;color=;display-name=bot_stay_high;emote-sets=0;mod=0;subscriber=0;user-type= :tmi.twitch.tv USERSTATE #beringelamilgrau
8/23/2019 12:57:19 AM: bot_stay_high - Received: @badge-info=subscriber/2;badges=vip/1,subscriber/0,bits-charity/1;color=#5F9EA0;display-name=Jean__;emotes=;flags=;id=fc5acc99-813e-46eb-bf42-2292f6f1b777;mod=0;room-id=443063688;subscriber=1;tmi-sent-ts=1566532639258;turbo=0;user-id=38479494;user-type= :jean__!jean__@jean__.tmi.twitch.tv PRIVMSG #beringelamilgrau :ConcernFroge
8/23/2019 12:57:21 AM: bot_stay_high - Received: @badge-info=;badges=premium/1;color=#3AC6D0;display-name=Gabrigode;emotes=;flags=;id=a4e1c4ac-e918-4578-bc60-d0923e16a3d0;mod=0;room-id=443063688;subscriber=0;tmi-sent-ts=1566532641075;turbo=0;user-id=125402779;user-type= :gabrigode!gabrigode@gabrigode.tmi.twitch.tv PRIVMSG #beringelamilgrau :!price animal
8/23/2019 12:57:23 AM: bot_stay_high - Received: @badge-info=;badges=;color=;display-name=bot_stay_high;emote-sets=0;mod=0;subscriber=0;user-type= :tmi.twitch.tv USERSTATE #beringelamilgrau
8/23/2019 12:57:42 AM: bot_stay_high - Received: @badge-info=;badges=vip/1;color=#FF69B4;display-name=rbruno018;emotes=;flags=;id=cc217df7-8ef8-4188-aae1-b4630fd401e5;mod=0;room-id=443063688;subscriber=0;tmi-sent-ts=1566532661751;turbo=0;user-id=216448313;user-type= :rbruno018!rbruno018@rbruno018.tmi.twitch.tv PRIVMSG #beringelamilgrau :!price fallout shelter
8/23/2019 12:57:43 AM: bot_stay_high - Received: @badge-info=;badges=;color=;display-name=bot_stay_high;emote-sets=0;mod=0;subscriber=0;user-type= :tmi.twitch.tv USERSTATE #beringelamilgrau
8/23/2019 12:57:44 AM: bot_stay_high - Received: PING :tmi.twitch.tv
8/23/2019 12:57:44 AM: bot_stay_high - Writing: PONG
8/23/2019 12:57:47 AM: bot_stay_high - Received: @badge-info=;badges=vip/1;color=#FF69B4;display-name=rbruno018;emotes=;flags=;id=b86350e8-2091-4176-985a-3a9512feed77;mod=0;room-id=443063688;subscriber=0;tmi-sent-ts=1566532667353;turbo=0;user-id=216448313;user-type= :rbruno018!rbruno018@rbruno018.tmi.twitch.tv PRIVMSG #beringelamilgrau :monkaHmm
8/23/2019 12:57:48 AM: bot_stay_high - Received: @badge-info=;badges=moderator/1;color=#FF9600;display-name=ddanniell;emotes=;flags=;id=88f76d63-79da-4ff8-b28b-7231af3aa6f1;mod=1;room-id=443063688;subscriber=0;tmi-sent-ts=1566532667759;turbo=0;user-id=36163282;user-type=mod :ddanniell!ddanniell@ddanniell.tmi.twitch.tv PRIVMSG #beringelamilgrau :!price pt
8/23/2019 12:57:50 AM: bot_stay_high - Received: @badge-info=;badges=;color=;display-name=bot_stay_high;emote-sets=0;mod=0;subscriber=0;user-type= :tmi.twitch.tv USERSTATE #beringelamilgrau
8/23/2019 12:57:57 AM: bot_stay_high - Received: @badge-info=;badges=vip/1;color=#FF69B4;display-name=rbruno018;emotes=;flags=;id=ad12f56e-0691-40d9-8e9c-4b2c59916a81;mod=0;room-id=443063688;subscriber=0;tmi-sent-ts=1566532677222;turbo=0;user-id=216448313;user-type= :rbruno018!rbruno018@rbruno018.tmi.twitch.tv PRIVMSG #beringelamilgrau :monkaHmm
8/23/2019 12:58:13 AM: bot_stay_high - Received: @badge-info=;badges=vip/1;color=#FF69B4;display-name=rbruno018;emotes=;flags=;id=64aff6f4-1960-493e-97e9-457e21dc7e94;mod=0;room-id=443063688;subscriber=0;tmi-sent-ts=1566532692922;turbo=0;user-id=216448313;user-type= :rbruno018!rbruno018@rbruno018.tmi.twitch.tv PRIVMSG #beringelamilgrau :!price bolsonaro
8/23/2019 12:58:15 AM: bot_stay_high - Received: @badge-info=;badges=;color=;display-name=bot_stay_high;emote-sets=0;mod=0;subscriber=0;user-type= :tmi.twitch.tv USERSTATE #beringelamilgrau
8/23/2019 12:58:20 AM: bot_stay_high - Received: @badge-info=;badges=vip/1;color=#FF69B4;display-name=rbruno018;emotes=;flags=;id=30f813eb-4878-4d22-ad9a-0528612817ec;mod=0;room-id=443063688;subscriber=0;tmi-sent-ts=1566532700340;turbo=0;user-id=216448313;user-type= :rbruno018!rbruno018@rbruno018.tmi.twitch.tv PRIVMSG #beringelamilgrau :FeelsOkayMan
8/23/2019 12:58:39 AM: bot_stay_high - Received: @badge-info=;badges=premium/1;color=#3AC6D0;display-name=Gabrigode;emotes=160401:7-12;flags=;id=7c9d7611-706b-4e05-8ef3-b60d0368d233;mod=0;room-id=443063688;subscriber=0;tmi-sent-ts=1566532719252;turbo=0;user-id=125402779;user-type= :gabrigode!gabrigode@gabrigode.tmi.twitch.tv PRIVMSG #beringelamilgrau :!price PunOko
8/23/2019 12:58:40 AM: bot_stay_high - Received: @badge-info=;badges=;color=;display-name=bot_stay_high;emote-sets=0;mod=0;subscriber=0;user-type= :tmi.twitch.tv USERSTATE #beringelamilgrau
8/23/2019 12:58:45 AM: bot_stay_high - Received: @badge-info=subscriber/2;badges=vip/1,subscriber/0,bits-charity/1;color=#5F9EA0;display-name=Jean__;emotes=;flags=;id=aaf60538-2057-4a84-95d5-93a15e0f7795;mod=0;room-id=443063688;subscriber=1;tmi-sent-ts=1566532724855;turbo=0;user-id=38479494;user-type= :jean__!jean__@jean__.tmi.twitch.tv PRIVMSG #beringelamilgrau :PepeLaugh
8/23/2019 12:58:46 AM: bot_stay_high - Received: @badge-info=;badges=;color=;display-name=joseantonio001;emotes=;flags=;id=9ffdadb4-41d4-477a-96af-e51eb8e1983e;mod=0;room-id=443063688;subscriber=0;tmi-sent-ts=1566532726488;turbo=0;user-id=157525923;user-type= :joseantonio001!joseantonio001@joseantonio001.tmi.twitch.tv PRIVMSG #beringelamilgrau :!price comunismo
8/23/2019 12:58:48 AM: bot_stay_high - Received: @badge-info=;badges=;color=;display-name=bot_stay_high;emote-sets=0;mod=0;subscriber=0;user-type= :tmi.twitch.tv USERSTATE #beringelamilgrau
8/23/2019 12:58:48 AM: bot_stay_high - Received: @badge-info=;badges=moderator/1;color=#FF9600;display-name=ddanniell;emotes=;flags=;id=0478537a-055d-4d30-9093-26afc9388d3d;mod=1;room-id=443063688;subscriber=0;tmi-sent-ts=1566532728330;turbo=0;user-id=36163282;user-type=mod :ddanniell!ddanniell@ddanniell.tmi.twitch.tv PRIVMSG #beringelamilgrau :!price lula livre
8/23/2019 12:58:53 AM: bot_stay_high - Received: @badge-info=subscriber/2;badges=vip/1,subscriber/0,bits-charity/1;color=#5F9EA0;display-name=Jean__;emotes=;flags=;id=e27f8af4-ff7f-4c9f-8d30-0330677572de;mod=0;room-id=443063688;subscriber=1;tmi-sent-ts=1566532732553;turbo=0;user-id=38479494;user-type= :jean__!jean__@jean__.tmi.twitch.tv PRIVMSG #beringelamilgrau :ele manja dos bots FeelsOkayMan
8/23/2019 12:58:58 AM: bot_stay_high - Received: @badge-info=;badges=moderator/1;color=#FF9600;display-name=ddanniell;emotes=;flags=;id=11b52e9c-628a-4102-ba1b-a37091bd268b;mod=1;room-id=443063688;subscriber=0;tmi-sent-ts=1566532737537;turbo=0;user-id=36163282;user-type=mod :ddanniell!ddanniell@ddanniell.tmi.twitch.tv PRIVMSG #beringelamilgrau :!price lula livre
8/23/2019 12:59:07 AM: bot_stay_high - Received: @badge-info=subscriber/2;badges=vip/1,subscriber/0,bits-charity/1;color=#5F9EA0;display-name=Jean__;emotes=;flags=;id=9b6971ff-c2cf-489a-baa7-4c6fd0fe1c6c;mod=0;room-id=443063688;subscriber=1;tmi-sent-ts=1566532747462;turbo=0;user-id=38479494;user-type= :jean__!jean__@jean__.tmi.twitch.tv PRIVMSG #beringelamilgrau :monkaHmm
8/23/2019 12:59:08 AM: bot_stay_high - Received: @badge-info=;badges=premium/1;color=#3AC6D0;display-name=Gabrigode;emotes=;flags=;id=baa34936-e201-4424-b31f-6bbbb4a77a86;mod=0;room-id=443063688;subscriber=0;tmi-sent-ts=1566532748062;turbo=0;user-id=125402779;user-type= :gabrigode!gabrigode@gabrigode.tmi.twitch.tv PRIVMSG #beringelamilgrau :!price luta livre
8/23/2019 12:59:12 AM: bot_stay_high - Received: @badge-info=;badges=;color=;display-name=bot_stay_high;emote-sets=0;mod=0;subscriber=0;user-type= :tmi.twitch.tv USERSTATE #beringelamilgrau
8/23/2019 12:59:13 AM: bot_stay_high - Received: @badge-info=subscriber/2;badges=vip/1,subscriber/0,bits-charity/1;color=#5F9EA0;display-name=Jean__;emotes=;flags=;id=0bbbaa68-52ed-47c8-a720-2ae2d93a955f;mod=0;room-id=443063688;subscriber=1;tmi-sent-ts=1566532752590;turbo=0;user-id=38479494;user-type= :jean__!jean__@jean__.tmi.twitch.tv PRIVMSG #beringelamilgrau :ta dando bad request PepeLaugh
8/23/2019 12:59:32 AM: bot_stay_high - Received: @badge-info=;badges=;color=;display-name=joseantonio001;emotes=;flags=;id=418d7b1b-7a3d-4045-a26b-7492bb153b15;mod=0;room-id=443063688;subscriber=0;tmi-sent-ts=1566532771769;turbo=0;user-id=157525923;user-type= :joseantonio001!joseantonio001@joseantonio001.tmi.twitch.tv PRIVMSG #beringelamilgrau :!price escravos
8/23/2019 12:59:33 AM: bot_stay_high - Received: @badge-info=;badges=;color=;display-name=bot_stay_high;emote-sets=0;mod=0;subscriber=0;user-type= :tmi.twitch.tv USERSTATE #beringelamilgrau
8/23/2019 12:59:38 AM: bot_stay_high - Received: @badge-info=;badges=premium/1;color=#3AC6D0;display-name=Gabrigode;emotes=;flags=;id=2d5a2fe4-114a-498b-810f-f04e3b5c1490;mod=0;room-id=443063688;subscriber=0;tmi-sent-ts=1566532778253;turbo=0;user-id=125402779;user-type= :gabrigode!gabrigode@gabrigode.tmi.twitch.tv PRIVMSG #beringelamilgrau :eu vi que voc? comprou uns narutos, Montee FeelsOkayMan
8/23/2019 12:59:44 AM: bot_stay_high - Received: @badge-info=;badges=vip/1;color=#FF69B4;display-name=rbruno018;emotes=;flags=;id=03c4bdf8-d407-4a3c-96a3-c28403c87580;mod=0;room-id=443063688;subscriber=0;tmi-sent-ts=1566532784100;turbo=0;user-id=216448313;user-type= :rbruno018!rbruno018@rbruno018.tmi.twitch.tv PRIVMSG #beringelamilgrau :FeelsOkayMan
8/23/2019 12:59:50 AM: bot_stay_high - Received: @badge-info=subscriber/2;badges=vip/1,subscriber/0,bits-charity/1;color=#5F9EA0;display-name=Jean__;emotes=;flags=;id=b44b96a2-1842-4d25-b990-bfdce0f24824;mod=0;room-id=443063688;subscriber=1;tmi-sent-ts=1566532790080;turbo=0;user-id=38479494;user-type= :jean__!jean__@jean__.tmi.twitch.tv PRIVMSG #beringelamilgrau :!price maria renata
8/23/2019 12:59:51 AM: bot_stay_high - Received: @badge-info=;badges=premium/1;color=#3AC6D0;display-name=Gabrigode;emotes=;flags=;id=dea343e1-0bf5-4222-8309-a2311860d90d;mod=0;room-id=443063688;subscriber=0;tmi-sent-ts=1566532791152;turbo=0;user-id=125402779;user-type= :gabrigode!gabrigode@gabrigode.tmi.twitch.tv PRIVMSG #beringelamilgrau :MONTEE
8/23/2019 12:59:52 AM: bot_stay_high - Received: @badge-info=;badges=;color=;display-name=bot_stay_high;emote-sets=0;mod=0;subscriber=0;user-type= :tmi.twitch.tv USERSTATE #beringelamilgrau
8/23/2019 12:59:55 AM: bot_stay_high - Received: @badge-info=;badges=vip/1;color=#FF69B4;display-name=rbruno018;emotes=;flags=;id=8f7557df-aae8-44ce-88e2-fe423e1d476d;mod=0;room-id=443063688;subscriber=0;tmi-sent-ts=1566532794679;turbo=0;user-id=216448313;user-type= :rbruno018!rbruno018@rbruno018.tmi.twitch.tv PRIVMSG #beringelamilgrau :ainda bem FeelsOkayMan
8/23/2019 12:59:56 AM: bot_stay_high - Received: @badge-info=subscriber/2;badges=vip/1,subscriber/0,bits-charity/1;color=#5F9EA0;display-name=Jean__;emotes=;flags=;id=49e75ad2-7718-4fc6-b892-7d084f0181c4;mod=0;room-id=443063688;subscriber=1;tmi-sent-ts=1566532795616;turbo=0;user-id=38479494;user-type= :jean__!jean__@jean__.tmi.twitch.tv PRIVMSG #beringelamilgrau :monkaHmm
8/23/2019 1:00:05 AM: bot_stay_high - Received: @badge-info=;badges=moderator/1,partner/1;color=#7C7CE1;display-name=Nightbot;emotes=1772890:0-7,62-69;flags=;id=aaeef607-657c-47b5-8f05-3dd31cb6737a;mod=1;room-id=443063688;subscriber=0;tmi-sent-ts=1566532804612;turbo=0;user-id=19264788;user-type=mod :nightbot!nightbot@nightbot.tmi.twitch.tv PRIVMSG #beringelamilgrau :lordsSip Olha ai rap?, t? na hora de se hidratar! tomele ?gua lordsSip
8/23/2019 1:00:08 AM: bot_stay_high - Received: @badge-info=;badges=premium/1;color=#3AC6D0;display-name=Gabrigode;emotes=;flags=;id=8c823ec9-9187-4a9a-b39b-0ff20739efc1;mod=0;room-id=443063688;subscriber=0;tmi-sent-ts=1566532808120;turbo=0;user-id=125402779;user-type= :gabrigode!gabrigode@gabrigode.tmi.twitch.tv PRIVMSG #beringelamilgrau :o 3 e o 4 ? MUITO BOM
8/23/2019 1:00:53 AM: bot_stay_high - Received: @badge-info=;badges=;color=;display-name=joseantonio001;emotes=;flags=0-23:;id=89f7b456-65a6-4a8e-a00a-4fb97c9a553a;mod=0;room-id=443063688;subscriber=0;tmi-sent-ts=1566532853385;turbo=0;user-id=157525923;user-type= :joseantonio001!joseantonio001@joseantonio001.tmi.twitch.tv PRIVMSG #beringelamilgrau :!piratacast.com/Berigela
