8/18/2019 8:21:28 PM: botfumante - Connecting to: wss://irc-ws.chat.twitch.tv:443
8/18/2019 8:21:29 PM: botfumante - Should be connected!
8/18/2019 8:21:29 PM: botfumante - Joining channel: beringelamilgrau
8/18/2019 8:21:29 PM: botfumante - Received: :tmi.twitch.tv 001 botfumante :Welcome, GLHF!
8/18/2019 8:21:29 PM: botfumante - Received: :tmi.twitch.tv 002 botfumante :Your host is tmi.twitch.tv
8/18/2019 8:21:29 PM: botfumante - Received: :tmi.twitch.tv 003 botfumante :This server is rather new
8/18/2019 8:21:29 PM: botfumante - Received: :tmi.twitch.tv 004 botfumante :-
8/18/2019 8:21:29 PM: botfumante - Received: :tmi.twitch.tv 375 botfumante :-
8/18/2019 8:21:29 PM: botfumante - Received: :tmi.twitch.tv 372 botfumante :You are in a maze of twisty passages, all alike.
8/18/2019 8:21:29 PM: botfumante - Received: :tmi.twitch.tv 376 botfumante :>
8/18/2019 8:21:29 PM: botfumante - Received: :tmi.twitch.tv CAP * ACK :twitch.tv/membership
8/18/2019 8:21:29 PM: botfumante - Unaccounted for: :tmi.twitch.tv CAP * ACK :twitch.tv/membership
8/18/2019 8:21:29 PM: botfumante - Received: :tmi.twitch.tv CAP * ACK :twitch.tv/commands
8/18/2019 8:21:29 PM: botfumante - Unaccounted for: :tmi.twitch.tv CAP * ACK :twitch.tv/commands
8/18/2019 8:21:30 PM: botfumante - Received: :tmi.twitch.tv CAP * ACK :twitch.tv/tags
8/18/2019 8:21:30 PM: botfumante - Unaccounted for: :tmi.twitch.tv CAP * ACK :twitch.tv/tags
8/18/2019 8:21:30 PM: botfumante - Received: :botfumante!botfumante@botfumante.tmi.twitch.tv JOIN #beringelamilgrau
8/18/2019 8:21:30 PM: botfumante - Received: @badge-info=;badges=;color=;display-name=BotFumante;emote-sets=0;mod=0;subscriber=0;user-type= :tmi.twitch.tv USERSTATE #beringelamilgrau
8/18/2019 8:21:30 PM: botfumante - Received: @emote-only=0;followers-only=-1;r9k=0;rituals=0;room-id=443063688;slow=0;subs-only=0 :tmi.twitch.tv ROOMSTATE #beringelamilgrau
8/18/2019 8:21:30 PM: botfumante - Received: :botfumante.tmi.twitch.tv 353 botfumante = #beringelamilgrau :winsock beringelamilgrau fokernation 0x4c554b49 electricallongboard p0lizei_ nightbot lucasgalvaooo alexisyuki jeffershinobi pedroazure pocrevocrednu icaro ixlimpoke nodamassa besugomaster michelle_rezende tenaciousdoto angeloflight neto56 calibrelordal lurxx tonyxzero xatang streamlabs rbruno018 dreyfk eduardo2647 hisaagi guilhermemeirelles caioken_ glenan totoro pedros_henrik 5uperted joeljb ryuza_ying lucaesan
8/18/2019 8:21:30 PM: botfumante - Received: :botfumante.tmi.twitch.tv 353 botfumante = #beringelamilgrau :jcfleal montee_waffle ced_08 commanderroot cyclemotion zapydos botfumante recoverl vein_nazghoul jean__ gladosxcake biravg rudm09 ddanniell
8/18/2019 8:21:30 PM: botfumante - Received: :botfumante.tmi.twitch.tv 366 botfumante #beringelamilgrau :End of /NAMES list
8/18/2019 8:21:30 PM: botfumante - Finished channel joining queue.
8/18/2019 8:21:30 PM: botfumante - Finished channel joining queue.
8/18/2019 8:21:40 PM: botfumante - Received: @badge-info=subscriber/2;badges=vip/1,subscriber/0,bits-charity/1;color=#5F9EA0;display-name=Jean__;emotes=;flags=;id=0e74100a-66bd-4389-8edf-8edbd61e1932;mod=0;room-id=443063688;subscriber=1;tmi-sent-ts=1566170498805;turbo=0;user-id=38479494;user-type= :jean__!jean__@jean__.tmi.twitch.tv PRIVMSG #beringelamilgrau :!debug
8/18/2019 8:21:43 PM: botfumante - Received: @badge-info=subscriber/2;badges=vip/1,subscriber/0,bits-charity/1;color=#5F9EA0;display-name=Jean__;emotes=;flags=;id=d0d542b2-5b5e-4f76-a1a8-301b493b591c;mod=0;room-id=443063688;subscriber=1;tmi-sent-ts=1566170501853;turbo=0;user-id=38479494;user-type= :jean__!jean__@jean__.tmi.twitch.tv PRIVMSG #beringelamilgrau :monkaHmm
8/18/2019 8:21:54 PM: botfumante - Received: @badge-info=subscriber/2;badges=vip/1,subscriber/0,bits-charity/1;color=#5F9EA0;display-name=Jean__;emotes=;flags=;id=bcfbe70f-00d1-414d-ace6-5ff09fa371c5;mod=0;room-id=443063688;subscriber=1;tmi-sent-ts=1566170512930;turbo=0;user-id=38479494;user-type= :jean__!jean__@jean__.tmi.twitch.tv PRIVMSG #beringelamilgrau :nao funciona controle de volume PepeHandsE
