8/23/2019 1:24:36 AM: bot_stay_high - Connecting to: wss://irc-ws.chat.twitch.tv:443
8/23/2019 1:24:37 AM: bot_stay_high - Should be connected!
8/23/2019 1:24:37 AM: bot_stay_high - Joining channel: beringelamilgrau
8/23/2019 1:24:37 AM: bot_stay_high - Received: :tmi.twitch.tv 001 bot_stay_high :Welcome, GLHF!
8/23/2019 1:24:37 AM: bot_stay_high - Received: :tmi.twitch.tv 002 bot_stay_high :Your host is tmi.twitch.tv
8/23/2019 1:24:37 AM: bot_stay_high - Received: :tmi.twitch.tv 003 bot_stay_high :This server is rather new
8/23/2019 1:24:37 AM: bot_stay_high - Received: :tmi.twitch.tv 004 bot_stay_high :-
8/23/2019 1:24:37 AM: bot_stay_high - Received: :tmi.twitch.tv 375 bot_stay_high :-
8/23/2019 1:24:37 AM: bot_stay_high - Received: :tmi.twitch.tv 372 bot_stay_high :You are in a maze of twisty passages, all alike.
8/23/2019 1:24:37 AM: bot_stay_high - Received: :tmi.twitch.tv 376 bot_stay_high :>
8/23/2019 1:24:37 AM: bot_stay_high - Received: :tmi.twitch.tv CAP * ACK :twitch.tv/membership
8/23/2019 1:24:37 AM: bot_stay_high - Unaccounted for: :tmi.twitch.tv CAP * ACK :twitch.tv/membership
8/23/2019 1:24:37 AM: bot_stay_high - Received: :tmi.twitch.tv CAP * ACK :twitch.tv/commands
8/23/2019 1:24:37 AM: bot_stay_high - Unaccounted for: :tmi.twitch.tv CAP * ACK :twitch.tv/commands
8/23/2019 1:24:37 AM: bot_stay_high - Received: :tmi.twitch.tv CAP * ACK :twitch.tv/tags
8/23/2019 1:24:37 AM: bot_stay_high - Unaccounted for: :tmi.twitch.tv CAP * ACK :twitch.tv/tags
8/23/2019 1:24:37 AM: bot_stay_high - Received: :bot_stay_high!bot_stay_high@bot_stay_high.tmi.twitch.tv JOIN #beringelamilgrau
8/23/2019 1:24:37 AM: bot_stay_high - Received: :bot_stay_high.tmi.twitch.tv 353 bot_stay_high = #beringelamilgrau :bot_stay_high
8/23/2019 1:24:38 AM: bot_stay_high - Received: :bot_stay_high.tmi.twitch.tv 366 bot_stay_high #beringelamilgrau :End of /NAMES list
8/23/2019 1:24:38 AM: bot_stay_high - Finished channel joining queue.
8/23/2019 1:24:38 AM: bot_stay_high - Received: @badge-info=;badges=;color=;display-name=bot_stay_high;emote-sets=0;mod=0;subscriber=0;user-type= :tmi.twitch.tv USERSTATE #beringelamilgrau
8/23/2019 1:24:38 AM: bot_stay_high - Received: @emote-only=0;followers-only=-1;r9k=0;rituals=0;room-id=443063688;slow=0;subs-only=0 :tmi.twitch.tv ROOMSTATE #beringelamilgrau
8/23/2019 1:24:38 AM: bot_stay_high - Finished channel joining queue.
8/23/2019 1:24:40 AM: bot_stay_high - Received: @badge-info=subscriber/2;badges=vip/1,subscriber/0,bits-charity/1;color=#5F9EA0;display-name=Jean__;emotes=;flags=;id=45158407-4ab5-452e-83e4-951c8c25b05a;mod=0;room-id=443063688;subscriber=1;tmi-sent-ts=1566534280350;turbo=0;user-id=38479494;user-type= :jean__!jean__@jean__.tmi.twitch.tv PRIVMSG #beringelamilgrau :!price jean
8/23/2019 1:24:42 AM: bot_stay_high - Received: @badge-info=;badges=;color=;display-name=bot_stay_high;emote-sets=0;mod=0;subscriber=0;user-type= :tmi.twitch.tv USERSTATE #beringelamilgrau
8/23/2019 1:24:48 AM: bot_stay_high - Received: @badge-info=subscriber/2;badges=vip/1,subscriber/0,bits-charity/1;color=#5F9EA0;display-name=Jean__;emotes=;flags=;id=49602b31-409a-48af-8a79-2416a1aa5e2a;mod=0;room-id=443063688;subscriber=1;tmi-sent-ts=1566534287757;turbo=0;user-id=38479494;user-type= :jean__!jean__@jean__.tmi.twitch.tv PRIVMSG #beringelamilgrau :!price jean
8/23/2019 1:24:50 AM: bot_stay_high - Received: @badge-info=;badges=;color=;display-name=bot_stay_high;emote-sets=0;mod=0;subscriber=0;user-type= :tmi.twitch.tv USERSTATE #beringelamilgrau
8/23/2019 1:25:00 AM: bot_stay_high - Received: :lurxx!lurxx@lurxx.tmi.twitch.tv JOIN #beringelamilgrau
8/23/2019 1:25:00 AM: bot_stay_high - Received: :ddanniell!ddanniell@ddanniell.tmi.twitch.tv JOIN #beringelamilgrau
8/23/2019 1:25:00 AM: bot_stay_high - Received: :s1faka!s1faka@s1faka.tmi.twitch.tv JOIN #beringelamilgrau
8/23/2019 1:25:00 AM: bot_stay_high - Received: :rafael_870!rafael_870@rafael_870.tmi.twitch.tv JOIN #beringelamilgrau
8/23/2019 1:25:00 AM: bot_stay_high - Received: :commanderroot!commanderroot@commanderroot.tmi.twitch.tv JOIN #beringelamilgrau
8/23/2019 1:25:00 AM: bot_stay_high - Received: :hostmeraffle!hostmeraffle@hostmeraffle.tmi.twitch.tv JOIN #beringelamilgrau
8/23/2019 1:25:00 AM: bot_stay_high - Received: :montee_waffle!montee_waffle@montee_waffle.tmi.twitch.tv JOIN #beringelamilgrau
8/23/2019 1:25:00 AM: bot_stay_high - Received: :winsock!winsock@winsock.tmi.twitch.tv JOIN #beringelamilgrau
8/23/2019 1:25:00 AM: bot_stay_high - Received: :streamlabs!streamlabs@streamlabs.tmi.twitch.tv JOIN #beringelamilgrau
8/23/2019 1:25:00 AM: bot_stay_high - Received: :jean__!jean__@jean__.tmi.twitch.tv JOIN #beringelamilgrau
8/23/2019 1:25:00 AM: bot_stay_high - Received: :don_torelli!don_torelli@don_torelli.tmi.twitch.tv JOIN #beringelamilgrau
8/23/2019 1:25:00 AM: bot_stay_high - Received: :joseantonio001!joseantonio001@joseantonio001.tmi.twitch.tv JOIN #beringelamilgrau
8/23/2019 1:25:00 AM: bot_stay_high - Received: :beringelamilgrau!beringelamilgrau@beringelamilgrau.tmi.twitch.tv JOIN #beringelamilgrau
8/23/2019 1:25:00 AM: bot_stay_high - Received: :electricallongboard!electricallongboard@electricallongboard.tmi.twitch.tv JOIN #beringelamilgrau
8/23/2019 1:25:00 AM: bot_stay_high - Received: :lucaesan!lucaesan@lucaesan.tmi.twitch.tv JOIN #beringelamilgrau
8/23/2019 1:25:00 AM: bot_stay_high - Received: :rbruno018!rbruno018@rbruno018.tmi.twitch.tv JOIN #beringelamilgrau
8/23/2019 1:25:00 AM: bot_stay_high - Received: :gabrigode!gabrigode@gabrigode.tmi.twitch.tv JOIN #beringelamilgrau
8/23/2019 1:25:25 AM: bot_stay_high - Received: @badge-info=;badges=;color=;display-name=joseantonio001;emotes=;flags=;id=2ec7e8e2-3223-4da2-a367-9d38cb6a7a6e;mod=0;room-id=443063688;subscriber=0;tmi-sent-ts=1566534325108;turbo=0;user-id=157525923;user-type= :joseantonio001!joseantonio001@joseantonio001.tmi.twitch.tv PRIVMSG #beringelamilgrau :!price DC Comics
8/23/2019 1:25:27 AM: bot_stay_high - Received: @badge-info=;badges=;color=;display-name=bot_stay_high;emote-sets=0;mod=0;subscriber=0;user-type= :tmi.twitch.tv USERSTATE #beringelamilgrau
8/23/2019 1:26:30 AM: bot_stay_high - Received: @badge-info=;badges=;color=;display-name=joseantonio001;emotes=;flags=;id=3f3c9f94-9d27-49cc-a8a1-f598fdd99252;mod=0;room-id=443063688;subscriber=0;tmi-sent-ts=1566534389729;turbo=0;user-id=157525923;user-type= :joseantonio001!joseantonio001@joseantonio001.tmi.twitch.tv PRIVMSG #beringelamilgrau :!price ser vagabundo
8/23/2019 1:26:32 AM: bot_stay_high - Received: @badge-info=;badges=;color=;display-name=bot_stay_high;emote-sets=0;mod=0;subscriber=0;user-type= :tmi.twitch.tv USERSTATE #beringelamilgrau
8/23/2019 1:26:43 AM: bot_stay_high - Received: @badge-info=subscriber/2;badges=vip/1,subscriber/0,bits-charity/1;color=#5F9EA0;display-name=Jean__;emotes=;flags=;id=6dd041a8-3392-4840-8fb5-2ffd221071f8;mod=0;room-id=443063688;subscriber=1;tmi-sent-ts=1566534402809;turbo=0;user-id=38479494;user-type= :jean__!jean__@jean__.tmi.twitch.tv PRIVMSG #beringelamilgrau :!price train simulator
8/23/2019 1:26:45 AM: bot_stay_high - Received: @badge-info=;badges=;color=;display-name=bot_stay_high;emote-sets=0;mod=0;subscriber=0;user-type= :tmi.twitch.tv USERSTATE #beringelamilgrau
8/23/2019 1:26:58 AM: bot_stay_high - Received: :s1faka!s1faka@s1faka.tmi.twitch.tv PART #beringelamilgrau
8/23/2019 1:27:17 AM: bot_stay_high - Received: @badge-info=subscriber/2;badges=vip/1,subscriber/0,bits-charity/1;color=#5F9EA0;display-name=Jean__;emotes=;flags=;id=527b9119-ef9a-4474-88db-04f48affca7c;mod=0;room-id=443063688;subscriber=1;tmi-sent-ts=1566534436597;turbo=0;user-id=38479494;user-type= :jean__!jean__@jean__.tmi.twitch.tv PRIVMSG #beringelamilgrau :nao PepeLaugh
8/23/2019 1:27:20 AM: bot_stay_high - Received: @badge-info=;badges=;color=;display-name=joseantonio001;emotes=;flags=;id=f545e150-7207-4118-9245-3d4389a4495f;mod=0;room-id=443063688;subscriber=0;tmi-sent-ts=1566534440174;turbo=0;user-id=157525923;user-type= :joseantonio001!joseantonio001@joseantonio001.tmi.twitch.tv PRIVMSG #beringelamilgrau :!price Bad Dragon
8/23/2019 1:27:22 AM: bot_stay_high - Received: @badge-info=;badges=;color=;display-name=bot_stay_high;emote-sets=0;mod=0;subscriber=0;user-type= :tmi.twitch.tv USERSTATE #beringelamilgrau
8/23/2019 1:28:00 AM: bot_stay_high - Received: :hostmeraffle!hostmeraffle@hostmeraffle.tmi.twitch.tv PART #beringelamilgrau
8/23/2019 1:28:36 AM: bot_stay_high - Received: @badge-info=subscriber/2;badges=vip/1,subscriber/0,bits-charity/1;color=#5F9EA0;display-name=Jean__;emotes=;flags=;id=f9bc00f0-d80a-4c3b-b10e-c27af1829d1c;mod=0;room-id=443063688;subscriber=1;tmi-sent-ts=1566534515670;turbo=0;user-id=38479494;user-type= :jean__!jean__@jean__.tmi.twitch.tv PRIVMSG #beringelamilgrau :!peso 106833
8/23/2019 1:28:36 AM: bot_stay_high - Received: @badge-info=;badges=;color=;display-name=bot_stay_high;emote-sets=0;mod=0;subscriber=0;user-type= :tmi.twitch.tv USERSTATE #beringelamilgrau
8/23/2019 1:28:44 AM: bot_stay_high - Received: @badge-info=subscriber/2;badges=vip/1,subscriber/0,bits-charity/1;color=#5F9EA0;display-name=Jean__;emotes=;flags=;id=217bdb3d-95da-427d-a17e-e7cc7c837c35;mod=0;room-id=443063688;subscriber=1;tmi-sent-ts=1566534524392;turbo=0;user-id=38479494;user-type= :jean__!jean__@jean__.tmi.twitch.tv PRIVMSG #beringelamilgrau :FeelsMan
8/23/2019 1:29:06 AM: bot_stay_high - Received: @badge-info=;badges=;color=;display-name=joseantonio001;emotes=;flags=;id=cdd6ed77-67cf-49df-a257-2990731fc090;mod=0;room-id=443063688;subscriber=0;tmi-sent-ts=1566534546262;turbo=0;user-id=157525923;user-type= :joseantonio001!joseantonio001@joseantonio001.tmi.twitch.tv PRIVMSG #beringelamilgrau :!price um filme q nao seja da marvel
8/23/2019 1:29:08 AM: bot_stay_high - Received: @badge-info=;badges=;color=;display-name=bot_stay_high;emote-sets=0;mod=0;subscriber=0;user-type= :tmi.twitch.tv USERSTATE #beringelamilgrau
8/23/2019 1:29:20 AM: bot_stay_high - Received: PING :tmi.twitch.tv
8/23/2019 1:29:20 AM: bot_stay_high - Writing: PONG
8/23/2019 1:30:13 AM: bot_stay_high - Received: @badge-info=;badges=;color=;display-name=joseantonio001;emotes=;flags=;id=dd460df6-129a-4163-8a61-69b1cac1c1b5;mod=0;room-id=443063688;subscriber=0;tmi-sent-ts=1566534613461;turbo=0;user-id=157525923;user-type= :joseantonio001!joseantonio001@joseantonio001.tmi.twitch.tv PRIVMSG #beringelamilgrau :!price pirataria
8/23/2019 1:30:15 AM: bot_stay_high - Received: @badge-info=;badges=;color=;display-name=bot_stay_high;emote-sets=0;mod=0;subscriber=0;user-type= :tmi.twitch.tv USERSTATE #beringelamilgrau
8/23/2019 1:30:24 AM: bot_stay_high - Received: @badge-info=;badges=;color=;display-name=joseantonio001;emotes=;flags=;id=dcd151fa-60f8-4d95-8dd7-c0ba34401ca2;mod=0;room-id=443063688;subscriber=0;tmi-sent-ts=1566534623763;turbo=0;user-id=157525923;user-type= :joseantonio001!joseantonio001@joseantonio001.tmi.twitch.tv PRIVMSG #beringelamilgrau :concordo
8/23/2019 1:30:35 AM: bot_stay_high - Received: @badge-info=;badges=vip/1;color=#FF69B4;display-name=rbruno018;emotes=;flags=;id=f7fa92d2-83a9-4e3a-9056-be532f9e609b;mod=0;room-id=443063688;subscriber=0;tmi-sent-ts=1566534634964;turbo=0;user-id=216448313;user-type= :rbruno018!rbruno018@rbruno018.tmi.twitch.tv PRIVMSG #beringelamilgrau :!peso 2222
8/23/2019 1:30:35 AM: bot_stay_high - Received: @badge-info=;badges=;color=;display-name=bot_stay_high;emote-sets=0;mod=0;subscriber=0;user-type= :tmi.twitch.tv USERSTATE #beringelamilgrau
8/23/2019 1:31:08 AM: bot_stay_high - Received: :hostmeraffle!hostmeraffle@hostmeraffle.tmi.twitch.tv JOIN #beringelamilgrau
8/23/2019 1:31:09 AM: bot_stay_high - Received: :s1faka!s1faka@s1faka.tmi.twitch.tv JOIN #beringelamilgrau
8/23/2019 1:31:47 AM: bot_stay_high - Received: @badge-info=;badges=;color=;display-name=joseantonio001;emotes=;flags=;id=5a0606aa-719b-4f4a-bb89-c4db0131cef6;mod=0;room-id=443063688;subscriber=0;tmi-sent-ts=1566534707386;turbo=0;user-id=157525923;user-type= :joseantonio001!joseantonio001@joseantonio001.tmi.twitch.tv PRIVMSG #beringelamilgrau :chat morreu FeelsBad
