8/23/2019 10:00:06 PM: botfumante - Connecting to: wss://irc-ws.chat.twitch.tv:443
8/23/2019 10:00:07 PM: botfumante - Should be connected!
8/23/2019 10:00:07 PM: botfumante - Joining channel: beringelamilgrau
8/23/2019 10:00:08 PM: botfumante - Received: :tmi.twitch.tv 001 botfumante :Welcome, GLHF!
8/23/2019 10:00:08 PM: botfumante - Received: :tmi.twitch.tv 002 botfumante :Your host is tmi.twitch.tv
8/23/2019 10:00:08 PM: botfumante - Received: :tmi.twitch.tv 003 botfumante :This server is rather new
8/23/2019 10:00:08 PM: botfumante - Received: :tmi.twitch.tv 004 botfumante :-
8/23/2019 10:00:08 PM: botfumante - Received: :tmi.twitch.tv 375 botfumante :-
8/23/2019 10:00:08 PM: botfumante - Received: :tmi.twitch.tv 372 botfumante :You are in a maze of twisty passages, all alike.
8/23/2019 10:00:08 PM: botfumante - Received: :tmi.twitch.tv 376 botfumante :>
8/23/2019 10:00:08 PM: botfumante - Received: :tmi.twitch.tv CAP * ACK :twitch.tv/membership
8/23/2019 10:00:08 PM: botfumante - Unaccounted for: :tmi.twitch.tv CAP * ACK :twitch.tv/membership
8/23/2019 10:00:08 PM: botfumante - Received: :tmi.twitch.tv CAP * ACK :twitch.tv/commands
8/23/2019 10:00:08 PM: botfumante - Unaccounted for: :tmi.twitch.tv CAP * ACK :twitch.tv/commands
8/23/2019 10:00:08 PM: botfumante - Received: :tmi.twitch.tv CAP * ACK :twitch.tv/tags
8/23/2019 10:00:08 PM: botfumante - Unaccounted for: :tmi.twitch.tv CAP * ACK :twitch.tv/tags
8/23/2019 10:00:08 PM: botfumante - Received: :botfumante!botfumante@botfumante.tmi.twitch.tv JOIN #beringelamilgrau
8/23/2019 10:00:08 PM: botfumante - Received: @badge-info=;badges=;color=;display-name=BotFumante;emote-sets=0;mod=0;subscriber=0;user-type= :tmi.twitch.tv USERSTATE #beringelamilgrau
8/23/2019 10:00:08 PM: botfumante - Received: @emote-only=0;followers-only=-1;r9k=0;rituals=0;room-id=443063688;slow=0;subs-only=0 :tmi.twitch.tv ROOMSTATE #beringelamilgrau
8/23/2019 10:00:08 PM: botfumante - Received: :botfumante.tmi.twitch.tv 353 botfumante = #beringelamilgrau :nightbot gfrediani3 pedroazure ddanniell alexisyuki pedros_henrik beringelamilgrau electricallongboard jean__ streamlabs joseantonio001 hostmeraffle commanderroot rbruno018 calibrelordal hisaagi tonyxzero lurxx winsock s1faka jcfleal lucaesan biravg gladosxcake botfumante
8/23/2019 10:00:08 PM: botfumante - Received: :botfumante.tmi.twitch.tv 366 botfumante #beringelamilgrau :End of /NAMES list
8/23/2019 10:00:08 PM: botfumante - Finished channel joining queue.
8/23/2019 10:00:08 PM: botfumante - Finished channel joining queue.
8/23/2019 10:00:10 PM: botfumante - Received: @badge-info=subscriber/2;badges=vip/1,subscriber/0,bits-charity/1;color=#5F9EA0;display-name=Jean__;emotes=;flags=;id=afa86bef-9288-4778-b2a8-7277673c3127;mod=0;room-id=443063688;subscriber=1;tmi-sent-ts=1566608409616;turbo=0;user-id=38479494;user-type= :jean__!jean__@jean__.tmi.twitch.tv PRIVMSG #beringelamilgrau :!magic
8/23/2019 10:00:11 PM: botfumante - Received: @badge-info=;badges=;color=;display-name=BotFumante;emote-sets=0;mod=0;subscriber=0;user-type= :tmi.twitch.tv USERSTATE #beringelamilgrau
8/23/2019 10:00:17 PM: botfumante - Received: @badge-info=;badges=moderator/1;color=#008000;display-name=TONYXZERO;emotes=;flags=;id=503a4c82-0a84-47b6-a3bb-e16ba6cf7117;mod=1;room-id=443063688;subscriber=0;tmi-sent-ts=1566608416668;turbo=0;user-id=38731171;user-type=mod :tonyxzero!tonyxzero@tonyxzero.tmi.twitch.tv PRIVMSG #beringelamilgrau :Pog
8/23/2019 10:00:18 PM: botfumante - Received: @badge-info=subscriber/2;badges=vip/1,subscriber/0,bits-charity/1;color=#5F9EA0;display-name=Jean__;emotes=;flags=0-7:A.5,9-10:P.5/S.5;id=ac04ebc4-2c6d-4c66-9e28-d44b54c4c3d4;mod=0;room-id=443063688;subscriber=1;tmi-sent-ts=1566608417681;turbo=0;user-id=38479494;user-type= :jean__!jean__@jean__.tmi.twitch.tv PRIVMSG #beringelamilgrau :te odeio c# FeelsMan
8/23/2019 10:00:28 PM: botfumante - Received: @badge-info=;badges=moderator/1,partner/1;color=#2E8B57;display-name=CalibreLordal;emotes=;flags=;id=cd85b3ff-74b9-4f77-aa36-46a5839094b2;mod=1;room-id=443063688;subscriber=0;tmi-sent-ts=1566608426915;turbo=0;user-id=94381006;user-type=mod :calibrelordal!calibrelordal@calibrelordal.tmi.twitch.tv PRIVMSG #beringelamilgrau :brb peepoPants
8/23/2019 10:00:31 PM: botfumante - Received: @badge-info=;badges=moderator/1;color=#008000;display-name=TONYXZERO;emotes=;flags=0-6:P.6;id=4fdb8977-be9a-444a-9ebb-ac863bd0e0a4;mod=1;room-id=443063688;subscriber=0;tmi-sent-ts=1566608430078;turbo=0;user-id=38731171;user-type=mod :tonyxzero!tonyxzero@tonyxzero.tmi.twitch.tv PRIVMSG #beringelamilgrau :D: ?? C*
8/23/2019 10:00:32 PM: botfumante - Received: :5uperted!5uperted@5uperted.tmi.twitch.tv JOIN #beringelamilgrau
8/23/2019 10:00:36 PM: botfumante - Received: @badge-info=;badges=moderator/1;color=#008000;display-name=TONYXZERO;emotes=;flags=;id=45f1e298-acc8-47cf-83b4-ab1326291b50;mod=1;room-id=443063688;subscriber=0;tmi-sent-ts=1566608435623;turbo=0;user-id=38731171;user-type=mod :tonyxzero!tonyxzero@tonyxzero.tmi.twitch.tv PRIVMSG #beringelamilgrau :Ok peepoSip
8/23/2019 10:00:40 PM: botfumante - Received: @badge-info=;badges=;color=;display-name=BotFumante;emote-sets=0;mod=0;subscriber=0;user-type= :tmi.twitch.tv USERSTATE #beringelamilgrau
8/23/2019 10:00:43 PM: botfumante - Received: @badge-info=;badges=vip/1;color=#008000;display-name=Hisaagi;emotes=;flags=;id=2f04078e-7bc8-4cb0-95d9-431c02b486bf;mod=0;room-id=443063688;subscriber=0;tmi-sent-ts=1566608441784;turbo=0;user-id=137774469;user-type= :hisaagi!hisaagi@hisaagi.tmi.twitch.tv PRIVMSG #beringelamilgrau :!price tony
8/23/2019 10:00:46 PM: botfumante - Received: @badge-info=;badges=moderator/1;color=#008000;display-name=TONYXZERO;emotes=;flags=;id=899af181-5d56-4a41-a01f-e6af37bbbca2;mod=1;room-id=443063688;subscriber=0;tmi-sent-ts=1566608444822;turbo=0;user-id=38731171;user-type=mod :tonyxzero!tonyxzero@tonyxzero.tmi.twitch.tv PRIVMSG #beringelamilgrau :?
8/23/2019 10:00:46 PM: botfumante - Received: @badge-info=;badges=;color=;display-name=BotFumante;emote-sets=0;mod=0;subscriber=0;user-type= :tmi.twitch.tv USERSTATE #beringelamilgrau
8/23/2019 10:00:46 PM: botfumante - Received: @badge-info=subscriber/2;badges=vip/1,subscriber/0,bits-charity/1;color=#5F9EA0;display-name=Jean__;emotes=;flags=;id=989a2af6-0c00-4618-b9c5-49fdaf53658b;mod=0;room-id=443063688;subscriber=1;tmi-sent-ts=1566608444936;turbo=0;user-id=38479494;user-type= :jean__!jean__@jean__.tmi.twitch.tv PRIVMSG #beringelamilgrau :FeelsMan
8/23/2019 10:00:53 PM: botfumante - Received: @badge-info=;badges=moderator/1;color=#008000;display-name=TONYXZERO;emotes=;flags=;id=925cc5e1-e188-4640-886f-91b1b19bdf37;mod=1;room-id=443063688;subscriber=0;tmi-sent-ts=1566608452537;turbo=0;user-id=38731171;user-type=mod :tonyxzero!tonyxzero@tonyxzero.tmi.twitch.tv PRIVMSG #beringelamilgrau :OMEGALUL
8/23/2019 10:01:18 PM: botfumante - Received: @badge-info=;badges=;color=#8A2BE2;display-name=pedros_henrik;emotes=;flags=;id=e29e401d-4d36-4fb2-ada0-358778f23bd9;mod=0;room-id=443063688;subscriber=0;tmi-sent-ts=1566608477588;turbo=0;user-id=191506366;user-type= :pedros_henrik!pedros_henrik@pedros_henrik.tmi.twitch.tv PRIVMSG #beringelamilgrau :e nesse jogo que vc manda os demonios mamar Pogplant
8/23/2019 10:01:21 PM: botfumante - Received: @badge-info=;badges=;color=;display-name=joseantonio001;emotes=;flags=;id=f8c94006-1c6a-444c-9e43-675123b1ab6c;mod=0;room-id=443063688;subscriber=0;tmi-sent-ts=1566608479937;turbo=0;user-id=157525923;user-type= :joseantonio001!joseantonio001@joseantonio001.tmi.twitch.tv PRIVMSG #beringelamilgrau :ta rindo sozinho ai DDANIEL compartilha o MENE
8/23/2019 10:01:31 PM: botfumante - Received: :5uperted!5uperted@5uperted.tmi.twitch.tv PART #beringelamilgrau
8/23/2019 10:01:31 PM: botfumante - Received: @badge-info=;badges=moderator/1;color=#008000;display-name=TONYXZERO;emotes=;flags=;id=e56a1945-4374-4e16-90c2-fe38cb000f81;mod=1;room-id=443063688;subscriber=0;tmi-sent-ts=1566608490612;turbo=0;user-id=38731171;user-type=mod :tonyxzero!tonyxzero@tonyxzero.tmi.twitch.tv PRIVMSG #beringelamilgrau :FeelsMan
8/23/2019 10:03:23 PM: botfumante - Received: @badge-info=subscriber/2;badges=vip/1,subscriber/0,bits-charity/1;color=#5F9EA0;display-name=Jean__;emotes=;flags=;id=4be2b94c-e047-4d95-ba7d-71764929e42f;mod=0;room-id=443063688;subscriber=1;tmi-sent-ts=1566608602724;turbo=0;user-id=38479494;user-type= :jean__!jean__@jean__.tmi.twitch.tv PRIVMSG #beringelamilgrau :!magic
8/23/2019 10:03:24 PM: botfumante - Received: @badge-info=;badges=;color=;display-name=BotFumante;emote-sets=0;mod=0;subscriber=0;user-type= :tmi.twitch.tv USERSTATE #beringelamilgrau
8/23/2019 10:03:27 PM: botfumante - Received: @badge-info=subscriber/2;badges=vip/1,subscriber/0,bits-charity/1;color=#5F9EA0;display-name=Jean__;emotes=;flags=;id=1f289713-9f3b-42c5-a2ca-fad82a4170f3;mod=0;room-id=443063688;subscriber=1;tmi-sent-ts=1566608606256;turbo=0;user-id=38479494;user-type= :jean__!jean__@jean__.tmi.twitch.tv PRIVMSG #beringelamilgrau :FeelsOkayMan
8/23/2019 10:03:35 PM: botfumante - Received: :gfrediani3!gfrediani3@gfrediani3.tmi.twitch.tv PART #beringelamilgrau
8/23/2019 10:03:43 PM: botfumante - Received: @badge-info=;badges=;color=#8A2BE2;display-name=pedros_henrik;emotes=;flags=;id=826d90d2-f010-434e-9a7d-82414d1ae837;mod=0;room-id=443063688;subscriber=0;tmi-sent-ts=1566608622660;turbo=0;user-id=191506366;user-type= :pedros_henrik!pedros_henrik@pedros_henrik.tmi.twitch.tv PRIVMSG #beringelamilgrau :Pepega magic da bufa
8/23/2019 10:03:48 PM: botfumante - Received: @badge-info=subscriber/2;badges=vip/1,subscriber/0,bits-charity/1;color=#5F9EA0;display-name=Jean__;emotes=;flags=;id=3f65b5ea-478e-40ce-9203-5794f40d50a0;mod=0;room-id=443063688;subscriber=1;tmi-sent-ts=1566608627460;turbo=0;user-id=38479494;user-type= :jean__!jean__@jean__.tmi.twitch.tv PRIVMSG #beringelamilgrau :arquivo de texto tava em ansi peepoSmart
8/23/2019 10:03:52 PM: botfumante - Received: @badge-info=;badges=moderator/1;color=#008000;display-name=TONYXZERO;emotes=;flags=;id=705be22b-9797-48b3-863a-ee4b38e7124d;mod=1;room-id=443063688;subscriber=0;tmi-sent-ts=1566608631279;turbo=0;user-id=38731171;user-type=mod :tonyxzero!tonyxzero@tonyxzero.tmi.twitch.tv PRIVMSG #beringelamilgrau :FeelsMan
8/23/2019 10:03:53 PM: botfumante - Received: @badge-info=;badges=;color=#8A2BE2;display-name=pedros_henrik;emotes=;flags=;id=732eee47-111e-42c4-89ce-43d5f94993b9;mod=0;room-id=443063688;subscriber=0;tmi-sent-ts=1566608632041;turbo=0;user-id=191506366;user-type= :pedros_henrik!pedros_henrik@pedros_henrik.tmi.twitch.tv PRIVMSG #beringelamilgrau :!magic
8/23/2019 10:03:53 PM: botfumante - Received: @badge-info=;badges=;color=;display-name=BotFumante;emote-sets=0;mod=0;subscriber=0;user-type= :tmi.twitch.tv USERSTATE #beringelamilgrau
8/23/2019 10:04:09 PM: botfumante - Received: @badge-info=;badges=bits-charity/1;color=#DAA520;display-name=lucaesan;emotes=;flags=;id=25cb0d13-db58-4875-864d-7ca7f75fcefd;mod=0;room-id=443063688;subscriber=0;tmi-sent-ts=1566608648475;turbo=0;user-id=167039036;user-type= :lucaesan!lucaesan@lucaesan.tmi.twitch.tv PRIVMSG #beringelamilgrau :OMEGALUL
8/23/2019 10:04:17 PM: botfumante - Received: @badge-info=;badges=moderator/1;color=#008000;display-name=TONYXZERO;emotes=;flags=;id=e9dba17d-697f-46f1-a43c-29c2d7c7d002;mod=1;room-id=443063688;subscriber=0;tmi-sent-ts=1566608656009;turbo=0;user-id=38731171;user-type=mod :tonyxzero!tonyxzero@tonyxzero.tmi.twitch.tv PRIVMSG #beringelamilgrau :FeelsMan
8/23/2019 10:04:24 PM: botfumante - Received: @badge-info=;badges=bits-charity/1;color=#DAA520;display-name=lucaesan;emotes=;flags=;id=3e16a504-48f2-4786-ab87-9ce943dfd0cd;mod=0;room-id=443063688;subscriber=0;tmi-sent-ts=1566608662821;turbo=0;user-id=167039036;user-type= :lucaesan!lucaesan@lucaesan.tmi.twitch.tv PRIVMSG #beringelamilgrau :!magic
8/23/2019 10:04:24 PM: botfumante - Received: @badge-info=;badges=;color=;display-name=BotFumante;emote-sets=0;mod=0;subscriber=0;user-type= :tmi.twitch.tv USERSTATE #beringelamilgrau
8/23/2019 10:04:52 PM: botfumante - Received: @badge-info=subscriber/2;badges=vip/1,subscriber/0,bits-charity/1;color=#5F9EA0;display-name=Jean__;emotes=;flags=;id=8abcfcaa-b706-493f-a0ec-7f8bc22db951;mod=0;room-id=443063688;subscriber=1;tmi-sent-ts=1566608691440;turbo=0;user-id=38479494;user-type= :jean__!jean__@jean__.tmi.twitch.tv PRIVMSG #beringelamilgrau :!magic
8/23/2019 10:04:53 PM: botfumante - Received: @badge-info=;badges=;color=;display-name=BotFumante;emote-sets=0;mod=0;subscriber=0;user-type= :tmi.twitch.tv USERSTATE #beringelamilgrau
8/23/2019 10:04:56 PM: botfumante - Received: @badge-info=subscriber/2;badges=vip/1,subscriber/0,bits-charity/1;color=#5F9EA0;display-name=Jean__;emotes=;flags=;id=801f47c5-019c-4866-b8ba-c2fc284cbf82;mod=0;room-id=443063688;subscriber=1;tmi-sent-ts=1566608694987;turbo=0;user-id=38479494;user-type= :jean__!jean__@jean__.tmi.twitch.tv PRIVMSG #beringelamilgrau :monkaHmm
8/23/2019 10:04:59 PM: botfumante - Received: @badge-info=;badges=moderator/1;color=#008000;display-name=TONYXZERO;emotes=;flags=;id=8919883f-7bb2-4c94-b9ae-1dc9f882fda9;mod=1;room-id=443063688;subscriber=0;tmi-sent-ts=1566608697786;turbo=0;user-id=38731171;user-type=mod :tonyxzero!tonyxzero@tonyxzero.tmi.twitch.tv PRIVMSG #beringelamilgrau :Jean, depois pede ajuda pro Taichi pra colocar mais uns emojis ai peepoSip
8/23/2019 10:05:06 PM: botfumante - Received: PING :tmi.twitch.tv
8/23/2019 10:05:06 PM: botfumante - Writing: PONG
8/23/2019 10:05:13 PM: botfumante - Received: @badge-info=subscriber/2;badges=vip/1,subscriber/0,bits-charity/1;color=#5F9EA0;display-name=Jean__;emotes=;flags=;id=1160ff47-bfde-442a-aef9-a33da8d53b13;mod=0;room-id=443063688;subscriber=1;tmi-sent-ts=1566608712664;turbo=0;user-id=38479494;user-type= :jean__!jean__@jean__.tmi.twitch.tv PRIVMSG #beringelamilgrau :eu to com pregui?a de colocar eles FeelsMan
8/23/2019 10:05:29 PM: botfumante - Received: @badge-info=subscriber/2;badges=vip/1,subscriber/0,bits-charity/1;color=#5F9EA0;display-name=Jean__;emotes=;flags=;id=18ec1f50-fe76-4931-af3b-e09803be3f62;mod=0;room-id=443063688;subscriber=1;tmi-sent-ts=1566608727818;turbo=0;user-id=38479494;user-type= :jean__!jean__@jean__.tmi.twitch.tv PRIVMSG #beringelamilgrau :Woweeeeee
8/23/2019 10:05:31 PM: botfumante - Received: @badge-info=subscriber/2;badges=vip/1,subscriber/0,bits-charity/1;color=#5F9EA0;display-name=Jean__;emotes=;flags=;id=82acf1f2-47af-4e01-a571-d33d2c52abea;mod=0;room-id=443063688;subscriber=1;tmi-sent-ts=1566608730106;turbo=0;user-id=38479494;user-type= :jean__!jean__@jean__.tmi.twitch.tv PRIVMSG #beringelamilgrau :monkaHmm
8/23/2019 10:05:32 PM: botfumante - Received: @badge-info=;badges=moderator/1;color=#008000;display-name=TONYXZERO;emotes=;flags=;id=d9b7d4bb-ae17-4e41-a215-7d1d4617589b;mod=1;room-id=443063688;subscriber=0;tmi-sent-ts=1566608731695;turbo=0;user-id=38731171;user-type=mod :tonyxzero!tonyxzero@tonyxzero.tmi.twitch.tv PRIVMSG #beringelamilgrau :Mas n ? cara, ? objeto D:
8/23/2019 10:05:38 PM: botfumante - Received: @badge-info=subscriber/2;badges=vip/1,subscriber/0,bits-charity/1;color=#5F9EA0;display-name=Jean__;emotes=;flags=;id=d580e901-2acb-432f-aae6-a0d8b6e9b75a;mod=0;room-id=443063688;subscriber=1;tmi-sent-ts=1566608737020;turbo=0;user-id=38479494;user-type= :jean__!jean__@jean__.tmi.twitch.tv PRIVMSG #beringelamilgrau :nao tem esse emote aqui FeelsMan
8/23/2019 10:05:47 PM: botfumante - Received: @badge-info=;badges=moderator/1;color=#008000;display-name=TONYXZERO;emotes=;flags=;id=f2d25bd0-c4e6-4f67-82aa-15946ddcc064;mod=1;room-id=443063688;subscriber=0;tmi-sent-ts=1566608746427;turbo=0;user-id=38731171;user-type=mod :tonyxzero!tonyxzero@tonyxzero.tmi.twitch.tv PRIVMSG #beringelamilgrau :Tipo isso aqui D: ?? ??
8/23/2019 10:05:57 PM: botfumante - Received: @badge-info=;badges=;color=#8A2BE2;display-name=pedros_henrik;emotes=;flags=;id=593bc30b-4033-4925-b65f-d934bc20b590;mod=0;room-id=443063688;subscriber=0;tmi-sent-ts=1566608756372;turbo=0;user-id=191506366;user-type= :pedros_henrik!pedros_henrik@pedros_henrik.tmi.twitch.tv PRIVMSG #beringelamilgrau :peepoSleepo essa parte do jogo
8/23/2019 10:06:22 PM: botfumante - Received: @badge-info=;badges=moderator/1;color=#008000;display-name=TONYXZERO;emotes=;flags=8-14:P.5;id=f4096034-b368-4290-8413-abc94dbe0730;mod=1;room-id=443063688;subscriber=0;tmi-sent-ts=1566608781044;turbo=0;user-id=38731171;user-type=mod :tonyxzero!tonyxzero@tonyxzero.tmi.twitch.tv PRIVMSG #beringelamilgrau :Bira ta putasso ja FeelsMan
8/23/2019 10:06:35 PM: botfumante - Received: @badge-info=subscriber/2;badges=vip/1,subscriber/0,bits-charity/1;color=#5F9EA0;display-name=Jean__;emotes=;flags=;id=95e839d1-fdee-4c10-b73c-5918ca319210;mod=0;room-id=443063688;subscriber=1;tmi-sent-ts=1566608794397;turbo=0;user-id=38479494;user-type= :jean__!jean__@jean__.tmi.twitch.tv PRIVMSG #beringelamilgrau :!magic
8/23/2019 10:06:35 PM: botfumante - Received: @badge-info=;badges=;color=;display-name=BotFumante;emote-sets=0;mod=0;subscriber=0;user-type= :tmi.twitch.tv USERSTATE #beringelamilgrau
8/23/2019 10:06:40 PM: botfumante - Received: @badge-info=;badges=vip/1;color=#008000;display-name=Hisaagi;emotes=;flags=;id=f3cb3bc3-e5f5-4a4a-b285-d35c36658f79;mod=0;room-id=443063688;subscriber=0;tmi-sent-ts=1566608799071;turbo=0;user-id=137774469;user-type= :hisaagi!hisaagi@hisaagi.tmi.twitch.tv PRIVMSG #beringelamilgrau :!easy
8/23/2019 10:06:40 PM: botfumante - Received: @badge-info=;badges=moderator/1,partner/1;color=#7C7CE1;display-name=Nightbot;emotes=;flags=;id=ed49252e-88d0-415b-a221-4cfa2b10bffa;mod=1;room-id=443063688;subscriber=0;tmi-sent-ts=1566608799230;turbo=0;user-id=19264788;user-type=mod :nightbot!nightbot@nightbot.tmi.twitch.tv PRIVMSG #beringelamilgrau :"U must be new 2 this game, very easy game." peepoSmart
8/23/2019 10:06:43 PM: botfumante - Received: @badge-info=subscriber/2;badges=vip/1,subscriber/0,bits-charity/1;color=#5F9EA0;display-name=Jean__;emote-only=1;emotes=47:0-9;flags=;id=5b6a7abc-c5aa-4783-b088-bb6df3f07e34;mod=0;room-id=443063688;subscriber=1;tmi-sent-ts=1566608802511;turbo=0;user-id=38479494;user-type= :jean__!jean__@jean__.tmi.twitch.tv PRIVMSG #beringelamilgrau :PunchTrees
8/23/2019 10:06:49 PM: botfumante - Received: @badge-info=;badges=moderator/1;color=#008000;display-name=TONYXZERO;emotes=;flags=;id=460376a5-0005-472f-ae79-c03c9fc72a48;mod=1;room-id=443063688;subscriber=0;tmi-sent-ts=1566608808745;turbo=0;user-id=38731171;user-type=mod :tonyxzero!tonyxzero@tonyxzero.tmi.twitch.tv PRIVMSG #beringelamilgrau :FeelsMan
