2019-07-07 10:11:02 PM: botfumante - Connecting to: wss://irc-ws.chat.twitch.tv:443
2019-07-07 10:11:03 PM: botfumante - Should be connected!
2019-07-07 10:11:03 PM: botfumante - Joining channel: beringelamilgrau
2019-07-07 10:11:03 PM: botfumante - Received: :tmi.twitch.tv 001 botfumante :Welcome, GLHF!
2019-07-07 10:11:03 PM: botfumante - Received: :tmi.twitch.tv 002 botfumante :Your host is tmi.twitch.tv
2019-07-07 10:11:03 PM: botfumante - Received: :tmi.twitch.tv 003 botfumante :This server is rather new
2019-07-07 10:11:03 PM: botfumante - Received: :tmi.twitch.tv 004 botfumante :-
2019-07-07 10:11:03 PM: botfumante - Received: :tmi.twitch.tv 375 botfumante :-
2019-07-07 10:11:03 PM: botfumante - Received: :tmi.twitch.tv 372 botfumante :You are in a maze of twisty passages, all alike.
2019-07-07 10:11:03 PM: botfumante - Received: :tmi.twitch.tv 376 botfumante :>
2019-07-07 10:11:03 PM: botfumante - Received: :tmi.twitch.tv CAP * ACK :twitch.tv/membership
2019-07-07 10:11:03 PM: botfumante - Unaccounted for: :tmi.twitch.tv CAP * ACK :twitch.tv/membership
2019-07-07 10:11:03 PM: botfumante - Received: :tmi.twitch.tv CAP * ACK :twitch.tv/commands
2019-07-07 10:11:03 PM: botfumante - Unaccounted for: :tmi.twitch.tv CAP * ACK :twitch.tv/commands
2019-07-07 10:11:03 PM: botfumante - Received: :tmi.twitch.tv CAP * ACK :twitch.tv/tags
2019-07-07 10:11:03 PM: botfumante - Unaccounted for: :tmi.twitch.tv CAP * ACK :twitch.tv/tags
2019-07-07 10:11:03 PM: botfumante - Received: :botfumante!botfumante@botfumante.tmi.twitch.tv JOIN #beringelamilgrau
2019-07-07 10:11:03 PM: botfumante - Received: :botfumante.tmi.twitch.tv 353 botfumante = #beringelamilgrau :botfumante
2019-07-07 10:11:03 PM: botfumante - Received: :botfumante.tmi.twitch.tv 366 botfumante #beringelamilgrau :End of /NAMES list
2019-07-07 10:11:03 PM: botfumante - Finished channel joining queue.
2019-07-07 10:11:04 PM: botfumante - Received: @badge-info=;badges=;color=;display-name=BotFumante;emote-sets=0;mod=0;subscriber=0;user-type= :tmi.twitch.tv USERSTATE #beringelamilgrau
2019-07-07 10:11:04 PM: botfumante - Received: @emote-only=0;followers-only=-1;r9k=0;rituals=0;room-id=443063688;slow=0;subs-only=0 :tmi.twitch.tv ROOMSTATE #beringelamilgrau
2019-07-07 10:11:04 PM: botfumante - Finished channel joining queue.
2019-07-07 10:11:04 PM: botfumante - Received: :tmi.twitch.tv HOSTTARGET #beringelamilgrau :salsatheone -
2019-07-07 10:11:04 PM: botfumante - Received: @msg-id=host_on :tmi.twitch.tv NOTICE #beringelamilgrau :Now hosting SalsaTheOne.
2019-07-07 10:11:26 PM: botfumante - Received: :anotherttvviewer!anotherttvviewer@anotherttvviewer.tmi.twitch.tv JOIN #beringelamilgrau
2019-07-07 10:11:26 PM: botfumante - Received: :lurxx!lurxx@lurxx.tmi.twitch.tv JOIN #beringelamilgrau
2019-07-07 10:11:26 PM: botfumante - Received: :nightbot!nightbot@nightbot.tmi.twitch.tv JOIN #beringelamilgrau
2019-07-07 10:11:26 PM: botfumante - Received: :xtezinho!xtezinho@xtezinho.tmi.twitch.tv JOIN #beringelamilgrau
2019-07-07 10:11:26 PM: botfumante - Received: :mayyyonaise!mayyyonaise@mayyyonaise.tmi.twitch.tv JOIN #beringelamilgrau
2019-07-07 10:11:26 PM: botfumante - Received: :beringelamilgrau!beringelamilgrau@beringelamilgrau.tmi.twitch.tv JOIN #beringelamilgrau
2019-07-07 10:11:26 PM: botfumante - Received: :adorocoockiej!adorocoockiej@adorocoockiej.tmi.twitch.tv JOIN #beringelamilgrau
2019-07-07 10:11:26 PM: botfumante - Received: :teyyd!teyyd@teyyd.tmi.twitch.tv JOIN #beringelamilgrau
2019-07-07 10:11:26 PM: botfumante - Received: :commanderroot!commanderroot@commanderroot.tmi.twitch.tv JOIN #beringelamilgrau
2019-07-07 10:11:26 PM: botfumante - Received: :skeldom!skeldom@skeldom.tmi.twitch.tv JOIN #beringelamilgrau
2019-07-07 10:11:26 PM: botfumante - Received: :energyzbot!energyzbot@energyzbot.tmi.twitch.tv JOIN #beringelamilgrau
2019-07-07 10:11:26 PM: botfumante - Received: :p0lizei_!p0lizei_@p0lizei_.tmi.twitch.tv JOIN #beringelamilgrau
2019-07-07 10:11:26 PM: botfumante - Received: :zanekyber!zanekyber@zanekyber.tmi.twitch.tv JOIN #beringelamilgrau
2019-07-07 10:11:26 PM: botfumante - Received: :angeloflight!angeloflight@angeloflight.tmi.twitch.tv JOIN #beringelamilgrau
2019-07-07 10:11:26 PM: botfumante - Received: :cachebear!cachebear@cachebear.tmi.twitch.tv JOIN #beringelamilgrau
2019-07-07 10:11:26 PM: botfumante - Received: :lobodrifter!lobodrifter@lobodrifter.tmi.twitch.tv JOIN #beringelamilgrau
2019-07-07 10:11:26 PM: botfumante - Received: :electricallongboard!electricallongboard@electricallongboard.tmi.twitch.tv JOIN #beringelamilgrau
2019-07-07 10:11:26 PM: botfumante - Received: :ddanniell!ddanniell@ddanniell.tmi.twitch.tv JOIN #beringelamilgrau
