8/3/2019 10:32:17 PM: jean__ - Connecting to: wss://irc-ws.chat.twitch.tv:443
8/3/2019 10:32:18 PM: jean__ - Should be connected!
8/3/2019 10:32:18 PM: jean__ - Joining channel: beringelamilgrau
8/3/2019 10:32:19 PM: jean__ - Received: :tmi.twitch.tv 001 jean__ :Welcome, GLHF!
8/3/2019 10:32:19 PM: jean__ - Received: :tmi.twitch.tv 002 jean__ :Your host is tmi.twitch.tv
8/3/2019 10:32:19 PM: jean__ - Received: :tmi.twitch.tv 003 jean__ :This server is rather new
8/3/2019 10:32:19 PM: jean__ - Received: :tmi.twitch.tv 004 jean__ :-
8/3/2019 10:32:19 PM: jean__ - Received: :tmi.twitch.tv 375 jean__ :-
8/3/2019 10:32:19 PM: jean__ - Received: :tmi.twitch.tv 372 jean__ :You are in a maze of twisty passages, all alike.
8/3/2019 10:32:19 PM: jean__ - Received: :tmi.twitch.tv 376 jean__ :>
8/3/2019 10:32:19 PM: jean__ - Received: :tmi.twitch.tv CAP * ACK :twitch.tv/membership
8/3/2019 10:32:19 PM: jean__ - Unaccounted for: :tmi.twitch.tv CAP * ACK :twitch.tv/membership
8/3/2019 10:32:19 PM: jean__ - Received: :tmi.twitch.tv CAP * ACK :twitch.tv/commands
8/3/2019 10:32:19 PM: jean__ - Unaccounted for: :tmi.twitch.tv CAP * ACK :twitch.tv/commands
8/3/2019 10:32:19 PM: jean__ - Received: :tmi.twitch.tv CAP * ACK :twitch.tv/tags
8/3/2019 10:32:19 PM: jean__ - Unaccounted for: :tmi.twitch.tv CAP * ACK :twitch.tv/tags
8/3/2019 10:32:19 PM: jean__ - Received: :jean__!jean__@jean__.tmi.twitch.tv JOIN #beringelamilgrau
8/3/2019 10:32:19 PM: jean__ - Received: :jean__.tmi.twitch.tv 353 jean__ = #beringelamilgrau :jean__
8/3/2019 10:32:19 PM: jean__ - Received: :jean__.tmi.twitch.tv 366 jean__ #beringelamilgrau :End of /NAMES list
8/3/2019 10:32:19 PM: jean__ - Finished channel joining queue.
8/3/2019 10:32:19 PM: jean__ - Received: @badge-info=subscriber/1;badges=vip/1,subscriber/0,bits-charity/1;color=#5F9EA0;display-name=Jean__;emote-sets=0,412472;mod=0;subscriber=1;user-type= :tmi.twitch.tv USERSTATE #beringelamilgrau
8/3/2019 10:32:19 PM: jean__ - Received: @emote-only=0;followers-only=-1;r9k=0;rituals=0;room-id=443063688;slow=0;subs-only=0 :tmi.twitch.tv ROOMSTATE #beringelamilgrau
8/3/2019 10:32:20 PM: jean__ - Finished channel joining queue.
8/3/2019 10:32:23 PM: jean__ - Received: @badge-info=;badges=bits-charity/1;color=#DAA520;display-name=lucaesan;emotes=;flags=;id=a08d4c95-fc6a-4482-8e42-e5c9dd3b686c;mod=0;room-id=443063688;subscriber=0;tmi-sent-ts=1564882342461;turbo=0;user-id=167039036;user-type= :lucaesan!lucaesan@lucaesan.tmi.twitch.tv PRIVMSG #beringelamilgrau :123456789012345678901234567890123456789012345678901234567890123456789012345678901234567890
8/3/2019 10:32:29 PM: jean__ - Received: @badge-info=;badges=bits-charity/1;color=#DAA520;display-name=lucaesan;emotes=;flags=;id=6105ed6f-4d34-4705-bd66-2b6cac497f0e;mod=0;room-id=443063688;subscriber=0;tmi-sent-ts=1564882349018;turbo=0;user-id=167039036;user-type= :lucaesan!lucaesan@lucaesan.tmi.twitch.tv PRIVMSG #beringelamilgrau :100 caracteres ? safe
8/3/2019 10:32:30 PM: jean__ - Received: @badge-info=;badges=moderator/1;color=#008000;display-name=TONYXZERO;emotes=;flags=;id=ce0894e1-783c-4146-87d5-e683e79aa934;mod=1;room-id=443063688;subscriber=0;tmi-sent-ts=1564882349879;turbo=0;user-id=38731171;user-type=mod :tonyxzero!tonyxzero@tonyxzero.tmi.twitch.tv PRIVMSG #beringelamilgrau :N TA ERRADO Pepega
8/3/2019 10:32:43 PM: jean__ - Received: :5uperted!5uperted@5uperted.tmi.twitch.tv JOIN #beringelamilgrau
8/3/2019 10:32:43 PM: jean__ - Received: :vinipg2!vinipg2@vinipg2.tmi.twitch.tv JOIN #beringelamilgrau
8/3/2019 10:32:43 PM: jean__ - Received: :hendrik_leal74!hendrik_leal74@hendrik_leal74.tmi.twitch.tv JOIN #beringelamilgrau
8/3/2019 10:32:43 PM: jean__ - Received: :rovani!rovani@rovani.tmi.twitch.tv JOIN #beringelamilgrau
8/3/2019 10:32:43 PM: jean__ - Received: :slocool!slocool@slocool.tmi.twitch.tv JOIN #beringelamilgrau
8/3/2019 10:32:43 PM: jean__ - Received: :guilhermes!guilhermes@guilhermes.tmi.twitch.tv JOIN #beringelamilgrau
8/3/2019 10:32:43 PM: jean__ - Received: :netolafeta!netolafeta@netolafeta.tmi.twitch.tv JOIN #beringelamilgrau
8/3/2019 10:32:43 PM: jean__ - Received: :p0lizei_!p0lizei_@p0lizei_.tmi.twitch.tv JOIN #beringelamilgrau
8/3/2019 10:32:43 PM: jean__ - Received: :lucaesan!lucaesan@lucaesan.tmi.twitch.tv JOIN #beringelamilgrau
8/3/2019 10:32:43 PM: jean__ - Received: :snapdeep!snapdeep@snapdeep.tmi.twitch.tv JOIN #beringelamilgrau
8/3/2019 10:32:43 PM: jean__ - Received: :totoro!totoro@totoro.tmi.twitch.tv JOIN #beringelamilgrau
8/3/2019 10:32:43 PM: jean__ - Received: :themalkavianx!themalkavianx@themalkavianx.tmi.twitch.tv JOIN #beringelamilgrau
8/3/2019 10:32:43 PM: jean__ - Received: :ddanniell!ddanniell@ddanniell.tmi.twitch.tv JOIN #beringelamilgrau
8/3/2019 10:32:43 PM: jean__ - Received: :quackclube!quackclube@quackclube.tmi.twitch.tv JOIN #beringelamilgrau
8/3/2019 10:32:43 PM: jean__ - Received: :maria_renata!maria_renata@maria_renata.tmi.twitch.tv JOIN #beringelamilgrau
8/3/2019 10:32:43 PM: jean__ - Received: :nightbot!nightbot@nightbot.tmi.twitch.tv JOIN #beringelamilgrau
8/3/2019 10:32:43 PM: jean__ - Received: :s1faka!s1faka@s1faka.tmi.twitch.tv JOIN #beringelamilgrau
8/3/2019 10:32:43 PM: jean__ - Received: :myneyro!myneyro@myneyro.tmi.twitch.tv JOIN #beringelamilgrau
8/3/2019 10:32:43 PM: jean__ - Received: :streamlabs!streamlabs@streamlabs.tmi.twitch.tv JOIN #beringelamilgrau
8/3/2019 10:32:43 PM: jean__ - Received: :tonyxzero!tonyxzero@tonyxzero.tmi.twitch.tv JOIN #beringelamilgrau
8/3/2019 10:32:43 PM: jean__ - Received: :markingouveia!markingouveia@markingouveia.tmi.twitch.tv JOIN #beringelamilgrau
8/3/2019 10:32:43 PM: jean__ - Received: :angeloflight!angeloflight@angeloflight.tmi.twitch.tv JOIN #beringelamilgrau
8/3/2019 10:32:43 PM: jean__ - Received: :hickos98!hickos98@hickos98.tmi.twitch.tv JOIN #beringelamilgrau
8/3/2019 10:32:43 PM: jean__ - Received: :montee_waffle!montee_waffle@montee_waffle.tmi.twitch.tv JOIN #beringelamilgrau
8/3/2019 10:32:43 PM: jean__ - Received: :hisaagi!hisaagi@hisaagi.tmi.twitch.tv JOIN #beringelamilgrau
8/3/2019 10:32:43 PM: jean__ - Received: :freddyybot!freddyybot@freddyybot.tmi.twitch.tv JOIN #beringelamilgrau
8/3/2019 10:32:44 PM: jean__ - Received: :commanderroot!commanderroot@commanderroot.tmi.twitch.tv JOIN #beringelamilgrau
8/3/2019 10:32:44 PM: jean__ - Received: :itsvodoo!itsvodoo@itsvodoo.tmi.twitch.tv JOIN #beringelamilgrau
8/3/2019 10:32:44 PM: jean__ - Received: :nelthlen!nelthlen@nelthlen.tmi.twitch.tv JOIN #beringelamilgrau
8/3/2019 10:32:44 PM: jean__ - Received: :daartur!daartur@daartur.tmi.twitch.tv JOIN #beringelamilgrau
8/3/2019 10:32:44 PM: jean__ - Received: :rbruno018!rbruno018@rbruno018.tmi.twitch.tv JOIN #beringelamilgrau
8/3/2019 10:32:44 PM: jean__ - Received: :lurxx!lurxx@lurxx.tmi.twitch.tv JOIN #beringelamilgrau
8/3/2019 10:32:44 PM: jean__ - Received: :botfumante!botfumante@botfumante.tmi.twitch.tv JOIN #beringelamilgrau
8/3/2019 10:32:44 PM: jean__ - Received: :kaueaalves!kaueaalves@kaueaalves.tmi.twitch.tv JOIN #beringelamilgrau
8/3/2019 10:32:44 PM: jean__ - Received: :beringelamilgrau!beringelamilgrau@beringelamilgrau.tmi.twitch.tv JOIN #beringelamilgrau
8/3/2019 10:32:44 PM: jean__ - Received: :porcosvoadores!porcosvoadores@porcosvoadores.tmi.twitch.tv JOIN #beringelamilgrau
8/3/2019 10:32:44 PM: jean__ - Received: :feuerwehr!feuerwehr@feuerwehr.tmi.twitch.tv JOIN #beringelamilgrau
8/3/2019 10:32:44 PM: jean__ - Received: @badge-info=;badges=moderator/1;color=#008000;display-name=TONYXZERO;emotes=;flags=;id=ae571c9a-99c0-4fa1-bb59-c64909d2a6c9;mod=1;room-id=443063688;subscriber=0;tmi-sent-ts=1564882363284;turbo=0;user-id=38731171;user-type=mod :tonyxzero!tonyxzero@tonyxzero.tmi.twitch.tv PRIVMSG #beringelamilgrau :OMEGALUL
8/3/2019 10:32:48 PM: jean__ - Received: @badge-info=;badges=vip/1;color=#FF69B4;display-name=rbruno018;emotes=;flags=;id=565a437a-e753-4f9b-8b1b-82dec52b84ee;mod=0;room-id=443063688;subscriber=0;tmi-sent-ts=1564882367630;turbo=0;user-id=216448313;user-type= :rbruno018!rbruno018@rbruno018.tmi.twitch.tv PRIVMSG #beringelamilgrau :OMEGALUL
8/3/2019 10:32:51 PM: jean__ - Received: @badge-info=;badges=bits-charity/1;color=#DAA520;display-name=lucaesan;emotes=;flags=;id=78b938c8-f99c-4f7f-816e-6bf927ca49b8;mod=0;room-id=443063688;subscriber=0;tmi-sent-ts=1564882370316;turbo=0;user-id=167039036;user-type= :lucaesan!lucaesan@lucaesan.tmi.twitch.tv PRIVMSG #beringelamilgrau :123456789012345678901234567890123456789012345678901234567890123456789012345678901234567890123456789012345678901234567890
8/3/2019 10:32:59 PM: jean__ - Received: @badge-info=;badges=vip/1;color=#008000;display-name=Hisaagi;emotes=;flags=14-26:A.3/P.6;id=041adbcc-5546-4a15-bc95-b47a5c0c4fb5;mod=0;room-id=443063688;subscriber=0;tmi-sent-ts=1564882378183;turbo=0;user-id=137774469;user-type= :hisaagi!hisaagi@hisaagi.tmi.twitch.tv PRIVMSG #beringelamilgrau :AGR Q EU VI O FILHO DA PUTA COLOCOU UMA GAMEPLAY DE MARIO
8/3/2019 10:32:59 PM: jean__ - Received: @badge-info=;badges=bits-charity/1;color=#DAA520;display-name=lucaesan;emotes=;flags=;id=2818c054-899b-405e-8f24-3478d9a033ea;mod=0;room-id=443063688;subscriber=0;tmi-sent-ts=1564882378891;turbo=0;user-id=167039036;user-type= :lucaesan!lucaesan@lucaesan.tmi.twitch.tv PRIVMSG #beringelamilgrau :1234567890123456789012345678901234567890123456789012345678901234567890123456789012345678901234567890123456789012345678901
8/3/2019 10:33:02 PM: jean__ - Received: @badge-info=;badges=moderator/1;color=#008000;display-name=TONYXZERO;emotes=;flags=;id=4c5279fe-870a-4df2-8bcf-58e4d63de230;mod=1;room-id=443063688;subscriber=0;tmi-sent-ts=1564882382108;turbo=0;user-id=38731171;user-type=mod :tonyxzero!tonyxzero@tonyxzero.tmi.twitch.tv PRIVMSG #beringelamilgrau :Luca testando ai o bot ai peepoSmart
8/3/2019 10:33:08 PM: jean__ - Received: @badge-info=;badges=bits-charity/1;color=#DAA520;display-name=lucaesan;emotes=;flags=;id=f8bc73e5-21b1-4787-96a3-9b2b8e4a9f5b;mod=0;room-id=443063688;subscriber=0;tmi-sent-ts=1564882387144;turbo=0;user-id=167039036;user-type= :lucaesan!lucaesan@lucaesan.tmi.twitch.tv PRIVMSG #beringelamilgrau :131 caracteres da pra mandar
8/3/2019 10:33:09 PM: jean__ - Received: @badge-info=;badges=vip/1;color=#FF69B4;display-name=rbruno018;emotes=;flags=;id=4140d59f-7b27-4289-872f-e47ffba0f8cf;mod=0;room-id=443063688;subscriber=0;tmi-sent-ts=1564882388861;turbo=0;user-id=216448313;user-type= :rbruno018!rbruno018@rbruno018.tmi.twitch.tv PRIVMSG #beringelamilgrau :1234567890123456789012345678901234567890123456789012345678901234567890123456789012345678901234567890123456789012345678901
