8/15/2019 9:22:36 PM: jean__ - Connecting to: wss://irc-ws.chat.twitch.tv:443
8/15/2019 9:22:37 PM: jean__ - Should be connected!
8/15/2019 9:22:37 PM: jean__ - Joining channel: jean__
8/15/2019 9:22:38 PM: jean__ - Received: :tmi.twitch.tv 001 jean__ :Welcome, GLHF!
8/15/2019 9:22:38 PM: jean__ - Received: :tmi.twitch.tv 002 jean__ :Your host is tmi.twitch.tv
8/15/2019 9:22:38 PM: jean__ - Received: :tmi.twitch.tv 003 jean__ :This server is rather new
8/15/2019 9:22:38 PM: jean__ - Received: :tmi.twitch.tv 004 jean__ :-
8/15/2019 9:22:38 PM: jean__ - Received: :tmi.twitch.tv 375 jean__ :-
8/15/2019 9:22:38 PM: jean__ - Received: :tmi.twitch.tv 372 jean__ :You are in a maze of twisty passages, all alike.
8/15/2019 9:22:38 PM: jean__ - Received: :tmi.twitch.tv 376 jean__ :>
8/15/2019 9:22:38 PM: jean__ - Received: :tmi.twitch.tv CAP * ACK :twitch.tv/membership
8/15/2019 9:22:38 PM: jean__ - Unaccounted for: :tmi.twitch.tv CAP * ACK :twitch.tv/membership
8/15/2019 9:22:38 PM: jean__ - Received: :tmi.twitch.tv CAP * ACK :twitch.tv/commands
8/15/2019 9:22:38 PM: jean__ - Unaccounted for: :tmi.twitch.tv CAP * ACK :twitch.tv/commands
8/15/2019 9:22:38 PM: jean__ - Received: :tmi.twitch.tv CAP * ACK :twitch.tv/tags
8/15/2019 9:22:38 PM: jean__ - Unaccounted for: :tmi.twitch.tv CAP * ACK :twitch.tv/tags
8/15/2019 9:22:38 PM: jean__ - Received: :jean__!jean__@jean__.tmi.twitch.tv JOIN #jean__
8/15/2019 9:22:38 PM: jean__ - Received: :jean__.tmi.twitch.tv 353 jean__ = #jean__ :jean__
8/15/2019 9:22:38 PM: jean__ - Received: :jean__.tmi.twitch.tv 366 jean__ #jean__ :End of /NAMES list
8/15/2019 9:22:38 PM: jean__ - Finished channel joining queue.
8/15/2019 9:22:38 PM: jean__ - Received: @badge-info=;badges=broadcaster/1,bits-charity/1;color=#5F9EA0;display-name=Jean__;emote-sets=0,412472,300319631;mod=0;subscriber=0;user-type= :tmi.twitch.tv USERSTATE #jean__
8/15/2019 9:22:38 PM: jean__ - Received: @emote-only=0;followers-only=-1;r9k=0;rituals=0;room-id=38479494;slow=0;subs-only=0 :tmi.twitch.tv ROOMSTATE #jean__
8/15/2019 9:22:38 PM: jean__ - Finished channel joining queue.
8/15/2019 9:22:42 PM: jean__ - Received: @badge-info=;badges=broadcaster/1,bits-charity/1;color=#5F9EA0;display-name=Jean__;emote-sets=0,412472,300319631;mod=0;subscriber=0;user-type= :tmi.twitch.tv USERSTATE #jean__
8/15/2019 9:22:48 PM: jean__ - Received: @badge-info=;badges=broadcaster/1,bits-charity/1;color=#5F9EA0;display-name=Jean__;emote-sets=0,412472,300319631;mod=0;subscriber=0;user-type= :tmi.twitch.tv USERSTATE #jean__
8/15/2019 9:22:48 PM: jean__ - Received: @badge-info=;badges=broadcaster/1,bits-charity/1;color=#5F9EA0;display-name=Jean__;emote-sets=0,412472,300319631;mod=0;subscriber=0;user-type= :tmi.twitch.tv USERSTATE #jean__
8/15/2019 9:22:49 PM: jean__ - Received: @badge-info=;badges=moderator/1,partner/1;color=#7C7CE1;display-name=Nightbot;emotes=;flags=;id=5ac7af7e-a434-4c4a-8d40-2a71cc0be51f;mod=1;room-id=38479494;subscriber=0;tmi-sent-ts=1565914968475;turbo=0;user-id=19264788;user-type=mod :nightbot!nightbot@nightbot.tmi.twitch.tv PRIVMSG #jean__ :@Jean__ -> jean__ is playing dev
8/15/2019 9:22:54 PM: jean__ - Received: @badge-info=;badges=broadcaster/1,bits-charity/1;color=#5F9EA0;display-name=Jean__;emote-sets=0,412472,300319631;mod=0;subscriber=0;user-type= :tmi.twitch.tv USERSTATE #jean__
8/15/2019 9:22:54 PM: jean__ - Received: @badge-info=;badges=broadcaster/1,bits-charity/1;color=#5F9EA0;display-name=Jean__;emote-sets=0,412472,300319631;mod=0;subscriber=0;user-type= :tmi.twitch.tv USERSTATE #jean__
8/15/2019 9:22:55 PM: jean__ - Received: @badge-info=;badges=moderator/1,partner/1;color=#7C7CE1;display-name=Nightbot;emotes=;flags=;id=01dfa521-cf52-47d9-8e10-434930695c53;mod=1;room-id=38479494;subscriber=0;tmi-sent-ts=1565914974587;turbo=0;user-id=19264788;user-type=mod :nightbot!nightbot@nightbot.tmi.twitch.tv PRIVMSG #jean__ :@Jean__ -> jean__ is playing dev
8/15/2019 9:22:57 PM: jean__ - Received: :nightbot!nightbot@nightbot.tmi.twitch.tv JOIN #jean__
8/15/2019 9:23:00 PM: jean__ - Received: @badge-info=;badges=broadcaster/1,bits-charity/1;color=#5F9EA0;display-name=Jean__;emote-sets=0,412472,300319631;mod=0;subscriber=0;user-type= :tmi.twitch.tv USERSTATE #jean__
8/15/2019 9:23:00 PM: jean__ - Received: @badge-info=;badges=broadcaster/1,bits-charity/1;color=#5F9EA0;display-name=Jean__;emote-sets=0,412472,300319631;mod=0;subscriber=0;user-type= :tmi.twitch.tv USERSTATE #jean__
8/15/2019 9:23:01 PM: jean__ - Received: @badge-info=;badges=moderator/1,partner/1;color=#7C7CE1;display-name=Nightbot;emotes=;flags=;id=d3b1498d-f0fb-4d9f-af64-d6610627914b;mod=1;room-id=38479494;subscriber=0;tmi-sent-ts=1565914980495;turbo=0;user-id=19264788;user-type=mod :nightbot!nightbot@nightbot.tmi.twitch.tv PRIVMSG #jean__ :@Jean__ -> jean__ is playing dev
8/15/2019 9:23:06 PM: jean__ - Received: @badge-info=;badges=broadcaster/1,bits-charity/1;color=#5F9EA0;display-name=Jean__;emote-sets=0,412472,300319631;mod=0;subscriber=0;user-type= :tmi.twitch.tv USERSTATE #jean__
8/15/2019 9:23:06 PM: jean__ - Received: @badge-info=;badges=broadcaster/1,bits-charity/1;color=#5F9EA0;display-name=Jean__;emote-sets=0,412472,300319631;mod=0;subscriber=0;user-type= :tmi.twitch.tv USERSTATE #jean__
8/15/2019 9:23:07 PM: jean__ - Received: @badge-info=;badges=moderator/1,partner/1;color=#7C7CE1;display-name=Nightbot;emotes=;flags=;id=9c7adf0d-1709-495f-8b9b-301418fd0dde;mod=1;room-id=38479494;subscriber=0;tmi-sent-ts=1565914986597;turbo=0;user-id=19264788;user-type=mod :nightbot!nightbot@nightbot.tmi.twitch.tv PRIVMSG #jean__ :@Jean__ -> jean__ is playing dev
8/15/2019 9:23:12 PM: jean__ - Received: @badge-info=;badges=broadcaster/1,bits-charity/1;color=#5F9EA0;display-name=Jean__;emote-sets=0,412472,300319631;mod=0;subscriber=0;user-type= :tmi.twitch.tv USERSTATE #jean__
8/15/2019 9:23:12 PM: jean__ - Received: @badge-info=;badges=broadcaster/1,bits-charity/1;color=#5F9EA0;display-name=Jean__;emote-sets=0,412472,300319631;mod=0;subscriber=0;user-type= :tmi.twitch.tv USERSTATE #jean__
8/15/2019 9:23:13 PM: jean__ - Received: @badge-info=;badges=moderator/1,partner/1;color=#7C7CE1;display-name=Nightbot;emotes=;flags=;id=aad4efb9-021a-4352-8561-13668ec11a55;mod=1;room-id=38479494;subscriber=0;tmi-sent-ts=1565914992505;turbo=0;user-id=19264788;user-type=mod :nightbot!nightbot@nightbot.tmi.twitch.tv PRIVMSG #jean__ :@Jean__ -> jean__ is playing dev
8/15/2019 9:23:18 PM: jean__ - Received: @badge-info=;badges=broadcaster/1,bits-charity/1;color=#5F9EA0;display-name=Jean__;emote-sets=0,412472,300319631;mod=0;subscriber=0;user-type= :tmi.twitch.tv USERSTATE #jean__
8/15/2019 9:23:18 PM: jean__ - Received: @badge-info=;badges=broadcaster/1,bits-charity/1;color=#5F9EA0;display-name=Jean__;emote-sets=0,412472,300319631;mod=0;subscriber=0;user-type= :tmi.twitch.tv USERSTATE #jean__
8/15/2019 9:23:19 PM: jean__ - Received: @badge-info=;badges=moderator/1,partner/1;color=#7C7CE1;display-name=Nightbot;emotes=;flags=;id=9a40c7fc-3b42-4b90-9fac-18089712f284;mod=1;room-id=38479494;subscriber=0;tmi-sent-ts=1565914998505;turbo=0;user-id=19264788;user-type=mod :nightbot!nightbot@nightbot.tmi.twitch.tv PRIVMSG #jean__ :@Jean__ -> jean__ is playing dev
8/15/2019 9:23:24 PM: jean__ - Received: @badge-info=;badges=broadcaster/1,bits-charity/1;color=#5F9EA0;display-name=Jean__;emote-sets=0,412472,300319631;mod=0;subscriber=0;user-type= :tmi.twitch.tv USERSTATE #jean__
8/15/2019 9:23:24 PM: jean__ - Received: @badge-info=;badges=broadcaster/1,bits-charity/1;color=#5F9EA0;display-name=Jean__;emote-sets=0,412472,300319631;mod=0;subscriber=0;user-type= :tmi.twitch.tv USERSTATE #jean__
8/15/2019 9:23:25 PM: jean__ - Received: @badge-info=;badges=moderator/1,partner/1;color=#7C7CE1;display-name=Nightbot;emotes=;flags=;id=aa250581-73dd-4d17-ad93-9ad391960481;mod=1;room-id=38479494;subscriber=0;tmi-sent-ts=1565915004512;turbo=0;user-id=19264788;user-type=mod :nightbot!nightbot@nightbot.tmi.twitch.tv PRIVMSG #jean__ :@Jean__ -> jean__ is playing dev
8/15/2019 9:23:30 PM: jean__ - Received: @badge-info=;badges=broadcaster/1,bits-charity/1;color=#5F9EA0;display-name=Jean__;emote-sets=0,412472,300319631;mod=0;subscriber=0;user-type= :tmi.twitch.tv USERSTATE #jean__
8/15/2019 9:23:30 PM: jean__ - Received: @badge-info=;badges=broadcaster/1,bits-charity/1;color=#5F9EA0;display-name=Jean__;emote-sets=0,412472,300319631;mod=0;subscriber=0;user-type= :tmi.twitch.tv USERSTATE #jean__
8/15/2019 9:23:31 PM: jean__ - Received: @badge-info=;badges=moderator/1,partner/1;color=#7C7CE1;display-name=Nightbot;emotes=;flags=;id=c324851e-ab99-433e-ae1b-7357ff8c09a2;mod=1;room-id=38479494;subscriber=0;tmi-sent-ts=1565915010561;turbo=0;user-id=19264788;user-type=mod :nightbot!nightbot@nightbot.tmi.twitch.tv PRIVMSG #jean__ :@Jean__ -> jean__ is playing dev
8/15/2019 9:23:36 PM: jean__ - Received: @badge-info=;badges=broadcaster/1,bits-charity/1;color=#5F9EA0;display-name=Jean__;emote-sets=0,412472,300319631;mod=0;subscriber=0;user-type= :tmi.twitch.tv USERSTATE #jean__
8/15/2019 9:23:36 PM: jean__ - Received: @badge-info=;badges=broadcaster/1,bits-charity/1;color=#5F9EA0;display-name=Jean__;emote-sets=0,412472,300319631;mod=0;subscriber=0;user-type= :tmi.twitch.tv USERSTATE #jean__
8/15/2019 9:23:37 PM: jean__ - Received: @badge-info=;badges=moderator/1,partner/1;color=#7C7CE1;display-name=Nightbot;emotes=;flags=;id=8673cff8-5684-438b-8867-889a79765b5e;mod=1;room-id=38479494;subscriber=0;tmi-sent-ts=1565915016561;turbo=0;user-id=19264788;user-type=mod :nightbot!nightbot@nightbot.tmi.twitch.tv PRIVMSG #jean__ :@Jean__ -> jean__ is playing dev
8/15/2019 9:23:42 PM: jean__ - Received: @badge-info=;badges=broadcaster/1,bits-charity/1;color=#5F9EA0;display-name=Jean__;emote-sets=0,412472,300319631;mod=0;subscriber=0;user-type= :tmi.twitch.tv USERSTATE #jean__
8/15/2019 9:23:42 PM: jean__ - Received: @badge-info=;badges=broadcaster/1,bits-charity/1;color=#5F9EA0;display-name=Jean__;emote-sets=0,412472,300319631;mod=0;subscriber=0;user-type= :tmi.twitch.tv USERSTATE #jean__
8/15/2019 9:23:43 PM: jean__ - Received: @badge-info=;badges=moderator/1,partner/1;color=#7C7CE1;display-name=Nightbot;emotes=;flags=;id=b6de8752-aa4b-426a-a1a1-dcfb0148a8f4;mod=1;room-id=38479494;subscriber=0;tmi-sent-ts=1565915022572;turbo=0;user-id=19264788;user-type=mod :nightbot!nightbot@nightbot.tmi.twitch.tv PRIVMSG #jean__ :@Jean__ -> jean__ is playing dev
8/15/2019 9:23:48 PM: jean__ - Received: @badge-info=;badges=broadcaster/1,bits-charity/1;color=#5F9EA0;display-name=Jean__;emote-sets=0,412472,300319631;mod=0;subscriber=0;user-type= :tmi.twitch.tv USERSTATE #jean__
8/15/2019 9:23:48 PM: jean__ - Received: @badge-info=;badges=broadcaster/1,bits-charity/1;color=#5F9EA0;display-name=Jean__;emote-sets=0,412472,300319631;mod=0;subscriber=0;user-type= :tmi.twitch.tv USERSTATE #jean__
8/15/2019 9:23:49 PM: jean__ - Received: @badge-info=;badges=moderator/1,partner/1;color=#7C7CE1;display-name=Nightbot;emotes=;flags=;id=d7d19b70-7fed-474d-b551-4e11c5c61180;mod=1;room-id=38479494;subscriber=0;tmi-sent-ts=1565915028576;turbo=0;user-id=19264788;user-type=mod :nightbot!nightbot@nightbot.tmi.twitch.tv PRIVMSG #jean__ :@Jean__ -> jean__ is playing dev
8/15/2019 9:23:54 PM: jean__ - Received: @badge-info=;badges=broadcaster/1,bits-charity/1;color=#5F9EA0;display-name=Jean__;emote-sets=0,412472,300319631;mod=0;subscriber=0;user-type= :tmi.twitch.tv USERSTATE #jean__
8/15/2019 9:23:54 PM: jean__ - Received: @badge-info=;badges=broadcaster/1,bits-charity/1;color=#5F9EA0;display-name=Jean__;emote-sets=0,412472,300319631;mod=0;subscriber=0;user-type= :tmi.twitch.tv USERSTATE #jean__
8/15/2019 9:23:55 PM: jean__ - Received: @badge-info=;badges=moderator/1,partner/1;color=#7C7CE1;display-name=Nightbot;emotes=;flags=;id=f1cf2a2a-976d-4e47-ba32-5c5957a60398;mod=1;room-id=38479494;subscriber=0;tmi-sent-ts=1565915034581;turbo=0;user-id=19264788;user-type=mod :nightbot!nightbot@nightbot.tmi.twitch.tv PRIVMSG #jean__ :@Jean__ -> jean__ is playing dev
8/15/2019 9:24:00 PM: jean__ - Received: @badge-info=;badges=broadcaster/1,bits-charity/1;color=#5F9EA0;display-name=Jean__;emote-sets=0,412472,300319631;mod=0;subscriber=0;user-type= :tmi.twitch.tv USERSTATE #jean__
8/15/2019 9:24:00 PM: jean__ - Received: @badge-info=;badges=broadcaster/1,bits-charity/1;color=#5F9EA0;display-name=Jean__;emote-sets=0,412472,300319631;mod=0;subscriber=0;user-type= :tmi.twitch.tv USERSTATE #jean__
8/15/2019 9:24:01 PM: jean__ - Received: @badge-info=;badges=moderator/1,partner/1;color=#7C7CE1;display-name=Nightbot;emotes=;flags=;id=c27d8208-f1de-43f8-8d66-f46bfa054ed3;mod=1;room-id=38479494;subscriber=0;tmi-sent-ts=1565915040580;turbo=0;user-id=19264788;user-type=mod :nightbot!nightbot@nightbot.tmi.twitch.tv PRIVMSG #jean__ :@Jean__ -> jean__ is playing dev
8/15/2019 9:24:06 PM: jean__ - Received: @badge-info=;badges=broadcaster/1,bits-charity/1;color=#5F9EA0;display-name=Jean__;emote-sets=0,412472,300319631;mod=0;subscriber=0;user-type= :tmi.twitch.tv USERSTATE #jean__
8/15/2019 9:24:06 PM: jean__ - Received: @badge-info=;badges=broadcaster/1,bits-charity/1;color=#5F9EA0;display-name=Jean__;emote-sets=0,412472,300319631;mod=0;subscriber=0;user-type= :tmi.twitch.tv USERSTATE #jean__
8/15/2019 9:24:07 PM: jean__ - Received: @badge-info=;badges=moderator/1,partner/1;color=#7C7CE1;display-name=Nightbot;emotes=;flags=;id=f9649892-f7f2-4fbb-8090-f31d3ebe8e66;mod=1;room-id=38479494;subscriber=0;tmi-sent-ts=1565915046583;turbo=0;user-id=19264788;user-type=mod :nightbot!nightbot@nightbot.tmi.twitch.tv PRIVMSG #jean__ :@Jean__ -> jean__ is playing dev
8/15/2019 9:24:12 PM: jean__ - Received: @badge-info=;badges=broadcaster/1,bits-charity/1;color=#5F9EA0;display-name=Jean__;emote-sets=0,412472,300319631;mod=0;subscriber=0;user-type= :tmi.twitch.tv USERSTATE #jean__
8/15/2019 9:24:12 PM: jean__ - Received: @badge-info=;badges=broadcaster/1,bits-charity/1;color=#5F9EA0;display-name=Jean__;emote-sets=0,412472,300319631;mod=0;subscriber=0;user-type= :tmi.twitch.tv USERSTATE #jean__
8/15/2019 9:24:13 PM: jean__ - Received: @badge-info=;badges=moderator/1,partner/1;color=#7C7CE1;display-name=Nightbot;emotes=;flags=;id=94e82581-2626-4815-9105-ad4568d37801;mod=1;room-id=38479494;subscriber=0;tmi-sent-ts=1565915052539;turbo=0;user-id=19264788;user-type=mod :nightbot!nightbot@nightbot.tmi.twitch.tv PRIVMSG #jean__ :@Jean__ -> jean__ is playing dev
8/15/2019 9:24:18 PM: jean__ - Received: @badge-info=;badges=broadcaster/1,bits-charity/1;color=#5F9EA0;display-name=Jean__;emote-sets=0,412472,300319631;mod=0;subscriber=0;user-type= :tmi.twitch.tv USERSTATE #jean__
8/15/2019 9:24:18 PM: jean__ - Received: @badge-info=;badges=broadcaster/1,bits-charity/1;color=#5F9EA0;display-name=Jean__;emote-sets=0,412472,300319631;mod=0;subscriber=0;user-type= :tmi.twitch.tv USERSTATE #jean__
8/15/2019 9:24:19 PM: jean__ - Received: @badge-info=;badges=moderator/1,partner/1;color=#7C7CE1;display-name=Nightbot;emotes=;flags=;id=49aff31e-0bb9-43c1-b3f1-513b0be8819f;mod=1;room-id=38479494;subscriber=0;tmi-sent-ts=1565915058539;turbo=0;user-id=19264788;user-type=mod :nightbot!nightbot@nightbot.tmi.twitch.tv PRIVMSG #jean__ :@Jean__ -> jean__ is playing dev
8/15/2019 9:24:24 PM: jean__ - Received: @badge-info=;badges=broadcaster/1,bits-charity/1;color=#5F9EA0;display-name=Jean__;emote-sets=0,412472,300319631;mod=0;subscriber=0;user-type= :tmi.twitch.tv USERSTATE #jean__
8/15/2019 9:24:24 PM: jean__ - Received: @badge-info=;badges=broadcaster/1,bits-charity/1;color=#5F9EA0;display-name=Jean__;emote-sets=0,412472,300319631;mod=0;subscriber=0;user-type= :tmi.twitch.tv USERSTATE #jean__
8/15/2019 9:24:25 PM: jean__ - Received: @badge-info=;badges=moderator/1,partner/1;color=#7C7CE1;display-name=Nightbot;emotes=;flags=;id=779f01aa-78f4-44b0-982d-cea5fb6e51d1;mod=1;room-id=38479494;subscriber=0;tmi-sent-ts=1565915064547;turbo=0;user-id=19264788;user-type=mod :nightbot!nightbot@nightbot.tmi.twitch.tv PRIVMSG #jean__ :@Jean__ -> jean__ is playing dev
8/15/2019 9:24:30 PM: jean__ - Received: @badge-info=;badges=broadcaster/1,bits-charity/1;color=#5F9EA0;display-name=Jean__;emote-sets=0,412472,300319631;mod=0;subscriber=0;user-type= :tmi.twitch.tv USERSTATE #jean__
8/15/2019 9:24:30 PM: jean__ - Received: @badge-info=;badges=broadcaster/1,bits-charity/1;color=#5F9EA0;display-name=Jean__;emote-sets=0,412472,300319631;mod=0;subscriber=0;user-type= :tmi.twitch.tv USERSTATE #jean__
8/15/2019 9:24:31 PM: jean__ - Received: @badge-info=;badges=moderator/1,partner/1;color=#7C7CE1;display-name=Nightbot;emotes=;flags=;id=c5310613-dd4e-4d4e-92b9-7125e916cf3d;mod=1;room-id=38479494;subscriber=0;tmi-sent-ts=1565915070654;turbo=0;user-id=19264788;user-type=mod :nightbot!nightbot@nightbot.tmi.twitch.tv PRIVMSG #jean__ :@Jean__ -> jean__ is playing dev
8/15/2019 9:24:36 PM: jean__ - Received: @badge-info=;badges=broadcaster/1,bits-charity/1;color=#5F9EA0;display-name=Jean__;emote-sets=0,412472,300319631;mod=0;subscriber=0;user-type= :tmi.twitch.tv USERSTATE #jean__
8/15/2019 9:24:36 PM: jean__ - Received: @badge-info=;badges=broadcaster/1,bits-charity/1;color=#5F9EA0;display-name=Jean__;emote-sets=0,412472,300319631;mod=0;subscriber=0;user-type= :tmi.twitch.tv USERSTATE #jean__
8/15/2019 9:24:37 PM: jean__ - Received: @badge-info=;badges=moderator/1,partner/1;color=#7C7CE1;display-name=Nightbot;emotes=;flags=;id=b925efb3-b210-4233-a457-9f9f1c115929;mod=1;room-id=38479494;subscriber=0;tmi-sent-ts=1565915076660;turbo=0;user-id=19264788;user-type=mod :nightbot!nightbot@nightbot.tmi.twitch.tv PRIVMSG #jean__ :@Jean__ -> jean__ is playing dev
8/15/2019 9:24:42 PM: jean__ - Received: @badge-info=;badges=broadcaster/1,bits-charity/1;color=#5F9EA0;display-name=Jean__;emote-sets=0,412472,300319631;mod=0;subscriber=0;user-type= :tmi.twitch.tv USERSTATE #jean__
8/15/2019 9:24:42 PM: jean__ - Received: @badge-info=;badges=broadcaster/1,bits-charity/1;color=#5F9EA0;display-name=Jean__;emote-sets=0,412472,300319631;mod=0;subscriber=0;user-type= :tmi.twitch.tv USERSTATE #jean__
8/15/2019 9:24:43 PM: jean__ - Received: @badge-info=;badges=moderator/1,partner/1;color=#7C7CE1;display-name=Nightbot;emotes=;flags=;id=359c3f20-f425-4470-b012-79ffee6124ae;mod=1;room-id=38479494;subscriber=0;tmi-sent-ts=1565915082623;turbo=0;user-id=19264788;user-type=mod :nightbot!nightbot@nightbot.tmi.twitch.tv PRIVMSG #jean__ :@Jean__ -> jean__ is playing dev
8/15/2019 9:24:48 PM: jean__ - Received: @badge-info=;badges=broadcaster/1,bits-charity/1;color=#5F9EA0;display-name=Jean__;emote-sets=0,412472,300319631;mod=0;subscriber=0;user-type= :tmi.twitch.tv USERSTATE #jean__
8/15/2019 9:24:48 PM: jean__ - Received: @badge-info=;badges=broadcaster/1,bits-charity/1;color=#5F9EA0;display-name=Jean__;emote-sets=0,412472,300319631;mod=0;subscriber=0;user-type= :tmi.twitch.tv USERSTATE #jean__
8/15/2019 9:24:49 PM: jean__ - Received: @badge-info=;badges=moderator/1,partner/1;color=#7C7CE1;display-name=Nightbot;emotes=;flags=;id=8c3cd8f4-3030-458c-876a-d24ca8fc409e;mod=1;room-id=38479494;subscriber=0;tmi-sent-ts=1565915088625;turbo=0;user-id=19264788;user-type=mod :nightbot!nightbot@nightbot.tmi.twitch.tv PRIVMSG #jean__ :@Jean__ -> jean__ is playing dev
8/15/2019 9:24:54 PM: jean__ - Received: @badge-info=;badges=broadcaster/1,bits-charity/1;color=#5F9EA0;display-name=Jean__;emote-sets=0,412472,300319631;mod=0;subscriber=0;user-type= :tmi.twitch.tv USERSTATE #jean__
8/15/2019 9:24:54 PM: jean__ - Received: @badge-info=;badges=broadcaster/1,bits-charity/1;color=#5F9EA0;display-name=Jean__;emote-sets=0,412472,300319631;mod=0;subscriber=0;user-type= :tmi.twitch.tv USERSTATE #jean__
8/15/2019 9:24:55 PM: jean__ - Received: @badge-info=;badges=moderator/1,partner/1;color=#7C7CE1;display-name=Nightbot;emotes=;flags=;id=c2365719-1854-4fdb-9659-a62109fb2831;mod=1;room-id=38479494;subscriber=0;tmi-sent-ts=1565915094529;turbo=0;user-id=19264788;user-type=mod :nightbot!nightbot@nightbot.tmi.twitch.tv PRIVMSG #jean__ :@Jean__ -> jean__ is playing dev
