2019-07-09 9:00:38 PM: botfumante - Connecting to: wss://irc-ws.chat.twitch.tv:443
2019-07-09 9:00:39 PM: botfumante - Should be connected!
2019-07-09 9:00:40 PM: botfumante - Joining channel: beringelamilgrau
2019-07-09 9:00:40 PM: botfumante - Received: :tmi.twitch.tv 001 botfumante :Welcome, GLHF!
2019-07-09 9:00:40 PM: botfumante - Received: :tmi.twitch.tv 002 botfumante :Your host is tmi.twitch.tv
2019-07-09 9:00:40 PM: botfumante - Received: :tmi.twitch.tv 003 botfumante :This server is rather new
2019-07-09 9:00:40 PM: botfumante - Received: :tmi.twitch.tv 004 botfumante :-
2019-07-09 9:00:40 PM: botfumante - Received: :tmi.twitch.tv 375 botfumante :-
2019-07-09 9:00:40 PM: botfumante - Received: :tmi.twitch.tv 372 botfumante :You are in a maze of twisty passages, all alike.
2019-07-09 9:00:40 PM: botfumante - Received: :tmi.twitch.tv 376 botfumante :>
2019-07-09 9:00:40 PM: botfumante - Received: :tmi.twitch.tv CAP * ACK :twitch.tv/membership
2019-07-09 9:00:40 PM: botfumante - Unaccounted for: :tmi.twitch.tv CAP * ACK :twitch.tv/membership
2019-07-09 9:00:40 PM: botfumante - Received: :tmi.twitch.tv CAP * ACK :twitch.tv/commands
2019-07-09 9:00:40 PM: botfumante - Unaccounted for: :tmi.twitch.tv CAP * ACK :twitch.tv/commands
2019-07-09 9:00:40 PM: botfumante - Received: :tmi.twitch.tv CAP * ACK :twitch.tv/tags
2019-07-09 9:00:40 PM: botfumante - Unaccounted for: :tmi.twitch.tv CAP * ACK :twitch.tv/tags
2019-07-09 9:00:42 PM: botfumante - Received: :botfumante!botfumante@botfumante.tmi.twitch.tv JOIN #beringelamilgrau
2019-07-09 9:00:42 PM: botfumante - Received: :botfumante.tmi.twitch.tv 353 botfumante = #beringelamilgrau :botfumante
2019-07-09 9:00:42 PM: botfumante - Received: :botfumante.tmi.twitch.tv 366 botfumante #beringelamilgrau :End of /NAMES list
2019-07-09 9:00:42 PM: botfumante - Finished channel joining queue.
2019-07-09 9:00:42 PM: botfumante - Received: @badge-info=;badges=;color=;display-name=BotFumante;emote-sets=0;mod=0;subscriber=0;user-type= :tmi.twitch.tv USERSTATE #beringelamilgrau
2019-07-09 9:00:42 PM: botfumante - Received: @emote-only=0;followers-only=-1;r9k=0;rituals=0;room-id=443063688;slow=0;subs-only=0 :tmi.twitch.tv ROOMSTATE #beringelamilgrau
2019-07-09 9:00:43 PM: botfumante - Finished channel joining queue.
2019-07-09 9:00:57 PM: botfumante - Received: :jean__!jean__@jean__.tmi.twitch.tv JOIN #beringelamilgrau
2019-07-09 9:00:57 PM: botfumante - Received: :rbruno018!rbruno018@rbruno018.tmi.twitch.tv JOIN #beringelamilgrau
2019-07-09 9:00:57 PM: botfumante - Received: :hostmeraffle!hostmeraffle@hostmeraffle.tmi.twitch.tv JOIN #beringelamilgrau
2019-07-09 9:00:57 PM: botfumante - Received: :montee_waffle!montee_waffle@montee_waffle.tmi.twitch.tv JOIN #beringelamilgrau
2019-07-09 9:00:57 PM: botfumante - Received: :5uperted!5uperted@5uperted.tmi.twitch.tv JOIN #beringelamilgrau
2019-07-09 9:00:57 PM: botfumante - Received: :themalkavianx!themalkavianx@themalkavianx.tmi.twitch.tv JOIN #beringelamilgrau
2019-07-09 9:00:57 PM: botfumante - Received: :nightbot!nightbot@nightbot.tmi.twitch.tv JOIN #beringelamilgrau
2019-07-09 9:00:57 PM: botfumante - Received: :teyyd!teyyd@teyyd.tmi.twitch.tv JOIN #beringelamilgrau
2019-07-09 9:00:57 PM: botfumante - Received: :maria_renata!maria_renata@maria_renata.tmi.twitch.tv JOIN #beringelamilgrau
2019-07-09 9:00:57 PM: botfumante - Received: :beringelamilgrau!beringelamilgrau@beringelamilgrau.tmi.twitch.tv JOIN #beringelamilgrau
2019-07-09 9:00:57 PM: botfumante - Received: :brun0hl!brun0hl@brun0hl.tmi.twitch.tv JOIN #beringelamilgrau
2019-07-09 9:00:57 PM: botfumante - Received: :commanderroot!commanderroot@commanderroot.tmi.twitch.tv JOIN #beringelamilgrau
2019-07-09 9:00:57 PM: botfumante - Received: :zomppy!zomppy@zomppy.tmi.twitch.tv JOIN #beringelamilgrau
2019-07-09 9:00:57 PM: botfumante - Received: :michelle_rezende!michelle_rezende@michelle_rezende.tmi.twitch.tv JOIN #beringelamilgrau
2019-07-09 9:00:57 PM: botfumante - Received: :pabespiga!pabespiga@pabespiga.tmi.twitch.tv JOIN #beringelamilgrau
2019-07-09 9:00:57 PM: botfumante - Received: :angeloflight!angeloflight@angeloflight.tmi.twitch.tv JOIN #beringelamilgrau
2019-07-09 9:00:57 PM: botfumante - Received: :calibrelordal!calibrelordal@calibrelordal.tmi.twitch.tv JOIN #beringelamilgrau
2019-07-09 9:00:57 PM: botfumante - Received: :tonyxzero!tonyxzero@tonyxzero.tmi.twitch.tv JOIN #beringelamilgrau
2019-07-09 9:00:57 PM: botfumante - Received: :freddyybot!freddyybot@freddyybot.tmi.twitch.tv JOIN #beringelamilgrau
2019-07-09 9:01:59 PM: botfumante - Received: @badge-info=;badges=moderator/1,partner/1;color=#2E8B57;display-name=CalibreLordal;emotes=;flags=;id=cb99a0a8-8469-43e7-995d-7e89cc66470f;mod=1;room-id=443063688;subscriber=0;tmi-sent-ts=1562716919110;turbo=0;user-id=94381006;user-type=mod :calibrelordal!calibrelordal@calibrelordal.tmi.twitch.tv PRIVMSG #beringelamilgrau :PepeComfy
2019-07-09 9:02:23 PM: botfumante - Received: @badge-info=;badges=moderator/1,partner/1;color=#2E8B57;display-name=CalibreLordal;emotes=;flags=;id=ce053d9a-0981-42b1-aba5-10887b5621db;mod=1;room-id=443063688;subscriber=0;tmi-sent-ts=1562716943218;turbo=0;user-id=94381006;user-type=mod :calibrelordal!calibrelordal@calibrelordal.tmi.twitch.tv PRIVMSG #beringelamilgrau :PepeComfy tudo muito comfy
2019-07-09 9:02:58 PM: botfumante - Received: @badge-info=;badges=moderator/1;color=#00FF7F;display-name=5uperTed;emote-only=1;emotes=81248:0-5;flags=;id=9baf8f5b-9468-4d89-8a89-4d83e7c4e06d;mod=1;room-id=443063688;subscriber=0;tmi-sent-ts=1562716977672;turbo=0;user-id=238296028;user-type=mod :5uperted!5uperted@5uperted.tmi.twitch.tv PRIVMSG #beringelamilgrau :OSFrog
2019-07-09 9:03:21 PM: botfumante - Received: @badge-info=;badges=moderator/1,partner/1;color=#2E8B57;display-name=CalibreLordal;emotes=;flags=;id=27b9fd05-c818-478d-85cc-8cdc997c0b6b;mod=1;room-id=443063688;subscriber=0;tmi-sent-ts=1562717000950;turbo=0;user-id=94381006;user-type=mod :calibrelordal!calibrelordal@calibrelordal.tmi.twitch.tv PRIVMSG #beringelamilgrau :POGGERS dinheiro
2019-07-09 9:03:25 PM: botfumante - Received: @badge-info=;badges=moderator/1,partner/1;color=#2E8B57;display-name=CalibreLordal;emote-only=1;emotes=300047487:0-11;flags=;id=55d1d8d8-e61c-40c6-9d15-7d8781dd3b61;mod=1;room-id=443063688;subscriber=0;tmi-sent-ts=1562717004606;turbo=0;user-id=94381006;user-type=mod :calibrelordal!calibrelordal@calibrelordal.tmi.twitch.tv PRIVMSG #beringelamilgrau :lordsSellout
2019-07-09 9:03:29 PM: botfumante - Received: @badge-info=;badges=moderator/1,overwatch-league-insider_2019A/1;color=#FF0000;display-name=themalkavianx;emotes=;flags=;id=18aa69fe-94e5-4e2c-90dd-b1858fd6044e;mod=1;room-id=443063688;subscriber=0;tmi-sent-ts=1562717009441;turbo=0;user-id=5650408;user-type=mod :themalkavianx!themalkavianx@themalkavianx.tmi.twitch.tv PRIVMSG #beringelamilgrau :N?O LEU DIREITO
2019-07-09 9:03:32 PM: botfumante - Received: @badge-info=;badges=moderator/1;color=#008000;display-name=TONYXZERO;emote-only=1;emotes=1917206:0-8;flags=;id=8c2e294f-624b-460b-8af6-78198f59b07d;mod=1;room-id=443063688;subscriber=0;tmi-sent-ts=1562717011959;turbo=0;user-id=38731171;user-type=mod :tonyxzero!tonyxzero@tonyxzero.tmi.twitch.tv PRIVMSG #beringelamilgrau :lordsLove
2019-07-09 9:03:39 PM: botfumante - Received: @badge-info=;badges=broadcaster/1;color=#8A2BE2;display-name=beringelamilgrau;emotes=;flags=;id=2403e477-4084-417f-9414-6e1116ae0274;mod=0;room-id=443063688;subscriber=0;tmi-sent-ts=1562717019107;turbo=0;user-id=443063688;user-type= :beringelamilgrau!beringelamilgrau@beringelamilgrau.tmi.twitch.tv PRIVMSG #beringelamilgrau :manooooooooo peepoEggplant
2019-07-09 9:03:44 PM: botfumante - Received: @badge-info=;badges=moderator/1,partner/1;color=#2E8B57;display-name=CalibreLordal;emotes=;flags=;id=9dd0e362-6bcb-4e71-bc1c-3d0b6b0f2580;mod=1;room-id=443063688;subscriber=0;tmi-sent-ts=1562717023981;turbo=0;user-id=94381006;user-type=mod :calibrelordal!calibrelordal@calibrelordal.tmi.twitch.tv PRIVMSG #beringelamilgrau :cadastra o meu email FeelsOkayMan
2019-07-09 9:03:45 PM: botfumante - Received: @badge-info=;badges=moderator/1,overwatch-league-insider_2019A/1;color=#FF0000;display-name=themalkavianx;emotes=;flags=;id=d764ccad-9aae-44d1-bbf6-144dc8b152eb;mod=1;room-id=443063688;subscriber=0;tmi-sent-ts=1562717024915;turbo=0;user-id=5650408;user-type=mod :themalkavianx!themalkavianx@themalkavianx.tmi.twitch.tv PRIVMSG #beringelamilgrau :PODE LER
2019-07-09 9:03:47 PM: botfumante - Received: @badge-info=;badges=moderator/1,overwatch-league-insider_2019A/1;color=#FF0000;display-name=themalkavianx;emotes=;flags=;id=f8c94a55-486b-4421-9616-a363ff4cfffe;mod=1;room-id=443063688;subscriber=0;tmi-sent-ts=1562717026790;turbo=0;user-id=5650408;user-type=mod :themalkavianx!themalkavianx@themalkavianx.tmi.twitch.tv PRIVMSG #beringelamilgrau :EU DEIXO
2019-07-09 9:04:02 PM: botfumante - Received: @badge-info=;badges=moderator/1,partner/1;color=#2E8B57;display-name=CalibreLordal;emotes=;flags=;id=f19905a7-6d10-4ea5-8ccf-287e7c2b240f;mod=1;room-id=443063688;subscriber=0;tmi-sent-ts=1562717042476;turbo=0;user-id=94381006;user-type=mod :calibrelordal!calibrelordal@calibrelordal.tmi.twitch.tv PRIVMSG #beringelamilgrau :FeelsOkayMan
2019-07-09 9:04:06 PM: botfumante - Received: :s1faka!s1faka@s1faka.tmi.twitch.tv JOIN #beringelamilgrau
2019-07-09 9:04:19 PM: botfumante - Received: @badge-info=;badges=moderator/1,overwatch-league-insider_2019A/1;color=#FF0000;display-name=themalkavianx;emotes=;flags=;id=df763e99-33db-46bd-abbc-65a347b126b7;mod=1;room-id=443063688;subscriber=0;tmi-sent-ts=1562717058684;turbo=0;user-id=5650408;user-type=mod :themalkavianx!themalkavianx@themalkavianx.tmi.twitch.tv PRIVMSG #beringelamilgrau :Era s? pra testar, quero refund
2019-07-09 9:04:21 PM: botfumante - Received: @badge-info=;badges=moderator/1,overwatch-league-insider_2019A/1;color=#FF0000;display-name=themalkavianx;emotes=;flags=;id=daeb962d-dc09-46b1-a852-ea8972d6a931;mod=1;room-id=443063688;subscriber=0;tmi-sent-ts=1562717061056;turbo=0;user-id=5650408;user-type=mod :themalkavianx!themalkavianx@themalkavianx.tmi.twitch.tv PRIVMSG #beringelamilgrau :Brinks
2019-07-09 9:04:29 PM: botfumante - Received: @badge-info=;badges=moderator/1;color=#008000;display-name=TONYXZERO;emotes=;flags=;id=d1147d3d-f54d-4914-a4fe-f4a4ea6b2641;mod=1;room-id=443063688;subscriber=0;tmi-sent-ts=1562717068691;turbo=0;user-id=38731171;user-type=mod :tonyxzero!tonyxzero@tonyxzero.tmi.twitch.tv PRIVMSG #beringelamilgrau :FeelsOkayMan
2019-07-09 9:04:56 PM: botfumante - Received: PING :tmi.twitch.tv
2019-07-09 9:04:56 PM: botfumante - Writing: PONG
2019-07-09 9:05:01 PM: botfumante - Received: @badge-info=;badges=moderator/1;color=#008000;display-name=TONYXZERO;emotes=;flags=;id=a357cd9d-d1db-4004-aed2-1de5fe1ab645;mod=1;room-id=443063688;subscriber=0;tmi-sent-ts=1562717101246;turbo=0;user-id=38731171;user-type=mod :tonyxzero!tonyxzero@tonyxzero.tmi.twitch.tv PRIVMSG #beringelamilgrau :FeelsBadMan
2019-07-09 9:05:03 PM: botfumante - Received: :hostmeraffle!hostmeraffle@hostmeraffle.tmi.twitch.tv PART #beringelamilgrau
2019-07-09 9:05:16 PM: botfumante - Received: @badge-info=;badges=broadcaster/1;color=#8A2BE2;display-name=beringelamilgrau;emotes=;flags=;id=2eb285dc-e535-45e8-b5fb-57fe88968599;mod=0;room-id=443063688;subscriber=0;tmi-sent-ts=1562717115570;turbo=0;user-id=443063688;user-type= :beringelamilgrau!beringelamilgrau@beringelamilgrau.tmi.twitch.tv PRIVMSG #beringelamilgrau :O ted ta dif?cil hj ConcernFroge
2019-07-09 9:06:15 PM: botfumante - Received: @badge-info=;badges=moderator/1,overwatch-league-insider_2019A/1;color=#FF0000;display-name=themalkavianx;emotes=;flags=;id=d7d3dad7-32ad-4cdc-8333-f7adea9ce11a;mod=1;room-id=443063688;subscriber=0;tmi-sent-ts=1562717174558;turbo=0;user-id=5650408;user-type=mod :themalkavianx!themalkavianx@themalkavianx.tmi.twitch.tv PRIVMSG #beringelamilgrau :JapaFed
2019-07-09 9:06:18 PM: botfumante - Received: @badge-info=;badges=moderator/1,partner/1;color=#2E8B57;display-name=CalibreLordal;emotes=;flags=;id=e43d0c1f-9d3c-4f48-8482-1f7c0c0ba0a6;mod=1;room-id=443063688;subscriber=0;tmi-sent-ts=1562717177861;turbo=0;user-id=94381006;user-type=mod :calibrelordal!calibrelordal@calibrelordal.tmi.twitch.tv PRIVMSG #beringelamilgrau :FeelsMan
2019-07-09 9:06:19 PM: botfumante - Received: @badge-info=;badges=moderator/1;color=#008000;display-name=TONYXZERO;emotes=;flags=;id=aa265841-5f57-4005-b72b-d149edfdffce;mod=1;room-id=443063688;subscriber=0;tmi-sent-ts=1562717179068;turbo=0;user-id=38731171;user-type=mod :tonyxzero!tonyxzero@tonyxzero.tmi.twitch.tv PRIVMSG #beringelamilgrau :FeelsMan
2019-07-09 9:06:46 PM: botfumante - Received: @badge-info=;badges=broadcaster/1;color=#8A2BE2;display-name=beringelamilgrau;emotes=;flags=;id=831a8a98-2ce7-42ec-98c5-d3edf208feb7;mod=0;room-id=443063688;subscriber=0;tmi-sent-ts=1562717206437;turbo=0;user-id=443063688;user-type= :beringelamilgrau!beringelamilgrau@beringelamilgrau.tmi.twitch.tv PRIVMSG #beringelamilgrau :ConcernFroge
2019-07-09 9:07:05 PM: botfumante - Received: @badge-info=;badges=moderator/1,partner/1;color=#2E8B57;display-name=CalibreLordal;emotes=;flags=;id=72996c12-b93f-4824-aaa6-b91b0f767cab;mod=1;room-id=443063688;subscriber=0;tmi-sent-ts=1562717224944;turbo=0;user-id=94381006;user-type=mod :calibrelordal!calibrelordal@calibrelordal.tmi.twitch.tv PRIVMSG #beringelamilgrau :peepoSmash
2019-07-09 9:07:06 PM: botfumante - Received: @badge-info=;badges=moderator/1;color=#00FF7F;display-name=5uperTed;emotes=;flags=0-56:;id=b3e2244c-cb47-4b4e-9ba3-8e36d56774a7;mod=1;room-id=443063688;subscriber=0;tmi-sent-ts=1562717225605;turbo=0;user-id=238296028;user-type=mod :5uperted!5uperted@5uperted.tmi.twitch.tv PRIVMSG #beringelamilgrau :https://twitter.com/terrycrews/status/1148731412461191169
2019-07-09 9:07:16 PM: botfumante - Received: @badge-info=;badges=moderator/1,partner/1;color=#2E8B57;display-name=CalibreLordal;emotes=;flags=;id=68a6365d-6718-4439-ac90-0f765d5a0235;mod=1;room-id=443063688;subscriber=0;tmi-sent-ts=1562717236059;turbo=0;user-id=94381006;user-type=mod :calibrelordal!calibrelordal@calibrelordal.tmi.twitch.tv PRIVMSG #beringelamilgrau :bom demais esse video peepoSmart
2019-07-09 9:07:54 PM: botfumante - Received: @badge-info=;badges=broadcaster/1;color=#8A2BE2;display-name=beringelamilgrau;emotes=;flags=;id=4a2989cb-2722-41e4-abc2-5429cde7e6a9;mod=0;room-id=443063688;subscriber=0;tmi-sent-ts=1562717273594;turbo=0;user-id=443063688;user-type= :beringelamilgrau!beringelamilgrau@beringelamilgrau.tmi.twitch.tv PRIVMSG #beringelamilgrau :!uptime
2019-07-09 9:07:54 PM: botfumante - Received: @badge-info=;badges=moderator/1,partner/1;color=#7C7CE1;display-name=Nightbot;emotes=;flags=;id=bc4b3797-0978-44e8-86b7-66d1d49a81e0;mod=1;room-id=443063688;subscriber=0;tmi-sent-ts=1562717273850;turbo=0;user-id=19264788;user-type=mod :nightbot!nightbot@nightbot.tmi.twitch.tv PRIVMSG #beringelamilgrau :Tamo ao vivo faz 51 minutes 9 seconds
2019-07-09 9:07:54 PM: botfumante - Received: @badge-info=;badges=moderator/1;color=#008000;display-name=TONYXZERO;emotes=;flags=;id=2439df8b-6fd7-44a5-b6cf-08b24c82d120;mod=1;room-id=443063688;subscriber=0;tmi-sent-ts=1562717274039;turbo=0;user-id=38731171;user-type=mod :tonyxzero!tonyxzero@tonyxzero.tmi.twitch.tv PRIVMSG #beringelamilgrau :!uptime
2019-07-09 9:08:00 PM: botfumante - Received: :s1faka!s1faka@s1faka.tmi.twitch.tv PART #beringelamilgrau
2019-07-09 9:08:22 PM: botfumante - Received: @badge-info=;badges=moderator/1,partner/1;color=#2E8B57;display-name=CalibreLordal;emotes=;flags=;id=58266fe0-62ba-4984-8711-223e9e117701;mod=1;room-id=443063688;subscriber=0;tmi-sent-ts=1562717302466;turbo=0;user-id=94381006;user-type=mod :calibrelordal!calibrelordal@calibrelordal.tmi.twitch.tv PRIVMSG #beringelamilgrau :AYAYA
2019-07-09 9:08:27 PM: botfumante - Received: @badge-info=;badges=broadcaster/1;color=#8A2BE2;display-name=beringelamilgrau;emotes=;flags=;id=184701f3-7b26-4c89-99d2-572e06b425bb;mod=0;room-id=443063688;subscriber=0;tmi-sent-ts=1562717306832;turbo=0;user-id=443063688;user-type= :beringelamilgrau!beringelamilgrau@beringelamilgrau.tmi.twitch.tv PRIVMSG #beringelamilgrau :o chat ? a minha casa peepoTubby
2019-07-09 9:08:50 PM: botfumante - Received: @badge-info=;badges=moderator/1,partner/1;color=#2E8B57;display-name=CalibreLordal;emotes=;flags=;id=d70966db-eca3-4172-96d6-903b7215251f;mod=1;room-id=443063688;subscriber=0;tmi-sent-ts=1562717329867;turbo=0;user-id=94381006;user-type=mod :calibrelordal!calibrelordal@calibrelordal.tmi.twitch.tv PRIVMSG #beringelamilgrau :peepoTubby
2019-07-09 9:09:09 PM: botfumante - Received: @badge-info=;badges=moderator/1,partner/1;color=#2E8B57;display-name=CalibreLordal;emotes=;flags=;id=35fac208-4cef-44f0-9b8f-ff18b6ccfb60;mod=1;room-id=443063688;subscriber=0;tmi-sent-ts=1562717349014;turbo=0;user-id=94381006;user-type=mod :calibrelordal!calibrelordal@calibrelordal.tmi.twitch.tv PRIVMSG #beringelamilgrau :? mto dificil nao banir todo mundo do chat do totoro em live de ds3 peepoTubby
2019-07-09 9:09:09 PM: botfumante - Received: PING :tmi.twitch.tv
2019-07-09 9:09:09 PM: botfumante - Writing: PONG
2019-07-09 9:09:27 PM: botfumante - Received: @badge-info=;badges=moderator/1,partner/1;color=#2E8B57;display-name=CalibreLordal;emotes=;flags=;id=b10df61e-e3fb-4809-a753-3122758b76b1;mod=1;room-id=443063688;subscriber=0;tmi-sent-ts=1562717366711;turbo=0;user-id=94381006;user-type=mod :calibrelordal!calibrelordal@calibrelordal.tmi.twitch.tv PRIVMSG #beringelamilgrau :o pior de tudo ? que os cara passam um monte de dica errada FeelsMan
2019-07-09 9:10:04 PM: botfumante - Received: @badge-info=;badges=moderator/1,partner/1;color=#2E8B57;display-name=CalibreLordal;emotes=;flags=;id=2763802c-dbc8-4ff0-8b38-ce1483871896;mod=1;room-id=443063688;subscriber=0;tmi-sent-ts=1562717404248;turbo=0;user-id=94381006;user-type=mod :calibrelordal!calibrelordal@calibrelordal.tmi.twitch.tv PRIVMSG #beringelamilgrau :ontem tinha um maluco falando que tinha um anel muito bom que nao sei oq FeelsMan Mas o totoro tava com boneco de For?a e o anel era pra mago
2019-07-09 9:10:06 PM: botfumante - Received: @badge-info=;badges=moderator/1,partner/1;color=#2E8B57;display-name=CalibreLordal;emotes=;flags=;id=d24c2c59-a7a1-40bc-bf09-f38004a06166;mod=1;room-id=443063688;subscriber=0;tmi-sent-ts=1562717405654;turbo=0;user-id=94381006;user-type=mod :calibrelordal!calibrelordal@calibrelordal.tmi.twitch.tv PRIVMSG #beringelamilgrau :FeelsMan
2019-07-09 9:10:18 PM: botfumante - Received: @badge-info=;badges=vip/1,bits-charity/1;color=#1E90FF;display-name=Jean__;emotes=;flags=;id=b8e0006f-edc3-40ec-96a2-148609b56e9a;mod=0;room-id=443063688;subscriber=0;tmi-sent-ts=1562717418013;turbo=0;user-id=38479494;user-type= :jean__!jean__@jean__.tmi.twitch.tv PRIVMSG #beringelamilgrau :peepoSmart
2019-07-09 9:10:24 PM: botfumante - Received: @badge-info=;badges=moderator/1;color=#008000;display-name=TONYXZERO;emotes=;flags=;id=0c64e75d-9c65-443d-bae4-f327dfa1a242;mod=1;room-id=443063688;subscriber=0;tmi-sent-ts=1562717423858;turbo=0;user-id=38731171;user-type=mod :tonyxzero!tonyxzero@tonyxzero.tmi.twitch.tv PRIVMSG #beringelamilgrau :!propriedade
2019-07-09 9:10:24 PM: botfumante - Received: @badge-info=;badges=moderator/1,partner/1;color=#2E8B57;display-name=CalibreLordal;emotes=160401:45-50;flags=;id=89789b15-7d8e-4b51-9c9a-7c73680581dd;mod=1;room-id=443063688;subscriber=0;tmi-sent-ts=1562717424040;turbo=0;user-id=94381006;user-type=mod :calibrelordal!calibrelordal@calibrelordal.tmi.twitch.tv PRIVMSG #beringelamilgrau :e ainda me taggeou pra me encher a paciencia PunOko
2019-07-09 9:10:24 PM: botfumante - Received: @badge-info=;badges=moderator/1,partner/1;color=#7C7CE1;display-name=Nightbot;emotes=;flags=;id=517c62d5-bebe-4ceb-87a1-8656f2c719d4;mod=1;room-id=443063688;subscriber=0;tmi-sent-ts=1562717424060;turbo=0;user-id=19264788;user-type=mod :nightbot!nightbot@nightbot.tmi.twitch.tv PRIVMSG #beringelamilgrau :Hey,tudo bem? Ouvi falar que voc? ? super f? da s?rie Souls. Estou come?ando minha jornada a pouco tempo por esse mundo obscuro. Haha. Anyway. Queria algumas dicas sobre o Dark Souls, caso voc? tenha familiaridade com essa nova propriedade Intelectual. ??
2019-07-09 9:10:37 PM: botfumante - Received: @badge-info=;badges=moderator/1;color=#008000;display-name=TONYXZERO;emotes=;flags=;id=c852a09a-efa8-4a53-a424-dc0c5594560e;mod=1;room-id=443063688;subscriber=0;tmi-sent-ts=1562717436861;turbo=0;user-id=38731171;user-type=mod :tonyxzero!tonyxzero@tonyxzero.tmi.twitch.tv PRIVMSG #beringelamilgrau :FeelsOkayMan
2019-07-09 9:11:00 PM: botfumante - Received: @badge-info=;badges=moderator/1,partner/1;color=#2E8B57;display-name=CalibreLordal;emotes=1866390:53-58;flags=;id=0aab4b01-61cf-4099-9c48-3d87ca42783d;mod=1;room-id=443063688;subscriber=0;tmi-sent-ts=1562717459779;turbo=0;user-id=94381006;user-type=mod :calibrelordal!calibrelordal@calibrelordal.tmi.twitch.tv PRIVMSG #beringelamilgrau :tinha um que ficava me marcando pra me explicar tudo lordsD
