2019-07-08 8:07:08 PM: bot_stay_high - Connecting to: wss://irc-ws.chat.twitch.tv:443
2019-07-08 8:07:09 PM: bot_stay_high - Should be connected!
2019-07-08 8:07:09 PM: bot_stay_high - Joining channel: beringelamilgrau
2019-07-08 8:07:09 PM: bot_stay_high - Received: :tmi.twitch.tv 001 bot_stay_high :Welcome, GLHF!
2019-07-08 8:07:09 PM: bot_stay_high - Received: :tmi.twitch.tv 002 bot_stay_high :Your host is tmi.twitch.tv
2019-07-08 8:07:09 PM: bot_stay_high - Received: :tmi.twitch.tv 003 bot_stay_high :This server is rather new
2019-07-08 8:07:09 PM: bot_stay_high - Received: :tmi.twitch.tv 004 bot_stay_high :-
2019-07-08 8:07:09 PM: bot_stay_high - Received: :tmi.twitch.tv 375 bot_stay_high :-
2019-07-08 8:07:09 PM: bot_stay_high - Received: :tmi.twitch.tv 372 bot_stay_high :You are in a maze of twisty passages, all alike.
2019-07-08 8:07:09 PM: bot_stay_high - Received: :tmi.twitch.tv 376 bot_stay_high :>
2019-07-08 8:07:09 PM: bot_stay_high - Received: :tmi.twitch.tv CAP * ACK :twitch.tv/membership
2019-07-08 8:07:09 PM: bot_stay_high - Unaccounted for: :tmi.twitch.tv CAP * ACK :twitch.tv/membership
2019-07-08 8:07:09 PM: bot_stay_high - Received: :tmi.twitch.tv CAP * ACK :twitch.tv/commands
2019-07-08 8:07:09 PM: bot_stay_high - Unaccounted for: :tmi.twitch.tv CAP * ACK :twitch.tv/commands
2019-07-08 8:07:09 PM: bot_stay_high - Received: :tmi.twitch.tv CAP * ACK :twitch.tv/tags
2019-07-08 8:07:09 PM: bot_stay_high - Unaccounted for: :tmi.twitch.tv CAP * ACK :twitch.tv/tags
2019-07-08 8:07:09 PM: bot_stay_high - Received: :bot_stay_high!bot_stay_high@bot_stay_high.tmi.twitch.tv JOIN #beringelamilgrau
2019-07-08 8:07:09 PM: bot_stay_high - Received: @badge-info=;badges=;color=;display-name=bot_stay_high;emote-sets=0;mod=0;subscriber=0;user-type= :tmi.twitch.tv USERSTATE #beringelamilgrau
2019-07-08 8:07:09 PM: bot_stay_high - Received: @emote-only=0;followers-only=-1;r9k=0;rituals=0;room-id=443063688;slow=0;subs-only=0 :tmi.twitch.tv ROOMSTATE #beringelamilgrau
2019-07-08 8:07:10 PM: bot_stay_high - Finished channel joining queue.
2019-07-08 8:07:10 PM: bot_stay_high - Received: :bot_stay_high.tmi.twitch.tv 353 bot_stay_high = #beringelamilgrau :energyzbot electricallongboard ddanniell montee_waffle bot_stay_high teyyd lurxx zanekyber beringelamilgrau tonyxzero nightbot saulo_pe 5uperted olove anotherttvviewer angeloflight cachebear rbruno018 commanderroot s1faka p0lizei_ jean__ brun0hl hostmeraffle
2019-07-08 8:07:10 PM: bot_stay_high - Received: :bot_stay_high.tmi.twitch.tv 366 bot_stay_high #beringelamilgrau :End of /NAMES list
2019-07-08 8:07:10 PM: bot_stay_high - Finished channel joining queue.
2019-07-08 8:07:11 PM: bot_stay_high - Received: @badge-info=;badges=;color=;display-name=bot_stay_high;emote-sets=0;mod=0;subscriber=0;user-type= :tmi.twitch.tv USERSTATE #beringelamilgrau
2019-07-08 8:07:18 PM: bot_stay_high - Received: :canaltotorial!canaltotorial@canaltotorial.tmi.twitch.tv JOIN #beringelamilgrau
2019-07-08 8:07:20 PM: bot_stay_high - Received: @badge-info=;badges=moderator/1;color=#008000;display-name=TONYXZERO;emotes=;flags=0-13:;id=8ac42a50-fef3-4a0a-bfa2-b718c0036541;mod=1;room-id=443063688;subscriber=0;tmi-sent-ts=1562627240260;turbo=0;user-id=38731171;user-type=mod :tonyxzero!tonyxzero@tonyxzero.tmi.twitch.tv PRIVMSG #beringelamilgrau :boasfarpas.com
2019-07-08 8:07:25 PM: bot_stay_high - Received: @badge-info=;badges=;color=#FF69B4;display-name=rbruno018;emotes=;flags=0-11:;id=45f19efc-2580-404e-a910-b1e9c0f82cac;mod=0;room-id=443063688;subscriber=0;tmi-sent-ts=1562627245533;turbo=0;user-id=216448313;user-type= :rbruno018!rbruno018@rbruno018.tmi.twitch.tv PRIVMSG #beringelamilgrau :farpadas.com
2019-07-08 8:07:26 PM: bot_stay_high - Received: @badge-info=;badges=partner/1;color=;display-name=CanalTotorial;emotes=;flags=;id=51312deb-12fa-48c6-9ee1-b3b9d137837b;mod=0;room-id=443063688;subscriber=0;tmi-sent-ts=1562627246342;turbo=0;user-id=165979679;user-type= :canaltotorial!canaltotorial@canaltotorial.tmi.twitch.tv PRIVMSG #beringelamilgrau :eu abri live ontem por 15 segundo de madrugada
2019-07-08 8:07:28 PM: bot_stay_high - Received: @badge-info=;badges=partner/1;color=;display-name=CanalTotorial;emotes=;flags=;id=0bccdd02-d47e-4b3e-81bd-18480d048dcd;mod=0;room-id=443063688;subscriber=0;tmi-sent-ts=1562627247931;turbo=0;user-id=165979679;user-type= :canaltotorial!canaltotorial@canaltotorial.tmi.twitch.tv PRIVMSG #beringelamilgrau :quem viu viu
2019-07-08 8:07:39 PM: bot_stay_high - Received: @badge-info=;badges=;color=#FF69B4;display-name=rbruno018;emotes=;flags=;id=8744ae42-27d5-4d3a-8595-155e1cfdad05;mod=0;room-id=443063688;subscriber=0;tmi-sent-ts=1562627258810;turbo=0;user-id=216448313;user-type= :rbruno018!rbruno018@rbruno018.tmi.twitch.tv PRIVMSG #beringelamilgrau :OMEGALUL
2019-07-08 8:07:55 PM: bot_stay_high - Received: @badge-info=;badges=bits-charity/1;color=#1E90FF;display-name=Jean__;emotes=;flags=;id=2df5650f-817d-46d7-af1e-6dcc40589ba1;mod=0;room-id=443063688;subscriber=0;tmi-sent-ts=1562627275169;turbo=0;user-id=38479494;user-type= :jean__!jean__@jean__.tmi.twitch.tv PRIVMSG #beringelamilgrau :Nem disse nada FeelsMan
2019-07-08 8:07:56 PM: bot_stay_high - Received: @badge-info=;badges=moderator/1;color=#008000;display-name=TONYXZERO;emotes=;flags=;id=84074590-f6ba-4c54-9e30-b91da53079a2;mod=1;room-id=443063688;subscriber=0;tmi-sent-ts=1562627275877;turbo=0;user-id=38731171;user-type=mod :tonyxzero!tonyxzero@tonyxzero.tmi.twitch.tv PRIVMSG #beringelamilgrau :peepoSleepo
2019-07-08 8:08:00 PM: bot_stay_high - Received: @badge-info=;badges=;color=#FF69B4;display-name=rbruno018;emotes=;flags=;id=c1167757-614e-410c-a9e3-6abe893d5695;mod=0;room-id=443063688;subscriber=0;tmi-sent-ts=1562627280542;turbo=0;user-id=216448313;user-type= :rbruno018!rbruno018@rbruno018.tmi.twitch.tv PRIVMSG #beringelamilgrau :eu tinha fechado ate o celeste pra ver a live OMEGALUL
2019-07-08 8:08:05 PM: bot_stay_high - Received: @badge-info=;badges=;color=#FF69B4;display-name=rbruno018;emotes=;flags=;id=9deb0ba2-98c0-4483-8a60-732171e539e7;mod=0;room-id=443063688;subscriber=0;tmi-sent-ts=1562627285596;turbo=0;user-id=216448313;user-type= :rbruno018!rbruno018@rbruno018.tmi.twitch.tv PRIVMSG #beringelamilgrau :quando fui ver cade
2019-07-08 8:08:22 PM: bot_stay_high - Received: @badge-info=;badges=partner/1;color=;display-name=CanalTotorial;emotes=;flags=;id=ccbd7e60-a1b1-45b0-972a-d966c1a921c2;mod=0;room-id=443063688;subscriber=0;tmi-sent-ts=1562627302236;turbo=0;user-id=165979679;user-type= :canaltotorial!canaltotorial@canaltotorial.tmi.twitch.tv PRIVMSG #beringelamilgrau :tava com o sono todo zoado. acho que acertei hoje
2019-07-08 8:08:52 PM: bot_stay_high - Received: @badge-info=;badges=;color=#FF69B4;display-name=rbruno018;emotes=;flags=;id=06276de9-07eb-4c08-982a-220ad34d5400;mod=0;room-id=443063688;subscriber=0;tmi-sent-ts=1562627332430;turbo=0;user-id=216448313;user-type= :rbruno018!rbruno018@rbruno018.tmi.twitch.tv PRIVMSG #beringelamilgrau :peepoSleepo
2019-07-08 8:09:20 PM: bot_stay_high - Received: :s1faka!s1faka@s1faka.tmi.twitch.tv PART #beringelamilgrau
2019-07-08 8:09:30 PM: bot_stay_high - Received: @badge-info=;badges=;color=#FF69B4;display-name=rbruno018;emotes=;flags=;id=caa27922-5a5d-4e3d-b5a0-7cc051c8cce9;mod=0;room-id=443063688;subscriber=0;tmi-sent-ts=1562627370433;turbo=0;user-id=216448313;user-type= :rbruno018!rbruno018@rbruno018.tmi.twitch.tv PRIVMSG #beringelamilgrau :ConcernFroge
2019-07-08 8:10:02 PM: bot_stay_high - Received: @badge-info=;badges=;color=#FF69B4;display-name=rbruno018;emotes=;flags=;id=a5237bf9-9e97-4a94-8668-38e8b391ae51;mod=0;room-id=443063688;subscriber=0;tmi-sent-ts=1562627402327;turbo=0;user-id=216448313;user-type= :rbruno018!rbruno018@rbruno018.tmi.twitch.tv PRIVMSG #beringelamilgrau :permuta ao vivo ConcernFroge
2019-07-08 8:10:20 PM: bot_stay_high - Received: @badge-info=;badges=moderator/1;color=#008000;display-name=TONYXZERO;emotes=;flags=;id=9b769840-8314-435d-810c-bcbb844d0b4e;mod=1;room-id=443063688;subscriber=0;tmi-sent-ts=1562627419961;turbo=0;user-id=38731171;user-type=mod :tonyxzero!tonyxzero@tonyxzero.tmi.twitch.tv PRIVMSG #beringelamilgrau :peepoLegs
2019-07-08 8:10:31 PM: bot_stay_high - Received: @badge-info=;badges=;color=#FF69B4;display-name=rbruno018;emotes=;flags=;id=65221b68-875d-4097-9094-1035039b2b7a;mod=0;room-id=443063688;subscriber=0;tmi-sent-ts=1562627430823;turbo=0;user-id=216448313;user-type= :rbruno018!rbruno018@rbruno018.tmi.twitch.tv PRIVMSG #beringelamilgrau :peepoLegs
2019-07-08 8:10:57 PM: bot_stay_high - Received: @badge-info=;badges=partner/1;color=;display-name=CanalTotorial;emotes=;flags=;id=b07953be-4d70-4b9a-83c4-e061b561521f;mod=0;room-id=443063688;subscriber=0;tmi-sent-ts=1562627456834;turbo=0;user-id=165979679;user-type= :canaltotorial!canaltotorial@canaltotorial.tmi.twitch.tv PRIVMSG #beringelamilgrau :Eu to sem o emote menu ainda
2019-07-08 8:11:13 PM: bot_stay_high - Received: @badge-info=;badges=moderator/1;color=#38CC8F;display-name=Montee_Waffle;emotes=;flags=;id=dde6d214-68c1-44b7-92ad-824c3b745834;mod=1;room-id=443063688;subscriber=0;tmi-sent-ts=1562627473504;turbo=0;user-id=148551409;user-type=mod :montee_waffle!montee_waffle@montee_waffle.tmi.twitch.tv PRIVMSG #beringelamilgrau :peepoLegs
2019-07-08 8:11:17 PM: bot_stay_high - Received: :s1faka!s1faka@s1faka.tmi.twitch.tv JOIN #beringelamilgrau
2019-07-08 8:11:33 PM: bot_stay_high - Received: @badge-info=;badges=partner/1;color=;display-name=CanalTotorial;emotes=;flags=;id=ffc16bb6-c92e-4c67-ae22-a019e946493a;mod=0;room-id=443063688;subscriber=0;tmi-sent-ts=1562627493653;turbo=0;user-id=165979679;user-type= :canaltotorial!canaltotorial@canaltotorial.tmi.twitch.tv PRIVMSG #beringelamilgrau :j? ? associado com minha conta
2019-07-08 8:12:07 PM: bot_stay_high - Received: PING :tmi.twitch.tv
2019-07-08 8:12:07 PM: bot_stay_high - Writing: PONG
2019-07-08 8:12:20 PM: bot_stay_high - Received: @badge-info=;badges=bits-charity/1;color=#1E90FF;display-name=Jean__;emotes=;flags=;id=8cc06f8e-f440-4896-ad52-852c9108b096;mod=0;room-id=443063688;subscriber=0;tmi-sent-ts=1562627540598;turbo=0;user-id=38479494;user-type= :jean__!jean__@jean__.tmi.twitch.tv PRIVMSG #beringelamilgrau :ConcernFroge
2019-07-08 8:12:30 PM: bot_stay_high - Received: @badge-info=;badges=;color=#FF69B4;display-name=rbruno018;emotes=;flags=;id=bac60cd7-0c37-4d9f-910e-bc03f9d90b1f;mod=0;room-id=443063688;subscriber=0;tmi-sent-ts=1562627550640;turbo=0;user-id=216448313;user-type= :rbruno018!rbruno018@rbruno018.tmi.twitch.tv PRIVMSG #beringelamilgrau :POGGERS
2019-07-08 8:12:49 PM: bot_stay_high - Received: @badge-info=;badges=bits-charity/1;color=#1E90FF;display-name=Jean__;emotes=;flags=;id=309ab7c0-bef2-417d-9e1e-64ff454dac5c;mod=0;room-id=443063688;subscriber=0;tmi-sent-ts=1562627569619;turbo=0;user-id=38479494;user-type= :jean__!jean__@jean__.tmi.twitch.tv PRIVMSG #beringelamilgrau :monkaGun peepoFreeze
2019-07-08 8:13:06 PM: bot_stay_high - Received: @badge-info=;badges=;color=#FF69B4;display-name=rbruno018;emotes=;flags=;id=2fcabecb-c612-4a91-85a5-5fe990c2f086;mod=0;room-id=443063688;subscriber=0;tmi-sent-ts=1562627586354;turbo=0;user-id=216448313;user-type= :rbruno018!rbruno018@rbruno018.tmi.twitch.tv PRIVMSG #beringelamilgrau :live deu uma caidinha
2019-07-08 8:13:20 PM: bot_stay_high - Received: @badge-info=;badges=;color=#FF69B4;display-name=rbruno018;emotes=;flags=;id=9ced9a17-09bc-4738-890d-0c2a7a53776b;mod=0;room-id=443063688;subscriber=0;tmi-sent-ts=1562627599734;turbo=0;user-id=216448313;user-type= :rbruno018!rbruno018@rbruno018.tmi.twitch.tv PRIVMSG #beringelamilgrau :OMEGALUL
2019-07-08 8:13:21 PM: bot_stay_high - Received: :dragontormentun123!dragontormentun123@dragontormentun123.tmi.twitch.tv JOIN #beringelamilgrau
2019-07-08 8:13:59 PM: bot_stay_high - Received: @badge-info=;badges=moderator/1;color=#008000;display-name=TONYXZERO;emotes=;flags=;id=64256277-6ce7-47c8-a8bd-1abdc693c525;mod=1;room-id=443063688;subscriber=0;tmi-sent-ts=1562627639715;turbo=0;user-id=38731171;user-type=mod :tonyxzero!tonyxzero@tonyxzero.tmi.twitch.tv PRIVMSG #beringelamilgrau :!pc
2019-07-08 8:14:00 PM: bot_stay_high - Received: @badge-info=;badges=moderator/1,partner/1;color=#7C7CE1;display-name=Nightbot;emotes=;flags=0-14:;id=72582f42-1814-4b19-8781-cce9302a1a12;mod=1;room-id=443063688;subscriber=0;tmi-sent-ts=1562627639901;turbo=0;user-id=19264788;user-type=mod :nightbot!nightbot@nightbot.tmi.twitch.tv PRIVMSG #beringelamilgrau :Ta em Salvador!
2019-07-08 8:14:09 PM: bot_stay_high - Received: @badge-info=;badges=;color=#FF69B4;display-name=rbruno018;emotes=;flags=;id=c94a5a1b-c7a0-4d65-914d-7cc52849da36;mod=0;room-id=443063688;subscriber=0;tmi-sent-ts=1562627648815;turbo=0;user-id=216448313;user-type= :rbruno018!rbruno018@rbruno018.tmi.twitch.tv PRIVMSG #beringelamilgrau :caiu
2019-07-08 8:14:14 PM: bot_stay_high - Received: @badge-info=;badges=;color=#FF69B4;display-name=rbruno018;emotes=;flags=;id=753e900c-8779-4bc8-8dea-850191909f72;mod=0;room-id=443063688;subscriber=0;tmi-sent-ts=1562627654621;turbo=0;user-id=216448313;user-type= :rbruno018!rbruno018@rbruno018.tmi.twitch.tv PRIVMSG #beringelamilgrau :F
2019-07-08 8:14:16 PM: bot_stay_high - Received: @badge-info=;badges=moderator/1;color=#FF9600;display-name=ddanniell;emotes=;flags=;id=7031b854-6bc9-4cca-a618-ce12a80205da;mod=1;room-id=443063688;subscriber=0;tmi-sent-ts=1562627656239;turbo=0;user-id=36163282;user-type=mod :ddanniell!ddanniell@ddanniell.tmi.twitch.tv PRIVMSG #beringelamilgrau :live caiu
2019-07-08 8:14:17 PM: bot_stay_high - Received: @badge-info=;badges=moderator/1;color=#008000;display-name=TONYXZERO;emote-only=1;emotes=1866390:0-5;flags=;id=7c5bc962-a247-42c9-8565-125cf714ab4a;mod=1;room-id=443063688;subscriber=0;tmi-sent-ts=1562627656783;turbo=0;user-id=38731171;user-type=mod :tonyxzero!tonyxzero@tonyxzero.tmi.twitch.tv PRIVMSG #beringelamilgrau :lordsD
2019-07-08 8:14:19 PM: bot_stay_high - Received: @badge-info=;badges=moderator/1;color=#38CC8F;display-name=Montee_Waffle;emotes=;flags=;id=ed133b70-f888-4394-b237-7c58a98ac3f0;mod=1;room-id=443063688;subscriber=0;tmi-sent-ts=1562627658971;turbo=0;user-id=148551409;user-type=mod :montee_waffle!montee_waffle@montee_waffle.tmi.twitch.tv PRIVMSG #beringelamilgrau :my bad
2019-07-08 8:14:26 PM: bot_stay_high - Received: :ddanniell!ddanniell@ddanniell.tmi.twitch.tv PART #beringelamilgrau
2019-07-08 8:14:26 PM: bot_stay_high - Received: :electricallongboard!electricallongboard@electricallongboard.tmi.twitch.tv PART #beringelamilgrau
2019-07-08 8:14:30 PM: bot_stay_high - Received: @badge-info=;badges=moderator/1;color=#008000;display-name=TONYXZERO;emotes=1866390:9-14;flags=;id=d1996f87-0f46-41b3-a3ec-1bfe39b8bdb5;mod=1;room-id=443063688;subscriber=0;tmi-sent-ts=1562627670204;turbo=0;user-id=38731171;user-type=mod :tonyxzero!tonyxzero@tonyxzero.tmi.twitch.tv PRIVMSG #beringelamilgrau :? VIRTUA lordsD
