2019-07-08 5:17:57 PM: bot_stay_high - Connecting to: wss://irc-ws.chat.twitch.tv:443
2019-07-08 5:17:58 PM: bot_stay_high - Should be connected!
2019-07-08 5:17:58 PM: bot_stay_high - Joining channel: beringelamilgrau
2019-07-08 5:17:58 PM: bot_stay_high - Received: :tmi.twitch.tv 001 bot_stay_high :Welcome, GLHF!
2019-07-08 5:17:58 PM: bot_stay_high - Received: :tmi.twitch.tv 002 bot_stay_high :Your host is tmi.twitch.tv
2019-07-08 5:17:58 PM: bot_stay_high - Received: :tmi.twitch.tv 003 bot_stay_high :This server is rather new
2019-07-08 5:17:58 PM: bot_stay_high - Received: :tmi.twitch.tv 004 bot_stay_high :-
2019-07-08 5:17:58 PM: bot_stay_high - Received: :tmi.twitch.tv 375 bot_stay_high :-
2019-07-08 5:17:58 PM: bot_stay_high - Received: :tmi.twitch.tv 372 bot_stay_high :You are in a maze of twisty passages, all alike.
2019-07-08 5:17:58 PM: bot_stay_high - Received: :tmi.twitch.tv 376 bot_stay_high :>
2019-07-08 5:17:58 PM: bot_stay_high - Received: :tmi.twitch.tv CAP * ACK :twitch.tv/membership
2019-07-08 5:17:58 PM: bot_stay_high - Unaccounted for: :tmi.twitch.tv CAP * ACK :twitch.tv/membership
2019-07-08 5:17:58 PM: bot_stay_high - Received: :tmi.twitch.tv CAP * ACK :twitch.tv/commands
2019-07-08 5:17:58 PM: bot_stay_high - Unaccounted for: :tmi.twitch.tv CAP * ACK :twitch.tv/commands
2019-07-08 5:17:58 PM: bot_stay_high - Received: :tmi.twitch.tv CAP * ACK :twitch.tv/tags
2019-07-08 5:17:58 PM: bot_stay_high - Unaccounted for: :tmi.twitch.tv CAP * ACK :twitch.tv/tags
2019-07-08 5:17:58 PM: bot_stay_high - Received: :bot_stay_high!bot_stay_high@bot_stay_high.tmi.twitch.tv JOIN #beringelamilgrau
2019-07-08 5:17:58 PM: bot_stay_high - Received: @badge-info=;badges=;color=;display-name=bot_stay_high;emote-sets=0;mod=0;subscriber=0;user-type= :tmi.twitch.tv USERSTATE #beringelamilgrau
2019-07-08 5:17:58 PM: bot_stay_high - Received: @emote-only=0;followers-only=-1;r9k=0;rituals=0;room-id=443063688;slow=0;subs-only=0 :tmi.twitch.tv ROOMSTATE #beringelamilgrau
2019-07-08 5:17:59 PM: bot_stay_high - Finished channel joining queue.
2019-07-08 5:17:59 PM: bot_stay_high - Received: :bot_stay_high.tmi.twitch.tv 353 bot_stay_high = #beringelamilgrau :5uperted maria_renata teyyd p0lizei_ electricallongboard michelle_rezende rbruno018 beringelamilgrau guillapre tonyxzero lurxx nightbot brun0hl angeloflight montee_waffle commanderroot cachebear
2019-07-08 5:17:59 PM: bot_stay_high - Received: :bot_stay_high.tmi.twitch.tv 353 bot_stay_high = #beringelamilgrau :bot_stay_high
2019-07-08 5:17:59 PM: bot_stay_high - Received: :bot_stay_high.tmi.twitch.tv 366 bot_stay_high #beringelamilgrau :End of /NAMES list
2019-07-08 5:17:59 PM: bot_stay_high - Finished channel joining queue.
2019-07-08 5:18:00 PM: bot_stay_high - Received: @badge-info=;badges=;color=;display-name=bot_stay_high;emote-sets=0;mod=0;subscriber=0;user-type= :tmi.twitch.tv USERSTATE #beringelamilgrau
2019-07-08 5:18:00 PM: bot_stay_high - Received: @badge-info=;badges=;color=#FF69B4;display-name=rbruno018;emotes=;flags=;id=91550208-78b6-4554-9283-8f00f3d5f747;mod=0;room-id=443063688;subscriber=0;tmi-sent-ts=1562617079527;turbo=0;user-id=216448313;user-type= :rbruno018!rbruno018@rbruno018.tmi.twitch.tv PRIVMSG #beringelamilgrau :D:
2019-07-08 5:18:05 PM: bot_stay_high - Received: @badge-info=;badges=moderator/1;color=#008000;display-name=TONYXZERO;emotes=;flags=;id=67b638df-dbd7-4ddd-ad5c-bdb154f57c53;mod=1;room-id=443063688;subscriber=0;tmi-sent-ts=1562617085047;turbo=0;user-id=38731171;user-type=mod :tonyxzero!tonyxzero@tonyxzero.tmi.twitch.tv PRIVMSG #beringelamilgrau :Depende do controle n? gente????? ConcernFroge
2019-07-08 5:18:09 PM: bot_stay_high - Received: :energyzbot!energyzbot@energyzbot.tmi.twitch.tv JOIN #beringelamilgrau
2019-07-08 5:18:19 PM: bot_stay_high - Received: @badge-info=;badges=moderator/1;color=#008000;display-name=TONYXZERO;emotes=;flags=;id=15aa6ac6-5d23-4871-aa57-7f1a4d7ba321;mod=1;room-id=443063688;subscriber=0;tmi-sent-ts=1562617099366;turbo=0;user-id=38731171;user-type=mod :tonyxzero!tonyxzero@tonyxzero.tmi.twitch.tv PRIVMSG #beringelamilgrau :BOT STAY HIGH OMEGALUL
2019-07-08 5:18:21 PM: bot_stay_high - Received: @badge-info=;badges=bits-charity/1;color=#1E90FF;display-name=Jean__;emotes=;flags=;id=2f71ec4c-5ec4-43be-8802-19416c74a2d5;mod=0;room-id=443063688;subscriber=0;tmi-sent-ts=1562617100798;turbo=0;user-id=38479494;user-type= :jean__!jean__@jean__.tmi.twitch.tv PRIVMSG #beringelamilgrau :peepoSmoke
2019-07-08 5:18:26 PM: bot_stay_high - Received: @badge-info=;badges=;color=#FF69B4;display-name=rbruno018;emotes=;flags=;id=6c1cdcb1-5434-4473-b826-722a823543b9;mod=0;room-id=443063688;subscriber=0;tmi-sent-ts=1562617105848;turbo=0;user-id=216448313;user-type= :rbruno018!rbruno018@rbruno018.tmi.twitch.tv PRIVMSG #beringelamilgrau :peepoSmoke
2019-07-08 5:18:39 PM: bot_stay_high - Received: @badge-info=;badges=moderator/1;color=#008000;display-name=TONYXZERO;emotes=;flags=;id=86c91805-bca8-4bbb-a5ed-4355b07facdf;mod=1;room-id=443063688;subscriber=0;tmi-sent-ts=1562617118950;turbo=0;user-id=38731171;user-type=mod :tonyxzero!tonyxzero@tonyxzero.tmi.twitch.tv PRIVMSG #beringelamilgrau :FeelsMan
2019-07-08 5:18:53 PM: bot_stay_high - Received: @badge-info=;badges=moderator/1;color=#008000;display-name=TONYXZERO;emotes=;flags=;id=7185c344-c8b4-499b-ba09-9564e4891c58;mod=1;room-id=443063688;subscriber=0;tmi-sent-ts=1562617133446;turbo=0;user-id=38731171;user-type=mod :tonyxzero!tonyxzero@tonyxzero.tmi.twitch.tv PRIVMSG #beringelamilgrau :Mt bom esse bot peepoSmart
2019-07-08 5:18:55 PM: bot_stay_high - Received: @badge-info=;badges=premium/1;color=#9DFF00;display-name=guillapre;emotes=;flags=;id=520f05ac-bf5e-47c8-b4a3-67aa9bb18480;mod=0;room-id=443063688;subscriber=0;tmi-sent-ts=1562617135263;turbo=0;user-id=157919745;user-type= :guillapre!guillapre@guillapre.tmi.twitch.tv PRIVMSG #beringelamilgrau :des de que eu comprei meu primeiro pc eu nunca joguei mais nada no controle, s? no wasd
2019-07-08 5:19:00 PM: bot_stay_high - Received: @badge-info=;badges=moderator/1;color=#008000;display-name=TONYXZERO;emotes=;flags=;id=2feb45c6-325d-42c3-b0f4-c862d0bca212;mod=1;room-id=443063688;subscriber=0;tmi-sent-ts=1562617139864;turbo=0;user-id=38731171;user-type=mod :tonyxzero!tonyxzero@tonyxzero.tmi.twitch.tv PRIVMSG #beringelamilgrau :OMEGALUL
2019-07-08 5:19:12 PM: bot_stay_high - Received: @badge-info=;badges=moderator/1;color=#008000;display-name=TONYXZERO;emotes=;flags=;id=189874e2-13cf-43c4-9a93-27b1b9c2b1eb;mod=1;room-id=443063688;subscriber=0;tmi-sent-ts=1562617152170;turbo=0;user-id=38731171;user-type=mod :tonyxzero!tonyxzero@tonyxzero.tmi.twitch.tv PRIVMSG #beringelamilgrau :Caraca cara OhISee
2019-07-08 5:19:30 PM: bot_stay_high - Received: @badge-info=;badges=premium/1;color=#9DFF00;display-name=guillapre;emotes=;flags=;id=16924018-bd4e-4f21-bc85-2bb7afc1d4fe;mod=0;room-id=443063688;subscriber=0;tmi-sent-ts=1562617169554;turbo=0;user-id=157919745;user-type= :guillapre!guillapre@guillapre.tmi.twitch.tv PRIVMSG #beringelamilgrau :nem, ? quest?o de gosto msm :v
2019-07-08 5:19:38 PM: bot_stay_high - Received: @badge-info=;badges=moderator/1;color=#008000;display-name=TONYXZERO;emotes=1772890:3-10;flags=;id=3367c123-a506-4121-92b0-b38ffa5f1168;mod=1;room-id=443063688;subscriber=0;tmi-sent-ts=1562617177560;turbo=0;user-id=38731171;user-type=mod :tonyxzero!tonyxzero@tonyxzero.tmi.twitch.tv PRIVMSG #beringelamilgrau :Ok lordsSip
2019-07-08 5:19:46 PM: bot_stay_high - Received: @badge-info=;badges=premium/1;color=#9DFF00;display-name=guillapre;emotes=;flags=;id=3036fbf0-a712-4ca3-a443-8e20c2f65770;mod=0;room-id=443063688;subscriber=0;tmi-sent-ts=1562617185574;turbo=0;user-id=157919745;user-type= :guillapre!guillapre@guillapre.tmi.twitch.tv PRIVMSG #beringelamilgrau :at? dark souls eu jogo no wasd
2019-07-08 5:19:48 PM: bot_stay_high - Received: @badge-info=;badges=;color=#FF69B4;display-name=rbruno018;emotes=;flags=;id=d27d918e-8e1a-489c-be5a-cb6afb520a81;mod=0;room-id=443063688;subscriber=0;tmi-sent-ts=1562617188019;turbo=0;user-id=216448313;user-type= :rbruno018!rbruno018@rbruno018.tmi.twitch.tv PRIVMSG #beringelamilgrau :so jogo plataforma e jogo de corrida no controle
2019-07-08 5:19:57 PM: bot_stay_high - Received: @badge-info=;badges=moderator/1;color=#008000;display-name=TONYXZERO;emotes=;flags=;id=c2458746-7027-4acd-80bf-6a17a7e4350b;mod=1;room-id=443063688;subscriber=0;tmi-sent-ts=1562617197329;turbo=0;user-id=38731171;user-type=mod :tonyxzero!tonyxzero@tonyxzero.tmi.twitch.tv PRIVMSG #beringelamilgrau :Eu gosto de jogar algumas coisas no controle PepeComfy
2019-07-08 5:20:05 PM: bot_stay_high - Received: @badge-info=;badges=premium/1;color=#9DFF00;display-name=guillapre;emotes=;flags=;id=0aa9ea51-86a7-41d8-9c5c-0b68f74e57a7;mod=0;room-id=443063688;subscriber=0;tmi-sent-ts=1562617204857;turbo=0;user-id=157919745;user-type= :guillapre!guillapre@guillapre.tmi.twitch.tv PRIVMSG #beringelamilgrau :e eu tenho controle pra usar
2019-07-08 5:20:28 PM: bot_stay_high - Received: :jean__!jean__@jean__.tmi.twitch.tv JOIN #beringelamilgrau
2019-07-08 5:20:45 PM: bot_stay_high - Received: @badge-info=;badges=moderator/1;color=#008000;display-name=TONYXZERO;emotes=;flags=;id=0f7a5f14-b189-403c-b01f-dc1e40e7e99d;mod=1;room-id=443063688;subscriber=0;tmi-sent-ts=1562617245153;turbo=0;user-id=38731171;user-type=mod :tonyxzero!tonyxzero@tonyxzero.tmi.twitch.tv PRIVMSG #beringelamilgrau :U? Ted, E SE ELE TA DE PONTA CABE?A???? Pepega
2019-07-08 5:21:29 PM: bot_stay_high - Received: :themalkavianx!themalkavianx@themalkavianx.tmi.twitch.tv JOIN #beringelamilgrau
2019-07-08 5:21:52 PM: bot_stay_high - Received: @badge-info=;badges=moderator/1;color=#008000;display-name=TONYXZERO;emotes=;flags=;id=bd51530a-7b67-4cde-8fc3-d18f382952de;mod=1;room-id=443063688;subscriber=0;tmi-sent-ts=1562617311701;turbo=0;user-id=38731171;user-type=mod :tonyxzero!tonyxzero@tonyxzero.tmi.twitch.tv PRIVMSG #beringelamilgrau :Cara, como isso ta ficando bom???? ConcernFroge
2019-07-08 5:22:12 PM: bot_stay_high - Received: PING :tmi.twitch.tv
2019-07-08 5:22:12 PM: bot_stay_high - Writing: PONG
2019-07-08 5:22:21 PM: bot_stay_high - Received: @badge-info=;badges=moderator/1;color=#008000;display-name=TONYXZERO;emotes=;flags=;id=468a16d6-1c6d-486f-ae7d-2aa8639aa9db;mod=1;room-id=443063688;subscriber=0;tmi-sent-ts=1562617341447;turbo=0;user-id=38731171;user-type=mod :tonyxzero!tonyxzero@tonyxzero.tmi.twitch.tv PRIVMSG #beringelamilgrau :!daniel
2019-07-08 5:22:22 PM: bot_stay_high - Received: @badge-info=;badges=moderator/1,partner/1;color=#7C7CE1;display-name=Nightbot;emotes=;flags=;id=29263c07-b553-42cd-8aef-4c2b3d800f19;mod=1;room-id=443063688;subscriber=0;tmi-sent-ts=1562617341699;turbo=0;user-id=19264788;user-type=mod :nightbot!nightbot@nightbot.tmi.twitch.tv PRIVMSG #beringelamilgrau :Perdoa o rapaz, ele n?o sabe ler.
2019-07-08 5:22:29 PM: bot_stay_high - Received: @badge-info=;badges=moderator/1;color=#008000;display-name=TONYXZERO;emotes=;flags=;id=eb760446-e32e-46ee-bdfc-41e878779388;mod=1;room-id=443063688;subscriber=0;tmi-sent-ts=1562617349130;turbo=0;user-id=38731171;user-type=mod :tonyxzero!tonyxzero@tonyxzero.tmi.twitch.tv PRIVMSG #beringelamilgrau :FeelsMan
2019-07-08 5:22:39 PM: bot_stay_high - Received: :cachebear!cachebear@cachebear.tmi.twitch.tv PART #beringelamilgrau
2019-07-08 5:23:07 PM: bot_stay_high - Received: @badge-info=;badges=moderator/1;color=#008000;display-name=TONYXZERO;emotes=;flags=;id=72ff6f94-7cb3-497d-80d2-dcd5a4fe56cd;mod=1;room-id=443063688;subscriber=0;tmi-sent-ts=1562617387459;turbo=0;user-id=38731171;user-type=mod :tonyxzero!tonyxzero@tonyxzero.tmi.twitch.tv PRIVMSG #beringelamilgrau :Se quiser a beringela pode ser careca igual vc Ted peepoSmart
2019-07-08 5:23:48 PM: bot_stay_high - Received: :cachebear!cachebear@cachebear.tmi.twitch.tv JOIN #beringelamilgrau
2019-07-08 5:24:18 PM: bot_stay_high - Received: @badge-info=;badges=moderator/1;color=#008000;display-name=TONYXZERO;emotes=;flags=;id=8ee484ed-6885-447e-a238-b86c92e2a121;mod=1;room-id=443063688;subscriber=0;tmi-sent-ts=1562617457601;turbo=0;user-id=38731171;user-type=mod :tonyxzero!tonyxzero@tonyxzero.tmi.twitch.tv PRIVMSG #beringelamilgrau :ConcernFroge
2019-07-08 5:24:32 PM: bot_stay_high - Received: @badge-info=;badges=moderator/1;color=#008000;display-name=TONYXZERO;emotes=;flags=;id=eb322bf7-3656-41f1-abf3-b540c77f4e6c;mod=1;room-id=443063688;subscriber=0;tmi-sent-ts=1562617472041;turbo=0;user-id=38731171;user-type=mod :tonyxzero!tonyxzero@tonyxzero.tmi.twitch.tv PRIVMSG #beringelamilgrau :PepePls
2019-07-08 5:24:49 PM: bot_stay_high - Received: :biel2907!biel2907@biel2907.tmi.twitch.tv JOIN #beringelamilgrau
2019-07-08 5:25:11 PM: bot_stay_high - Received: @badge-info=;badges=moderator/1;color=#008000;display-name=TONYXZERO;emotes=;flags=;id=07f200a9-ccad-4828-b57f-7e445f26c15a;mod=1;room-id=443063688;subscriber=0;tmi-sent-ts=1562617510723;turbo=0;user-id=38731171;user-type=mod :tonyxzero!tonyxzero@tonyxzero.tmi.twitch.tv PRIVMSG #beringelamilgrau :OhISee
2019-07-08 5:25:12 PM: bot_stay_high - Received: @badge-info=;badges=moderator/1;color=#38CC8F;display-name=Montee_Waffle;emotes=;flags=0-261:;id=1290ddc3-17d3-4dcc-b9ad-1443700640e9;mod=1;room-id=443063688;subscriber=0;tmi-sent-ts=1562617512444;turbo=0;user-id=148551409;user-type=mod :montee_waffle!montee_waffle@montee_waffle.tmi.twitch.tv PRIVMSG #beringelamilgrau :https://scontent.fqnv1-1.fna.fbcdn.net/v/t1.0-9/66276675_1316408455181468_7000298532108238848_n.png?_nc_cat=106&_nc_oc=AQk_aSrcNPCcBHzD87C01UlPx8YmL_BqxjgKNDZKtFOZvhL5yIBhiETd68kjqgFO-j0&_nc_ht=scontent.fqnv1-1.fna&oh=51f1898cc544131e901879f0f5bf92b5&oe=5DB77CC4
2019-07-08 5:25:17 PM: bot_stay_high - Received: @badge-info=;badges=moderator/1;color=#008000;display-name=TONYXZERO;emotes=;flags=;id=48612954-1f74-4bb8-9e50-ec15c2038fb0;mod=1;room-id=443063688;subscriber=0;tmi-sent-ts=1562617516915;turbo=0;user-id=38731171;user-type=mod :tonyxzero!tonyxzero@tonyxzero.tmi.twitch.tv PRIVMSG #beringelamilgrau :monkaS
2019-07-08 5:25:27 PM: bot_stay_high - Received: @badge-info=;badges=bits-charity/1;color=#1E90FF;display-name=Jean__;emotes=;flags=;id=e0272a60-9156-4aed-a222-a192af488979;mod=0;room-id=443063688;subscriber=0;tmi-sent-ts=1562617527129;turbo=0;user-id=38479494;user-type= :jean__!jean__@jean__.tmi.twitch.tv PRIVMSG #beringelamilgrau :ConcernFroge tenho que tirar o votar do bot fumante
2019-07-08 5:25:37 PM: bot_stay_high - Received: @badge-info=;badges=moderator/1;color=#008000;display-name=TONYXZERO;emotes=;flags=;id=1ec11351-9d76-4f5d-8b24-45ce8cb3119d;mod=1;room-id=443063688;subscriber=0;tmi-sent-ts=1562617537302;turbo=0;user-id=38731171;user-type=mod :tonyxzero!tonyxzero@tonyxzero.tmi.twitch.tv PRIVMSG #beringelamilgrau :FeelsMan
2019-07-08 5:25:50 PM: bot_stay_high - Received: @badge-info=;badges=;color=#FF69B4;display-name=rbruno018;emotes=;flags=;id=f7a7e991-7fc2-4df3-839e-1616015b93d2;mod=0;room-id=443063688;subscriber=0;tmi-sent-ts=1562617549939;turbo=0;user-id=216448313;user-type= :rbruno018!rbruno018@rbruno018.tmi.twitch.tv PRIVMSG #beringelamilgrau :nova meta da uma golada na agua dela FeelsMan
2019-07-08 5:25:58 PM: bot_stay_high - Received: @badge-info=;badges=moderator/1;color=#008000;display-name=TONYXZERO;emotes=;flags=;id=a03437ff-24a6-4642-a46b-a2738a1f08c4;mod=1;room-id=443063688;subscriber=0;tmi-sent-ts=1562617557703;turbo=0;user-id=38731171;user-type=mod :tonyxzero!tonyxzero@tonyxzero.tmi.twitch.tv PRIVMSG #beringelamilgrau :OMEGALUL
2019-07-08 5:26:07 PM: bot_stay_high - Received: @badge-info=;badges=moderator/1;color=#008000;display-name=TONYXZERO;emotes=;flags=;id=a4935e5d-2d73-44c3-9731-1d580d3853f5;mod=1;room-id=443063688;subscriber=0;tmi-sent-ts=1562617566583;turbo=0;user-id=38731171;user-type=mod :tonyxzero!tonyxzero@tonyxzero.tmi.twitch.tv PRIVMSG #beringelamilgrau :Saude Ted peepoSmart
2019-07-08 5:26:23 PM: bot_stay_high - Received: @badge-info=;badges=;color=#FF69B4;display-name=rbruno018;emotes=;flags=;id=1980b423-bb98-40f6-b1f0-e0011cf2fcbb;mod=0;room-id=443063688;subscriber=0;tmi-sent-ts=1562617582875;turbo=0;user-id=216448313;user-type= :rbruno018!rbruno018@rbruno018.tmi.twitch.tv PRIVMSG #beringelamilgrau :130 pau
2019-07-08 5:26:25 PM: bot_stay_high - Received: PING :tmi.twitch.tv
2019-07-08 5:26:25 PM: bot_stay_high - Writing: PONG
2019-07-08 5:26:29 PM: bot_stay_high - Received: @badge-info=;badges=bits-charity/1;color=#1E90FF;display-name=Jean__;emotes=;flags=65-72:;id=c43d5107-66cd-4b55-8bd5-9988d69a6691;mod=0;room-id=443063688;subscriber=0;tmi-sent-ts=1562617589111;turbo=0;user-id=38479494;user-type= :jean__!jean__@jean__.tmi.twitch.tv PRIVMSG #beringelamilgrau :Tem, peguei o c?digo da vers?o de votar e coloquei a mensagem de cigarros nele FeelsMan
2019-07-08 5:26:58 PM: bot_stay_high - Received: :5uperted!5uperted@5uperted.tmi.twitch.tv PART #beringelamilgrau
2019-07-08 5:26:58 PM: bot_stay_high - Received: :biel2907!biel2907@biel2907.tmi.twitch.tv PART #beringelamilgrau
2019-07-08 5:26:58 PM: bot_stay_high - Received: :commanderroot!commanderroot@commanderroot.tmi.twitch.tv PART #beringelamilgrau
2019-07-08 5:27:34 PM: bot_stay_high - Received: @badge-info=;badges=moderator/1;color=#38CC8F;display-name=Montee_Waffle;emotes=;flags=0-260:;id=3e504c01-d347-4581-a2be-9158704d3033;mod=1;room-id=443063688;subscriber=0;tmi-sent-ts=1562617654273;turbo=0;user-id=148551409;user-type=mod :montee_waffle!montee_waffle@montee_waffle.tmi.twitch.tv PRIVMSG #beringelamilgrau :https://scontent.fqnv1-1.fna.fbcdn.net/v/t1.0-9/64578330_890444344663170_2996062223824060416_n.jpg?_nc_cat=102&_nc_oc=AQlG1hGjdbX0SB83SgYDgxbGp9xL1i60pX0J29V-WtKFcO9Y1Rn_duZ5pg_FgVbf1Ng&_nc_ht=scontent.fqnv1-1.fna&oh=28f426f1f2eb60e613784e371398af98&oe=5DA93F80
2019-07-08 5:27:59 PM: bot_stay_high - Received: :5uperted!5uperted@5uperted.tmi.twitch.tv JOIN #beringelamilgrau
2019-07-08 5:27:59 PM: bot_stay_high - Received: :commanderroot!commanderroot@commanderroot.tmi.twitch.tv JOIN #beringelamilgrau
2019-07-08 5:28:03 PM: bot_stay_high - Received: @badge-info=;badges=moderator/1;color=#38CC8F;display-name=Montee_Waffle;emotes=;flags=;id=18ca8d9e-152b-46fd-8921-0eaaee05e142;mod=1;room-id=443063688;subscriber=0;tmi-sent-ts=1562617682666;turbo=0;user-id=148551409;user-type=mod :montee_waffle!montee_waffle@montee_waffle.tmi.twitch.tv PRIVMSG #beringelamilgrau :HACKERMANS
2019-07-08 5:28:03 PM: bot_stay_high - Received: @badge-info=;badges=moderator/1;color=#008000;display-name=TONYXZERO;emotes=;flags=;id=04328afd-824a-4427-a5a9-67e7051e1c6f;mod=1;room-id=443063688;subscriber=0;tmi-sent-ts=1562617682887;turbo=0;user-id=38731171;user-type=mod :tonyxzero!tonyxzero@tonyxzero.tmi.twitch.tv PRIVMSG #beringelamilgrau :FeelsMan
2019-07-08 5:28:38 PM: bot_stay_high - Received: @badge-info=;badges=moderator/1;color=#008000;display-name=TONYXZERO;emotes=;flags=;id=e84f1973-b27a-4a35-90ff-c3ab72ce0f2d;mod=1;room-id=443063688;subscriber=0;tmi-sent-ts=1562617717713;turbo=0;user-id=38731171;user-type=mod :tonyxzero!tonyxzero@tonyxzero.tmi.twitch.tv PRIVMSG #beringelamilgrau :Daniel, para se n seu pai te contrata pra fazer as thumbs ConcernFroge
2019-07-08 5:28:55 PM: bot_stay_high - Received: @badge-info=;badges=moderator/1;color=#008000;display-name=TONYXZERO;emotes=;flags=;id=791f254f-9b7d-4a7e-ac92-b059e31df2f4;mod=1;room-id=443063688;subscriber=0;tmi-sent-ts=1562617734623;turbo=0;user-id=38731171;user-type=mod :tonyxzero!tonyxzero@tonyxzero.tmi.twitch.tv PRIVMSG #beringelamilgrau :PepePls
2019-07-08 5:28:58 PM: bot_stay_high - Received: @badge-info=;badges=;color=#FF69B4;display-name=rbruno018;emotes=;flags=;id=258d7b73-5a24-410b-8902-45601c173b1a;mod=0;room-id=443063688;subscriber=0;tmi-sent-ts=1562617737946;turbo=0;user-id=216448313;user-type= :rbruno018!rbruno018@rbruno018.tmi.twitch.tv PRIVMSG #beringelamilgrau :OMEGALUL AGORA QUE CLIQUEI NO DISCORD DA DESCR?AO OMEGALUL
2019-07-08 5:29:07 PM: bot_stay_high - Received: @badge-info=;badges=bits-charity/1;color=#1E90FF;display-name=Jean__;emotes=;flags=;id=285a60a3-ce79-4634-923c-d65b762dd116;mod=0;room-id=443063688;subscriber=0;tmi-sent-ts=1562617747173;turbo=0;user-id=38479494;user-type= :jean__!jean__@jean__.tmi.twitch.tv PRIVMSG #beringelamilgrau :!discord
2019-07-08 5:29:08 PM: bot_stay_high - Received: @badge-info=;badges=moderator/1,partner/1;color=#7C7CE1;display-name=Nightbot;emotes=;flags=;id=fb50c24f-79b0-4dbb-8545-168103f36c13;mod=1;room-id=443063688;subscriber=0;tmi-sent-ts=1562617747463;turbo=0;user-id=19264788;user-type=mod :nightbot!nightbot@nightbot.tmi.twitch.tv PRIVMSG #beringelamilgrau :N?o existe ainda, quem sabe no futuro...
2019-07-08 5:29:09 PM: bot_stay_high - Received: @badge-info=;badges=bits-charity/1;color=#1E90FF;display-name=Jean__;emotes=;flags=;id=12da44c3-0917-4434-9a97-0e22068dd90c;mod=0;room-id=443063688;subscriber=0;tmi-sent-ts=1562617749405;turbo=0;user-id=38479494;user-type= :jean__!jean__@jean__.tmi.twitch.tv PRIVMSG #beringelamilgrau :PepeLaugh
2019-07-08 5:29:57 PM: bot_stay_high - Received: @badge-info=;badges=;color=#FF69B4;display-name=rbruno018;emotes=;flags=;id=c5bee02d-83c2-407b-8e3e-e14dc56ec427;mod=0;room-id=443063688;subscriber=0;tmi-sent-ts=1562617796304;turbo=0;user-id=216448313;user-type= :rbruno018!rbruno018@rbruno018.tmi.twitch.tv PRIVMSG #beringelamilgrau :agora o beringela de grupo destaque no meu humilde perfil do steam peepoSmoke
2019-07-08 5:31:14 PM: bot_stay_high - Received: PING :tmi.twitch.tv
2019-07-08 5:31:14 PM: bot_stay_high - Writing: PONG
2019-07-08 5:31:23 PM: bot_stay_high - Received: @badge-info=;badges=bits-charity/1;color=#1E90FF;display-name=Jean__;emotes=;flags=;id=6f38aefe-dd02-409a-afa4-00fc47f97879;mod=0;room-id=443063688;subscriber=0;tmi-sent-ts=1562617882761;turbo=0;user-id=38479494;user-type= :jean__!jean__@jean__.tmi.twitch.tv PRIVMSG #beringelamilgrau :ConcernFroge
2019-07-08 5:31:28 PM: bot_stay_high - Received: @badge-info=;badges=moderator/1;color=#008000;display-name=TONYXZERO;emotes=;flags=;id=0c9999df-9939-4a50-9ea7-bab38343b243;mod=1;room-id=443063688;subscriber=0;tmi-sent-ts=1562617888349;turbo=0;user-id=38731171;user-type=mod :tonyxzero!tonyxzero@tonyxzero.tmi.twitch.tv PRIVMSG #beringelamilgrau :Bora um Chor?o PepePls
2019-07-08 5:31:47 PM: bot_stay_high - Received: @badge-info=;badges=moderator/1;color=#008000;display-name=TONYXZERO;emotes=;flags=;id=302786ee-640c-4a56-8dd0-9eeb553053b9;mod=1;room-id=443063688;subscriber=0;tmi-sent-ts=1562617906975;turbo=0;user-id=38731171;user-type=mod :tonyxzero!tonyxzero@tonyxzero.tmi.twitch.tv PRIVMSG #beringelamilgrau :FeelsBirthdayMan
2019-07-08 5:31:53 PM: bot_stay_high - Received: @badge-info=;badges=;color=#FF69B4;display-name=rbruno018;emotes=;flags=;id=9a090168-a8a4-43ad-8047-e72dd15a0aad;mod=0;room-id=443063688;subscriber=0;tmi-sent-ts=1562617913478;turbo=0;user-id=216448313;user-type= :rbruno018!rbruno018@rbruno018.tmi.twitch.tv PRIVMSG #beringelamilgrau :FeelsBirthdayMan
2019-07-08 5:31:59 PM: bot_stay_high - Received: @badge-info=;badges=moderator/1;color=#008000;display-name=TONYXZERO;emotes=;flags=;id=37f231a8-973e-47c5-bf5b-9953cf9e5951;mod=1;room-id=443063688;subscriber=0;tmi-sent-ts=1562617918923;turbo=0;user-id=38731171;user-type=mod :tonyxzero!tonyxzero@tonyxzero.tmi.twitch.tv PRIVMSG #beringelamilgrau :OMEGALUL
2019-07-08 5:32:04 PM: bot_stay_high - Received: @badge-info=;badges=;color=#FF69B4;display-name=rbruno018;emotes=;flags=;id=7a1270b9-2293-443e-8eb7-5c25d00a88dc;mod=0;room-id=443063688;subscriber=0;tmi-sent-ts=1562617924226;turbo=0;user-id=216448313;user-type= :rbruno018!rbruno018@rbruno018.tmi.twitch.tv PRIVMSG #beringelamilgrau :mandei convite pra geral FeelsMan
2019-07-08 5:32:11 PM: bot_stay_high - Received: @badge-info=;badges=moderator/1;color=#008000;display-name=TONYXZERO;emotes=;flags=;id=dff1ab62-592a-40b9-8f44-a55de370ca61;mod=1;room-id=443063688;subscriber=0;tmi-sent-ts=1562617931228;turbo=0;user-id=38731171;user-type=mod :tonyxzero!tonyxzero@tonyxzero.tmi.twitch.tv PRIVMSG #beringelamilgrau :FeelsMan
2019-07-08 5:32:19 PM: bot_stay_high - Received: @badge-info=;badges=moderator/1;color=#008000;display-name=TONYXZERO;emotes=;flags=;id=d41331ba-ab22-4350-b917-90b2d8c70b15;mod=1;room-id=443063688;subscriber=0;tmi-sent-ts=1562617939358;turbo=0;user-id=38731171;user-type=mod :tonyxzero!tonyxzero@tonyxzero.tmi.twitch.tv PRIVMSG #beringelamilgrau :BORA GENTE PepePls
2019-07-08 5:32:28 PM: bot_stay_high - Received: @badge-info=;badges=moderator/1;color=#008000;display-name=TONYXZERO;emotes=;flags=;id=73823cea-e67e-4ef8-b2b8-526cd9d85cee;mod=1;room-id=443063688;subscriber=0;tmi-sent-ts=1562617947834;turbo=0;user-id=38731171;user-type=mod :tonyxzero!tonyxzero@tonyxzero.tmi.twitch.tv PRIVMSG #beringelamilgrau :CEDO OU TAAAAAAARDEEEEEEEEEEEEEEE PepePls
2019-07-08 5:32:39 PM: bot_stay_high - Received: @badge-info=;badges=;color=#FF69B4;display-name=rbruno018;emotes=;flags=;id=02d672d8-605c-46a0-8993-ad7bc90a9e85;mod=0;room-id=443063688;subscriber=0;tmi-sent-ts=1562617959446;turbo=0;user-id=216448313;user-type= :rbruno018!rbruno018@rbruno018.tmi.twitch.tv PRIVMSG #beringelamilgrau :pepejam
2019-07-08 5:32:56 PM: bot_stay_high - Received: @badge-info=;badges=;color=#FF69B4;display-name=rbruno018;emotes=;flags=;id=7e575ec3-bbb7-4534-b855-c377eb59078e;mod=0;room-id=443063688;subscriber=0;tmi-sent-ts=1562617975804;turbo=0;user-id=216448313;user-type= :rbruno018!rbruno018@rbruno018.tmi.twitch.tv PRIVMSG #beringelamilgrau :CEDO OU TARDE A GENTE VAI SE ENCONTRAR
2019-07-08 5:32:59 PM: bot_stay_high - Received: @badge-info=;badges=moderator/1;color=#008000;display-name=TONYXZERO;emotes=;flags=;id=442571c5-8e75-4f57-b280-1504700f3fe4;mod=1;room-id=443063688;subscriber=0;tmi-sent-ts=1562617979256;turbo=0;user-id=38731171;user-type=mod :tonyxzero!tonyxzero@tonyxzero.tmi.twitch.tv PRIVMSG #beringelamilgrau :PepePls
2019-07-08 5:33:03 PM: bot_stay_high - Received: @badge-info=;badges=;color=#FF69B4;display-name=rbruno018;emotes=;flags=;id=a63ea4ee-7dce-4b9c-b115-a4eb8541cc36;mod=0;room-id=443063688;subscriber=0;tmi-sent-ts=1562617982597;turbo=0;user-id=216448313;user-type= :rbruno018!rbruno018@rbruno018.tmi.twitch.tv PRIVMSG #beringelamilgrau :TENHO CERTEZA NUME BEM MELHOR
2019-07-08 5:33:09 PM: bot_stay_high - Received: @badge-info=;badges=moderator/1;color=#008000;display-name=TONYXZERO;emotes=;flags=;id=a002f4bc-bbcf-43bf-98b7-ae6bf574efcf;mod=1;room-id=443063688;subscriber=0;tmi-sent-ts=1562617988719;turbo=0;user-id=38731171;user-type=mod :tonyxzero!tonyxzero@tonyxzero.tmi.twitch.tv PRIVMSG #beringelamilgrau :PepePls
2019-07-08 5:33:09 PM: bot_stay_high - Received: @badge-info=;badges=;color=#FF69B4;display-name=rbruno018;emotes=;flags=;id=49c1a9ee-8415-4d21-9457-3cfbf24046e6;mod=0;room-id=443063688;subscriber=0;tmi-sent-ts=1562617989471;turbo=0;user-id=216448313;user-type= :rbruno018!rbruno018@rbruno018.tmi.twitch.tv PRIVMSG #beringelamilgrau :AAAAAAAAAAAAAAA
2019-07-08 5:33:13 PM: bot_stay_high - Received: @badge-info=;badges=;color=#FF69B4;display-name=rbruno018;emotes=;flags=;id=b8ed2e65-98f1-4f76-88c4-d41eabb90b78;mod=0;room-id=443063688;subscriber=0;tmi-sent-ts=1562617993445;turbo=0;user-id=216448313;user-type= :rbruno018!rbruno018@rbruno018.tmi.twitch.tv PRIVMSG #beringelamilgrau :PepePls
2019-07-08 5:33:41 PM: bot_stay_high - Received: @badge-info=;badges=moderator/1;color=#008000;display-name=TONYXZERO;emotes=;flags=;id=2a44432f-dc7d-480e-9cfb-786863a3a355;mod=1;room-id=443063688;subscriber=0;tmi-sent-ts=1562618020695;turbo=0;user-id=38731171;user-type=mod :tonyxzero!tonyxzero@tonyxzero.tmi.twitch.tv PRIVMSG #beringelamilgrau :Bora fazer um karaoke todo mundo FeelsOkayMan
2019-07-08 5:34:37 PM: bot_stay_high - Received: @badge-info=;badges=moderator/1;color=#008000;display-name=TONYXZERO;emotes=;flags=;id=0d425091-7ddf-43e1-b0ce-8a9b6a7a3904;mod=1;room-id=443063688;subscriber=0;tmi-sent-ts=1562618077457;turbo=0;user-id=38731171;user-type=mod :tonyxzero!tonyxzero@tonyxzero.tmi.twitch.tv PRIVMSG #beringelamilgrau :PepePls
2019-07-08 5:34:52 PM: bot_stay_high - Received: @badge-info=;badges=;color=#FF69B4;display-name=rbruno018;emotes=;flags=;id=96c5f86f-3a5b-43fc-b0ab-a6603a996328;mod=0;room-id=443063688;subscriber=0;tmi-sent-ts=1562618092410;turbo=0;user-id=216448313;user-type= :rbruno018!rbruno018@rbruno018.tmi.twitch.tv PRIVMSG #beringelamilgrau :twitch sings FeelsOkayMan
2019-07-08 5:34:53 PM: bot_stay_high - Received: @badge-info=;badges=moderator/1;color=#38CC8F;display-name=Montee_Waffle;emotes=;flags=0-42:;id=9d26e9a8-2516-4d0b-be8e-e75292a9c12e;mod=1;room-id=443063688;subscriber=0;tmi-sent-ts=1562618093193;turbo=0;user-id=148551409;user-type=mod :montee_waffle!montee_waffle@montee_waffle.tmi.twitch.tv PRIVMSG #beringelamilgrau :https://www.youtube.com/watch?v=BvYuf4r-8xk
2019-07-08 5:35:55 PM: bot_stay_high - Received: PING :tmi.twitch.tv
2019-07-08 5:35:55 PM: bot_stay_high - Writing: PONG
2019-07-08 5:36:29 PM: bot_stay_high - Received: @badge-info=;badges=moderator/1;color=#38CC8F;display-name=Montee_Waffle;emotes=;flags=;id=0494cd5d-25e1-45e2-bedf-4dc524c18f2a;mod=1;room-id=443063688;subscriber=0;tmi-sent-ts=1562618188764;turbo=0;user-id=148551409;user-type=mod :montee_waffle!montee_waffle@montee_waffle.tmi.twitch.tv PRIVMSG #beringelamilgrau :!montee
2019-07-08 5:36:30 PM: bot_stay_high - Received: @badge-info=;badges=moderator/1,partner/1;color=#7C7CE1;display-name=Nightbot;emotes=;flags=;id=6fe31d2c-75b0-458b-8ea3-d9bc7bcaac01;mod=1;room-id=443063688;subscriber=0;tmi-sent-ts=1562618189001;turbo=0;user-id=19264788;user-type=mod :nightbot!nightbot@nightbot.tmi.twitch.tv PRIVMSG #beringelamilgrau :Ta na hr da bufa! Pela 6 ? vez peepoSmoke
2019-07-08 5:36:36 PM: bot_stay_high - Received: @badge-info=;badges=;color=#FF69B4;display-name=rbruno018;emotes=;flags=;id=459cd03e-3358-46f0-81e6-e23e607d305e;mod=0;room-id=443063688;subscriber=0;tmi-sent-ts=1562618195057;turbo=0;user-id=216448313;user-type= :rbruno018!rbruno018@rbruno018.tmi.twitch.tv PRIVMSG #beringelamilgrau :peepoSmoke
2019-07-08 5:37:47 PM: bot_stay_high - Received: @badge-info=;badges=;color=#FF69B4;display-name=rbruno018;emotes=;flags=;id=0a26c2ad-6c81-4860-b9dc-abab7bed5eaa;mod=0;room-id=443063688;subscriber=0;tmi-sent-ts=1562618266944;turbo=0;user-id=216448313;user-type= :rbruno018!rbruno018@rbruno018.tmi.twitch.tv PRIVMSG #beringelamilgrau :eu vou comer um milho verde aqui peepoSmoke
2019-07-08 5:38:09 PM: bot_stay_high - Received: :energyzbot!energyzbot@energyzbot.tmi.twitch.tv PART #beringelamilgrau
2019-07-08 5:38:57 PM: bot_stay_high - Received: @badge-info=;badges=;color=#FF69B4;display-name=rbruno018;emotes=;flags=;id=dca8516c-80dd-4724-a01f-cb337f3ab5dd;mod=0;room-id=443063688;subscriber=0;tmi-sent-ts=1562618336731;turbo=0;user-id=216448313;user-type= :rbruno018!rbruno018@rbruno018.tmi.twitch.tv PRIVMSG #beringelamilgrau :!propriedade
2019-07-08 5:38:57 PM: bot_stay_high - Received: @badge-info=;badges=moderator/1,partner/1;color=#7C7CE1;display-name=Nightbot;emotes=;flags=;id=02d52bdf-9483-4213-887c-cd9eb967e1bd;mod=1;room-id=443063688;subscriber=0;tmi-sent-ts=1562618337113;turbo=0;user-id=19264788;user-type=mod :nightbot!nightbot@nightbot.tmi.twitch.tv PRIVMSG #beringelamilgrau :Hey,tudo bem? Ouvi falar que voc? ? super f? da s?rie Souls. Estou come?ando minha jornada a pouco tempo por esse mundo obscuro. Haha. Anyway. Queria algumas dicas sobre o Dark Souls, caso voc? tenha familiaridade com essa nova propriedade Intelectual. ??
2019-07-08 5:39:08 PM: bot_stay_high - Received: :energyzbot!energyzbot@energyzbot.tmi.twitch.tv JOIN #beringelamilgrau
2019-07-08 5:40:52 PM: bot_stay_high - Received: PING :tmi.twitch.tv
2019-07-08 5:40:52 PM: bot_stay_high - Writing: PONG
2019-07-08 5:41:13 PM: bot_stay_high - Received: :s1faka!s1faka@s1faka.tmi.twitch.tv JOIN #beringelamilgrau
2019-07-08 5:42:00 PM: bot_stay_high - Received: @badge-info=;badges=moderator/1,overwatch-league-insider_2019A/1;color=#FF0000;display-name=themalkavianx;emotes=;flags=;id=a2bc757d-f331-47cc-a574-74931a6453b7;mod=1;room-id=443063688;subscriber=0;tmi-sent-ts=1562618520184;turbo=0;user-id=5650408;user-type=mod :themalkavianx!themalkavianx@themalkavianx.tmi.twitch.tv PRIVMSG #beringelamilgrau :Legi?o Umbanda
2019-07-08 5:42:01 PM: bot_stay_high - Received: @badge-info=;badges=;color=#FF69B4;display-name=rbruno018;emotes=;flags=;id=0eaa664a-7c3d-43c1-b006-44161ccdeed3;mod=0;room-id=443063688;subscriber=0;tmi-sent-ts=1562618520539;turbo=0;user-id=216448313;user-type= :rbruno018!rbruno018@rbruno018.tmi.twitch.tv PRIVMSG #beringelamilgrau :ai rola um crime de odio
2019-07-08 5:42:41 PM: bot_stay_high - Received: @badge-info=;badges=moderator/1,overwatch-league-insider_2019A/1;color=#FF0000;display-name=themalkavianx;emotes=;flags=;id=08e44b14-4dba-4936-8e7d-566f2d72775e;mod=1;room-id=443063688;subscriber=0;tmi-sent-ts=1562618560750;turbo=0;user-id=5650408;user-type=mod :themalkavianx!themalkavianx@themalkavianx.tmi.twitch.tv PRIVMSG #beringelamilgrau :Se vc abrir stream junto com o daniel, as streams se fundem e vcs se tornam um s?
2019-07-08 5:43:04 PM: bot_stay_high - Received: @badge-info=;badges=moderator/1,overwatch-league-insider_2019A/1;color=#FF0000;display-name=themalkavianx;emotes=;flags=;id=f28416b3-b8cf-48c6-b399-b4e3b8c54526;mod=1;room-id=443063688;subscriber=0;tmi-sent-ts=1562618583736;turbo=0;user-id=5650408;user-type=mod :themalkavianx!themalkavianx@themalkavianx.tmi.twitch.tv PRIVMSG #beringelamilgrau :Assim cria-se o Beringelaverso
2019-07-08 5:43:15 PM: bot_stay_high - Received: @badge-info=;badges=bits-charity/1;color=#1E90FF;display-name=Jean__;emotes=;flags=;id=4c3244e8-5b73-4bfa-892a-6446ca47d99f;mod=0;room-id=443063688;subscriber=0;tmi-sent-ts=1562618594862;turbo=0;user-id=38479494;user-type= :jean__!jean__@jean__.tmi.twitch.tv PRIVMSG #beringelamilgrau :pensei que ficavam duas telas de live peepoSmart
2019-07-08 5:44:59 PM: bot_stay_high - Received: PING :tmi.twitch.tv
2019-07-08 5:44:59 PM: bot_stay_high - Writing: PONG
2019-07-08 5:45:07 PM: bot_stay_high - Received: @badge-info=;badges=;color=#FF69B4;display-name=rbruno018;emotes=;flags=;id=9e37d995-35f1-4f32-95f4-64a4b0dce231;mod=0;room-id=443063688;subscriber=0;tmi-sent-ts=1562618706874;turbo=0;user-id=216448313;user-type= :rbruno018!rbruno018@rbruno018.tmi.twitch.tv PRIVMSG #beringelamilgrau :oh lord
2019-07-08 5:47:09 PM: bot_stay_high - Received: :themalkavianx!themalkavianx@themalkavianx.tmi.twitch.tv PART #beringelamilgrau
2019-07-08 5:47:58 PM: bot_stay_high - Received: @badge-info=;badges=;color=;display-name=bot_stay_high;emote-sets=0;mod=0;subscriber=0;user-type= :tmi.twitch.tv USERSTATE #beringelamilgrau
2019-07-08 5:47:58 PM: bot_stay_high - Received: @badge-info=;badges=;color=#FF69B4;display-name=rbruno018;emotes=;flags=;id=bdda1a00-f9d2-4536-980e-30283e459a84;mod=0;room-id=443063688;subscriber=0;tmi-sent-ts=1562618878474;turbo=0;user-id=216448313;user-type= :rbruno018!rbruno018@rbruno018.tmi.twitch.tv PRIVMSG #beringelamilgrau :feelsma
2019-07-08 5:48:04 PM: bot_stay_high - Received: @badge-info=;badges=;color=#FF69B4;display-name=rbruno018;emotes=;flags=;id=4304fe47-ba80-4a78-b808-39e9f1c96621;mod=0;room-id=443063688;subscriber=0;tmi-sent-ts=1562618883980;turbo=0;user-id=216448313;user-type= :rbruno018!rbruno018@rbruno018.tmi.twitch.tv PRIVMSG #beringelamilgrau :peepoSmoke
2019-07-08 5:48:10 PM: bot_stay_high - Received: :anotherttvviewer!anotherttvviewer@anotherttvviewer.tmi.twitch.tv JOIN #beringelamilgrau
2019-07-08 5:48:10 PM: bot_stay_high - Received: :themalkavianx!themalkavianx@themalkavianx.tmi.twitch.tv JOIN #beringelamilgrau
2019-07-08 5:49:16 PM: bot_stay_high - Received: :biravg!biravg@biravg.tmi.twitch.tv JOIN #beringelamilgrau
2019-07-08 5:49:16 PM: bot_stay_high - Received: :mikaeldefs!mikaeldefs@mikaeldefs.tmi.twitch.tv JOIN #beringelamilgrau
2019-07-08 5:49:26 PM: bot_stay_high - Received: PING :tmi.twitch.tv
2019-07-08 5:49:26 PM: bot_stay_high - Writing: PONG
2019-07-08 5:51:32 PM: bot_stay_high - Received: :biravg!biravg@biravg.tmi.twitch.tv PART #beringelamilgrau
2019-07-08 5:51:32 PM: bot_stay_high - Received: :mikaeldefs!mikaeldefs@mikaeldefs.tmi.twitch.tv PART #beringelamilgrau
2019-07-08 5:52:22 PM: bot_stay_high - Received: @badge-info=;badges=;color=#FF69B4;display-name=rbruno018;emotes=;flags=;id=1bf0fc3b-dd8a-4b04-ac81-ef4a5830515c;mod=0;room-id=443063688;subscriber=0;tmi-sent-ts=1562619142303;turbo=0;user-id=216448313;user-type= :rbruno018!rbruno018@rbruno018.tmi.twitch.tv PRIVMSG #beringelamilgrau :OMEGALUL
2019-07-08 5:52:29 PM: bot_stay_high - Received: :s1faka!s1faka@s1faka.tmi.twitch.tv PART #beringelamilgrau
2019-07-08 5:52:51 PM: bot_stay_high - Received: @badge-info=;badges=premium/1;color=#FF69B4;display-name=Maria_Renata;emotes=;flags=;id=fe134c2e-6687-4819-a264-4d616156485c;mod=0;room-id=443063688;subscriber=0;tmi-sent-ts=1562619171440;turbo=0;user-id=212194263;user-type= :maria_renata!maria_renata@maria_renata.tmi.twitch.tv PRIVMSG #beringelamilgrau :Feelsberingelamilgrau
2019-07-08 5:53:33 PM: bot_stay_high - Received: PING :tmi.twitch.tv
2019-07-08 5:53:33 PM: bot_stay_high - Writing: PONG
2019-07-08 5:53:38 PM: bot_stay_high - Received: @badge-info=;badges=;color=#FF69B4;display-name=rbruno018;emotes=;flags=;id=d10c0863-db18-466c-8b49-6db3bb355c63;mod=0;room-id=443063688;subscriber=0;tmi-sent-ts=1562619218201;turbo=0;user-id=216448313;user-type= :rbruno018!rbruno018@rbruno018.tmi.twitch.tv PRIVMSG #beringelamilgrau :alo bisoft
2019-07-08 5:54:33 PM: bot_stay_high - Received: :bronzilv!bronzilv@bronzilv.tmi.twitch.tv JOIN #beringelamilgrau
2019-07-08 5:56:45 PM: bot_stay_high - Received: :zanekyber!zanekyber@zanekyber.tmi.twitch.tv JOIN #beringelamilgrau
2019-07-08 5:56:45 PM: bot_stay_high - Received: :guillapre!guillapre@guillapre.tmi.twitch.tv PART #beringelamilgrau
2019-07-08 5:56:51 PM: bot_stay_high - Received: @badge-info=;badges=;color=#FF69B4;display-name=rbruno018;emotes=;flags=;id=41a20770-a4cd-494f-b9b8-f724716dc926;mod=0;room-id=443063688;subscriber=0;tmi-sent-ts=1562619410525;turbo=0;user-id=216448313;user-type= :rbruno018!rbruno018@rbruno018.tmi.twitch.tv PRIVMSG #beringelamilgrau :bota um sertanejo brabo ai
2019-07-08 5:56:58 PM: bot_stay_high - Received: @badge-info=;badges=;color=#FF69B4;display-name=rbruno018;emotes=;flags=;id=2c32ed31-0078-4afa-85c3-f12599ffcdef;mod=0;room-id=443063688;subscriber=0;tmi-sent-ts=1562619418477;turbo=0;user-id=216448313;user-type= :rbruno018!rbruno018@rbruno018.tmi.twitch.tv PRIVMSG #beringelamilgrau :raiz
2019-07-08 5:57:05 PM: bot_stay_high - Received: @badge-info=;badges=;color=#FF69B4;display-name=rbruno018;emotes=;flags=;id=67ed67ed-611f-4ae3-b1ff-ef372b24160d;mod=0;room-id=443063688;subscriber=0;tmi-sent-ts=1562619425140;turbo=0;user-id=216448313;user-type= :rbruno018!rbruno018@rbruno018.tmi.twitch.tv PRIVMSG #beringelamilgrau :!!
2019-07-08 5:57:05 PM: bot_stay_high - Received: @badge-info=;badges=broadcaster/1;color=;display-name=beringelamilgrau;emotes=;flags=;id=6a356ba1-68a9-48fc-8abf-3eea4197f7e5;mod=0;room-id=443063688;subscriber=0;tmi-sent-ts=1562619425510;turbo=0;user-id=443063688;user-type= :beringelamilgrau!beringelamilgrau@beringelamilgrau.tmi.twitch.tv PRIVMSG #beringelamilgrau :!!
2019-07-08 5:57:16 PM: bot_stay_high - Received: @badge-info=;badges=moderator/1;color=#008000;display-name=TONYXZERO;emotes=;flags=;id=d6344540-44c5-4a60-a68a-bae7f5a57e9c;mod=1;room-id=443063688;subscriber=0;tmi-sent-ts=1562619436269;turbo=0;user-id=38731171;user-type=mod :tonyxzero!tonyxzero@tonyxzero.tmi.twitch.tv PRIVMSG #beringelamilgrau :!daniel
2019-07-08 5:57:17 PM: bot_stay_high - Received: @badge-info=;badges=premium/1;color=#FF69B4;display-name=Maria_Renata;emotes=;flags=;id=cfff889e-60ff-427d-b867-86559b07f429;mod=0;room-id=443063688;subscriber=0;tmi-sent-ts=1562619436675;turbo=0;user-id=212194263;user-type= :maria_renata!maria_renata@maria_renata.tmi.twitch.tv PRIVMSG #beringelamilgrau :!exclama??o
2019-07-08 5:57:17 PM: bot_stay_high - Received: @badge-info=;badges=moderator/1,partner/1;color=#7C7CE1;display-name=Nightbot;emotes=;flags=;id=1f90cac9-8af0-4daa-a7c9-499ee565af75;mod=1;room-id=443063688;subscriber=0;tmi-sent-ts=1562619436552;turbo=0;user-id=19264788;user-type=mod :nightbot!nightbot@nightbot.tmi.twitch.tv PRIVMSG #beringelamilgrau :Perdoa o rapaz, ele n?o sabe ler.
2019-07-08 5:57:21 PM: bot_stay_high - Received: @badge-info=;badges=;color=#FF69B4;display-name=rbruno018;emotes=;flags=;id=81e145f4-c538-481c-b030-4e5483eb7595;mod=0;room-id=443063688;subscriber=0;tmi-sent-ts=1562619440908;turbo=0;user-id=216448313;user-type= :rbruno018!rbruno018@rbruno018.tmi.twitch.tv PRIVMSG #beringelamilgrau :!dabiel
2019-07-08 5:57:25 PM: bot_stay_high - Received: @badge-info=;badges=;color=#FF69B4;display-name=rbruno018;emotes=;flags=;id=c740de2e-c4d5-49a0-9090-c040d7e2f626;mod=0;room-id=443063688;subscriber=0;tmi-sent-ts=1562619444953;turbo=0;user-id=216448313;user-type= :rbruno018!rbruno018@rbruno018.tmi.twitch.tv PRIVMSG #beringelamilgrau :!daniel
2019-07-08 5:57:25 PM: bot_stay_high - Received: @badge-info=;badges=moderator/1,partner/1;color=#7C7CE1;display-name=Nightbot;emotes=;flags=;id=bc775f1e-cc12-45dc-89a8-da2b1c83ed40;mod=1;room-id=443063688;subscriber=0;tmi-sent-ts=1562619445210;turbo=0;user-id=19264788;user-type=mod :nightbot!nightbot@nightbot.tmi.twitch.tv PRIVMSG #beringelamilgrau :Perdoa o rapaz, ele n?o sabe ler.
2019-07-08 5:57:32 PM: bot_stay_high - Received: @badge-info=;badges=premium/1;color=#FF69B4;display-name=Maria_Renata;emotes=;flags=;id=aa54f334-6f10-4aae-ba6e-b7411a24b411;mod=0;room-id=443063688;subscriber=0;tmi-sent-ts=1562619451681;turbo=0;user-id=212194263;user-type= :maria_renata!maria_renata@maria_renata.tmi.twitch.tv PRIVMSG #beringelamilgrau :!esclamassaum
2019-07-08 5:57:46 PM: bot_stay_high - Received: :hostmeraffle!hostmeraffle@hostmeraffle.tmi.twitch.tv JOIN #beringelamilgrau
2019-07-08 5:57:46 PM: bot_stay_high - Received: @badge-info=;badges=broadcaster/1;color=;display-name=beringelamilgrau;emotes=;flags=;id=60cdf6e0-b288-4a29-8e1d-5e714b0d670a;mod=0;room-id=443063688;subscriber=0;tmi-sent-ts=1562619466414;turbo=0;user-id=443063688;user-type= :beringelamilgrau!beringelamilgrau@beringelamilgrau.tmi.twitch.tv PRIVMSG #beringelamilgrau :exclama??o
2019-07-08 5:57:50 PM: bot_stay_high - Received: @badge-info=;badges=;color=#FF69B4;display-name=rbruno018;emotes=;flags=;id=45e020f3-7b3b-4bab-a422-5210ba3cd294;mod=0;room-id=443063688;subscriber=0;tmi-sent-ts=1562619469527;turbo=0;user-id=216448313;user-type= :rbruno018!rbruno018@rbruno018.tmi.twitch.tv PRIVMSG #beringelamilgrau :OMEGALUL
2019-07-08 5:58:05 PM: bot_stay_high - Received: @badge-info=;badges=bits-charity/1;color=#1E90FF;display-name=Jean__;emotes=;flags=;id=6647ab69-df7f-4e73-b0d1-2b5e087b27b6;mod=0;room-id=443063688;subscriber=0;tmi-sent-ts=1562619484698;turbo=0;user-id=38479494;user-type= :jean__!jean__@jean__.tmi.twitch.tv PRIVMSG #beringelamilgrau :!isclamas?o
2019-07-08 5:58:25 PM: bot_stay_high - Received: @badge-info=;badges=premium/1;color=#FF69B4;display-name=Maria_Renata;emotes=;flags=;id=83c1856a-eac7-4e3a-9ff7-a7a3e8a07729;mod=0;room-id=443063688;subscriber=0;tmi-sent-ts=1562619505081;turbo=0;user-id=212194263;user-type= :maria_renata!maria_renata@maria_renata.tmi.twitch.tv PRIVMSG #beringelamilgrau :pq jean n?o entra no voice? monkaGun
2019-07-08 5:58:30 PM: bot_stay_high - Received: PING :tmi.twitch.tv
2019-07-08 5:58:30 PM: bot_stay_high - Writing: PONG
2019-07-08 5:58:44 PM: bot_stay_high - Received: @badge-info=;badges=;color=#FF69B4;display-name=rbruno018;emotes=;flags=;id=05b8d62b-12ba-42ea-8a44-c122a18555ca;mod=0;room-id=443063688;subscriber=0;tmi-sent-ts=1562619523579;turbo=0;user-id=216448313;user-type= :rbruno018!rbruno018@rbruno018.tmi.twitch.tv PRIVMSG #beringelamilgrau :!engra?adao voce em
2019-07-08 5:58:53 PM: bot_stay_high - Received: @badge-info=;badges=bits-charity/1;color=#1E90FF;display-name=Jean__;emotes=;flags=;id=49a9fd79-89c2-4a1b-b05d-5fe4efae18fe;mod=0;room-id=443063688;subscriber=0;tmi-sent-ts=1562619532907;turbo=0;user-id=38479494;user-type= :jean__!jean__@jean__.tmi.twitch.tv PRIVMSG #beringelamilgrau :Por que s? tem maluco monkaT
2019-07-08 6:00:03 PM: bot_stay_high - Received: @badge-info=;badges=premium/1;color=#FF69B4;display-name=Maria_Renata;emotes=;flags=0-98:;id=2e303bae-d465-4ad4-be7f-ee0d34ccfeef;mod=0;room-id=443063688;subscriber=0;tmi-sent-ts=1562619602511;turbo=0;user-id=212194263;user-type= :maria_renata!maria_renata@maria_renata.tmi.twitch.tv PRIVMSG #beringelamilgrau :https://cdn.discordapp.com/attachments/509895226408828938/597877127685079070/ezgif.com-add-text.gif
2019-07-08 6:01:23 PM: bot_stay_high - Received: @badge-info=;badges=;color=#FF69B4;display-name=rbruno018;emotes=;flags=13-18:S.6;id=d0fd8b71-0105-4f4b-9214-2abe978a9809;mod=0;room-id=443063688;subscriber=0;tmi-sent-ts=1562619682803;turbo=0;user-id=216448313;user-type= :rbruno018!rbruno018@rbruno018.tmi.twitch.tv PRIVMSG #beringelamilgrau :quando sai o hentai da beringela
