2019-07-08 7:47:24 PM: bot_stay_high - Connecting to: wss://irc-ws.chat.twitch.tv:443
2019-07-08 7:47:25 PM: bot_stay_high - Should be connected!
2019-07-08 7:47:25 PM: bot_stay_high - Joining channel: beringelamilgrau
2019-07-08 7:47:25 PM: bot_stay_high - Received: :tmi.twitch.tv 001 bot_stay_high :Welcome, GLHF!
2019-07-08 7:47:26 PM: bot_stay_high - Received: :tmi.twitch.tv 002 bot_stay_high :Your host is tmi.twitch.tv
2019-07-08 7:47:26 PM: bot_stay_high - Received: :tmi.twitch.tv 003 bot_stay_high :This server is rather new
2019-07-08 7:47:26 PM: bot_stay_high - Received: :tmi.twitch.tv 004 bot_stay_high :-
2019-07-08 7:47:26 PM: bot_stay_high - Received: :tmi.twitch.tv 375 bot_stay_high :-
2019-07-08 7:47:26 PM: bot_stay_high - Received: :tmi.twitch.tv 372 bot_stay_high :You are in a maze of twisty passages, all alike.
2019-07-08 7:47:26 PM: bot_stay_high - Received: :tmi.twitch.tv 376 bot_stay_high :>
2019-07-08 7:47:26 PM: bot_stay_high - Received: :tmi.twitch.tv CAP * ACK :twitch.tv/membership
2019-07-08 7:47:26 PM: bot_stay_high - Unaccounted for: :tmi.twitch.tv CAP * ACK :twitch.tv/membership
2019-07-08 7:47:26 PM: bot_stay_high - Received: :tmi.twitch.tv CAP * ACK :twitch.tv/commands
2019-07-08 7:47:26 PM: bot_stay_high - Unaccounted for: :tmi.twitch.tv CAP * ACK :twitch.tv/commands
2019-07-08 7:47:26 PM: bot_stay_high - Received: :tmi.twitch.tv CAP * ACK :twitch.tv/tags
2019-07-08 7:47:26 PM: bot_stay_high - Unaccounted for: :tmi.twitch.tv CAP * ACK :twitch.tv/tags
2019-07-08 7:47:26 PM: bot_stay_high - Received: :bot_stay_high!bot_stay_high@bot_stay_high.tmi.twitch.tv JOIN #beringelamilgrau
2019-07-08 7:47:26 PM: bot_stay_high - Received: :bot_stay_high.tmi.twitch.tv 353 bot_stay_high = #beringelamilgrau :bot_stay_high
2019-07-08 7:47:26 PM: bot_stay_high - Received: :bot_stay_high.tmi.twitch.tv 366 bot_stay_high #beringelamilgrau :End of /NAMES list
2019-07-08 7:47:26 PM: bot_stay_high - Finished channel joining queue.
2019-07-08 7:47:26 PM: bot_stay_high - Received: @badge-info=;badges=;color=;display-name=bot_stay_high;emote-sets=0;mod=0;subscriber=0;user-type= :tmi.twitch.tv USERSTATE #beringelamilgrau
2019-07-08 7:47:26 PM: bot_stay_high - Received: @emote-only=0;followers-only=-1;r9k=0;rituals=0;room-id=443063688;slow=0;subs-only=0 :tmi.twitch.tv ROOMSTATE #beringelamilgrau
2019-07-08 7:47:26 PM: bot_stay_high - Finished channel joining queue.
2019-07-08 7:47:27 PM: bot_stay_high - Received: @badge-info=;badges=;color=;display-name=bot_stay_high;emote-sets=0;mod=0;subscriber=0;user-type= :tmi.twitch.tv USERSTATE #beringelamilgrau
2019-07-08 7:47:43 PM: bot_stay_high - Received: @badge-info=;badges=;color=;display-name=4ranha;emotes=;flags=;id=be216d61-40d5-420c-8097-0dc868335759;mod=0;room-id=443063688;subscriber=0;tmi-sent-ts=1562626062899;turbo=0;user-id=170956897;user-type= :4ranha!4ranha@4ranha.tmi.twitch.tv PRIVMSG #beringelamilgrau :jogar um eso
2019-07-08 7:48:06 PM: bot_stay_high - Received: @badge-info=;badges=;color=;display-name=4ranha;emotes=;flags=;id=f6e223ef-de89-4b99-8c30-15f655175b29;mod=0;room-id=443063688;subscriber=0;tmi-sent-ts=1562626086163;turbo=0;user-id=170956897;user-type= :4ranha!4ranha@4ranha.tmi.twitch.tv PRIVMSG #beringelamilgrau :o jogo ? quase um clt
2019-07-08 7:48:30 PM: bot_stay_high - Received: :brun0hl!brun0hl@brun0hl.tmi.twitch.tv JOIN #beringelamilgrau
2019-07-08 7:48:30 PM: bot_stay_high - Received: :noob__saibott!noob__saibott@noob__saibott.tmi.twitch.tv JOIN #beringelamilgrau
2019-07-08 7:48:30 PM: bot_stay_high - Received: :electricallongboard!electricallongboard@electricallongboard.tmi.twitch.tv JOIN #beringelamilgrau
2019-07-08 7:48:30 PM: bot_stay_high - Received: :maria_renata!maria_renata@maria_renata.tmi.twitch.tv JOIN #beringelamilgrau
2019-07-08 7:48:30 PM: bot_stay_high - Received: :s1faka!s1faka@s1faka.tmi.twitch.tv JOIN #beringelamilgrau
2019-07-08 7:48:30 PM: bot_stay_high - Received: :zanekyber!zanekyber@zanekyber.tmi.twitch.tv JOIN #beringelamilgrau
2019-07-08 7:48:30 PM: bot_stay_high - Received: :ddanniell!ddanniell@ddanniell.tmi.twitch.tv JOIN #beringelamilgrau
2019-07-08 7:48:30 PM: bot_stay_high - Received: :energyzbot!energyzbot@energyzbot.tmi.twitch.tv JOIN #beringelamilgrau
2019-07-08 7:48:30 PM: bot_stay_high - Received: :nightbot!nightbot@nightbot.tmi.twitch.tv JOIN #beringelamilgrau
2019-07-08 7:48:30 PM: bot_stay_high - Received: :lurxx!lurxx@lurxx.tmi.twitch.tv JOIN #beringelamilgrau
2019-07-08 7:48:30 PM: bot_stay_high - Received: :tonyxzero!tonyxzero@tonyxzero.tmi.twitch.tv JOIN #beringelamilgrau
2019-07-08 7:48:30 PM: bot_stay_high - Received: :commanderroot!commanderroot@commanderroot.tmi.twitch.tv JOIN #beringelamilgrau
2019-07-08 7:48:30 PM: bot_stay_high - Received: :vanilaski!vanilaski@vanilaski.tmi.twitch.tv JOIN #beringelamilgrau
2019-07-08 7:48:30 PM: bot_stay_high - Received: :beringelamilgrau!beringelamilgrau@beringelamilgrau.tmi.twitch.tv JOIN #beringelamilgrau
2019-07-08 7:48:30 PM: bot_stay_high - Received: :jean__!jean__@jean__.tmi.twitch.tv JOIN #beringelamilgrau
2019-07-08 7:48:30 PM: bot_stay_high - Received: :angeloflight!angeloflight@angeloflight.tmi.twitch.tv JOIN #beringelamilgrau
2019-07-08 7:48:30 PM: bot_stay_high - Received: :rbruno018!rbruno018@rbruno018.tmi.twitch.tv JOIN #beringelamilgrau
2019-07-08 7:48:30 PM: bot_stay_high - Received: :teyyd!teyyd@teyyd.tmi.twitch.tv JOIN #beringelamilgrau
2019-07-08 7:48:30 PM: bot_stay_high - Received: :saulo_pe!saulo_pe@saulo_pe.tmi.twitch.tv JOIN #beringelamilgrau
2019-07-08 7:48:30 PM: bot_stay_high - Received: :anotherttvviewer!anotherttvviewer@anotherttvviewer.tmi.twitch.tv JOIN #beringelamilgrau
2019-07-08 7:48:30 PM: bot_stay_high - Received: :cachebear!cachebear@cachebear.tmi.twitch.tv JOIN #beringelamilgrau
2019-07-08 7:48:30 PM: bot_stay_high - Received: :montee_waffle!montee_waffle@montee_waffle.tmi.twitch.tv JOIN #beringelamilgrau
2019-07-08 7:48:30 PM: bot_stay_high - Received: :5uperted!5uperted@5uperted.tmi.twitch.tv JOIN #beringelamilgrau
2019-07-08 7:48:30 PM: bot_stay_high - Received: :p0lizei_!p0lizei_@p0lizei_.tmi.twitch.tv JOIN #beringelamilgrau
2019-07-08 7:48:46 PM: bot_stay_high - Received: @badge-info=;badges=;color=;display-name=4ranha;emotes=;flags=;id=f68ffbc7-aabd-47aa-afea-d6215fff4b43;mod=0;room-id=443063688;subscriber=0;tmi-sent-ts=1562626125872;turbo=0;user-id=170956897;user-type= :4ranha!4ranha@4ranha.tmi.twitch.tv PRIVMSG #beringelamilgrau :clt de trabalho msm, pra ser bom no jogo tem que dedicar a vida
2019-07-08 7:49:16 PM: bot_stay_high - Received: @badge-info=;badges=;color=#FF69B4;display-name=rbruno018;emotes=;flags=;id=3a274ebc-bb87-4057-8eca-da6f32a45104;mod=0;room-id=443063688;subscriber=0;tmi-sent-ts=1562626155819;turbo=0;user-id=216448313;user-type= :rbruno018!rbruno018@rbruno018.tmi.twitch.tv PRIVMSG #beringelamilgrau :OMEGALUL
2019-07-08 7:49:36 PM: bot_stay_high - Received: :4ranha!4ranha@4ranha.tmi.twitch.tv JOIN #beringelamilgrau
2019-07-08 7:49:36 PM: bot_stay_high - Received: :noob__saibott!noob__saibott@noob__saibott.tmi.twitch.tv PART #beringelamilgrau
2019-07-08 7:50:12 PM: bot_stay_high - Received: @badge-info=;badges=;color=;display-name=4ranha;emotes=;flags=;id=53e784c8-371d-4558-86e7-bbb79991e331;mod=0;room-id=443063688;subscriber=0;tmi-sent-ts=1562626212320;turbo=0;user-id=170956897;user-type= :4ranha!4ranha@4ranha.tmi.twitch.tv PRIVMSG #beringelamilgrau :ta qual sl mano?
2019-07-08 7:50:26 PM: bot_stay_high - Received: @badge-info=;badges=;color=#FF69B4;display-name=rbruno018;emotes=;flags=9-16:;id=c273a2bc-cfd4-4bc2-b6f9-1b925f180597;mod=0;room-id=443063688;subscriber=0;tmi-sent-ts=1562626226010;turbo=0;user-id=216448313;user-type= :rbruno018!rbruno018@rbruno018.tmi.twitch.tv PRIVMSG #beringelamilgrau :grupo no telegram
2019-07-08 7:50:37 PM: bot_stay_high - Received: :s1faka!s1faka@s1faka.tmi.twitch.tv PART #beringelamilgrau
2019-07-08 7:51:04 PM: bot_stay_high - Received: @badge-info=;badges=;color=#FF69B4;display-name=rbruno018;emotes=;flags=;id=0a8aeb93-54af-4479-860b-ac58287ffcca;mod=0;room-id=443063688;subscriber=0;tmi-sent-ts=1562626263761;turbo=0;user-id=216448313;user-type= :rbruno018!rbruno018@rbruno018.tmi.twitch.tv PRIVMSG #beringelamilgrau :OMEGALUL
2019-07-08 7:51:17 PM: bot_stay_high - Received: @badge-info=;badges=;color=;display-name=4ranha;emotes=;flags=;id=18ddaf5f-e7c9-49a1-86eb-78688c5bfc83;mod=0;room-id=443063688;subscriber=0;tmi-sent-ts=1562626277643;turbo=0;user-id=170956897;user-type= :4ranha!4ranha@4ranha.tmi.twitch.tv PRIVMSG #beringelamilgrau :Da mano
2019-07-08 7:51:20 PM: bot_stay_high - Received: @badge-info=;badges=;color=;display-name=4ranha;emotes=;flags=;id=f96ac398-17ae-40c8-a9ad-fa2c29b6c627;mod=0;room-id=443063688;subscriber=0;tmi-sent-ts=1562626280009;turbo=0;user-id=170956897;user-type= :4ranha!4ranha@4ranha.tmi.twitch.tv PRIVMSG #beringelamilgrau :raw n?o
2019-07-08 7:51:28 PM: bot_stay_high - Received: @badge-info=;badges=;color=#FF69B4;display-name=rbruno018;emotes=;flags=;id=a3866c02-1d16-4e0d-a851-cd21356b6e0d;mod=0;room-id=443063688;subscriber=0;tmi-sent-ts=1562626288564;turbo=0;user-id=216448313;user-type= :rbruno018!rbruno018@rbruno018.tmi.twitch.tv PRIVMSG #beringelamilgrau :vacilo
2019-07-08 7:51:36 PM: bot_stay_high - Received: :s1faka!s1faka@s1faka.tmi.twitch.tv JOIN #beringelamilgrau
2019-07-08 7:51:41 PM: bot_stay_high - Received: PING :tmi.twitch.tv
2019-07-08 7:51:41 PM: bot_stay_high - Writing: PONG
2019-07-08 7:51:50 PM: bot_stay_high - Received: @badge-info=;badges=;color=;display-name=4ranha;emotes=;flags=;id=d2f31745-4cd9-4684-a351-6b471b48fe3b;mod=0;room-id=443063688;subscriber=0;tmi-sent-ts=1562626310238;turbo=0;user-id=170956897;user-type= :4ranha!4ranha@4ranha.tmi.twitch.tv PRIVMSG #beringelamilgrau :Coloca joia refinada
2019-07-08 7:51:58 PM: bot_stay_high - Received: @badge-info=;badges=;color=;display-name=4ranha;emotes=;flags=;id=1acffcad-ad6a-4236-8008-554d261bbb14;mod=0;room-id=443063688;subscriber=0;tmi-sent-ts=1562626318578;turbo=0;user-id=170956897;user-type= :4ranha!4ranha@4ranha.tmi.twitch.tv PRIVMSG #beringelamilgrau :vai scalar bem
2019-07-08 7:52:03 PM: bot_stay_high - Received: @badge-info=;badges=;color=;display-name=4ranha;emotes=;flags=;id=f116737b-2cdb-4bdf-bfe3-346ddcbccd86;mod=0;room-id=443063688;subscriber=0;tmi-sent-ts=1562626322744;turbo=0;user-id=170956897;user-type= :4ranha!4ranha@4ranha.tmi.twitch.tv PRIVMSG #beringelamilgrau :ta quase um qualoty
2019-07-08 7:52:08 PM: bot_stay_high - Received: @badge-info=;badges=;color=;display-name=4ranha;emotes=;flags=;id=c9cf187a-6116-43ac-acc7-7369ab6a4c12;mod=0;room-id=443063688;subscriber=0;tmi-sent-ts=1562626328282;turbo=0;user-id=170956897;user-type= :4ranha!4ranha@4ranha.tmi.twitch.tv PRIVMSG #beringelamilgrau :quality*
2019-07-08 7:52:13 PM: bot_stay_high - Received: @badge-info=;badges=;color=;display-name=4ranha;emotes=;flags=;id=6303aaf8-5f2b-417d-ac72-4c18bceb582f;mod=0;room-id=443063688;subscriber=0;tmi-sent-ts=1562626333074;turbo=0;user-id=170956897;user-type= :4ranha!4ranha@4ranha.tmi.twitch.tv PRIVMSG #beringelamilgrau :refinada melhora as duas esclas
2019-07-08 7:52:33 PM: bot_stay_high - Received: @badge-info=;badges=;color=;display-name=4ranha;emotes=;flags=;id=830d294e-a9f9-4964-b803-b668f11fe4de;mod=0;room-id=443063688;subscriber=0;tmi-sent-ts=1562626352736;turbo=0;user-id=170956897;user-type= :4ranha!4ranha@4ranha.tmi.twitch.tv PRIVMSG #beringelamilgrau :quality ? upar os dois atributos
2019-07-08 7:52:35 PM: bot_stay_high - Received: @badge-info=;badges=;color=;display-name=4ranha;emotes=;flags=;id=d100a7cd-99cf-4895-9a48-4a4eafad3a33;mod=0;room-id=443063688;subscriber=0;tmi-sent-ts=1562626355164;turbo=0;user-id=170956897;user-type= :4ranha!4ranha@4ranha.tmi.twitch.tv PRIVMSG #beringelamilgrau :for?a e dex
2019-07-08 7:52:47 PM: bot_stay_high - Received: @badge-info=;badges=;color=;display-name=4ranha;emotes=;flags=;id=dfe4c1bb-048c-42a5-8045-2f56d3d7fed3;mod=0;room-id=443063688;subscriber=0;tmi-sent-ts=1562626367142;turbo=0;user-id=170956897;user-type= :4ranha!4ranha@4ranha.tmi.twitch.tv PRIVMSG #beringelamilgrau :imbuir pode
2019-07-08 7:52:59 PM: bot_stay_high - Received: @badge-info=;badges=;color=;display-name=4ranha;emotes=;flags=;id=e52146b4-215a-477c-bce8-8a6517944b23;mod=0;room-id=443063688;subscriber=0;tmi-sent-ts=1562626379153;turbo=0;user-id=170956897;user-type= :4ranha!4ranha@4ranha.tmi.twitch.tv PRIVMSG #beringelamilgrau :so nao pode imbuir quando ? infus?o elemental
2019-07-08 7:53:30 PM: bot_stay_high - Received: @badge-info=;badges=;color=;display-name=4ranha;emotes=;flags=;id=129d7642-0061-4e2a-8079-5e12a2954961;mod=0;room-id=443063688;subscriber=0;tmi-sent-ts=1562626410651;turbo=0;user-id=170956897;user-type= :4ranha!4ranha@4ranha.tmi.twitch.tv PRIVMSG #beringelamilgrau :Quer uma ajuda nos principes?
2019-07-08 7:55:10 PM: bot_stay_high - Received: @badge-info=;badges=;color=;display-name=4ranha;emotes=;flags=;id=e894840b-7f62-44ea-80ea-e3e19c546998;mod=0;room-id=443063688;subscriber=0;tmi-sent-ts=1562626509870;turbo=0;user-id=170956897;user-type= :4ranha!4ranha@4ranha.tmi.twitch.tv PRIVMSG #beringelamilgrau :? so apagar a pasta save no %appdata% mano
2019-07-08 7:55:44 PM: bot_stay_high - Received: @badge-info=;badges=;color=;display-name=4ranha;emotes=;flags=;id=dacc3837-604d-4346-9b67-0cfcec7f1ea9;mod=0;room-id=443063688;subscriber=0;tmi-sent-ts=1562626543897;turbo=0;user-id=170956897;user-type= :4ranha!4ranha@4ranha.tmi.twitch.tv PRIVMSG #beringelamilgrau :perde o save mas tira o softban
2019-07-08 7:55:48 PM: bot_stay_high - Received: @badge-info=;badges=;color=#FF69B4;display-name=rbruno018;emotes=;flags=;id=c55df75d-bc78-4f8a-b887-4f9ad1a1f75d;mod=0;room-id=443063688;subscriber=0;tmi-sent-ts=1562626548472;turbo=0;user-id=216448313;user-type= :rbruno018!rbruno018@rbruno018.tmi.twitch.tv PRIVMSG #beringelamilgrau :coxinha123
2019-07-08 7:56:39 PM: bot_stay_high - Received: PING :tmi.twitch.tv
2019-07-08 7:56:39 PM: bot_stay_high - Writing: PONG
2019-07-08 7:56:52 PM: bot_stay_high - Received: :cachebear!cachebear@cachebear.tmi.twitch.tv PART #beringelamilgrau
2019-07-08 7:57:26 PM: bot_stay_high - Received: @badge-info=;badges=;color=#FF69B4;display-name=rbruno018;emotes=;flags=;id=5425795a-9741-48ae-9791-6ceac8065045;mod=0;room-id=443063688;subscriber=0;tmi-sent-ts=1562626646137;turbo=0;user-id=216448313;user-type= :rbruno018!rbruno018@rbruno018.tmi.twitch.tv PRIVMSG #beringelamilgrau :peepoSmoke
2019-07-08 7:57:54 PM: bot_stay_high - Received: @badge-info=;badges=;color=#FF69B4;display-name=rbruno018;emotes=156787:38-48;flags=;id=baf56b77-1ef2-4fae-bcfb-a1f0442cc11d;mod=0;room-id=443063688;subscriber=0;tmi-sent-ts=1562626674537;turbo=0;user-id=216448313;user-type= :rbruno018!rbruno018@rbruno018.tmi.twitch.tv PRIVMSG #beringelamilgrau :? bom misturar coca com cal de parede MorphinTime
2019-07-08 7:59:09 PM: bot_stay_high - Received: :cachebear!cachebear@cachebear.tmi.twitch.tv JOIN #beringelamilgrau
2019-07-08 7:59:09 PM: bot_stay_high - Received: :s1faka!s1faka@s1faka.tmi.twitch.tv PART #beringelamilgrau
2019-07-08 7:59:09 PM: bot_stay_high - Received: :4ranha!4ranha@4ranha.tmi.twitch.tv PART #beringelamilgrau
2019-07-08 7:59:10 PM: bot_stay_high - Received: @badge-info=;badges=;color=#FF69B4;display-name=rbruno018;emotes=;flags=;id=fc52d520-9358-494b-967e-1199765408ac;mod=0;room-id=443063688;subscriber=0;tmi-sent-ts=1562626750045;turbo=0;user-id=216448313;user-type= :rbruno018!rbruno018@rbruno018.tmi.twitch.tv PRIVMSG #beringelamilgrau :D: 0800
2019-07-08 7:59:13 PM: bot_stay_high - Received: @badge-info=;badges=moderator/1;color=#008000;display-name=TONYXZERO;emotes=;flags=;id=a496491c-703c-4927-8d75-739f8c97ad16;mod=1;room-id=443063688;subscriber=0;tmi-sent-ts=1562626753274;turbo=0;user-id=38731171;user-type=mod :tonyxzero!tonyxzero@tonyxzero.tmi.twitch.tv PRIVMSG #beringelamilgrau :!daniel
2019-07-08 7:59:14 PM: bot_stay_high - Received: @badge-info=;badges=moderator/1,partner/1;color=#7C7CE1;display-name=Nightbot;emotes=;flags=;id=65485087-49c5-4a95-a697-f4d6be1be422;mod=1;room-id=443063688;subscriber=0;tmi-sent-ts=1562626753605;turbo=0;user-id=19264788;user-type=mod :nightbot!nightbot@nightbot.tmi.twitch.tv PRIVMSG #beringelamilgrau :Perdoa o rapaz, ele n?o sabe ler.
2019-07-08 7:59:43 PM: bot_stay_high - Received: @badge-info=;badges=;color=#FF69B4;display-name=rbruno018;emotes=;flags=;id=66d3b8f1-e815-4ec4-9e62-deb9e79553f4;mod=0;room-id=443063688;subscriber=0;tmi-sent-ts=1562626783481;turbo=0;user-id=216448313;user-type= :rbruno018!rbruno018@rbruno018.tmi.twitch.tv PRIVMSG #beringelamilgrau :supletivo supletivo
2019-07-08 7:59:48 PM: bot_stay_high - Received: @badge-info=;badges=;color=#FF69B4;display-name=rbruno018;emotes=;flags=;id=ae762af7-0167-4323-add2-357d289f7064;mod=0;room-id=443063688;subscriber=0;tmi-sent-ts=1562626788581;turbo=0;user-id=216448313;user-type= :rbruno018!rbruno018@rbruno018.tmi.twitch.tv PRIVMSG #beringelamilgrau :beleza
2019-07-08 7:59:54 PM: bot_stay_high - Received: @badge-info=;badges=moderator/1;color=#008000;display-name=TONYXZERO;emotes=;flags=;id=30182438-922f-4a6a-9eb4-4aaff9a75838;mod=1;room-id=443063688;subscriber=0;tmi-sent-ts=1562626794150;turbo=0;user-id=38731171;user-type=mod :tonyxzero!tonyxzero@tonyxzero.tmi.twitch.tv PRIVMSG #beringelamilgrau :!uptime
2019-07-08 7:59:55 PM: bot_stay_high - Received: @badge-info=;badges=moderator/1,partner/1;color=#7C7CE1;display-name=Nightbot;emotes=;flags=;id=42c1e2ad-0e65-4eba-9593-f728220ae621;mod=1;room-id=443063688;subscriber=0;tmi-sent-ts=1562626794370;turbo=0;user-id=19264788;user-type=mod :nightbot!nightbot@nightbot.tmi.twitch.tv PRIVMSG #beringelamilgrau :Tamo ao vivo faz 1 hour 27 minutes 19 seconds
2019-07-08 8:00:43 PM: bot_stay_high - Received: @badge-info=;badges=;color=#FF69B4;display-name=rbruno018;emotes=;flags=;id=c1aa2616-b6ff-46ba-9b16-206aaa3b7666;mod=0;room-id=443063688;subscriber=0;tmi-sent-ts=1562626843236;turbo=0;user-id=216448313;user-type= :rbruno018!rbruno018@rbruno018.tmi.twitch.tv PRIVMSG #beringelamilgrau :foi na hora de trocar
2019-07-08 8:00:51 PM: bot_stay_high - Received: PING :tmi.twitch.tv
2019-07-08 8:00:51 PM: bot_stay_high - Writing: PONG
2019-07-08 8:01:03 PM: bot_stay_high - Received: @badge-info=;badges=moderator/1;color=#008000;display-name=TONYXZERO;emotes=;flags=;id=1153cd86-da45-4823-ae71-b55526ce7b7b;mod=1;room-id=443063688;subscriber=0;tmi-sent-ts=1562626862807;turbo=0;user-id=38731171;user-type=mod :tonyxzero!tonyxzero@tonyxzero.tmi.twitch.tv PRIVMSG #beringelamilgrau :1,5 2,5 1,5
2019-07-08 8:01:21 PM: bot_stay_high - Received: :hostmeraffle!hostmeraffle@hostmeraffle.tmi.twitch.tv JOIN #beringelamilgrau
2019-07-08 8:01:22 PM: bot_stay_high - Received: :leddel!leddel@leddel.tmi.twitch.tv JOIN #beringelamilgrau
2019-07-08 8:01:28 PM: bot_stay_high - Received: @badge-info=;badges=;color=#FF69B4;display-name=rbruno018;emotes=;flags=;id=ac679843-7a9e-4a27-a907-3cff7fc265d1;mod=0;room-id=443063688;subscriber=0;tmi-sent-ts=1562626887740;turbo=0;user-id=216448313;user-type= :rbruno018!rbruno018@rbruno018.tmi.twitch.tv PRIVMSG #beringelamilgrau :5 horas e meia e meia
2019-07-08 8:01:50 PM: bot_stay_high - Received: @badge-info=;badges=;color=#FF69B4;display-name=rbruno018;emotes=;flags=0-17:;id=78887cab-9ab1-460d-b4aa-acc42a787d7d;mod=0;room-id=443063688;subscriber=0;tmi-sent-ts=1562626909835;turbo=0;user-id=216448313;user-type= :rbruno018!rbruno018@rbruno018.tmi.twitch.tv PRIVMSG #beringelamilgrau :boasmatematica.com a casa dos boas contas
2019-07-08 8:02:19 PM: bot_stay_high - Received: :vanilaski!vanilaski@vanilaski.tmi.twitch.tv PART #beringelamilgrau
2019-07-08 8:03:44 PM: bot_stay_high - Received: @badge-info=;badges=;color=#FF69B4;display-name=rbruno018;emotes=1134496:27-38;flags=;id=6ead151e-cd71-4810-b80e-6b7344764d3c;mod=0;room-id=443063688;subscriber=0;tmi-sent-ts=1562627024707;turbo=0;user-id=216448313;user-type= :rbruno018!rbruno018@rbruno018.tmi.twitch.tv PRIVMSG #beringelamilgrau :ganha pra sortear pro chat totorRothier
2019-07-08 8:04:25 PM: bot_stay_high - Received: @badge-info=;badges=;color=#FF69B4;display-name=rbruno018;emotes=;flags=;id=c6211813-d394-4f6f-9e8b-1e907185d02f;mod=0;room-id=443063688;subscriber=0;tmi-sent-ts=1562627064737;turbo=0;user-id=216448313;user-type= :rbruno018!rbruno018@rbruno018.tmi.twitch.tv PRIVMSG #beringelamilgrau :logico que ? do chat
2019-07-08 8:04:31 PM: bot_stay_high - Received: :s1faka!s1faka@s1faka.tmi.twitch.tv JOIN #beringelamilgrau
2019-07-08 8:04:31 PM: bot_stay_high - Received: :maria_renata!maria_renata@maria_renata.tmi.twitch.tv PART #beringelamilgrau
2019-07-08 8:04:31 PM: bot_stay_high - Received: :leddel!leddel@leddel.tmi.twitch.tv PART #beringelamilgrau
2019-07-08 8:04:38 PM: bot_stay_high - Received: @badge-info=;badges=;color=#FF69B4;display-name=rbruno018;emotes=;flags=;id=b21455f5-c65f-4006-a404-2ac57e954a38;mod=0;room-id=443063688;subscriber=0;tmi-sent-ts=1562627078148;turbo=0;user-id=216448313;user-type= :rbruno018!rbruno018@rbruno018.tmi.twitch.tv PRIVMSG #beringelamilgrau :OMEGALUL
2019-07-08 8:05:25 PM: bot_stay_high - Received: PING :tmi.twitch.tv
2019-07-08 8:05:25 PM: bot_stay_high - Writing: PONG
2019-07-08 8:05:36 PM: bot_stay_high - Received: :olove!olove@olove.tmi.twitch.tv JOIN #beringelamilgrau
2019-07-08 8:06:09 PM: bot_stay_high - Received: @badge-info=;badges=;color=#FF69B4;display-name=rbruno018;emotes=;flags=;id=8b1fc84a-9e6c-4dfa-835a-2304141e183e;mod=0;room-id=443063688;subscriber=0;tmi-sent-ts=1562627169335;turbo=0;user-id=216448313;user-type= :rbruno018!rbruno018@rbruno018.tmi.twitch.tv PRIVMSG #beringelamilgrau :OMEGALUL
2019-07-08 8:06:16 PM: bot_stay_high - Received: @badge-info=;badges=partner/1;color=;display-name=CanalTotorial;emote-only=1;emotes=1249181:0-8;flags=;id=51d39bbb-653d-4e49-a87a-45f51f5922fb;mod=0;room-id=443063688;subscriber=0;tmi-sent-ts=1562627175877;turbo=0;user-id=165979679;user-type= :canaltotorial!canaltotorial@canaltotorial.tmi.twitch.tv PRIVMSG #beringelamilgrau :totorMedo
2019-07-08 8:06:22 PM: bot_stay_high - Received: @badge-info=;badges=;color=#FF69B4;display-name=rbruno018;emote-only=1;emotes=1249181:0-8;flags=;id=e568f0a8-f6c3-413f-b03a-a17d718355c3;mod=0;room-id=443063688;subscriber=0;tmi-sent-ts=1562627182564;turbo=0;user-id=216448313;user-type= :rbruno018!rbruno018@rbruno018.tmi.twitch.tv PRIVMSG #beringelamilgrau :totorMedo
2019-07-08 8:06:26 PM: bot_stay_high - Received: @badge-info=;badges=;color=#FF69B4;display-name=rbruno018;emotes=;flags=;id=5a586247-59d3-48a5-ab2e-d7e2aaf79bb9;mod=0;room-id=443063688;subscriber=0;tmi-sent-ts=1562627185972;turbo=0;user-id=216448313;user-type= :rbruno018!rbruno018@rbruno018.tmi.twitch.tv PRIVMSG #beringelamilgrau :OMEGALUL
2019-07-08 8:06:28 PM: bot_stay_high - Received: @badge-info=;badges=bits-charity/1;color=#1E90FF;display-name=Jean__;emotes=;flags=;id=a1452581-0604-4909-ad51-994e139b21d2;mod=0;room-id=443063688;subscriber=0;tmi-sent-ts=1562627188002;turbo=0;user-id=38479494;user-type= :jean__!jean__@jean__.tmi.twitch.tv PRIVMSG #beringelamilgrau :PepeLaugh
2019-07-08 8:06:28 PM: bot_stay_high - Received: @badge-info=;badges=moderator/1;color=#008000;display-name=TONYXZERO;emote-only=1;emotes=1249181:0-8;flags=;id=ae44a43c-32b2-492f-aa89-6890507c2904;mod=1;room-id=443063688;subscriber=0;tmi-sent-ts=1562627188123;turbo=0;user-id=38731171;user-type=mod :tonyxzero!tonyxzero@tonyxzero.tmi.twitch.tv PRIVMSG #beringelamilgrau :totorMedo
