8/22/2019 5:14:10 PM: botfumante - Connecting to: wss://irc-ws.chat.twitch.tv:443
8/22/2019 5:14:11 PM: botfumante - Should be connected!
8/22/2019 5:14:11 PM: botfumante - Joining channel: beringelamilgrau
8/22/2019 5:14:12 PM: botfumante - Received: :tmi.twitch.tv 001 botfumante :Welcome, GLHF!
8/22/2019 5:14:12 PM: botfumante - Received: :tmi.twitch.tv 002 botfumante :Your host is tmi.twitch.tv
8/22/2019 5:14:12 PM: botfumante - Received: :tmi.twitch.tv 003 botfumante :This server is rather new
8/22/2019 5:14:12 PM: botfumante - Received: :tmi.twitch.tv 004 botfumante :-
8/22/2019 5:14:12 PM: botfumante - Received: :tmi.twitch.tv 375 botfumante :-
8/22/2019 5:14:12 PM: botfumante - Received: :tmi.twitch.tv 372 botfumante :You are in a maze of twisty passages, all alike.
8/22/2019 5:14:12 PM: botfumante - Received: :tmi.twitch.tv 376 botfumante :>
8/22/2019 5:14:12 PM: botfumante - Received: :tmi.twitch.tv CAP * ACK :twitch.tv/membership
8/22/2019 5:14:12 PM: botfumante - Unaccounted for: :tmi.twitch.tv CAP * ACK :twitch.tv/membership
8/22/2019 5:14:12 PM: botfumante - Received: :tmi.twitch.tv CAP * ACK :twitch.tv/commands
8/22/2019 5:14:12 PM: botfumante - Unaccounted for: :tmi.twitch.tv CAP * ACK :twitch.tv/commands
8/22/2019 5:14:12 PM: botfumante - Received: :tmi.twitch.tv CAP * ACK :twitch.tv/tags
8/22/2019 5:14:12 PM: botfumante - Unaccounted for: :tmi.twitch.tv CAP * ACK :twitch.tv/tags
8/22/2019 5:14:12 PM: botfumante - Received: :botfumante!botfumante@botfumante.tmi.twitch.tv JOIN #beringelamilgrau
8/22/2019 5:14:12 PM: botfumante - Received: @badge-info=;badges=;color=;display-name=BotFumante;emote-sets=0;mod=0;subscriber=0;user-type= :tmi.twitch.tv USERSTATE #beringelamilgrau
8/22/2019 5:14:12 PM: botfumante - Received: @emote-only=0;followers-only=-1;r9k=0;rituals=0;room-id=443063688;slow=0;subs-only=0 :tmi.twitch.tv ROOMSTATE #beringelamilgrau
8/22/2019 5:14:12 PM: botfumante - Received: :botfumante.tmi.twitch.tv 353 botfumante = #beringelamilgrau :commanderroot botfumante lurxx p0lizei_ streamlabs jean__ tonyxzero hisaagi lucaesan beringelamilgrau gladosxcake nightbot leafjat guillapre
8/22/2019 5:14:12 PM: botfumante - Received: :botfumante.tmi.twitch.tv 366 botfumante #beringelamilgrau :End of /NAMES list
8/22/2019 5:14:12 PM: botfumante - Finished channel joining queue.
8/22/2019 5:14:12 PM: botfumante - Finished channel joining queue.
8/22/2019 5:14:19 PM: botfumante - Received: @badge-info=;badges=vip/1;color=#008000;display-name=Hisaagi;emotes=;flags=;id=0a7e84d2-eef4-4d2d-935b-5c02700cfad4;mod=0;room-id=443063688;subscriber=0;tmi-sent-ts=1566504858007;turbo=0;user-id=137774469;user-type= :hisaagi!hisaagi@hisaagi.tmi.twitch.tv PRIVMSG #beringelamilgrau :BIRA
8/22/2019 5:14:23 PM: botfumante - Received: @badge-info=;badges=vip/1;color=#008000;display-name=Hisaagi;emotes=;flags=;id=b93bb334-1a11-4132-8b6e-ff13361329cf;mod=0;room-id=443063688;subscriber=0;tmi-sent-ts=1566504861869;turbo=0;user-id=137774469;user-type= :hisaagi!hisaagi@hisaagi.tmi.twitch.tv PRIVMSG #beringelamilgrau :FALA DNV A?
8/22/2019 5:14:25 PM: botfumante - Received: @badge-info=;badges=premium/1;color=#34B16F;display-name=leafjat;emotes=;flags=;id=db98a05e-a116-44eb-8bf3-3faf63810c18;mod=0;room-id=443063688;subscriber=0;tmi-sent-ts=1566504863378;turbo=0;user-id=424124612;user-type= :leafjat!leafjat@leafjat.tmi.twitch.tv PRIVMSG #beringelamilgrau :molekes
8/22/2019 5:14:34 PM: botfumante - Received: @badge-info=;badges=vip/1;color=#008000;display-name=Hisaagi;emotes=;flags=;id=b29e21bb-61ae-4015-89bb-c63e91d05046;mod=0;room-id=443063688;subscriber=0;tmi-sent-ts=1566504872926;turbo=0;user-id=137774469;user-type= :hisaagi!hisaagi@hisaagi.tmi.twitch.tv PRIVMSG #beringelamilgrau :Pepega
8/22/2019 5:14:44 PM: botfumante - Received: @badge-info=subscriber/2;badges=broadcaster/1,subscriber/0;color=#8A2BE2;display-name=BeringelaMilGrau;emotes=;flags=;id=72026179-79d8-42f5-b29c-d2c4476ea6bc;mod=0;room-id=443063688;subscriber=1;tmi-sent-ts=1566504882662;turbo=0;user-id=443063688;user-type= :beringelamilgrau!beringelamilgrau@beringelamilgrau.tmi.twitch.tv PRIVMSG #beringelamilgrau :AYAYA
8/22/2019 5:14:45 PM: botfumante - Received: @badge-info=;badges=vip/1;color=#008000;display-name=Hisaagi;emotes=;flags=;id=3c109e2c-9668-410d-ac0c-579cc3cb2fb3;mod=0;room-id=443063688;subscriber=0;tmi-sent-ts=1566504883748;turbo=0;user-id=137774469;user-type= :hisaagi!hisaagi@hisaagi.tmi.twitch.tv PRIVMSG #beringelamilgrau :s? pra eu testar um neg?cio Pepega
