8/18/2019 8:20:14 PM: botfumante - Connecting to: wss://irc-ws.chat.twitch.tv:443
8/18/2019 8:20:15 PM: botfumante - Should be connected!
8/18/2019 8:20:15 PM: botfumante - Joining channel: beringelamilgrau
8/18/2019 8:20:15 PM: botfumante - Received: :tmi.twitch.tv 001 botfumante :Welcome, GLHF!
8/18/2019 8:20:15 PM: botfumante - Received: :tmi.twitch.tv 002 botfumante :Your host is tmi.twitch.tv
8/18/2019 8:20:15 PM: botfumante - Received: :tmi.twitch.tv 003 botfumante :This server is rather new
8/18/2019 8:20:15 PM: botfumante - Received: :tmi.twitch.tv 004 botfumante :-
8/18/2019 8:20:15 PM: botfumante - Received: :tmi.twitch.tv 375 botfumante :-
8/18/2019 8:20:15 PM: botfumante - Received: :tmi.twitch.tv 372 botfumante :You are in a maze of twisty passages, all alike.
8/18/2019 8:20:15 PM: botfumante - Received: :tmi.twitch.tv 376 botfumante :>
8/18/2019 8:20:15 PM: botfumante - Received: :tmi.twitch.tv CAP * ACK :twitch.tv/membership
8/18/2019 8:20:15 PM: botfumante - Unaccounted for: :tmi.twitch.tv CAP * ACK :twitch.tv/membership
8/18/2019 8:20:15 PM: botfumante - Received: :tmi.twitch.tv CAP * ACK :twitch.tv/commands
8/18/2019 8:20:15 PM: botfumante - Unaccounted for: :tmi.twitch.tv CAP * ACK :twitch.tv/commands
8/18/2019 8:20:16 PM: botfumante - Received: :tmi.twitch.tv CAP * ACK :twitch.tv/tags
8/18/2019 8:20:16 PM: botfumante - Unaccounted for: :tmi.twitch.tv CAP * ACK :twitch.tv/tags
8/18/2019 8:20:16 PM: botfumante - Received: :botfumante!botfumante@botfumante.tmi.twitch.tv JOIN #beringelamilgrau
8/18/2019 8:20:16 PM: botfumante - Received: @badge-info=;badges=;color=;display-name=BotFumante;emote-sets=0;mod=0;subscriber=0;user-type= :tmi.twitch.tv USERSTATE #beringelamilgrau
8/18/2019 8:20:16 PM: botfumante - Received: @emote-only=0;followers-only=-1;r9k=0;rituals=0;room-id=443063688;slow=0;subs-only=0 :tmi.twitch.tv ROOMSTATE #beringelamilgrau
8/18/2019 8:20:16 PM: botfumante - Received: :botfumante.tmi.twitch.tv 353 botfumante = #beringelamilgrau :caioken_ winsock jeffershinobi beringelamilgrau ddanniell fokernation zapydos pedros_henrik lurxx electricallongboard hisaagi streamlabs lucasgalvaooo biravg eduardo2647 besugomaster ryuza_ying itsvodoo icaro ced_08 michelle_rezende tonyxzero 5uperted gladosxcake leafjat pedroazure nightbot vein_nazghoul jean__ cyclemotion lucaesan totoro dreyfk commanderroot neto56 recoverl calibrelordal alexisyuki rbruno018 glenan
8/18/2019 8:20:16 PM: botfumante - Received: :botfumante.tmi.twitch.tv 353 botfumante = #beringelamilgrau :botfumante ixlimpoke rudm09 pocrevocrednu montee_waffle xatang p0lizei_ angeloflight nodamassa jcfleal joeljb guilhermemeirelles
8/18/2019 8:20:16 PM: botfumante - Received: :botfumante.tmi.twitch.tv 366 botfumante #beringelamilgrau :End of /NAMES list
8/18/2019 8:20:16 PM: botfumante - Finished channel joining queue.
8/18/2019 8:20:16 PM: botfumante - Finished channel joining queue.
8/18/2019 8:20:20 PM: botfumante - Received: @badge-info=;badges=vip/1;color=#FF69B4;display-name=rbruno018;emotes=;flags=;id=e8722771-8f63-4fef-ada7-d7782f54cad6;mod=0;room-id=443063688;subscriber=0;tmi-sent-ts=1566170418429;turbo=0;user-id=216448313;user-type= :rbruno018!rbruno018@rbruno018.tmi.twitch.tv PRIVMSG #beringelamilgrau :quem ConcernFroge
8/18/2019 8:20:27 PM: botfumante - Received: :0x4c554b49!0x4c554b49@0x4c554b49.tmi.twitch.tv JOIN #beringelamilgrau
8/18/2019 8:20:27 PM: botfumante - Received: :leafjat!leafjat@leafjat.tmi.twitch.tv PART #beringelamilgrau
8/18/2019 8:20:28 PM: botfumante - Received: @badge-info=subscriber/2;badges=broadcaster/1,subscriber/0;color=#8A2BE2;display-name=BeringelaMilGrau;emotes=;flags=;id=2f9f4155-3b58-4416-b7d3-59a85c0d2957;mod=0;room-id=443063688;subscriber=1;tmi-sent-ts=1566170427009;turbo=0;user-id=443063688;user-type= :beringelamilgrau!beringelamilgrau@beringelamilgrau.tmi.twitch.tv PRIVMSG #beringelamilgrau :eu n?o ouvi ainda ConcernFroge
8/18/2019 8:20:32 PM: botfumante - Received: @badge-info=subscriber/2;badges=vip/1,subscriber/0,bits-charity/1;color=#5F9EA0;display-name=Jean__;emotes=;flags=;id=2247a380-9db2-4682-b42b-6c8f1ed88778;mod=0;room-id=443063688;subscriber=1;tmi-sent-ts=1566170430546;turbo=0;user-id=38479494;user-type= :jean__!jean__@jean__.tmi.twitch.tv PRIVMSG #beringelamilgrau :!debug
8/18/2019 8:20:35 PM: botfumante - Received: @badge-info=;badges=vip/1;color=#008000;display-name=Hisaagi;emotes=;flags=;id=be5d1b74-9c87-4eb4-9fcb-614973dcda25;mod=0;room-id=443063688;subscriber=0;tmi-sent-ts=1566170433506;turbo=0;user-id=137774469;user-type= :hisaagi!hisaagi@hisaagi.tmi.twitch.tv PRIVMSG #beringelamilgrau :s? maluco mano ConcernFroge
8/18/2019 8:20:36 PM: botfumante - Received: @badge-info=subscriber/2;badges=vip/1,subscriber/0,bits-charity/1;color=#5F9EA0;display-name=Jean__;emotes=;flags=;id=b502bbee-e97b-491c-a9a5-d4041c52df5b;mod=0;room-id=443063688;subscriber=1;tmi-sent-ts=1566170434830;turbo=0;user-id=38479494;user-type= :jean__!jean__@jean__.tmi.twitch.tv PRIVMSG #beringelamilgrau :monkaHmm
8/18/2019 8:20:46 PM: botfumante - Received: @badge-info=subscriber/2;badges=vip/1,subscriber/0,bits-charity/1;color=#5F9EA0;display-name=Jean__;emotes=;flags=;id=fc6bd234-cf43-4066-ba19-eab4572d1918;mod=0;room-id=443063688;subscriber=1;tmi-sent-ts=1566170444439;turbo=0;user-id=38479494;user-type= :jean__!jean__@jean__.tmi.twitch.tv PRIVMSG #beringelamilgrau :monkaHmm
8/18/2019 8:20:47 PM: botfumante - Received: @badge-info=subscriber/2;badges=vip/1,subscriber/0,bits-charity/1;color=#5F9EA0;display-name=Jean__;emotes=;flags=;id=c7d4f876-0921-475d-900e-a458a1d57904;mod=0;room-id=443063688;subscriber=1;tmi-sent-ts=1566170445702;turbo=0;user-id=38479494;user-type= :jean__!jean__@jean__.tmi.twitch.tv PRIVMSG #beringelamilgrau :!debug
8/18/2019 8:20:54 PM: botfumante - Received: @badge-info=subscriber/2;badges=vip/1,subscriber/0,bits-charity/1;color=#5F9EA0;display-name=Jean__;emotes=;flags=0-8:P.5;id=1833a68a-f69d-4132-bfa0-efa226dbaad7;mod=0;room-id=443063688;subscriber=1;tmi-sent-ts=1566170453111;turbo=0;user-id=38479494;user-type= :jean__!jean__@jean__.tmi.twitch.tv PRIVMSG #beringelamilgrau :fiz merda de novo FeelsMan
