2019-07-08 6:11:50 PM: bot_stay_high - Connecting to: wss://irc-ws.chat.twitch.tv:443
2019-07-08 6:11:51 PM: bot_stay_high - Should be connected!
2019-07-08 6:11:51 PM: bot_stay_high - Joining channel: beringelamilgrau
2019-07-08 6:11:52 PM: bot_stay_high - Received: :tmi.twitch.tv 001 bot_stay_high :Welcome, GLHF!
2019-07-08 6:11:52 PM: bot_stay_high - Received: :tmi.twitch.tv 002 bot_stay_high :Your host is tmi.twitch.tv
2019-07-08 6:11:52 PM: bot_stay_high - Received: :tmi.twitch.tv 003 bot_stay_high :This server is rather new
2019-07-08 6:11:52 PM: bot_stay_high - Received: :tmi.twitch.tv 004 bot_stay_high :-
2019-07-08 6:11:52 PM: bot_stay_high - Received: :tmi.twitch.tv 375 bot_stay_high :-
2019-07-08 6:11:52 PM: bot_stay_high - Received: :tmi.twitch.tv 372 bot_stay_high :You are in a maze of twisty passages, all alike.
2019-07-08 6:11:52 PM: bot_stay_high - Received: :tmi.twitch.tv 376 bot_stay_high :>
2019-07-08 6:11:52 PM: bot_stay_high - Received: :tmi.twitch.tv CAP * ACK :twitch.tv/membership
2019-07-08 6:11:52 PM: bot_stay_high - Unaccounted for: :tmi.twitch.tv CAP * ACK :twitch.tv/membership
2019-07-08 6:11:52 PM: bot_stay_high - Received: :tmi.twitch.tv CAP * ACK :twitch.tv/commands
2019-07-08 6:11:52 PM: bot_stay_high - Unaccounted for: :tmi.twitch.tv CAP * ACK :twitch.tv/commands
2019-07-08 6:11:52 PM: bot_stay_high - Received: :tmi.twitch.tv CAP * ACK :twitch.tv/tags
2019-07-08 6:11:52 PM: bot_stay_high - Unaccounted for: :tmi.twitch.tv CAP * ACK :twitch.tv/tags
2019-07-08 6:11:52 PM: bot_stay_high - Received: :bot_stay_high!bot_stay_high@bot_stay_high.tmi.twitch.tv JOIN #beringelamilgrau
2019-07-08 6:11:52 PM: bot_stay_high - Received: :bot_stay_high.tmi.twitch.tv 353 bot_stay_high = #beringelamilgrau :bot_stay_high
2019-07-08 6:11:52 PM: bot_stay_high - Received: :bot_stay_high.tmi.twitch.tv 366 bot_stay_high #beringelamilgrau :End of /NAMES list
2019-07-08 6:11:52 PM: bot_stay_high - Finished channel joining queue.
2019-07-08 6:11:52 PM: bot_stay_high - Received: @badge-info=;badges=;color=;display-name=bot_stay_high;emote-sets=0;mod=0;subscriber=0;user-type= :tmi.twitch.tv USERSTATE #beringelamilgrau
2019-07-08 6:11:52 PM: bot_stay_high - Received: @emote-only=0;followers-only=-1;r9k=0;rituals=0;room-id=443063688;slow=0;subs-only=0 :tmi.twitch.tv ROOMSTATE #beringelamilgrau
2019-07-08 6:11:52 PM: bot_stay_high - Finished channel joining queue.
