8/10/2019 10:38:41 PM: jean__ - Connecting to: wss://irc-ws.chat.twitch.tv:443
8/10/2019 10:38:42 PM: jean__ - Should be connected!
8/10/2019 10:38:42 PM: jean__ - Joining channel: jean__
8/10/2019 10:38:43 PM: jean__ - Received: :tmi.twitch.tv 001 jean__ :Welcome, GLHF!
8/10/2019 10:38:43 PM: jean__ - Received: :tmi.twitch.tv 002 jean__ :Your host is tmi.twitch.tv
8/10/2019 10:38:43 PM: jean__ - Received: :tmi.twitch.tv 003 jean__ :This server is rather new
8/10/2019 10:38:43 PM: jean__ - Received: :tmi.twitch.tv 004 jean__ :-
8/10/2019 10:38:43 PM: jean__ - Received: :tmi.twitch.tv 375 jean__ :-
8/10/2019 10:38:43 PM: jean__ - Received: :tmi.twitch.tv 372 jean__ :You are in a maze of twisty passages, all alike.
8/10/2019 10:38:43 PM: jean__ - Received: :tmi.twitch.tv 376 jean__ :>
8/10/2019 10:38:43 PM: jean__ - Received: PING :tmi.twitch.tv
8/10/2019 10:38:43 PM: jean__ - Writing: PONG
8/10/2019 10:38:43 PM: jean__ - Received: :tmi.twitch.tv CAP * ACK :twitch.tv/membership
8/10/2019 10:38:43 PM: jean__ - Unaccounted for: :tmi.twitch.tv CAP * ACK :twitch.tv/membership
8/10/2019 10:38:43 PM: jean__ - Received: :tmi.twitch.tv CAP * ACK :twitch.tv/commands
8/10/2019 10:38:43 PM: jean__ - Unaccounted for: :tmi.twitch.tv CAP * ACK :twitch.tv/commands
8/10/2019 10:38:43 PM: jean__ - Received: :tmi.twitch.tv CAP * ACK :twitch.tv/tags
8/10/2019 10:38:43 PM: jean__ - Unaccounted for: :tmi.twitch.tv CAP * ACK :twitch.tv/tags
8/10/2019 10:38:43 PM: jean__ - Received: :jean__!jean__@jean__.tmi.twitch.tv JOIN #jean__
8/10/2019 10:38:43 PM: jean__ - Received: :jean__.tmi.twitch.tv 353 jean__ = #jean__ :jean__
8/10/2019 10:38:43 PM: jean__ - Received: :jean__.tmi.twitch.tv 366 jean__ #jean__ :End of /NAMES list
8/10/2019 10:38:43 PM: jean__ - Finished channel joining queue.
8/10/2019 10:38:43 PM: jean__ - Received: @badge-info=;badges=broadcaster/1,bits-charity/1;color=#5F9EA0;display-name=Jean__;emote-sets=0,412472,300319631;mod=0;subscriber=0;user-type= :tmi.twitch.tv USERSTATE #jean__
8/10/2019 10:38:43 PM: jean__ - Received: @emote-only=0;followers-only=-1;r9k=0;rituals=0;room-id=38479494;slow=0;subs-only=0 :tmi.twitch.tv ROOMSTATE #jean__
8/10/2019 10:38:43 PM: jean__ - Received: :tmi.twitch.tv HOSTTARGET #jean__ :beringelamilgrau -
8/10/2019 10:38:43 PM: jean__ - Received: @msg-id=host_on :tmi.twitch.tv NOTICE #jean__ :Now hosting BeringelaMilGrau.
8/10/2019 10:38:43 PM: jean__ - Finished channel joining queue.
8/10/2019 10:38:44 PM: jean__ - Received: @badge-info=;badges=broadcaster/1,bits-charity/1;color=#5F9EA0;display-name=Jean__;emotes=;flags=;id=177b5f32-2989-4861-9aad-e4ba612ca910;mod=0;room-id=38479494;subscriber=0;tmi-sent-ts=1565487524071;turbo=0;user-id=38479494;user-type= :jean__!jean__@jean__.tmi.twitch.tv PRIVMSG #jean__ :!game
8/10/2019 10:38:45 PM: jean__ - Received: @badge-info=;badges=moderator/1,partner/1;color=#7C7CE1;display-name=Nightbot;emotes=;flags=;id=e6780234-53b5-4279-b880-6ec5bc3e2536;mod=1;room-id=38479494;subscriber=0;tmi-sent-ts=1565487524930;turbo=0;user-id=19264788;user-type=mod :nightbot!nightbot@nightbot.tmi.twitch.tv PRIVMSG #jean__ :@Jean__ -> jean__ is playing test
8/10/2019 10:38:56 PM: jean__ - Received: :nightbot!nightbot@nightbot.tmi.twitch.tv JOIN #jean__
8/10/2019 10:39:13 PM: jean__ - Received: @badge-info=;badges=broadcaster/1,bits-charity/1;color=#5F9EA0;display-name=Jean__;emotes=;flags=;id=a9fd7e1d-240e-43aa-97ed-b84c249c5ed9;mod=0;room-id=38479494;subscriber=0;tmi-sent-ts=1565487553347;turbo=0;user-id=38479494;user-type= :jean__!jean__@jean__.tmi.twitch.tv PRIVMSG #jean__ :!game Fire Emblem: Three Houses
8/10/2019 10:39:16 PM: jean__ - Received: @badge-info=;badges=moderator/1,partner/1;color=#7C7CE1;display-name=Nightbot;emotes=;flags=;id=b78d19e2-378b-465a-9d13-e589169ac4e6;mod=1;room-id=38479494;subscriber=0;tmi-sent-ts=1565487555946;turbo=0;user-id=19264788;user-type=mod :nightbot!nightbot@nightbot.tmi.twitch.tv PRIVMSG #jean__ :@Jean__ -> The stream game has been updated to: Fire Emblem: Three Houses
8/10/2019 10:39:22 PM: jean__ - Received: @badge-info=;badges=broadcaster/1,bits-charity/1;color=#5F9EA0;display-name=Jean__;emotes=;flags=;id=13c33afc-daf3-4e63-b399-eb5871a05545;mod=0;room-id=38479494;subscriber=0;tmi-sent-ts=1565487561738;turbo=0;user-id=38479494;user-type= :jean__!jean__@jean__.tmi.twitch.tv PRIVMSG #jean__ :!game
8/10/2019 10:39:23 PM: jean__ - Received: @badge-info=;badges=moderator/1,partner/1;color=#7C7CE1;display-name=Nightbot;emotes=;flags=;id=62705ee0-5917-4780-bc2c-41b9e2b226cc;mod=1;room-id=38479494;subscriber=0;tmi-sent-ts=1565487562253;turbo=0;user-id=19264788;user-type=mod :nightbot!nightbot@nightbot.tmi.twitch.tv PRIVMSG #jean__ :@Jean__ -> jean__ is playing Fire Emblem: Three Houses
