8/16/2019 10:52:38 AM: jean__ - Connecting to: wss://irc-ws.chat.twitch.tv:443
8/16/2019 10:52:39 AM: jean__ - Should be connected!
8/16/2019 10:52:39 AM: jean__ - Joining channel: jean__
8/16/2019 10:52:40 AM: jean__ - Received: :tmi.twitch.tv 001 jean__ :Welcome, GLHF!
8/16/2019 10:52:40 AM: jean__ - Received: :tmi.twitch.tv 002 jean__ :Your host is tmi.twitch.tv
8/16/2019 10:52:40 AM: jean__ - Received: :tmi.twitch.tv 003 jean__ :This server is rather new
8/16/2019 10:52:40 AM: jean__ - Received: :tmi.twitch.tv 004 jean__ :-
8/16/2019 10:52:40 AM: jean__ - Received: :tmi.twitch.tv 375 jean__ :-
8/16/2019 10:52:40 AM: jean__ - Received: :tmi.twitch.tv 372 jean__ :You are in a maze of twisty passages, all alike.
8/16/2019 10:52:40 AM: jean__ - Received: :tmi.twitch.tv 376 jean__ :>
8/16/2019 10:52:40 AM: jean__ - Received: :tmi.twitch.tv CAP * ACK :twitch.tv/membership
8/16/2019 10:52:40 AM: jean__ - Unaccounted for: :tmi.twitch.tv CAP * ACK :twitch.tv/membership
8/16/2019 10:52:40 AM: jean__ - Received: :tmi.twitch.tv CAP * ACK :twitch.tv/commands
8/16/2019 10:52:40 AM: jean__ - Unaccounted for: :tmi.twitch.tv CAP * ACK :twitch.tv/commands
8/16/2019 10:52:40 AM: jean__ - Received: :tmi.twitch.tv CAP * ACK :twitch.tv/tags
8/16/2019 10:52:40 AM: jean__ - Unaccounted for: :tmi.twitch.tv CAP * ACK :twitch.tv/tags
8/16/2019 10:52:40 AM: jean__ - Received: :jean__!jean__@jean__.tmi.twitch.tv JOIN #jean__
8/16/2019 10:52:40 AM: jean__ - Received: :jean__.tmi.twitch.tv 353 jean__ = #jean__ :jean__
8/16/2019 10:52:40 AM: jean__ - Received: :jean__.tmi.twitch.tv 366 jean__ #jean__ :End of /NAMES list
8/16/2019 10:52:40 AM: jean__ - Finished channel joining queue.
8/16/2019 10:52:40 AM: jean__ - Received: @badge-info=;badges=broadcaster/1,bits-charity/1;color=#5F9EA0;display-name=Jean__;emote-sets=0,412472,300319631;mod=0;subscriber=0;user-type= :tmi.twitch.tv USERSTATE #jean__
8/16/2019 10:52:40 AM: jean__ - Received: @emote-only=0;followers-only=-1;r9k=0;rituals=0;room-id=38479494;slow=0;subs-only=0 :tmi.twitch.tv ROOMSTATE #jean__
8/16/2019 10:52:40 AM: jean__ - Finished channel joining queue.
8/16/2019 10:52:45 AM: jean__ - Received: @badge-info=;badges=broadcaster/1,bits-charity/1;color=#5F9EA0;display-name=Jean__;emote-sets=0,412472,300319631;mod=0;subscriber=0;user-type= :tmi.twitch.tv USERSTATE #jean__
8/16/2019 10:52:51 AM: jean__ - Received: @badge-info=;badges=broadcaster/1,bits-charity/1;color=#5F9EA0;display-name=Jean__;emote-sets=0,412472,300319631;mod=0;subscriber=0;user-type= :tmi.twitch.tv USERSTATE #jean__
8/16/2019 10:52:52 AM: jean__ - Received: @badge-info=;badges=moderator/1,partner/1;color=#7C7CE1;display-name=Nightbot;emotes=;flags=;id=f4e84eee-3a09-4ae7-9710-fa163fa493e9;mod=1;room-id=38479494;subscriber=0;tmi-sent-ts=1565963570929;turbo=0;user-id=19264788;user-type=mod :nightbot!nightbot@nightbot.tmi.twitch.tv PRIVMSG #jean__ :Successfully added entry #1
8/16/2019 10:52:57 AM: jean__ - Received: @badge-info=;badges=broadcaster/1,bits-charity/1;color=#5F9EA0;display-name=Jean__;emote-sets=0,412472,300319631;mod=0;subscriber=0;user-type= :tmi.twitch.tv USERSTATE #jean__
8/16/2019 10:52:58 AM: jean__ - Received: @badge-info=;badges=moderator/1,partner/1;color=#7C7CE1;display-name=Nightbot;emotes=;flags=;id=eaf7ddc1-42d8-44e3-b0a5-3982bceabf99;mod=1;room-id=38479494;subscriber=0;tmi-sent-ts=1565963576935;turbo=0;user-id=19264788;user-type=mod :nightbot!nightbot@nightbot.tmi.twitch.tv PRIVMSG #jean__ :Successfully added entry #2
