8/23/2019 12:07:02 AM: botfumante - Connecting to: wss://irc-ws.chat.twitch.tv:443
8/23/2019 12:07:03 AM: botfumante - Should be connected!
8/23/2019 12:07:03 AM: botfumante - Joining channel: beringelamilgrau
8/23/2019 12:07:03 AM: botfumante - Received: :tmi.twitch.tv 001 botfumante :Welcome, GLHF!
8/23/2019 12:07:03 AM: botfumante - Received: :tmi.twitch.tv 002 botfumante :Your host is tmi.twitch.tv
8/23/2019 12:07:03 AM: botfumante - Received: :tmi.twitch.tv 003 botfumante :This server is rather new
8/23/2019 12:07:03 AM: botfumante - Received: :tmi.twitch.tv 004 botfumante :-
8/23/2019 12:07:03 AM: botfumante - Received: :tmi.twitch.tv 375 botfumante :-
8/23/2019 12:07:03 AM: botfumante - Received: :tmi.twitch.tv 372 botfumante :You are in a maze of twisty passages, all alike.
8/23/2019 12:07:03 AM: botfumante - Received: :tmi.twitch.tv 376 botfumante :>
8/23/2019 12:07:03 AM: botfumante - Received: :tmi.twitch.tv CAP * ACK :twitch.tv/membership
8/23/2019 12:07:03 AM: botfumante - Unaccounted for: :tmi.twitch.tv CAP * ACK :twitch.tv/membership
8/23/2019 12:07:03 AM: botfumante - Received: :tmi.twitch.tv CAP * ACK :twitch.tv/commands
8/23/2019 12:07:03 AM: botfumante - Unaccounted for: :tmi.twitch.tv CAP * ACK :twitch.tv/commands
8/23/2019 12:07:04 AM: botfumante - Received: :tmi.twitch.tv CAP * ACK :twitch.tv/tags
8/23/2019 12:07:04 AM: botfumante - Unaccounted for: :tmi.twitch.tv CAP * ACK :twitch.tv/tags
8/23/2019 12:07:04 AM: botfumante - Received: :botfumante!botfumante@botfumante.tmi.twitch.tv JOIN #beringelamilgrau
8/23/2019 12:07:04 AM: botfumante - Received: :botfumante.tmi.twitch.tv 353 botfumante = #beringelamilgrau :botfumante
8/23/2019 12:07:04 AM: botfumante - Received: :botfumante.tmi.twitch.tv 366 botfumante #beringelamilgrau :End of /NAMES list
8/23/2019 12:07:04 AM: botfumante - Finished channel joining queue.
8/23/2019 12:07:04 AM: botfumante - Received: @badge-info=;badges=;color=;display-name=BotFumante;emote-sets=0;mod=0;subscriber=0;user-type= :tmi.twitch.tv USERSTATE #beringelamilgrau
8/23/2019 12:07:04 AM: botfumante - Received: @emote-only=0;followers-only=-1;r9k=0;rituals=0;room-id=443063688;slow=0;subs-only=0 :tmi.twitch.tv ROOMSTATE #beringelamilgrau
8/23/2019 12:07:04 AM: botfumante - Finished channel joining queue.
8/23/2019 12:07:07 AM: botfumante - Received: @badge-info=subscriber/2;badges=vip/1,subscriber/0,bits-charity/1;color=#5F9EA0;display-name=Jean__;emotes=;flags=7-12:S.6;id=65c71ef8-cbbf-41b9-bb91-0363543d7212;mod=0;room-id=443063688;subscriber=1;tmi-sent-ts=1566529627023;turbo=0;user-id=38479494;user-type= :jean__!jean__@jean__.tmi.twitch.tv PRIVMSG #beringelamilgrau :!price Hentai Puzzle
