8/18/2019 8:23:52 PM: botfumante - Connecting to: wss://irc-ws.chat.twitch.tv:443
8/18/2019 8:23:53 PM: botfumante - Should be connected!
8/18/2019 8:23:53 PM: botfumante - Joining channel: beringelamilgrau
8/18/2019 8:23:54 PM: botfumante - Received: :tmi.twitch.tv 001 botfumante :Welcome, GLHF!
8/18/2019 8:23:54 PM: botfumante - Received: :tmi.twitch.tv 002 botfumante :Your host is tmi.twitch.tv
8/18/2019 8:23:54 PM: botfumante - Received: :tmi.twitch.tv 003 botfumante :This server is rather new
8/18/2019 8:23:54 PM: botfumante - Received: :tmi.twitch.tv 004 botfumante :-
8/18/2019 8:23:54 PM: botfumante - Received: :tmi.twitch.tv 375 botfumante :-
8/18/2019 8:23:54 PM: botfumante - Received: :tmi.twitch.tv 372 botfumante :You are in a maze of twisty passages, all alike.
8/18/2019 8:23:54 PM: botfumante - Received: :tmi.twitch.tv 376 botfumante :>
8/18/2019 8:23:54 PM: botfumante - Received: :tmi.twitch.tv CAP * ACK :twitch.tv/membership
8/18/2019 8:23:54 PM: botfumante - Unaccounted for: :tmi.twitch.tv CAP * ACK :twitch.tv/membership
8/18/2019 8:23:54 PM: botfumante - Received: :tmi.twitch.tv CAP * ACK :twitch.tv/commands
8/18/2019 8:23:54 PM: botfumante - Unaccounted for: :tmi.twitch.tv CAP * ACK :twitch.tv/commands
8/18/2019 8:23:54 PM: botfumante - Received: :tmi.twitch.tv CAP * ACK :twitch.tv/tags
8/18/2019 8:23:54 PM: botfumante - Unaccounted for: :tmi.twitch.tv CAP * ACK :twitch.tv/tags
8/18/2019 8:23:54 PM: botfumante - Received: :botfumante!botfumante@botfumante.tmi.twitch.tv JOIN #beringelamilgrau
8/18/2019 8:23:54 PM: botfumante - Received: :botfumante.tmi.twitch.tv 353 botfumante = #beringelamilgrau :botfumante
8/18/2019 8:23:54 PM: botfumante - Received: :botfumante.tmi.twitch.tv 366 botfumante #beringelamilgrau :End of /NAMES list
8/18/2019 8:23:54 PM: botfumante - Finished channel joining queue.
8/18/2019 8:23:54 PM: botfumante - Received: @badge-info=;badges=;color=;display-name=BotFumante;emote-sets=0;mod=0;subscriber=0;user-type= :tmi.twitch.tv USERSTATE #beringelamilgrau
8/18/2019 8:23:54 PM: botfumante - Received: @emote-only=0;followers-only=-1;r9k=0;rituals=0;room-id=443063688;slow=0;subs-only=0 :tmi.twitch.tv ROOMSTATE #beringelamilgrau
8/18/2019 8:23:54 PM: botfumante - Finished channel joining queue.
8/18/2019 8:24:05 PM: botfumante - Received: @badge-info=;badges=moderator/1;color=#008000;display-name=TONYXZERO;emotes=;flags=;id=8a0b00b9-79dd-4e27-af11-6529082e36aa;mod=1;room-id=443063688;subscriber=0;tmi-sent-ts=1566170643427;turbo=0;user-id=38731171;user-type=mod :tonyxzero!tonyxzero@tonyxzero.tmi.twitch.tv PRIVMSG #beringelamilgrau :Acabou triste esse anime PepeHandsE
8/18/2019 8:24:05 PM: botfumante - Received: @badge-info=subscriber/2;badges=vip/1,subscriber/0,bits-charity/1;color=#5F9EA0;display-name=Jean__;emotes=;flags=;id=60751706-e4f7-46bb-bbe2-39fd76c7c8f7;mod=0;room-id=443063688;subscriber=1;tmi-sent-ts=1566170643877;turbo=0;user-id=38479494;user-type= :jean__!jean__@jean__.tmi.twitch.tv PRIVMSG #beringelamilgrau :!debug
