8/3/2019 9:18:10 PM: botfumante - Connecting to: wss://irc-ws.chat.twitch.tv:443
8/3/2019 9:18:11 PM: botfumante - Should be connected!
8/3/2019 9:18:11 PM: botfumante - Joining channel: jean__
8/3/2019 9:18:12 PM: botfumante - Received: :tmi.twitch.tv 001 botfumante :Welcome, GLHF!
8/3/2019 9:18:12 PM: botfumante - Received: :tmi.twitch.tv 002 botfumante :Your host is tmi.twitch.tv
8/3/2019 9:18:12 PM: botfumante - Received: :tmi.twitch.tv 003 botfumante :This server is rather new
8/3/2019 9:18:12 PM: botfumante - Received: :tmi.twitch.tv 004 botfumante :-
8/3/2019 9:18:12 PM: botfumante - Received: :tmi.twitch.tv 375 botfumante :-
8/3/2019 9:18:12 PM: botfumante - Received: :tmi.twitch.tv 372 botfumante :You are in a maze of twisty passages, all alike.
8/3/2019 9:18:12 PM: botfumante - Received: :tmi.twitch.tv 376 botfumante :>
8/3/2019 9:18:12 PM: botfumante - Received: :tmi.twitch.tv CAP * ACK :twitch.tv/membership
8/3/2019 9:18:12 PM: botfumante - Unaccounted for: :tmi.twitch.tv CAP * ACK :twitch.tv/membership
8/3/2019 9:18:12 PM: botfumante - Received: :tmi.twitch.tv CAP * ACK :twitch.tv/commands
8/3/2019 9:18:12 PM: botfumante - Unaccounted for: :tmi.twitch.tv CAP * ACK :twitch.tv/commands
8/3/2019 9:18:12 PM: botfumante - Received: :tmi.twitch.tv CAP * ACK :twitch.tv/tags
8/3/2019 9:18:12 PM: botfumante - Unaccounted for: :tmi.twitch.tv CAP * ACK :twitch.tv/tags
8/3/2019 9:18:12 PM: botfumante - Received: :botfumante!botfumante@botfumante.tmi.twitch.tv JOIN #jean__
8/3/2019 9:18:12 PM: botfumante - Received: :botfumante.tmi.twitch.tv 353 botfumante = #jean__ :botfumante
8/3/2019 9:18:12 PM: botfumante - Received: :botfumante.tmi.twitch.tv 366 botfumante #jean__ :End of /NAMES list
8/3/2019 9:18:12 PM: botfumante - Finished channel joining queue.
8/3/2019 9:18:12 PM: botfumante - Received: @badge-info=;badges=;color=;display-name=BotFumante;emote-sets=0;mod=0;subscriber=0;user-type= :tmi.twitch.tv USERSTATE #jean__
8/3/2019 9:18:12 PM: botfumante - Received: @emote-only=0;followers-only=-1;r9k=0;rituals=0;room-id=38479494;slow=0;subs-only=0 :tmi.twitch.tv ROOMSTATE #jean__
8/3/2019 9:18:13 PM: botfumante - Finished channel joining queue.
8/3/2019 9:18:16 PM: botfumante - Received: @badge-info=;badges=broadcaster/1,bits-charity/1;color=#5F9EA0;display-name=Jean__;emotes=;flags=;id=389b7de7-88b8-47c7-8c02-8f7d898493e5;mod=0;room-id=38479494;subscriber=0;tmi-sent-ts=1564877895267;turbo=0;user-id=38479494;user-type= :jean__!jean__@jean__.tmi.twitch.tv PRIVMSG #jean__ :!!
8/3/2019 9:18:27 PM: botfumante - Received: @badge-info=;badges=broadcaster/1,bits-charity/1;color=#5F9EA0;display-name=Jean__;emotes=;flags=;id=2b068241-4e1c-4d29-b920-f205206e91da;mod=0;room-id=38479494;subscriber=0;tmi-sent-ts=1564877906689;turbo=0;user-id=38479494;user-type= :jean__!jean__@jean__.tmi.twitch.tv PRIVMSG #jean__ :!scream
