8/22/2019 8:20:38 PM: botfumante - Connecting to: wss://irc-ws.chat.twitch.tv:443
8/22/2019 8:20:39 PM: botfumante - Should be connected!
8/22/2019 8:20:39 PM: botfumante - Joining channel: beringelamilgrau
8/22/2019 8:20:39 PM: botfumante - Received: :tmi.twitch.tv 001 botfumante :Welcome, GLHF!
8/22/2019 8:20:39 PM: botfumante - Received: :tmi.twitch.tv 002 botfumante :Your host is tmi.twitch.tv
8/22/2019 8:20:39 PM: botfumante - Received: :tmi.twitch.tv 003 botfumante :This server is rather new
8/22/2019 8:20:39 PM: botfumante - Received: :tmi.twitch.tv 004 botfumante :-
8/22/2019 8:20:39 PM: botfumante - Received: :tmi.twitch.tv 375 botfumante :-
8/22/2019 8:20:39 PM: botfumante - Received: :tmi.twitch.tv 372 botfumante :You are in a maze of twisty passages, all alike.
8/22/2019 8:20:39 PM: botfumante - Received: :tmi.twitch.tv 376 botfumante :>
8/22/2019 8:20:39 PM: botfumante - Received: :tmi.twitch.tv CAP * ACK :twitch.tv/membership
8/22/2019 8:20:39 PM: botfumante - Unaccounted for: :tmi.twitch.tv CAP * ACK :twitch.tv/membership
8/22/2019 8:20:39 PM: botfumante - Received: :tmi.twitch.tv CAP * ACK :twitch.tv/commands
8/22/2019 8:20:39 PM: botfumante - Unaccounted for: :tmi.twitch.tv CAP * ACK :twitch.tv/commands
8/22/2019 8:20:39 PM: botfumante - Received: :tmi.twitch.tv CAP * ACK :twitch.tv/tags
8/22/2019 8:20:39 PM: botfumante - Unaccounted for: :tmi.twitch.tv CAP * ACK :twitch.tv/tags
8/22/2019 8:20:39 PM: botfumante - Received: :botfumante!botfumante@botfumante.tmi.twitch.tv JOIN #beringelamilgrau
8/22/2019 8:20:39 PM: botfumante - Received: @badge-info=;badges=;color=;display-name=BotFumante;emote-sets=0;mod=0;subscriber=0;user-type= :tmi.twitch.tv USERSTATE #beringelamilgrau
8/22/2019 8:20:39 PM: botfumante - Received: @emote-only=0;followers-only=-1;r9k=0;rituals=0;room-id=443063688;slow=0;subs-only=0 :tmi.twitch.tv ROOMSTATE #beringelamilgrau
8/22/2019 8:20:39 PM: botfumante - Received: :botfumante.tmi.twitch.tv 353 botfumante = #beringelamilgrau :lurxx clip_clock leafjat botfumante michelle_rezende ixlimpoke commanderroot streamlabs montee_waffle lucaesan jean__ beringelamilgrau don_torelli tonyxzero pedros_henrik gladosxcake guillapre alexisyuki joseantonio001 ddanniell um_fido hisaagi p0lizei_ winsock
8/22/2019 8:20:39 PM: botfumante - Received: :botfumante.tmi.twitch.tv 366 botfumante #beringelamilgrau :End of /NAMES list
8/22/2019 8:20:39 PM: botfumante - Finished channel joining queue.
8/22/2019 8:20:40 PM: botfumante - Finished channel joining queue.
8/22/2019 8:20:49 PM: botfumante - Received: @badge-info=;badges=vip/1;color=#008000;display-name=Hisaagi;emotes=;flags=;id=c7c37bd4-3995-4b08-82ad-86df5f4b7414;mod=0;room-id=443063688;subscriber=0;tmi-sent-ts=1566516049023;turbo=0;user-id=137774469;user-type= :hisaagi!hisaagi@hisaagi.tmi.twitch.tv PRIVMSG #beringelamilgrau :eu posso te fazer entrar em roubada gastando bem menos, tony
8/22/2019 8:20:58 PM: botfumante - Received: @badge-info=;badges=moderator/1;color=#008000;display-name=TONYXZERO;emotes=;flags=;id=d7a58d18-f8f1-47ce-a7bc-69631be4019d;mod=1;room-id=443063688;subscriber=0;tmi-sent-ts=1566516057901;turbo=0;user-id=38731171;user-type=mod :tonyxzero!tonyxzero@tonyxzero.tmi.twitch.tv PRIVMSG #beringelamilgrau :monkaHmm
8/22/2019 8:21:46 PM: botfumante - Received: @badge-info=;badges=;color=;display-name=joseantonio001;emotes=;flags=58-68:P.5;id=7b150027-8661-49d8-a9a1-d0eb8ca1aead;mod=0;room-id=443063688;subscriber=0;tmi-sent-ts=1566516105353;turbo=0;user-id=157525923;user-type= :joseantonio001!joseantonio001@joseantonio001.tmi.twitch.tv PRIVMSG #beringelamilgrau :mano eu nao gosto de console FeelsBad so compro pq os EMU e uma merda
