01/08/2019 18:38:59: botfumante - Connecting to: wss://irc-ws.chat.twitch.tv:443
01/08/2019 18:39:00: botfumante - Should be connected!
01/08/2019 18:39:00: botfumante - Joining channel: beringelamilgrau
01/08/2019 18:39:01: botfumante - Received: :tmi.twitch.tv 001 botfumante :Welcome, GLHF!
01/08/2019 18:39:01: botfumante - Received: :tmi.twitch.tv 002 botfumante :Your host is tmi.twitch.tv
01/08/2019 18:39:01: botfumante - Received: :tmi.twitch.tv 003 botfumante :This server is rather new
01/08/2019 18:39:01: botfumante - Received: :tmi.twitch.tv 004 botfumante :-
01/08/2019 18:39:01: botfumante - Received: :tmi.twitch.tv 375 botfumante :-
01/08/2019 18:39:01: botfumante - Received: :tmi.twitch.tv 372 botfumante :You are in a maze of twisty passages, all alike.
01/08/2019 18:39:01: botfumante - Received: :tmi.twitch.tv 376 botfumante :>
01/08/2019 18:39:01: botfumante - Received: :tmi.twitch.tv CAP * ACK :twitch.tv/membership
01/08/2019 18:39:01: botfumante - Unaccounted for: :tmi.twitch.tv CAP * ACK :twitch.tv/membership
01/08/2019 18:39:01: botfumante - Received: :tmi.twitch.tv CAP * ACK :twitch.tv/commands
01/08/2019 18:39:01: botfumante - Unaccounted for: :tmi.twitch.tv CAP * ACK :twitch.tv/commands
01/08/2019 18:39:01: botfumante - Received: :tmi.twitch.tv CAP * ACK :twitch.tv/tags
01/08/2019 18:39:01: botfumante - Unaccounted for: :tmi.twitch.tv CAP * ACK :twitch.tv/tags
01/08/2019 18:39:01: botfumante - Received: :botfumante!botfumante@botfumante.tmi.twitch.tv JOIN #beringelamilgrau
01/08/2019 18:39:01: botfumante - Received: :botfumante.tmi.twitch.tv 353 botfumante = #beringelamilgrau :botfumante
01/08/2019 18:39:01: botfumante - Received: :botfumante.tmi.twitch.tv 366 botfumante #beringelamilgrau :End of /NAMES list
01/08/2019 18:39:01: botfumante - Finished channel joining queue.
01/08/2019 18:39:01: botfumante - Received: @badge-info=;badges=;color=;display-name=BotFumante;emote-sets=0;mod=0;subscriber=0;user-type= :tmi.twitch.tv USERSTATE #beringelamilgrau
01/08/2019 18:39:01: botfumante - Received: @emote-only=0;followers-only=-1;r9k=0;rituals=0;room-id=443063688;slow=0;subs-only=0 :tmi.twitch.tv ROOMSTATE #beringelamilgrau
01/08/2019 18:39:01: botfumante - Finished channel joining queue.
01/08/2019 18:39:12: botfumante - Received: @badge-info=subscriber/1;badges=vip/1,subscriber/0,bits-charity/1;color=#5F9EA0;display-name=Jean__;emotes=;flags=;id=ce7bdff2-6866-495e-9eb0-85fc38533ddc;mod=0;room-id=443063688;subscriber=1;tmi-sent-ts=1564695551826;turbo=0;user-id=38479494;user-type= :jean__!jean__@jean__.tmi.twitch.tv PRIVMSG #beringelamilgrau :FeelsMan
01/08/2019 18:39:31: botfumante - Received: @badge-info=;badges=vip/1,premium/1;color=#D8FF00;display-name=guillapre;emotes=;flags=;id=e511f833-ebcf-4d5d-b574-491448080dd3;mod=0;room-id=443063688;subscriber=0;tmi-sent-ts=1564695570122;turbo=0;user-id=157919745;user-type= :guillapre!guillapre@guillapre.tmi.twitch.tv PRIVMSG #beringelamilgrau :me puxa pra parte boa do discord do totoro ai.... FeelsBadMan FeelsOkayMan
01/08/2019 18:39:56: botfumante - Received: @badge-info=subscriber/1;badges=vip/1,subscriber/0,bits-charity/1;color=#5F9EA0;display-name=Jean__;emotes=;flags=;id=14b13be6-8935-49c2-a8a2-6ab867ebf7d5;mod=0;room-id=443063688;subscriber=1;tmi-sent-ts=1564695595188;turbo=0;user-id=38479494;user-type= :jean__!jean__@jean__.tmi.twitch.tv PRIVMSG #beringelamilgrau :o problema era o sistema de data m/d/a e d/m/a peepoSmart
01/08/2019 18:40:06: botfumante - Received: :jean__!jean__@jean__.tmi.twitch.tv JOIN #beringelamilgrau
01/08/2019 18:40:06: botfumante - Received: :montee_waffle!montee_waffle@montee_waffle.tmi.twitch.tv JOIN #beringelamilgrau
01/08/2019 18:40:06: botfumante - Received: :slocool!slocool@slocool.tmi.twitch.tv JOIN #beringelamilgrau
01/08/2019 18:40:06: botfumante - Received: :hostmeraffle!hostmeraffle@hostmeraffle.tmi.twitch.tv JOIN #beringelamilgrau
01/08/2019 18:40:06: botfumante - Received: :michelle_rezende!michelle_rezende@michelle_rezende.tmi.twitch.tv JOIN #beringelamilgrau
01/08/2019 18:40:06: botfumante - Received: :n3td3v!n3td3v@n3td3v.tmi.twitch.tv JOIN #beringelamilgrau
01/08/2019 18:40:06: botfumante - Received: :s1faka!s1faka@s1faka.tmi.twitch.tv JOIN #beringelamilgrau
01/08/2019 18:40:06: botfumante - Received: :biravg!biravg@biravg.tmi.twitch.tv JOIN #beringelamilgrau
01/08/2019 18:40:06: botfumante - Received: :lurxx!lurxx@lurxx.tmi.twitch.tv JOIN #beringelamilgrau
01/08/2019 18:40:06: botfumante - Received: :cyclemotion!cyclemotion@cyclemotion.tmi.twitch.tv JOIN #beringelamilgrau
01/08/2019 18:40:06: botfumante - Received: :nightbot!nightbot@nightbot.tmi.twitch.tv JOIN #beringelamilgrau
01/08/2019 18:40:06: botfumante - Received: :ddanniell!ddanniell@ddanniell.tmi.twitch.tv JOIN #beringelamilgrau
01/08/2019 18:40:06: botfumante - Received: :guillapre!guillapre@guillapre.tmi.twitch.tv JOIN #beringelamilgrau
01/08/2019 18:40:06: botfumante - Received: :themalkavianx!themalkavianx@themalkavianx.tmi.twitch.tv JOIN #beringelamilgrau
01/08/2019 18:40:06: botfumante - Received: :angeloflight!angeloflight@angeloflight.tmi.twitch.tv JOIN #beringelamilgrau
01/08/2019 18:40:06: botfumante - Received: :commanderroot!commanderroot@commanderroot.tmi.twitch.tv JOIN #beringelamilgrau
01/08/2019 18:40:06: botfumante - Received: :beringelamilgrau!beringelamilgrau@beringelamilgrau.tmi.twitch.tv JOIN #beringelamilgrau
01/08/2019 18:40:06: botfumante - Received: :skinnyseahorse!skinnyseahorse@skinnyseahorse.tmi.twitch.tv JOIN #beringelamilgrau
01/08/2019 18:40:11: botfumante - Received: @badge-info=;badges=vip/1,premium/1;color=#D8FF00;display-name=guillapre;emotes=;flags=;id=1b39af28-caa2-400d-8170-f93a6923237a;mod=0;room-id=443063688;subscriber=0;tmi-sent-ts=1564695610202;turbo=0;user-id=157919745;user-type= :guillapre!guillapre@guillapre.tmi.twitch.tv PRIVMSG #beringelamilgrau :oh man
01/08/2019 18:40:19: botfumante - Received: @badge-info=;badges=vip/1,premium/1;color=#D8FF00;display-name=guillapre;emotes=;flags=;id=f0a587de-b31e-4f43-b628-78ffea15b8fa;mod=0;room-id=443063688;subscriber=0;tmi-sent-ts=1564695618719;turbo=0;user-id=157919745;user-type= :guillapre!guillapre@guillapre.tmi.twitch.tv PRIVMSG #beringelamilgrau :peepoSmart HACKERMANS
01/08/2019 18:40:26: botfumante - Received: @badge-info=subscriber/1;badges=vip/1,subscriber/0,bits-charity/1;color=#5F9EA0;display-name=Jean__;emotes=;flags=;id=ed93f680-6855-492b-ae8a-4b64183273fa;mod=0;room-id=443063688;subscriber=1;tmi-sent-ts=1564695625832;turbo=0;user-id=38479494;user-type= :jean__!jean__@jean__.tmi.twitch.tv PRIVMSG #beringelamilgrau :o bizarro ? a hora ficou certa monkaHmm
01/08/2019 18:40:41: botfumante - Received: @badge-info=subscriber/1;badges=vip/1,subscriber/0,bits-charity/1;color=#5F9EA0;display-name=Jean__;emotes=;flags=;id=3d816e87-56a1-496c-ac37-0bf267034e18;mod=0;room-id=443063688;subscriber=1;tmi-sent-ts=1564695640471;turbo=0;user-id=38479494;user-type= :jean__!jean__@jean__.tmi.twitch.tv PRIVMSG #beringelamilgrau :meu windows ta em ingles FeelsOkayMan
01/08/2019 18:40:58: botfumante - Received: @badge-info=;badges=vip/1,premium/1;color=#D8FF00;display-name=guillapre;emotes=;flags=;id=f117df07-2bd6-472e-80c3-eb26a91f944a;mod=0;room-id=443063688;subscriber=0;tmi-sent-ts=1564695657251;turbo=0;user-id=157919745;user-type= :guillapre!guillapre@guillapre.tmi.twitch.tv PRIVMSG #beringelamilgrau :hora ? igual pra todo mundo peepoSmart
01/08/2019 18:41:00: botfumante - Received: @badge-info=subscriber/1;badges=vip/1,subscriber/0,bits-charity/1;color=#5F9EA0;display-name=Jean__;emotes=;flags=;id=573fce5a-7364-4ad6-879c-483e432eafdc;mod=0;room-id=443063688;subscriber=1;tmi-sent-ts=1564695659275;turbo=0;user-id=38479494;user-type= :jean__!jean__@jean__.tmi.twitch.tv PRIVMSG #beringelamilgrau :e a formata?ao de data da twitch ? mes/dia/ano
01/08/2019 18:41:20: botfumante - Received: @badge-info=subscriber/1;badges=vip/1,subscriber/0,bits-charity/1;color=#5F9EA0;display-name=Jean__;emotes=;flags=;id=5dd4f286-bc0c-42cb-8bbd-0bbbd2629229;mod=0;room-id=443063688;subscriber=1;tmi-sent-ts=1564695679499;turbo=0;user-id=38479494;user-type= :jean__!jean__@jean__.tmi.twitch.tv PRIVMSG #beringelamilgrau :s? que pra fazer a conta de horas passadas eu preciso da data atual FeelsOkayMan
