2019-07-27 8:48:19 PM: botfumante - Connecting to: wss://irc-ws.chat.twitch.tv:443
2019-07-27 8:48:20 PM: botfumante - Should be connected!
2019-07-27 8:48:20 PM: botfumante - Joining channel: beringelamilgrau
2019-07-27 8:48:21 PM: botfumante - Received: :tmi.twitch.tv 001 botfumante :Welcome, GLHF!
2019-07-27 8:48:21 PM: botfumante - Received: :tmi.twitch.tv 002 botfumante :Your host is tmi.twitch.tv
2019-07-27 8:48:21 PM: botfumante - Received: :tmi.twitch.tv 003 botfumante :This server is rather new
2019-07-27 8:48:21 PM: botfumante - Received: :tmi.twitch.tv 004 botfumante :-
2019-07-27 8:48:21 PM: botfumante - Received: :tmi.twitch.tv 375 botfumante :-
2019-07-27 8:48:21 PM: botfumante - Received: :tmi.twitch.tv 372 botfumante :You are in a maze of twisty passages, all alike.
2019-07-27 8:48:21 PM: botfumante - Received: :tmi.twitch.tv 376 botfumante :>
2019-07-27 8:48:21 PM: botfumante - Received: :tmi.twitch.tv CAP * ACK :twitch.tv/membership
2019-07-27 8:48:21 PM: botfumante - Unaccounted for: :tmi.twitch.tv CAP * ACK :twitch.tv/membership
2019-07-27 8:48:21 PM: botfumante - Received: :tmi.twitch.tv CAP * ACK :twitch.tv/commands
2019-07-27 8:48:21 PM: botfumante - Unaccounted for: :tmi.twitch.tv CAP * ACK :twitch.tv/commands
2019-07-27 8:48:21 PM: botfumante - Received: :tmi.twitch.tv CAP * ACK :twitch.tv/tags
2019-07-27 8:48:21 PM: botfumante - Unaccounted for: :tmi.twitch.tv CAP * ACK :twitch.tv/tags
2019-07-27 8:48:21 PM: botfumante - Received: :botfumante!botfumante@botfumante.tmi.twitch.tv JOIN #beringelamilgrau
2019-07-27 8:48:21 PM: botfumante - Received: :botfumante.tmi.twitch.tv 353 botfumante = #beringelamilgrau :botfumante
2019-07-27 8:48:21 PM: botfumante - Received: :botfumante.tmi.twitch.tv 366 botfumante #beringelamilgrau :End of /NAMES list
2019-07-27 8:48:21 PM: botfumante - Finished channel joining queue.
2019-07-27 8:48:21 PM: botfumante - Received: @badge-info=;badges=;color=;display-name=BotFumante;emote-sets=0;mod=0;subscriber=0;user-type= :tmi.twitch.tv USERSTATE #beringelamilgrau
2019-07-27 8:48:21 PM: botfumante - Received: @emote-only=0;followers-only=-1;r9k=0;rituals=0;room-id=443063688;slow=0;subs-only=0 :tmi.twitch.tv ROOMSTATE #beringelamilgrau
2019-07-27 8:48:21 PM: botfumante - Finished channel joining queue.
2019-07-27 8:48:33 PM: botfumante - Received: @badge-info=subscriber/1;badges=broadcaster/1,subscriber/0;color=#8A2BE2;display-name=BeringelaMilGrau;emotes=;flags=;id=de37eebc-879a-4bb6-bd9f-cf5afd3450ce;mod=0;room-id=443063688;subscriber=1;tmi-sent-ts=1564271311563;turbo=0;user-id=443063688;user-type= :beringelamilgrau!beringelamilgrau@beringelamilgrau.tmi.twitch.tv PRIVMSG #beringelamilgrau :ichigo lima ConcernFroge
2019-07-27 8:48:33 PM: botfumante - Received: :5uperted!5uperted@5uperted.tmi.twitch.tv JOIN #beringelamilgrau
2019-07-27 8:48:33 PM: botfumante - Received: :totoro!totoro@totoro.tmi.twitch.tv JOIN #beringelamilgrau
2019-07-27 8:48:33 PM: botfumante - Received: :angeloflight!angeloflight@angeloflight.tmi.twitch.tv JOIN #beringelamilgrau
2019-07-27 8:48:33 PM: botfumante - Received: :guillapre!guillapre@guillapre.tmi.twitch.tv JOIN #beringelamilgrau
2019-07-27 8:48:33 PM: botfumante - Received: :beringelamilgrau!beringelamilgrau@beringelamilgrau.tmi.twitch.tv JOIN #beringelamilgrau
2019-07-27 8:48:33 PM: botfumante - Received: :commanderroot!commanderroot@commanderroot.tmi.twitch.tv JOIN #beringelamilgrau
2019-07-27 8:48:33 PM: botfumante - Received: :montee_waffle!montee_waffle@montee_waffle.tmi.twitch.tv JOIN #beringelamilgrau
2019-07-27 8:48:33 PM: botfumante - Received: :lurxx!lurxx@lurxx.tmi.twitch.tv JOIN #beringelamilgrau
2019-07-27 8:48:33 PM: botfumante - Received: :hisaagi!hisaagi@hisaagi.tmi.twitch.tv JOIN #beringelamilgrau
2019-07-27 8:48:33 PM: botfumante - Received: :rbruno018!rbruno018@rbruno018.tmi.twitch.tv JOIN #beringelamilgrau
2019-07-27 8:48:33 PM: botfumante - Received: :nightbot!nightbot@nightbot.tmi.twitch.tv JOIN #beringelamilgrau
2019-07-27 8:48:33 PM: botfumante - Received: :themalkavianx!themalkavianx@themalkavianx.tmi.twitch.tv JOIN #beringelamilgrau
2019-07-27 8:48:33 PM: botfumante - Received: :skinnyseahorse!skinnyseahorse@skinnyseahorse.tmi.twitch.tv JOIN #beringelamilgrau
2019-07-27 8:48:33 PM: botfumante - Received: :michelle_rezende!michelle_rezende@michelle_rezende.tmi.twitch.tv JOIN #beringelamilgrau
2019-07-27 8:48:33 PM: botfumante - Received: :jean__!jean__@jean__.tmi.twitch.tv JOIN #beringelamilgrau
2019-07-27 8:48:33 PM: botfumante - Received: :cyclemotion!cyclemotion@cyclemotion.tmi.twitch.tv JOIN #beringelamilgrau
2019-07-27 8:48:33 PM: botfumante - Received: :maria_renata!maria_renata@maria_renata.tmi.twitch.tv JOIN #beringelamilgrau
2019-07-27 8:48:33 PM: botfumante - Received: :ddanniell!ddanniell@ddanniell.tmi.twitch.tv JOIN #beringelamilgrau
2019-07-27 8:48:33 PM: botfumante - Received: :electricallongboard!electricallongboard@electricallongboard.tmi.twitch.tv JOIN #beringelamilgrau
2019-07-27 8:48:33 PM: botfumante - Received: @badge-info=subscriber/1;badges=vip/1,subscriber/0,bits-charity/1;color=#5F9EA0;display-name=Jean__;emotes=;flags=;id=5200d21d-7efc-4a09-812b-14115b584631;mod=0;room-id=443063688;subscriber=1;tmi-sent-ts=1564271311724;turbo=0;user-id=38479494;user-type= :jean__!jean__@jean__.tmi.twitch.tv PRIVMSG #beringelamilgrau :me da timeout ai Pepega
2019-07-27 8:48:55 PM: botfumante - Received: @badge-info=subscriber/1;badges=vip/1,subscriber/0,bits-charity/1;color=#5F9EA0;display-name=Jean__;emotes=;flags=;id=c6b7e4d1-608a-425d-9ee5-5248421cfbb8;mod=0;room-id=443063688;subscriber=1;tmi-sent-ts=1564271334154;turbo=0;user-id=38479494;user-type= :jean__!jean__@jean__.tmi.twitch.tv PRIVMSG #beringelamilgrau :ConcernFroge
2019-07-27 8:49:03 PM: botfumante - Received: @badge-info=subscriber/1;badges=broadcaster/1,subscriber/0;color=#8A2BE2;display-name=BeringelaMilGrau;emotes=;flags=;id=f492b7a9-d874-44ba-94da-563a215e9c51;mod=0;room-id=443063688;subscriber=1;tmi-sent-ts=1564271341815;turbo=0;user-id=443063688;user-type= :beringelamilgrau!beringelamilgrau@beringelamilgrau.tmi.twitch.tv PRIVMSG #beringelamilgrau :monkaHmm
2019-07-27 8:49:10 PM: botfumante - Received: @badge-info=subscriber/1;badges=vip/1,subscriber/0,bits-charity/1;color=#5F9EA0;display-name=Jean__;emotes=;flags=;id=2b830f99-4bde-4cfb-9a1a-5a4ceee5a09e;mod=0;room-id=443063688;subscriber=1;tmi-sent-ts=1564271349342;turbo=0;user-id=38479494;user-type= :jean__!jean__@jean__.tmi.twitch.tv PRIVMSG #beringelamilgrau :@BeringelaMilGrau prefiro batata doce mesmo
2019-07-27 8:49:14 PM: botfumante - Received: @badge-info=subscriber/1;badges=vip/1,subscriber/0,bits-charity/1;color=#5F9EA0;display-name=Jean__;emotes=;flags=;id=754ce28e-1b1f-440f-ad38-95eaf3e31d84;mod=0;room-id=443063688;subscriber=1;tmi-sent-ts=1564271352660;turbo=0;user-id=38479494;user-type= :jean__!jean__@jean__.tmi.twitch.tv PRIVMSG #beringelamilgrau :monkaGun
2019-07-27 8:49:15 PM: botfumante - Received: @badge-info=;badges=vip/1;color=#FF69B4;display-name=rbruno018;emotes=;flags=4-46:;id=b4af3b3a-553b-4fd9-a86f-ee40820f5447;mod=0;room-id=443063688;subscriber=0;tmi-sent-ts=1564271353428;turbo=0;user-id=216448313;user-type= :rbruno018!rbruno018@rbruno018.tmi.twitch.tv PRIVMSG #beringelamilgrau :!sr https://www.youtube.com/watch?v=f4PrErFdTq8
2019-07-27 8:49:15 PM: botfumante - Received: @badge-info=;badges=moderator/1,partner/1;color=#7C7CE1;display-name=Nightbot;emotes=;flags=;id=c7fafafb-0628-4a48-9945-e64b0a052cab;mod=1;room-id=443063688;subscriber=0;tmi-sent-ts=1564271353790;turbo=0;user-id=19264788;user-type=mod :nightbot!nightbot@nightbot.tmi.twitch.tv PRIVMSG #beringelamilgrau :@rbruno018 -> ""tiny Little Adiantum'' (trap remix)" by zebuez cuu erdanyu has been added to the queue in position #4
2019-07-27 8:49:30 PM: botfumante - Received: @badge-info=subscriber/1;badges=vip/1,subscriber/0,bits-charity/1;color=#5F9EA0;display-name=Jean__;emotes=;flags=;id=734b487b-51bb-4baf-baca-f1256194dfad;mod=0;room-id=443063688;subscriber=1;tmi-sent-ts=1564271368560;turbo=0;user-id=38479494;user-type= :jean__!jean__@jean__.tmi.twitch.tv PRIVMSG #beringelamilgrau :PepeHandsE
2019-07-27 8:49:33 PM: botfumante - Received: @badge-info=subscriber/1;badges=broadcaster/1,subscriber/0;color=#8A2BE2;display-name=BeringelaMilGrau;emotes=;flags=;id=322da79a-0592-433d-91f8-04e43082e4f9;mod=0;room-id=443063688;subscriber=1;tmi-sent-ts=1564271371907;turbo=0;user-id=443063688;user-type= :beringelamilgrau!beringelamilgrau@beringelamilgrau.tmi.twitch.tv PRIVMSG #beringelamilgrau :batata doce e frango Pepega
2019-07-27 8:49:36 PM: botfumante - Received: :ddanniell!ddanniell@ddanniell.tmi.twitch.tv PART #beringelamilgrau
2019-07-27 8:49:46 PM: botfumante - Received: @badge-info=subscriber/1;badges=vip/1,subscriber/0,bits-charity/1;color=#5F9EA0;display-name=Jean__;emotes=;flags=;id=a47a5b44-d464-4991-a58d-16e675e14b9e;mod=0;room-id=443063688;subscriber=1;tmi-sent-ts=1564271384559;turbo=0;user-id=38479494;user-type= :jean__!jean__@jean__.tmi.twitch.tv PRIVMSG #beringelamilgrau :preciso testar o bot do tiro
2019-07-27 8:49:58 PM: botfumante - Received: @ban-duration=600;room-id=443063688;target-user-id=38479494;tmi-sent-ts=1564271397076 :tmi.twitch.tv CLEARCHAT #beringelamilgrau :jean__
