8/22/2019 9:17:27 PM: botfumante - Connecting to: wss://irc-ws.chat.twitch.tv:443
8/22/2019 9:17:28 PM: botfumante - Should be connected!
8/22/2019 9:17:28 PM: botfumante - Joining channel: beringelamilgrau
8/22/2019 9:17:28 PM: botfumante - Received: :tmi.twitch.tv 001 botfumante :Welcome, GLHF!
8/22/2019 9:17:28 PM: botfumante - Received: :tmi.twitch.tv 002 botfumante :Your host is tmi.twitch.tv
8/22/2019 9:17:28 PM: botfumante - Received: :tmi.twitch.tv 003 botfumante :This server is rather new
8/22/2019 9:17:28 PM: botfumante - Received: :tmi.twitch.tv 004 botfumante :-
8/22/2019 9:17:28 PM: botfumante - Received: :tmi.twitch.tv 375 botfumante :-
8/22/2019 9:17:28 PM: botfumante - Received: :tmi.twitch.tv 372 botfumante :You are in a maze of twisty passages, all alike.
8/22/2019 9:17:28 PM: botfumante - Received: :tmi.twitch.tv 376 botfumante :>
8/22/2019 9:17:28 PM: botfumante - Received: :tmi.twitch.tv CAP * ACK :twitch.tv/membership
8/22/2019 9:17:28 PM: botfumante - Unaccounted for: :tmi.twitch.tv CAP * ACK :twitch.tv/membership
8/22/2019 9:17:28 PM: botfumante - Received: :tmi.twitch.tv CAP * ACK :twitch.tv/commands
8/22/2019 9:17:28 PM: botfumante - Unaccounted for: :tmi.twitch.tv CAP * ACK :twitch.tv/commands
8/22/2019 9:17:29 PM: botfumante - Received: :tmi.twitch.tv CAP * ACK :twitch.tv/tags
8/22/2019 9:17:29 PM: botfumante - Unaccounted for: :tmi.twitch.tv CAP * ACK :twitch.tv/tags
8/22/2019 9:17:29 PM: botfumante - Received: :botfumante!botfumante@botfumante.tmi.twitch.tv JOIN #beringelamilgrau
8/22/2019 9:17:29 PM: botfumante - Received: :botfumante.tmi.twitch.tv 353 botfumante = #beringelamilgrau :botfumante
8/22/2019 9:17:29 PM: botfumante - Received: :botfumante.tmi.twitch.tv 366 botfumante #beringelamilgrau :End of /NAMES list
8/22/2019 9:17:29 PM: botfumante - Finished channel joining queue.
8/22/2019 9:17:29 PM: botfumante - Received: @badge-info=;badges=;color=;display-name=BotFumante;emote-sets=0;mod=0;subscriber=0;user-type= :tmi.twitch.tv USERSTATE #beringelamilgrau
8/22/2019 9:17:29 PM: botfumante - Received: @emote-only=0;followers-only=-1;r9k=0;rituals=0;room-id=443063688;slow=0;subs-only=0 :tmi.twitch.tv ROOMSTATE #beringelamilgrau
8/22/2019 9:17:29 PM: botfumante - Finished channel joining queue.
8/22/2019 9:17:31 PM: botfumante - Writing: [USERNOTICE] #beringelamilgrau
8/22/2019 9:17:31 PM: botfumante - Received: :tmi.twitch.tv 421 botfumante [USERNOTICE] :Unknown command
8/22/2019 9:17:31 PM: botfumante - Unaccounted for: :tmi.twitch.tv UNKNOWN botfumante [USERNOTICE] :Unknown command
8/22/2019 9:17:40 PM: botfumante - Received: @badge-info=;badges=;color=;display-name=joseantonio001;emotes=;flags=;id=e62d5cc1-7577-4cc5-818f-d45ef6894e11;mod=0;room-id=443063688;subscriber=0;tmi-sent-ts=1566519459897;turbo=0;user-id=157525923;user-type= :joseantonio001!joseantonio001@joseantonio001.tmi.twitch.tv PRIVMSG #beringelamilgrau :TELA BRANCA
8/22/2019 9:17:51 PM: botfumante - Received: @badge-info=;badges=bits-charity/1;color=#DAA520;display-name=lucaesan;emotes=;flags=;id=f534523a-1a36-40a6-a997-4fe830b9eae0;mod=0;room-id=443063688;subscriber=0;tmi-sent-ts=1566519470529;turbo=0;user-id=167039036;user-type= :lucaesan!lucaesan@lucaesan.tmi.twitch.tv PRIVMSG #beringelamilgrau :narutero
8/22/2019 9:18:38 PM: botfumante - Received: :don_torelli!don_torelli@don_torelli.tmi.twitch.tv JOIN #beringelamilgrau
8/22/2019 9:18:38 PM: botfumante - Received: :xatang!xatang@xatang.tmi.twitch.tv JOIN #beringelamilgrau
8/22/2019 9:18:38 PM: botfumante - Received: :beringelamilgrau!beringelamilgrau@beringelamilgrau.tmi.twitch.tv JOIN #beringelamilgrau
8/22/2019 9:18:38 PM: botfumante - Received: :tonyxzero!tonyxzero@tonyxzero.tmi.twitch.tv JOIN #beringelamilgrau
8/22/2019 9:18:38 PM: botfumante - Received: :winsock!winsock@winsock.tmi.twitch.tv JOIN #beringelamilgrau
8/22/2019 9:18:38 PM: botfumante - Received: :um_fido!um_fido@um_fido.tmi.twitch.tv JOIN #beringelamilgrau
8/22/2019 9:18:38 PM: botfumante - Received: :streamlabs!streamlabs@streamlabs.tmi.twitch.tv JOIN #beringelamilgrau
8/22/2019 9:18:38 PM: botfumante - Received: :olove!olove@olove.tmi.twitch.tv JOIN #beringelamilgrau
8/22/2019 9:18:38 PM: botfumante - Received: :p0lizei_!p0lizei_@p0lizei_.tmi.twitch.tv JOIN #beringelamilgrau
8/22/2019 9:18:38 PM: botfumante - Received: :lucaesan!lucaesan@lucaesan.tmi.twitch.tv JOIN #beringelamilgrau
8/22/2019 9:18:38 PM: botfumante - Received: :leafjat!leafjat@leafjat.tmi.twitch.tv JOIN #beringelamilgrau
8/22/2019 9:18:38 PM: botfumante - Received: :gladosxcake!gladosxcake@gladosxcake.tmi.twitch.tv JOIN #beringelamilgrau
8/22/2019 9:18:38 PM: botfumante - Received: :joseantonio001!joseantonio001@joseantonio001.tmi.twitch.tv JOIN #beringelamilgrau
8/22/2019 9:18:38 PM: botfumante - Received: :jean__!jean__@jean__.tmi.twitch.tv JOIN #beringelamilgrau
8/22/2019 9:18:38 PM: botfumante - Received: :lurxx!lurxx@lurxx.tmi.twitch.tv JOIN #beringelamilgrau
8/22/2019 9:18:38 PM: botfumante - Received: :montee_waffle!montee_waffle@montee_waffle.tmi.twitch.tv JOIN #beringelamilgrau
8/22/2019 9:18:38 PM: botfumante - Received: :ddanniell!ddanniell@ddanniell.tmi.twitch.tv JOIN #beringelamilgrau
8/22/2019 9:18:38 PM: botfumante - Received: :s1faka!s1faka@s1faka.tmi.twitch.tv JOIN #beringelamilgrau
8/22/2019 9:18:38 PM: botfumante - Received: :clip_clock!clip_clock@clip_clock.tmi.twitch.tv JOIN #beringelamilgrau
8/22/2019 9:18:39 PM: botfumante - Received: :commanderroot!commanderroot@commanderroot.tmi.twitch.tv JOIN #beringelamilgrau
8/22/2019 9:18:52 PM: botfumante - Received: @badge-info=;badges=;color=;display-name=joseantonio001;emotes=;flags=;id=fd392153-5b05-4940-bdc0-ffd10488fe17;mod=0;room-id=443063688;subscriber=0;tmi-sent-ts=1566519531734;turbo=0;user-id=157525923;user-type= :joseantonio001!joseantonio001@joseantonio001.tmi.twitch.tv PRIVMSG #beringelamilgrau :!propriedade
8/22/2019 9:18:52 PM: botfumante - Received: @badge-info=;badges=moderator/1,partner/1;color=#7C7CE1;display-name=Nightbot;emotes=;flags=;id=d60f0b21-60ae-4656-a933-5d515d0ce10c;mod=1;room-id=443063688;subscriber=0;tmi-sent-ts=1566519532134;turbo=0;user-id=19264788;user-type=mod :nightbot!nightbot@nightbot.tmi.twitch.tv PRIVMSG #beringelamilgrau :Hey,tudo bem? Ouvi falar que voc? ? super f? da s?rie Dark Souls. Estou come?ando minha jornada a pouco tempo por esse mundo obscuro. Haha. Anyway. Queria algumas dicas sobre Dark Souls, caso voc? tenha familiaridade com essa nova propriedade Intelectual. ??
8/22/2019 9:18:58 PM: botfumante - Received: @badge-info=;badges=;color=;display-name=joseantonio001;emotes=;flags=;id=f4d85a15-05d0-43e9-b052-4e9aed65a10f;mod=0;room-id=443063688;subscriber=0;tmi-sent-ts=1566519538292;turbo=0;user-id=157525923;user-type= :joseantonio001!joseantonio001@joseantonio001.tmi.twitch.tv PRIVMSG #beringelamilgrau :XIU AI
8/22/2019 9:19:00 PM: botfumante - Received: @badge-info=;badges=bits-charity/1;color=#DAA520;display-name=lucaesan;emotes=;flags=;id=6864601d-63f5-44b1-a276-6a27a831e3e6;mod=0;room-id=443063688;subscriber=0;tmi-sent-ts=1566519540282;turbo=0;user-id=167039036;user-type= :lucaesan!lucaesan@lucaesan.tmi.twitch.tv PRIVMSG #beringelamilgrau :o a raposa do c?o ai
8/22/2019 9:19:12 PM: botfumante - Received: @badge-info=;badges=premium/1;color=#34B16F;display-name=leafjat;emotes=;flags=;id=8f3a222c-a0d9-4843-b203-b3f6aa7f3dd6;mod=0;room-id=443063688;subscriber=0;tmi-sent-ts=1566519552486;turbo=0;user-id=424124612;user-type= :leafjat!leafjat@leafjat.tmi.twitch.tv PRIVMSG #beringelamilgrau :salve
8/22/2019 9:19:13 PM: botfumante - Received: @badge-info=;badges=;color=;display-name=BotFumante;emote-sets=0;mod=0;subscriber=0;user-type= :tmi.twitch.tv USERSTATE #beringelamilgrau
8/22/2019 9:19:13 PM: botfumante - Received: @badge-info=;badges=moderator/1;color=#008000;display-name=TONYXZERO;emotes=;flags=;id=2eb9eadd-e996-4842-abc1-80afa697f065;mod=1;room-id=443063688;subscriber=0;tmi-sent-ts=1566519552879;turbo=0;user-id=38731171;user-type=mod :tonyxzero!tonyxzero@tonyxzero.tmi.twitch.tv PRIVMSG #beringelamilgrau :FeelsMan
8/22/2019 9:19:13 PM: botfumante - Received: @badge-info=;badges=moderator/1,partner/1;color=#7C7CE1;display-name=Nightbot;emotes=;flags=9-13:P.6/S.0;id=3fe0ee8a-a0e7-49f8-b453-8e372c05ca64;mod=1;room-id=443063688;subscriber=0;tmi-sent-ts=1566519553033;turbo=0;user-id=19264788;user-type=mod :nightbot!nightbot@nightbot.tmi.twitch.tv PRIVMSG #beringelamilgrau :Que man? porra de salve! ConcernFroge
8/22/2019 9:19:18 PM: botfumante - Received: @badge-info=;badges=;color=;display-name=joseantonio001;emotes=;flags=;id=f6b1ce17-0134-466f-b34e-21e385a5c398;mod=0;room-id=443063688;subscriber=0;tmi-sent-ts=1566519558338;turbo=0;user-id=157525923;user-type= :joseantonio001!joseantonio001@joseantonio001.tmi.twitch.tv PRIVMSG #beringelamilgrau :para de fala da minha propriedade
8/22/2019 9:19:50 PM: botfumante - Received: @badge-info=;badges=bits-charity/1;color=#DAA520;display-name=lucaesan;emotes=;flags=;id=9497af3f-031b-46de-a61a-60f9cc47bea3;mod=0;room-id=443063688;subscriber=0;tmi-sent-ts=1566519590675;turbo=0;user-id=167039036;user-type= :lucaesan!lucaesan@lucaesan.tmi.twitch.tv PRIVMSG #beringelamilgrau :come?a no come?o
