8/23/2019 8:24:39 PM: botfumante - Connecting to: wss://irc-ws.chat.twitch.tv:443
8/23/2019 8:24:41 PM: botfumante - Should be connected!
8/23/2019 8:24:41 PM: botfumante - Joining channel: beringelamilgrau
8/23/2019 8:24:41 PM: botfumante - Received: :tmi.twitch.tv 001 botfumante :Welcome, GLHF!
8/23/2019 8:24:41 PM: botfumante - Received: :tmi.twitch.tv 002 botfumante :Your host is tmi.twitch.tv
8/23/2019 8:24:41 PM: botfumante - Received: :tmi.twitch.tv 003 botfumante :This server is rather new
8/23/2019 8:24:41 PM: botfumante - Received: :tmi.twitch.tv 004 botfumante :-
8/23/2019 8:24:41 PM: botfumante - Received: :tmi.twitch.tv 375 botfumante :-
8/23/2019 8:24:41 PM: botfumante - Received: :tmi.twitch.tv 372 botfumante :You are in a maze of twisty passages, all alike.
8/23/2019 8:24:41 PM: botfumante - Received: :tmi.twitch.tv 376 botfumante :>
8/23/2019 8:24:41 PM: botfumante - Received: :tmi.twitch.tv CAP * ACK :twitch.tv/membership
8/23/2019 8:24:41 PM: botfumante - Unaccounted for: :tmi.twitch.tv CAP * ACK :twitch.tv/membership
8/23/2019 8:24:41 PM: botfumante - Received: :tmi.twitch.tv CAP * ACK :twitch.tv/commands
8/23/2019 8:24:41 PM: botfumante - Unaccounted for: :tmi.twitch.tv CAP * ACK :twitch.tv/commands
8/23/2019 8:24:41 PM: botfumante - Received: :tmi.twitch.tv CAP * ACK :twitch.tv/tags
8/23/2019 8:24:41 PM: botfumante - Unaccounted for: :tmi.twitch.tv CAP * ACK :twitch.tv/tags
8/23/2019 8:24:41 PM: botfumante - Received: :botfumante!botfumante@botfumante.tmi.twitch.tv JOIN #beringelamilgrau
8/23/2019 8:24:41 PM: botfumante - Received: @badge-info=;badges=;color=;display-name=BotFumante;emote-sets=0;mod=0;subscriber=0;user-type= :tmi.twitch.tv USERSTATE #beringelamilgrau
8/23/2019 8:24:41 PM: botfumante - Received: @emote-only=0;followers-only=-1;r9k=0;rituals=0;room-id=443063688;slow=0;subs-only=0 :tmi.twitch.tv ROOMSTATE #beringelamilgrau
8/23/2019 8:24:41 PM: botfumante - Received: :botfumante.tmi.twitch.tv 353 botfumante = #beringelamilgrau :botfumante nightbot s1faka ddanniell hisaagi tonyxzero beringelamilgrau jean__ streamlabs biravg electricallongboard commanderroot pedroazure 5uperted lurxx guillapre lucaesan calibrelordal alexisyuki laryyyyyy2ponto0 winsock
8/23/2019 8:24:41 PM: botfumante - Received: :botfumante.tmi.twitch.tv 366 botfumante #beringelamilgrau :End of /NAMES list
8/23/2019 8:24:41 PM: botfumante - Finished channel joining queue.
8/23/2019 8:24:42 PM: botfumante - Finished channel joining queue.
8/23/2019 8:24:55 PM: botfumante - Received: @badge-info=subscriber/2;badges=vip/1,subscriber/0,bits-charity/1;color=#5F9EA0;display-name=Jean__;emotes=;flags=;id=03174d1b-745b-49d8-87ea-9428dc3d0f9b;mod=0;room-id=443063688;subscriber=1;tmi-sent-ts=1566602693816;turbo=0;user-id=38479494;user-type= :jean__!jean__@jean__.tmi.twitch.tv PRIVMSG #beringelamilgrau :!real 36
8/23/2019 8:24:55 PM: botfumante - Received: @badge-info=;badges=;color=;display-name=BotFumante;emote-sets=0;mod=0;subscriber=0;user-type= :tmi.twitch.tv USERSTATE #beringelamilgrau
8/23/2019 8:25:02 PM: botfumante - Received: @badge-info=subscriber/2;badges=vip/1,subscriber/0,bits-charity/1;color=#5F9EA0;display-name=Jean__;emotes=;flags=;id=46110b61-3fb6-4ef5-a719-b12d994ac72c;mod=0;room-id=443063688;subscriber=1;tmi-sent-ts=1566602701688;turbo=0;user-id=38479494;user-type= :jean__!jean__@jean__.tmi.twitch.tv PRIVMSG #beringelamilgrau :monkaHmm
8/23/2019 8:25:03 PM: botfumante - Received: @badge-info=;badges=vip/1,premium/1;color=#D8FF00;display-name=guillapre;emotes=;flags=;id=914cf040-c5fa-4e77-983d-ba35392cbaac;mod=0;room-id=443063688;subscriber=0;tmi-sent-ts=1566602702714;turbo=0;user-id=157919745;user-type= :guillapre!guillapre@guillapre.tmi.twitch.tv PRIVMSG #beringelamilgrau :jogo bom em peepoSmoke
8/23/2019 8:25:05 PM: botfumante - Received: @badge-info=;badges=moderator/1;color=#008000;display-name=TONYXZERO;emotes=;flags=;id=0c042f67-33da-45f4-9508-7d9951256b67;mod=1;room-id=443063688;subscriber=0;tmi-sent-ts=1566602704065;turbo=0;user-id=38731171;user-type=mod :tonyxzero!tonyxzero@tonyxzero.tmi.twitch.tv PRIVMSG #beringelamilgrau :FeelsMan
