8/15/2019 3:27:55 PM: jean__ - Connecting to: wss://irc-ws.chat.twitch.tv:443
8/15/2019 3:27:56 PM: jean__ - Should be connected!
8/15/2019 3:27:56 PM: jean__ - Joining channel: beringelamilgrau
8/15/2019 3:27:57 PM: jean__ - Received: :tmi.twitch.tv 001 jean__ :Welcome, GLHF!
8/15/2019 3:27:57 PM: jean__ - Received: :tmi.twitch.tv 002 jean__ :Your host is tmi.twitch.tv
8/15/2019 3:27:57 PM: jean__ - Received: :tmi.twitch.tv 003 jean__ :This server is rather new
8/15/2019 3:27:57 PM: jean__ - Received: :tmi.twitch.tv 004 jean__ :-
8/15/2019 3:27:57 PM: jean__ - Received: :tmi.twitch.tv 375 jean__ :-
8/15/2019 3:27:57 PM: jean__ - Received: :tmi.twitch.tv 372 jean__ :You are in a maze of twisty passages, all alike.
8/15/2019 3:27:57 PM: jean__ - Received: :tmi.twitch.tv 376 jean__ :>
8/15/2019 3:27:57 PM: jean__ - Received: :tmi.twitch.tv CAP * ACK :twitch.tv/membership
8/15/2019 3:27:57 PM: jean__ - Unaccounted for: :tmi.twitch.tv CAP * ACK :twitch.tv/membership
8/15/2019 3:27:57 PM: jean__ - Received: :tmi.twitch.tv CAP * ACK :twitch.tv/commands
8/15/2019 3:27:57 PM: jean__ - Unaccounted for: :tmi.twitch.tv CAP * ACK :twitch.tv/commands
8/15/2019 3:27:57 PM: jean__ - Received: :tmi.twitch.tv CAP * ACK :twitch.tv/tags
8/15/2019 3:27:57 PM: jean__ - Unaccounted for: :tmi.twitch.tv CAP * ACK :twitch.tv/tags
8/15/2019 3:27:57 PM: jean__ - Received: :jean__!jean__@jean__.tmi.twitch.tv JOIN #beringelamilgrau
8/15/2019 3:27:57 PM: jean__ - Received: :jean__.tmi.twitch.tv 353 jean__ = #beringelamilgrau :jean__
8/15/2019 3:27:57 PM: jean__ - Received: :jean__.tmi.twitch.tv 366 jean__ #beringelamilgrau :End of /NAMES list
8/15/2019 3:27:57 PM: jean__ - Finished channel joining queue.
8/15/2019 3:27:57 PM: jean__ - Received: @badge-info=subscriber/2;badges=moderator/1,subscriber/0,bits-charity/1;color=#5F9EA0;display-name=Jean__;emote-sets=0,412472,300319631;mod=1;subscriber=1;user-type=mod :tmi.twitch.tv USERSTATE #beringelamilgrau
8/15/2019 3:27:57 PM: jean__ - Received: @emote-only=0;followers-only=-1;r9k=0;rituals=0;room-id=443063688;slow=0;subs-only=0 :tmi.twitch.tv ROOMSTATE #beringelamilgrau
8/15/2019 3:27:57 PM: jean__ - Finished channel joining queue.
8/15/2019 3:27:58 PM: jean__ - Received: @badge-info=;badges=bits-charity/1;color=#FF0000;display-name=20kilo;emotes=;flags=0-4:P.6/S.6;id=88e97955-4681-4edd-96dd-01926de44f29;mod=0;room-id=443063688;subscriber=0;tmi-sent-ts=1565893678048;turbo=0;user-id=164000205;user-type= :20kilo!20kilo@20kilo.tmi.twitch.tv PRIVMSG #beringelamilgrau :carai
8/15/2019 3:28:02 PM: jean__ - Received: @badge-info=subscriber/2;badges=moderator/1,subscriber/0,bits-charity/1;color=#5F9EA0;display-name=Jean__;emote-sets=0,412472,300319631;mod=1;subscriber=1;user-type=mod :tmi.twitch.tv USERSTATE #beringelamilgrau
8/15/2019 3:28:03 PM: jean__ - Received: @badge-info=;badges=moderator/1,partner/1;color=#7C7CE1;display-name=Nightbot;emotes=;flags=;id=e3577b95-aa67-4930-aa71-83f03e66f55a;mod=1;room-id=443063688;subscriber=0;tmi-sent-ts=1565893683203;turbo=0;user-id=19264788;user-type=mod :nightbot!nightbot@nightbot.tmi.twitch.tv PRIVMSG #beringelamilgrau :Successfully modified entry #1
8/15/2019 3:28:05 PM: jean__ - Received: @badge-info=subscriber/2;badges=moderator/1,subscriber/0,bits-charity/1;color=#5F9EA0;display-name=Jean__;emote-sets=0,412472,300319631;mod=1;subscriber=1;user-type=mod :tmi.twitch.tv USERSTATE #beringelamilgrau
8/15/2019 3:28:07 PM: jean__ - Received: @badge-info=subscriber/2;badges=moderator/1,subscriber/0,bits-charity/1;color=#5F9EA0;display-name=Jean__;emotes=;flags=;id=30bdafc5-efe1-4ff0-b1d1-fef30b02fd8b;mod=1;room-id=443063688;subscriber=1;tmi-sent-ts=1565893686782;turbo=0;user-id=38479494;user-type=mod :jean__!jean__@jean__.tmi.twitch.tv PRIVMSG #beringelamilgrau :vai come?ar o flood FeelsOkayMan
8/15/2019 3:28:08 PM: jean__ - Received: @badge-info=subscriber/2;badges=moderator/1,subscriber/0,bits-charity/1;color=#5F9EA0;display-name=Jean__;emote-sets=0,412472,300319631;mod=1;subscriber=1;user-type=mod :tmi.twitch.tv USERSTATE #beringelamilgrau
8/15/2019 3:28:08 PM: jean__ - Received: @badge-info=;badges=moderator/1,partner/1;color=#7C7CE1;display-name=Nightbot;emotes=;flags=;id=f00cfeb9-f689-495e-bf3a-ac570d5ae37a;mod=1;room-id=443063688;subscriber=0;tmi-sent-ts=1565893688502;turbo=0;user-id=19264788;user-type=mod :nightbot!nightbot@nightbot.tmi.twitch.tv PRIVMSG #beringelamilgrau :Successfully modified entry #3
8/15/2019 3:28:10 PM: jean__ - Received: @badge-info=subscriber/2;badges=moderator/1,subscriber/0,bits-charity/1;color=#5F9EA0;display-name=Jean__;emote-sets=0,412472,300319631;mod=1;subscriber=1;user-type=mod :tmi.twitch.tv USERSTATE #beringelamilgrau
8/15/2019 3:28:13 PM: jean__ - Received: @badge-info=subscriber/2;badges=moderator/1,subscriber/0,bits-charity/1;color=#5F9EA0;display-name=Jean__;emote-sets=0,412472,300319631;mod=1;subscriber=1;user-type=mod :tmi.twitch.tv USERSTATE #beringelamilgrau
8/15/2019 3:28:13 PM: jean__ - Received: @badge-info=;badges=moderator/1,partner/1;color=#7C7CE1;display-name=Nightbot;emotes=;flags=;id=a94a238f-8569-405e-b735-b37227cf7050;mod=1;room-id=443063688;subscriber=0;tmi-sent-ts=1565893693549;turbo=0;user-id=19264788;user-type=mod :nightbot!nightbot@nightbot.tmi.twitch.tv PRIVMSG #beringelamilgrau :Successfully modified entry #5
8/15/2019 3:28:15 PM: jean__ - Received: @badge-info=subscriber/2;badges=moderator/1,subscriber/0,bits-charity/1;color=#5F9EA0;display-name=Jean__;emote-sets=0,412472,300319631;mod=1;subscriber=1;user-type=mod :tmi.twitch.tv USERSTATE #beringelamilgrau
8/15/2019 3:28:17 PM: jean__ - Received: @badge-info=;badges=bits-charity/1;color=#FF0000;display-name=20kilo;emotes=;flags=;id=1b6394ab-6a62-413f-b8e9-d4b8c0305684;mod=0;room-id=443063688;subscriber=0;tmi-sent-ts=1565893697533;turbo=0;user-id=164000205;user-type= :20kilo!20kilo@20kilo.tmi.twitch.tv PRIVMSG #beringelamilgrau :uns streamer famoso me seguiram ae
8/15/2019 3:28:17 PM: jean__ - Received: @badge-info=subscriber/2;badges=moderator/1,subscriber/0,bits-charity/1;color=#5F9EA0;display-name=Jean__;emote-sets=0,412472,300319631;mod=1;subscriber=1;user-type=mod :tmi.twitch.tv USERSTATE #beringelamilgrau
8/15/2019 3:28:20 PM: jean__ - Received: @badge-info=subscriber/2;badges=moderator/1,subscriber/0,bits-charity/1;color=#5F9EA0;display-name=Jean__;emote-sets=0,412472,300319631;mod=1;subscriber=1;user-type=mod :tmi.twitch.tv USERSTATE #beringelamilgrau
8/15/2019 3:28:21 PM: jean__ - Received: @badge-info=;badges=moderator/1,partner/1;color=#7C7CE1;display-name=Nightbot;emotes=;flags=;id=56a655e6-b325-4905-9b9a-c7b86d4263fe;mod=1;room-id=443063688;subscriber=0;tmi-sent-ts=1565893700950;turbo=0;user-id=19264788;user-type=mod :nightbot!nightbot@nightbot.tmi.twitch.tv PRIVMSG #beringelamilgrau :Successfully modified entry #8
8/15/2019 3:28:23 PM: jean__ - Received: @badge-info=subscriber/2;badges=moderator/1,subscriber/0,bits-charity/1;color=#5F9EA0;display-name=Jean__;emote-sets=0,412472,300319631;mod=1;subscriber=1;user-type=mod :tmi.twitch.tv USERSTATE #beringelamilgrau
8/15/2019 3:28:23 PM: jean__ - Received: @badge-info=subscriber/2;badges=moderator/1,subscriber/0,bits-charity/1;color=#5F9EA0;display-name=Jean__;emotes=;flags=;id=5cf592fc-7574-4c2e-9c98-823ae7d82601;mod=1;room-id=443063688;subscriber=1;tmi-sent-ts=1565893702802;turbo=0;user-id=38479494;user-type=mod :jean__!jean__@jean__.tmi.twitch.tv PRIVMSG #beringelamilgrau :HACKERMANS
8/15/2019 3:28:25 PM: jean__ - Received: @badge-info=subscriber/2;badges=moderator/1,subscriber/0,bits-charity/1;color=#5F9EA0;display-name=Jean__;emote-sets=0,412472,300319631;mod=1;subscriber=1;user-type=mod :tmi.twitch.tv USERSTATE #beringelamilgrau
8/15/2019 3:28:28 PM: jean__ - Received: @badge-info=subscriber/2;badges=moderator/1,subscriber/0,bits-charity/1;color=#5F9EA0;display-name=Jean__;emote-sets=0,412472,300319631;mod=1;subscriber=1;user-type=mod :tmi.twitch.tv USERSTATE #beringelamilgrau
8/15/2019 3:28:28 PM: jean__ - Received: @badge-info=;badges=moderator/1,partner/1;color=#7C7CE1;display-name=Nightbot;emotes=;flags=;id=a0bff96a-7b12-4843-a26f-7844f9ff4bce;mod=1;room-id=443063688;subscriber=0;tmi-sent-ts=1565893708482;turbo=0;user-id=19264788;user-type=mod :nightbot!nightbot@nightbot.tmi.twitch.tv PRIVMSG #beringelamilgrau :Successfully modified entry #11
8/15/2019 3:28:30 PM: jean__ - Received: @badge-info=subscriber/1;badges=moderator/1,subscriber/0,overwatch-league-insider_2019A/1;color=#FF0000;display-name=themalkavianx;emotes=;flags=;id=bbbce26a-448c-41f5-9773-a36a2f001061;mod=1;room-id=443063688;subscriber=1;tmi-sent-ts=1565893710111;turbo=0;user-id=5650408;user-type=mod :themalkavianx!themalkavianx@themalkavianx.tmi.twitch.tv PRIVMSG #beringelamilgrau :!tiro
8/15/2019 3:28:30 PM: jean__ - Received: @badge-info=subscriber/2;badges=moderator/1,subscriber/0,bits-charity/1;color=#5F9EA0;display-name=Jean__;emote-sets=0,412472,300319631;mod=1;subscriber=1;user-type=mod :tmi.twitch.tv USERSTATE #beringelamilgrau
8/15/2019 3:28:33 PM: jean__ - Received: @badge-info=subscriber/2;badges=moderator/1,subscriber/0,bits-charity/1;color=#5F9EA0;display-name=Jean__;emote-sets=0,412472,300319631;mod=1;subscriber=1;user-type=mod :tmi.twitch.tv USERSTATE #beringelamilgrau
8/15/2019 3:28:35 PM: jean__ - Received: @badge-info=subscriber/2;badges=moderator/1,subscriber/0,bits-charity/1;color=#5F9EA0;display-name=Jean__;emote-sets=0,412472,300319631;mod=1;subscriber=1;user-type=mod :tmi.twitch.tv USERSTATE #beringelamilgrau
8/15/2019 3:28:36 PM: jean__ - Received: @badge-info=;badges=moderator/1,partner/1;color=#7C7CE1;display-name=Nightbot;emotes=;flags=;id=3f865b9a-fd4b-451f-bcef-0901f2955909;mod=1;room-id=443063688;subscriber=0;tmi-sent-ts=1565893715990;turbo=0;user-id=19264788;user-type=mod :nightbot!nightbot@nightbot.tmi.twitch.tv PRIVMSG #beringelamilgrau :Successfully modified entry #14
8/15/2019 3:28:37 PM: jean__ - Received: @badge-info=subscriber/2;badges=moderator/1,subscriber/0,bits-charity/1;color=#5F9EA0;display-name=Jean__;emotes=;flags=;id=c47d1dcf-d396-483e-9a94-689cae2e728d;mod=1;room-id=443063688;subscriber=1;tmi-sent-ts=1565893717006;turbo=0;user-id=38479494;user-type=mod :jean__!jean__@jean__.tmi.twitch.tv PRIVMSG #beringelamilgrau :da tiro nao monkaGun
8/15/2019 3:28:38 PM: jean__ - Received: @badge-info=subscriber/2;badges=moderator/1,subscriber/0,bits-charity/1;color=#5F9EA0;display-name=Jean__;emote-sets=0,412472,300319631;mod=1;subscriber=1;user-type=mod :tmi.twitch.tv USERSTATE #beringelamilgrau
8/15/2019 3:28:40 PM: jean__ - Received: @badge-info=subscriber/2;badges=moderator/1,subscriber/0,bits-charity/1;color=#5F9EA0;display-name=Jean__;emote-sets=0,412472,300319631;mod=1;subscriber=1;user-type=mod :tmi.twitch.tv USERSTATE #beringelamilgrau
8/15/2019 3:28:41 PM: jean__ - Received: @badge-info=;badges=moderator/1,partner/1;color=#7C7CE1;display-name=Nightbot;emotes=;flags=;id=24a1f805-1f1a-42b5-9fad-5417d8497d79;mod=1;room-id=443063688;subscriber=0;tmi-sent-ts=1565893720989;turbo=0;user-id=19264788;user-type=mod :nightbot!nightbot@nightbot.tmi.twitch.tv PRIVMSG #beringelamilgrau :Successfully modified entry #16
8/15/2019 3:28:43 PM: jean__ - Received: @badge-info=subscriber/2;badges=moderator/1,subscriber/0,bits-charity/1;color=#5F9EA0;display-name=Jean__;emote-sets=0,412472,300319631;mod=1;subscriber=1;user-type=mod :tmi.twitch.tv USERSTATE #beringelamilgrau
