8/23/2019 6:42:08 PM: bot_stay_high - Connecting to: wss://irc-ws.chat.twitch.tv:443
8/23/2019 6:42:10 PM: bot_stay_high - Should be connected!
8/23/2019 6:42:10 PM: bot_stay_high - Joining channel: beringelamilgrau
8/23/2019 6:42:10 PM: bot_stay_high - Received: :tmi.twitch.tv 001 bot_stay_high :Welcome, GLHF!
8/23/2019 6:42:10 PM: bot_stay_high - Received: :tmi.twitch.tv 002 bot_stay_high :Your host is tmi.twitch.tv
8/23/2019 6:42:10 PM: bot_stay_high - Received: :tmi.twitch.tv 003 bot_stay_high :This server is rather new
8/23/2019 6:42:10 PM: bot_stay_high - Received: :tmi.twitch.tv 004 bot_stay_high :-
8/23/2019 6:42:10 PM: bot_stay_high - Received: :tmi.twitch.tv 375 bot_stay_high :-
8/23/2019 6:42:10 PM: bot_stay_high - Received: :tmi.twitch.tv 372 bot_stay_high :You are in a maze of twisty passages, all alike.
8/23/2019 6:42:10 PM: bot_stay_high - Received: :tmi.twitch.tv 376 bot_stay_high :>
8/23/2019 6:42:10 PM: bot_stay_high - Received: :tmi.twitch.tv CAP * ACK :twitch.tv/membership
8/23/2019 6:42:10 PM: bot_stay_high - Unaccounted for: :tmi.twitch.tv CAP * ACK :twitch.tv/membership
8/23/2019 6:42:10 PM: bot_stay_high - Received: :tmi.twitch.tv CAP * ACK :twitch.tv/commands
8/23/2019 6:42:10 PM: bot_stay_high - Unaccounted for: :tmi.twitch.tv CAP * ACK :twitch.tv/commands
8/23/2019 6:42:11 PM: bot_stay_high - Received: :tmi.twitch.tv CAP * ACK :twitch.tv/tags
8/23/2019 6:42:11 PM: bot_stay_high - Unaccounted for: :tmi.twitch.tv CAP * ACK :twitch.tv/tags
8/23/2019 6:42:11 PM: bot_stay_high - Received: :bot_stay_high!bot_stay_high@bot_stay_high.tmi.twitch.tv JOIN #beringelamilgrau
8/23/2019 6:42:11 PM: bot_stay_high - Received: :bot_stay_high.tmi.twitch.tv 353 bot_stay_high = #beringelamilgrau :bot_stay_high
8/23/2019 6:42:11 PM: bot_stay_high - Received: :bot_stay_high.tmi.twitch.tv 366 bot_stay_high #beringelamilgrau :End of /NAMES list
8/23/2019 6:42:11 PM: bot_stay_high - Finished channel joining queue.
8/23/2019 6:42:11 PM: bot_stay_high - Received: @badge-info=;badges=;color=;display-name=bot_stay_high;emote-sets=0;mod=0;subscriber=0;user-type= :tmi.twitch.tv USERSTATE #beringelamilgrau
8/23/2019 6:42:11 PM: bot_stay_high - Received: @emote-only=0;followers-only=-1;r9k=0;rituals=0;room-id=443063688;slow=0;subs-only=0 :tmi.twitch.tv ROOMSTATE #beringelamilgrau
8/23/2019 6:42:11 PM: bot_stay_high - Finished channel joining queue.
8/23/2019 6:42:16 PM: bot_stay_high - Received: @badge-info=subscriber/2;badges=vip/1,subscriber/0,bits-charity/1;color=#5F9EA0;display-name=Jean__;emotes=;flags=;id=dfc80994-18b1-4d61-a423-e868a93f1144;mod=0;room-id=443063688;subscriber=1;tmi-sent-ts=1566596534927;turbo=0;user-id=38479494;user-type= :jean__!jean__@jean__.tmi.twitch.tv PRIVMSG #beringelamilgrau :!maluco !price gta
8/23/2019 6:42:16 PM: bot_stay_high - Received: @badge-info=;badges=moderator/1,partner/1;color=#7C7CE1;display-name=Nightbot;emotes=;flags=26-36:P.5;id=a9c8e303-ddfa-4185-ad8f-bcff10a9cd70;mod=1;room-id=443063688;subscriber=0;tmi-sent-ts=1566596535335;turbo=0;user-id=19264788;user-type=mod :nightbot!nightbot@nightbot.tmi.twitch.tv PRIVMSG #beringelamilgrau :!price gta , tu ta maluco pra caralho merm?o! Pepega
8/23/2019 6:42:17 PM: bot_stay_high - Received: @badge-info=;badges=;color=;display-name=bot_stay_high;emote-sets=0;mod=0;subscriber=0;user-type= :tmi.twitch.tv USERSTATE #beringelamilgrau
8/23/2019 6:42:21 PM: bot_stay_high - Received: :electricallongboard!electricallongboard@electricallongboard.tmi.twitch.tv JOIN #beringelamilgrau
8/23/2019 6:42:21 PM: bot_stay_high - Received: :pedroazure!pedroazure@pedroazure.tmi.twitch.tv JOIN #beringelamilgrau
8/23/2019 6:42:21 PM: bot_stay_high - Received: :alexisyuki!alexisyuki@alexisyuki.tmi.twitch.tv JOIN #beringelamilgrau
8/23/2019 6:42:21 PM: bot_stay_high - Received: :s1faka!s1faka@s1faka.tmi.twitch.tv JOIN #beringelamilgrau
8/23/2019 6:42:21 PM: bot_stay_high - Received: :nightbot!nightbot@nightbot.tmi.twitch.tv JOIN #beringelamilgrau
8/23/2019 6:42:21 PM: bot_stay_high - Received: :jcfleal!jcfleal@jcfleal.tmi.twitch.tv JOIN #beringelamilgrau
8/23/2019 6:42:21 PM: bot_stay_high - Received: :ddanniell!ddanniell@ddanniell.tmi.twitch.tv JOIN #beringelamilgrau
8/23/2019 6:42:21 PM: bot_stay_high - Received: :leafjat!leafjat@leafjat.tmi.twitch.tv JOIN #beringelamilgrau
8/23/2019 6:42:21 PM: bot_stay_high - Received: :jean__!jean__@jean__.tmi.twitch.tv JOIN #beringelamilgrau
8/23/2019 6:42:21 PM: bot_stay_high - Received: :malebouja4!malebouja4@malebouja4.tmi.twitch.tv JOIN #beringelamilgrau
8/23/2019 6:42:21 PM: bot_stay_high - Received: :lurxx!lurxx@lurxx.tmi.twitch.tv JOIN #beringelamilgrau
8/23/2019 6:42:21 PM: bot_stay_high - Received: :tonyxzero!tonyxzero@tonyxzero.tmi.twitch.tv JOIN #beringelamilgrau
8/23/2019 6:42:21 PM: bot_stay_high - Received: :commanderroot!commanderroot@commanderroot.tmi.twitch.tv JOIN #beringelamilgrau
8/23/2019 6:42:21 PM: bot_stay_high - Received: :themalkavianx!themalkavianx@themalkavianx.tmi.twitch.tv JOIN #beringelamilgrau
8/23/2019 6:42:21 PM: bot_stay_high - Received: :hisaagi!hisaagi@hisaagi.tmi.twitch.tv JOIN #beringelamilgrau
8/23/2019 6:42:21 PM: bot_stay_high - Received: :michelle_rezende!michelle_rezende@michelle_rezende.tmi.twitch.tv JOIN #beringelamilgrau
8/23/2019 6:42:21 PM: bot_stay_high - Received: :lactuca_sativa!lactuca_sativa@lactuca_sativa.tmi.twitch.tv JOIN #beringelamilgrau
8/23/2019 6:42:21 PM: bot_stay_high - Received: :beringelamilgrau!beringelamilgrau@beringelamilgrau.tmi.twitch.tv JOIN #beringelamilgrau
8/23/2019 6:42:21 PM: bot_stay_high - Received: :robertonogueira!robertonogueira@robertonogueira.tmi.twitch.tv JOIN #beringelamilgrau
8/23/2019 6:42:21 PM: bot_stay_high - Received: :botfumante!botfumante@botfumante.tmi.twitch.tv JOIN #beringelamilgrau
8/23/2019 6:42:21 PM: bot_stay_high - Received: :streamlabs!streamlabs@streamlabs.tmi.twitch.tv JOIN #beringelamilgrau
8/23/2019 6:42:21 PM: bot_stay_high - Received: :hostmeraffle!hostmeraffle@hostmeraffle.tmi.twitch.tv JOIN #beringelamilgrau
8/23/2019 6:42:22 PM: bot_stay_high - Received: @badge-info=subscriber/2;badges=vip/1,subscriber/0,bits-charity/1;color=#5F9EA0;display-name=Jean__;emotes=;flags=;id=d6dfef70-d262-49d2-95de-e3716691168f;mod=0;room-id=443063688;subscriber=1;tmi-sent-ts=1566596541580;turbo=0;user-id=38479494;user-type= :jean__!jean__@jean__.tmi.twitch.tv PRIVMSG #beringelamilgrau :FeelsMan
