8/23/2019 7:59:02 PM: bot_stay_high - Connecting to: wss://irc-ws.chat.twitch.tv:443
8/23/2019 7:59:03 PM: bot_stay_high - Should be connected!
8/23/2019 7:59:03 PM: bot_stay_high - Joining channel: beringelamilgrau
8/23/2019 7:59:04 PM: bot_stay_high - Received: :tmi.twitch.tv 001 bot_stay_high :Welcome, GLHF!
8/23/2019 7:59:04 PM: bot_stay_high - Received: :tmi.twitch.tv 002 bot_stay_high :Your host is tmi.twitch.tv
8/23/2019 7:59:04 PM: bot_stay_high - Received: :tmi.twitch.tv 003 bot_stay_high :This server is rather new
8/23/2019 7:59:04 PM: bot_stay_high - Received: :tmi.twitch.tv 004 bot_stay_high :-
8/23/2019 7:59:04 PM: bot_stay_high - Received: :tmi.twitch.tv 375 bot_stay_high :-
8/23/2019 7:59:04 PM: bot_stay_high - Received: :tmi.twitch.tv 372 bot_stay_high :You are in a maze of twisty passages, all alike.
8/23/2019 7:59:04 PM: bot_stay_high - Received: :tmi.twitch.tv 376 bot_stay_high :>
8/23/2019 7:59:04 PM: bot_stay_high - Received: :tmi.twitch.tv CAP * ACK :twitch.tv/membership
8/23/2019 7:59:04 PM: bot_stay_high - Unaccounted for: :tmi.twitch.tv CAP * ACK :twitch.tv/membership
8/23/2019 7:59:04 PM: bot_stay_high - Received: :tmi.twitch.tv CAP * ACK :twitch.tv/commands
8/23/2019 7:59:04 PM: bot_stay_high - Unaccounted for: :tmi.twitch.tv CAP * ACK :twitch.tv/commands
8/23/2019 7:59:04 PM: bot_stay_high - Received: :tmi.twitch.tv CAP * ACK :twitch.tv/tags
8/23/2019 7:59:04 PM: bot_stay_high - Unaccounted for: :tmi.twitch.tv CAP * ACK :twitch.tv/tags
8/23/2019 7:59:04 PM: bot_stay_high - Received: :bot_stay_high!bot_stay_high@bot_stay_high.tmi.twitch.tv JOIN #beringelamilgrau
8/23/2019 7:59:04 PM: bot_stay_high - Received: :bot_stay_high.tmi.twitch.tv 353 bot_stay_high = #beringelamilgrau :bot_stay_high
8/23/2019 7:59:04 PM: bot_stay_high - Received: :bot_stay_high.tmi.twitch.tv 366 bot_stay_high #beringelamilgrau :End of /NAMES list
8/23/2019 7:59:04 PM: bot_stay_high - Finished channel joining queue.
8/23/2019 7:59:04 PM: bot_stay_high - Received: @badge-info=;badges=;color=;display-name=bot_stay_high;emote-sets=0;mod=0;subscriber=0;user-type= :tmi.twitch.tv USERSTATE #beringelamilgrau
8/23/2019 7:59:04 PM: bot_stay_high - Received: @emote-only=0;followers-only=-1;r9k=0;rituals=0;room-id=443063688;slow=0;subs-only=0 :tmi.twitch.tv ROOMSTATE #beringelamilgrau
8/23/2019 7:59:04 PM: bot_stay_high - Received: @badge-info=;badges=premium/1;color=#34B16F;display-name=leafjat;emotes=;flags=;id=005f3933-0d94-4624-8ed2-6a9bcbb0daf0;mod=0;room-id=443063688;subscriber=0;tmi-sent-ts=1566601143191;turbo=0;user-id=424124612;user-type= :leafjat!leafjat@leafjat.tmi.twitch.tv PRIVMSG #beringelamilgrau :entrei e gostei
8/23/2019 7:59:04 PM: bot_stay_high - Finished channel joining queue.
8/23/2019 7:59:09 PM: bot_stay_high - Received: @badge-info=subscriber/2;badges=vip/1,subscriber/0,bits-charity/1;color=#5F9EA0;display-name=Jean__;emotes=;flags=;id=fe15fb50-f70f-4d79-a36c-b15c5cc53f63;mod=0;room-id=443063688;subscriber=1;tmi-sent-ts=1566601148022;turbo=0;user-id=38479494;user-type= :jean__!jean__@jean__.tmi.twitch.tv PRIVMSG #beringelamilgrau :!alturadaellens FeelsOkayMan
8/23/2019 7:59:09 PM: bot_stay_high - Received: @badge-info=;badges=;color=;display-name=bot_stay_high;emote-sets=0;mod=0;subscriber=0;user-type= :tmi.twitch.tv USERSTATE #beringelamilgrau
8/23/2019 7:59:19 PM: bot_stay_high - Received: @badge-info=;badges=vip/1;color=#008000;display-name=Hisaagi;emotes=;flags=;id=f3093897-9bd2-406b-a236-fbee4e8d506b;mod=0;room-id=443063688;subscriber=0;tmi-sent-ts=1566601157981;turbo=0;user-id=137774469;user-type= :hisaagi!hisaagi@hisaagi.tmi.twitch.tv PRIVMSG #beringelamilgrau :s? se tiver foto do doug?o sem camisa FeelsOkayMan
8/23/2019 7:59:36 PM: bot_stay_high - Received: @badge-info=;badges=moderator/1;color=#008000;display-name=TONYXZERO;emotes=;flags=;id=3cf94912-5edc-46c4-a2c5-23b340632729;mod=1;room-id=443063688;subscriber=0;tmi-sent-ts=1566601174845;turbo=0;user-id=38731171;user-type=mod :tonyxzero!tonyxzero@tonyxzero.tmi.twitch.tv PRIVMSG #beringelamilgrau :Pera, a Jolyne n tem essa altura??? OhISee
8/23/2019 7:59:53 PM: bot_stay_high - Received: :lactuca_sativa!lactuca_sativa@lactuca_sativa.tmi.twitch.tv JOIN #beringelamilgrau
8/23/2019 7:59:53 PM: bot_stay_high - Received: :beringelamilgrau!beringelamilgrau@beringelamilgrau.tmi.twitch.tv JOIN #beringelamilgrau
8/23/2019 7:59:53 PM: bot_stay_high - Received: :hisaagi!hisaagi@hisaagi.tmi.twitch.tv JOIN #beringelamilgrau
8/23/2019 7:59:53 PM: bot_stay_high - Received: :guillapre!guillapre@guillapre.tmi.twitch.tv JOIN #beringelamilgrau
8/23/2019 7:59:53 PM: bot_stay_high - Received: :lucaesan!lucaesan@lucaesan.tmi.twitch.tv JOIN #beringelamilgrau
8/23/2019 7:59:53 PM: bot_stay_high - Received: :leafjat!leafjat@leafjat.tmi.twitch.tv JOIN #beringelamilgrau
8/23/2019 7:59:53 PM: bot_stay_high - Received: :lurxx!lurxx@lurxx.tmi.twitch.tv JOIN #beringelamilgrau
8/23/2019 7:59:53 PM: bot_stay_high - Received: :pedroazure!pedroazure@pedroazure.tmi.twitch.tv JOIN #beringelamilgrau
8/23/2019 7:59:53 PM: bot_stay_high - Received: :electricallongboard!electricallongboard@electricallongboard.tmi.twitch.tv JOIN #beringelamilgrau
8/23/2019 7:59:53 PM: bot_stay_high - Received: :botfumante!botfumante@botfumante.tmi.twitch.tv JOIN #beringelamilgrau
8/23/2019 7:59:53 PM: bot_stay_high - Received: :s1faka!s1faka@s1faka.tmi.twitch.tv JOIN #beringelamilgrau
8/23/2019 7:59:53 PM: bot_stay_high - Received: :jean__!jean__@jean__.tmi.twitch.tv JOIN #beringelamilgrau
8/23/2019 7:59:53 PM: bot_stay_high - Received: :alexisyuki!alexisyuki@alexisyuki.tmi.twitch.tv JOIN #beringelamilgrau
8/23/2019 7:59:53 PM: bot_stay_high - Received: :commanderroot!commanderroot@commanderroot.tmi.twitch.tv JOIN #beringelamilgrau
8/23/2019 7:59:53 PM: bot_stay_high - Received: :winsock!winsock@winsock.tmi.twitch.tv JOIN #beringelamilgrau
8/23/2019 7:59:53 PM: bot_stay_high - Received: :raphaelssk!raphaelssk@raphaelssk.tmi.twitch.tv JOIN #beringelamilgrau
8/23/2019 7:59:53 PM: bot_stay_high - Received: :nightbot!nightbot@nightbot.tmi.twitch.tv JOIN #beringelamilgrau
8/23/2019 7:59:53 PM: bot_stay_high - Received: :calibrelordal!calibrelordal@calibrelordal.tmi.twitch.tv JOIN #beringelamilgrau
8/23/2019 7:59:53 PM: bot_stay_high - Received: :ddanniell!ddanniell@ddanniell.tmi.twitch.tv JOIN #beringelamilgrau
8/23/2019 7:59:53 PM: bot_stay_high - Received: :hostmeraffle!hostmeraffle@hostmeraffle.tmi.twitch.tv JOIN #beringelamilgrau
8/23/2019 7:59:53 PM: bot_stay_high - Received: :tonyxzero!tonyxzero@tonyxzero.tmi.twitch.tv JOIN #beringelamilgrau
8/23/2019 7:59:53 PM: bot_stay_high - Received: :5uperted!5uperted@5uperted.tmi.twitch.tv JOIN #beringelamilgrau
8/23/2019 7:59:53 PM: bot_stay_high - Received: :streamlabs!streamlabs@streamlabs.tmi.twitch.tv JOIN #beringelamilgrau
8/23/2019 7:59:57 PM: bot_stay_high - Received: @badge-info=;badges=moderator/1,partner/1;color=#2E8B57;display-name=CalibreLordal;emotes=;flags=;id=fab8ab0d-616e-47e6-bba0-98ba71aa3fce;mod=1;room-id=443063688;subscriber=0;tmi-sent-ts=1566601196703;turbo=0;user-id=94381006;user-type=mod :calibrelordal!calibrelordal@calibrelordal.tmi.twitch.tv PRIVMSG #beringelamilgrau :mandei no discord pq eu nao sei mandar whisper pelo twitch
8/23/2019 7:59:59 PM: bot_stay_high - Received: @badge-info=;badges=moderator/1,partner/1;color=#2E8B57;display-name=CalibreLordal;emotes=;flags=;id=3d631e04-b800-4756-9bb6-853723bee1d2;mod=1;room-id=443063688;subscriber=0;tmi-sent-ts=1566601198052;turbo=0;user-id=94381006;user-type=mod :calibrelordal!calibrelordal@calibrelordal.tmi.twitch.tv PRIVMSG #beringelamilgrau :FeelsMan
8/23/2019 8:00:04 PM: bot_stay_high - Received: @badge-info=;badges=moderator/1;color=#008000;display-name=TONYXZERO;emotes=;flags=;id=9f5008c8-6c5e-42af-8a00-5c03c405980d;mod=1;room-id=443063688;subscriber=0;tmi-sent-ts=1566601202943;turbo=0;user-id=38731171;user-type=mod :tonyxzero!tonyxzero@tonyxzero.tmi.twitch.tv PRIVMSG #beringelamilgrau :FeelsMan
8/23/2019 8:00:16 PM: bot_stay_high - Received: @badge-info=;badges=moderator/1;color=#008000;display-name=TONYXZERO;emotes=;flags=;id=e66a002c-ed27-443b-8d3b-e5d43375d968;mod=1;room-id=443063688;subscriber=0;tmi-sent-ts=1566601215434;turbo=0;user-id=38731171;user-type=mod :tonyxzero!tonyxzero@tonyxzero.tmi.twitch.tv PRIVMSG #beringelamilgrau :? 174 a altura da Jolyne peepoSip
8/23/2019 8:00:22 PM: bot_stay_high - Received: @badge-info=;badges=moderator/1,partner/1;color=#7C7CE1;display-name=Nightbot;emotes=1772890:0-7,62-69;flags=;id=9de82e53-4212-46ff-8440-d4383b97c387;mod=1;room-id=443063688;subscriber=0;tmi-sent-ts=1566601220236;turbo=0;user-id=19264788;user-type=mod :nightbot!nightbot@nightbot.tmi.twitch.tv PRIVMSG #beringelamilgrau :lordsSip Olha ai rap?, t? na hora de se hidratar! tomele ?gua lordsSip
8/23/2019 8:00:27 PM: bot_stay_high - Received: @badge-info=;badges=moderator/1;color=#008000;display-name=TONYXZERO;emotes=;flags=;id=7e114c44-0691-4649-bf48-e05b34001562;mod=1;room-id=443063688;subscriber=0;tmi-sent-ts=1566601226237;turbo=0;user-id=38731171;user-type=mod :tonyxzero!tonyxzero@tonyxzero.tmi.twitch.tv PRIVMSG #beringelamilgrau :FeelsOkayMan
8/23/2019 8:00:27 PM: bot_stay_high - Received: @badge-info=;badges=vip/1;color=#008000;display-name=Hisaagi;emotes=;flags=;id=247754fb-ee8e-447a-834f-f4b2956adade;mod=0;room-id=443063688;subscriber=0;tmi-sent-ts=1566601226519;turbo=0;user-id=137774469;user-type= :hisaagi!hisaagi@hisaagi.tmi.twitch.tv PRIVMSG #beringelamilgrau :ela tem a minha altura peepoSip
8/23/2019 8:00:28 PM: bot_stay_high - Received: @badge-info=;badges=moderator/1,partner/1;color=#2E8B57;display-name=CalibreLordal;emotes=;flags=;id=39d2efbd-1562-46de-9479-cb2b81f0351c;mod=1;room-id=443063688;subscriber=0;tmi-sent-ts=1566601227753;turbo=0;user-id=94381006;user-type=mod :calibrelordal!calibrelordal@calibrelordal.tmi.twitch.tv PRIVMSG #beringelamilgrau :ce pode baixar pro pc
8/23/2019 8:00:32 PM: bot_stay_high - Received: @badge-info=;badges=vip/1;color=#008000;display-name=Hisaagi;emotes=;flags=;id=35a4b8dc-abab-4054-8c78-6cff78e0f2e2;mod=0;room-id=443063688;subscriber=0;tmi-sent-ts=1566601231501;turbo=0;user-id=137774469;user-type= :hisaagi!hisaagi@hisaagi.tmi.twitch.tv PRIVMSG #beringelamilgrau :digo, sou muito mais alto que ela
8/23/2019 8:00:35 PM: bot_stay_high - Received: @badge-info=;badges=moderator/1,partner/1;color=#2E8B57;display-name=CalibreLordal;emotes=;flags=;id=a05425fb-3b87-4252-af96-ab4ecc3d2044;mod=1;room-id=443063688;subscriber=0;tmi-sent-ts=1566601234455;turbo=0;user-id=94381006;user-type=mod :calibrelordal!calibrelordal@calibrelordal.tmi.twitch.tv PRIVMSG #beringelamilgrau :eu uso o app de desktop que ? mto bom peepoSmart
8/23/2019 8:00:44 PM: bot_stay_high - Received: @badge-info=;badges=moderator/1;color=#008000;display-name=TONYXZERO;emotes=;flags=;id=efeda9cf-2dcc-49fd-b35b-d3071d679165;mod=1;room-id=443063688;subscriber=0;tmi-sent-ts=1566601243186;turbo=0;user-id=38731171;user-type=mod :tonyxzero!tonyxzero@tonyxzero.tmi.twitch.tv PRIVMSG #beringelamilgrau :Ah, tem app?? OhISee
8/23/2019 8:00:47 PM: bot_stay_high - Received: @badge-info=;badges=vip/1,premium/1;color=#D8FF00;display-name=guillapre;emotes=;flags=;id=7b4b389c-3543-4f84-8be8-19b9284a23de;mod=0;room-id=443063688;subscriber=0;tmi-sent-ts=1566601246741;turbo=0;user-id=157919745;user-type= :guillapre!guillapre@guillapre.tmi.twitch.tv PRIVMSG #beringelamilgrau :ta explanando minha identidade secreta ai mano Pepega
8/23/2019 8:00:49 PM: bot_stay_high - Received: @badge-info=;badges=moderator/1,partner/1;color=#2E8B57;display-name=CalibreLordal;emotes=;flags=6-13:;id=9402641c-b9b4-41cc-a5ab-e590483d58ff;mod=1;room-id=443063688;subscriber=0;tmi-sent-ts=1566601248292;turbo=0;user-id=94381006;user-type=mod :calibrelordal!calibrelordal@calibrelordal.tmi.twitch.tv PRIVMSG #beringelamilgrau :sim o telegram tem pra pc
8/23/2019 8:00:53 PM: bot_stay_high - Received: @badge-info=;badges=moderator/1,partner/1;color=#2E8B57;display-name=CalibreLordal;emotes=;flags=;id=1b55b49c-c835-4568-be8a-bb3e95de9317;mod=1;room-id=443063688;subscriber=0;tmi-sent-ts=1566601252638;turbo=0;user-id=94381006;user-type=mod :calibrelordal!calibrelordal@calibrelordal.tmi.twitch.tv PRIVMSG #beringelamilgrau :? mto bom peepoPants
8/23/2019 8:00:55 PM: bot_stay_high - Received: @badge-info=subscriber/2;badges=vip/1,subscriber/0,bits-charity/1;color=#5F9EA0;display-name=Jean__;emotes=;flags=0-16:;id=f2584a63-ff9a-4d21-80c7-25f5d096221b;mod=0;room-id=443063688;subscriber=1;tmi-sent-ts=1566601253882;turbo=0;user-id=38479494;user-type= :jean__!jean__@jean__.tmi.twitch.tv PRIVMSG #beringelamilgrau :guilherme lacerda FeelsMan
8/23/2019 8:00:56 PM: bot_stay_high - Received: :artemodin!artemodin@artemodin.tmi.twitch.tv JOIN #beringelamilgrau
8/23/2019 8:01:03 PM: bot_stay_high - Received: @badge-info=;badges=vip/1,premium/1;color=#D8FF00;display-name=guillapre;emotes=;flags=;id=28e4031f-2f2d-4d5d-8dcb-e7a4ce034fa1;mod=0;room-id=443063688;subscriber=0;tmi-sent-ts=1566601262399;turbo=0;user-id=157919745;user-type= :guillapre!guillapre@guillapre.tmi.twitch.tv PRIVMSG #beringelamilgrau :FeelsMan
8/23/2019 8:01:04 PM: bot_stay_high - Received: @badge-info=;badges=premium/1;color=#34B16F;display-name=leafjat;emotes=;flags=0-7:;id=3ef920c2-6835-4c25-9776-8ae31bef8bb7;mod=0;room-id=443063688;subscriber=0;tmi-sent-ts=1566601263347;turbo=0;user-id=424124612;user-type= :leafjat!leafjat@leafjat.tmi.twitch.tv PRIVMSG #beringelamilgrau :telegram so uso pra empresa, ? muito melhor
8/23/2019 8:01:09 PM: bot_stay_high - Received: @badge-info=;badges=moderator/1;color=#008000;display-name=TONYXZERO;emotes=;flags=;id=c66db961-c4d5-4975-9df6-6a4f6620aed1;mod=1;room-id=443063688;subscriber=0;tmi-sent-ts=1566601268137;turbo=0;user-id=38731171;user-type=mod :tonyxzero!tonyxzero@tonyxzero.tmi.twitch.tv PRIVMSG #beringelamilgrau :Vou baixar, pq o web ? mt ruim ConcernFroge
8/23/2019 8:01:12 PM: bot_stay_high - Received: @badge-info=;badges=premium/1;color=#34B16F;display-name=leafjat;emotes=;flags=16-20:;id=5dfdf9d2-e14f-43e6-a970-d884c2c2e561;mod=0;room-id=443063688;subscriber=0;tmi-sent-ts=1566601271605;turbo=0;user-id=424124612;user-type= :leafjat!leafjat@leafjat.tmi.twitch.tv PRIVMSG #beringelamilgrau :pra frescar, so whats mesmo
8/23/2019 8:01:21 PM: bot_stay_high - Received: @badge-info=;badges=;color=;display-name=BotFumante;emotes=;flags=80-88:;id=43bce76a-a7ff-4450-a1d8-769a6f6ec59a;mod=0;room-id=443063688;subscriber=0;tmi-sent-ts=1566601280267;turbo=0;user-id=446644398;user-type= :botfumante!botfumante@botfumante.tmi.twitch.tv PRIVMSG #beringelamilgrau :Voc? j? transmitiu por 3 horas e 59 minutos, nesse tempo, poderia ter fumado 23 cigarros. peepoSmoke
8/23/2019 8:01:23 PM: bot_stay_high - Received: @badge-info=;badges=moderator/1,partner/1;color=#2E8B57;display-name=CalibreLordal;emotes=;flags=;id=7adc5ff4-1b5d-4d9d-accd-12930d9b94ec;mod=1;room-id=443063688;subscriber=0;tmi-sent-ts=1566601281961;turbo=0;user-id=94381006;user-type=mod :calibrelordal!calibrelordal@calibrelordal.tmi.twitch.tv PRIVMSG #beringelamilgrau :sim o web eu nunca usei, o desktop ? mto bom peepoSmart
8/23/2019 8:01:28 PM: bot_stay_high - Received: @badge-info=;badges=moderator/1,partner/1;color=#2E8B57;display-name=CalibreLordal;emotes=;flags=;id=5d15cf14-7c89-4dfd-8f54-e5b734c790c5;mod=1;room-id=443063688;subscriber=0;tmi-sent-ts=1566601287256;turbo=0;user-id=94381006;user-type=mod :calibrelordal!calibrelordal@calibrelordal.tmi.twitch.tv PRIVMSG #beringelamilgrau :tem at? modo noturno peepoSmart
8/23/2019 8:01:29 PM: bot_stay_high - Received: @badge-info=;badges=vip/1,premium/1;color=#D8FF00;display-name=guillapre;emotes=;flags=26-28:;id=7cb59def-d747-40d1-8c19-24867388449a;mod=0;room-id=443063688;subscriber=0;tmi-sent-ts=1566601288225;turbo=0;user-id=157919745;user-type= :guillapre!guillapre@guillapre.tmi.twitch.tv PRIVMSG #beringelamilgrau :eu n sei que ? ninguem no zap monkaHmm
8/23/2019 8:01:32 PM: bot_stay_high - Received: @badge-info=;badges=moderator/1;color=#008000;display-name=TONYXZERO;emotes=;flags=;id=f7eb47a4-218b-4cbc-8946-98ac14db7490;mod=1;room-id=443063688;subscriber=0;tmi-sent-ts=1566601291273;turbo=0;user-id=38731171;user-type=mod :tonyxzero!tonyxzero@tonyxzero.tmi.twitch.tv PRIVMSG #beringelamilgrau :POGGERS
8/23/2019 8:01:41 PM: bot_stay_high - Received: @badge-info=;badges=moderator/1;color=#008000;display-name=TONYXZERO;emotes=;flags=;id=020ad009-dcfa-4f58-8047-fab493c5e0f8;mod=1;room-id=443063688;subscriber=0;tmi-sent-ts=1566601300049;turbo=0;user-id=38731171;user-type=mod :tonyxzero!tonyxzero@tonyxzero.tmi.twitch.tv PRIVMSG #beringelamilgrau :Agora vou ser mais presente no grupo PepeComfy
