8/23/2019 8:01:52 PM: botfumante - Connecting to: wss://irc-ws.chat.twitch.tv:443
8/23/2019 8:01:53 PM: botfumante - Should be connected!
8/23/2019 8:01:53 PM: botfumante - Joining channel: beringelamilgrau
8/23/2019 8:01:53 PM: botfumante - Received: :tmi.twitch.tv 001 botfumante :Welcome, GLHF!
8/23/2019 8:01:53 PM: botfumante - Received: :tmi.twitch.tv 002 botfumante :Your host is tmi.twitch.tv
8/23/2019 8:01:53 PM: botfumante - Received: :tmi.twitch.tv 003 botfumante :This server is rather new
8/23/2019 8:01:53 PM: botfumante - Received: :tmi.twitch.tv 004 botfumante :-
8/23/2019 8:01:53 PM: botfumante - Received: :tmi.twitch.tv 375 botfumante :-
8/23/2019 8:01:53 PM: botfumante - Received: :tmi.twitch.tv 372 botfumante :You are in a maze of twisty passages, all alike.
8/23/2019 8:01:53 PM: botfumante - Received: :tmi.twitch.tv 376 botfumante :>
8/23/2019 8:01:53 PM: botfumante - Received: :tmi.twitch.tv CAP * ACK :twitch.tv/membership
8/23/2019 8:01:53 PM: botfumante - Unaccounted for: :tmi.twitch.tv CAP * ACK :twitch.tv/membership
8/23/2019 8:01:53 PM: botfumante - Received: :tmi.twitch.tv CAP * ACK :twitch.tv/commands
8/23/2019 8:01:53 PM: botfumante - Unaccounted for: :tmi.twitch.tv CAP * ACK :twitch.tv/commands
8/23/2019 8:01:53 PM: botfumante - Received: :tmi.twitch.tv CAP * ACK :twitch.tv/tags
8/23/2019 8:01:53 PM: botfumante - Unaccounted for: :tmi.twitch.tv CAP * ACK :twitch.tv/tags
8/23/2019 8:01:53 PM: botfumante - Received: :botfumante!botfumante@botfumante.tmi.twitch.tv JOIN #beringelamilgrau
8/23/2019 8:01:53 PM: botfumante - Received: @badge-info=;badges=;color=;display-name=BotFumante;emote-sets=0;mod=0;subscriber=0;user-type= :tmi.twitch.tv USERSTATE #beringelamilgrau
8/23/2019 8:01:53 PM: botfumante - Received: @emote-only=0;followers-only=-1;r9k=0;rituals=0;room-id=443063688;slow=0;subs-only=0 :tmi.twitch.tv ROOMSTATE #beringelamilgrau
8/23/2019 8:01:53 PM: botfumante - Received: :botfumante.tmi.twitch.tv 353 botfumante = #beringelamilgrau :alexisyuki pedroazure guillapre lactuca_sativa hisaagi s1faka hostmeraffle bot_stay_high lucaesan streamlabs winsock nightbot electricallongboard tonyxzero 5uperted raphaelssk ddanniell artemodin jean__ leafjat lurxx commanderroot calibrelordal botfumante beringelamilgrau
8/23/2019 8:01:53 PM: botfumante - Received: :botfumante.tmi.twitch.tv 366 botfumante #beringelamilgrau :End of /NAMES list
8/23/2019 8:01:53 PM: botfumante - Finished channel joining queue.
8/23/2019 8:01:54 PM: botfumante - Finished channel joining queue.
8/23/2019 8:01:54 PM: botfumante - Received: @badge-info=;badges=moderator/1;color=#008000;display-name=TONYXZERO;emotes=;flags=;id=bf94626d-6eab-4871-9609-5046556360a9;mod=1;room-id=443063688;subscriber=0;tmi-sent-ts=1566601312960;turbo=0;user-id=38731171;user-type=mod :tonyxzero!tonyxzero@tonyxzero.tmi.twitch.tv PRIVMSG #beringelamilgrau :S? quando o assunto n for o q eu conhe?a peepoSmart
8/23/2019 8:01:59 PM: botfumante - Received: @badge-info=subscriber/2;badges=vip/1,subscriber/0,bits-charity/1;color=#5F9EA0;display-name=Jean__;emotes=;flags=;id=2fe21d52-e8d8-459e-a5c5-9f7576b154bf;mod=0;room-id=443063688;subscriber=1;tmi-sent-ts=1566601318484;turbo=0;user-id=38479494;user-type= :jean__!jean__@jean__.tmi.twitch.tv PRIVMSG #beringelamilgrau :ConcernFroge
8/23/2019 8:02:01 PM: botfumante - Received: @badge-info=subscriber/2;badges=vip/1,subscriber/0,bits-charity/1;color=#5F9EA0;display-name=Jean__;emotes=;flags=;id=63a06106-336b-4076-87b2-40ae90030d39;mod=0;room-id=443063688;subscriber=1;tmi-sent-ts=1566601320229;turbo=0;user-id=38479494;user-type= :jean__!jean__@jean__.tmi.twitch.tv PRIVMSG #beringelamilgrau :sou eu nao
8/23/2019 8:02:07 PM: botfumante - Received: @badge-info=subscriber/2;badges=vip/1,subscriber/0,bits-charity/1;color=#5F9EA0;display-name=Jean__;emotes=;flags=10-12:;id=e1d3c687-3de4-49a1-9f27-0b3042e65921;mod=0;room-id=443063688;subscriber=1;tmi-sent-ts=1566601325918;turbo=0;user-id=38479494;user-type= :jean__!jean__@jean__.tmi.twitch.tv PRIVMSG #beringelamilgrau :nao to no zap FeelsOkayMan
8/23/2019 8:02:13 PM: botfumante - Received: @badge-info=;badges=moderator/1;color=#008000;display-name=TONYXZERO;emotes=;flags=;id=b194dffc-e148-42b1-bc92-775e056d32c2;mod=1;room-id=443063688;subscriber=0;tmi-sent-ts=1566601332476;turbo=0;user-id=38731171;user-type=mod :tonyxzero!tonyxzero@tonyxzero.tmi.twitch.tv PRIVMSG #beringelamilgrau :FeelsOkayMan
8/23/2019 8:02:14 PM: botfumante - Received: @badge-info=;badges=vip/1,premium/1;color=#D8FF00;display-name=guillapre;emotes=;flags=;id=5bac4a04-7e0d-44b4-867a-81722ba17ec6;mod=0;room-id=443063688;subscriber=0;tmi-sent-ts=1566601333724;turbo=0;user-id=157919745;user-type= :guillapre!guillapre@guillapre.tmi.twitch.tv PRIVMSG #beringelamilgrau :OMEGALUL
8/23/2019 8:02:18 PM: botfumante - Received: @badge-info=;badges=;color=;display-name=BotFumante;emote-sets=0;mod=0;subscriber=0;user-type= :tmi.twitch.tv USERSTATE #beringelamilgrau
8/23/2019 8:02:22 PM: botfumante - Received: :artemodin!artemodin@artemodin.tmi.twitch.tv PART #beringelamilgrau
8/23/2019 8:02:24 PM: botfumante - Received: @badge-info=;badges=moderator/1,partner/1;color=#2E8B57;display-name=CalibreLordal;emotes=;flags=;id=1c587290-17e3-4fdb-8876-435d47842bcc;mod=1;room-id=443063688;subscriber=0;tmi-sent-ts=1566601342816;turbo=0;user-id=94381006;user-type=mod :calibrelordal!calibrelordal@calibrelordal.tmi.twitch.tv PRIVMSG #beringelamilgrau :FeelsOkayMan eu uso foto de desenho
8/23/2019 8:02:25 PM: botfumante - Received: @badge-info=;badges=moderator/1;color=#008000;display-name=TONYXZERO;emotes=;flags=;id=61e696b3-9155-473e-bbbd-135710e64be3;mod=1;room-id=443063688;subscriber=0;tmi-sent-ts=1566601344227;turbo=0;user-id=38731171;user-type=mod :tonyxzero!tonyxzero@tonyxzero.tmi.twitch.tv PRIVMSG #beringelamilgrau :Pior q tem um l? q eu n sei quem ? mesmo FeelsMan
8/23/2019 8:02:27 PM: botfumante - Received: @badge-info=;badges=moderator/1,partner/1;color=#2E8B57;display-name=CalibreLordal;emotes=;flags=;id=c4bfb40a-b6c0-4da0-84ec-477c498841eb;mod=1;room-id=443063688;subscriber=0;tmi-sent-ts=1566601346159;turbo=0;user-id=94381006;user-type=mod :calibrelordal!calibrelordal@calibrelordal.tmi.twitch.tv PRIVMSG #beringelamilgrau :a
8/23/2019 8:02:30 PM: botfumante - Received: @badge-info=;badges=vip/1;color=#008000;display-name=Hisaagi;emotes=;flags=15-19:;id=4ea39c43-92e8-4e0c-8e1e-d4b22a83b5ae;mod=0;room-id=443063688;subscriber=0;tmi-sent-ts=1566601348887;turbo=0;user-id=137774469;user-type= :hisaagi!hisaagi@hisaagi.tmi.twitch.tv PRIVMSG #beringelamilgrau :jean hackeou o zap e entrou como usu?rio invisivel FeelsOkayMan
8/23/2019 8:02:30 PM: botfumante - Received: @badge-info=;badges=moderator/1;color=#008000;display-name=TONYXZERO;emotes=;flags=;id=f40b52f8-4e9b-44c2-a57d-f0ffec6dda2b;mod=1;room-id=443063688;subscriber=0;tmi-sent-ts=1566601349139;turbo=0;user-id=38731171;user-type=mod :tonyxzero!tonyxzero@tonyxzero.tmi.twitch.tv PRIVMSG #beringelamilgrau :a
8/23/2019 8:02:33 PM: botfumante - Received: @badge-info=subscriber/2;badges=vip/1,subscriber/0,bits-charity/1;color=#5F9EA0;display-name=Jean__;emotes=;flags=7-15:A.5/P.5;id=815e6396-e11a-47e2-9ca1-1ded7d9673ba;mod=0;room-id=443063688;subscriber=1;tmi-sent-ts=1566601351847;turbo=0;user-id=38479494;user-type= :jean__!jean__@jean__.tmi.twitch.tv PRIVMSG #beringelamilgrau :!price seu corno desgra?ado, nao tava falando ontem monkaGun
8/23/2019 8:02:34 PM: botfumante - Received: @badge-info=;badges=;color=;display-name=BotFumante;emote-sets=0;mod=0;subscriber=0;user-type= :tmi.twitch.tv USERSTATE #beringelamilgrau
8/23/2019 8:02:37 PM: botfumante - Received: @badge-info=;badges=vip/1;color=#008000;display-name=Hisaagi;emotes=;flags=;id=ecb95bcf-50a9-4874-ade7-2c642d5a8e22;mod=0;room-id=443063688;subscriber=0;tmi-sent-ts=1566601356052;turbo=0;user-id=137774469;user-type= :hisaagi!hisaagi@hisaagi.tmi.twitch.tv PRIVMSG #beringelamilgrau :eu nem uso foto FeelsOkayMan
8/23/2019 8:02:39 PM: botfumante - Received: @badge-info=;badges=moderator/1;color=#008000;display-name=TONYXZERO;emotes=;flags=;id=d724012b-292f-4a52-b42f-5c51f9be26cb;mod=1;room-id=443063688;subscriber=0;tmi-sent-ts=1566601358463;turbo=0;user-id=38731171;user-type=mod :tonyxzero!tonyxzero@tonyxzero.tmi.twitch.tv PRIVMSG #beringelamilgrau :Vc usa a foto da Yasuho FeelsBirthdayMan
8/23/2019 8:02:50 PM: botfumante - Received: @badge-info=;badges=moderator/1;color=#008000;display-name=TONYXZERO;emotes=;flags=;id=d0e19897-247d-456f-93d9-c8896f02abfe;mod=1;room-id=443063688;subscriber=0;tmi-sent-ts=1566601369466;turbo=0;user-id=38731171;user-type=mod :tonyxzero!tonyxzero@tonyxzero.tmi.twitch.tv PRIVMSG #beringelamilgrau :Eu uso a minha foto pq eu sou bonito peepoSip
8/23/2019 8:02:59 PM: botfumante - Received: @badge-info=subscriber/2;badges=vip/1,subscriber/0,bits-charity/1;color=#5F9EA0;display-name=Jean__;emotes=;flags=;id=c48b7824-dbdd-4682-9ad3-6227c7da9ba0;mod=0;room-id=443063688;subscriber=1;tmi-sent-ts=1566601378353;turbo=0;user-id=38479494;user-type= :jean__!jean__@jean__.tmi.twitch.tv PRIVMSG #beringelamilgrau :monkaHmm
8/23/2019 8:03:08 PM: botfumante - Received: @badge-info=subscriber/2;badges=vip/1,subscriber/0,bits-charity/1;color=#5F9EA0;display-name=Jean__;emotes=;flags=6-12:;id=e91648a7-d187-42a0-9f0f-0e66ebc265f2;mod=0;room-id=443063688;subscriber=1;tmi-sent-ts=1566601387630;turbo=0;user-id=38479494;user-type= :jean__!jean__@jean__.tmi.twitch.tv PRIVMSG #beringelamilgrau :also, meu ddd ? 55
8/23/2019 8:03:16 PM: botfumante - Received: @badge-info=;badges=moderator/1;color=#008000;display-name=TONYXZERO;emotes=;flags=;id=b85f97c1-0bbb-4d88-987b-2e06a39e2570;mod=1;room-id=443063688;subscriber=0;tmi-sent-ts=1566601394951;turbo=0;user-id=38731171;user-type=mod :tonyxzero!tonyxzero@tonyxzero.tmi.twitch.tv PRIVMSG #beringelamilgrau :FeelsOkayMan
8/23/2019 8:03:18 PM: botfumante - Received: @badge-info=;badges=vip/1,premium/1;color=#D8FF00;display-name=guillapre;emotes=;flags=;id=706e5b26-ae2e-41d2-b78e-d554a919f571;mod=0;room-id=443063688;subscriber=0;tmi-sent-ts=1566601397802;turbo=0;user-id=157919745;user-type= :guillapre!guillapre@guillapre.tmi.twitch.tv PRIVMSG #beringelamilgrau :monkaHmm
8/23/2019 8:03:23 PM: botfumante - Received: @badge-info=;badges=premium/1;color=#1E90FF;display-name=gabedewitt;emotes=;flags=;id=e6018564-1a51-476d-bcc4-2a4adbd02f03;mod=0;room-id=443063688;subscriber=0;tmi-sent-ts=1566601402383;turbo=0;user-id=61212491;user-type= :gabedewitt!gabedewitt@gabedewitt.tmi.twitch.tv PRIVMSG #beringelamilgrau :PepeComfy
8/23/2019 8:03:23 PM: botfumante - Received: @badge-info=;badges=moderator/1,partner/1;color=#2E8B57;display-name=CalibreLordal;emotes=;flags=;id=5828b157-e65f-47a0-8702-b9bd3ae44be6;mod=1;room-id=443063688;subscriber=0;tmi-sent-ts=1566601402635;turbo=0;user-id=94381006;user-type=mod :calibrelordal!calibrelordal@calibrelordal.tmi.twitch.tv PRIVMSG #beringelamilgrau :eu ja tirei mais foto antigamente FeelsMan
8/23/2019 8:03:27 PM: botfumante - Received: @badge-info=;badges=moderator/1,partner/1;color=#2E8B57;display-name=CalibreLordal;emotes=;flags=;id=831752ba-3c11-44c0-8336-3f90f99b0b3a;mod=1;room-id=443063688;subscriber=0;tmi-sent-ts=1566601405904;turbo=0;user-id=94381006;user-type=mod :calibrelordal!calibrelordal@calibrelordal.tmi.twitch.tv PRIVMSG #beringelamilgrau :gabe
8/23/2019 8:03:30 PM: botfumante - Received: @badge-info=;badges=moderator/1,partner/1;color=#2E8B57;display-name=CalibreLordal;emotes=;flags=;id=2bbcc329-d09b-48b6-8140-346c2635c271;mod=1;room-id=443063688;subscriber=0;tmi-sent-ts=1566601409399;turbo=0;user-id=94381006;user-type=mod :calibrelordal!calibrelordal@calibrelordal.tmi.twitch.tv PRIVMSG #beringelamilgrau :!propriedade gabe
8/23/2019 8:03:31 PM: botfumante - Received: @badge-info=;badges=moderator/1,partner/1;color=#7C7CE1;display-name=Nightbot;emotes=;flags=;id=7cfecd9f-3d9f-4b3d-8bc9-c62dc979b300;mod=1;room-id=443063688;subscriber=0;tmi-sent-ts=1566601409997;turbo=0;user-id=19264788;user-type=mod :nightbot!nightbot@nightbot.tmi.twitch.tv PRIVMSG #beringelamilgrau :Hey,tudo bem? Ouvi falar que voc? ? super f? da s?rie gabe . Estou come?ando minha jornada a pouco tempo por esse mundo obscuro. Haha. Anyway. Queria algumas dicas sobre gabe , caso voc? tenha familiaridade com essa nova propriedade Intelectual. ??
8/23/2019 8:03:35 PM: botfumante - Received: @badge-info=;badges=moderator/1,partner/1;color=#2E8B57;display-name=CalibreLordal;emotes=;flags=;id=35ab7bcf-7918-4acb-8e1a-531cf31d9412;mod=1;room-id=443063688;subscriber=0;tmi-sent-ts=1566601414596;turbo=0;user-id=94381006;user-type=mod :calibrelordal!calibrelordal@calibrelordal.tmi.twitch.tv PRIVMSG #beringelamilgrau :peepoSip
8/23/2019 8:03:36 PM: botfumante - Received: @badge-info=;badges=premium/1;color=#1E90FF;display-name=gabedewitt;emote-only=1;emotes=1866390:0-5;flags=;id=df860390-22f6-466a-987c-246db6486b9d;mod=0;room-id=443063688;subscriber=0;tmi-sent-ts=1566601414877;turbo=0;user-id=61212491;user-type= :gabedewitt!gabedewitt@gabedewitt.tmi.twitch.tv PRIVMSG #beringelamilgrau :lordsD
8/23/2019 8:03:38 PM: botfumante - Received: @badge-info=;badges=moderator/1;color=#008000;display-name=TONYXZERO;emotes=;flags=;id=a68fb1ee-1025-444d-bad1-52b6e0a8c606;mod=1;room-id=443063688;subscriber=0;tmi-sent-ts=1566601417556;turbo=0;user-id=38731171;user-type=mod :tonyxzero!tonyxzero@tonyxzero.tmi.twitch.tv PRIVMSG #beringelamilgrau :FeelsMan
8/23/2019 8:03:41 PM: botfumante - Received: @badge-info=subscriber/2;badges=vip/1,subscriber/0,bits-charity/1;color=#5F9EA0;display-name=Jean__;emotes=;flags=;id=572f7d03-4dd6-4462-b5f8-d6376e3ca488;mod=0;room-id=443063688;subscriber=1;tmi-sent-ts=1566601420730;turbo=0;user-id=38479494;user-type= :jean__!jean__@jean__.tmi.twitch.tv PRIVMSG #beringelamilgrau :FeelsMan
8/23/2019 8:03:43 PM: botfumante - Received: @badge-info=;badges=moderator/1;color=#008000;display-name=TONYXZERO;emotes=;flags=;id=69b03c8d-c5c3-4bb3-9f1f-989eea89ac52;mod=1;room-id=443063688;subscriber=0;tmi-sent-ts=1566601421930;turbo=0;user-id=38731171;user-type=mod :tonyxzero!tonyxzero@tonyxzero.tmi.twitch.tv PRIVMSG #beringelamilgrau :Gabe peepoPants
8/23/2019 8:03:45 PM: botfumante - Received: @badge-info=;badges=vip/1;color=#008000;display-name=Hisaagi;emotes=;flags=;id=ba3d853a-0582-4dd3-8577-ae38ef0590c9;mod=0;room-id=443063688;subscriber=0;tmi-sent-ts=1566601424449;turbo=0;user-id=137774469;user-type= :hisaagi!hisaagi@hisaagi.tmi.twitch.tv PRIVMSG #beringelamilgrau :eu gosto de tirar foto mas n?o minha peepoSip
8/23/2019 8:03:51 PM: botfumante - Received: @badge-info=subscriber/2;badges=vip/1,subscriber/0,bits-charity/1;color=#5F9EA0;display-name=Jean__;emotes=;flags=;id=0f20fa03-0c18-464e-836d-94163627f2c5;mod=0;room-id=443063688;subscriber=1;tmi-sent-ts=1566601430001;turbo=0;user-id=38479494;user-type= :jean__!jean__@jean__.tmi.twitch.tv PRIVMSG #beringelamilgrau :!alturadaellens
8/23/2019 8:03:51 PM: botfumante - Received: @badge-info=;badges=;color=;display-name=BotFumante;emote-sets=0;mod=0;subscriber=0;user-type= :tmi.twitch.tv USERSTATE #beringelamilgrau
8/23/2019 8:03:51 PM: botfumante - Received: @badge-info=;badges=premium/1;color=#1E90FF;display-name=gabedewitt;emotes=1997820:16-23;flags=;id=1603b6aa-c0af-45c8-9b5a-1b9d48cc2245;mod=0;room-id=443063688;subscriber=0;tmi-sent-ts=1566601430642;turbo=0;user-id=61212491;user-type= :gabedewitt!gabedewitt@gabedewitt.tmi.twitch.tv PRIVMSG #beringelamilgrau :tony peepoPants lordsPat
8/23/2019 8:03:55 PM: botfumante - Received: @badge-info=subscriber/2;badges=vip/1,subscriber/0,bits-charity/1;color=#5F9EA0;display-name=Jean__;emotes=;flags=;id=e8c6f482-defa-4398-9e0b-d11ae0512b4e;mod=0;room-id=443063688;subscriber=1;tmi-sent-ts=1566601434703;turbo=0;user-id=38479494;user-type= :jean__!jean__@jean__.tmi.twitch.tv PRIVMSG #beringelamilgrau :ConcernFroge
8/23/2019 8:03:56 PM: botfumante - Received: @badge-info=;badges=premium/1;color=#34B16F;display-name=leafjat;emotes=;flags=;id=535f701c-ae89-4734-b18c-a9195eaf9534;mod=0;room-id=443063688;subscriber=0;tmi-sent-ts=1566601435589;turbo=0;user-id=424124612;user-type= :leafjat!leafjat@leafjat.tmi.twitch.tv PRIVMSG #beringelamilgrau :ja tao mandando nude la
8/23/2019 8:03:58 PM: botfumante - Received: @badge-info=;badges=premium/1;color=#1E90FF;display-name=gabedewitt;emotes=;flags=;id=71f4bede-3bba-457d-8a3c-e46cff17f80d;mod=0;room-id=443063688;subscriber=0;tmi-sent-ts=1566601437408;turbo=0;user-id=61212491;user-type= :gabedewitt!gabedewitt@gabedewitt.tmi.twitch.tv PRIVMSG #beringelamilgrau :ellen POGGIES
8/23/2019 8:04:14 PM: botfumante - Received: @badge-info=;badges=moderator/1;color=#008000;display-name=TONYXZERO;emotes=;flags=;id=274c5ab0-d034-4acb-8759-85c33a622867;mod=1;room-id=443063688;subscriber=0;tmi-sent-ts=1566601453777;turbo=0;user-id=38731171;user-type=mod :tonyxzero!tonyxzero@tonyxzero.tmi.twitch.tv PRIVMSG #beringelamilgrau :Quer entrar no Berinzap Gabe?? FeelsOkayMan
8/23/2019 8:04:30 PM: botfumante - Received: @badge-info=;badges=moderator/1,partner/1;color=#2E8B57;display-name=CalibreLordal;emotes=;flags=;id=2e283d0a-06fb-417a-833e-eef2951d0de8;mod=1;room-id=443063688;subscriber=0;tmi-sent-ts=1566601469498;turbo=0;user-id=94381006;user-type=mod :calibrelordal!calibrelordal@calibrelordal.tmi.twitch.tv PRIVMSG #beringelamilgrau :mandei um pepe pra vc peepoSmart
8/23/2019 8:04:31 PM: botfumante - Received: @badge-info=;badges=premium/1;color=#1E90FF;display-name=gabedewitt;emotes=;flags=11-13:;id=a0c5af0e-e895-4860-9e3f-eef662ef3157;mod=0;room-id=443063688;subscriber=0;tmi-sent-ts=1566601469942;turbo=0;user-id=61212491;user-type= :gabedewitt!gabedewitt@gabedewitt.tmi.twitch.tv PRIVMSG #beringelamilgrau :eu nem uso zap peepoSip
8/23/2019 8:04:36 PM: botfumante - Received: @badge-info=;badges=vip/1;color=#008000;display-name=Hisaagi;emotes=300710652:24-33,35-44;flags=;id=808c4d0c-f07d-4fc1-9fbf-3ec0c973d23b;mod=0;room-id=443063688;subscriber=0;tmi-sent-ts=1566601475731;turbo=0;user-id=137774469;user-type= :hisaagi!hisaagi@hisaagi.tmi.twitch.tv PRIVMSG #beringelamilgrau :GANHEI UM EMOTE POGGERS FightFruit FightFruit
8/23/2019 8:04:39 PM: botfumante - Received: :gabedewitt!gabedewitt@gabedewitt.tmi.twitch.tv JOIN #beringelamilgrau
8/23/2019 8:04:39 PM: botfumante - Received: :bot_stay_high!bot_stay_high@bot_stay_high.tmi.twitch.tv PART #beringelamilgrau
8/23/2019 8:04:39 PM: botfumante - Received: :hostmeraffle!hostmeraffle@hostmeraffle.tmi.twitch.tv PART #beringelamilgrau
8/23/2019 8:04:39 PM: botfumante - Received: :s1faka!s1faka@s1faka.tmi.twitch.tv PART #beringelamilgrau
8/23/2019 8:04:44 PM: botfumante - Received: @badge-info=;badges=moderator/1,partner/1;color=#2E8B57;display-name=CalibreLordal;emotes=;flags=;id=f05c5c0d-ea24-4ff2-ae6a-a084bf3488d0;mod=1;room-id=443063688;subscriber=0;tmi-sent-ts=1566601483218;turbo=0;user-id=94381006;user-type=mod :calibrelordal!calibrelordal@calibrelordal.tmi.twitch.tv PRIVMSG #beringelamilgrau :se vc clicar no pepe vc pode adicionar o pepe
8/23/2019 8:04:45 PM: botfumante - Received: @badge-info=;badges=moderator/1,partner/1;color=#2E8B57;display-name=CalibreLordal;emotes=;flags=;id=ea0e7ae1-6452-4de0-9acd-0900c6835f1d;mod=1;room-id=443063688;subscriber=0;tmi-sent-ts=1566601484571;turbo=0;user-id=94381006;user-type=mod :calibrelordal!calibrelordal@calibrelordal.tmi.twitch.tv PRIVMSG #beringelamilgrau :peepoSmart
