2019-07-07 8:45:40 PM: botfumante - Connecting to: wss://irc-ws.chat.twitch.tv:443
2019-07-07 8:45:41 PM: botfumante - Should be connected!
2019-07-07 8:45:41 PM: botfumante - Joining channel: jean__
2019-07-07 8:45:42 PM: botfumante - Received: :tmi.twitch.tv 001 botfumante :Welcome, GLHF!
2019-07-07 8:45:42 PM: botfumante - Received: :tmi.twitch.tv 002 botfumante :Your host is tmi.twitch.tv
2019-07-07 8:45:42 PM: botfumante - Received: :tmi.twitch.tv 003 botfumante :This server is rather new
2019-07-07 8:45:42 PM: botfumante - Received: :tmi.twitch.tv 004 botfumante :-
2019-07-07 8:45:42 PM: botfumante - Received: :tmi.twitch.tv 375 botfumante :-
2019-07-07 8:45:42 PM: botfumante - Received: :tmi.twitch.tv 372 botfumante :You are in a maze of twisty passages, all alike.
2019-07-07 8:45:42 PM: botfumante - Received: :tmi.twitch.tv 376 botfumante :>
2019-07-07 8:45:42 PM: botfumante - Received: :tmi.twitch.tv CAP * ACK :twitch.tv/membership
2019-07-07 8:45:42 PM: botfumante - Unaccounted for: :tmi.twitch.tv CAP * ACK :twitch.tv/membership
2019-07-07 8:45:42 PM: botfumante - Received: :tmi.twitch.tv CAP * ACK :twitch.tv/commands
2019-07-07 8:45:42 PM: botfumante - Unaccounted for: :tmi.twitch.tv CAP * ACK :twitch.tv/commands
2019-07-07 8:45:42 PM: botfumante - Received: :tmi.twitch.tv CAP * ACK :twitch.tv/tags
2019-07-07 8:45:42 PM: botfumante - Unaccounted for: :tmi.twitch.tv CAP * ACK :twitch.tv/tags
2019-07-07 8:45:42 PM: botfumante - Received: :botfumante!botfumante@botfumante.tmi.twitch.tv JOIN #jean__
2019-07-07 8:45:42 PM: botfumante - Received: :botfumante.tmi.twitch.tv 353 botfumante = #jean__ :botfumante
2019-07-07 8:45:42 PM: botfumante - Received: :botfumante.tmi.twitch.tv 366 botfumante #jean__ :End of /NAMES list
2019-07-07 8:45:42 PM: botfumante - Finished channel joining queue.
