2019-08-01 6:31:46 PM: botfumante - Connecting to: wss://irc-ws.chat.twitch.tv:443
2019-08-01 6:31:47 PM: botfumante - Should be connected!
2019-08-01 6:31:47 PM: botfumante - Joining channel: beringelamilgrau
2019-08-01 6:31:47 PM: botfumante - Received: :tmi.twitch.tv 001 botfumante :Welcome, GLHF!
2019-08-01 6:31:47 PM: botfumante - Received: :tmi.twitch.tv 002 botfumante :Your host is tmi.twitch.tv
2019-08-01 6:31:47 PM: botfumante - Received: :tmi.twitch.tv 003 botfumante :This server is rather new
2019-08-01 6:31:47 PM: botfumante - Received: :tmi.twitch.tv 004 botfumante :-
2019-08-01 6:31:47 PM: botfumante - Received: :tmi.twitch.tv 375 botfumante :-
2019-08-01 6:31:47 PM: botfumante - Received: :tmi.twitch.tv 372 botfumante :You are in a maze of twisty passages, all alike.
2019-08-01 6:31:47 PM: botfumante - Received: :tmi.twitch.tv 376 botfumante :>
2019-08-01 6:31:47 PM: botfumante - Received: :tmi.twitch.tv CAP * ACK :twitch.tv/membership
2019-08-01 6:31:47 PM: botfumante - Unaccounted for: :tmi.twitch.tv CAP * ACK :twitch.tv/membership
2019-08-01 6:31:47 PM: botfumante - Received: :tmi.twitch.tv CAP * ACK :twitch.tv/commands
2019-08-01 6:31:47 PM: botfumante - Unaccounted for: :tmi.twitch.tv CAP * ACK :twitch.tv/commands
2019-08-01 6:31:47 PM: botfumante - Received: :tmi.twitch.tv CAP * ACK :twitch.tv/tags
2019-08-01 6:31:48 PM: botfumante - Unaccounted for: :tmi.twitch.tv CAP * ACK :twitch.tv/tags
2019-08-01 6:31:48 PM: botfumante - Received: :botfumante!botfumante@botfumante.tmi.twitch.tv JOIN #beringelamilgrau
2019-08-01 6:31:48 PM: botfumante - Received: :botfumante.tmi.twitch.tv 353 botfumante = #beringelamilgrau :botfumante
2019-08-01 6:31:48 PM: botfumante - Received: :botfumante.tmi.twitch.tv 366 botfumante #beringelamilgrau :End of /NAMES list
2019-08-01 6:31:48 PM: botfumante - Finished channel joining queue.
2019-08-01 6:31:48 PM: botfumante - Received: @badge-info=;badges=;color=;display-name=BotFumante;emote-sets=0;mod=0;subscriber=0;user-type= :tmi.twitch.tv USERSTATE #beringelamilgrau
2019-08-01 6:31:48 PM: botfumante - Received: @emote-only=0;followers-only=-1;r9k=0;rituals=0;room-id=443063688;slow=0;subs-only=0 :tmi.twitch.tv ROOMSTATE #beringelamilgrau
2019-08-01 6:31:48 PM: botfumante - Finished channel joining queue.
2019-08-01 6:32:07 PM: botfumante - Received: @badge-info=subscriber/1;badges=vip/1,subscriber/0,bits-charity/1;color=#5F9EA0;display-name=Jean__;emotes=;flags=;id=20277d72-20f7-48c0-80ce-49587f3ce560;mod=0;room-id=443063688;subscriber=1;tmi-sent-ts=1564695126788;turbo=0;user-id=38479494;user-type= :jean__!jean__@jean__.tmi.twitch.tv PRIVMSG #beringelamilgrau :!!
2019-08-01 6:32:09 PM: botfumante - Received: @badge-info=;badges=;color=;display-name=BotFumante;emotes=;flags=56-61:,69-77:;id=447f1054-4791-4476-8fab-8f2036f8306f;mod=0;room-id=443063688;subscriber=0;tmi-sent-ts=1564695128685;turbo=0;user-id=446644398;user-type= :botfumante!botfumante@botfumante.tmi.twitch.tv PRIVMSG #beringelamilgrau :Voc? j? transmitiu por 1 hora, nesse tempo, poderia ter fumado 29526 cigarros. peepoSmoke
2019-08-01 6:32:15 PM: botfumante - Received: @badge-info=subscriber/1;badges=vip/1,subscriber/0,bits-charity/1;color=#5F9EA0;display-name=Jean__;emotes=;flags=;id=ba38586e-b0fd-4639-a0af-02910d3ab2a1;mod=0;room-id=443063688;subscriber=1;tmi-sent-ts=1564695134127;turbo=0;user-id=38479494;user-type= :jean__!jean__@jean__.tmi.twitch.tv PRIVMSG #beringelamilgrau :monkaHmm
2019-08-01 6:32:19 PM: botfumante - Received: @badge-info=;badges=vip/1;color=#FF69B4;display-name=rbruno018;emotes=;flags=;id=99aaac81-4070-43c0-a3d5-534bea414037;mod=0;room-id=443063688;subscriber=0;tmi-sent-ts=1564695138990;turbo=0;user-id=216448313;user-type= :rbruno018!rbruno018@rbruno018.tmi.twitch.tv PRIVMSG #beringelamilgrau :monkaHmm
2019-08-01 6:32:58 PM: botfumante - Received: :jean__!jean__@jean__.tmi.twitch.tv JOIN #beringelamilgrau
2019-08-01 6:32:58 PM: botfumante - Received: :themalkavianx!themalkavianx@themalkavianx.tmi.twitch.tv JOIN #beringelamilgrau
2019-08-01 6:32:58 PM: botfumante - Received: :commanderroot!commanderroot@commanderroot.tmi.twitch.tv JOIN #beringelamilgrau
2019-08-01 6:32:58 PM: botfumante - Received: :s1faka!s1faka@s1faka.tmi.twitch.tv JOIN #beringelamilgrau
2019-08-01 6:32:58 PM: botfumante - Received: :n3td3v!n3td3v@n3td3v.tmi.twitch.tv JOIN #beringelamilgrau
2019-08-01 6:32:58 PM: botfumante - Received: :guillapre!guillapre@guillapre.tmi.twitch.tv JOIN #beringelamilgrau
2019-08-01 6:32:58 PM: botfumante - Received: :nightbot!nightbot@nightbot.tmi.twitch.tv JOIN #beringelamilgrau
2019-08-01 6:32:58 PM: botfumante - Received: :montee_waffle!montee_waffle@montee_waffle.tmi.twitch.tv JOIN #beringelamilgrau
2019-08-01 6:32:58 PM: botfumante - Received: :rbruno018!rbruno018@rbruno018.tmi.twitch.tv JOIN #beringelamilgrau
2019-08-01 6:32:58 PM: botfumante - Received: :ddanniell!ddanniell@ddanniell.tmi.twitch.tv JOIN #beringelamilgrau
2019-08-01 6:32:58 PM: botfumante - Received: :angeloflight!angeloflight@angeloflight.tmi.twitch.tv JOIN #beringelamilgrau
2019-08-01 6:32:58 PM: botfumante - Received: :cyclemotion!cyclemotion@cyclemotion.tmi.twitch.tv JOIN #beringelamilgrau
2019-08-01 6:32:58 PM: botfumante - Received: :skinnyseahorse!skinnyseahorse@skinnyseahorse.tmi.twitch.tv JOIN #beringelamilgrau
2019-08-01 6:32:58 PM: botfumante - Received: :beringelamilgrau!beringelamilgrau@beringelamilgrau.tmi.twitch.tv JOIN #beringelamilgrau
2019-08-01 6:32:58 PM: botfumante - Received: :hostmeraffle!hostmeraffle@hostmeraffle.tmi.twitch.tv JOIN #beringelamilgrau
2019-08-01 6:32:58 PM: botfumante - Received: :lurxx!lurxx@lurxx.tmi.twitch.tv JOIN #beringelamilgrau
2019-08-01 6:32:58 PM: botfumante - Received: :michelle_rezende!michelle_rezende@michelle_rezende.tmi.twitch.tv JOIN #beringelamilgrau
2019-08-01 6:32:58 PM: botfumante - Received: :slocool!slocool@slocool.tmi.twitch.tv JOIN #beringelamilgrau
2019-08-01 6:33:48 PM: botfumante - Received: @badge-info=subscriber/1;badges=vip/1,subscriber/0,bits-charity/1;color=#5F9EA0;display-name=Jean__;emotes=;flags=;id=bd26eb39-f102-4984-a132-b241f336dba9;mod=0;room-id=443063688;subscriber=1;tmi-sent-ts=1564695227351;turbo=0;user-id=38479494;user-type= :jean__!jean__@jean__.tmi.twitch.tv PRIVMSG #beringelamilgrau :monkaHmm
2019-08-01 6:34:02 PM: botfumante - Received: @badge-info=;badges=vip/1,premium/1;color=#D8FF00;display-name=guillapre;emotes=;flags=;id=676c1749-e903-4026-907d-f24fe3c4736a;mod=0;room-id=443063688;subscriber=0;tmi-sent-ts=1564695241560;turbo=0;user-id=157919745;user-type= :guillapre!guillapre@guillapre.tmi.twitch.tv PRIVMSG #beringelamilgrau :? muito raio de luz
2019-08-01 6:34:03 PM: botfumante - Received: @badge-info=subscriber/1;badges=vip/1,subscriber/0,bits-charity/1;color=#5F9EA0;display-name=Jean__;emotes=;flags=;id=e355942c-fc2d-4a3f-828f-aba98aaf37b6;mod=0;room-id=443063688;subscriber=1;tmi-sent-ts=1564695242225;turbo=0;user-id=38479494;user-type= :jean__!jean__@jean__.tmi.twitch.tv PRIVMSG #beringelamilgrau :acho que descobri o que ? peepoSmart
2019-08-01 6:34:19 PM: botfumante - Received: @badge-info=;badges=vip/1,premium/1;color=#D8FF00;display-name=guillapre;emotes=;flags=;id=2638cdd3-e7e0-45a4-8359-8af3bfa52e41;mod=0;room-id=443063688;subscriber=0;tmi-sent-ts=1564695258292;turbo=0;user-id=157919745;user-type= :guillapre!guillapre@guillapre.tmi.twitch.tv PRIVMSG #beringelamilgrau :monkaHmm
2019-08-01 6:34:50 PM: botfumante - Received: @badge-info=subscriber/1;badges=broadcaster/1,subscriber/0;color=#8A2BE2;display-name=BeringelaMilGrau;emotes=;flags=;id=dfc2d406-7244-4ead-a167-7c4cbef635e3;mod=0;room-id=443063688;subscriber=1;tmi-sent-ts=1564695289694;turbo=0;user-id=443063688;user-type= :beringelamilgrau!beringelamilgrau@beringelamilgrau.tmi.twitch.tv PRIVMSG #beringelamilgrau :monkaHmm
2019-08-01 6:36:03 PM: botfumante - Received: :rbruno018!rbruno018@rbruno018.tmi.twitch.tv PART #beringelamilgrau
