2019-07-27 9:09:27 PM: botfumante - Connecting to: wss://irc-ws.chat.twitch.tv:443
2019-07-27 9:09:28 PM: botfumante - Should be connected!
2019-07-27 9:09:28 PM: botfumante - Joining channel: beringelamilgrau
2019-07-27 9:09:29 PM: botfumante - Received: :tmi.twitch.tv 001 botfumante :Welcome, GLHF!
2019-07-27 9:09:29 PM: botfumante - Received: :tmi.twitch.tv 002 botfumante :Your host is tmi.twitch.tv
2019-07-27 9:09:29 PM: botfumante - Received: :tmi.twitch.tv 003 botfumante :This server is rather new
2019-07-27 9:09:29 PM: botfumante - Received: :tmi.twitch.tv 004 botfumante :-
2019-07-27 9:09:29 PM: botfumante - Received: :tmi.twitch.tv 375 botfumante :-
2019-07-27 9:09:29 PM: botfumante - Received: :tmi.twitch.tv 372 botfumante :You are in a maze of twisty passages, all alike.
2019-07-27 9:09:29 PM: botfumante - Received: :tmi.twitch.tv 376 botfumante :>
2019-07-27 9:09:29 PM: botfumante - Received: :tmi.twitch.tv CAP * ACK :twitch.tv/membership
2019-07-27 9:09:29 PM: botfumante - Unaccounted for: :tmi.twitch.tv CAP * ACK :twitch.tv/membership
2019-07-27 9:09:29 PM: botfumante - Received: :tmi.twitch.tv CAP * ACK :twitch.tv/commands
2019-07-27 9:09:29 PM: botfumante - Unaccounted for: :tmi.twitch.tv CAP * ACK :twitch.tv/commands
2019-07-27 9:09:29 PM: botfumante - Received: :tmi.twitch.tv CAP * ACK :twitch.tv/tags
2019-07-27 9:09:29 PM: botfumante - Unaccounted for: :tmi.twitch.tv CAP * ACK :twitch.tv/tags
2019-07-27 9:09:29 PM: botfumante - Received: :botfumante!botfumante@botfumante.tmi.twitch.tv JOIN #beringelamilgrau
2019-07-27 9:09:29 PM: botfumante - Received: @badge-info=;badges=;color=;display-name=BotFumante;emote-sets=0;mod=0;subscriber=0;user-type= :tmi.twitch.tv USERSTATE #beringelamilgrau
2019-07-27 9:09:29 PM: botfumante - Received: @emote-only=0;followers-only=-1;r9k=0;rituals=0;room-id=443063688;slow=0;subs-only=0 :tmi.twitch.tv ROOMSTATE #beringelamilgrau
2019-07-27 9:09:29 PM: botfumante - Received: :botfumante.tmi.twitch.tv 353 botfumante = #beringelamilgrau :botfumante lurxx jean__ skinnyseahorse commanderroot montee_waffle ddanniell totoro 5uperted guillapre angeloflight electricallongboard rbruno018 freddyybot beringelamilgrau gladosxcake cyclemotion nightbot maria_renata themalkavianx hisaagi michelle_rezende
2019-07-27 9:09:29 PM: botfumante - Received: :botfumante.tmi.twitch.tv 366 botfumante #beringelamilgrau :End of /NAMES list
2019-07-27 9:09:29 PM: botfumante - Finished channel joining queue.
2019-07-27 9:09:29 PM: botfumante - Finished channel joining queue.
2019-07-27 9:09:40 PM: botfumante - Received: :themalkavianx!themalkavianx@themalkavianx.tmi.twitch.tv PART #beringelamilgrau
2019-07-27 9:09:46 PM: botfumante - Received: @badge-info=;badges=;color=;display-name=bostinhaazul;emotes=;flags=;id=2a6e970d-7796-47c4-8ffb-a2cc86de5b05;mod=0;room-id=443063688;subscriber=0;tmi-sent-ts=1564272584528;turbo=0;user-id=451059049;user-type= :bostinhaazul!bostinhaazul@bostinhaazul.tmi.twitch.tv PRIVMSG #beringelamilgrau :Eae Manito
2019-07-27 9:10:07 PM: botfumante - Received: @badge-info=;badges=;color=;display-name=bostinhaazul;emotes=;flags=;id=ff3982bd-e3c6-48ca-9e4a-4397b38f22e9;mod=0;room-id=443063688;subscriber=0;tmi-sent-ts=1564272606330;turbo=0;user-id=451059049;user-type= :bostinhaazul!bostinhaazul@bostinhaazul.tmi.twitch.tv PRIVMSG #beringelamilgrau :Fala Vivo Lixo Pano Rapid?o
2019-07-27 9:10:09 PM: botfumante - Received: @badge-info=;badges=moderator/1,partner/1;color=;display-name=totoro;emotes=;flags=;id=aebc1280-2829-4637-b051-da8ebd6660b3;mod=1;room-id=443063688;subscriber=0;tmi-sent-ts=1564272607450;turbo=0;user-id=165979679;user-type=mod :totoro!totoro@totoro.tmi.twitch.tv PRIVMSG #beringelamilgrau :!commands
2019-07-27 9:10:09 PM: botfumante - Received: @badge-info=;badges=moderator/1,partner/1;color=#7C7CE1;display-name=Nightbot;emotes=;flags=62-113:;id=9158201e-5994-4b5f-9e78-f56d57aef30e;mod=1;room-id=443063688;subscriber=0;tmi-sent-ts=1564272607665;turbo=0;user-id=19264788;user-type=mod :nightbot!nightbot@nightbot.tmi.twitch.tv PRIVMSG #beringelamilgrau :@totoro -> The bot commands for this channel are available at https://beta.nightbot.tv/t/beringelamilgrau/commands
2019-07-27 9:10:11 PM: botfumante - Received: @badge-info=;badges=;color=;display-name=bostinhaazul;emotes=;flags=;id=401f7932-7280-482c-8c81-840bdfac2fe9;mod=0;room-id=443063688;subscriber=0;tmi-sent-ts=1564272609442;turbo=0;user-id=451059049;user-type= :bostinhaazul!bostinhaazul@bostinhaazul.tmi.twitch.tv PRIVMSG #beringelamilgrau :ae men
2019-07-27 9:10:26 PM: botfumante - Received: @badge-info=;badges=moderator/1,partner/1;color=;display-name=totoro;emotes=;flags=;id=afc61c3d-781e-435d-9def-a2d5006ba687;mod=1;room-id=443063688;subscriber=0;tmi-sent-ts=1564272624844;turbo=0;user-id=165979679;user-type=mod :totoro!totoro@totoro.tmi.twitch.tv PRIVMSG #beringelamilgrau :!sai
2019-07-27 9:10:26 PM: botfumante - Received: @badge-info=;badges=moderator/1,partner/1;color=#7C7CE1;display-name=Nightbot;emotes=;flags=;id=9b258ccb-1029-47b3-af23-3fa5c811bae5;mod=1;room-id=443063688;subscriber=0;tmi-sent-ts=1564272625034;turbo=0;user-id=19264788;user-type=mod :nightbot!nightbot@nightbot.tmi.twitch.tv PRIVMSG #beringelamilgrau :Sai mano, sai da minha live!! monkaGun
2019-07-27 9:10:27 PM: botfumante - Received: @badge-info=;badges=;color=;display-name=bostinhaazul;emotes=;flags=;id=604bb8a8-88c1-4d60-8a98-4b647d2b9c75;mod=0;room-id=443063688;subscriber=0;tmi-sent-ts=1564272626155;turbo=0;user-id=451059049;user-type= :bostinhaazul!bostinhaazul@bostinhaazul.tmi.twitch.tv PRIVMSG #beringelamilgrau :kk
2019-07-27 9:10:29 PM: botfumante - Received: @badge-info=;badges=vip/1;color=#008000;display-name=Hisaagi;emotes=;flags=;id=fbc4d41d-a920-4206-9588-27ff9a004ea8;mod=0;room-id=443063688;subscriber=0;tmi-sent-ts=1564272627664;turbo=0;user-id=137774469;user-type= :hisaagi!hisaagi@hisaagi.tmi.twitch.tv PRIVMSG #beringelamilgrau :a anima??o do totoro pra live FeelsOkayMan
2019-07-27 9:10:36 PM: botfumante - Received: @badge-info=;badges=vip/1;color=#FF69B4;display-name=rbruno018;emotes=;flags=4-31:;id=22059f0a-f3b2-4146-acbe-758199c35364;mod=0;room-id=443063688;subscriber=0;tmi-sent-ts=1564272634536;turbo=0;user-id=216448313;user-type= :rbruno018!rbruno018@rbruno018.tmi.twitch.tv PRIVMSG #beringelamilgrau :!sr https://youtu.be/NvS351QKFV4
2019-07-27 9:10:36 PM: botfumante - Received: @badge-info=;badges=moderator/1,partner/1;color=#7C7CE1;display-name=Nightbot;emotes=;flags=;id=efc46ff8-e19f-4243-ac84-728515f7eeca;mod=1;room-id=443063688;subscriber=0;tmi-sent-ts=1564272634880;turbo=0;user-id=19264788;user-type=mod :nightbot!nightbot@nightbot.tmi.twitch.tv PRIVMSG #beringelamilgrau :@rbruno018 -> "Dschinghis Khan - Moskau 1979" by fritz51228 has been added to the queue in position #4
2019-07-27 9:10:39 PM: botfumante - Received: :themalkavianx!themalkavianx@themalkavianx.tmi.twitch.tv JOIN #beringelamilgrau
2019-07-27 9:10:41 PM: botfumante - Received: @badge-info=;badges=;color=;display-name=bostinhaazul;emotes=;flags=;id=01f8a204-a4a8-4ebc-a5a8-b7942df2da74;mod=0;room-id=443063688;subscriber=0;tmi-sent-ts=1564272639963;turbo=0;user-id=451059049;user-type= :bostinhaazul!bostinhaazul@bostinhaazul.tmi.twitch.tv PRIVMSG #beringelamilgrau :HEHEHE
2019-07-27 9:10:45 PM: botfumante - Received: @badge-info=subscriber/1;badges=vip/1,subscriber/0,bits-charity/1;color=#5F9EA0;display-name=Jean__;emotes=;flags=;id=f62bd213-9b27-4beb-93e8-895bcce8580a;mod=0;room-id=443063688;subscriber=1;tmi-sent-ts=1564272643485;turbo=0;user-id=38479494;user-type= :jean__!jean__@jean__.tmi.twitch.tv PRIVMSG #beringelamilgrau :!discord
2019-07-27 9:10:45 PM: botfumante - Received: @badge-info=;badges=moderator/1,partner/1;color=#7C7CE1;display-name=Nightbot;emotes=;flags=39-59:,39-59:,39-59:;id=8c2c1d11-ebce-4900-b8bd-743abf511f3f;mod=1;room-id=443063688;subscriber=0;tmi-sent-ts=1564272643730;turbo=0;user-id=19264788;user-type=mod :nightbot!nightbot@nightbot.tmi.twitch.tv PRIVMSG #beringelamilgrau :Vc ? muito bem vindo no nosso discord: http://bit.ly/2Y2pLGc
2019-07-27 9:10:45 PM: botfumante - Received: @badge-info=;badges=vip/1;color=#FF69B4;display-name=rbruno018;emotes=;flags=;id=744cada8-6789-4da6-8174-120b938018dd;mod=0;room-id=443063688;subscriber=0;tmi-sent-ts=1564272644258;turbo=0;user-id=216448313;user-type= :rbruno018!rbruno018@rbruno018.tmi.twitch.tv PRIVMSG #beringelamilgrau :!sai
2019-07-27 9:10:46 PM: botfumante - Received: @badge-info=;badges=moderator/1,partner/1;color=#7C7CE1;display-name=Nightbot;emotes=;flags=;id=e3a74cc7-f3f9-450c-9bbb-656d8831f20e;mod=1;room-id=443063688;subscriber=0;tmi-sent-ts=1564272644467;turbo=0;user-id=19264788;user-type=mod :nightbot!nightbot@nightbot.tmi.twitch.tv PRIVMSG #beringelamilgrau :Sai mano, sai da minha live!! monkaGun
2019-07-27 9:10:48 PM: botfumante - Received: @badge-info=subscriber/1;badges=vip/1,subscriber/0,bits-charity/1;color=#5F9EA0;display-name=Jean__;emotes=;flags=;id=cfdd1982-77ea-40e7-ab90-83ed024df661;mod=0;room-id=443063688;subscriber=1;tmi-sent-ts=1564272646440;turbo=0;user-id=38479494;user-type= :jean__!jean__@jean__.tmi.twitch.tv PRIVMSG #beringelamilgrau :Pepega
2019-07-27 9:11:02 PM: botfumante - Received: @badge-info=;badges=vip/1;color=#008000;display-name=Hisaagi;emotes=;flags=;id=c383044c-1471-4199-a5c5-f65f1088e200;mod=0;room-id=443063688;subscriber=0;tmi-sent-ts=1564272661265;turbo=0;user-id=137774469;user-type= :hisaagi!hisaagi@hisaagi.tmi.twitch.tv PRIVMSG #beringelamilgrau :bostinhaazul n fica aqui n?o o waffle odeia nordestinos FeelsOkayMan
2019-07-27 9:11:16 PM: botfumante - Received: @badge-info=;badges=;color=;display-name=bostinhaazul;emotes=;flags=;id=b60aa737-32d0-4545-ac2e-0c636d501bd1;mod=0;room-id=443063688;subscriber=0;tmi-sent-ts=1564272675022;turbo=0;user-id=451059049;user-type= :bostinhaazul!bostinhaazul@bostinhaazul.tmi.twitch.tv PRIVMSG #beringelamilgrau :Ta Para Vender Essas Beringela
2019-07-27 9:11:35 PM: botfumante - Received: @badge-info=;badges=;color=#0000FF;display-name=4zula0;emotes=;flags=;id=3d005715-34c0-413d-8b70-e40b4606c679;mod=0;room-id=443063688;subscriber=0;tmi-sent-ts=1564272694023;turbo=0;user-id=189787128;user-type= :4zula0!4zula0@4zula0.tmi.twitch.tv PRIVMSG #beringelamilgrau :como qu vcs quebraram o cano
2019-07-27 9:11:36 PM: botfumante - Received: :4zula0!4zula0@4zula0.tmi.twitch.tv JOIN #beringelamilgrau
2019-07-27 9:11:36 PM: botfumante - Received: :bostinhaazul!bostinhaazul@bostinhaazul.tmi.twitch.tv JOIN #beringelamilgrau
2019-07-27 9:11:50 PM: botfumante - Received: @badge-info=;badges=vip/1;color=#008000;display-name=Hisaagi;emotes=;flags=;id=d44dbfb4-a4de-4af4-b7ce-13c74258ee9c;mod=0;room-id=443063688;subscriber=0;tmi-sent-ts=1564272709359;turbo=0;user-id=137774469;user-type= :hisaagi!hisaagi@hisaagi.tmi.twitch.tv PRIVMSG #beringelamilgrau :quicando FeelsOkayMan
2019-07-27 9:11:54 PM: botfumante - Received: @badge-info=subscriber/1;badges=vip/1,subscriber/0,bits-charity/1;color=#5F9EA0;display-name=Jean__;emotes=;flags=;id=4a1aef72-840a-4d88-9fce-df258668b739;mod=0;room-id=443063688;subscriber=1;tmi-sent-ts=1564272713265;turbo=0;user-id=38479494;user-type= :jean__!jean__@jean__.tmi.twitch.tv PRIVMSG #beringelamilgrau :FeelsMan
2019-07-27 9:11:57 PM: botfumante - Received: @badge-info=;badges=;color=;display-name=bostinhaazul;emotes=;flags=;id=aee6781b-b1cb-4be1-99b3-36cc2bfb4416;mod=0;room-id=443063688;subscriber=0;tmi-sent-ts=1564272715552;turbo=0;user-id=451059049;user-type= :bostinhaazul!bostinhaazul@bostinhaazul.tmi.twitch.tv PRIVMSG #beringelamilgrau :i quebro quebro
2019-07-27 9:12:03 PM: botfumante - Received: @badge-info=subscriber/1;badges=vip/1,subscriber/0,bits-charity/1;color=#5F9EA0;display-name=Jean__;emotes=;flags=;id=c6a63d0f-c95e-4164-9dd1-e5cfea9e6d7e;mod=0;room-id=443063688;subscriber=1;tmi-sent-ts=1564272721749;turbo=0;user-id=38479494;user-type= :jean__!jean__@jean__.tmi.twitch.tv PRIVMSG #beringelamilgrau :falta testar o evento de tomar ban
2019-07-27 9:12:06 PM: botfumante - Received: @badge-info=;badges=;color=;display-name=bostinhaazul;emotes=;flags=;id=a2672432-4192-48cf-84c9-c14e464da5ed;mod=0;room-id=443063688;subscriber=0;tmi-sent-ts=1564272724547;turbo=0;user-id=451059049;user-type= :bostinhaazul!bostinhaazul@bostinhaazul.tmi.twitch.tv PRIVMSG #beringelamilgrau :kkkk
2019-07-27 9:12:12 PM: botfumante - Received: @badge-info=;badges=;color=;display-name=bostinhaazul;emotes=;flags=;id=55d0f336-ffdb-4537-8838-a36b9ee18b8e;mod=0;room-id=443063688;subscriber=0;tmi-sent-ts=1564272731260;turbo=0;user-id=451059049;user-type= :bostinhaazul!bostinhaazul@bostinhaazul.tmi.twitch.tv PRIVMSG #beringelamilgrau :4zula0 hee
2019-07-27 9:12:19 PM: botfumante - Received: @badge-info=;badges=;color=;display-name=bostinhaazul;emotes=;flags=;id=fb60abfd-db2c-46c7-a6dd-b54961bbe67d;mod=0;room-id=443063688;subscriber=0;tmi-sent-ts=1564272738358;turbo=0;user-id=451059049;user-type= :bostinhaazul!bostinhaazul@bostinhaazul.tmi.twitch.tv PRIVMSG #beringelamilgrau :e tipo tu fala kikano
2019-07-27 9:12:20 PM: botfumante - Received: @badge-info=;badges=;color=#0000FF;display-name=4zula0;emotes=;flags=;id=5e5f5972-e6f1-4160-86c6-219cdd86d05e;mod=0;room-id=443063688;subscriber=0;tmi-sent-ts=1564272739313;turbo=0;user-id=189787128;user-type= :4zula0!4zula0@4zula0.tmi.twitch.tv PRIVMSG #beringelamilgrau :kk
2019-07-27 9:12:23 PM: botfumante - Received: @badge-info=;badges=vip/1;color=#FF69B4;display-name=rbruno018;emotes=;flags=;id=4236bdfb-c882-4094-b8e1-1bf2c7f63a73;mod=0;room-id=443063688;subscriber=0;tmi-sent-ts=1564272741724;turbo=0;user-id=216448313;user-type= :rbruno018!rbruno018@rbruno018.tmi.twitch.tv PRIVMSG #beringelamilgrau :que cano FeelsOkayMan
2019-07-27 9:12:27 PM: botfumante - Received: @badge-info=;badges=;color=;display-name=bostinhaazul;emotes=;flags=;id=e9d9264d-3dcf-4c07-a14c-968d1f29f5fe;mod=0;room-id=443063688;subscriber=0;tmi-sent-ts=1564272746254;turbo=0;user-id=451059049;user-type= :bostinhaazul!bostinhaazul@bostinhaazul.tmi.twitch.tv PRIVMSG #beringelamilgrau :ae os cara fala que vc quico
2019-07-27 9:12:34 PM: botfumante - Received: @badge-info=;badges=vip/1;color=#008000;display-name=Hisaagi;emotes=;flags=;id=5a362fa3-b690-45fc-8fbb-c1ddcb1311a0;mod=0;room-id=443063688;subscriber=0;tmi-sent-ts=1564272752931;turbo=0;user-id=137774469;user-type= :hisaagi!hisaagi@hisaagi.tmi.twitch.tv PRIVMSG #beringelamilgrau :quicando FeelsOkayMan
2019-07-27 9:12:35 PM: botfumante - Received: @badge-info=;badges=vip/1,premium/1;color=#D8FF00;display-name=guillapre;emotes=;flags=0-13:;id=30930333-1368-42ac-9503-c111f1b92b3d;mod=0;room-id=443063688;subscriber=0;tmi-sent-ts=1564272754054;turbo=0;user-id=157919745;user-type= :guillapre!guillapre@guillapre.tmi.twitch.tv PRIVMSG #beringelamilgrau :boaspiadas.com
2019-07-27 9:13:10 PM: botfumante - Received: @badge-info=;badges=vip/1;color=#008000;display-name=Hisaagi;emotes=;flags=;id=79e99a53-0c4f-4c47-933f-0ec70849e2a8;mod=0;room-id=443063688;subscriber=0;tmi-sent-ts=1564272789239;turbo=0;user-id=137774469;user-type= :hisaagi!hisaagi@hisaagi.tmi.twitch.tv PRIVMSG #beringelamilgrau :esses meno s?o td minha familia PepePls
2019-07-27 9:13:16 PM: botfumante - Received: @badge-info=subscriber/1;badges=vip/1,subscriber/0,bits-charity/1;color=#5F9EA0;display-name=Jean__;emotes=;flags=0-42:;id=424edce7-3bf4-414c-855a-4d713981a515;mod=0;room-id=443063688;subscriber=1;tmi-sent-ts=1564272794783;turbo=0;user-id=38479494;user-type= :jean__!jean__@jean__.tmi.twitch.tv PRIVMSG #beringelamilgrau :https://www.youtube.com/watch?v=pS6OSSMKNRI Pepega
2019-07-27 9:13:43 PM: botfumante - Received: @badge-info=;badges=vip/1,premium/1;color=#D8FF00;display-name=guillapre;emotes=;flags=;id=693b23e5-6462-4d72-aa38-dfeb68519e60;mod=0;room-id=443063688;subscriber=0;tmi-sent-ts=1564272822253;turbo=0;user-id=157919745;user-type= :guillapre!guillapre@guillapre.tmi.twitch.tv PRIVMSG #beringelamilgrau :bot 75/10
2019-07-27 9:13:44 PM: botfumante - Received: @badge-info=;badges=;color=#1E90FF;display-name=Gabrigode;emotes=;flags=;id=3438e2c2-68b6-4b4c-ab92-595f56301e51;mod=0;room-id=443063688;subscriber=0;tmi-sent-ts=1564272822496;turbo=0;user-id=125402779;user-type= :gabrigode!gabrigode@gabrigode.tmi.twitch.tv PRIVMSG #beringelamilgrau :? aqui que t?o os web artistas?
2019-07-27 9:13:44 PM: botfumante - Received: :4zula0!4zula0@4zula0.tmi.twitch.tv PART #beringelamilgrau
2019-07-27 9:13:44 PM: botfumante - Received: :totoro!totoro@totoro.tmi.twitch.tv PART #beringelamilgrau
2019-07-27 9:13:51 PM: botfumante - Received: @badge-info=;badges=vip/1;color=#FF69B4;display-name=rbruno018;emotes=;flags=4-46:;id=4bb59839-fd51-4f15-a948-3b8915a9c612;mod=0;room-id=443063688;subscriber=0;tmi-sent-ts=1564272829456;turbo=0;user-id=216448313;user-type= :rbruno018!rbruno018@rbruno018.tmi.twitch.tv PRIVMSG #beringelamilgrau :!sr https://www.youtube.com/watch?v=3AirZDtIMTM
2019-07-27 9:13:51 PM: botfumante - Received: @badge-info=;badges=moderator/1,partner/1;color=#7C7CE1;display-name=Nightbot;emotes=;flags=14-17:S.5;id=e8b70777-ebb4-48fc-b8c2-953fe5eec581;mod=1;room-id=443063688;subscriber=0;tmi-sent-ts=1564272829817;turbo=0;user-id=19264788;user-type=mod :nightbot!nightbot@nightbot.tmi.twitch.tv PRIVMSG #beringelamilgrau :@rbruno018 -> "Sex Bob-Omb - Threshold" by Scott Pilgrim Music has been added to the queue in position #4
2019-07-27 9:14:09 PM: botfumante - Received: PING :tmi.twitch.tv
2019-07-27 9:14:09 PM: botfumante - Writing: PONG
2019-07-27 9:14:21 PM: botfumante - Received: @badge-info=;badges=;color=#1E90FF;display-name=Gabrigode;emotes=;flags=;id=7b7273f0-44b3-498c-90a9-1e671a5552f2;mod=0;room-id=443063688;subscriber=0;tmi-sent-ts=1564272859529;turbo=0;user-id=125402779;user-type= :gabrigode!gabrigode@gabrigode.tmi.twitch.tv PRIVMSG #beringelamilgrau :bora um Worms, time FeelsOkayMan
2019-07-27 9:14:41 PM: botfumante - Received: :0x4c554b49!0x4c554b49@0x4c554b49.tmi.twitch.tv JOIN #beringelamilgrau
2019-07-27 9:14:41 PM: botfumante - Received: :gabrigode!gabrigode@gabrigode.tmi.twitch.tv JOIN #beringelamilgrau
2019-07-27 9:14:41 PM: botfumante - Received: :bostinhaazul!bostinhaazul@bostinhaazul.tmi.twitch.tv PART #beringelamilgrau
2019-07-27 9:15:14 PM: botfumante - Received: @badge-info=;badges=vip/1;color=#008000;display-name=Hisaagi;emotes=;flags=;id=1a07c63c-e528-4f4e-8db3-5370b047b516;mod=0;room-id=443063688;subscriber=0;tmi-sent-ts=1564272913188;turbo=0;user-id=137774469;user-type= :hisaagi!hisaagi@hisaagi.tmi.twitch.tv PRIVMSG #beringelamilgrau :vou ficar de outra? FeelsBadMan
2019-07-27 9:15:15 PM: botfumante - Received: @badge-info=;badges=vip/1;color=#FF69B4;display-name=rbruno018;emote-only=1;emotes=300607992:0-8;flags=;id=a13a2150-65f8-4537-8193-fed0a59bf564;mod=0;room-id=443063688;subscriber=0;tmi-sent-ts=1564272913493;turbo=0;user-id=216448313;user-type= :rbruno018!rbruno018@rbruno018.tmi.twitch.tv PRIVMSG #beringelamilgrau :totorXila
2019-07-27 9:15:22 PM: botfumante - Received: @badge-info=;badges=;color=#1E90FF;display-name=Gabrigode;emotes=;flags=;id=d7883464-fdcf-4509-9599-70a73f66d938;mod=0;room-id=443063688;subscriber=0;tmi-sent-ts=1564272921127;turbo=0;user-id=125402779;user-type= :gabrigode!gabrigode@gabrigode.tmi.twitch.tv PRIVMSG #beringelamilgrau :eu e bruno temos umas contas a acertar FeelsOkayMan
2019-07-27 9:15:32 PM: botfumante - Received: @badge-info=;badges=vip/1,premium/1;color=#D8FF00;display-name=guillapre;emotes=;flags=;id=58105fe6-ec98-4877-ae9f-021d0c31be6f;mod=0;room-id=443063688;subscriber=0;tmi-sent-ts=1564272930886;turbo=0;user-id=157919745;user-type= :guillapre!guillapre@guillapre.tmi.twitch.tv PRIVMSG #beringelamilgrau :@totoro tu viu o bot do jean?
2019-07-27 9:15:38 PM: botfumante - Received: @badge-info=;badges=vip/1;color=#FF69B4;display-name=rbruno018;emotes=;flags=;id=82a3fcda-5790-4328-8f93-ec91b225da4b;mod=0;room-id=443063688;subscriber=0;tmi-sent-ts=1564272937213;turbo=0;user-id=216448313;user-type= :rbruno018!rbruno018@rbruno018.tmi.twitch.tv PRIVMSG #beringelamilgrau :o que ? teu ta guardado gabri FeelsOkayMan
2019-07-27 9:16:08 PM: botfumante - Received: @badge-info=;badges=vip/1;color=#FF69B4;display-name=rbruno018;emotes=;flags=;id=4a74fcbf-e5fc-42ec-a049-18efca80743c;mod=0;room-id=443063688;subscriber=0;tmi-sent-ts=1564272966856;turbo=0;user-id=216448313;user-type= :rbruno018!rbruno018@rbruno018.tmi.twitch.tv PRIVMSG #beringelamilgrau :eu gravei o meu no armagedon com os amigos tb
2019-07-27 9:16:48 PM: botfumante - Received: :motheroftigers!motheroftigers@motheroftigers.tmi.twitch.tv JOIN #beringelamilgrau
2019-07-27 9:16:48 PM: botfumante - Received: :loompa_!loompa_@loompa_.tmi.twitch.tv JOIN #beringelamilgrau
2019-07-27 9:16:48 PM: botfumante - Received: :michelle_rezende!michelle_rezende@michelle_rezende.tmi.twitch.tv PART #beringelamilgrau
2019-07-27 9:17:22 PM: botfumante - Received: @badge-info=;badges=;color=#1E90FF;display-name=Gabrigode;emotes=;flags=;id=e07f6f67-129c-492f-aad2-bcc55510988f;mod=0;room-id=443063688;subscriber=0;tmi-sent-ts=1564273040736;turbo=0;user-id=125402779;user-type= :gabrigode!gabrigode@gabrigode.tmi.twitch.tv PRIVMSG #beringelamilgrau :bora um missel, Maria FeelsOkayMan
2019-07-27 9:17:46 PM: botfumante - Received: :michelle_rezende!michelle_rezende@michelle_rezende.tmi.twitch.tv JOIN #beringelamilgrau
2019-07-27 9:17:46 PM: botfumante - Received: :loompa_!loompa_@loompa_.tmi.twitch.tv PART #beringelamilgrau
2019-07-27 9:17:47 PM: botfumante - Received: @badge-info=;badges=vip/1;color=#FF69B4;display-name=rbruno018;emotes=;flags=4-46:;id=80f4418a-0d17-410f-90e4-3f5312225852;mod=0;room-id=443063688;subscriber=0;tmi-sent-ts=1564273065092;turbo=0;user-id=216448313;user-type= :rbruno018!rbruno018@rbruno018.tmi.twitch.tv PRIVMSG #beringelamilgrau :!sr https://www.youtube.com/watch?v=WDswiT87oo8
2019-07-27 9:17:47 PM: botfumante - Received: @badge-info=;badges=moderator/1,partner/1;color=#7C7CE1;display-name=Nightbot;emotes=;flags=;id=6b893c2f-b8bb-4f02-8dff-7878e2ac6041;mod=1;room-id=443063688;subscriber=0;tmi-sent-ts=1564273065513;turbo=0;user-id=19264788;user-type=mod :nightbot!nightbot@nightbot.tmi.twitch.tv PRIVMSG #beringelamilgrau :@rbruno018 -> "Blur - Girls And Boys" by emimusic has been added to the queue in position #4
2019-07-27 9:18:14 PM: botfumante - Received: @badge-info=;badges=vip/1;color=#FF69B4;display-name=rbruno018;emotes=;flags=;id=0ebc6773-0f38-4069-ba05-6e7676fa39cf;mod=0;room-id=443063688;subscriber=0;tmi-sent-ts=1564273092650;turbo=0;user-id=216448313;user-type= :rbruno018!rbruno018@rbruno018.tmi.twitch.tv PRIVMSG #beringelamilgrau :de corrida
2019-07-27 9:18:41 PM: botfumante - Received: @badge-info=;badges=vip/1;color=#008000;display-name=Hisaagi;emotes=;flags=;id=936ca566-1150-471e-9ce7-48e0092f9c08;mod=0;room-id=443063688;subscriber=0;tmi-sent-ts=1564273120054;turbo=0;user-id=137774469;user-type= :hisaagi!hisaagi@hisaagi.tmi.twitch.tv PRIVMSG #beringelamilgrau :pronto, to indo at? logo amiguinhos peepoSleepo
2019-07-27 9:18:54 PM: botfumante - Received: @badge-info=;badges=;color=#1E90FF;display-name=Gabrigode;emotes=;flags=;id=a2196178-0575-4583-8737-cd414aa9360e;mod=0;room-id=443063688;subscriber=0;tmi-sent-ts=1564273133158;turbo=0;user-id=125402779;user-type= :gabrigode!gabrigode@gabrigode.tmi.twitch.tv PRIVMSG #beringelamilgrau :Boa noite, Hisagi
2019-07-27 9:18:55 PM: botfumante - Received: @badge-info=;badges=vip/1,premium/1;color=#D8FF00;display-name=guillapre;emotes=;flags=;id=2827ae7d-b37a-45a7-a91f-217bd085d167;mod=0;room-id=443063688;subscriber=0;tmi-sent-ts=1564273133907;turbo=0;user-id=157919745;user-type= :guillapre!guillapre@guillapre.tmi.twitch.tv PRIVMSG #beringelamilgrau :flws hisaagi PepeComfy
2019-07-27 9:19:06 PM: botfumante - Received: PING :tmi.twitch.tv
2019-07-27 9:19:06 PM: botfumante - Writing: PONG
2019-07-27 9:19:15 PM: botfumante - Received: @badge-info=;badges=vip/1;color=#FF69B4;display-name=rbruno018;emotes=;flags=;id=6e734ffb-5d0c-4ea1-8725-aa2b2169b11f;mod=0;room-id=443063688;subscriber=0;tmi-sent-ts=1564273153581;turbo=0;user-id=216448313;user-type= :rbruno018!rbruno018@rbruno018.tmi.twitch.tv PRIVMSG #beringelamilgrau :!sr
2019-07-27 9:19:15 PM: botfumante - Received: @badge-info=;badges=moderator/1,partner/1;color=#7C7CE1;display-name=Nightbot;emotes=;flags=;id=ea247a46-b81f-48f7-b2bc-a97175e98ae6;mod=1;room-id=443063688;subscriber=0;tmi-sent-ts=1564273153999;turbo=0;user-id=19264788;user-type=mod :nightbot!nightbot@nightbot.tmi.twitch.tv PRIVMSG #beringelamilgrau :@rbruno018 -> You must specify a song to search for.
2019-07-27 9:19:20 PM: botfumante - Received: @badge-info=;badges=vip/1;color=#FF69B4;display-name=rbruno018;emotes=;flags=4-46:;id=47292ab6-b1fe-43b4-b108-710b2eb5f6c1;mod=0;room-id=443063688;subscriber=0;tmi-sent-ts=1564273158630;turbo=0;user-id=216448313;user-type= :rbruno018!rbruno018@rbruno018.tmi.twitch.tv PRIVMSG #beringelamilgrau :!sr https://www.youtube.com/watch?v=1TO48Cnl66w
2019-07-27 9:19:44 PM: botfumante - Received: :s1faka!s1faka@s1faka.tmi.twitch.tv JOIN #beringelamilgrau
2019-07-27 9:19:45 PM: botfumante - Received: @badge-info=;badges=vip/1;color=#FF69B4;display-name=rbruno018;emotes=;flags=4-46:;id=769bfe7e-8ce5-4984-adff-36e2dde58f23;mod=0;room-id=443063688;subscriber=0;tmi-sent-ts=1564273184155;turbo=0;user-id=216448313;user-type= :rbruno018!rbruno018@rbruno018.tmi.twitch.tv PRIVMSG #beringelamilgrau :!sr https://www.youtube.com/watch?v=1TO48Cnl66w
2019-07-27 9:19:46 PM: botfumante - Received: @badge-info=;badges=moderator/1,partner/1;color=#7C7CE1;display-name=Nightbot;emotes=;flags=;id=fca5decc-cacb-4a92-bbe3-5d4e0eb06044;mod=1;room-id=443063688;subscriber=0;tmi-sent-ts=1564273184605;turbo=0;user-id=19264788;user-type=mod :nightbot!nightbot@nightbot.tmi.twitch.tv PRIVMSG #beringelamilgrau :@rbruno018 -> "Dido - Thank You (Official Music Video)" by DidoVEVO has been added to the queue in position #4
2019-07-27 9:20:19 PM: botfumante - Received: @badge-info=;badges=vip/1,premium/1;color=#D8FF00;display-name=guillapre;emotes=;flags=44-51:;id=a7f8d5d0-ebdf-42e3-acd3-c32c69477e7c;mod=0;room-id=443063688;subscriber=0;tmi-sent-ts=1564273217463;turbo=0;user-id=157919745;user-type= :guillapre!guillapre@guillapre.tmi.twitch.tv PRIVMSG #beringelamilgrau :tem um bot no discord que streema uma saida de audio do pc, ai da pra capturar o audio do navegador e botar pra todo mundo do discord escutar
2019-07-27 9:20:33 PM: botfumante - Received: @badge-info=subscriber/1;badges=subscriber/0,premium/1;color=#00FF7F;display-name=leafjat;emote-only=1;emotes=864143:0-11,13-24,26-37;flags=;id=3f333187-079e-4848-b7e6-c99a584de195;mod=0;room-id=443063688;subscriber=1;tmi-sent-ts=1564273231649;turbo=0;user-id=424124612;user-type= :leafjat!leafjat@leafjat.tmi.twitch.tv PRIVMSG #beringelamilgrau :PokBlastoise PokBlastoise PokBlastoise
2019-07-27 9:20:46 PM: botfumante - Received: :hostmeraffle!hostmeraffle@hostmeraffle.tmi.twitch.tv JOIN #beringelamilgrau
2019-07-27 9:20:46 PM: botfumante - Received: :freddyybot!freddyybot@freddyybot.tmi.twitch.tv PART #beringelamilgrau
2019-07-27 9:20:53 PM: botfumante - Received: @badge-info=;badges=vip/1;color=#FF69B4;display-name=rbruno018;emotes=;flags=4-31:;id=6f858404-318e-471a-85bf-6a575b4656d0;mod=0;room-id=443063688;subscriber=0;tmi-sent-ts=1564273251444;turbo=0;user-id=216448313;user-type= :rbruno018!rbruno018@rbruno018.tmi.twitch.tv PRIVMSG #beringelamilgrau :!sr https://youtu.be/GbevQH1B9ic
2019-07-27 9:20:53 PM: botfumante - Received: @badge-info=;badges=moderator/1,partner/1;color=#7C7CE1;display-name=Nightbot;emotes=;flags=63-70:P.6;id=ba09546d-c4de-4ad5-8719-bcd4c40b50ad;mod=1;room-id=443063688;subscriber=0;tmi-sent-ts=1564273251863;turbo=0;user-id=19264788;user-type=mod :nightbot!nightbot@nightbot.tmi.twitch.tv PRIVMSG #beringelamilgrau :@rbruno018 -> "Daryl Hall & John Oates - Maneater (Lyrics)" by Farky918 has been added to the queue in position #5
2019-07-27 9:21:17 PM: botfumante - Received: @badge-info=;badges=vip/1,premium/1;color=#D8FF00;display-name=guillapre;emotes=;flags=;id=4cc5cb32-4271-4d59-9e2c-42ea172f01d1;mod=0;room-id=443063688;subscriber=0;tmi-sent-ts=1564273276350;turbo=0;user-id=157919745;user-type= :guillapre!guillapre@guillapre.tmi.twitch.tv PRIVMSG #beringelamilgrau :tier 1 - coca de caf? - tier 2 coca de garrafa de vidro
2019-07-27 9:21:27 PM: botfumante - Received: @badge-info=subscriber/1;badges=subscriber/0,premium/1;color=#00FF7F;display-name=leafjat;emotes=;flags=;id=9c5c2d5f-edb4-4bcc-82af-16a3dde76478;mod=0;room-id=443063688;subscriber=1;tmi-sent-ts=1564273285718;turbo=0;user-id=424124612;user-type= :leafjat!leafjat@leafjat.tmi.twitch.tv PRIVMSG #beringelamilgrau :coloquem a Banda Jungle pra tocar
2019-07-27 9:21:49 PM: botfumante - Received: :leafjat!leafjat@leafjat.tmi.twitch.tv JOIN #beringelamilgrau
2019-07-27 9:21:49 PM: botfumante - Received: @badge-info=subscriber/1;badges=subscriber/0,premium/1;color=#00FF7F;display-name=leafjat;emotes=;flags=;id=8404e4c8-ec43-4faa-8f04-92cf52122ec9;mod=0;room-id=443063688;subscriber=1;tmi-sent-ts=1564273307990;turbo=0;user-id=424124612;user-type= :leafjat!leafjat@leafjat.tmi.twitch.tv PRIVMSG #beringelamilgrau :queeeee
2019-07-27 9:22:02 PM: botfumante - Received: @badge-info=subscriber/1;badges=subscriber/0,premium/1;color=#00FF7F;display-name=leafjat;emotes=;flags=;id=9e25ad0e-2521-4c4a-8b4b-80cb2de358eb;mod=0;room-id=443063688;subscriber=1;tmi-sent-ts=1564273320505;turbo=0;user-id=424124612;user-type= :leafjat!leafjat@leafjat.tmi.twitch.tv PRIVMSG #beringelamilgrau :Que moderno
2019-07-27 9:22:31 PM: botfumante - Received: @badge-info=;badges=vip/1;color=#FF69B4;display-name=rbruno018;emotes=;flags=;id=72f211ba-ff12-4a6c-b5bf-0407ddeb3bd9;mod=0;room-id=443063688;subscriber=0;tmi-sent-ts=1564273349609;turbo=0;user-id=216448313;user-type= :rbruno018!rbruno018@rbruno018.tmi.twitch.tv PRIVMSG #beringelamilgrau :FeelsMan
2019-07-27 9:22:49 PM: botfumante - Received: @badge-info=;badges=vip/1,premium/1;color=#D8FF00;display-name=guillapre;emotes=;flags=;id=173fb60d-b18f-4a3a-8141-a39175c30f17;mod=0;room-id=443063688;subscriber=0;tmi-sent-ts=1564273367460;turbo=0;user-id=157919745;user-type= :guillapre!guillapre@guillapre.tmi.twitch.tv PRIVMSG #beringelamilgrau :algo me diz que vai ser lindo ver isso no especial
2019-07-27 9:23:07 PM: botfumante - Received: @badge-info=;badges=vip/1;color=#FF69B4;display-name=rbruno018;emotes=;flags=4-46:;id=41c5ead3-34c6-41bd-bf1a-7cf6467ef1be;mod=0;room-id=443063688;subscriber=0;tmi-sent-ts=1564273385534;turbo=0;user-id=216448313;user-type= :rbruno018!rbruno018@rbruno018.tmi.twitch.tv PRIVMSG #beringelamilgrau :!sr https://www.youtube.com/watch?v=YKQkTMGhxQo
2019-07-27 9:23:08 PM: botfumante - Received: @badge-info=;badges=moderator/1,partner/1;color=#7C7CE1;display-name=Nightbot;emotes=;flags=;id=09a0fedc-6cb1-43fe-a815-53f1648193ab;mod=1;room-id=443063688;subscriber=0;tmi-sent-ts=1564273385989;turbo=0;user-id=19264788;user-type=mod :nightbot!nightbot@nightbot.tmi.twitch.tv PRIVMSG #beringelamilgrau :@rbruno018 -> "a-ha - Take On Me (Legendado)" by Fabricio Moreira has been added to the queue in position #5
2019-07-27 9:23:38 PM: botfumante - Received: @badge-info=subscriber/1;badges=broadcaster/1,subscriber/0;color=#8A2BE2;display-name=BeringelaMilGrau;emotes=;flags=4-46:;id=d4bc4d2e-b21b-4e29-92a7-c97d9c256f06;mod=0;room-id=443063688;subscriber=1;tmi-sent-ts=1564273417192;turbo=0;user-id=443063688;user-type= :beringelamilgrau!beringelamilgrau@beringelamilgrau.tmi.twitch.tv PRIVMSG #beringelamilgrau :!sr https://www.youtube.com/watch?v=rS2FDyOKR2g
2019-07-27 9:23:39 PM: botfumante - Received: @badge-info=;badges=moderator/1,partner/1;color=#7C7CE1;display-name=Nightbot;emotes=;flags=;id=641becf1-2442-4507-ad07-8d8107347db2;mod=1;room-id=443063688;subscriber=0;tmi-sent-ts=1564273417623;turbo=0;user-id=19264788;user-type=mod :nightbot!nightbot@nightbot.tmi.twitch.tv PRIVMSG #beringelamilgrau :@BeringelaMilGrau -> "Cesar Menotti, Fabiano - Leil?o" by CesarMenottiVEVO has been added to the queue in position #6
2019-07-27 9:23:42 PM: botfumante - Received: @badge-info=;badges=;color=;display-name=JeanTheBot;emotes=;flags=;id=c6dfaae1-6aa3-42c6-890a-6d8c27da1547;mod=0;room-id=443063688;subscriber=0;tmi-sent-ts=1564273420806;turbo=0;user-id=404841354;user-type= :jeanthebot!jeanthebot@jeanthebot.tmi.twitch.tv PRIVMSG #beringelamilgrau :Pepega
2019-07-27 9:23:43 PM: botfumante - Received: PING :tmi.twitch.tv
2019-07-27 9:23:43 PM: botfumante - Writing: PONG
2019-07-27 9:23:46 PM: botfumante - Received: @badge-info=;badges=vip/1,premium/1;color=#D8FF00;display-name=guillapre;emotes=;flags=59-66:;id=3289ee70-6f68-4a4f-9a0d-e319d068b13d;mod=0;room-id=443063688;subscriber=0;tmi-sent-ts=1564273424794;turbo=0;user-id=157919745;user-type= :guillapre!guillapre@guillapre.tmi.twitch.tv PRIVMSG #beringelamilgrau :@Montee_Waffle tem um bot no discord que streema uma saida de audio do pc, ai da pra capturar o audio do navegador e botar pra todo mundo do discord escutar
2019-07-27 9:23:49 PM: botfumante - Received: @badge-info=;badges=vip/1,premium/1;color=#D8FF00;display-name=guillapre;emotes=;flags=;id=1e6a487e-aa30-41de-a6c3-6974386cc072;mod=0;room-id=443063688;subscriber=0;tmi-sent-ts=1564273427990;turbo=0;user-id=157919745;user-type= :guillapre!guillapre@guillapre.tmi.twitch.tv PRIVMSG #beringelamilgrau :Pepega
2019-07-27 9:23:51 PM: botfumante - Received: @badge-info=;badges=;color=;display-name=JeanTheBot;emotes=;flags=;id=f9d7b88a-5a35-4763-9469-1ce335e11067;mod=0;room-id=443063688;subscriber=0;tmi-sent-ts=1564273430152;turbo=0;user-id=404841354;user-type= :jeanthebot!jeanthebot@jeanthebot.tmi.twitch.tv PRIVMSG #beringelamilgrau :manda salve Pepega
2019-07-27 9:24:01 PM: botfumante - Received: @badge-info=subscriber/1;badges=vip/1,subscriber/0,bits-charity/1;color=#5F9EA0;display-name=Jean__;emotes=;flags=;id=478985ca-73b5-4ebf-8bbe-4d4a9cb55652;mod=0;room-id=443063688;subscriber=1;tmi-sent-ts=1564273439794;turbo=0;user-id=38479494;user-type= :jean__!jean__@jean__.tmi.twitch.tv PRIVMSG #beringelamilgrau :ConcernFroge
2019-07-27 9:24:07 PM: botfumante - Received: @badge-info=subscriber/1;badges=vip/1,subscriber/0,bits-charity/1;color=#5F9EA0;display-name=Jean__;emotes=;flags=;id=2b258d02-bafa-49f3-a34b-fbe4a5dba15a;mod=0;room-id=443063688;subscriber=1;tmi-sent-ts=1564273446143;turbo=0;user-id=38479494;user-type= :jean__!jean__@jean__.tmi.twitch.tv PRIVMSG #beringelamilgrau :bane esse jeanthebot pedindo salve
2019-07-27 9:24:24 PM: botfumante - Received: @badge-info=;badges=vip/1,premium/1;color=#D8FF00;display-name=guillapre;emotes=;flags=;id=43c18607-bb94-4dbe-b7fb-b1457c26128e;mod=0;room-id=443063688;subscriber=0;tmi-sent-ts=1564273462932;turbo=0;user-id=157919745;user-type= :guillapre!guillapre@guillapre.tmi.twitch.tv PRIVMSG #beringelamilgrau :ban jeanthebot 1/10
2019-07-27 9:24:31 PM: botfumante - Received: @badge-info=subscriber/1;badges=subscriber/0,premium/1;color=#00FF7F;display-name=leafjat;emotes=;flags=4-31:;id=2bb326e7-02ef-4beb-a7c7-0ed9a049514b;mod=0;room-id=443063688;subscriber=1;tmi-sent-ts=1564273469786;turbo=0;user-id=424124612;user-type= :leafjat!leafjat@leafjat.tmi.twitch.tv PRIVMSG #beringelamilgrau :!sr https://youtu.be/7nJRGARveVc
2019-07-27 9:24:32 PM: botfumante - Received: @badge-info=;badges=moderator/1,partner/1;color=#7C7CE1;display-name=Nightbot;emotes=;flags=;id=9b35ef93-2a4c-407d-acc6-22aa127a6239;mod=1;room-id=443063688;subscriber=0;tmi-sent-ts=1564273470179;turbo=0;user-id=19264788;user-type=mod :nightbot!nightbot@nightbot.tmi.twitch.tv PRIVMSG #beringelamilgrau :@leafjat -> "Jungle - Casio (Official Video)" by JungleVEVO has been added to the queue in position #7
2019-07-27 9:24:34 PM: botfumante - Received: @room-id=443063688;target-user-id=404841354;tmi-sent-ts=1564273473352 :tmi.twitch.tv CLEARCHAT #beringelamilgrau :jeanthebot
2019-07-27 9:24:41 PM: botfumante - Received: @badge-info=subscriber/1;badges=vip/1,subscriber/0,bits-charity/1;color=#5F9EA0;display-name=Jean__;emotes=;flags=;id=c89fedb9-58b6-4586-a271-087f1aa93b54;mod=0;room-id=443063688;subscriber=1;tmi-sent-ts=1564273479424;turbo=0;user-id=38479494;user-type= :jean__!jean__@jean__.tmi.twitch.tv PRIVMSG #beringelamilgrau :FeelsOkayMan
2019-07-27 9:24:49 PM: botfumante - Received: @badge-info=subscriber/1;badges=vip/1,subscriber/0,bits-charity/1;color=#5F9EA0;display-name=Jean__;emotes=;flags=;id=d46e40ee-c921-4c6f-a7c1-ca1c62ed8962;mod=0;room-id=443063688;subscriber=1;tmi-sent-ts=1564273487817;turbo=0;user-id=38479494;user-type= :jean__!jean__@jean__.tmi.twitch.tv PRIVMSG #beringelamilgrau :funcionou FeelsOkayMan
2019-07-27 9:24:54 PM: botfumante - Received: @badge-info=;badges=vip/1;color=#FF69B4;display-name=rbruno018;emotes=;flags=;id=4f9e6328-99e8-4b6d-8281-6e37ca89f79d;mod=0;room-id=443063688;subscriber=0;tmi-sent-ts=1564273492446;turbo=0;user-id=216448313;user-type= :rbruno018!rbruno018@rbruno018.tmi.twitch.tv PRIVMSG #beringelamilgrau :FeelsOkayMan
2019-07-27 9:24:59 PM: botfumante - Received: :capetalaser!capetalaser@capetalaser.tmi.twitch.tv JOIN #beringelamilgrau
2019-07-27 9:24:59 PM: botfumante - Received: :bronzilv!bronzilv@bronzilv.tmi.twitch.tv JOIN #beringelamilgrau
2019-07-27 9:24:59 PM: botfumante - Received: :leafjat!leafjat@leafjat.tmi.twitch.tv PART #beringelamilgrau
2019-07-27 9:25:09 PM: botfumante - Received: @badge-info=;badges=vip/1,premium/1;color=#D8FF00;display-name=guillapre;emotes=;flags=;id=746e2796-45dc-4712-bc57-29899df22deb;mod=0;room-id=443063688;subscriber=0;tmi-sent-ts=1564273507632;turbo=0;user-id=157919745;user-type= :guillapre!guillapre@guillapre.tmi.twitch.tv PRIVMSG #beringelamilgrau :FeelsGoodMan
2019-07-27 9:25:13 PM: botfumante - Received: @badge-info=subscriber/1;badges=subscriber/0,premium/1;color=#00FF7F;display-name=leafjat;emotes=;flags=;id=6ae38f64-3f12-407e-8191-b96493a11373;mod=0;room-id=443063688;subscriber=1;tmi-sent-ts=1564273511583;turbo=0;user-id=424124612;user-type= :leafjat!leafjat@leafjat.tmi.twitch.tv PRIVMSG #beringelamilgrau :sintobemmacho
2019-07-27 9:25:23 PM: botfumante - Received: @badge-info=subscriber/1;badges=vip/1,subscriber/0,bits-charity/1;color=#5F9EA0;display-name=Jean__;emotes=;flags=;id=2f925b42-df64-437a-93c7-268f68c628a8;mod=0;room-id=443063688;subscriber=1;tmi-sent-ts=1564273521912;turbo=0;user-id=38479494;user-type= :jean__!jean__@jean__.tmi.twitch.tv PRIVMSG #beringelamilgrau :tava testando o evento de tomar ban FeelsOkayMan
