8/22/2019 8:19:57 PM: botfumante - Connecting to: wss://irc-ws.chat.twitch.tv:443
8/22/2019 8:19:59 PM: botfumante - Should be connected!
8/22/2019 8:19:59 PM: botfumante - Joining channel: beringelamilgrau
8/22/2019 8:20:00 PM: botfumante - Received: :tmi.twitch.tv 001 botfumante :Welcome, GLHF!
8/22/2019 8:20:00 PM: botfumante - Received: :tmi.twitch.tv 002 botfumante :Your host is tmi.twitch.tv
8/22/2019 8:20:00 PM: botfumante - Received: :tmi.twitch.tv 003 botfumante :This server is rather new
8/22/2019 8:20:00 PM: botfumante - Received: :tmi.twitch.tv 004 botfumante :-
8/22/2019 8:20:00 PM: botfumante - Received: :tmi.twitch.tv 375 botfumante :-
8/22/2019 8:20:00 PM: botfumante - Received: :tmi.twitch.tv 372 botfumante :You are in a maze of twisty passages, all alike.
8/22/2019 8:20:00 PM: botfumante - Received: :tmi.twitch.tv 376 botfumante :>
8/22/2019 8:20:00 PM: botfumante - Received: :tmi.twitch.tv CAP * ACK :twitch.tv/membership
8/22/2019 8:20:00 PM: botfumante - Unaccounted for: :tmi.twitch.tv CAP * ACK :twitch.tv/membership
8/22/2019 8:20:00 PM: botfumante - Received: :tmi.twitch.tv CAP * ACK :twitch.tv/commands
8/22/2019 8:20:00 PM: botfumante - Unaccounted for: :tmi.twitch.tv CAP * ACK :twitch.tv/commands
8/22/2019 8:20:00 PM: botfumante - Received: :tmi.twitch.tv CAP * ACK :twitch.tv/tags
8/22/2019 8:20:00 PM: botfumante - Unaccounted for: :tmi.twitch.tv CAP * ACK :twitch.tv/tags
8/22/2019 8:20:00 PM: botfumante - Received: :botfumante!botfumante@botfumante.tmi.twitch.tv JOIN #beringelamilgrau
8/22/2019 8:20:00 PM: botfumante - Received: :botfumante.tmi.twitch.tv 353 botfumante = #beringelamilgrau :botfumante
8/22/2019 8:20:00 PM: botfumante - Received: :botfumante.tmi.twitch.tv 366 botfumante #beringelamilgrau :End of /NAMES list
8/22/2019 8:20:00 PM: botfumante - Finished channel joining queue.
8/22/2019 8:20:00 PM: botfumante - Received: @badge-info=;badges=;color=;display-name=BotFumante;emote-sets=0;mod=0;subscriber=0;user-type= :tmi.twitch.tv USERSTATE #beringelamilgrau
8/22/2019 8:20:00 PM: botfumante - Received: @emote-only=0;followers-only=-1;r9k=0;rituals=0;room-id=443063688;slow=0;subs-only=0 :tmi.twitch.tv ROOMSTATE #beringelamilgrau
8/22/2019 8:20:00 PM: botfumante - Finished channel joining queue.
8/22/2019 8:20:12 PM: botfumante - Received: @badge-info=;badges=moderator/1;color=#008000;display-name=TONYXZERO;emotes=;flags=;id=095c59c6-9981-4672-aec6-89bba50f2c92;mod=1;room-id=443063688;subscriber=0;tmi-sent-ts=1566516011224;turbo=0;user-id=38731171;user-type=mod :tonyxzero!tonyxzero@tonyxzero.tmi.twitch.tv PRIVMSG #beringelamilgrau :Bora comprar Session Hisaagi?? Bora perder um dinheiro FeelsBirthdayMan
8/22/2019 8:20:21 PM: botfumante - Received: @badge-info=;badges=bits-charity/1;color=#DAA520;display-name=lucaesan;emotes=;flags=;id=9e9bfa18-faf4-4047-86fe-5600f1823bbe;mod=0;room-id=443063688;subscriber=0;tmi-sent-ts=1566516020805;turbo=0;user-id=167039036;user-type= :lucaesan!lucaesan@lucaesan.tmi.twitch.tv PRIVMSG #beringelamilgrau :eu vou comprar
8/22/2019 8:20:28 PM: botfumante - Received: @badge-info=;badges=moderator/1;color=#008000;display-name=TONYXZERO;emotes=;flags=;id=9b485694-9e39-49ad-8a46-fbd02a2a9274;mod=1;room-id=443063688;subscriber=0;tmi-sent-ts=1566516028261;turbo=0;user-id=38731171;user-type=mod :tonyxzero!tonyxzero@tonyxzero.tmi.twitch.tv PRIVMSG #beringelamilgrau :Entra na roubada com os amigo FeelsBirthdayMan
8/22/2019 8:20:28 PM: botfumante - Received: @badge-info=;badges=bits-charity/1;color=#DAA520;display-name=lucaesan;emotes=;flags=;id=a8b16c27-b468-4b31-9d52-239ada841cab;mod=0;room-id=443063688;subscriber=0;tmi-sent-ts=1566516028417;turbo=0;user-id=167039036;user-type= :lucaesan!lucaesan@lucaesan.tmi.twitch.tv PRIVMSG #beringelamilgrau :pra ficar triste
8/22/2019 8:20:33 PM: botfumante - Received: :ixlimpoke!ixlimpoke@ixlimpoke.tmi.twitch.tv JOIN #beringelamilgrau
8/22/2019 8:20:33 PM: botfumante - Received: :winsock!winsock@winsock.tmi.twitch.tv JOIN #beringelamilgrau
8/22/2019 8:20:33 PM: botfumante - Received: :commanderroot!commanderroot@commanderroot.tmi.twitch.tv JOIN #beringelamilgrau
8/22/2019 8:20:33 PM: botfumante - Received: :clip_clock!clip_clock@clip_clock.tmi.twitch.tv JOIN #beringelamilgrau
8/22/2019 8:20:33 PM: botfumante - Received: :lucaesan!lucaesan@lucaesan.tmi.twitch.tv JOIN #beringelamilgrau
8/22/2019 8:20:33 PM: botfumante - Received: :montee_waffle!montee_waffle@montee_waffle.tmi.twitch.tv JOIN #beringelamilgrau
8/22/2019 8:20:33 PM: botfumante - Received: :streamlabs!streamlabs@streamlabs.tmi.twitch.tv JOIN #beringelamilgrau
8/22/2019 8:20:33 PM: botfumante - Received: :lurxx!lurxx@lurxx.tmi.twitch.tv JOIN #beringelamilgrau
8/22/2019 8:20:33 PM: botfumante - Received: :tonyxzero!tonyxzero@tonyxzero.tmi.twitch.tv JOIN #beringelamilgrau
8/22/2019 8:20:33 PM: botfumante - Received: :pedros_henrik!pedros_henrik@pedros_henrik.tmi.twitch.tv JOIN #beringelamilgrau
8/22/2019 8:20:33 PM: botfumante - Received: :jean__!jean__@jean__.tmi.twitch.tv JOIN #beringelamilgrau
8/22/2019 8:20:33 PM: botfumante - Received: :hisaagi!hisaagi@hisaagi.tmi.twitch.tv JOIN #beringelamilgrau
8/22/2019 8:20:33 PM: botfumante - Received: :beringelamilgrau!beringelamilgrau@beringelamilgrau.tmi.twitch.tv JOIN #beringelamilgrau
8/22/2019 8:20:33 PM: botfumante - Received: :p0lizei_!p0lizei_@p0lizei_.tmi.twitch.tv JOIN #beringelamilgrau
8/22/2019 8:20:33 PM: botfumante - Received: :don_torelli!don_torelli@don_torelli.tmi.twitch.tv JOIN #beringelamilgrau
8/22/2019 8:20:33 PM: botfumante - Received: :alexisyuki!alexisyuki@alexisyuki.tmi.twitch.tv JOIN #beringelamilgrau
8/22/2019 8:20:33 PM: botfumante - Received: :michelle_rezende!michelle_rezende@michelle_rezende.tmi.twitch.tv JOIN #beringelamilgrau
8/22/2019 8:20:33 PM: botfumante - Received: :gladosxcake!gladosxcake@gladosxcake.tmi.twitch.tv JOIN #beringelamilgrau
8/22/2019 8:20:33 PM: botfumante - Received: :um_fido!um_fido@um_fido.tmi.twitch.tv JOIN #beringelamilgrau
8/22/2019 8:20:33 PM: botfumante - Received: :joseantonio001!joseantonio001@joseantonio001.tmi.twitch.tv JOIN #beringelamilgrau
8/22/2019 8:20:33 PM: botfumante - Received: :ddanniell!ddanniell@ddanniell.tmi.twitch.tv JOIN #beringelamilgrau
8/22/2019 8:20:33 PM: botfumante - Received: :guillapre!guillapre@guillapre.tmi.twitch.tv JOIN #beringelamilgrau
8/22/2019 8:20:33 PM: botfumante - Received: :leafjat!leafjat@leafjat.tmi.twitch.tv JOIN #beringelamilgrau
