2019-07-08 8:51:31 PM: botfumante - Connecting to: wss://irc-ws.chat.twitch.tv:443
2019-07-08 8:51:32 PM: botfumante - Should be connected!
2019-07-08 8:51:32 PM: botfumante - Joining channel: beringelamilgrau
2019-07-08 8:51:33 PM: botfumante - Received: :tmi.twitch.tv 001 botfumante :Welcome, GLHF!
2019-07-08 8:51:33 PM: botfumante - Received: :tmi.twitch.tv 002 botfumante :Your host is tmi.twitch.tv
2019-07-08 8:51:33 PM: botfumante - Received: :tmi.twitch.tv 003 botfumante :This server is rather new
2019-07-08 8:51:33 PM: botfumante - Received: :tmi.twitch.tv 004 botfumante :-
2019-07-08 8:51:33 PM: botfumante - Received: :tmi.twitch.tv 375 botfumante :-
2019-07-08 8:51:33 PM: botfumante - Received: :tmi.twitch.tv 372 botfumante :You are in a maze of twisty passages, all alike.
2019-07-08 8:51:33 PM: botfumante - Received: :tmi.twitch.tv 376 botfumante :>
2019-07-08 8:51:33 PM: botfumante - Received: :tmi.twitch.tv CAP * ACK :twitch.tv/membership
2019-07-08 8:51:33 PM: botfumante - Unaccounted for: :tmi.twitch.tv CAP * ACK :twitch.tv/membership
2019-07-08 8:51:33 PM: botfumante - Received: :tmi.twitch.tv CAP * ACK :twitch.tv/commands
2019-07-08 8:51:33 PM: botfumante - Unaccounted for: :tmi.twitch.tv CAP * ACK :twitch.tv/commands
2019-07-08 8:51:33 PM: botfumante - Received: :tmi.twitch.tv CAP * ACK :twitch.tv/tags
2019-07-08 8:51:33 PM: botfumante - Unaccounted for: :tmi.twitch.tv CAP * ACK :twitch.tv/tags
2019-07-08 8:51:33 PM: botfumante - Received: :botfumante!botfumante@botfumante.tmi.twitch.tv JOIN #beringelamilgrau
2019-07-08 8:51:33 PM: botfumante - Received: :botfumante.tmi.twitch.tv 353 botfumante = #beringelamilgrau :botfumante
2019-07-08 8:51:33 PM: botfumante - Received: :botfumante.tmi.twitch.tv 366 botfumante #beringelamilgrau :End of /NAMES list
2019-07-08 8:51:33 PM: botfumante - Finished channel joining queue.
2019-07-08 8:51:33 PM: botfumante - Received: @badge-info=;badges=;color=;display-name=BotFumante;emote-sets=0;mod=0;subscriber=0;user-type= :tmi.twitch.tv USERSTATE #beringelamilgrau
2019-07-08 8:51:33 PM: botfumante - Received: @emote-only=0;followers-only=-1;r9k=0;rituals=0;room-id=443063688;slow=0;subs-only=0 :tmi.twitch.tv ROOMSTATE #beringelamilgrau
2019-07-08 8:51:33 PM: botfumante - Finished channel joining queue.
2019-07-08 8:51:34 PM: botfumante - Received: @badge-info=;badges=;color=;display-name=BotFumante;emote-sets=0;mod=0;subscriber=0;user-type= :tmi.twitch.tv USERSTATE #beringelamilgrau
2019-07-08 8:51:35 PM: botfumante - Received: @badge-info=;badges=premium/1;color=#FF69B4;display-name=Maria_Renata;emotes=;flags=;id=42c940c0-0b98-4d9f-a887-8c5a2d7ce776;mod=0;room-id=443063688;subscriber=0;tmi-sent-ts=1562629894910;turbo=0;user-id=212194263;user-type= :maria_renata!maria_renata@maria_renata.tmi.twitch.tv PRIVMSG #beringelamilgrau :FeelsBadMan
2019-07-08 8:51:36 PM: botfumante - Received: @room-id=443063688;target-user-id=212194263;tmi-sent-ts=1562629895885 :tmi.twitch.tv CLEARCHAT #beringelamilgrau :maria_renata
2019-07-08 8:51:42 PM: botfumante - Received: @badge-info=;badges=moderator/1;color=#008000;display-name=TONYXZERO;emotes=;flags=;id=6c2be0c3-553a-44c7-9bea-a32f1d6b91ff;mod=1;room-id=443063688;subscriber=0;tmi-sent-ts=1562629902076;turbo=0;user-id=38731171;user-type=mod :tonyxzero!tonyxzero@tonyxzero.tmi.twitch.tv PRIVMSG #beringelamilgrau :OMEGALUL
2019-07-08 8:51:50 PM: botfumante - Received: @badge-info=;badges=;color=#FF69B4;display-name=rbruno018;emotes=;flags=;id=5f071313-afea-44a6-a6d0-dd5e0acdc7b2;mod=0;room-id=443063688;subscriber=0;tmi-sent-ts=1562629910215;turbo=0;user-id=216448313;user-type= :rbruno018!rbruno018@rbruno018.tmi.twitch.tv PRIVMSG #beringelamilgrau :OMEGALUL OMEGALUL
2019-07-08 8:52:06 PM: botfumante - Received: :angeloflight!angeloflight@angeloflight.tmi.twitch.tv JOIN #beringelamilgrau
2019-07-08 8:52:06 PM: botfumante - Received: :saulo_pe!saulo_pe@saulo_pe.tmi.twitch.tv JOIN #beringelamilgrau
2019-07-08 8:52:06 PM: botfumante - Received: :freddyybot!freddyybot@freddyybot.tmi.twitch.tv JOIN #beringelamilgrau
2019-07-08 8:52:06 PM: botfumante - Received: :brun0hl!brun0hl@brun0hl.tmi.twitch.tv JOIN #beringelamilgrau
2019-07-08 8:52:06 PM: botfumante - Received: :cachebear!cachebear@cachebear.tmi.twitch.tv JOIN #beringelamilgrau
2019-07-08 8:52:06 PM: botfumante - Received: :commanderroot!commanderroot@commanderroot.tmi.twitch.tv JOIN #beringelamilgrau
2019-07-08 8:52:06 PM: botfumante - Received: :nightbot!nightbot@nightbot.tmi.twitch.tv JOIN #beringelamilgrau
2019-07-08 8:52:06 PM: botfumante - Received: :canaltotorial!canaltotorial@canaltotorial.tmi.twitch.tv JOIN #beringelamilgrau
2019-07-08 8:52:06 PM: botfumante - Received: :electricallongboard!electricallongboard@electricallongboard.tmi.twitch.tv JOIN #beringelamilgrau
2019-07-08 8:52:06 PM: botfumante - Received: :synnyter!synnyter@synnyter.tmi.twitch.tv JOIN #beringelamilgrau
2019-07-08 8:52:06 PM: botfumante - Received: :montee_waffle!montee_waffle@montee_waffle.tmi.twitch.tv JOIN #beringelamilgrau
2019-07-08 8:52:06 PM: botfumante - Received: :jean__!jean__@jean__.tmi.twitch.tv JOIN #beringelamilgrau
2019-07-08 8:52:06 PM: botfumante - Received: :lurxx!lurxx@lurxx.tmi.twitch.tv JOIN #beringelamilgrau
2019-07-08 8:52:06 PM: botfumante - Received: :beringelamilgrau!beringelamilgrau@beringelamilgrau.tmi.twitch.tv JOIN #beringelamilgrau
2019-07-08 8:52:06 PM: botfumante - Received: :tonyxzero!tonyxzero@tonyxzero.tmi.twitch.tv JOIN #beringelamilgrau
2019-07-08 8:52:06 PM: botfumante - Received: :teyyd!teyyd@teyyd.tmi.twitch.tv JOIN #beringelamilgrau
2019-07-08 8:52:06 PM: botfumante - Received: :gretchenmatadora!gretchenmatadora@gretchenmatadora.tmi.twitch.tv JOIN #beringelamilgrau
2019-07-08 8:52:06 PM: botfumante - Received: :anotherttvviewer!anotherttvviewer@anotherttvviewer.tmi.twitch.tv JOIN #beringelamilgrau
2019-07-08 8:52:06 PM: botfumante - Received: :zanekyber!zanekyber@zanekyber.tmi.twitch.tv JOIN #beringelamilgrau
2019-07-08 8:52:06 PM: botfumante - Received: :rbruno018!rbruno018@rbruno018.tmi.twitch.tv JOIN #beringelamilgrau
2019-07-08 8:52:06 PM: botfumante - Received: :energyzbot!energyzbot@energyzbot.tmi.twitch.tv JOIN #beringelamilgrau
2019-07-08 8:52:06 PM: botfumante - Received: :5uperted!5uperted@5uperted.tmi.twitch.tv JOIN #beringelamilgrau
2019-07-08 8:52:06 PM: botfumante - Received: :ddanniell!ddanniell@ddanniell.tmi.twitch.tv JOIN #beringelamilgrau
2019-07-08 8:52:06 PM: botfumante - Received: :olove!olove@olove.tmi.twitch.tv JOIN #beringelamilgrau
2019-07-08 8:52:22 PM: botfumante - Received: @badge-info=;badges=moderator/1;color=#008000;display-name=TONYXZERO;emotes=;flags=;id=3b0a7f24-abeb-4ed9-836e-859ff64bc493;mod=1;room-id=443063688;subscriber=0;tmi-sent-ts=1562629942127;turbo=0;user-id=38731171;user-type=mod :tonyxzero!tonyxzero@tonyxzero.tmi.twitch.tv PRIVMSG #beringelamilgrau :OMEGALUL OMEGALUL OMEGALUL
2019-07-08 8:52:28 PM: botfumante - Received: @badge-info=;badges=bits-charity/1;color=#1E90FF;display-name=Jean__;emotes=;flags=36-43:,45-51:;id=5fcee6bf-9a5a-4efc-88ad-28a6fc18a8cd;mod=0;room-id=443063688;subscriber=0;tmi-sent-ts=1562629948520;turbo=0;user-id=38479494;user-type= :jean__!jean__@jean__.tmi.twitch.tv PRIVMSG #beringelamilgrau :N?o tem no google o tempo m?dio pra fumar um cigarro FeelsBadMan
2019-07-08 8:52:48 PM: botfumante - Received: @badge-info=;badges=moderator/1;color=#008000;display-name=TONYXZERO;emotes=;flags=;id=61b1be9b-02f1-4ba3-8674-6f03a0aeb869;mod=1;room-id=443063688;subscriber=0;tmi-sent-ts=1562629968581;turbo=0;user-id=38731171;user-type=mod :tonyxzero!tonyxzero@tonyxzero.tmi.twitch.tv PRIVMSG #beringelamilgrau :peepoSleepo
2019-07-08 8:52:53 PM: botfumante - Received: @badge-info=;badges=;color=#FF69B4;display-name=rbruno018;emotes=;flags=;id=d9cbef25-4080-4562-8202-74c76eced650;mod=0;room-id=443063688;subscriber=0;tmi-sent-ts=1562629973027;turbo=0;user-id=216448313;user-type= :rbruno018!rbruno018@rbruno018.tmi.twitch.tv PRIVMSG #beringelamilgrau :peepoSleepo
2019-07-08 8:53:15 PM: botfumante - Received: @badge-info=;badges=;color=#FF69B4;display-name=rbruno018;emotes=;flags=;id=6c07f0f7-2167-4115-8db0-efc62091db57;mod=0;room-id=443063688;subscriber=0;tmi-sent-ts=1562629994770;turbo=0;user-id=216448313;user-type= :rbruno018!rbruno018@rbruno018.tmi.twitch.tv PRIVMSG #beringelamilgrau :meu avo fumava uns 2 ma?o por dia
2019-07-08 8:54:06 PM: botfumante - Received: :maria_renata!maria_renata@maria_renata.tmi.twitch.tv JOIN #beringelamilgrau
2019-07-08 8:55:15 PM: botfumante - Received: :r2kgames!r2kgames@r2kgames.tmi.twitch.tv JOIN #beringelamilgrau
2019-07-08 8:55:15 PM: botfumante - Received: :jaisondomato!jaisondomato@jaisondomato.tmi.twitch.tv JOIN #beringelamilgrau
2019-07-08 8:55:53 PM: botfumante - Received: @badge-info=;badges=moderator/1;color=#008000;display-name=TONYXZERO;emote-only=1;emotes=300518777:0-8;flags=;id=84fa03f1-26a4-44c7-ac18-c56f6e5bca38;mod=1;room-id=443063688;subscriber=0;tmi-sent-ts=1562630153355;turbo=0;user-id=38731171;user-type=mod :tonyxzero!tonyxzero@tonyxzero.tmi.twitch.tv PRIVMSG #beringelamilgrau :totorDrop
2019-07-08 8:55:56 PM: botfumante - Received: @badge-info=;badges=;color=#FF69B4;display-name=GretchenMatadora;emotes=;flags=;id=373bca33-80bd-4de6-9958-53ecb83801ee;mod=0;room-id=443063688;subscriber=0;tmi-sent-ts=1562630156298;turbo=0;user-id=47311930;user-type= :gretchenmatadora!gretchenmatadora@gretchenmatadora.tmi.twitch.tv PRIVMSG #beringelamilgrau :"mais facil"
2019-07-08 8:56:12 PM: botfumante - Received: @badge-info=;badges=bits-charity/1;color=#1E90FF;display-name=Jean__;emotes=;flags=;id=e315da5a-7569-4e46-bfc3-97e603a938a8;mod=0;room-id=443063688;subscriber=0;tmi-sent-ts=1562630171731;turbo=0;user-id=38479494;user-type= :jean__!jean__@jean__.tmi.twitch.tv PRIVMSG #beringelamilgrau :Cheat engine peepoSmart
2019-07-08 8:56:25 PM: botfumante - Received: @badge-info=;badges=;color=#FF69B4;display-name=rbruno018;emotes=;flags=;id=2bba7695-cfec-4be7-9fc2-e9b481ec00a1;mod=0;room-id=443063688;subscriber=0;tmi-sent-ts=1562630185110;turbo=0;user-id=216448313;user-type= :rbruno018!rbruno018@rbruno018.tmi.twitch.tv PRIVMSG #beringelamilgrau :eu acho relaxante um dark soulszinho
2019-07-08 8:56:25 PM: botfumante - Received: @badge-info=;badges=;color=#FF69B4;display-name=GretchenMatadora;emotes=;flags=;id=c340069b-d67b-4a02-a6f8-31c14ed1a7cb;mod=0;room-id=443063688;subscriber=0;tmi-sent-ts=1562630185617;turbo=0;user-id=47311930;user-type= :gretchenmatadora!gretchenmatadora@gretchenmatadora.tmi.twitch.tv PRIVMSG #beringelamilgrau :to vendo
2019-07-08 8:56:32 PM: botfumante - Received: PING :tmi.twitch.tv
2019-07-08 8:56:32 PM: botfumante - Writing: PONG
2019-07-08 8:57:00 PM: botfumante - Received: @badge-info=;badges=;color=#FF69B4;display-name=rbruno018;emotes=;flags=;id=ee450b67-97eb-405c-aa0b-760cb075c153;mod=0;room-id=443063688;subscriber=0;tmi-sent-ts=1562630220010;turbo=0;user-id=216448313;user-type= :rbruno018!rbruno018@rbruno018.tmi.twitch.tv PRIVMSG #beringelamilgrau :DS2 ? muito quebrado, ou ? muito facil ou muito dificil
2019-07-08 8:57:12 PM: botfumante - Received: :s1faka!s1faka@s1faka.tmi.twitch.tv JOIN #beringelamilgrau
2019-07-08 8:57:12 PM: botfumante - Received: :gabrielspinardi!gabrielspinardi@gabrielspinardi.tmi.twitch.tv JOIN #beringelamilgrau
2019-07-08 8:57:12 PM: botfumante - Received: :jrenann!jrenann@jrenann.tmi.twitch.tv JOIN #beringelamilgrau
2019-07-08 8:57:12 PM: botfumante - Received: :r2kgames!r2kgames@r2kgames.tmi.twitch.tv PART #beringelamilgrau
2019-07-08 8:57:22 PM: botfumante - Received: @badge-info=;badges=;color=#FF69B4;display-name=GretchenMatadora;emotes=;flags=;id=50d420c6-fc97-4260-a143-adfc7b75de6c;mod=0;room-id=443063688;subscriber=0;tmi-sent-ts=1562630242030;turbo=0;user-id=47311930;user-type= :gretchenmatadora!gretchenmatadora@gretchenmatadora.tmi.twitch.tv PRIVMSG #beringelamilgrau :que o 1 tinha a limita??o da epoca ne
2019-07-08 8:58:20 PM: botfumante - Received: :jaisondomato!jaisondomato@jaisondomato.tmi.twitch.tv PART #beringelamilgrau
2019-07-08 8:58:48 PM: botfumante - Received: @badge-info=;badges=;color=#FF69B4;display-name=rbruno018;emotes=;flags=;id=c0829fb4-8a19-48d4-9f51-098c13cd786b;mod=0;room-id=443063688;subscriber=0;tmi-sent-ts=1562630327950;turbo=0;user-id=216448313;user-type= :rbruno018!rbruno018@rbruno018.tmi.twitch.tv PRIVMSG #beringelamilgrau :OMEGALUL
2019-07-08 8:59:02 PM: botfumante - Received: @badge-info=;badges=;color=#FF69B4;display-name=GretchenMatadora;emotes=;flags=;id=4ec3e546-3885-409f-aca4-8beef4bd1d09;mod=0;room-id=443063688;subscriber=0;tmi-sent-ts=1562630341862;turbo=0;user-id=47311930;user-type= :gretchenmatadora!gretchenmatadora@gretchenmatadora.tmi.twitch.tv PRIVMSG #beringelamilgrau :a diferen?a de mov. do 1 para o 3 ? surreal. um ex. ? o kalameer e o midir
2019-07-08 8:59:28 PM: botfumante - Received: :anotherttvviewer!anotherttvviewer@anotherttvviewer.tmi.twitch.tv PART #beringelamilgrau
2019-07-08 9:00:18 PM: botfumante - Received: @badge-info=;badges=;color=#FF69B4;display-name=GretchenMatadora;emotes=;flags=;id=d4104b1c-12d6-4440-8afb-08a2bdb065aa;mod=0;room-id=443063688;subscriber=0;tmi-sent-ts=1562630418225;turbo=0;user-id=47311930;user-type= :gretchenmatadora!gretchenmatadora@gretchenmatadora.tmi.twitch.tv PRIVMSG #beringelamilgrau :s?o 2 drag?es
2019-07-08 9:00:30 PM: botfumante - Received: :anotherttvviewer!anotherttvviewer@anotherttvviewer.tmi.twitch.tv JOIN #beringelamilgrau
2019-07-08 9:00:30 PM: botfumante - Received: :zparkbr!zparkbr@zparkbr.tmi.twitch.tv JOIN #beringelamilgrau
2019-07-08 9:00:42 PM: botfumante - Received: @badge-info=;badges=;color=#FF69B4;display-name=rbruno018;emotes=;flags=;id=ed375398-507d-4e95-ae0d-4f61712a6a43;mod=0;room-id=443063688;subscriber=0;tmi-sent-ts=1562630442464;turbo=0;user-id=216448313;user-type= :rbruno018!rbruno018@rbruno018.tmi.twitch.tv PRIVMSG #beringelamilgrau :o primeiro ? omelhor DS
2019-07-08 9:00:56 PM: botfumante - Received: @badge-info=;badges=;color=#FF69B4;display-name=rbruno018;emote-only=1;emotes=300518777:0-8;flags=;id=1c52adbf-b7aa-493a-b2f9-19ece25b464c;mod=0;room-id=443063688;subscriber=0;tmi-sent-ts=1562630455998;turbo=0;user-id=216448313;user-type= :rbruno018!rbruno018@rbruno018.tmi.twitch.tv PRIVMSG #beringelamilgrau :totorDrop
2019-07-08 9:01:18 PM: botfumante - Received: PING :tmi.twitch.tv
2019-07-08 9:01:18 PM: botfumante - Writing: PONG
2019-07-08 9:01:22 PM: botfumante - Received: @badge-info=;badges=moderator/1;color=#008000;display-name=TONYXZERO;emotes=;flags=;id=1feb5b87-4a1d-4a97-bcbd-6b2c7b6db8a4;mod=1;room-id=443063688;subscriber=0;tmi-sent-ts=1562630481746;turbo=0;user-id=38731171;user-type=mod :tonyxzero!tonyxzero@tonyxzero.tmi.twitch.tv PRIVMSG #beringelamilgrau :peepoSleepo
2019-07-08 9:01:30 PM: botfumante - Received: :fabio46cs!fabio46cs@fabio46cs.tmi.twitch.tv JOIN #beringelamilgrau
2019-07-08 9:01:30 PM: botfumante - Received: :synnyter!synnyter@synnyter.tmi.twitch.tv PART #beringelamilgrau
2019-07-08 9:01:30 PM: botfumante - Received: :s1faka!s1faka@s1faka.tmi.twitch.tv PART #beringelamilgrau
2019-07-08 9:01:30 PM: botfumante - Received: :zparkbr!zparkbr@zparkbr.tmi.twitch.tv PART #beringelamilgrau
2019-07-08 9:02:13 PM: botfumante - Received: @badge-info=;badges=;color=#FF69B4;display-name=rbruno018;emotes=;flags=;id=62986f14-afce-4377-932c-a31aad21bd72;mod=0;room-id=443063688;subscriber=0;tmi-sent-ts=1562630533015;turbo=0;user-id=216448313;user-type= :rbruno018!rbruno018@rbruno018.tmi.twitch.tv PRIVMSG #beringelamilgrau :eu achei legal, mas nao e grande coisa
2019-07-08 9:03:28 PM: botfumante - Received: :gabrielspinardi!gabrielspinardi@gabrielspinardi.tmi.twitch.tv PART #beringelamilgrau
2019-07-08 9:03:34 PM: botfumante - Received: @badge-info=;badges=;color=#FF69B4;display-name=rbruno018;emotes=;flags=;id=b6524022-a7da-4e37-b4af-0092663d0c98;mod=0;room-id=443063688;subscriber=0;tmi-sent-ts=1562630613706;turbo=0;user-id=216448313;user-type= :rbruno018!rbruno018@rbruno018.tmi.twitch.tv PRIVMSG #beringelamilgrau :OMEGALUL
2019-07-08 9:03:43 PM: botfumante - Received: @badge-info=;badges=;color=#FF69B4;display-name=rbruno018;emotes=;flags=;id=123c550c-9ccc-40fd-ae88-4b26c1b24e86;mod=0;room-id=443063688;subscriber=0;tmi-sent-ts=1562630623217;turbo=0;user-id=216448313;user-type= :rbruno018!rbruno018@rbruno018.tmi.twitch.tv PRIVMSG #beringelamilgrau :!propriedade
2019-07-08 9:03:44 PM: botfumante - Received: @badge-info=;badges=moderator/1,partner/1;color=#7C7CE1;display-name=Nightbot;emotes=;flags=;id=b853aed8-f574-4da3-a275-d4341e1aa825;mod=1;room-id=443063688;subscriber=0;tmi-sent-ts=1562630623475;turbo=0;user-id=19264788;user-type=mod :nightbot!nightbot@nightbot.tmi.twitch.tv PRIVMSG #beringelamilgrau :Hey,tudo bem? Ouvi falar que voc? ? super f? da s?rie Souls. Estou come?ando minha jornada a pouco tempo por esse mundo obscuro. Haha. Anyway. Queria algumas dicas sobre o Dark Souls, caso voc? tenha familiaridade com essa nova propriedade Intelectual. ??
2019-07-08 9:04:37 PM: botfumante - Received: @badge-info=;badges=;color=#FF69B4;display-name=rbruno018;emotes=;flags=;id=28250347-527f-4fc9-a9bf-019e7cf74f11;mod=0;room-id=443063688;subscriber=0;tmi-sent-ts=1562630676967;turbo=0;user-id=216448313;user-type= :rbruno018!rbruno018@rbruno018.tmi.twitch.tv PRIVMSG #beringelamilgrau :OMEGALUL
2019-07-08 9:04:48 PM: botfumante - Received: @badge-info=;badges=;color=#FF69B4;display-name=GretchenMatadora;emotes=;flags=111-114:A.5/P.6;id=87ff191f-6c23-44e4-9aa4-2b3bf58c0ef0;mod=0;room-id=443063688;subscriber=0;tmi-sent-ts=1562630688627;turbo=0;user-id=47311930;user-type= :gretchenmatadora!gretchenmatadora@gretchenmatadora.tmi.twitch.tv PRIVMSG #beringelamilgrau :kalameet ? travad?o na movimenta??o, ? f?cil por ser tosca, diferente do midir que ? incr?vel a mov. Voc? fica puto por morrer mas ? t?o lindo ele se mexendo que ? worth
2019-07-08 9:05:16 PM: botfumante - Received: @badge-info=;badges=;color=#FF69B4;display-name=rbruno018;emotes=;flags=;id=d2b7630d-1d8c-4fec-af38-9b4280bb8147;mod=0;room-id=443063688;subscriber=0;tmi-sent-ts=1562630716124;turbo=0;user-id=216448313;user-type= :rbruno018!rbruno018@rbruno018.tmi.twitch.tv PRIVMSG #beringelamilgrau :OMEGALUL OMEGALUL
2019-07-08 9:05:37 PM: botfumante - Received: PING :tmi.twitch.tv
2019-07-08 9:05:37 PM: botfumante - Writing: PONG
2019-07-08 9:05:38 PM: botfumante - Received: @badge-info=;badges=;color=#FF69B4;display-name=rbruno018;emotes=;flags=;id=d485ad00-b49a-4a0a-8d93-c58ce7166371;mod=0;room-id=443063688;subscriber=0;tmi-sent-ts=1562630738629;turbo=0;user-id=216448313;user-type= :rbruno018!rbruno018@rbruno018.tmi.twitch.tv PRIVMSG #beringelamilgrau :posso entra no comp tb ? FeelsMan
2019-07-08 9:06:36 PM: botfumante - Received: @badge-info=;badges=;color=#FF69B4;display-name=rbruno018;emotes=;flags=;id=5e7338f2-e4fa-400c-bc64-ad3255de0aa7;mod=0;room-id=443063688;subscriber=0;tmi-sent-ts=1562630796679;turbo=0;user-id=216448313;user-type= :rbruno018!rbruno018@rbruno018.tmi.twitch.tv PRIVMSG #beringelamilgrau :OMEGALUL
2019-07-08 9:06:42 PM: botfumante - Received: :jrenann!jrenann@jrenann.tmi.twitch.tv PART #beringelamilgrau
2019-07-08 9:06:52 PM: botfumante - Received: @badge-info=;badges=bits-charity/1;color=#1E90FF;display-name=Jean__;emotes=;flags=;id=ab49cbbf-ee80-45b9-a299-38443bddbf4c;mod=0;room-id=443063688;subscriber=0;tmi-sent-ts=1562630812285;turbo=0;user-id=38479494;user-type= :jean__!jean__@jean__.tmi.twitch.tv PRIVMSG #beringelamilgrau :PepeLaugh
2019-07-08 9:07:00 PM: botfumante - Received: @badge-info=;badges=;color=#FF69B4;display-name=rbruno018;emotes=;flags=;id=0685575b-6162-4bc0-9524-6487c9a2a33d;mod=0;room-id=443063688;subscriber=0;tmi-sent-ts=1562630820058;turbo=0;user-id=216448313;user-type= :rbruno018!rbruno018@rbruno018.tmi.twitch.tv PRIVMSG #beringelamilgrau :os cara farparam com ellen que blasfemia D:
2019-07-08 9:07:01 PM: botfumante - Received: @badge-info=;badges=;color=#FF69B4;display-name=GretchenMatadora;emotes=;flags=;id=ca34a844-29b7-4293-a26b-75bb23374b22;mod=0;room-id=443063688;subscriber=0;tmi-sent-ts=1562630821100;turbo=0;user-id=47311930;user-type= :gretchenmatadora!gretchenmatadora@gretchenmatadora.tmi.twitch.tv PRIVMSG #beringelamilgrau :pode continuar ligo n?o PepeComfy
2019-07-08 9:08:55 PM: botfumante - Received: :hostmeraffle!hostmeraffle@hostmeraffle.tmi.twitch.tv JOIN #beringelamilgrau
2019-07-08 9:10:13 PM: botfumante - Received: PING :tmi.twitch.tv
2019-07-08 9:10:13 PM: botfumante - Writing: PONG
2019-07-08 9:10:46 PM: botfumante - Received: @badge-info=;badges=;color=#FF69B4;display-name=rbruno018;emotes=;flags=;id=6cb084b1-07ac-43c4-9d7e-fb9e92a7cb50;mod=0;room-id=443063688;subscriber=0;tmi-sent-ts=1562631046507;turbo=0;user-id=216448313;user-type= :rbruno018!rbruno018@rbruno018.tmi.twitch.tv PRIVMSG #beringelamilgrau :detroit eu acho o melhor da quantic
2019-07-08 9:12:03 PM: botfumante - Received: @badge-info=;badges=;color=#FF69B4;display-name=GretchenMatadora;emotes=;flags=;id=991d03a3-45e9-47e0-a6a7-93447dfd74df;mod=0;room-id=443063688;subscriber=0;tmi-sent-ts=1562631123394;turbo=0;user-id=47311930;user-type= :gretchenmatadora!gretchenmatadora@gretchenmatadora.tmi.twitch.tv PRIVMSG #beringelamilgrau :usa lightning ou dark
2019-07-08 9:12:04 PM: botfumante - Received: :freddyybot!freddyybot@freddyybot.tmi.twitch.tv PART #beringelamilgrau
2019-07-08 9:12:13 PM: botfumante - Received: @badge-info=;badges=;color=#FF69B4;display-name=GretchenMatadora;emotes=;flags=;id=93838349-cf2b-4dd0-8c63-6f66b43d8cc8;mod=0;room-id=443063688;subscriber=0;tmi-sent-ts=1562631133609;turbo=0;user-id=47311930;user-type= :gretchenmatadora!gretchenmatadora@gretchenmatadora.tmi.twitch.tv PRIVMSG #beringelamilgrau :ele e resistente a fogo
2019-07-08 9:13:07 PM: botfumante - Received: :hostmeraffle!hostmeraffle@hostmeraffle.tmi.twitch.tv PART #beringelamilgrau
2019-07-08 9:13:10 PM: botfumante - Received: @badge-info=;badges=;color=#FF69B4;display-name=rbruno018;emotes=;flags=;id=85f720f1-66b7-4569-87ea-981d01513ef1;mod=0;room-id=443063688;subscriber=0;tmi-sent-ts=1562631189953;turbo=0;user-id=216448313;user-type= :rbruno018!rbruno018@rbruno018.tmi.twitch.tv PRIVMSG #beringelamilgrau :eu reparei isso
2019-07-08 9:13:15 PM: botfumante - Received: @badge-info=;badges=;color=#FF69B4;display-name=rbruno018;emotes=;flags=;id=a3c9e9ef-c7be-4fa0-ac86-a9759fcbccb2;mod=0;room-id=443063688;subscriber=0;tmi-sent-ts=1562631195330;turbo=0;user-id=216448313;user-type= :rbruno018!rbruno018@rbruno018.tmi.twitch.tv PRIVMSG #beringelamilgrau :a mae do muleque sumiu
2019-07-08 9:13:49 PM: botfumante - Received: @badge-info=;badges=;color=#FF69B4;display-name=GretchenMatadora;emotes=;flags=;id=0289d005-07c2-4ec3-a420-e5ef232a7a85;mod=0;room-id=443063688;subscriber=0;tmi-sent-ts=1562631228884;turbo=0;user-id=47311930;user-type= :gretchenmatadora!gretchenmatadora@gretchenmatadora.tmi.twitch.tv PRIVMSG #beringelamilgrau :ele n?o ? imune s? ? resistente
2019-07-08 9:14:34 PM: botfumante - Received: PING :tmi.twitch.tv
2019-07-08 9:14:34 PM: botfumante - Writing: PONG
2019-07-08 9:14:46 PM: botfumante - Received: @badge-info=;badges=;color=#1E90FF;display-name=Stay_Hydrated_Bot;emotes=869375:18-29;flags=;id=a5fdfcaf-aa55-4ad5-80fe-dbcdb8bcce81;mod=0;room-id=443063688;subscriber=0;tmi-sent-ts=1562631285674;turbo=0;user-id=183484964;user-type= :stay_hydrated_bot!stay_hydrated_bot@stay_hydrated_bot.tmi.twitch.tv PRIVMSG #beringelamilgrau :ACTION @beringelamilgrau stayhyBottle You've been live for just over 1 hour. By this point in your broadcast you should have consumed at least 4oz (120mL) of water to maintain optimum hydration.
2019-07-08 9:14:51 PM: botfumante - Received: @badge-info=;badges=;color=#FF69B4;display-name=rbruno018;emotes=;flags=;id=485b38ac-a0c3-400e-a36c-e78c04ee54b1;mod=0;room-id=443063688;subscriber=0;tmi-sent-ts=1562631291035;turbo=0;user-id=216448313;user-type= :rbruno018!rbruno018@rbruno018.tmi.twitch.tv PRIVMSG #beringelamilgrau :ban ban ban
2019-07-08 9:15:14 PM: botfumante - Received: @badge-info=;badges=moderator/1,partner/1;color=;display-name=CanalTotorial;emotes=;flags=;id=d031b080-4cbc-4fe7-a903-02a2e663dd0c;mod=1;room-id=443063688;subscriber=0;tmi-sent-ts=1562631313820;turbo=0;user-id=165979679;user-type=mod :canaltotorial!canaltotorial@canaltotorial.tmi.twitch.tv PRIVMSG #beringelamilgrau :!commands
2019-07-08 9:15:14 PM: botfumante - Received: @badge-info=;badges=moderator/1,partner/1;color=#7C7CE1;display-name=Nightbot;emotes=;flags=69-120:;id=951e5bef-2e2b-42fd-a3b0-d7027c9039ad;mod=1;room-id=443063688;subscriber=0;tmi-sent-ts=1562631314133;turbo=0;user-id=19264788;user-type=mod :nightbot!nightbot@nightbot.tmi.twitch.tv PRIVMSG #beringelamilgrau :@CanalTotorial -> The bot commands for this channel are available at https://beta.nightbot.tv/t/beringelamilgrau/commands
2019-07-08 9:15:30 PM: botfumante - Received: @badge-info=;badges=;color=#FF69B4;display-name=GretchenMatadora;emotes=;flags=;id=15b35fcb-92c0-4c5b-b4d8-15f9c5b52795;mod=0;room-id=443063688;subscriber=0;tmi-sent-ts=1562631330573;turbo=0;user-id=47311930;user-type= :gretchenmatadora!gretchenmatadora@gretchenmatadora.tmi.twitch.tv PRIVMSG #beringelamilgrau :o bot kkk
2019-07-08 9:15:35 PM: botfumante - Received: @badge-info=;badges=;color=#FF69B4;display-name=rbruno018;emotes=;flags=;id=dca4dbeb-3cb4-4eb1-a781-7a9342716a36;mod=0;room-id=443063688;subscriber=0;tmi-sent-ts=1562631335643;turbo=0;user-id=216448313;user-type= :rbruno018!rbruno018@rbruno018.tmi.twitch.tv PRIVMSG #beringelamilgrau :ja quantos ban gratis hoje ? peepoSmoke
2019-07-08 9:15:45 PM: botfumante - Received: @badge-info=;badges=;color=;display-name=ren_reset;emote-only=1;emotes=1833318:0-12;flags=;id=b29329bd-f275-4685-8035-9c926688cee9;mod=0;room-id=443063688;subscriber=0;tmi-sent-ts=1562631344983;turbo=0;user-id=252052801;user-type= :ren_reset!ren_reset@ren_reset.tmi.twitch.tv PRIVMSG #beringelamilgrau :OWL2019Tracer
2019-07-08 9:15:47 PM: botfumante - Received: @badge-info=;badges=;color=#FF69B4;display-name=rbruno018;emotes=;flags=;id=a12426f9-8320-4c7e-af9c-f34b44e6b3df;mod=0;room-id=443063688;subscriber=0;tmi-sent-ts=1562631347155;turbo=0;user-id=216448313;user-type= :rbruno018!rbruno018@rbruno018.tmi.twitch.tv PRIVMSG #beringelamilgrau :OMEGALUL
2019-07-08 9:15:49 PM: botfumante - Received: @badge-info=;badges=bits-charity/1;color=#1E90FF;display-name=Jean__;emotes=;flags=;id=b8eb19b4-7b70-42ef-b2d4-06cca136344b;mod=0;room-id=443063688;subscriber=0;tmi-sent-ts=1562631349183;turbo=0;user-id=38479494;user-type= :jean__!jean__@jean__.tmi.twitch.tv PRIVMSG #beringelamilgrau :PepeLaugh
2019-07-08 9:15:52 PM: botfumante - Received: @badge-info=;badges=moderator/1;color=#008000;display-name=TONYXZERO;emotes=;flags=;id=8b351d8e-8378-49c6-9410-1392b8cc994a;mod=1;room-id=443063688;subscriber=0;tmi-sent-ts=1562631352122;turbo=0;user-id=38731171;user-type=mod :tonyxzero!tonyxzero@tonyxzero.tmi.twitch.tv PRIVMSG #beringelamilgrau :peepoSleepo
2019-07-08 9:15:54 PM: botfumante - Received: @badge-info=;badges=moderator/1,partner/1;color=;display-name=CanalTotorial;emotes=;flags=;id=3d2aa847-6e8e-49d9-8109-5d5501d4f946;mod=1;room-id=443063688;subscriber=0;tmi-sent-ts=1562631353894;turbo=0;user-id=165979679;user-type=mod :canaltotorial!canaltotorial@canaltotorial.tmi.twitch.tv PRIVMSG #beringelamilgrau :!sai
2019-07-08 9:15:55 PM: botfumante - Received: @badge-info=;badges=moderator/1,partner/1;color=#7C7CE1;display-name=Nightbot;emotes=;flags=;id=4961f320-ee2a-4fa0-9619-db5cf68426cd;mod=1;room-id=443063688;subscriber=0;tmi-sent-ts=1562631354768;turbo=0;user-id=19264788;user-type=mod :nightbot!nightbot@nightbot.tmi.twitch.tv PRIVMSG #beringelamilgrau :Sai mano, sai da minha live!! monkaGun
2019-07-08 9:16:01 PM: botfumante - Received: @badge-info=;badges=bits-charity/1;color=#1E90FF;display-name=Jean__;emotes=;flags=;id=25a126ed-36f3-4f41-880e-9cae299bbd9c;mod=0;room-id=443063688;subscriber=0;tmi-sent-ts=1562631361279;turbo=0;user-id=38479494;user-type= :jean__!jean__@jean__.tmi.twitch.tv PRIVMSG #beringelamilgrau :!discord
2019-07-08 9:16:01 PM: botfumante - Received: @badge-info=;badges=moderator/1,partner/1;color=#7C7CE1;display-name=Nightbot;emotes=;flags=;id=a0273abe-a470-426a-b3d4-d34e3cf9363f;mod=1;room-id=443063688;subscriber=0;tmi-sent-ts=1562631361473;turbo=0;user-id=19264788;user-type=mod :nightbot!nightbot@nightbot.tmi.twitch.tv PRIVMSG #beringelamilgrau :N?o existe ainda, quem sabe no futuro...
2019-07-08 9:16:08 PM: botfumante - Received: @badge-info=;badges=moderator/1;color=#008000;display-name=TONYXZERO;emotes=;flags=;id=7a043401-eed1-4d9d-91d4-7b1eff8a13ef;mod=1;room-id=443063688;subscriber=0;tmi-sent-ts=1562631367808;turbo=0;user-id=38731171;user-type=mod :tonyxzero!tonyxzero@tonyxzero.tmi.twitch.tv PRIVMSG #beringelamilgrau :HUGERS @ren_reset
2019-07-08 9:16:20 PM: botfumante - Received: @badge-info=;badges=;color=#FF69B4;display-name=rbruno018;emotes=;flags=;id=e91ebc41-b01b-413d-89ed-b819e6cca4e3;mod=0;room-id=443063688;subscriber=0;tmi-sent-ts=1562631380021;turbo=0;user-id=216448313;user-type= :rbruno018!rbruno018@rbruno018.tmi.twitch.tv PRIVMSG #beringelamilgrau :OMEGALUL OMEGALUL
2019-07-08 9:16:44 PM: botfumante - Received: @badge-info=;badges=moderator/1;color=#008000;display-name=TONYXZERO;emotes=;flags=0-98:;id=3dedf8ac-57f2-44a9-9389-e0ff3256b478;mod=1;room-id=443063688;subscriber=0;tmi-sent-ts=1562631403767;turbo=0;user-id=38731171;user-type=mod :tonyxzero!tonyxzero@tonyxzero.tmi.twitch.tv PRIVMSG #beringelamilgrau :https://cdn.discordapp.com/attachments/509895226408828938/597877127685079070/ezgif.com-add-text.gif
2019-07-08 9:17:12 PM: botfumante - Received: :fet2008joe!fet2008joe@fet2008joe.tmi.twitch.tv JOIN #beringelamilgrau
2019-07-08 9:17:12 PM: botfumante - Received: :ren_reset!ren_reset@ren_reset.tmi.twitch.tv JOIN #beringelamilgrau
2019-07-08 9:17:12 PM: botfumante - Received: :energyzbot!energyzbot@energyzbot.tmi.twitch.tv PART #beringelamilgrau
2019-07-08 9:17:12 PM: botfumante - Received: :anotherttvviewer!anotherttvviewer@anotherttvviewer.tmi.twitch.tv PART #beringelamilgrau
2019-07-08 9:17:24 PM: botfumante - Received: @badge-info=;badges=;color=#FF69B4;display-name=rbruno018;emotes=;flags=;id=b8ed98bf-2400-4795-9d5c-633fd994068f;mod=0;room-id=443063688;subscriber=0;tmi-sent-ts=1562631444006;turbo=0;user-id=216448313;user-type= :rbruno018!rbruno018@rbruno018.tmi.twitch.tv PRIVMSG #beringelamilgrau :OMEGALUL
2019-07-08 9:17:44 PM: botfumante - Received: @badge-info=;badges=;color=;display-name=ren_reset;emotes=;flags=;id=98216c5a-4b97-4f7b-b272-6387c65f168e;mod=0;room-id=443063688;subscriber=0;tmi-sent-ts=1562631464084;turbo=0;user-id=252052801;user-type= :ren_reset!ren_reset@ren_reset.tmi.twitch.tv PRIVMSG #beringelamilgrau :fiquei triste
2019-07-08 9:17:53 PM: botfumante - Received: @badge-info=;badges=moderator/1;color=#008000;display-name=TONYXZERO;emotes=;flags=;id=198a654a-321b-4349-be1f-8077e69a33db;mod=1;room-id=443063688;subscriber=0;tmi-sent-ts=1562631473274;turbo=0;user-id=38731171;user-type=mod :tonyxzero!tonyxzero@tonyxzero.tmi.twitch.tv PRIVMSG #beringelamilgrau :HUGERS @ren_reset
2019-07-08 9:17:58 PM: botfumante - Received: @badge-info=;badges=;color=#FF69B4;display-name=rbruno018;emotes=;flags=;id=cadf0566-00d4-45f9-b79f-132876782044;mod=0;room-id=443063688;subscriber=0;tmi-sent-ts=1562631477776;turbo=0;user-id=216448313;user-type= :rbruno018!rbruno018@rbruno018.tmi.twitch.tv PRIVMSG #beringelamilgrau :HUGERS
2019-07-08 9:18:03 PM: botfumante - Received: @badge-info=;badges=moderator/1,partner/1;color=;display-name=CanalTotorial;emotes=;flags=;id=475eb2ee-bf0e-4d72-8b3e-04eb105b94b2;mod=1;room-id=443063688;subscriber=0;tmi-sent-ts=1562631483038;turbo=0;user-id=165979679;user-type=mod :canaltotorial!canaltotorial@canaltotorial.tmi.twitch.tv PRIVMSG #beringelamilgrau :HUGERS
2019-07-08 9:18:19 PM: botfumante - Received: @badge-info=;badges=premium/1;color=#FF69B4;display-name=Maria_Renata;emotes=;flags=;id=2d14b9b2-62f4-4d8c-84b2-921c57d24bbb;mod=0;room-id=443063688;subscriber=0;tmi-sent-ts=1562631499407;turbo=0;user-id=212194263;user-type= :maria_renata!maria_renata@maria_renata.tmi.twitch.tv PRIVMSG #beringelamilgrau :FeelsOkayMan
2019-07-08 9:18:58 PM: botfumante - Received: @badge-info=;badges=moderator/1,premium/1;color=#DAA520;display-name=BiraVG;emotes=;flags=;id=965fe311-6928-4c05-bb2f-24cae1082b96;mod=1;room-id=443063688;subscriber=0;tmi-sent-ts=1562631538051;turbo=0;user-id=66834839;user-type=mod :biravg!biravg@biravg.tmi.twitch.tv PRIVMSG #beringelamilgrau :nem vi que eles estavam em live ainda, poderia ter chegado falando varias atrocidades PepeLaugh
2019-07-08 9:19:06 PM: botfumante - Received: @badge-info=;badges=premium/1;color=#FF69B4;display-name=Maria_Renata;emotes=;flags=;id=9c8c85ef-64d1-4afc-b3d9-f07ba3368393;mod=0;room-id=443063688;subscriber=0;tmi-sent-ts=1562631546538;turbo=0;user-id=212194263;user-type= :maria_renata!maria_renata@maria_renata.tmi.twitch.tv PRIVMSG #beringelamilgrau :Feelsberingelamilgrau
2019-07-08 9:19:11 PM: botfumante - Received: :anotherttvviewer!anotherttvviewer@anotherttvviewer.tmi.twitch.tv JOIN #beringelamilgrau
2019-07-08 9:19:11 PM: botfumante - Received: :biravg!biravg@biravg.tmi.twitch.tv JOIN #beringelamilgrau
2019-07-08 9:19:11 PM: botfumante - Received: :energyzbot!energyzbot@energyzbot.tmi.twitch.tv JOIN #beringelamilgrau
2019-07-08 9:19:11 PM: botfumante - Received: :pai_da_ana!pai_da_ana@pai_da_ana.tmi.twitch.tv JOIN #beringelamilgrau
2019-07-08 9:19:11 PM: botfumante - Received: :fet2008joe!fet2008joe@fet2008joe.tmi.twitch.tv PART #beringelamilgrau
2019-07-08 9:19:11 PM: botfumante - Received: PING :tmi.twitch.tv
2019-07-08 9:19:11 PM: botfumante - Writing: PONG
2019-07-08 9:19:18 PM: botfumante - Received: @badge-info=;badges=premium/1;color=#FF69B4;display-name=Maria_Renata;emotes=;flags=;id=621ea808-91a5-4982-bc99-3493b6df7a1a;mod=0;room-id=443063688;subscriber=0;tmi-sent-ts=1562631557659;turbo=0;user-id=212194263;user-type= :maria_renata!maria_renata@maria_renata.tmi.twitch.tv PRIVMSG #beringelamilgrau :peepoEggplant
2019-07-08 9:19:33 PM: botfumante - Received: @badge-info=;badges=premium/1;color=#FF69B4;display-name=Maria_Renata;emotes=;flags=;id=84ecb6a8-2438-4804-9430-480a72fa566c;mod=0;room-id=443063688;subscriber=0;tmi-sent-ts=1562631573475;turbo=0;user-id=212194263;user-type= :maria_renata!maria_renata@maria_renata.tmi.twitch.tv PRIVMSG #beringelamilgrau :peepoLegs
2019-07-08 9:19:35 PM: botfumante - Received: @badge-info=;badges=moderator/1;color=#008000;display-name=TONYXZERO;emotes=;flags=;id=2d529598-2b70-4faf-97a8-7151e71eeb9a;mod=1;room-id=443063688;subscriber=0;tmi-sent-ts=1562631575485;turbo=0;user-id=38731171;user-type=mod :tonyxzero!tonyxzero@tonyxzero.tmi.twitch.tv PRIVMSG #beringelamilgrau :Feelsberingelamilgrau peepoEggplant
2019-07-08 9:19:52 PM: botfumante - Received: @badge-info=;badges=premium/1;color=#FF69B4;display-name=Maria_Renata;emotes=;flags=;id=4613df09-5556-447d-a68c-493285b3fcd5;mod=0;room-id=443063688;subscriber=0;tmi-sent-ts=1562631592663;turbo=0;user-id=212194263;user-type= :maria_renata!maria_renata@maria_renata.tmi.twitch.tv PRIVMSG #beringelamilgrau :PepePls
2019-07-08 9:19:56 PM: botfumante - Received: @badge-info=;badges=bits-charity/1;color=#1E90FF;display-name=Jean__;emotes=;flags=;id=08e52ce7-28b5-48a9-9d7f-5d72a89c701c;mod=0;room-id=443063688;subscriber=0;tmi-sent-ts=1562631595951;turbo=0;user-id=38479494;user-type= :jean__!jean__@jean__.tmi.twitch.tv PRIVMSG #beringelamilgrau :PepeLaugh
2019-07-08 9:20:07 PM: botfumante - Received: @badge-info=;badges=moderator/1,premium/1;color=#DAA520;display-name=BiraVG;emotes=;flags=;id=e504733c-ee87-4f0a-9088-874f5fad3064;mod=1;room-id=443063688;subscriber=0;tmi-sent-ts=1562631607603;turbo=0;user-id=66834839;user-type=mod :biravg!biravg@biravg.tmi.twitch.tv PRIVMSG #beringelamilgrau :? tudo criado ConcernFroge
2019-07-08 9:20:18 PM: botfumante - Received: :pai_da_ana!pai_da_ana@pai_da_ana.tmi.twitch.tv PART #beringelamilgrau
2019-07-08 9:20:18 PM: botfumante - Received: :gretchenmatadora!gretchenmatadora@gretchenmatadora.tmi.twitch.tv PART #beringelamilgrau
2019-07-08 9:20:42 PM: botfumante - Received: @badge-info=;badges=moderator/1;color=#FF9600;display-name=ddanniell;emotes=;flags=;id=530eb7b6-0b8a-4c86-a039-000590511dee;mod=1;room-id=443063688;subscriber=0;tmi-sent-ts=1562631641992;turbo=0;user-id=36163282;user-type=mod :ddanniell!ddanniell@ddanniell.tmi.twitch.tv PRIVMSG #beringelamilgrau :+1 zerado
2019-07-08 9:20:48 PM: botfumante - Received: @badge-info=;badges=moderator/1;color=#008000;display-name=TONYXZERO;emotes=;flags=;id=5606aeb5-bb5a-4356-9703-d649181ce76e;mod=1;room-id=443063688;subscriber=0;tmi-sent-ts=1562631648126;turbo=0;user-id=38731171;user-type=mod :tonyxzero!tonyxzero@tonyxzero.tmi.twitch.tv PRIVMSG #beringelamilgrau :peepoEggplant
2019-07-08 9:20:54 PM: botfumante - Received: @badge-info=;badges=moderator/1;color=#008000;display-name=TONYXZERO;emotes=;flags=0-98:;id=85103b1a-398f-42e9-8e15-23b4acfd707c;mod=1;room-id=443063688;subscriber=0;tmi-sent-ts=1562631654413;turbo=0;user-id=38731171;user-type=mod :tonyxzero!tonyxzero@tonyxzero.tmi.twitch.tv PRIVMSG #beringelamilgrau :https://cdn.discordapp.com/attachments/509895226408828938/597877127685079070/ezgif.com-add-text.gif
2019-07-08 9:21:13 PM: botfumante - Received: @badge-info=;badges=moderator/1;color=#008000;display-name=TONYXZERO;emotes=;flags=;id=68592232-2564-49c6-ab17-be83fb9540a8;mod=1;room-id=443063688;subscriber=0;tmi-sent-ts=1562631672900;turbo=0;user-id=38731171;user-type=mod :tonyxzero!tonyxzero@tonyxzero.tmi.twitch.tv PRIVMSG #beringelamilgrau :!exclam??o
2019-07-08 9:21:19 PM: botfumante - Received: @badge-info=;badges=;color=#008000;display-name=TONYXZERO;emotes=;flags=;id=f590a4b3-31d2-4800-8857-9a06b5bdffa7;mod=0;room-id=443063688;subscriber=0;tmi-sent-ts=1562631679472;turbo=0;user-id=38731171;user-type= :tonyxzero!tonyxzero@tonyxzero.tmi.twitch.tv PRIVMSG #beringelamilgrau :!exclama??o
2019-07-08 9:21:22 PM: botfumante - Received: @badge-info=;badges=premium/1;color=#FF69B4;display-name=Maria_Renata;emotes=;flags=;id=6044189e-4276-4035-9a43-f2ebaa21f239;mod=0;room-id=443063688;subscriber=0;tmi-sent-ts=1562631682409;turbo=0;user-id=212194263;user-type= :maria_renata!maria_renata@maria_renata.tmi.twitch.tv PRIVMSG #beringelamilgrau :Clap
2019-07-08 9:21:33 PM: botfumante - Received: @badge-info=;badges=;color=;display-name=BotFumante;emote-sets=0;mod=0;subscriber=0;user-type= :tmi.twitch.tv USERSTATE #beringelamilgrau
2019-07-08 9:21:34 PM: botfumante - Received: @badge-info=;badges=premium/1;color=#FF69B4;display-name=Maria_Renata;emotes=;flags=;id=bfa1eea8-72c1-4dbc-95ae-4bac59e08d4a;mod=0;room-id=443063688;subscriber=0;tmi-sent-ts=1562631694074;turbo=0;user-id=212194263;user-type= :maria_renata!maria_renata@maria_renata.tmi.twitch.tv PRIVMSG #beringelamilgrau :!!
2019-07-08 9:21:38 PM: botfumante - Received: @badge-info=;badges=premium/1;color=#FF69B4;display-name=Maria_Renata;emotes=;flags=;id=a465a4a7-8252-4c76-9712-df5090a372b4;mod=0;room-id=443063688;subscriber=0;tmi-sent-ts=1562631698132;turbo=0;user-id=212194263;user-type= :maria_renata!maria_renata@maria_renata.tmi.twitch.tv PRIVMSG #beringelamilgrau :!isclamassaum
2019-07-08 9:22:12 PM: botfumante - Received: @badge-info=;badges=;color=#FF69B4;display-name=rbruno018;emotes=;flags=;id=6249f0eb-465c-4a35-9c45-5347d1ef5b5a;mod=0;room-id=443063688;subscriber=0;tmi-sent-ts=1562631732657;turbo=0;user-id=216448313;user-type= :rbruno018!rbruno018@rbruno018.tmi.twitch.tv PRIVMSG #beringelamilgrau :OMEGALUL
