8/23/2019 9:51:13 PM: botfumante - Connecting to: wss://irc-ws.chat.twitch.tv:443
8/23/2019 9:51:14 PM: botfumante - Should be connected!
8/23/2019 9:51:14 PM: botfumante - Joining channel: beringelamilgrau
8/23/2019 9:51:14 PM: botfumante - Received: :tmi.twitch.tv 001 botfumante :Welcome, GLHF!
8/23/2019 9:51:14 PM: botfumante - Received: :tmi.twitch.tv 002 botfumante :Your host is tmi.twitch.tv
8/23/2019 9:51:14 PM: botfumante - Received: :tmi.twitch.tv 003 botfumante :This server is rather new
8/23/2019 9:51:14 PM: botfumante - Received: :tmi.twitch.tv 004 botfumante :-
8/23/2019 9:51:14 PM: botfumante - Received: :tmi.twitch.tv 375 botfumante :-
8/23/2019 9:51:14 PM: botfumante - Received: :tmi.twitch.tv 372 botfumante :You are in a maze of twisty passages, all alike.
8/23/2019 9:51:14 PM: botfumante - Received: :tmi.twitch.tv 376 botfumante :>
8/23/2019 9:51:14 PM: botfumante - Received: :tmi.twitch.tv CAP * ACK :twitch.tv/membership
8/23/2019 9:51:14 PM: botfumante - Unaccounted for: :tmi.twitch.tv CAP * ACK :twitch.tv/membership
8/23/2019 9:51:14 PM: botfumante - Received: :tmi.twitch.tv CAP * ACK :twitch.tv/commands
8/23/2019 9:51:14 PM: botfumante - Unaccounted for: :tmi.twitch.tv CAP * ACK :twitch.tv/commands
8/23/2019 9:51:14 PM: botfumante - Received: :tmi.twitch.tv CAP * ACK :twitch.tv/tags
8/23/2019 9:51:14 PM: botfumante - Unaccounted for: :tmi.twitch.tv CAP * ACK :twitch.tv/tags
8/23/2019 9:51:14 PM: botfumante - Received: :botfumante!botfumante@botfumante.tmi.twitch.tv JOIN #beringelamilgrau
8/23/2019 9:51:14 PM: botfumante - Received: :botfumante.tmi.twitch.tv 353 botfumante = #beringelamilgrau :botfumante
8/23/2019 9:51:14 PM: botfumante - Received: :botfumante.tmi.twitch.tv 366 botfumante #beringelamilgrau :End of /NAMES list
8/23/2019 9:51:14 PM: botfumante - Finished channel joining queue.
8/23/2019 9:51:14 PM: botfumante - Received: @badge-info=;badges=;color=;display-name=BotFumante;emote-sets=0;mod=0;subscriber=0;user-type= :tmi.twitch.tv USERSTATE #beringelamilgrau
8/23/2019 9:51:14 PM: botfumante - Received: @emote-only=0;followers-only=-1;r9k=0;rituals=0;room-id=443063688;slow=0;subs-only=0 :tmi.twitch.tv ROOMSTATE #beringelamilgrau
8/23/2019 9:51:15 PM: botfumante - Finished channel joining queue.
8/23/2019 9:51:20 PM: botfumante - Received: @badge-info=subscriber/2;badges=vip/1,subscriber/0,bits-charity/1;color=#5F9EA0;display-name=Jean__;emotes=;flags=;id=097da558-1c50-4906-89be-d02590de83f5;mod=0;room-id=443063688;subscriber=1;tmi-sent-ts=1566607879232;turbo=0;user-id=38479494;user-type= :jean__!jean__@jean__.tmi.twitch.tv PRIVMSG #beringelamilgrau :!peso 10
8/23/2019 9:51:22 PM: botfumante - Received: :gladosxcake!gladosxcake@gladosxcake.tmi.twitch.tv JOIN #beringelamilgrau
8/23/2019 9:51:22 PM: botfumante - Received: :lurxx!lurxx@lurxx.tmi.twitch.tv JOIN #beringelamilgrau
8/23/2019 9:51:22 PM: botfumante - Received: :winsock!winsock@winsock.tmi.twitch.tv JOIN #beringelamilgrau
8/23/2019 9:51:22 PM: botfumante - Received: :tonyxzero!tonyxzero@tonyxzero.tmi.twitch.tv JOIN #beringelamilgrau
8/23/2019 9:51:22 PM: botfumante - Received: :alexisyuki!alexisyuki@alexisyuki.tmi.twitch.tv JOIN #beringelamilgrau
8/23/2019 9:51:22 PM: botfumante - Received: :jean__!jean__@jean__.tmi.twitch.tv JOIN #beringelamilgrau
8/23/2019 9:51:22 PM: botfumante - Received: :biravg!biravg@biravg.tmi.twitch.tv JOIN #beringelamilgrau
8/23/2019 9:51:22 PM: botfumante - Received: :hisaagi!hisaagi@hisaagi.tmi.twitch.tv JOIN #beringelamilgrau
8/23/2019 9:51:22 PM: botfumante - Received: :rbruno018!rbruno018@rbruno018.tmi.twitch.tv JOIN #beringelamilgrau
8/23/2019 9:51:22 PM: botfumante - Received: :pedroazure!pedroazure@pedroazure.tmi.twitch.tv JOIN #beringelamilgrau
8/23/2019 9:51:22 PM: botfumante - Received: :pedros_henrik!pedros_henrik@pedros_henrik.tmi.twitch.tv JOIN #beringelamilgrau
8/23/2019 9:51:22 PM: botfumante - Received: :nightbot!nightbot@nightbot.tmi.twitch.tv JOIN #beringelamilgrau
8/23/2019 9:51:22 PM: botfumante - Received: :joseantonio001!joseantonio001@joseantonio001.tmi.twitch.tv JOIN #beringelamilgrau
8/23/2019 9:51:22 PM: botfumante - Received: :commanderroot!commanderroot@commanderroot.tmi.twitch.tv JOIN #beringelamilgrau
8/23/2019 9:51:22 PM: botfumante - Received: :calibrelordal!calibrelordal@calibrelordal.tmi.twitch.tv JOIN #beringelamilgrau
8/23/2019 9:51:22 PM: botfumante - Received: :beringelamilgrau!beringelamilgrau@beringelamilgrau.tmi.twitch.tv JOIN #beringelamilgrau
8/23/2019 9:51:22 PM: botfumante - Received: :electricallongboard!electricallongboard@electricallongboard.tmi.twitch.tv JOIN #beringelamilgrau
8/23/2019 9:51:22 PM: botfumante - Received: :s1faka!s1faka@s1faka.tmi.twitch.tv JOIN #beringelamilgrau
8/23/2019 9:51:22 PM: botfumante - Received: :streamlabs!streamlabs@streamlabs.tmi.twitch.tv JOIN #beringelamilgrau
8/23/2019 9:51:22 PM: botfumante - Received: :ddanniell!ddanniell@ddanniell.tmi.twitch.tv JOIN #beringelamilgrau
8/23/2019 9:51:22 PM: botfumante - Received: :lucaesan!lucaesan@lucaesan.tmi.twitch.tv JOIN #beringelamilgrau
8/23/2019 9:51:22 PM: botfumante - Received: :jcfleal!jcfleal@jcfleal.tmi.twitch.tv JOIN #beringelamilgrau
8/23/2019 9:51:22 PM: botfumante - Received: @badge-info=;badges=moderator/1;color=#FF9600;display-name=ddanniell;emotes=;flags=0-42:;id=cb32a3fa-3393-4c9e-b1a9-4585b1d534fa;mod=1;room-id=443063688;subscriber=0;tmi-sent-ts=1566607880577;turbo=0;user-id=36163282;user-type=mod :ddanniell!ddanniell@ddanniell.tmi.twitch.tv PRIVMSG #beringelamilgrau :https://www.youtube.com/watch?v=v07NG-auIwI
8/23/2019 9:51:23 PM: botfumante - Received: @badge-info=;badges=moderator/1,partner/1;color=#2E8B57;display-name=CalibreLordal;emotes=;flags=;id=a37da198-b5c6-4889-8a4f-93d3d4f0b3bc;mod=1;room-id=443063688;subscriber=0;tmi-sent-ts=1566607881889;turbo=0;user-id=94381006;user-type=mod :calibrelordal!calibrelordal@calibrelordal.tmi.twitch.tv PRIVMSG #beringelamilgrau :POGGERS
8/23/2019 9:51:26 PM: botfumante - Received: @badge-info=subscriber/2;badges=vip/1,subscriber/0,bits-charity/1;color=#5F9EA0;display-name=Jean__;emotes=;flags=;id=6ca10b8d-4af1-4a81-908c-34314e2a017f;mod=0;room-id=443063688;subscriber=1;tmi-sent-ts=1566607885550;turbo=0;user-id=38479494;user-type= :jean__!jean__@jean__.tmi.twitch.tv PRIVMSG #beringelamilgrau :!real 10
8/23/2019 9:51:27 PM: botfumante - Received: @badge-info=;badges=;color=#8A2BE2;display-name=pedros_henrik;emotes=;flags=;id=1512fc3d-2039-434d-9d96-3d6c16c8d689;mod=0;room-id=443063688;subscriber=0;tmi-sent-ts=1566607885771;turbo=0;user-id=191506366;user-type= :pedros_henrik!pedros_henrik@pedros_henrik.tmi.twitch.tv PRIVMSG #beringelamilgrau :Pepega me deixa ellen
8/23/2019 9:51:27 PM: botfumante - Received: @badge-info=;badges=;color=;display-name=BotFumante;emote-sets=0;mod=0;subscriber=0;user-type= :tmi.twitch.tv USERSTATE #beringelamilgrau
8/23/2019 9:51:30 PM: botfumante - Received: @badge-info=subscriber/2;badges=vip/1,subscriber/0,bits-charity/1;color=#5F9EA0;display-name=Jean__;emotes=;flags=;id=d0887073-bc8d-4bfe-be77-8387b4b79de3;mod=0;room-id=443063688;subscriber=1;tmi-sent-ts=1566607889593;turbo=0;user-id=38479494;user-type= :jean__!jean__@jean__.tmi.twitch.tv PRIVMSG #beringelamilgrau :FeelsOkayMan
8/23/2019 9:51:31 PM: botfumante - Received: @badge-info=;badges=;color=;display-name=joseantonio001;emotes=;flags=;id=64f7e4d9-d276-443b-9991-4d6cb59c67f2;mod=0;room-id=443063688;subscriber=0;tmi-sent-ts=1566607890233;turbo=0;user-id=157525923;user-type= :joseantonio001!joseantonio001@joseantonio001.tmi.twitch.tv PRIVMSG #beringelamilgrau :ELLENS quanta pessoas fazem stream no LORDAL ??
8/23/2019 9:51:35 PM: botfumante - Received: @badge-info=;badges=moderator/1;color=#008000;display-name=TONYXZERO;emotes=1741419:31-41;flags=;id=feddd048-6d2b-421c-97e7-2a44cd91447f;mod=1;room-id=443063688;subscriber=0;tmi-sent-ts=1566607894275;turbo=0;user-id=38731171;user-type=mod :tonyxzero!tonyxzero@tonyxzero.tmi.twitch.tv PRIVMSG #beringelamilgrau :Aqui uns peitinho Pedros (.Y.) larxaKawaii
8/23/2019 9:51:44 PM: botfumante - Received: @badge-info=subscriber/2;badges=vip/1,subscriber/0,bits-charity/1;color=#5F9EA0;display-name=Jean__;emotes=;flags=;id=b8a97007-deea-46af-b856-cf4500147781;mod=0;room-id=443063688;subscriber=1;tmi-sent-ts=1566607902778;turbo=0;user-id=38479494;user-type= :jean__!jean__@jean__.tmi.twitch.tv PRIVMSG #beringelamilgrau :pronto, agora todos os comandos podem ser ativados/desativados FeelsMan
