2019-07-27 8:54:06 PM: botfumante - Connecting to: wss://irc-ws.chat.twitch.tv:443
2019-07-27 8:54:07 PM: botfumante - Should be connected!
2019-07-27 8:54:07 PM: botfumante - Joining channel: beringelamilgrau
2019-07-27 8:54:08 PM: botfumante - Received: :tmi.twitch.tv 001 botfumante :Welcome, GLHF!
2019-07-27 8:54:08 PM: botfumante - Received: :tmi.twitch.tv 002 botfumante :Your host is tmi.twitch.tv
2019-07-27 8:54:08 PM: botfumante - Received: :tmi.twitch.tv 003 botfumante :This server is rather new
2019-07-27 8:54:08 PM: botfumante - Received: :tmi.twitch.tv 004 botfumante :-
2019-07-27 8:54:08 PM: botfumante - Received: :tmi.twitch.tv 375 botfumante :-
2019-07-27 8:54:08 PM: botfumante - Received: :tmi.twitch.tv 372 botfumante :You are in a maze of twisty passages, all alike.
2019-07-27 8:54:08 PM: botfumante - Received: :tmi.twitch.tv 376 botfumante :>
2019-07-27 8:54:08 PM: botfumante - Received: :tmi.twitch.tv CAP * ACK :twitch.tv/membership
2019-07-27 8:54:08 PM: botfumante - Unaccounted for: :tmi.twitch.tv CAP * ACK :twitch.tv/membership
2019-07-27 8:54:08 PM: botfumante - Received: :tmi.twitch.tv CAP * ACK :twitch.tv/commands
2019-07-27 8:54:08 PM: botfumante - Unaccounted for: :tmi.twitch.tv CAP * ACK :twitch.tv/commands
2019-07-27 8:54:08 PM: botfumante - Received: :tmi.twitch.tv CAP * ACK :twitch.tv/tags
2019-07-27 8:54:08 PM: botfumante - Unaccounted for: :tmi.twitch.tv CAP * ACK :twitch.tv/tags
2019-07-27 8:54:08 PM: botfumante - Received: :botfumante!botfumante@botfumante.tmi.twitch.tv JOIN #beringelamilgrau
2019-07-27 8:54:08 PM: botfumante - Received: :botfumante.tmi.twitch.tv 353 botfumante = #beringelamilgrau :botfumante
2019-07-27 8:54:08 PM: botfumante - Received: :botfumante.tmi.twitch.tv 366 botfumante #beringelamilgrau :End of /NAMES list
2019-07-27 8:54:08 PM: botfumante - Finished channel joining queue.
2019-07-27 8:54:08 PM: botfumante - Received: @badge-info=;badges=;color=;display-name=BotFumante;emote-sets=0;mod=0;subscriber=0;user-type= :tmi.twitch.tv USERSTATE #beringelamilgrau
2019-07-27 8:54:08 PM: botfumante - Received: @emote-only=0;followers-only=-1;r9k=0;rituals=0;room-id=443063688;slow=0;subs-only=0 :tmi.twitch.tv ROOMSTATE #beringelamilgrau
2019-07-27 8:54:08 PM: botfumante - Finished channel joining queue.
2019-07-27 8:54:11 PM: botfumante - Received: @badge-info=;badges=vip/1;color=#FF69B4;display-name=rbruno018;emotes=;flags=4-46:;id=c28743c2-2ab6-4d32-bcbe-247e83d19d93;mod=0;room-id=443063688;subscriber=0;tmi-sent-ts=1564271649690;turbo=0;user-id=216448313;user-type= :rbruno018!rbruno018@rbruno018.tmi.twitch.tv PRIVMSG #beringelamilgrau :!sr https://www.youtube.com/watch?v=ma9I9VBKPiw
2019-07-27 8:54:12 PM: botfumante - Received: @badge-info=;badges=moderator/1,partner/1;color=#7C7CE1;display-name=Nightbot;emotes=;flags=;id=dbc95c5e-2a02-4bed-a74f-62f2418d6414;mod=1;room-id=443063688;subscriber=0;tmi-sent-ts=1564271651088;turbo=0;user-id=19264788;user-type=mod :nightbot!nightbot@nightbot.tmi.twitch.tv PRIVMSG #beringelamilgrau :@rbruno018 -> "Arctic Monkeys - Fluorescent Adolescent (Official Video)" by Domino Recording Co. has been added to the queue in position #4
2019-07-27 8:54:23 PM: botfumante - Received: @badge-info=;badges=vip/1;color=#FF69B4;display-name=rbruno018;emotes=;flags=;id=f044c175-2598-4b03-85f7-2c7e29482abc;mod=0;room-id=443063688;subscriber=0;tmi-sent-ts=1564271662288;turbo=0;user-id=216448313;user-type= :rbruno018!rbruno018@rbruno018.tmi.twitch.tv PRIVMSG #beringelamilgrau :monkaHmm
2019-07-27 8:54:23 PM: botfumante - Received: @badge-info=;badges=vip/1;color=#008000;display-name=Hisaagi;emotes=;flags=;id=1970bda4-284f-442b-943e-c75ff8696944;mod=0;room-id=443063688;subscriber=0;tmi-sent-ts=1564271662367;turbo=0;user-id=137774469;user-type= :hisaagi!hisaagi@hisaagi.tmi.twitch.tv PRIVMSG #beringelamilgrau :dejavu peepoRun
2019-07-27 8:54:26 PM: botfumante - Received: @badge-info=subscriber/1;badges=vip/1,subscriber/0,bits-charity/1;color=#5F9EA0;display-name=Jean__;emotes=;flags=;id=ee6a2030-c1b6-46c4-9b6e-9a2e4c5d0bc2;mod=0;room-id=443063688;subscriber=1;tmi-sent-ts=1564271664446;turbo=0;user-id=38479494;user-type= :jean__!jean__@jean__.tmi.twitch.tv PRIVMSG #beringelamilgrau :Pepega
2019-07-27 8:54:27 PM: botfumante - Received: :5uperted!5uperted@5uperted.tmi.twitch.tv JOIN #beringelamilgrau
2019-07-27 8:54:27 PM: botfumante - Received: :themalkavianx!themalkavianx@themalkavianx.tmi.twitch.tv JOIN #beringelamilgrau
2019-07-27 8:54:27 PM: botfumante - Received: :montee_waffle!montee_waffle@montee_waffle.tmi.twitch.tv JOIN #beringelamilgrau
2019-07-27 8:54:27 PM: botfumante - Received: :beringelamilgrau!beringelamilgrau@beringelamilgrau.tmi.twitch.tv JOIN #beringelamilgrau
2019-07-27 8:54:27 PM: botfumante - Received: :maria_renata!maria_renata@maria_renata.tmi.twitch.tv JOIN #beringelamilgrau
2019-07-27 8:54:27 PM: botfumante - Received: :skinnyseahorse!skinnyseahorse@skinnyseahorse.tmi.twitch.tv JOIN #beringelamilgrau
2019-07-27 8:54:27 PM: botfumante - Received: :angeloflight!angeloflight@angeloflight.tmi.twitch.tv JOIN #beringelamilgrau
2019-07-27 8:54:27 PM: botfumante - Received: :commanderroot!commanderroot@commanderroot.tmi.twitch.tv JOIN #beringelamilgrau
2019-07-27 8:54:27 PM: botfumante - Received: :jean__!jean__@jean__.tmi.twitch.tv JOIN #beringelamilgrau
2019-07-27 8:54:27 PM: botfumante - Received: :hisaagi!hisaagi@hisaagi.tmi.twitch.tv JOIN #beringelamilgrau
2019-07-27 8:54:27 PM: botfumante - Received: :lurxx!lurxx@lurxx.tmi.twitch.tv JOIN #beringelamilgrau
2019-07-27 8:54:27 PM: botfumante - Received: :totoro!totoro@totoro.tmi.twitch.tv JOIN #beringelamilgrau
2019-07-27 8:54:27 PM: botfumante - Received: :rbruno018!rbruno018@rbruno018.tmi.twitch.tv JOIN #beringelamilgrau
2019-07-27 8:54:27 PM: botfumante - Received: :ddanniell!ddanniell@ddanniell.tmi.twitch.tv JOIN #beringelamilgrau
2019-07-27 8:54:27 PM: botfumante - Received: :guillapre!guillapre@guillapre.tmi.twitch.tv JOIN #beringelamilgrau
2019-07-27 8:54:27 PM: botfumante - Received: :cyclemotion!cyclemotion@cyclemotion.tmi.twitch.tv JOIN #beringelamilgrau
2019-07-27 8:54:27 PM: botfumante - Received: :michelle_rezende!michelle_rezende@michelle_rezende.tmi.twitch.tv JOIN #beringelamilgrau
2019-07-27 8:54:27 PM: botfumante - Received: :electricallongboard!electricallongboard@electricallongboard.tmi.twitch.tv JOIN #beringelamilgrau
2019-07-27 8:54:27 PM: botfumante - Received: :nightbot!nightbot@nightbot.tmi.twitch.tv JOIN #beringelamilgrau
2019-07-27 8:54:28 PM: botfumante - Received: @badge-info=subscriber/1;badges=vip/1,subscriber/0,bits-charity/1;color=#5F9EA0;display-name=Jean__;emotes=;flags=;id=8c60cd8b-480f-4ca5-8a3b-ae06b6c0f5c1;mod=0;room-id=443063688;subscriber=1;tmi-sent-ts=1564271667085;turbo=0;user-id=38479494;user-type= :jean__!jean__@jean__.tmi.twitch.tv PRIVMSG #beringelamilgrau :manda tiro
2019-07-27 8:54:38 PM: botfumante - Received: @badge-info=;badges=vip/1,premium/1;color=#D8FF00;display-name=guillapre;emotes=;flags=;id=87b159e8-d13d-46be-b112-cb5652e7e5dd;mod=0;room-id=443063688;subscriber=0;tmi-sent-ts=1564271676752;turbo=0;user-id=157919745;user-type= :guillapre!guillapre@guillapre.tmi.twitch.tv PRIVMSG #beringelamilgrau :monkaGun
2019-07-27 8:54:44 PM: botfumante - Received: @badge-info=;badges=moderator/1;color=#38CC8F;display-name=Montee_Waffle;emotes=;flags=;id=35266b31-899d-4de5-9290-29ac570dd630;mod=1;room-id=443063688;subscriber=0;tmi-sent-ts=1564271682992;turbo=0;user-id=148551409;user-type=mod :montee_waffle!montee_waffle@montee_waffle.tmi.twitch.tv PRIVMSG #beringelamilgrau :pei
2019-07-27 8:54:46 PM: botfumante - Received: @badge-info=;badges=moderator/1;color=#38CC8F;display-name=Montee_Waffle;emotes=;flags=;id=802c3600-e9a8-4462-809d-e745d5f647ad;mod=1;room-id=443063688;subscriber=0;tmi-sent-ts=1564271685250;turbo=0;user-id=148551409;user-type=mod :montee_waffle!montee_waffle@montee_waffle.tmi.twitch.tv PRIVMSG #beringelamilgrau :de 10?
2019-07-27 8:54:56 PM: botfumante - Received: @badge-info=subscriber/1;badges=vip/1,subscriber/0,bits-charity/1;color=#5F9EA0;display-name=Jean__;emotes=;flags=;id=0455a66a-3045-4373-b5b2-63a52554ccae;mod=0;room-id=443063688;subscriber=1;tmi-sent-ts=1564271694529;turbo=0;user-id=38479494;user-type= :jean__!jean__@jean__.tmi.twitch.tv PRIVMSG #beringelamilgrau :pode ser FeelsMan
2019-07-27 8:54:57 PM: botfumante - Received: @ban-duration=600;room-id=443063688;target-user-id=38479494;tmi-sent-ts=1564271696212 :tmi.twitch.tv CLEARCHAT #beringelamilgrau :jean__
2019-07-27 8:55:08 PM: botfumante - Received: @badge-info=;badges=;color=;display-name=BotFumante;emote-sets=0;mod=0;subscriber=0;user-type= :tmi.twitch.tv USERSTATE #beringelamilgrau
2019-07-27 8:55:11 PM: botfumante - Received: @badge-info=;badges=vip/1;color=#008000;display-name=Hisaagi;emotes=;flags=;id=a4819ec9-d36f-4d5d-9433-1059cdf470d3;mod=0;room-id=443063688;subscriber=0;tmi-sent-ts=1564271710376;turbo=0;user-id=137774469;user-type= :hisaagi!hisaagi@hisaagi.tmi.twitch.tv PRIVMSG #beringelamilgrau :Pepega
2019-07-27 8:55:14 PM: botfumante - Received: @badge-info=;badges=vip/1;color=#FF69B4;display-name=rbruno018;emotes=;flags=;id=7226d3cc-e9a6-4c59-9437-61e2359d18a1;mod=0;room-id=443063688;subscriber=0;tmi-sent-ts=1564271712683;turbo=0;user-id=216448313;user-type= :rbruno018!rbruno018@rbruno018.tmi.twitch.tv PRIVMSG #beringelamilgrau :Pepega
2019-07-27 8:55:14 PM: botfumante - Received: @badge-info=;badges=vip/1,premium/1;color=#D8FF00;display-name=guillapre;emotes=;flags=;id=766e1bee-4ce9-41b0-8cf4-efcba38eb0c8;mod=0;room-id=443063688;subscriber=0;tmi-sent-ts=1564271713141;turbo=0;user-id=157919745;user-type= :guillapre!guillapre@guillapre.tmi.twitch.tv PRIVMSG #beringelamilgrau :Pepega
2019-07-27 8:55:24 PM: botfumante - Received: @badge-info=;badges=vip/1,premium/1;color=#D8FF00;display-name=guillapre;emotes=;flags=;id=fb47b54c-276e-4126-bd0b-26f7a48d0eb1;mod=0;room-id=443063688;subscriber=0;tmi-sent-ts=1564271722483;turbo=0;user-id=157919745;user-type= :guillapre!guillapre@guillapre.tmi.twitch.tv PRIVMSG #beringelamilgrau :vcs ver?o
2019-07-27 8:55:40 PM: botfumante - Received: @badge-info=;badges=vip/1;color=#008000;display-name=Hisaagi;emotes=;flags=;id=e1e97541-5d04-4fd6-99bc-1ec4dea7f488;mod=0;room-id=443063688;subscriber=0;tmi-sent-ts=1564271738647;turbo=0;user-id=137774469;user-type= :hisaagi!hisaagi@hisaagi.tmi.twitch.tv PRIVMSG #beringelamilgrau :h? a possibilidade de vc ver tutoriais de como usar as ferramentas do programa tamb?m FeelsMan
2019-07-27 8:55:43 PM: botfumante - Received: @badge-info=;badges=vip/1,premium/1;color=#D8FF00;display-name=guillapre;emotes=;flags=;id=7017a4bc-8c80-492d-8b00-8c755a4fc3e1;mod=0;room-id=443063688;subscriber=0;tmi-sent-ts=1564271742355;turbo=0;user-id=157919745;user-type= :guillapre!guillapre@guillapre.tmi.twitch.tv PRIVMSG #beringelamilgrau :PepeLaugh
2019-07-27 8:56:05 PM: botfumante - Received: @badge-info=;badges=vip/1,premium/1;color=#D8FF00;display-name=guillapre;emotes=;flags=;id=55d96b26-142a-4af4-b0a2-e84083378421;mod=0;room-id=443063688;subscriber=0;tmi-sent-ts=1564271763560;turbo=0;user-id=157919745;user-type= :guillapre!guillapre@guillapre.tmi.twitch.tv PRIVMSG #beringelamilgrau :n esque?a que estamos lidando com o ddanniell
2019-07-27 8:56:53 PM: botfumante - Received: @badge-info=;badges=vip/1;color=#008000;display-name=Hisaagi;emotes=58765:23-33;flags=;id=a44bc624-232e-402e-b155-a07d750b2307;mod=0;room-id=443063688;subscriber=0;tmi-sent-ts=1564271811974;turbo=0;user-id=137774469;user-type= :hisaagi!hisaagi@hisaagi.tmi.twitch.tv PRIVMSG #beringelamilgrau :? s? vc faze uma curva NotLikeThis
2019-07-27 8:57:01 PM: botfumante - Received: @badge-info=subscriber/1;badges=moderator/1,subscriber/0,premium/1;color=#FF69B4;display-name=Maria_Renata;emote-only=1;emotes=245:0-14;flags=;id=cd538de1-3567-44c7-b370-317559427693;mod=1;room-id=443063688;subscriber=1;tmi-sent-ts=1564271819575;turbo=0;user-id=212194263;user-type=mod :maria_renata!maria_renata@maria_renata.tmi.twitch.tv PRIVMSG #beringelamilgrau :ResidentSleeper
2019-07-27 8:57:12 PM: botfumante - Received: @badge-info=;badges=vip/1;color=#008000;display-name=Hisaagi;emotes=;flags=0-4:P.6/S.0;id=c2e3d89e-640f-448b-88b4-820065ced4e2;mod=0;room-id=443063688;subscriber=0;tmi-sent-ts=1564271831395;turbo=0;user-id=137774469;user-type= :hisaagi!hisaagi@hisaagi.tmi.twitch.tv PRIVMSG #beringelamilgrau :PORRA DE COREL
2019-07-27 8:57:24 PM: botfumante - Received: @badge-info=subscriber/1;badges=broadcaster/1,subscriber/0;color=#8A2BE2;display-name=BeringelaMilGrau;emotes=;flags=;id=fe981a32-2556-459e-b193-43875d923d79;mod=0;room-id=443063688;subscriber=1;tmi-sent-ts=1564271843277;turbo=0;user-id=443063688;user-type= :beringelamilgrau!beringelamilgrau@beringelamilgrau.tmi.twitch.tv PRIVMSG #beringelamilgrau :PepeLaugh
2019-07-27 8:57:30 PM: botfumante - Received: @badge-info=;badges=;color=;display-name=BotFumante;emote-sets=0;mod=0;subscriber=0;user-type= :tmi.twitch.tv USERSTATE #beringelamilgrau
2019-07-27 8:57:32 PM: botfumante - Received: @badge-info=;badges=vip/1,premium/1;color=#D8FF00;display-name=guillapre;emotes=;flags=0-3:P.6;id=a60828ab-7de2-4bad-ace3-7fca7cdeef66;mod=0;room-id=443063688;subscriber=0;tmi-sent-ts=1564271850991;turbo=0;user-id=157919745;user-type= :guillapre!guillapre@guillapre.tmi.twitch.tv PRIVMSG #beringelamilgrau :poha de corel mano
2019-07-27 8:57:38 PM: botfumante - Received: @badge-info=;badges=vip/1,premium/1;color=#D8FF00;display-name=guillapre;emotes=;flags=;id=6140a0b5-204f-4fe5-875c-e9d0f9b9278d;mod=0;room-id=443063688;subscriber=0;tmi-sent-ts=1564271857059;turbo=0;user-id=157919745;user-type= :guillapre!guillapre@guillapre.tmi.twitch.tv PRIVMSG #beringelamilgrau :peepoBox
2019-07-27 8:57:44 PM: botfumante - Received: @badge-info=;badges=vip/1;color=#008000;display-name=Hisaagi;emotes=;flags=;id=421130ea-197a-4a49-8fa5-11b176575e4f;mod=0;room-id=443063688;subscriber=0;tmi-sent-ts=1564271862923;turbo=0;user-id=137774469;user-type= :hisaagi!hisaagi@hisaagi.tmi.twitch.tv PRIVMSG #beringelamilgrau :j? q vc ta fazendo s? forma usa a desgra?a do ilustrator
2019-07-27 8:57:51 PM: botfumante - Received: @badge-info=;badges=vip/1;color=#FF69B4;display-name=rbruno018;emotes=;flags=;id=981f62bd-ff07-45d7-b7a0-2edc9ae19d85;mod=0;room-id=443063688;subscriber=0;tmi-sent-ts=1564271870265;turbo=0;user-id=216448313;user-type= :rbruno018!rbruno018@rbruno018.tmi.twitch.tv PRIVMSG #beringelamilgrau :ConcernFroge
2019-07-27 8:57:57 PM: botfumante - Received: @badge-info=subscriber/1;badges=vip/1,subscriber/0,bits-charity/1;color=#5F9EA0;display-name=Jean__;emotes=;flags=0-32:;id=3dbafc7c-c65f-49de-92c0-90512e4ed57f;mod=0;room-id=443063688;subscriber=1;tmi-sent-ts=1564271876369;turbo=0;user-id=38479494;user-type= :jean__!jean__@jean__.tmi.twitch.tv PRIVMSG #beringelamilgrau :https://youtu.be/9QAxBibf8Pg?t=32 Pepega
2019-07-27 8:58:10 PM: botfumante - Received: @badge-info=;badges=vip/1;color=#008000;display-name=Hisaagi;emotes=;flags=;id=956f1a5e-194e-4ed6-a662-05b237657dcd;mod=0;room-id=443063688;subscriber=0;tmi-sent-ts=1564271888880;turbo=0;user-id=137774469;user-type= :hisaagi!hisaagi@hisaagi.tmi.twitch.tv PRIVMSG #beringelamilgrau :ningu?m usa corel, maria ConcernFroge
2019-07-27 8:58:11 PM: botfumante - Received: @badge-info=;badges=vip/1,premium/1;color=#D8FF00;display-name=guillapre;emotes=;flags=;id=4295dda0-103f-455c-9548-46895e5dc986;mod=0;room-id=443063688;subscriber=0;tmi-sent-ts=1564271890199;turbo=0;user-id=157919745;user-type= :guillapre!guillapre@guillapre.tmi.twitch.tv PRIVMSG #beringelamilgrau :o cara tem o cs4, c acha que ele vai baixar o illustrator?
2019-07-27 8:58:24 PM: botfumante - Received: PING :tmi.twitch.tv
2019-07-27 8:58:24 PM: botfumante - Writing: PONG
2019-07-27 8:58:26 PM: botfumante - Received: @badge-info=subscriber/1;badges=broadcaster/1,subscriber/0;color=#8A2BE2;display-name=BeringelaMilGrau;emotes=;flags=;id=05f3b1fb-3aaa-4647-a80c-d9b2d493d176;mod=0;room-id=443063688;subscriber=1;tmi-sent-ts=1564271905272;turbo=0;user-id=443063688;user-type= :beringelamilgrau!beringelamilgrau@beringelamilgrau.tmi.twitch.tv PRIVMSG #beringelamilgrau :PepeLaugh
2019-07-27 8:58:28 PM: botfumante - Received: @badge-info=;badges=vip/1;color=#008000;display-name=Hisaagi;emotes=;flags=;id=a31c4142-65f4-479a-b853-b6daee84c7a8;mod=0;room-id=443063688;subscriber=0;tmi-sent-ts=1564271907128;turbo=0;user-id=137774469;user-type= :hisaagi!hisaagi@hisaagi.tmi.twitch.tv PRIVMSG #beringelamilgrau :OMEGALUL
2019-07-27 8:58:43 PM: botfumante - Received: @badge-info=;badges=vip/1;color=#008000;display-name=Hisaagi;emotes=;flags=;id=858f6673-29f5-4c68-bf43-57fab2d39e8b;mod=0;room-id=443063688;subscriber=0;tmi-sent-ts=1564271921383;turbo=0;user-id=137774469;user-type= :hisaagi!hisaagi@hisaagi.tmi.twitch.tv PRIVMSG #beringelamilgrau :velho literalmente 10 cliques baixar o photoshop cc FeelsMan
2019-07-27 8:58:50 PM: botfumante - Received: @badge-info=;badges=vip/1;color=#FF69B4;display-name=rbruno018;emotes=;flags=;id=a1c1bea4-68cc-431e-a081-637f2774cbce;mod=0;room-id=443063688;subscriber=0;tmi-sent-ts=1564271928600;turbo=0;user-id=216448313;user-type= :rbruno018!rbruno018@rbruno018.tmi.twitch.tv PRIVMSG #beringelamilgrau :PepePls
2019-07-27 8:59:03 PM: botfumante - Received: @badge-info=;badges=vip/1,premium/1;color=#D8FF00;display-name=guillapre;emotes=;flags=;id=340873bd-d983-43a4-8109-2589e9bfb832;mod=0;room-id=443063688;subscriber=0;tmi-sent-ts=1564271942171;turbo=0;user-id=157919745;user-type= :guillapre!guillapre@guillapre.tmi.twitch.tv PRIVMSG #beringelamilgrau :BOM DE MAIS JEAN
2019-07-27 8:59:24 PM: botfumante - Received: @badge-info=;badges=vip/1,premium/1;color=#D8FF00;display-name=guillapre;emotes=;flags=;id=64dd0fce-01a1-4ffb-a0b1-0850d0285119;mod=0;room-id=443063688;subscriber=0;tmi-sent-ts=1564271962620;turbo=0;user-id=157919745;user-type= :guillapre!guillapre@guillapre.tmi.twitch.tv PRIVMSG #beringelamilgrau :mas ficou baixo no video Pepega
2019-07-27 8:59:30 PM: botfumante - Received: @badge-info=subscriber/1;badges=vip/1,subscriber/0,bits-charity/1;color=#5F9EA0;display-name=Jean__;emotes=;flags=;id=24a75631-8fc8-4e60-ab3b-37105a5fb31a;mod=0;room-id=443063688;subscriber=1;tmi-sent-ts=1564271968594;turbo=0;user-id=38479494;user-type= :jean__!jean__@jean__.tmi.twitch.tv PRIVMSG #beringelamilgrau :ConcernFroge
2019-07-27 8:59:53 PM: botfumante - Received: @badge-info=;badges=vip/1;color=#FF69B4;display-name=rbruno018;emotes=;flags=;id=d5b243b9-fabb-4b51-9af3-2f13fd182fb9;mod=0;room-id=443063688;subscriber=0;tmi-sent-ts=1564271991949;turbo=0;user-id=216448313;user-type= :rbruno018!rbruno018@rbruno018.tmi.twitch.tv PRIVMSG #beringelamilgrau :eu assustei com o video meu fone tava alto ConcernFroge
2019-07-27 8:59:55 PM: botfumante - Received: @badge-info=subscriber/1;badges=vip/1,subscriber/0,bits-charity/1;color=#5F9EA0;display-name=Jean__;emotes=;flags=;id=964455c8-bcf6-4800-ae91-62926172b6c7;mod=0;room-id=443063688;subscriber=1;tmi-sent-ts=1564271994074;turbo=0;user-id=38479494;user-type= :jean__!jean__@jean__.tmi.twitch.tv PRIVMSG #beringelamilgrau :? que tem todos os audios que te passei FeelsMan
2019-07-27 9:00:22 PM: botfumante - Received: @badge-info=;badges=vip/1,premium/1;color=#D8FF00;display-name=guillapre;emotes=;flags=;id=72c7c515-1a7d-4fb2-9381-fdb2447a9211;mod=0;room-id=443063688;subscriber=0;tmi-sent-ts=1564272020354;turbo=0;user-id=157919745;user-type= :guillapre!guillapre@guillapre.tmi.twitch.tv PRIVMSG #beringelamilgrau :to lgd
2019-07-27 9:00:26 PM: botfumante - Received: @badge-info=;badges=vip/1,premium/1;color=#D8FF00;display-name=guillapre;emotes=;flags=;id=c64ce06c-5f29-42da-a51b-a26ab4ccd4ca;mod=0;room-id=443063688;subscriber=0;tmi-sent-ts=1564272025284;turbo=0;user-id=157919745;user-type= :guillapre!guillapre@guillapre.tmi.twitch.tv PRIVMSG #beringelamilgrau :bom demais
2019-07-27 9:00:58 PM: botfumante - Received: @badge-info=;badges=vip/1;color=#008000;display-name=Hisaagi;emotes=;flags=;id=779ac920-2a83-4314-92a2-a13688bcee31;mod=0;room-id=443063688;subscriber=0;tmi-sent-ts=1564272056711;turbo=0;user-id=137774469;user-type= :hisaagi!hisaagi@hisaagi.tmi.twitch.tv PRIVMSG #beringelamilgrau :na verdade o cachorro ? o daniel monkaS
2019-07-27 9:01:18 PM: botfumante - Received: @badge-info=;badges=vip/1;color=#FF69B4;display-name=rbruno018;emotes=;flags=4-46:;id=f6bdfe36-a851-4e32-b8e1-c9a594b3e05e;mod=0;room-id=443063688;subscriber=0;tmi-sent-ts=1564272077194;turbo=0;user-id=216448313;user-type= :rbruno018!rbruno018@rbruno018.tmi.twitch.tv PRIVMSG #beringelamilgrau :!sr https://www.youtube.com/watch?v=S-u6qdeaPoE
2019-07-27 9:01:19 PM: botfumante - Received: @badge-info=;badges=moderator/1,partner/1;color=#7C7CE1;display-name=Nightbot;emotes=;flags=;id=7112b2de-09be-4ce4-ba59-9f01685745b9;mod=1;room-id=443063688;subscriber=0;tmi-sent-ts=1564272077724;turbo=0;user-id=19264788;user-type=mod :nightbot!nightbot@nightbot.tmi.twitch.tv PRIVMSG #beringelamilgrau :@rbruno018 -> "Boney M. - Sunny (Official Video) [HD 1080p]" by CleanMusicVideo has been added to the queue in position #3
2019-07-27 9:01:22 PM: botfumante - Received: @badge-info=;badges=vip/1,premium/1;color=#D8FF00;display-name=guillapre;emotes=;flags=;id=71e55650-a533-4d0e-81f4-7703b4372755;mod=0;room-id=443063688;subscriber=0;tmi-sent-ts=1564272081236;turbo=0;user-id=157919745;user-type= :guillapre!guillapre@guillapre.tmi.twitch.tv PRIVMSG #beringelamilgrau :agra ? fazer o totoro botar na live dele
2019-07-27 9:01:39 PM: botfumante - Received: @badge-info=;badges=vip/1,premium/1;color=#D8FF00;display-name=guillapre;emotes=;flags=;id=16ecf0f1-d06a-48b4-9cb1-085c1f67a661;mod=0;room-id=443063688;subscriber=0;tmi-sent-ts=1564272097594;turbo=0;user-id=157919745;user-type= :guillapre!guillapre@guillapre.tmi.twitch.tv PRIVMSG #beringelamilgrau :nas live de ds3 vai ser s? o tiroteio
2019-07-27 9:01:41 PM: botfumante - Received: @badge-info=;badges=vip/1;color=#008000;display-name=Hisaagi;emotes=;flags=4-46:;id=a31753fc-cf28-4ab0-961f-52d2ae584d95;mod=0;room-id=443063688;subscriber=0;tmi-sent-ts=1564272099501;turbo=0;user-id=137774469;user-type= :hisaagi!hisaagi@hisaagi.tmi.twitch.tv PRIVMSG #beringelamilgrau :!sr https://www.youtube.com/watch?v=E6fVJHtYzRg
2019-07-27 9:01:41 PM: botfumante - Received: @badge-info=;badges=moderator/1,partner/1;color=#7C7CE1;display-name=Nightbot;emotes=;flags=26-34:,65-75:;id=11a7a7fa-de8f-496a-bfd9-9b8fea624f3b;mod=1;room-id=443063688;subscriber=0;tmi-sent-ts=1564272100041;turbo=0;user-id=19264788;user-type=mod :nightbot!nightbot@nightbot.tmi.twitch.tv PRIVMSG #beringelamilgrau :@Hisaagi -> "@yfg.nxbre x @yfg.rush - FIRE 1900 [Remix] (beat by @yfg.rush)" by Fire Gang has been added to the queue in position #4
2019-07-27 9:01:52 PM: botfumante - Received: @badge-info=;badges=vip/1;color=#FF69B4;display-name=rbruno018;emotes=;flags=4-46:;id=eb187038-d1d2-49ad-9423-5537c19be2bb;mod=0;room-id=443063688;subscriber=0;tmi-sent-ts=1564272110726;turbo=0;user-id=216448313;user-type= :rbruno018!rbruno018@rbruno018.tmi.twitch.tv PRIVMSG #beringelamilgrau :!sr https://www.youtube.com/watch?v=NF-kLy44Hls
2019-07-27 9:01:53 PM: botfumante - Received: @badge-info=;badges=moderator/1,partner/1;color=#7C7CE1;display-name=Nightbot;emotes=;flags=;id=45c19f0f-5669-4211-9cc8-8f57288170fa;mod=1;room-id=443063688;subscriber=0;tmi-sent-ts=1564272111248;turbo=0;user-id=19264788;user-type=mod :nightbot!nightbot@nightbot.tmi.twitch.tv PRIVMSG #beringelamilgrau :@rbruno018 -> "Daft Punk - Lose Yourself to Dance (Official Version)" by DaftPunkVEVO has been added to the queue in position #4
2019-07-27 9:02:26 PM: botfumante - Received: @badge-info=;badges=vip/1;color=#FF69B4;display-name=rbruno018;emotes=;flags=;id=2882a324-7f53-4f3e-9618-0cbde3e2bbe0;mod=0;room-id=443063688;subscriber=0;tmi-sent-ts=1564272144740;turbo=0;user-id=216448313;user-type= :rbruno018!rbruno018@rbruno018.tmi.twitch.tv PRIVMSG #beringelamilgrau :!quote mario
2019-07-27 9:02:27 PM: botfumante - Received: @badge-info=;badges=moderator/1,partner/1;color=#7C7CE1;display-name=Nightbot;emotes=;flags=;id=a67d7de7-ccbf-4473-8d4a-260f0b8ae5ab;mod=1;room-id=443063688;subscriber=0;tmi-sent-ts=1564272145455;turbo=0;user-id=19264788;user-type=mod :nightbot!nightbot@nightbot.tmi.twitch.tv PRIVMSG #beringelamilgrau :11. "Mario ? um jogo bom pra falar mal dos outros" Bira
2019-07-27 9:02:58 PM: botfumante - Received: PING :tmi.twitch.tv
2019-07-27 9:02:58 PM: botfumante - Writing: PONG
