8/22/2019 8:10:10 PM: botfumante - Connecting to: wss://irc-ws.chat.twitch.tv:443
8/22/2019 8:10:11 PM: botfumante - Should be connected!
8/22/2019 8:10:11 PM: botfumante - Joining channel: beringelamilgrau
8/22/2019 8:10:12 PM: botfumante - Received: :tmi.twitch.tv 001 botfumante :Welcome, GLHF!
8/22/2019 8:10:12 PM: botfumante - Received: :tmi.twitch.tv 002 botfumante :Your host is tmi.twitch.tv
8/22/2019 8:10:12 PM: botfumante - Received: :tmi.twitch.tv 003 botfumante :This server is rather new
8/22/2019 8:10:12 PM: botfumante - Received: :tmi.twitch.tv 004 botfumante :-
8/22/2019 8:10:12 PM: botfumante - Received: :tmi.twitch.tv 375 botfumante :-
8/22/2019 8:10:12 PM: botfumante - Received: :tmi.twitch.tv 372 botfumante :You are in a maze of twisty passages, all alike.
8/22/2019 8:10:12 PM: botfumante - Received: :tmi.twitch.tv 376 botfumante :>
8/22/2019 8:10:12 PM: botfumante - Received: :tmi.twitch.tv CAP * ACK :twitch.tv/membership
8/22/2019 8:10:12 PM: botfumante - Unaccounted for: :tmi.twitch.tv CAP * ACK :twitch.tv/membership
8/22/2019 8:10:12 PM: botfumante - Received: :tmi.twitch.tv CAP * ACK :twitch.tv/commands
8/22/2019 8:10:12 PM: botfumante - Unaccounted for: :tmi.twitch.tv CAP * ACK :twitch.tv/commands
8/22/2019 8:10:12 PM: botfumante - Received: :tmi.twitch.tv CAP * ACK :twitch.tv/tags
8/22/2019 8:10:12 PM: botfumante - Unaccounted for: :tmi.twitch.tv CAP * ACK :twitch.tv/tags
8/22/2019 8:10:12 PM: botfumante - Received: :botfumante!botfumante@botfumante.tmi.twitch.tv JOIN #beringelamilgrau
8/22/2019 8:10:12 PM: botfumante - Received: @badge-info=;badges=;color=;display-name=BotFumante;emote-sets=0;mod=0;subscriber=0;user-type= :tmi.twitch.tv USERSTATE #beringelamilgrau
8/22/2019 8:10:12 PM: botfumante - Received: @emote-only=0;followers-only=-1;r9k=0;rituals=0;room-id=443063688;slow=0;subs-only=0 :tmi.twitch.tv ROOMSTATE #beringelamilgrau
8/22/2019 8:10:12 PM: botfumante - Received: :botfumante.tmi.twitch.tv 353 botfumante = #beringelamilgrau :beringelamilgrau rbruno018 michelle_rezende jean__ p0lizei_ ixlimpoke gladosxcake botfumante pedros_henrik tonyxzero winsock clip_clock don_torelli um_fido montee_waffle hisaagi guilhermes streamlabs guillapre alexisyuki lucaesan commanderroot lurxx leafjat s1faka joseantonio001
8/22/2019 8:10:12 PM: botfumante - Received: :botfumante.tmi.twitch.tv 366 botfumante #beringelamilgrau :End of /NAMES list
8/22/2019 8:10:12 PM: botfumante - Finished channel joining queue.
8/22/2019 8:10:12 PM: botfumante - Finished channel joining queue.
8/22/2019 8:10:15 PM: botfumante - Received: @badge-info=subscriber/2;badges=vip/1,subscriber/0,bits-charity/1;color=#5F9EA0;display-name=Jean__;emotes=;flags=;id=8314a69c-0ba0-4f68-b5af-2a9deabafac5;mod=0;room-id=443063688;subscriber=1;tmi-sent-ts=1566515415469;turbo=0;user-id=38479494;user-type= :jean__!jean__@jean__.tmi.twitch.tv PRIVMSG #beringelamilgrau :manda salve
8/22/2019 8:10:16 PM: botfumante - Received: @badge-info=;badges=;color=;display-name=BotFumante;emote-sets=0;mod=0;subscriber=0;user-type= :tmi.twitch.tv USERSTATE #beringelamilgrau
8/22/2019 8:10:16 PM: botfumante - Received: @badge-info=;badges=moderator/1,partner/1;color=#7C7CE1;display-name=Nightbot;emotes=;flags=9-13:P.6/S.0;id=83c502ea-66bc-4ee0-8ab8-d231ef1f867e;mod=1;room-id=443063688;subscriber=0;tmi-sent-ts=1566515415989;turbo=0;user-id=19264788;user-type=mod :nightbot!nightbot@nightbot.tmi.twitch.tv PRIVMSG #beringelamilgrau :Que man? porra de salve! ConcernFroge
8/22/2019 8:10:26 PM: botfumante - Received: @badge-info=;badges=bits-charity/1;color=#DAA520;display-name=lucaesan;emotes=;flags=;id=03a8b1ee-0068-47ec-93c5-c845fa751dca;mod=0;room-id=443063688;subscriber=0;tmi-sent-ts=1566515426529;turbo=0;user-id=167039036;user-type= :lucaesan!lucaesan@lucaesan.tmi.twitch.tv PRIVMSG #beringelamilgrau :pichau
8/22/2019 8:10:27 PM: botfumante - Received: @badge-info=subscriber/2;badges=vip/1,subscriber/0,bits-charity/1;color=#5F9EA0;display-name=Jean__;emotes=;flags=;id=3f0c6da5-7732-4e8f-b107-c4f208323135;mod=0;room-id=443063688;subscriber=1;tmi-sent-ts=1566515427040;turbo=0;user-id=38479494;user-type= :jean__!jean__@jean__.tmi.twitch.tv PRIVMSG #beringelamilgrau :manda salve ae
8/22/2019 8:10:27 PM: botfumante - Received: @msg-id=msg_duplicate :tmi.twitch.tv NOTICE #beringelamilgrau :Your message was not sent because it is identical to the previous one you sent, less than 30 seconds ago.
8/22/2019 8:10:27 PM: botfumante - Unaccounted for: @msg-id=msg_duplicate :tmi.twitch.tv NOTICE #beringelamilgrau :Your message was not sent because it is identical to the previous one you sent, less than 30 seconds ago.
8/22/2019 8:10:32 PM: botfumante - Received: @badge-info=subscriber/2;badges=vip/1,subscriber/0,bits-charity/1;color=#5F9EA0;display-name=Jean__;emotes=;flags=;id=2992c412-51d6-4f82-88c8-c6ff4e4b0e09;mod=0;room-id=443063688;subscriber=1;tmi-sent-ts=1566515432549;turbo=0;user-id=38479494;user-type= :jean__!jean__@jean__.tmi.twitch.tv PRIVMSG #beringelamilgrau :monkaHmm
8/22/2019 8:10:33 PM: botfumante - Received: @badge-info=;badges=;color=;display-name=joseantonio001;emotes=25:34-38;flags=;id=79c09f16-6ba8-4882-bf1f-a02f79a6cb48;mod=0;room-id=443063688;subscriber=0;tmi-sent-ts=1566515433528;turbo=0;user-id=157525923;user-type= :joseantonio001!joseantonio001@joseantonio001.tmi.twitch.tv PRIVMSG #beringelamilgrau :O seu PAU compensa seu PC DDANIEL Kappa
8/22/2019 8:10:34 PM: botfumante - Received: @badge-info=;badges=bits-charity/1;color=#DAA520;display-name=lucaesan;emotes=;flags=;id=dc4fb0af-6a51-4a57-86d5-585534f115ad;mod=0;room-id=443063688;subscriber=0;tmi-sent-ts=1566515434217;turbo=0;user-id=167039036;user-type= :lucaesan!lucaesan@lucaesan.tmi.twitch.tv PRIVMSG #beringelamilgrau :bal?o da informatica
8/22/2019 8:10:57 PM: botfumante - Received: @badge-info=;badges=;color=;display-name=joseantonio001;emotes=25:12-16;flags=;id=ce9ac360-11b3-4163-a624-3643d5ed8629;mod=0;room-id=443063688;subscriber=0;tmi-sent-ts=1566515455454;turbo=0;user-id=157525923;user-type= :joseantonio001!joseantonio001@joseantonio001.tmi.twitch.tv PRIVMSG #beringelamilgrau :nos sabemos Kappa
8/22/2019 8:11:04 PM: botfumante - Received: @badge-info=;badges=moderator/1;color=#008000;display-name=TONYXZERO;emotes=;flags=;id=8c409cc5-cf3f-4186-93c2-9803b3be6248;mod=1;room-id=443063688;subscriber=0;tmi-sent-ts=1566515464044;turbo=0;user-id=38731171;user-type=mod :tonyxzero!tonyxzero@tonyxzero.tmi.twitch.tv PRIVMSG #beringelamilgrau :!quote grego
8/22/2019 8:11:05 PM: botfumante - Received: @badge-info=;badges=moderator/1,partner/1;color=#7C7CE1;display-name=Nightbot;emotes=;flags=;id=7d142881-3487-4adb-8720-91e3442275f0;mod=1;room-id=443063688;subscriber=0;tmi-sent-ts=1566515464625;turbo=0;user-id=19264788;user-type=mod :nightbot!nightbot@nightbot.tmi.twitch.tv PRIVMSG #beringelamilgrau :0. "? s? uma linguinha Tony." -Bruno
8/22/2019 8:11:06 PM: botfumante - Received: @badge-info=;badges=;color=#8A2BE2;display-name=pedros_henrik;emotes=;flags=;id=c69fee51-e543-4aa7-95af-b7b83c72927d;mod=0;room-id=443063688;subscriber=0;tmi-sent-ts=1566515466127;turbo=0;user-id=191506366;user-type= :pedros_henrik!pedros_henrik@pedros_henrik.tmi.twitch.tv PRIVMSG #beringelamilgrau :Pepega se mandasse salve teria patrocinio
8/22/2019 8:11:06 PM: botfumante - Received: @badge-info=;badges=;color=;display-name=BotFumante;emote-sets=0;mod=0;subscriber=0;user-type= :tmi.twitch.tv USERSTATE #beringelamilgrau
8/22/2019 8:11:07 PM: botfumante - Received: @badge-info=;badges=moderator/1,partner/1;color=#7C7CE1;display-name=Nightbot;emotes=;flags=9-13:P.6/S.0;id=26787fed-7614-43a7-8192-8f8052039e66;mod=1;room-id=443063688;subscriber=0;tmi-sent-ts=1566515466627;turbo=0;user-id=19264788;user-type=mod :nightbot!nightbot@nightbot.tmi.twitch.tv PRIVMSG #beringelamilgrau :Que man? porra de salve! ConcernFroge
8/22/2019 8:11:10 PM: botfumante - Received: @badge-info=;badges=moderator/1;color=#008000;display-name=TONYXZERO;emotes=;flags=;id=cdc6ed84-dc9c-4d86-a6c0-036a37172533;mod=1;room-id=443063688;subscriber=0;tmi-sent-ts=1566515470602;turbo=0;user-id=38731171;user-type=mod :tonyxzero!tonyxzero@tonyxzero.tmi.twitch.tv PRIVMSG #beringelamilgrau :OMEGALUL
8/22/2019 8:11:26 PM: botfumante - Received: @badge-info=;badges=bits-charity/1;color=#DAA520;display-name=lucaesan;emotes=;flags=;id=dfd42e49-0894-4f5c-bc5a-02766ec3c55f;mod=0;room-id=443063688;subscriber=0;tmi-sent-ts=1566515485742;turbo=0;user-id=167039036;user-type= :lucaesan!lucaesan@lucaesan.tmi.twitch.tv PRIVMSG #beringelamilgrau :? monte ont?m eu e o tony caimos no seu golpe do skater XL
8/22/2019 8:11:35 PM: botfumante - Received: @badge-info=;badges=moderator/1;color=#008000;display-name=TONYXZERO;emotes=;flags=;id=87353963-be5f-441f-afad-5085a9c90762;mod=1;room-id=443063688;subscriber=0;tmi-sent-ts=1566515494918;turbo=0;user-id=38731171;user-type=mod :tonyxzero!tonyxzero@tonyxzero.tmi.twitch.tv PRIVMSG #beringelamilgrau :FeelsMan
8/22/2019 8:11:43 PM: botfumante - Received: @badge-info=;badges=moderator/1;color=#008000;display-name=TONYXZERO;emotes=;flags=4-8:P.5;id=6fa599f8-624b-4ac5-91ee-c7bb298a8806;mod=1;room-id=443063688;subscriber=0;tmi-sent-ts=1566515503099;turbo=0;user-id=38731171;user-type=mod :tonyxzero!tonyxzero@tonyxzero.tmi.twitch.tv PRIVMSG #beringelamilgrau :Uma merda o game FeelsMan
8/22/2019 8:11:44 PM: botfumante - Received: @badge-info=;badges=vip/1;color=#FF69B4;display-name=rbruno018;emotes=;flags=;id=2724d97e-26c9-4b42-b9b2-8589938c935d;mod=0;room-id=443063688;subscriber=0;tmi-sent-ts=1566515503937;turbo=0;user-id=216448313;user-type= :rbruno018!rbruno018@rbruno018.tmi.twitch.tv PRIVMSG #beringelamilgrau :FeelsMan
8/22/2019 8:11:50 PM: botfumante - Received: @badge-info=;badges=moderator/1;color=#008000;display-name=TONYXZERO;emotes=1463060:17-26;flags=0-10:A.5;id=0886ae8e-f6ec-482c-b5e2-6f4048923997;mod=1;room-id=443063688;subscriber=0;tmi-sent-ts=1566515510626;turbo=0;user-id=38731171;user-type=mod :tonyxzero!tonyxzero@tonyxzero.tmi.twitch.tv PRIVMSG #beringelamilgrau :CALA A BOCA BIRA larxaAngry
8/22/2019 8:11:53 PM: botfumante - Received: @badge-info=subscriber/2;badges=vip/1,subscriber/0,bits-charity/1;color=#5F9EA0;display-name=Jean__;emotes=;flags=;id=388f96cb-32a4-4908-baa6-32578fd30321;mod=0;room-id=443063688;subscriber=1;tmi-sent-ts=1566515513149;turbo=0;user-id=38479494;user-type= :jean__!jean__@jean__.tmi.twitch.tv PRIVMSG #beringelamilgrau :monkaHmm manda salve ae
8/22/2019 8:11:53 PM: botfumante - Received: @badge-info=;badges=;color=;display-name=BotFumante;emote-sets=0;mod=0;subscriber=0;user-type= :tmi.twitch.tv USERSTATE #beringelamilgrau
8/22/2019 8:11:54 PM: botfumante - Received: @badge-info=;badges=moderator/1,partner/1;color=#7C7CE1;display-name=Nightbot;emotes=;flags=9-13:P.6/S.0;id=1ac94e84-9378-4a6b-8aea-34d27826cb41;mod=1;room-id=443063688;subscriber=0;tmi-sent-ts=1566515513703;turbo=0;user-id=19264788;user-type=mod :nightbot!nightbot@nightbot.tmi.twitch.tv PRIVMSG #beringelamilgrau :Que man? porra de salve! ConcernFroge
8/22/2019 8:12:04 PM: botfumante - Received: @badge-info=;badges=bits-charity/1;color=#DAA520;display-name=lucaesan;emotes=;flags=;id=0c798660-0142-4161-9760-af90fb8f6369;mod=0;room-id=443063688;subscriber=0;tmi-sent-ts=1566515523999;turbo=0;user-id=167039036;user-type= :lucaesan!lucaesan@lucaesan.tmi.twitch.tv PRIVMSG #beringelamilgrau :jogo nem ? jogo ainda
8/22/2019 8:12:07 PM: botfumante - Received: @badge-info=;badges=;color=#8A2BE2;display-name=pedros_henrik;emotes=;flags=;id=231a3200-04f8-440c-8a92-8a7739400537;mod=0;room-id=443063688;subscriber=0;tmi-sent-ts=1566515527725;turbo=0;user-id=191506366;user-type= :pedros_henrik!pedros_henrik@pedros_henrik.tmi.twitch.tv PRIVMSG #beringelamilgrau :salve
8/22/2019 8:12:08 PM: botfumante - Received: @msg-id=msg_duplicate :tmi.twitch.tv NOTICE #beringelamilgrau :Your message was not sent because it is identical to the previous one you sent, less than 30 seconds ago.
8/22/2019 8:12:08 PM: botfumante - Unaccounted for: @msg-id=msg_duplicate :tmi.twitch.tv NOTICE #beringelamilgrau :Your message was not sent because it is identical to the previous one you sent, less than 30 seconds ago.
8/22/2019 8:12:11 PM: botfumante - Received: @badge-info=;badges=moderator/1;color=#008000;display-name=TONYXZERO;emotes=;flags=;id=43d87dab-29b5-49aa-8e95-5e259d029dfa;mod=1;room-id=443063688;subscriber=0;tmi-sent-ts=1566515531446;turbo=0;user-id=38731171;user-type=mod :tonyxzero!tonyxzero@tonyxzero.tmi.twitch.tv PRIVMSG #beringelamilgrau :Sdds Skate FeelsBirthdayMan
8/22/2019 8:12:14 PM: botfumante - Received: @badge-info=subscriber/2;badges=vip/1,subscriber/0,bits-charity/1;color=#5F9EA0;display-name=Jean__;emotes=;flags=;id=88a62caa-97c2-460d-a91e-abe70eae7a91;mod=0;room-id=443063688;subscriber=1;tmi-sent-ts=1566515534647;turbo=0;user-id=38479494;user-type= :jean__!jean__@jean__.tmi.twitch.tv PRIVMSG #beringelamilgrau :salve
8/22/2019 8:12:15 PM: botfumante - Received: @msg-id=msg_duplicate :tmi.twitch.tv NOTICE #beringelamilgrau :Your message was not sent because it is identical to the previous one you sent, less than 30 seconds ago.
8/22/2019 8:12:15 PM: botfumante - Unaccounted for: @msg-id=msg_duplicate :tmi.twitch.tv NOTICE #beringelamilgrau :Your message was not sent because it is identical to the previous one you sent, less than 30 seconds ago.
8/22/2019 8:12:19 PM: botfumante - Received: @badge-info=subscriber/2;badges=vip/1,subscriber/0,bits-charity/1;color=#5F9EA0;display-name=Jean__;emotes=;flags=;id=b13c98cd-7a9a-4950-a1fc-68783d8b886f;mod=0;room-id=443063688;subscriber=1;tmi-sent-ts=1566515539045;turbo=0;user-id=38479494;user-type= :jean__!jean__@jean__.tmi.twitch.tv PRIVMSG #beringelamilgrau :monkaHmm
8/22/2019 8:12:32 PM: botfumante - Received: @badge-info=subscriber/2;badges=vip/1,subscriber/0,bits-charity/1;color=#5F9EA0;display-name=Jean__;emotes=;flags=;id=3d48e492-245e-48b8-b1fa-32943a7a8bca;mod=0;room-id=443063688;subscriber=1;tmi-sent-ts=1566515552102;turbo=0;user-id=38479494;user-type= :jean__!jean__@jean__.tmi.twitch.tv PRIVMSG #beringelamilgrau :ah, mensagem duplicada FeelsMan
8/22/2019 8:12:37 PM: botfumante - Received: @badge-info=;badges=bits-charity/1;color=#DAA520;display-name=lucaesan;emotes=;flags=;id=14042714-9c9c-4293-b652-3a1cec849989;mod=0;room-id=443063688;subscriber=0;tmi-sent-ts=1566515556356;turbo=0;user-id=167039036;user-type= :lucaesan!lucaesan@lucaesan.tmi.twitch.tv PRIVMSG #beringelamilgrau :skate era de quem tony?
8/22/2019 8:12:42 PM: botfumante - Received: @badge-info=;badges=moderator/1;color=#008000;display-name=TONYXZERO;emotes=;flags=;id=75a4e331-a685-4dc3-ade3-f74c735b0bf3;mod=1;room-id=443063688;subscriber=0;tmi-sent-ts=1566515561870;turbo=0;user-id=38731171;user-type=mod :tonyxzero!tonyxzero@tonyxzero.tmi.twitch.tv PRIVMSG #beringelamilgrau :EA FeelsBadMan
8/22/2019 8:12:43 PM: botfumante - Received: @badge-info=;badges=bits-charity/1;color=#DAA520;display-name=lucaesan;emotes=;flags=;id=3f7c38a7-7d34-43dd-8995-fd146660ac13;mod=0;room-id=443063688;subscriber=0;tmi-sent-ts=1566515562753;turbo=0;user-id=167039036;user-type= :lucaesan!lucaesan@lucaesan.tmi.twitch.tv PRIVMSG #beringelamilgrau :qual empresa?
8/22/2019 8:12:46 PM: botfumante - Received: @badge-info=;badges=bits-charity/1;color=#DAA520;display-name=lucaesan;emotes=;flags=;id=fb509d78-ff15-4a17-9eda-80a25a965ab2;mod=0;room-id=443063688;subscriber=0;tmi-sent-ts=1566515565821;turbo=0;user-id=167039036;user-type= :lucaesan!lucaesan@lucaesan.tmi.twitch.tv PRIVMSG #beringelamilgrau :vish
8/22/2019 8:13:10 PM: botfumante - Received: @badge-info=;badges=moderator/1;color=#008000;display-name=TONYXZERO;emotes=;flags=;id=3e150520-683a-4900-96ae-f90abb4ba636;mod=1;room-id=443063688;subscriber=0;tmi-sent-ts=1566515589883;turbo=0;user-id=38731171;user-type=mod :tonyxzero!tonyxzero@tonyxzero.tmi.twitch.tv PRIVMSG #beringelamilgrau :A EA oculta cadaver PepeHandsE
8/22/2019 8:13:12 PM: botfumante - Received: @badge-info=subscriber/2;badges=vip/1,subscriber/0,bits-charity/1;color=#5F9EA0;display-name=Jean__;emotes=;flags=;id=175a98c4-c4c6-4ba2-a24f-247c4251a609;mod=0;room-id=443063688;subscriber=1;tmi-sent-ts=1566515592165;turbo=0;user-id=38479494;user-type= :jean__!jean__@jean__.tmi.twitch.tv PRIVMSG #beringelamilgrau :manda salve FeelsOkayMan
8/22/2019 8:13:12 PM: botfumante - Received: @badge-info=;badges=;color=;display-name=BotFumante;emote-sets=0;mod=0;subscriber=0;user-type= :tmi.twitch.tv USERSTATE #beringelamilgrau
8/22/2019 8:13:13 PM: botfumante - Received: @badge-info=;badges=moderator/1,partner/1;color=#7C7CE1;display-name=Nightbot;emotes=;flags=9-13:P.6/S.0;id=b238991d-c840-4d13-b3ef-3d89503e5192;mod=1;room-id=443063688;subscriber=0;tmi-sent-ts=1566515592727;turbo=0;user-id=19264788;user-type=mod :nightbot!nightbot@nightbot.tmi.twitch.tv PRIVMSG #beringelamilgrau :Que man? porra de salve! ConcernFroge
8/22/2019 8:13:22 PM: botfumante - Received: @badge-info=subscriber/2;badges=broadcaster/1,subscriber/0;color=#8A2BE2;display-name=BeringelaMilGrau;emotes=;flags=;id=8233ca9d-e0b2-4514-8969-4fafb1f764c6;mod=0;room-id=443063688;subscriber=1;tmi-sent-ts=1566515602297;turbo=0;user-id=443063688;user-type= :beringelamilgrau!beringelamilgrau@beringelamilgrau.tmi.twitch.tv PRIVMSG #beringelamilgrau :!easy
8/22/2019 8:13:22 PM: botfumante - Received: @badge-info=;badges=moderator/1,partner/1;color=#7C7CE1;display-name=Nightbot;emotes=;flags=;id=06fdaa98-b725-46eb-afec-76639af838c3;mod=1;room-id=443063688;subscriber=0;tmi-sent-ts=1566515602461;turbo=0;user-id=19264788;user-type=mod :nightbot!nightbot@nightbot.tmi.twitch.tv PRIVMSG #beringelamilgrau :"U must be new 2 this game, very easy game." peepoSmart
8/22/2019 8:13:33 PM: botfumante - Received: @badge-info=;badges=bits-charity/1;color=#DAA520;display-name=lucaesan;emotes=;flags=;id=b46a3718-fdfb-4b84-bbc3-b87bd6235075;mod=0;room-id=443063688;subscriber=0;tmi-sent-ts=1566515613303;turbo=0;user-id=167039036;user-type= :lucaesan!lucaesan@lucaesan.tmi.twitch.tv PRIVMSG #beringelamilgrau :"? tipo skate s? que n?o tem nada "
8/22/2019 8:13:49 PM: botfumante - Received: @badge-info=;badges=moderator/1;color=#008000;display-name=TONYXZERO;emotes=;flags=;id=fc8b2e59-5ec4-4c4f-a681-e6de46afeb6f;mod=1;room-id=443063688;subscriber=0;tmi-sent-ts=1566515629549;turbo=0;user-id=38731171;user-type=mod :tonyxzero!tonyxzero@tonyxzero.tmi.twitch.tv PRIVMSG #beringelamilgrau :Eu espero q o session seja continua??o espiritual PepePls
8/22/2019 8:14:04 PM: botfumante - Received: @badge-info=;badges=moderator/1;color=#008000;display-name=TONYXZERO;emotes=;flags=;id=f3fcdfd0-1968-4da8-8617-740962cb1591;mod=1;room-id=443063688;subscriber=0;tmi-sent-ts=1566515644085;turbo=0;user-id=38731171;user-type=mod :tonyxzero!tonyxzero@tonyxzero.tmi.twitch.tv PRIVMSG #beringelamilgrau :Apareceu um japa na Live POGGERS
8/22/2019 8:14:13 PM: botfumante - Received: @badge-info=;badges=;color=;display-name=joseantonio001;emotes=;flags=;id=d3911667-36c6-4e85-9511-79fb8ea8f3d3;mod=0;room-id=443063688;subscriber=0;tmi-sent-ts=1566515653543;turbo=0;user-id=157525923;user-type= :joseantonio001!joseantonio001@joseantonio001.tmi.twitch.tv PRIVMSG #beringelamilgrau :acho q o MAIOR BAIT vai ser o borderlands 3
8/22/2019 8:14:19 PM: botfumante - Received: @badge-info=;badges=;color=;display-name=joseantonio001;emotes=;flags=;id=cd9019f8-a482-49b5-a042-4fbf66c954c1;mod=0;room-id=443063688;subscriber=0;tmi-sent-ts=1566515659727;turbo=0;user-id=157525923;user-type= :joseantonio001!joseantonio001@joseantonio001.tmi.twitch.tv PRIVMSG #beringelamilgrau :ou o STAR WARS
8/22/2019 8:14:23 PM: botfumante - Received: @badge-info=;badges=moderator/1;color=#008000;display-name=TONYXZERO;emotes=;flags=;id=2edd112f-15b2-4747-a7b7-0f3ff2b375d3;mod=1;room-id=443063688;subscriber=0;tmi-sent-ts=1566515663334;turbo=0;user-id=38731171;user-type=mod :tonyxzero!tonyxzero@tonyxzero.tmi.twitch.tv PRIVMSG #beringelamilgrau :Session FeelsBadMan
8/22/2019 8:14:28 PM: botfumante - Received: @badge-info=;badges=bits-charity/1;color=#DAA520;display-name=lucaesan;emotes=;flags=;id=5c90fec3-cea7-4a73-9381-b00b9e705152;mod=0;room-id=443063688;subscriber=0;tmi-sent-ts=1566515667873;turbo=0;user-id=167039036;user-type= :lucaesan!lucaesan@lucaesan.tmi.twitch.tv PRIVMSG #beringelamilgrau :session vai ser ruim
8/22/2019 8:14:35 PM: botfumante - Received: @badge-info=;badges=bits-charity/1;color=#DAA520;display-name=lucaesan;emotes=;flags=;id=3c61ac16-7860-4252-b8d1-b0d07f1c3a1b;mod=0;room-id=443063688;subscriber=0;tmi-sent-ts=1566515675618;turbo=0;user-id=167039036;user-type= :lucaesan!lucaesan@lucaesan.tmi.twitch.tv PRIVMSG #beringelamilgrau :eu vi pelo trailler j?
8/22/2019 8:14:53 PM: botfumante - Received: @badge-info=;badges=moderator/1;color=#008000;display-name=TONYXZERO;emotes=;flags=;id=80f38734-6e6a-42f1-9e00-8d36553d7401;mod=1;room-id=443063688;subscriber=0;tmi-sent-ts=1566515692856;turbo=0;user-id=38731171;user-type=mod :tonyxzero!tonyxzero@tonyxzero.tmi.twitch.tv PRIVMSG #beringelamilgrau :? jogo filme peepoSleepo
8/22/2019 8:15:01 PM: botfumante - Received: @badge-info=;badges=moderator/1;color=#008000;display-name=TONYXZERO;emotes=;flags=;id=d837be18-0de2-4f6b-a50b-d59cc7f1c4c4;mod=1;room-id=443063688;subscriber=0;tmi-sent-ts=1566515701513;turbo=0;user-id=38731171;user-type=mod :tonyxzero!tonyxzero@tonyxzero.tmi.twitch.tv PRIVMSG #beringelamilgrau :Jogo a 24fps FeelsOkayMan
8/22/2019 8:15:02 PM: botfumante - Received: PING :tmi.twitch.tv
8/22/2019 8:15:02 PM: botfumante - Writing: PONG
8/22/2019 8:15:36 PM: botfumante - Received: @badge-info=;badges=bits-charity/1;color=#DAA520;display-name=lucaesan;emotes=;flags=;id=37bc6e41-7dd2-41ac-93b0-297d0689593a;mod=0;room-id=443063688;subscriber=0;tmi-sent-ts=1566515735884;turbo=0;user-id=167039036;user-type= :lucaesan!lucaesan@lucaesan.tmi.twitch.tv PRIVMSG #beringelamilgrau :eu vou comprar session s? pra me decepcionar
8/22/2019 8:16:05 PM: botfumante - Received: @badge-info=;badges=moderator/1;color=#008000;display-name=TONYXZERO;emotes=;flags=;id=3ee8ccab-41b9-450f-892c-c3aed42f9c3c;mod=1;room-id=443063688;subscriber=0;tmi-sent-ts=1566515765271;turbo=0;user-id=38731171;user-type=mod :tonyxzero!tonyxzero@tonyxzero.tmi.twitch.tv PRIVMSG #beringelamilgrau :Eu vou esperar lan?ar review PepePls
8/22/2019 8:16:19 PM: botfumante - Received: @badge-info=;badges=moderator/1;color=#008000;display-name=TONYXZERO;emotes=;flags=;id=0480b782-86cf-49ed-9946-798d1f1a612e;mod=1;room-id=443063688;subscriber=0;tmi-sent-ts=1566515779670;turbo=0;user-id=38731171;user-type=mod :tonyxzero!tonyxzero@tonyxzero.tmi.twitch.tv PRIVMSG #beringelamilgrau :Bora Luca?? FeelsBirthdayMan
8/22/2019 8:16:48 PM: botfumante - Received: @badge-info=;badges=moderator/1;color=#008000;display-name=TONYXZERO;emotes=;flags=;id=6b0aa71b-a33c-4991-8ce0-b43363e26b9b;mod=1;room-id=443063688;subscriber=0;tmi-sent-ts=1566515808317;turbo=0;user-id=38731171;user-type=mod :tonyxzero!tonyxzero@tonyxzero.tmi.twitch.tv PRIVMSG #beringelamilgrau :Vai ter na steam PepePls
8/22/2019 8:16:56 PM: botfumante - Received: @badge-info=;badges=moderator/1;color=#008000;display-name=TONYXZERO;emotes=;flags=;id=70357c32-e621-43c5-af4a-a12f8599d540;mod=1;room-id=443063688;subscriber=0;tmi-sent-ts=1566515816361;turbo=0;user-id=38731171;user-type=mod :tonyxzero!tonyxzero@tonyxzero.tmi.twitch.tv PRIVMSG #beringelamilgrau :Lan?a dia 17 PepePls
8/22/2019 8:17:14 PM: botfumante - Received: @badge-info=;badges=moderator/1;color=#008000;display-name=TONYXZERO;emotes=;flags=;id=2ab7ea92-4aa6-472d-9547-ca77523ab82c;mod=1;room-id=443063688;subscriber=0;tmi-sent-ts=1566515834056;turbo=0;user-id=38731171;user-type=mod :tonyxzero!tonyxzero@tonyxzero.tmi.twitch.tv PRIVMSG #beringelamilgrau :OMEGALUL
8/22/2019 8:17:16 PM: botfumante - Received: @badge-info=;badges=;color=;display-name=joseantonio001;emotes=;flags=;id=e55712ab-2007-459f-952b-caf51c0261f9;mod=0;room-id=443063688;subscriber=0;tmi-sent-ts=1566515836369;turbo=0;user-id=157525923;user-type= :joseantonio001!joseantonio001@joseantonio001.tmi.twitch.tv PRIVMSG #beringelamilgrau :tem DANTE pra PC ??
8/22/2019 8:17:20 PM: botfumante - Received: @badge-info=;badges=bits-leader/3;color=#0000FF;display-name=Alexisyuki;emotes=;flags=;id=2ca1bb34-5bfa-460f-bef1-f23f16113aa0;mod=0;room-id=443063688;subscriber=0;tmi-sent-ts=1566515839885;turbo=0;user-id=66833296;user-type= :alexisyuki!alexisyuki@alexisyuki.tmi.twitch.tv PRIVMSG #beringelamilgrau :sinto falta do tony hawk
8/22/2019 8:17:24 PM: botfumante - Received: @badge-info=;badges=bits-charity/1;color=#DAA520;display-name=lucaesan;emotes=;flags=;id=2d6f29ed-92ac-4a5a-8311-3a035b27dfbc;mod=0;room-id=443063688;subscriber=0;tmi-sent-ts=1566515844103;turbo=0;user-id=167039036;user-type= :lucaesan!lucaesan@lucaesan.tmi.twitch.tv PRIVMSG #beringelamilgrau :joga o battle royale de jojo
8/22/2019 8:17:29 PM: botfumante - Received: @badge-info=;badges=moderator/1;color=#008000;display-name=TONYXZERO;emotes=;flags=;id=5f6e94e0-0d52-4340-b96e-f8efcda3bc05;mod=1;room-id=443063688;subscriber=0;tmi-sent-ts=1566515849706;turbo=0;user-id=38731171;user-type=mod :tonyxzero!tonyxzero@tonyxzero.tmi.twitch.tv PRIVMSG #beringelamilgrau :O Skate tinha po OhISee
