8/23/2019 10:07:03 PM: botfumante - Connecting to: wss://irc-ws.chat.twitch.tv:443
8/23/2019 10:07:04 PM: botfumante - Should be connected!
8/23/2019 10:07:04 PM: botfumante - Joining channel: beringelamilgrau
8/23/2019 10:07:04 PM: botfumante - Received: :tmi.twitch.tv 001 botfumante :Welcome, GLHF!
8/23/2019 10:07:04 PM: botfumante - Received: :tmi.twitch.tv 002 botfumante :Your host is tmi.twitch.tv
8/23/2019 10:07:04 PM: botfumante - Received: :tmi.twitch.tv 003 botfumante :This server is rather new
8/23/2019 10:07:04 PM: botfumante - Received: :tmi.twitch.tv 004 botfumante :-
8/23/2019 10:07:04 PM: botfumante - Received: :tmi.twitch.tv 375 botfumante :-
8/23/2019 10:07:04 PM: botfumante - Received: :tmi.twitch.tv 372 botfumante :You are in a maze of twisty passages, all alike.
8/23/2019 10:07:04 PM: botfumante - Received: :tmi.twitch.tv 376 botfumante :>
8/23/2019 10:07:04 PM: botfumante - Received: :tmi.twitch.tv CAP * ACK :twitch.tv/membership
8/23/2019 10:07:04 PM: botfumante - Unaccounted for: :tmi.twitch.tv CAP * ACK :twitch.tv/membership
8/23/2019 10:07:04 PM: botfumante - Received: :tmi.twitch.tv CAP * ACK :twitch.tv/commands
8/23/2019 10:07:04 PM: botfumante - Unaccounted for: :tmi.twitch.tv CAP * ACK :twitch.tv/commands
8/23/2019 10:07:04 PM: botfumante - Received: :tmi.twitch.tv CAP * ACK :twitch.tv/tags
8/23/2019 10:07:04 PM: botfumante - Unaccounted for: :tmi.twitch.tv CAP * ACK :twitch.tv/tags
8/23/2019 10:07:04 PM: botfumante - Received: :botfumante!botfumante@botfumante.tmi.twitch.tv JOIN #beringelamilgrau
8/23/2019 10:07:04 PM: botfumante - Received: @badge-info=;badges=;color=;display-name=BotFumante;emote-sets=0;mod=0;subscriber=0;user-type= :tmi.twitch.tv USERSTATE #beringelamilgrau
8/23/2019 10:07:04 PM: botfumante - Received: @emote-only=0;followers-only=-1;r9k=0;rituals=0;room-id=443063688;slow=0;subs-only=0 :tmi.twitch.tv ROOMSTATE #beringelamilgrau
8/23/2019 10:07:04 PM: botfumante - Received: :botfumante.tmi.twitch.tv 353 botfumante = #beringelamilgrau :jean__ lurxx nightbot tonyxzero winsock botfumante gladosxcake jcfleal pedros_henrik beringelamilgrau hisaagi commanderroot s1faka ddanniell biravg electricallongboard hostmeraffle pedroazure joseantonio001 rbruno018 streamlabs lucaesan calibrelordal alexisyuki
8/23/2019 10:07:04 PM: botfumante - Received: :botfumante.tmi.twitch.tv 366 botfumante #beringelamilgrau :End of /NAMES list
8/23/2019 10:07:04 PM: botfumante - Finished channel joining queue.
8/23/2019 10:07:05 PM: botfumante - Finished channel joining queue.
8/23/2019 10:07:08 PM: botfumante - Received: @badge-info=subscriber/2;badges=vip/1,subscriber/0,bits-charity/1;color=#5F9EA0;display-name=Jean__;emotes=;flags=;id=8f51aa1c-ce40-47e8-94f1-23a6c7aae80b;mod=0;room-id=443063688;subscriber=1;tmi-sent-ts=1566608827063;turbo=0;user-id=38479494;user-type= :jean__!jean__@jean__.tmi.twitch.tv PRIVMSG #beringelamilgrau :!magic
8/23/2019 10:07:08 PM: botfumante - Received: @badge-info=;badges=;color=;display-name=BotFumante;emote-sets=0;mod=0;subscriber=0;user-type= :tmi.twitch.tv USERSTATE #beringelamilgrau
8/23/2019 10:07:10 PM: botfumante - Received: :gfrediani3!gfrediani3@gfrediani3.tmi.twitch.tv JOIN #beringelamilgrau
8/23/2019 10:07:12 PM: botfumante - Received: @badge-info=subscriber/2;badges=vip/1,subscriber/0,bits-charity/1;color=#5F9EA0;display-name=Jean__;emotes=;flags=;id=11fb10a3-90a9-442e-a090-f9b413baed80;mod=0;room-id=443063688;subscriber=1;tmi-sent-ts=1566608830923;turbo=0;user-id=38479494;user-type= :jean__!jean__@jean__.tmi.twitch.tv PRIVMSG #beringelamilgrau :monkaHmm
8/23/2019 10:07:20 PM: botfumante - Received: @badge-info=;badges=;color=#8A2BE2;display-name=pedros_henrik;emotes=;flags=15-15:;id=b119de20-2cff-40a9-937d-b00cf9978ba7;mod=0;room-id=443063688;subscriber=0;tmi-sent-ts=1566608839624;turbo=0;user-id=191506366;user-type= :pedros_henrik!pedros_henrik@pedros_henrik.tmi.twitch.tv PRIVMSG #beringelamilgrau :FeelsOkayMan ?? ?? quieres?
8/23/2019 10:07:34 PM: botfumante - Received: @badge-info=subscriber/2;badges=vip/1,subscriber/0,bits-charity/1;color=#5F9EA0;display-name=Jean__;emotes=;flags=;id=c6139ded-7612-43db-aa79-34541cb07219;mod=0;room-id=443063688;subscriber=1;tmi-sent-ts=1566608853143;turbo=0;user-id=38479494;user-type= :jean__!jean__@jean__.tmi.twitch.tv PRIVMSG #beringelamilgrau :!magic
8/23/2019 10:07:34 PM: botfumante - Received: @badge-info=;badges=;color=;display-name=BotFumante;emote-sets=0;mod=0;subscriber=0;user-type= :tmi.twitch.tv USERSTATE #beringelamilgrau
8/23/2019 10:08:05 PM: botfumante - Received: @badge-info=;badges=moderator/1;color=#008000;display-name=TONYXZERO;emotes=;flags=;id=929b516f-8763-455b-8a70-fbaa44e82d20;mod=1;room-id=443063688;subscriber=0;tmi-sent-ts=1566608884679;turbo=0;user-id=38731171;user-type=mod :tonyxzero!tonyxzero@tonyxzero.tmi.twitch.tv PRIVMSG #beringelamilgrau :J? deixei farmando meu sub peepoSleepo
8/23/2019 10:08:26 PM: botfumante - Received: @badge-info=;badges=moderator/1;color=#008000;display-name=TONYXZERO;emotes=300715503:20-28;flags=;id=6695726a-5758-49eb-aec1-d897c2b1e625;mod=1;room-id=443063688;subscriber=0;tmi-sent-ts=1566608904957;turbo=0;user-id=38731171;user-type=mod :tonyxzero!tonyxzero@tonyxzero.tmi.twitch.tv PRIVMSG #beringelamilgrau :Deixa eu farmar sub larxaLurk
8/23/2019 10:08:36 PM: botfumante - Received: @badge-info=subscriber/2;badges=vip/1,subscriber/0,bits-charity/1;color=#5F9EA0;display-name=Jean__;emotes=;flags=;id=fcab53f9-125d-4521-a62c-55143e76df1b;mod=0;room-id=443063688;subscriber=1;tmi-sent-ts=1566608915692;turbo=0;user-id=38479494;user-type= :jean__!jean__@jean__.tmi.twitch.tv PRIVMSG #beringelamilgrau :monkaHmm
8/23/2019 10:08:53 PM: botfumante - Received: @badge-info=subscriber/2;badges=vip/1,subscriber/0,bits-charity/1;color=#5F9EA0;display-name=Jean__;emotes=;flags=;id=3902acbb-d4e2-4750-add7-df4918638d9b;mod=0;room-id=443063688;subscriber=1;tmi-sent-ts=1566608932608;turbo=0;user-id=38479494;user-type= :jean__!jean__@jean__.tmi.twitch.tv PRIVMSG #beringelamilgrau :vou pegar alguns emojis FeelsMan
8/23/2019 10:09:33 PM: botfumante - Received: @badge-info=;badges=moderator/1;color=#008000;display-name=TONYXZERO;emotes=;flags=;id=33bc912e-28d2-4a6c-927f-6697fe5c882b;mod=1;room-id=443063688;subscriber=0;tmi-sent-ts=1566608971918;turbo=0;user-id=38731171;user-type=mod :tonyxzero!tonyxzero@tonyxzero.tmi.twitch.tv PRIVMSG #beringelamilgrau :Seria engra?ado se tivesse um peepoSmoke ?? !quote, ser? q pega?? OhISee
8/23/2019 10:09:56 PM: botfumante - Received: @badge-info=subscriber/2;badges=vip/1,subscriber/0,bits-charity/1;color=#5F9EA0;display-name=Jean__;emotes=;flags=;id=1f82eb62-7bd4-4da2-ae08-d8502a690614;mod=0;room-id=443063688;subscriber=1;tmi-sent-ts=1566608994731;turbo=0;user-id=38479494;user-type= :jean__!jean__@jean__.tmi.twitch.tv PRIVMSG #beringelamilgrau :como assim? monkaHmm
8/23/2019 10:10:07 PM: botfumante - Received: @badge-info=;badges=moderator/1;color=#008000;display-name=TONYXZERO;emotes=;flags=;id=5aa33c98-7286-4f16-81b3-414bc97172bb;mod=1;room-id=443063688;subscriber=0;tmi-sent-ts=1566609006598;turbo=0;user-id=38731171;user-type=mod :tonyxzero!tonyxzero@tonyxzero.tmi.twitch.tv PRIVMSG #beringelamilgrau :peepoSmoke ?? !quote
8/23/2019 10:10:12 PM: botfumante - Received: @badge-info=;badges=moderator/1;color=#008000;display-name=TONYXZERO;emotes=;flags=;id=b53effd6-78e8-4a24-b095-4cd322ecca89;mod=1;room-id=443063688;subscriber=0;tmi-sent-ts=1566609011587;turbo=0;user-id=38731171;user-type=mod :tonyxzero!tonyxzero@tonyxzero.tmi.twitch.tv PRIVMSG #beringelamilgrau :?, n pega peepoSip
8/23/2019 10:10:18 PM: botfumante - Received: @badge-info=subscriber/2;badges=vip/1,subscriber/0,bits-charity/1;color=#5F9EA0;display-name=Jean__;emotes=;flags=;id=7dd8fa4c-6f2e-4514-8bc2-d1a5dd6e530a;mod=0;room-id=443063688;subscriber=1;tmi-sent-ts=1566609017052;turbo=0;user-id=38479494;user-type= :jean__!jean__@jean__.tmi.twitch.tv PRIVMSG #beringelamilgrau :peepoSmoke e a quote aqui?
8/23/2019 10:10:30 PM: botfumante - Received: @badge-info=;badges=moderator/1;color=#008000;display-name=TONYXZERO;emotes=;flags=;id=644e1d4d-a2fb-434a-9a74-0e7b294786e1;mod=1;room-id=443063688;subscriber=0;tmi-sent-ts=1566609029415;turbo=0;user-id=38731171;user-type=mod :tonyxzero!tonyxzero@tonyxzero.tmi.twitch.tv PRIVMSG #beringelamilgrau :Q?? OhISee
8/23/2019 10:10:34 PM: botfumante - Received: @badge-info=;badges=moderator/1;color=#008000;display-name=TONYXZERO;emotes=;flags=;id=2349246e-34c1-4296-9e57-58d597d03ecd;mod=1;room-id=443063688;subscriber=0;tmi-sent-ts=1566609033731;turbo=0;user-id=38731171;user-type=mod :tonyxzero!tonyxzero@tonyxzero.tmi.twitch.tv PRIVMSG #beringelamilgrau :N
8/23/2019 10:10:46 PM: botfumante - Received: @badge-info=;badges=moderator/1;color=#008000;display-name=TONYXZERO;emotes=;flags=;id=968a51bc-e87d-461a-8966-014baf28b863;mod=1;room-id=443063688;subscriber=0;tmi-sent-ts=1566609045593;turbo=0;user-id=38731171;user-type=mod :tonyxzero!tonyxzero@tonyxzero.tmi.twitch.tv PRIVMSG #beringelamilgrau :Seria tipo ele pedindo uma quote peepoSip
8/23/2019 10:10:47 PM: botfumante - Received: @badge-info=;badges=vip/1;color=#008000;display-name=Hisaagi;emotes=;flags=;id=be461866-644e-44fd-b9b2-15d713257afa;mod=0;room-id=443063688;subscriber=0;tmi-sent-ts=1566609045819;turbo=0;user-id=137774469;user-type= :hisaagi!hisaagi@hisaagi.tmi.twitch.tv PRIVMSG #beringelamilgrau :a quote depois da fuma?a
8/23/2019 10:10:49 PM: botfumante - Received: @badge-info=;badges=moderator/1;color=#008000;display-name=TONYXZERO;emotes=;flags=;id=15e82d5c-1d93-4644-b277-c438f3eed510;mod=1;room-id=443063688;subscriber=0;tmi-sent-ts=1566609047986;turbo=0;user-id=38731171;user-type=mod :tonyxzero!tonyxzero@tonyxzero.tmi.twitch.tv PRIVMSG #beringelamilgrau :!quote
8/23/2019 10:10:49 PM: botfumante - Received: @badge-info=;badges=moderator/1,partner/1;color=#7C7CE1;display-name=Nightbot;emotes=;flags=;id=3307b39e-9892-4069-8bff-19fa9b60f245;mod=1;room-id=443063688;subscriber=0;tmi-sent-ts=1566609048421;turbo=0;user-id=19264788;user-type=mod :nightbot!nightbot@nightbot.tmi.twitch.tv PRIVMSG #beringelamilgrau :50. "Eu amo os carros e eles me amam..." - Montee
8/23/2019 10:10:54 PM: botfumante - Received: @badge-info=;badges=moderator/1;color=#008000;display-name=TONYXZERO;emotes=;flags=;id=6fdbeaf7-b529-4479-804a-e0cdadcb32dc;mod=1;room-id=443063688;subscriber=0;tmi-sent-ts=1566609053015;turbo=0;user-id=38731171;user-type=mod :tonyxzero!tonyxzero@tonyxzero.tmi.twitch.tv PRIVMSG #beringelamilgrau :N
8/23/2019 10:11:12 PM: botfumante - Received: @badge-info=;badges=vip/1;color=#008000;display-name=Hisaagi;emotes=;flags=;id=c6a9e770-c828-4ae6-934f-ffe2259ec2a5;mod=0;room-id=443063688;subscriber=0;tmi-sent-ts=1566609070753;turbo=0;user-id=137774469;user-type= :hisaagi!hisaagi@hisaagi.tmi.twitch.tv PRIVMSG #beringelamilgrau :monkaHmm
8/23/2019 10:11:16 PM: botfumante - Received: @badge-info=subscriber/2;badges=vip/1,subscriber/0,bits-charity/1;color=#5F9EA0;display-name=Jean__;emotes=;flags=;id=8fcab383-8374-4aa2-ac4f-e10b3b380291;mod=0;room-id=443063688;subscriber=1;tmi-sent-ts=1566609075157;turbo=0;user-id=38479494;user-type= :jean__!jean__@jean__.tmi.twitch.tv PRIVMSG #beringelamilgrau :monkaHmm
8/23/2019 10:11:19 PM: botfumante - Received: PING :tmi.twitch.tv
8/23/2019 10:11:19 PM: botfumante - Writing: PONG
8/23/2019 10:11:20 PM: botfumante - Received: @badge-info=subscriber/2;badges=vip/1,subscriber/0,bits-charity/1;color=#5F9EA0;display-name=Jean__;emotes=;flags=;id=01663a19-5434-412b-8b78-aa6c45a78ea5;mod=0;room-id=443063688;subscriber=1;tmi-sent-ts=1566609079002;turbo=0;user-id=38479494;user-type= :jean__!jean__@jean__.tmi.twitch.tv PRIVMSG #beringelamilgrau :nao entendi nao
8/23/2019 10:11:20 PM: botfumante - Received: @badge-info=;badges=moderator/1;color=#008000;display-name=TONYXZERO;emotes=;flags=;id=b9bf2d5c-b697-4a85-b099-6aac3c426153;mod=1;room-id=443063688;subscriber=0;tmi-sent-ts=1566609079569;turbo=0;user-id=38731171;user-type=mod :tonyxzero!tonyxzero@tonyxzero.tmi.twitch.tv PRIVMSG #beringelamilgrau :Seria como se eu quisesse uma !magic e ele ficasse com pregui?a e puxasse uma !quote peepoSmart
8/23/2019 10:11:37 PM: botfumante - Received: @badge-info=;badges=moderator/1;color=#008000;display-name=TONYXZERO;emotes=;flags=;id=801ac2b9-623b-475e-8383-f2915da3ea5a;mod=1;room-id=443063688;subscriber=0;tmi-sent-ts=1566609096439;turbo=0;user-id=38731171;user-type=mod :tonyxzero!tonyxzero@tonyxzero.tmi.twitch.tv PRIVMSG #beringelamilgrau :Ninguem me entendeu FeelsBadMan
8/23/2019 10:11:39 PM: botfumante - Received: @badge-info=;badges=bits-leader/3;color=#0000FF;display-name=Alexisyuki;emotes=;flags=;id=49abc36b-a86c-42e4-b78a-ae3a8abcb5bd;mod=0;room-id=443063688;subscriber=0;tmi-sent-ts=1566609098730;turbo=0;user-id=66833296;user-type= :alexisyuki!alexisyuki@alexisyuki.tmi.twitch.tv PRIVMSG #beringelamilgrau :fiz cha quem quer
8/23/2019 10:11:40 PM: botfumante - Received: @badge-info=;badges=vip/1;color=#008000;display-name=Hisaagi;emotes=;flags=;id=f3e86267-aca7-4339-96e1-5622cf527729;mod=0;room-id=443063688;subscriber=0;tmi-sent-ts=1566609099195;turbo=0;user-id=137774469;user-type= :hisaagi!hisaagi@hisaagi.tmi.twitch.tv PRIVMSG #beringelamilgrau :tony ta inventando moda
8/23/2019 10:11:49 PM: botfumante - Received: @badge-info=;badges=moderator/1;color=#008000;display-name=TONYXZERO;emotes=;flags=;id=11252d69-3aee-4b4a-a495-e67a5becf8f0;mod=1;room-id=443063688;subscriber=0;tmi-sent-ts=1566609108301;turbo=0;user-id=38731171;user-type=mod :tonyxzero!tonyxzero@tonyxzero.tmi.twitch.tv PRIVMSG #beringelamilgrau :Alexis FeelsMan
8/23/2019 10:11:57 PM: botfumante - Received: @badge-info=;badges=moderator/1;color=#008000;display-name=TONYXZERO;emotes=;flags=;id=eac55e0e-e672-41c5-bf46-0c078b7135d4;mod=1;room-id=443063688;subscriber=0;tmi-sent-ts=1566609116544;turbo=0;user-id=38731171;user-type=mod :tonyxzero!tonyxzero@tonyxzero.tmi.twitch.tv PRIVMSG #beringelamilgrau :Vou dar um exemplo peepoSmart
8/23/2019 10:12:00 PM: botfumante - Received: @badge-info=;badges=moderator/1;color=#008000;display-name=TONYXZERO;emotes=;flags=;id=12cbcd50-d9bd-4d86-9c6f-ec513a297c50;mod=1;room-id=443063688;subscriber=0;tmi-sent-ts=1566609119211;turbo=0;user-id=38731171;user-type=mod :tonyxzero!tonyxzero@tonyxzero.tmi.twitch.tv PRIVMSG #beringelamilgrau :!magic
8/23/2019 10:12:00 PM: botfumante - Received: @badge-info=;badges=;color=;display-name=BotFumante;emote-sets=0;mod=0;subscriber=0;user-type= :tmi.twitch.tv USERSTATE #beringelamilgrau
8/23/2019 10:12:01 PM: botfumante - Received: @badge-info=;badges=vip/1;color=#008000;display-name=Hisaagi;emotes=;flags=;id=1088ef1a-a833-4603-afe0-027d23afae29;mod=0;room-id=443063688;subscriber=0;tmi-sent-ts=1566609120168;turbo=0;user-id=137774469;user-type= :hisaagi!hisaagi@hisaagi.tmi.twitch.tv PRIVMSG #beringelamilgrau :ch? de que peepoSip
8/23/2019 10:12:07 PM: botfumante - Received: @badge-info=;badges=bits-leader/3;color=#0000FF;display-name=Alexisyuki;emotes=;flags=;id=7759ede8-9e7f-451e-a812-816030134ce2;mod=0;room-id=443063688;subscriber=0;tmi-sent-ts=1566609126019;turbo=0;user-id=66833296;user-type= :alexisyuki!alexisyuki@alexisyuki.tmi.twitch.tv PRIVMSG #beringelamilgrau :quer tony
8/23/2019 10:12:10 PM: botfumante - Received: @badge-info=;badges=moderator/1;color=#008000;display-name=TONYXZERO;emotes=;flags=;id=7bb9f0ef-b919-4a2f-8f7e-72ae5be3aeaf;mod=1;room-id=443063688;subscriber=0;tmi-sent-ts=1566609129381;turbo=0;user-id=38731171;user-type=mod :tonyxzero!tonyxzero@tonyxzero.tmi.twitch.tv PRIVMSG #beringelamilgrau :peepoSmoke ?? !quote
8/23/2019 10:12:17 PM: botfumante - Received: @badge-info=;badges=bits-leader/3;color=#0000FF;display-name=Alexisyuki;emotes=;flags=;id=6a760d05-6691-47af-be24-3e8ce72c3f0f;mod=0;room-id=443063688;subscriber=0;tmi-sent-ts=1566609136304;turbo=0;user-id=66833296;user-type= :alexisyuki!alexisyuki@alexisyuki.tmi.twitch.tv PRIVMSG #beringelamilgrau :erva cidreira
8/23/2019 10:12:25 PM: botfumante - Received: @badge-info=;badges=;color=#8A2BE2;display-name=pedros_henrik;emotes=;flags=7-11:S.5;id=b133ae2c-c7cf-4329-b9cb-16cf52bb6e85;mod=0;room-id=443063688;subscriber=0;tmi-sent-ts=1566609143867;turbo=0;user-id=191506366;user-type= :pedros_henrik!pedros_henrik@pedros_henrik.tmi.twitch.tv PRIVMSG #beringelamilgrau :cha de picao quem quer?
8/23/2019 10:12:38 PM: botfumante - Received: @badge-info=;badges=moderator/1;color=#008000;display-name=TONYXZERO;emotes=;flags=;id=4788c055-1e1b-489b-bcca-26eec883ae12;mod=1;room-id=443063688;subscriber=0;tmi-sent-ts=1566609157166;turbo=0;user-id=38731171;user-type=mod :tonyxzero!tonyxzero@tonyxzero.tmi.twitch.tv PRIVMSG #beringelamilgrau :Ai ele falava isso e o nightbot colocava uma quote peepoSmart
8/23/2019 10:12:38 PM: botfumante - Received: @badge-info=;badges=bits-leader/3;color=#0000FF;display-name=Alexisyuki;emotes=;flags=;id=fd0a1467-3f6f-450f-956b-1f8c1fa651e7;mod=0;room-id=443063688;subscriber=0;tmi-sent-ts=1566609157252;turbo=0;user-id=66833296;user-type= :alexisyuki!alexisyuki@alexisyuki.tmi.twitch.tv PRIVMSG #beringelamilgrau :?
8/23/2019 10:12:40 PM: botfumante - Received: :nightbot!nightbot@nightbot.tmi.twitch.tv PART #beringelamilgrau
8/23/2019 10:13:01 PM: botfumante - Received: @badge-info=;badges=moderator/1;color=#008000;display-name=TONYXZERO;emotes=;flags=;id=7ba6fba8-fc95-442b-9649-2e981c03fdc8;mod=1;room-id=443063688;subscriber=0;tmi-sent-ts=1566609180033;turbo=0;user-id=38731171;user-type=mod :tonyxzero!tonyxzero@tonyxzero.tmi.twitch.tv PRIVMSG #beringelamilgrau :Quero n, brigado peepoFatPlant
8/23/2019 10:13:17 PM: botfumante - Received: @badge-info=;badges=vip/1;color=#008000;display-name=Hisaagi;emotes=;flags=;id=4016c1b3-92de-462b-be79-b5aeed953387;mod=0;room-id=443063688;subscriber=0;tmi-sent-ts=1566609195891;turbo=0;user-id=137774469;user-type= :hisaagi!hisaagi@hisaagi.tmi.twitch.tv PRIVMSG #beringelamilgrau :eu querp ch? alexis peepoSip
8/23/2019 10:13:40 PM: botfumante - Received: @badge-info=;badges=bits-leader/3;color=#0000FF;display-name=Alexisyuki;emotes=;flags=;id=0315eecd-fed8-45db-a398-bc5e6c8a4524;mod=0;room-id=443063688;subscriber=0;tmi-sent-ts=1566609219687;turbo=0;user-id=66833296;user-type= :alexisyuki!alexisyuki@alexisyuki.tmi.twitch.tv PRIVMSG #beringelamilgrau :te levo
8/23/2019 10:14:13 PM: botfumante - Received: @badge-info=subscriber/2;badges=vip/1,subscriber/0,bits-charity/1;color=#5F9EA0;display-name=Jean__;emotes=;flags=;id=0ce73bab-9453-46b1-aabf-45fad1d33710;mod=0;room-id=443063688;subscriber=1;tmi-sent-ts=1566609252550;turbo=0;user-id=38479494;user-type= :jean__!jean__@jean__.tmi.twitch.tv PRIVMSG #beringelamilgrau :monkaHmm
8/23/2019 10:14:19 PM: botfumante - Received: @badge-info=subscriber/2;badges=vip/1,subscriber/0,bits-charity/1;color=#5F9EA0;display-name=Jean__;emotes=;flags=;id=f0979cf8-b991-4cc9-9f12-7fb433cc48e2;mod=0;room-id=443063688;subscriber=1;tmi-sent-ts=1566609257972;turbo=0;user-id=38479494;user-type= :jean__!jean__@jean__.tmi.twitch.tv PRIVMSG #beringelamilgrau :at? da tony
8/23/2019 10:14:26 PM: botfumante - Received: @badge-info=subscriber/2;badges=vip/1,subscriber/0,bits-charity/1;color=#5F9EA0;display-name=Jean__;emotes=;flags=;id=05f91d49-c794-44f9-af3c-c21057008c5b;mod=0;room-id=443063688;subscriber=1;tmi-sent-ts=1566609264771;turbo=0;user-id=38479494;user-type= :jean__!jean__@jean__.tmi.twitch.tv PRIVMSG #beringelamilgrau :mas provavelmente vou ter meu ip banido de novo PepeLaugh
8/23/2019 10:14:28 PM: botfumante - Received: @badge-info=;badges=bits-leader/3;color=#0000FF;display-name=Alexisyuki;emotes=;flags=;id=f126af14-25b8-415a-8972-27a1d240aed3;mod=0;room-id=443063688;subscriber=0;tmi-sent-ts=1566609267154;turbo=0;user-id=66833296;user-type= :alexisyuki!alexisyuki@alexisyuki.tmi.twitch.tv PRIVMSG #beringelamilgrau :? tem cha tem pipoca
8/23/2019 10:14:32 PM: botfumante - Received: @badge-info=;badges=moderator/1;color=#008000;display-name=TONYXZERO;emotes=;flags=;id=8131282c-b93d-428f-a36f-db0a5a27ece3;mod=1;room-id=443063688;subscriber=0;tmi-sent-ts=1566609271276;turbo=0;user-id=38731171;user-type=mod :tonyxzero!tonyxzero@tonyxzero.tmi.twitch.tv PRIVMSG #beringelamilgrau :FeelsMan
8/23/2019 10:14:47 PM: botfumante - Received: @badge-info=;badges=bits-leader/3;color=#0000FF;display-name=Alexisyuki;emote-only=1;emotes=724216:0-6;flags=;id=e45a53fa-a2b2-4945-8c16-f4e435cb37e7;mod=0;room-id=443063688;subscriber=0;tmi-sent-ts=1566609286402;turbo=0;user-id=66833296;user-type= :alexisyuki!alexisyuki@alexisyuki.tmi.twitch.tv PRIVMSG #beringelamilgrau :PopCorn
8/23/2019 10:14:50 PM: botfumante - Received: :nightbot!nightbot@nightbot.tmi.twitch.tv JOIN #beringelamilgrau
8/23/2019 10:14:50 PM: botfumante - Received: :hostmeraffle!hostmeraffle@hostmeraffle.tmi.twitch.tv PART #beringelamilgrau
8/23/2019 10:14:50 PM: botfumante - Received: :s1faka!s1faka@s1faka.tmi.twitch.tv PART #beringelamilgrau
8/23/2019 10:15:09 PM: botfumante - Received: @badge-info=;badges=vip/1;color=#008000;display-name=Hisaagi;emotes=;flags=;id=588dfbbb-c6a9-4320-aa07-5f0dff8a2fcf;mod=0;room-id=443063688;subscriber=0;tmi-sent-ts=1566609308312;turbo=0;user-id=137774469;user-type= :hisaagi!hisaagi@hisaagi.tmi.twitch.tv PRIVMSG #beringelamilgrau :FeelsMan
8/23/2019 10:15:15 PM: botfumante - Received: @badge-info=;badges=moderator/1;color=#008000;display-name=TONYXZERO;emotes=;flags=;id=f8533bc6-429c-4900-a5a7-89dcad5b9aaf;mod=1;room-id=443063688;subscriber=0;tmi-sent-ts=1566609314079;turbo=0;user-id=38731171;user-type=mod :tonyxzero!tonyxzero@tonyxzero.tmi.twitch.tv PRIVMSG #beringelamilgrau :FeelsMan
8/23/2019 10:15:28 PM: botfumante - Received: PING :tmi.twitch.tv
8/23/2019 10:15:28 PM: botfumante - Writing: PONG
8/23/2019 10:15:50 PM: botfumante - Received: :hostmeraffle!hostmeraffle@hostmeraffle.tmi.twitch.tv JOIN #beringelamilgrau
8/23/2019 10:16:19 PM: botfumante - Received: @badge-info=;badges=moderator/1;color=#008000;display-name=TONYXZERO;emotes=;flags=;id=db31ce97-b322-472f-a49f-bcb45019c6d0;mod=1;room-id=443063688;subscriber=0;tmi-sent-ts=1566609378303;turbo=0;user-id=38731171;user-type=mod :tonyxzero!tonyxzero@tonyxzero.tmi.twitch.tv PRIVMSG #beringelamilgrau :Eu acho incrivel como o jogo ? a mema coisa do GoW FeelsMan
8/23/2019 10:16:58 PM: botfumante - Received: :s1faka!s1faka@s1faka.tmi.twitch.tv JOIN #beringelamilgrau
8/23/2019 10:16:58 PM: botfumante - Received: :jean__!jean__@jean__.tmi.twitch.tv PART #beringelamilgrau
8/23/2019 10:16:58 PM: botfumante - Received: :alexisyuki!alexisyuki@alexisyuki.tmi.twitch.tv PART #beringelamilgrau
8/23/2019 10:16:58 PM: botfumante - Received: :joseantonio001!joseantonio001@joseantonio001.tmi.twitch.tv PART #beringelamilgrau
8/23/2019 10:17:05 PM: botfumante - Received: @badge-info=;badges=moderator/1;color=#008000;display-name=TONYXZERO;emotes=;flags=;id=72e69773-3068-4631-995e-ff9b584b81bc;mod=1;room-id=443063688;subscriber=0;tmi-sent-ts=1566609423992;turbo=0;user-id=38731171;user-type=mod :tonyxzero!tonyxzero@tonyxzero.tmi.twitch.tv PRIVMSG #beringelamilgrau :O jogo foi acusado de pl?gio sera?? monkaHmm
8/23/2019 10:17:11 PM: botfumante - Received: @badge-info=;badges=;color=;display-name=joseantonio001;emotes=;flags=;id=f6b52939-d23d-4d6f-bd70-b5b99916a790;mod=0;room-id=443063688;subscriber=0;tmi-sent-ts=1566609430614;turbo=0;user-id=157525923;user-type= :joseantonio001!joseantonio001@joseantonio001.tmi.twitch.tv PRIVMSG #beringelamilgrau :esse game ta na metade j?? ?
8/23/2019 10:17:59 PM: botfumante - Received: @badge-info=;badges=moderator/1;color=#008000;display-name=TONYXZERO;emotes=;flags=;id=345aab8f-d571-4f0b-bd7b-6203000e76a7;mod=1;room-id=443063688;subscriber=0;tmi-sent-ts=1566609477927;turbo=0;user-id=38731171;user-type=mod :tonyxzero!tonyxzero@tonyxzero.tmi.twitch.tv PRIVMSG #beringelamilgrau :8h de game peepoSmart
8/23/2019 10:17:59 PM: botfumante - Received: :joseantonio001!joseantonio001@joseantonio001.tmi.twitch.tv JOIN #beringelamilgrau
8/23/2019 10:17:59 PM: botfumante - Received: :alexisyuki!alexisyuki@alexisyuki.tmi.twitch.tv JOIN #beringelamilgrau
8/23/2019 10:17:59 PM: botfumante - Received: :jean__!jean__@jean__.tmi.twitch.tv JOIN #beringelamilgrau
8/23/2019 10:18:11 PM: botfumante - Received: @badge-info=;badges=moderator/1;color=#008000;display-name=TONYXZERO;emotes=;flags=;id=b1ca4f18-ab86-4a84-ac1c-afc2acdf3262;mod=1;room-id=443063688;subscriber=0;tmi-sent-ts=1566609490391;turbo=0;user-id=38731171;user-type=mod :tonyxzero!tonyxzero@tonyxzero.tmi.twitch.tv PRIVMSG #beringelamilgrau :Pra ter tudo ? 15h peepoSip
8/23/2019 10:18:34 PM: botfumante - Received: @badge-info=;badges=moderator/1;color=#FF9600;display-name=ddanniell;emotes=;flags=;id=aa274769-c1b1-4435-a655-ea37241f8aaf;mod=1;room-id=443063688;subscriber=0;tmi-sent-ts=1566609513359;turbo=0;user-id=36163282;user-type=mod :ddanniell!ddanniell@ddanniell.tmi.twitch.tv PRIVMSG #beringelamilgrau :o que eu devo procurar pra saber o tempo de dura??o de um jogo?
8/23/2019 10:18:46 PM: botfumante - Received: @badge-info=;badges=;color=;display-name=joseantonio001;emotes=114836:40-47/25:30-34/425618:36-38;flags=5-16:A.5/P.5;id=5eda39a1-9e56-4ccd-8112-88fb443ed658;mod=0;room-id=443063688;subscriber=0;tmi-sent-ts=1566609525218;turbo=0;user-id=157525923;user-type= :joseantonio001!joseantonio001@joseantonio001.tmi.twitch.tv PRIVMSG #beringelamilgrau :e se vc for burro 30h ne Tony Kappa LUL Jebaited
8/23/2019 10:18:47 PM: botfumante - Received: @badge-info=;badges=moderator/1;color=#FF9600;display-name=ddanniell;emotes=;flags=;id=68b74f29-7972-4b48-8265-9c2ea23214f6;mod=1;room-id=443063688;subscriber=0;tmi-sent-ts=1566609526195;turbo=0;user-id=36163282;user-type=mod :ddanniell!ddanniell@ddanniell.tmi.twitch.tv PRIVMSG #beringelamilgrau :eu nunca fiz isso antes ConcernFroge
8/23/2019 10:18:47 PM: botfumante - Received: @badge-info=;badges=moderator/1;color=#008000;display-name=TONYXZERO;emotes=;flags=0-24:;id=82394fd7-5b2a-42dd-a49a-7683445eb416;mod=1;room-id=443063688;subscriber=0;tmi-sent-ts=1566609526223;turbo=0;user-id=38731171;user-type=mod :tonyxzero!tonyxzero@tonyxzero.tmi.twitch.tv PRIVMSG #beringelamilgrau :https://howlongtobeat.com
8/23/2019 10:18:56 PM: botfumante - Received: @badge-info=;badges=moderator/1;color=#008000;display-name=TONYXZERO;emotes=;flags=;id=d817a300-f2d6-4b9d-afa8-c3dcdfd186ee;mod=1;room-id=443063688;subscriber=0;tmi-sent-ts=1566609535143;turbo=0;user-id=38731171;user-type=mod :tonyxzero!tonyxzero@tonyxzero.tmi.twitch.tv PRIVMSG #beringelamilgrau :FeelsMan
8/23/2019 10:19:36 PM: botfumante - Received: @badge-info=;badges=;color=;display-name=joseantonio001;emotes=25:39-43;flags=;id=31363828-fcc5-4b04-ab8f-ce89ea090a9e;mod=0;room-id=443063688;subscriber=0;tmi-sent-ts=1566609575245;turbo=0;user-id=157525923;user-type= :joseantonio001!joseantonio001@joseantonio001.tmi.twitch.tv PRIVMSG #beringelamilgrau :tem que levar em conta o BURRISMO Tony Kappa
8/23/2019 10:19:38 PM: botfumante - Received: @badge-info=subscriber/2;badges=vip/1,subscriber/0,bits-charity/1;color=#5F9EA0;display-name=Jean__;emotes=;flags=0-24:;id=9ada56ee-012e-4fcf-9922-8abca3cba5aa;mod=0;room-id=443063688;subscriber=1;tmi-sent-ts=1566609577359;turbo=0;user-id=38479494;user-type= :jean__!jean__@jean__.tmi.twitch.tv PRIVMSG #beringelamilgrau :http://prntscr.com/owsuoq FeelsOkayMan
8/23/2019 10:19:44 PM: botfumante - Received: @badge-info=;badges=moderator/1;color=#008000;display-name=TONYXZERO;emotes=;flags=;id=c2d643e7-b8e6-4870-83df-f0c59e3c1d7e;mod=1;room-id=443063688;subscriber=0;tmi-sent-ts=1566609583543;turbo=0;user-id=38731171;user-type=mod :tonyxzero!tonyxzero@tonyxzero.tmi.twitch.tv PRIVMSG #beringelamilgrau :Pepega
8/23/2019 10:20:07 PM: botfumante - Received: PING :tmi.twitch.tv
8/23/2019 10:20:07 PM: botfumante - Writing: PONG
8/23/2019 10:21:09 PM: botfumante - Received: @badge-info=;badges=moderator/1;color=#008000;display-name=TONYXZERO;emotes=;flags=;id=4a3cde88-6aec-442e-a546-d07c0d9fd690;mod=1;room-id=443063688;subscriber=0;tmi-sent-ts=1566609668374;turbo=0;user-id=38731171;user-type=mod :tonyxzero!tonyxzero@tonyxzero.tmi.twitch.tv PRIVMSG #beringelamilgrau :peepoSmart
8/23/2019 10:21:11 PM: botfumante - Received: @badge-info=;badges=;color=;display-name=joseantonio001;emotes=;flags=;id=8c3f1e63-8eec-43ea-af17-2f0f74735bf0;mod=0;room-id=443063688;subscriber=0;tmi-sent-ts=1566609669938;turbo=0;user-id=157525923;user-type= :joseantonio001!joseantonio001@joseantonio001.tmi.twitch.tv PRIVMSG #beringelamilgrau :Tony quantas live tu modera ao mesmo tempo?
8/23/2019 10:21:19 PM: botfumante - Received: @badge-info=;badges=bits-charity/1;color=#DAA520;display-name=lucaesan;emotes=;flags=;id=233ffbe4-0ada-404f-aaf0-d0155618a9ff;mod=0;room-id=443063688;subscriber=0;tmi-sent-ts=1566609678636;turbo=0;user-id=167039036;user-type= :lucaesan!lucaesan@lucaesan.tmi.twitch.tv PRIVMSG #beringelamilgrau :agora vai dizer que a culpa da morte ? nossa
