8/1/2019 6:57:20 PM: botfumante - Connecting to: wss://irc-ws.chat.twitch.tv:443
8/1/2019 6:57:21 PM: botfumante - Should be connected!
8/1/2019 6:57:21 PM: botfumante - Joining channel: beringelamilgrau
8/1/2019 6:57:22 PM: botfumante - Received: :tmi.twitch.tv 001 botfumante :Welcome, GLHF!
8/1/2019 6:57:22 PM: botfumante - Received: :tmi.twitch.tv 002 botfumante :Your host is tmi.twitch.tv
8/1/2019 6:57:22 PM: botfumante - Received: :tmi.twitch.tv 003 botfumante :This server is rather new
8/1/2019 6:57:22 PM: botfumante - Received: :tmi.twitch.tv 004 botfumante :-
8/1/2019 6:57:22 PM: botfumante - Received: :tmi.twitch.tv 375 botfumante :-
8/1/2019 6:57:22 PM: botfumante - Received: :tmi.twitch.tv 372 botfumante :You are in a maze of twisty passages, all alike.
8/1/2019 6:57:22 PM: botfumante - Received: :tmi.twitch.tv 376 botfumante :>
8/1/2019 6:57:22 PM: botfumante - Received: :tmi.twitch.tv CAP * ACK :twitch.tv/membership
8/1/2019 6:57:22 PM: botfumante - Unaccounted for: :tmi.twitch.tv CAP * ACK :twitch.tv/membership
8/1/2019 6:57:22 PM: botfumante - Received: :tmi.twitch.tv CAP * ACK :twitch.tv/commands
8/1/2019 6:57:22 PM: botfumante - Unaccounted for: :tmi.twitch.tv CAP * ACK :twitch.tv/commands
8/1/2019 6:57:22 PM: botfumante - Received: :tmi.twitch.tv CAP * ACK :twitch.tv/tags
8/1/2019 6:57:22 PM: botfumante - Unaccounted for: :tmi.twitch.tv CAP * ACK :twitch.tv/tags
8/1/2019 6:57:22 PM: botfumante - Received: :botfumante!botfumante@botfumante.tmi.twitch.tv JOIN #beringelamilgrau
8/1/2019 6:57:22 PM: botfumante - Received: :botfumante.tmi.twitch.tv 353 botfumante = #beringelamilgrau :botfumante
8/1/2019 6:57:22 PM: botfumante - Received: :botfumante.tmi.twitch.tv 366 botfumante #beringelamilgrau :End of /NAMES list
8/1/2019 6:57:22 PM: botfumante - Finished channel joining queue.
8/1/2019 6:57:22 PM: botfumante - Received: @badge-info=;badges=;color=;display-name=BotFumante;emote-sets=0;mod=0;subscriber=0;user-type= :tmi.twitch.tv USERSTATE #beringelamilgrau
8/1/2019 6:57:22 PM: botfumante - Received: @emote-only=0;followers-only=-1;r9k=0;rituals=0;room-id=443063688;slow=0;subs-only=0 :tmi.twitch.tv ROOMSTATE #beringelamilgrau
8/1/2019 6:57:22 PM: botfumante - Finished channel joining queue.
8/1/2019 6:57:29 PM: botfumante - Received: :beringelamilgrau!beringelamilgrau@beringelamilgrau.tmi.twitch.tv JOIN #beringelamilgrau
8/1/2019 6:57:29 PM: botfumante - Received: :hostmeraffle!hostmeraffle@hostmeraffle.tmi.twitch.tv JOIN #beringelamilgrau
8/1/2019 6:57:29 PM: botfumante - Received: :slocool!slocool@slocool.tmi.twitch.tv JOIN #beringelamilgrau
8/1/2019 6:57:29 PM: botfumante - Received: :angeloflight!angeloflight@angeloflight.tmi.twitch.tv JOIN #beringelamilgrau
8/1/2019 6:57:29 PM: botfumante - Received: :michelle_rezende!michelle_rezende@michelle_rezende.tmi.twitch.tv JOIN #beringelamilgrau
8/1/2019 6:57:29 PM: botfumante - Received: :skinnyseahorse!skinnyseahorse@skinnyseahorse.tmi.twitch.tv JOIN #beringelamilgrau
8/1/2019 6:57:29 PM: botfumante - Received: :jean__!jean__@jean__.tmi.twitch.tv JOIN #beringelamilgrau
8/1/2019 6:57:29 PM: botfumante - Received: :lurxx!lurxx@lurxx.tmi.twitch.tv JOIN #beringelamilgrau
8/1/2019 6:57:29 PM: botfumante - Received: :nightbot!nightbot@nightbot.tmi.twitch.tv JOIN #beringelamilgrau
8/1/2019 6:57:29 PM: botfumante - Received: :commanderroot!commanderroot@commanderroot.tmi.twitch.tv JOIN #beringelamilgrau
8/1/2019 6:57:29 PM: botfumante - Received: :montee_waffle!montee_waffle@montee_waffle.tmi.twitch.tv JOIN #beringelamilgrau
8/1/2019 6:57:29 PM: botfumante - Received: :guillapre!guillapre@guillapre.tmi.twitch.tv JOIN #beringelamilgrau
8/1/2019 6:57:29 PM: botfumante - Received: :themalkavianx!themalkavianx@themalkavianx.tmi.twitch.tv JOIN #beringelamilgrau
8/1/2019 6:57:29 PM: botfumante - Received: :n3td3v!n3td3v@n3td3v.tmi.twitch.tv JOIN #beringelamilgrau
8/1/2019 6:57:29 PM: botfumante - Received: :cyclemotion!cyclemotion@cyclemotion.tmi.twitch.tv JOIN #beringelamilgrau
8/1/2019 6:57:29 PM: botfumante - Received: :biravg!biravg@biravg.tmi.twitch.tv JOIN #beringelamilgrau
8/1/2019 6:57:29 PM: botfumante - Received: :manomira!manomira@manomira.tmi.twitch.tv JOIN #beringelamilgrau
8/1/2019 6:57:29 PM: botfumante - Received: :s1faka!s1faka@s1faka.tmi.twitch.tv JOIN #beringelamilgrau
