8/3/2019 9:47:34 PM: botfumante - Connecting to: wss://irc-ws.chat.twitch.tv:443
8/3/2019 9:47:35 PM: botfumante - Should be connected!
8/3/2019 9:47:35 PM: botfumante - Joining channel: jean__
8/3/2019 9:47:36 PM: botfumante - Received: :tmi.twitch.tv 001 botfumante :Welcome, GLHF!
8/3/2019 9:47:36 PM: botfumante - Received: :tmi.twitch.tv 002 botfumante :Your host is tmi.twitch.tv
8/3/2019 9:47:36 PM: botfumante - Received: :tmi.twitch.tv 003 botfumante :This server is rather new
8/3/2019 9:47:36 PM: botfumante - Received: :tmi.twitch.tv 004 botfumante :-
8/3/2019 9:47:36 PM: botfumante - Received: :tmi.twitch.tv 375 botfumante :-
8/3/2019 9:47:36 PM: botfumante - Received: :tmi.twitch.tv 372 botfumante :You are in a maze of twisty passages, all alike.
8/3/2019 9:47:36 PM: botfumante - Received: :tmi.twitch.tv 376 botfumante :>
8/3/2019 9:47:36 PM: botfumante - Received: :tmi.twitch.tv CAP * ACK :twitch.tv/membership
8/3/2019 9:47:36 PM: botfumante - Unaccounted for: :tmi.twitch.tv CAP * ACK :twitch.tv/membership
8/3/2019 9:47:36 PM: botfumante - Received: :tmi.twitch.tv CAP * ACK :twitch.tv/commands
8/3/2019 9:47:36 PM: botfumante - Unaccounted for: :tmi.twitch.tv CAP * ACK :twitch.tv/commands
8/3/2019 9:47:36 PM: botfumante - Received: :tmi.twitch.tv CAP * ACK :twitch.tv/tags
8/3/2019 9:47:36 PM: botfumante - Unaccounted for: :tmi.twitch.tv CAP * ACK :twitch.tv/tags
8/3/2019 9:47:36 PM: botfumante - Received: :botfumante!botfumante@botfumante.tmi.twitch.tv JOIN #jean__
8/3/2019 9:47:36 PM: botfumante - Received: :botfumante.tmi.twitch.tv 353 botfumante = #jean__ :botfumante
8/3/2019 9:47:36 PM: botfumante - Received: :botfumante.tmi.twitch.tv 366 botfumante #jean__ :End of /NAMES list
8/3/2019 9:47:36 PM: botfumante - Finished channel joining queue.
8/3/2019 9:47:36 PM: botfumante - Received: @badge-info=;badges=;color=;display-name=BotFumante;emote-sets=0;mod=0;subscriber=0;user-type= :tmi.twitch.tv USERSTATE #jean__
8/3/2019 9:47:36 PM: botfumante - Received: @emote-only=0;followers-only=-1;r9k=0;rituals=0;room-id=38479494;slow=0;subs-only=0 :tmi.twitch.tv ROOMSTATE #jean__
8/3/2019 9:47:36 PM: botfumante - Finished channel joining queue.
8/3/2019 9:48:11 PM: botfumante - Received: @badge-info=;badges=broadcaster/1,bits-charity/1;color=#5F9EA0;display-name=Jean__;emotes=;flags=;id=a5b2a057-938a-4c31-a7ba-6092fce4f8fc;mod=0;room-id=38479494;subscriber=0;tmi-sent-ts=1564879690508;turbo=0;user-id=38479494;user-type= :jean__!jean__@jean__.tmi.twitch.tv PRIVMSG #jean__ :!scream 1190887946915
8/3/2019 9:48:33 PM: botfumante - Received: @badge-info=;badges=broadcaster/1,bits-charity/1;color=#5F9EA0;display-name=Jean__;emotes=;flags=;id=ada7453a-0e47-4ff9-8414-7c29721ab30c;mod=0;room-id=38479494;subscriber=0;tmi-sent-ts=1564879713013;turbo=0;user-id=38479494;user-type= :jean__!jean__@jean__.tmi.twitch.tv PRIVMSG #jean__ :!game Tests
8/3/2019 9:48:34 PM: botfumante - Received: @badge-info=;badges=moderator/1,partner/1;color=#7C7CE1;display-name=Nightbot;emotes=;flags=;id=ed2c498f-cca7-4136-8a5b-cec935b91746;mod=1;room-id=38479494;subscriber=0;tmi-sent-ts=1564879713375;turbo=0;user-id=19264788;user-type=mod :nightbot!nightbot@nightbot.tmi.twitch.tv PRIVMSG #jean__ :@Jean__ -> The stream game has been updated to: Tests
8/3/2019 9:48:42 PM: botfumante - Received: :nightbot!nightbot@nightbot.tmi.twitch.tv JOIN #jean__
8/3/2019 9:48:42 PM: botfumante - Received: :jean__!jean__@jean__.tmi.twitch.tv JOIN #jean__
8/3/2019 9:49:34 PM: botfumante - Received: @badge-info=;badges=broadcaster/1,bits-charity/1;color=#5F9EA0;display-name=Jean__;emotes=;flags=;id=a58919ca-d994-4bad-8177-288c90883ee9;mod=0;room-id=38479494;subscriber=0;tmi-sent-ts=1564879773436;turbo=0;user-id=38479494;user-type= :jean__!jean__@jean__.tmi.twitch.tv PRIVMSG #jean__ :!scream 1
8/3/2019 9:52:09 PM: botfumante - Received: PING :tmi.twitch.tv
8/3/2019 9:52:09 PM: botfumante - Writing: PONG
8/3/2019 9:53:20 PM: botfumante - Received: @badge-info=;badges=broadcaster/1,bits-charity/1;color=#5F9EA0;display-name=Jean__;emotes=;flags=;id=1aae726b-e4f1-41e5-af54-193341935f2b;mod=0;room-id=38479494;subscriber=0;tmi-sent-ts=1564879999283;turbo=0;user-id=38479494;user-type= :jean__!jean__@jean__.tmi.twitch.tv PRIVMSG #jean__ :!scream
8/3/2019 9:53:45 PM: botfumante - Received: @badge-info=;badges=broadcaster/1,bits-charity/1;color=#5F9EA0;display-name=Jean__;emotes=;flags=;id=3b92d2cb-4d0c-42c8-924a-0f0aa22d865c;mod=0;room-id=38479494;subscriber=0;tmi-sent-ts=1564880024418;turbo=0;user-id=38479494;user-type= :jean__!jean__@jean__.tmi.twitch.tv PRIVMSG #jean__ :!scream 1312407125172
8/3/2019 9:57:08 PM: botfumante - Received: PING :tmi.twitch.tv
8/3/2019 9:57:08 PM: botfumante - Writing: PONG
8/3/2019 10:00:23 PM: botfumante - Received: :slocool!slocool@slocool.tmi.twitch.tv JOIN #jean__
8/3/2019 10:01:21 PM: botfumante - Received: PING :tmi.twitch.tv
8/3/2019 10:01:21 PM: botfumante - Writing: PONG
8/3/2019 10:02:05 PM: botfumante - Received: @badge-info=;badges=broadcaster/1,bits-charity/1;color=#5F9EA0;display-name=Jean__;emotes=;flags=;id=1071bc0b-bd1d-4130-b8ff-3a533af3f88a;mod=0;room-id=38479494;subscriber=0;tmi-sent-ts=1564880525001;turbo=0;user-id=38479494;user-type= :jean__!jean__@jean__.tmi.twitch.tv PRIVMSG #jean__ :!tiro
8/3/2019 10:05:39 PM: botfumante - Received: PING :tmi.twitch.tv
8/3/2019 10:05:39 PM: botfumante - Writing: PONG
8/3/2019 10:05:59 PM: botfumante - Received: @badge-info=;badges=broadcaster/1,bits-charity/1;color=#5F9EA0;display-name=Jean__;emotes=;flags=;id=98bef6b4-4b37-4939-b3a3-8edb2da33ee0;mod=0;room-id=38479494;subscriber=0;tmi-sent-ts=1564880758624;turbo=0;user-id=38479494;user-type= :jean__!jean__@jean__.tmi.twitch.tv PRIVMSG #jean__ :!tiro
8/3/2019 10:07:24 PM: botfumante - Received: @badge-info=;badges=broadcaster/1,bits-charity/1;color=#5F9EA0;display-name=Jean__;emotes=;flags=;id=e35722a8-f6e9-42d1-aa52-898b480a5461;mod=0;room-id=38479494;subscriber=0;tmi-sent-ts=1564880844023;turbo=0;user-id=38479494;user-type= :jean__!jean__@jean__.tmi.twitch.tv PRIVMSG #jean__ :!tiro
8/3/2019 10:08:28 PM: botfumante - Received: @badge-info=;badges=;color=#38CC8F;display-name=Montee_Waffle;emotes=;flags=;id=06df26d2-cd23-4808-97bb-d4263b55e16b;mod=0;room-id=38479494;subscriber=0;tmi-sent-ts=1564880908137;turbo=0;user-id=148551409;user-type= :montee_waffle!montee_waffle@montee_waffle.tmi.twitch.tv PRIVMSG #jean__ :codigos
8/3/2019 10:08:40 PM: botfumante - Received: @badge-info=;badges=broadcaster/1,bits-charity/1;color=#5F9EA0;display-name=Jean__;emotes=;flags=;id=ba816944-5f41-4c1b-a839-eec6e2a2bc16;mod=0;room-id=38479494;subscriber=0;tmi-sent-ts=1564880919641;turbo=0;user-id=38479494;user-type= :jean__!jean__@jean__.tmi.twitch.tv PRIVMSG #jean__ :ConcernFro
8/3/2019 10:08:43 PM: botfumante - Received: @badge-info=;badges=broadcaster/1,bits-charity/1;color=#5F9EA0;display-name=Jean__;emotes=;flags=;id=7d01c0af-bd3c-49a7-b7b8-25ca63438ec3;mod=0;room-id=38479494;subscriber=0;tmi-sent-ts=1564880922325;turbo=0;user-id=38479494;user-type= :jean__!jean__@jean__.tmi.twitch.tv PRIVMSG #jean__ :ge
8/3/2019 10:08:45 PM: botfumante - Received: @badge-info=;badges=broadcaster/1,bits-charity/1;color=#5F9EA0;display-name=Jean__;emotes=;flags=;id=503392c6-be10-4987-98b0-01db9cec1126;mod=0;room-id=38479494;subscriber=0;tmi-sent-ts=1564880924816;turbo=0;user-id=38479494;user-type= :jean__!jean__@jean__.tmi.twitch.tv PRIVMSG #jean__ :Pepega
8/3/2019 10:08:56 PM: botfumante - Received: @badge-info=;badges=broadcaster/1,bits-charity/1;color=#5F9EA0;display-name=Jean__;emotes=;flags=8-19:;id=eb0caaa3-334d-411a-8de5-0255a66be993;mod=0;room-id=38479494;subscriber=0;tmi-sent-ts=1564880936082;turbo=0;user-id=38479494;user-type= :jean__!jean__@jean__.tmi.twitch.tv PRIVMSG #jean__ :!scream 228676999083
8/3/2019 10:09:09 PM: botfumante - Received: @badge-info=;badges=;color=#38CC8F;display-name=Montee_Waffle;emotes=;flags=;id=99ef1502-1bde-440c-aa0d-846f82cf1acf;mod=0;room-id=38479494;subscriber=0;tmi-sent-ts=1564880948487;turbo=0;user-id=148551409;user-type= :montee_waffle!montee_waffle@montee_waffle.tmi.twitch.tv PRIVMSG #jean__ :peepoTche
8/3/2019 10:09:20 PM: botfumante - Received: @badge-info=;badges=broadcaster/1,bits-charity/1;color=#5F9EA0;display-name=Jean__;emotes=;flags=;id=e3596238-ebce-4285-9fe0-fab7007cf62c;mod=0;room-id=38479494;subscriber=0;tmi-sent-ts=1564880959833;turbo=0;user-id=38479494;user-type= :jean__!jean__@jean__.tmi.twitch.tv PRIVMSG #jean__ :FeelsOkayMan
8/3/2019 10:09:22 PM: botfumante - Received: @badge-info=;badges=;color=#8A2BE2;display-name=BeringelaMilGrau;emotes=;flags=;id=c0bd1cef-7176-4316-b894-3b758c02c3d9;mod=0;room-id=38479494;subscriber=0;tmi-sent-ts=1564880961188;turbo=0;user-id=443063688;user-type= :beringelamilgrau!beringelamilgrau@beringelamilgrau.tmi.twitch.tv PRIVMSG #jean__ :separatista demais peepoTche
8/3/2019 10:09:22 PM: botfumante - Received: @badge-info=;badges=;color=#008000;display-name=Hisaagi;emotes=;flags=;id=039b585d-83bf-427b-8233-2598df2ad4ca;mod=0;room-id=38479494;subscriber=0;tmi-sent-ts=1564880961803;turbo=0;user-id=137774469;user-type= :hisaagi!hisaagi@hisaagi.tmi.twitch.tv PRIVMSG #jean__ :TA MALUCO PRA CARALHO
8/3/2019 10:09:22 PM: botfumante - Received: @ban-duration=5;room-id=38479494;target-user-id=137774469;tmi-sent-ts=1564880962087 :tmi.twitch.tv CLEARCHAT #jean__ :hisaagi
8/3/2019 10:09:23 PM: botfumante - Received: @badge-info=;badges=moderator/1,partner/1;color=#7C7CE1;display-name=Nightbot;emotes=;flags=;id=21b7c899-45cd-41f4-b745-038a93fb0a31;mod=1;room-id=38479494;subscriber=0;tmi-sent-ts=1564880962046;turbo=0;user-id=19264788;user-type=mod :nightbot!nightbot@nightbot.tmi.twitch.tv PRIVMSG #jean__ :@Hisaagi -> No disassembly required. [stop spamming caps] [warning]
8/3/2019 10:09:40 PM: botfumante - Received: @badge-info=;badges=;color=#008000;display-name=TONYXZERO;emotes=;flags=;id=a28ebfb8-586a-4518-ab6b-1dc70809a2f2;mod=0;room-id=38479494;subscriber=0;tmi-sent-ts=1564880979273;turbo=0;user-id=38731171;user-type= :tonyxzero!tonyxzero@tonyxzero.tmi.twitch.tv PRIVMSG #jean__ :OMEGALUL
8/3/2019 10:09:40 PM: botfumante - Received: @ban-duration=5;room-id=38479494;target-user-id=38731171;tmi-sent-ts=1564880979658 :tmi.twitch.tv CLEARCHAT #jean__ :tonyxzero
8/3/2019 10:09:44 PM: botfumante - Received: @badge-info=;badges=broadcaster/1,bits-charity/1;color=#5F9EA0;display-name=Jean__;emotes=;flags=;id=5fe2241a-ccec-441a-ac04-01e143efe2e9;mod=0;room-id=38479494;subscriber=0;tmi-sent-ts=1564880983822;turbo=0;user-id=38479494;user-type= :jean__!jean__@jean__.tmi.twitch.tv PRIVMSG #jean__ :Pepega
8/3/2019 10:09:49 PM: botfumante - Received: @badge-info=;badges=;color=#008000;display-name=TONYXZERO;emotes=;flags=;id=aad90736-ecd9-4ac3-9668-4d0375cb25d5;mod=0;room-id=38479494;subscriber=0;tmi-sent-ts=1564880988928;turbo=0;user-id=38731171;user-type= :tonyxzero!tonyxzero@tonyxzero.tmi.twitch.tv PRIVMSG #jean__ :Pepega
8/3/2019 10:09:55 PM: botfumante - Received: @badge-info=;badges=;color=#008000;display-name=Hisaagi;emotes=;flags=;id=6d59f8bc-cd81-4470-9252-aa92dd3c3145;mod=0;room-id=38479494;subscriber=0;tmi-sent-ts=1564880994809;turbo=0;user-id=137774469;user-type= :hisaagi!hisaagi@hisaagi.tmi.twitch.tv PRIVMSG #jean__ :OMEGALUL
8/3/2019 10:09:55 PM: botfumante - Received: @ban-duration=600;room-id=38479494;target-user-id=137774469;tmi-sent-ts=1564880995146 :tmi.twitch.tv CLEARCHAT #jean__ :hisaagi
8/3/2019 10:09:56 PM: botfumante - Received: @badge-info=;badges=moderator/1,partner/1;color=#7C7CE1;display-name=Nightbot;emotes=;flags=;id=eb24726d-90a9-4d8a-9652-ef1af6a312c9;mod=1;room-id=38479494;subscriber=0;tmi-sent-ts=1564880995104;turbo=0;user-id=19264788;user-type=mod :nightbot!nightbot@nightbot.tmi.twitch.tv PRIVMSG #jean__ :@Hisaagi -> What? Did you think I was gone forever? [stop spamming caps]
8/3/2019 10:09:57 PM: botfumante - Received: @badge-info=;badges=;color=#38CC8F;display-name=Montee_Waffle;emotes=;flags=;id=2e02c946-94a5-434e-acff-7d24a1af5244;mod=0;room-id=38479494;subscriber=0;tmi-sent-ts=1564880996670;turbo=0;user-id=148551409;user-type= :montee_waffle!montee_waffle@montee_waffle.tmi.twitch.tv PRIVMSG #jean__ :???????????????????????????????????????????????????????????????????????? ???????????????????????????????????????????????????????????????????????????? ???????????????????????????????????????????????????????????????????????????? ???????????????????????????????????????????????????????????????????????????? ????????????????????????????????????????????????????????????????????????????? ???????????????????????????????????????????????????????????????????????? ??????????????????????????????????????????????
8/3/2019 10:09:57 PM: botfumante - Received: @ban-duration=5;room-id=38479494;target-user-id=148551409;tmi-sent-ts=1564880996971 :tmi.twitch.tv CLEARCHAT #jean__ :montee_waffle
8/3/2019 10:09:58 PM: botfumante - Received: @badge-info=;badges=moderator/1,partner/1;color=#7C7CE1;display-name=Nightbot;emotes=;flags=;id=966aa643-d231-4957-a27c-00559ca2c99a;mod=1;room-id=38479494;subscriber=0;tmi-sent-ts=1564880997031;turbo=0;user-id=19264788;user-type=mod :nightbot!nightbot@nightbot.tmi.twitch.tv PRIVMSG #jean__ :@Montee_Waffle -> I can do this all day... [stop spamming emotes] [warning]
8/3/2019 10:10:06 PM: botfumante - Received: @badge-info=;badges=;color=#008000;display-name=TONYXZERO;emotes=;flags=;id=b446b520-0623-4859-bf95-1211d3b9d8a3;mod=0;room-id=38479494;subscriber=0;tmi-sent-ts=1564881005898;turbo=0;user-id=38731171;user-type= :tonyxzero!tonyxzero@tonyxzero.tmi.twitch.tv PRIVMSG #jean__ :OMEGALUl
8/3/2019 10:10:10 PM: botfumante - Received: @badge-info=;badges=broadcaster/1,bits-charity/1;color=#5F9EA0;display-name=Jean__;emotes=;flags=8-19:;id=85a3a9cc-dfd8-4c14-aa75-320a2d9c223e;mod=0;room-id=38479494;subscriber=0;tmi-sent-ts=1564881009245;turbo=0;user-id=38479494;user-type= :jean__!jean__@jean__.tmi.twitch.tv PRIVMSG #jean__ :!scream 279494109990
8/3/2019 10:10:16 PM: botfumante - Received: @badge-info=;badges=;color=#FF69B4;display-name=rbruno018;emotes=;flags=0-21:S.5;id=3e1bc934-32c2-459e-aa52-db1e7decbf6f;mod=0;room-id=38479494;subscriber=0;tmi-sent-ts=1564881015715;turbo=0;user-id=216448313;user-type= :rbruno018!rbruno018@rbruno018.tmi.twitch.tv PRIVMSG #jean__ :8====================D
8/3/2019 10:10:16 PM: botfumante - Received: @ban-duration=5;room-id=38479494;target-user-id=216448313;tmi-sent-ts=1564881016028 :tmi.twitch.tv CLEARCHAT #jean__ :rbruno018
8/3/2019 10:10:17 PM: botfumante - Received: @badge-info=;badges=moderator/1,partner/1;color=#7C7CE1;display-name=Nightbot;emotes=1564353:14-19;flags=;id=92fac2ac-b9d0-4c14-b28c-fc0b11661f86;mod=1;room-id=38479494;subscriber=0;tmi-sent-ts=1564881015983;turbo=0;user-id=19264788;user-type=mod :nightbot!nightbot@nightbot.tmi.twitch.tv PRIVMSG #jean__ :@rbruno018 -> moon2A [stop spamming symbols] [warning]
8/3/2019 10:10:17 PM: botfumante - Received: @badge-info=;badges=;color=#008000;display-name=TONYXZERO;emotes=;flags=;id=77cefb18-93c4-4d21-9fdf-c76b7d827a6a;mod=0;room-id=38479494;subscriber=0;tmi-sent-ts=1564881017012;turbo=0;user-id=38731171;user-type= :tonyxzero!tonyxzero@tonyxzero.tmi.twitch.tv PRIVMSG #jean__ :monkaS
8/3/2019 10:10:25 PM: botfumante - Received: PING :tmi.twitch.tv
8/3/2019 10:10:25 PM: botfumante - Writing: PONG
8/3/2019 10:10:25 PM: botfumante - Received: @badge-info=;badges=;color=#008000;display-name=TONYXZERO;emotes=;flags=;id=71909d41-82ba-45a6-b5fa-117f8564e501;mod=0;room-id=38479494;subscriber=0;tmi-sent-ts=1564881024895;turbo=0;user-id=38731171;user-type= :tonyxzero!tonyxzero@tonyxzero.tmi.twitch.tv PRIVMSG #jean__ :Pepega
8/3/2019 10:10:31 PM: botfumante - Received: :montee_waffle!montee_waffle@montee_waffle.tmi.twitch.tv JOIN #jean__
8/3/2019 10:10:31 PM: botfumante - Received: :hisaagi!hisaagi@hisaagi.tmi.twitch.tv JOIN #jean__
8/3/2019 10:10:31 PM: botfumante - Received: :beringelamilgrau!beringelamilgrau@beringelamilgrau.tmi.twitch.tv JOIN #jean__
8/3/2019 10:10:43 PM: botfumante - Received: @badge-info=;badges=;color=#FF69B4;display-name=rbruno018;emotes=;flags=;id=25d2610d-d286-480d-9d61-5b0e35ba9e11;mod=0;room-id=38479494;subscriber=0;tmi-sent-ts=1564881042413;turbo=0;user-id=216448313;user-type= :rbruno018!rbruno018@rbruno018.tmi.twitch.tv PRIVMSG #jean__ :8=D
8/3/2019 10:11:21 PM: botfumante - Received: @badge-info=;badges=;color=#FF69B4;display-name=rbruno018;emotes=;flags=;id=61e86f61-dfc8-4445-b16e-cc69c9d7bec2;mod=0;room-id=38479494;subscriber=0;tmi-sent-ts=1564881080538;turbo=0;user-id=216448313;user-type= :rbruno018!rbruno018@rbruno018.tmi.twitch.tv PRIVMSG #jean__ :AD Pepega
8/3/2019 10:11:30 PM: botfumante - Received: :tonyxzero!tonyxzero@tonyxzero.tmi.twitch.tv JOIN #jean__
8/3/2019 10:11:30 PM: botfumante - Received: :ddanniell!ddanniell@ddanniell.tmi.twitch.tv JOIN #jean__
8/3/2019 10:11:32 PM: botfumante - Received: @badge-info=;badges=;color=#008000;display-name=TONYXZERO;emotes=;flags=;id=d45cc9b7-50b9-45fd-9c09-a20b0a685fb8;mod=0;room-id=38479494;subscriber=0;tmi-sent-ts=1564881091906;turbo=0;user-id=38731171;user-type= :tonyxzero!tonyxzero@tonyxzero.tmi.twitch.tv PRIVMSG #jean__ :8D
8/3/2019 10:11:34 PM: botfumante - Received: @badge-info=;badges=;color=#FF69B4;display-name=rbruno018;emotes=;flags=;id=2ec34554-45ba-4472-8980-30cb7037de2f;mod=0;room-id=38479494;subscriber=0;tmi-sent-ts=1564881093595;turbo=0;user-id=216448313;user-type= :rbruno018!rbruno018@rbruno018.tmi.twitch.tv PRIVMSG #jean__ :peepoFed
8/3/2019 10:11:38 PM: botfumante - Received: @badge-info=;badges=;color=#008000;display-name=TONYXZERO;emotes=;flags=;id=d9fe3432-8bf7-496d-93cf-e6a83d30220d;mod=0;room-id=38479494;subscriber=0;tmi-sent-ts=1564881098055;turbo=0;user-id=38731171;user-type= :tonyxzero!tonyxzero@tonyxzero.tmi.twitch.tv PRIVMSG #jean__ :peepoFed
8/3/2019 10:11:43 PM: botfumante - Received: @badge-info=;badges=;color=#FF69B4;display-name=rbruno018;emotes=;flags=;id=f194b694-f058-4427-ac1e-eeb47aff6ee0;mod=0;room-id=38479494;subscriber=0;tmi-sent-ts=1564881102276;turbo=0;user-id=216448313;user-type= :rbruno018!rbruno018@rbruno018.tmi.twitch.tv PRIVMSG #jean__ :8=D
8/3/2019 10:12:15 PM: botfumante - Received: @badge-info=;badges=;color=#FF69B4;display-name=rbruno018;emotes=;flags=;id=edf888f2-ade0-4845-80d8-b66f7edc8f7c;mod=0;room-id=38479494;subscriber=0;tmi-sent-ts=1564881134109;turbo=0;user-id=216448313;user-type= :rbruno018!rbruno018@rbruno018.tmi.twitch.tv PRIVMSG #jean__ :????????????????????????????????? ?????????????????????????????????? ?????????????????????????????????? ????????????????????????????????? ????????????????????????????????? ????????????????????????????????? ????????????????????????????????? ?????????????????????????????????? ????????????????????????????????? ????????????????????????????????? ?????????????????????????????????
8/3/2019 10:12:15 PM: botfumante - Received: @ban-duration=600;room-id=38479494;target-user-id=216448313;tmi-sent-ts=1564881134573 :tmi.twitch.tv CLEARCHAT #jean__ :rbruno018
8/3/2019 10:12:15 PM: botfumante - Received: @badge-info=;badges=moderator/1,partner/1;color=#7C7CE1;display-name=Nightbot;emotes=;flags=;id=5995a22b-36e9-4b5e-955d-eaa5f457c423;mod=1;room-id=38479494;subscriber=0;tmi-sent-ts=1564881134532;turbo=0;user-id=19264788;user-type=mod :nightbot!nightbot@nightbot.tmi.twitch.tv PRIVMSG #jean__ :@rbruno018 -> No disassembly required. [stop spamming symbols]
8/3/2019 10:12:38 PM: botfumante - Received: :rbruno018!rbruno018@rbruno018.tmi.twitch.tv JOIN #jean__
8/3/2019 10:13:35 PM: botfumante - Received: :commanderroot!commanderroot@commanderroot.tmi.twitch.tv JOIN #jean__
8/3/2019 10:14:37 PM: botfumante - Received: :beringelamilgrau!beringelamilgrau@beringelamilgrau.tmi.twitch.tv PART #jean__
8/3/2019 10:14:37 PM: botfumante - Received: :montee_waffle!montee_waffle@montee_waffle.tmi.twitch.tv PART #jean__
8/3/2019 10:14:37 PM: botfumante - Received: :rbruno018!rbruno018@rbruno018.tmi.twitch.tv PART #jean__
8/3/2019 10:14:37 PM: botfumante - Received: :hisaagi!hisaagi@hisaagi.tmi.twitch.tv PART #jean__
8/3/2019 10:14:56 PM: botfumante - Received: PING :tmi.twitch.tv
8/3/2019 10:14:56 PM: botfumante - Writing: PONG
8/3/2019 10:16:45 PM: botfumante - Received: :p0lizei_!p0lizei_@p0lizei_.tmi.twitch.tv JOIN #jean__
8/3/2019 10:16:45 PM: botfumante - Received: :ddanniell!ddanniell@ddanniell.tmi.twitch.tv PART #jean__
