8/22/2019 5:16:09 PM: botfumante - Connecting to: wss://irc-ws.chat.twitch.tv:443
8/22/2019 5:16:10 PM: botfumante - Should be connected!
8/22/2019 5:16:10 PM: botfumante - Joining channel: beringelamilgrau
8/22/2019 5:16:11 PM: botfumante - Received: :tmi.twitch.tv 001 botfumante :Welcome, GLHF!
8/22/2019 5:16:11 PM: botfumante - Received: :tmi.twitch.tv 002 botfumante :Your host is tmi.twitch.tv
8/22/2019 5:16:11 PM: botfumante - Received: :tmi.twitch.tv 003 botfumante :This server is rather new
8/22/2019 5:16:11 PM: botfumante - Received: :tmi.twitch.tv 004 botfumante :-
8/22/2019 5:16:11 PM: botfumante - Received: :tmi.twitch.tv 375 botfumante :-
8/22/2019 5:16:11 PM: botfumante - Received: :tmi.twitch.tv 372 botfumante :You are in a maze of twisty passages, all alike.
8/22/2019 5:16:11 PM: botfumante - Received: :tmi.twitch.tv 376 botfumante :>
8/22/2019 5:16:11 PM: botfumante - Received: :tmi.twitch.tv CAP * ACK :twitch.tv/membership
8/22/2019 5:16:11 PM: botfumante - Unaccounted for: :tmi.twitch.tv CAP * ACK :twitch.tv/membership
8/22/2019 5:16:11 PM: botfumante - Received: :tmi.twitch.tv CAP * ACK :twitch.tv/commands
8/22/2019 5:16:11 PM: botfumante - Unaccounted for: :tmi.twitch.tv CAP * ACK :twitch.tv/commands
8/22/2019 5:16:11 PM: botfumante - Received: :tmi.twitch.tv CAP * ACK :twitch.tv/tags
8/22/2019 5:16:11 PM: botfumante - Unaccounted for: :tmi.twitch.tv CAP * ACK :twitch.tv/tags
8/22/2019 5:16:11 PM: botfumante - Received: :botfumante!botfumante@botfumante.tmi.twitch.tv JOIN #beringelamilgrau
8/22/2019 5:16:11 PM: botfumante - Received: :botfumante.tmi.twitch.tv 353 botfumante = #beringelamilgrau :botfumante
8/22/2019 5:16:11 PM: botfumante - Received: :botfumante.tmi.twitch.tv 366 botfumante #beringelamilgrau :End of /NAMES list
8/22/2019 5:16:11 PM: botfumante - Finished channel joining queue.
8/22/2019 5:16:11 PM: botfumante - Received: @badge-info=;badges=;color=;display-name=BotFumante;emote-sets=0;mod=0;subscriber=0;user-type= :tmi.twitch.tv USERSTATE #beringelamilgrau
8/22/2019 5:16:11 PM: botfumante - Received: @emote-only=0;followers-only=-1;r9k=0;rituals=0;room-id=443063688;slow=0;subs-only=0 :tmi.twitch.tv ROOMSTATE #beringelamilgrau
8/22/2019 5:16:11 PM: botfumante - Finished channel joining queue.
8/22/2019 5:16:24 PM: botfumante - Received: @badge-info=;badges=vip/1;color=#008000;display-name=Hisaagi;emotes=;flags=18-24:P.6;id=7d7b7c62-f6fe-4ff0-b9a5-06d9092306ca;mod=0;room-id=443063688;subscriber=0;tmi-sent-ts=1566504982564;turbo=0;user-id=137774469;user-type= :hisaagi!hisaagi@hisaagi.tmi.twitch.tv PRIVMSG #beringelamilgrau :que vc t? jogando seu fdp
8/22/2019 5:16:39 PM: botfumante - Received: :tonyxzero!tonyxzero@tonyxzero.tmi.twitch.tv JOIN #beringelamilgrau
8/22/2019 5:16:39 PM: botfumante - Received: :lurxx!lurxx@lurxx.tmi.twitch.tv JOIN #beringelamilgrau
8/22/2019 5:16:39 PM: botfumante - Received: :beringelamilgrau!beringelamilgrau@beringelamilgrau.tmi.twitch.tv JOIN #beringelamilgrau
8/22/2019 5:16:39 PM: botfumante - Received: :jean__!jean__@jean__.tmi.twitch.tv JOIN #beringelamilgrau
8/22/2019 5:16:39 PM: botfumante - Received: :streamlabs!streamlabs@streamlabs.tmi.twitch.tv JOIN #beringelamilgrau
8/22/2019 5:16:39 PM: botfumante - Received: :hisaagi!hisaagi@hisaagi.tmi.twitch.tv JOIN #beringelamilgrau
8/22/2019 5:16:39 PM: botfumante - Received: :leafjat!leafjat@leafjat.tmi.twitch.tv JOIN #beringelamilgrau
8/22/2019 5:16:39 PM: botfumante - Received: :guillapre!guillapre@guillapre.tmi.twitch.tv JOIN #beringelamilgrau
8/22/2019 5:16:39 PM: botfumante - Received: :lucaesan!lucaesan@lucaesan.tmi.twitch.tv JOIN #beringelamilgrau
8/22/2019 5:16:39 PM: botfumante - Received: :nightbot!nightbot@nightbot.tmi.twitch.tv JOIN #beringelamilgrau
8/22/2019 5:16:39 PM: botfumante - Received: :gladosxcake!gladosxcake@gladosxcake.tmi.twitch.tv JOIN #beringelamilgrau
8/22/2019 5:16:39 PM: botfumante - Received: :commanderroot!commanderroot@commanderroot.tmi.twitch.tv JOIN #beringelamilgrau
8/22/2019 5:16:39 PM: botfumante - Received: :p0lizei_!p0lizei_@p0lizei_.tmi.twitch.tv JOIN #beringelamilgrau
