9/5/2019 7:08:30 PM: botfumante - Connecting to: wss://irc-ws.chat.twitch.tv:443
9/5/2019 7:08:31 PM: botfumante - Should be connected!
9/5/2019 7:08:32 PM: botfumante - Joining channel: beringelamilgrau
9/5/2019 7:08:32 PM: botfumante - Received: :tmi.twitch.tv 001 botfumante :Welcome, GLHF!
9/5/2019 7:08:32 PM: botfumante - Received: :tmi.twitch.tv 002 botfumante :Your host is tmi.twitch.tv
9/5/2019 7:08:32 PM: botfumante - Received: :tmi.twitch.tv 003 botfumante :This server is rather new
9/5/2019 7:08:32 PM: botfumante - Received: :tmi.twitch.tv 004 botfumante :-
9/5/2019 7:08:32 PM: botfumante - Received: :tmi.twitch.tv 375 botfumante :-
9/5/2019 7:08:32 PM: botfumante - Received: :tmi.twitch.tv 372 botfumante :You are in a maze of twisty passages, all alike.
9/5/2019 7:08:32 PM: botfumante - Received: :tmi.twitch.tv 376 botfumante :>
9/5/2019 7:08:32 PM: botfumante - Received: :tmi.twitch.tv CAP * ACK :twitch.tv/membership
9/5/2019 7:08:32 PM: botfumante - Unaccounted for: :tmi.twitch.tv CAP * ACK :twitch.tv/membership
9/5/2019 7:08:32 PM: botfumante - Received: :tmi.twitch.tv CAP * ACK :twitch.tv/commands
9/5/2019 7:08:32 PM: botfumante - Unaccounted for: :tmi.twitch.tv CAP * ACK :twitch.tv/commands
9/5/2019 7:08:32 PM: botfumante - Received: :tmi.twitch.tv CAP * ACK :twitch.tv/tags
9/5/2019 7:08:32 PM: botfumante - Unaccounted for: :tmi.twitch.tv CAP * ACK :twitch.tv/tags
9/5/2019 7:08:33 PM: botfumante - Received: :botfumante!botfumante@botfumante.tmi.twitch.tv JOIN #beringelamilgrau
9/5/2019 7:08:33 PM: botfumante - Received: @badge-info=;badges=;color=;display-name=BotFumante;emote-sets=0,300432485;mod=0;subscriber=0;user-type= :tmi.twitch.tv USERSTATE #beringelamilgrau
9/5/2019 7:08:33 PM: botfumante - Received: @emote-only=0;followers-only=-1;r9k=0;rituals=0;room-id=443063688;slow=0;subs-only=0 :tmi.twitch.tv ROOMSTATE #beringelamilgrau
9/5/2019 7:08:33 PM: botfumante - Received: :botfumante.tmi.twitch.tv 353 botfumante = #beringelamilgrau :commanderroot teyyd jean__ didigameboy guillapre lucaesan angeloflight botfumante hisaagi nightbot beringelamilgrau montee_waffle lurxx maria_renata p0lizei_ gladosxcake streamlabs rubecks
9/5/2019 7:08:33 PM: botfumante - Received: :botfumante.tmi.twitch.tv 366 botfumante #beringelamilgrau :End of /NAMES list
9/5/2019 7:08:33 PM: botfumante - Finished channel joining queue.
9/5/2019 7:08:34 PM: botfumante - Finished channel joining queue.
9/5/2019 7:08:39 PM: botfumante - Received: @badge-info=subscriber/2;badges=vip/1,subscriber/0,bits-charity/1;color=#5F9EA0;display-name=Jean__;emotes=;flags=;id=af2add00-2e1c-496d-83fa-998d92762d7e;mod=0;room-id=443063688;subscriber=1;tmi-sent-ts=1567721318576;turbo=0;user-id=38479494;user-type= :jean__!jean__@jean__.tmi.twitch.tv PRIVMSG #beringelamilgrau :monkaHmm
9/5/2019 7:08:39 PM: MessagesTotal: 65 / MessagesPepes: 42 / MessagesPepesTotal: 42 / Ratio (64.61539%) / pepeCounted: True
9/5/2019 7:11:52 PM: botfumante - Received: @badge-info=;badges=bits/100;color=#DAA520;display-name=lucaesan;emotes=;flags=;id=159808ce-874f-4db6-9244-c7a4f55300c5;mod=0;room-id=443063688;subscriber=0;tmi-sent-ts=1567721511943;turbo=0;user-id=167039036;user-type= :lucaesan!lucaesan@lucaesan.tmi.twitch.tv PRIVMSG #beringelamilgrau :mano fui jogar um smash online e cai contra um cara chamado Lucca usando o mesmo char que eu
9/5/2019 7:11:52 PM: MessagesTotal: 66 / MessagesPepes: 42 / MessagesPepesTotal: 42 / Ratio (63.63636%) / pepeCounted: False
9/5/2019 7:11:57 PM: botfumante - Received: :s1faka!s1faka@s1faka.tmi.twitch.tv JOIN #beringelamilgrau
9/5/2019 7:11:57 PM: botfumante - Received: :maria_renata!maria_renata@maria_renata.tmi.twitch.tv PART #beringelamilgrau
9/5/2019 7:11:58 PM: botfumante - Received: @badge-info=;badges=vip/1;color=#D2691E;display-name=Hisaagi;emotes=;flags=;id=8ba576f2-5cf0-478b-89e2-770a8ed1e815;mod=0;room-id=443063688;subscriber=0;tmi-sent-ts=1567721517831;turbo=0;user-id=137774469;user-type= :hisaagi!hisaagi@hisaagi.tmi.twitch.tv PRIVMSG #beringelamilgrau :FeelsBirthdayMan
9/5/2019 7:11:58 PM: MessagesTotal: 67 / MessagesPepes: 42 / MessagesPepesTotal: 42 / Ratio (62.68657%) / pepeCounted: False
9/5/2019 7:12:39 PM: botfumante - Received: @badge-info=;badges=vip/1;color=#D2691E;display-name=Hisaagi;emotes=;flags=;id=0074134d-a01c-4d8c-abba-f157ef589205;mod=0;room-id=443063688;subscriber=0;tmi-sent-ts=1567721559166;turbo=0;user-id=137774469;user-type= :hisaagi!hisaagi@hisaagi.tmi.twitch.tv PRIVMSG #beringelamilgrau :to bem. to travado no chefe no games q eu tava jogando FeelsBirthdayMan
9/5/2019 7:12:39 PM: MessagesTotal: 68 / MessagesPepes: 42 / MessagesPepesTotal: 42 / Ratio (61.76471%) / pepeCounted: False
9/5/2019 7:12:49 PM: botfumante - Received: PING :tmi.twitch.tv
9/5/2019 7:12:49 PM: botfumante - Writing: PONG
9/5/2019 7:13:42 PM: botfumante - Received: @badge-info=;badges=vip/1;color=#D2691E;display-name=Hisaagi;emotes=;flags=;id=d3cc32e2-1e22-4245-ad62-fdf55b4d22b9;mod=0;room-id=443063688;subscriber=0;tmi-sent-ts=1567721621547;turbo=0;user-id=137774469;user-type= :hisaagi!hisaagi@hisaagi.tmi.twitch.tv PRIVMSG #beringelamilgrau :tava jogando o touhou luna nights. ? um chefe especial e tal peepoSip
9/5/2019 7:13:42 PM: MessagesTotal: 69 / MessagesPepes: 43 / MessagesPepesTotal: 43 / Ratio (62.31884%) / pepeCounted: True
9/5/2019 7:13:56 PM: botfumante - Received: :hostmeraffle!hostmeraffle@hostmeraffle.tmi.twitch.tv JOIN #beringelamilgrau
