2019-07-07 9:00:46 PM: botfumante - Connecting to: wss://irc-ws.chat.twitch.tv:443
2019-07-07 9:00:47 PM: botfumante - Should be connected!
2019-07-07 9:00:47 PM: botfumante - Joining channel: beringelamilgrau
2019-07-07 9:00:47 PM: botfumante - Received: :tmi.twitch.tv 001 botfumante :Welcome, GLHF!
2019-07-07 9:00:47 PM: botfumante - Received: :tmi.twitch.tv 002 botfumante :Your host is tmi.twitch.tv
2019-07-07 9:00:47 PM: botfumante - Received: :tmi.twitch.tv 003 botfumante :This server is rather new
2019-07-07 9:00:47 PM: botfumante - Received: :tmi.twitch.tv 004 botfumante :-
2019-07-07 9:00:47 PM: botfumante - Received: :tmi.twitch.tv 375 botfumante :-
2019-07-07 9:00:47 PM: botfumante - Received: :tmi.twitch.tv 372 botfumante :You are in a maze of twisty passages, all alike.
2019-07-07 9:00:47 PM: botfumante - Received: :tmi.twitch.tv 376 botfumante :>
2019-07-07 9:00:47 PM: botfumante - Received: :tmi.twitch.tv CAP * ACK :twitch.tv/membership
2019-07-07 9:00:47 PM: botfumante - Unaccounted for: :tmi.twitch.tv CAP * ACK :twitch.tv/membership
2019-07-07 9:00:47 PM: botfumante - Received: :tmi.twitch.tv CAP * ACK :twitch.tv/commands
2019-07-07 9:00:47 PM: botfumante - Unaccounted for: :tmi.twitch.tv CAP * ACK :twitch.tv/commands
2019-07-07 9:00:47 PM: botfumante - Received: :tmi.twitch.tv CAP * ACK :twitch.tv/tags
2019-07-07 9:00:47 PM: botfumante - Unaccounted for: :tmi.twitch.tv CAP * ACK :twitch.tv/tags
2019-07-07 9:00:47 PM: botfumante - Received: :botfumante!botfumante@botfumante.tmi.twitch.tv JOIN #beringelamilgrau
2019-07-07 9:00:47 PM: botfumante - Received: @badge-info=;badges=;color=;display-name=BotFumante;emote-sets=0;mod=0;subscriber=0;user-type= :tmi.twitch.tv USERSTATE #beringelamilgrau
2019-07-07 9:00:47 PM: botfumante - Received: @emote-only=0;followers-only=-1;r9k=0;rituals=0;room-id=443063688;slow=0;subs-only=0 :tmi.twitch.tv ROOMSTATE #beringelamilgrau
2019-07-07 9:00:48 PM: botfumante - Received: :botfumante.tmi.twitch.tv 353 botfumante = #beringelamilgrau :jean__ p0lizei_ commanderroot angeloflight skeldom cachebear nightbot adorocoockiej tonyxzero maria_renata 5uperted themalkavianx mayyyonaise anotherttvviewer montee_waffle ddanniell teyyd djzrcgih michelle_rezende lurxx rbruno018 biravg electricallongboard beringelamilgrau hisaagi
2019-07-07 9:00:48 PM: botfumante - Received: :botfumante.tmi.twitch.tv 353 botfumante = #beringelamilgrau :botfumante
2019-07-07 9:00:48 PM: botfumante - Received: :botfumante.tmi.twitch.tv 366 botfumante #beringelamilgrau :End of /NAMES list
2019-07-07 9:00:48 PM: botfumante - Finished channel joining queue.
2019-07-07 9:00:48 PM: botfumante - Received: @badge-info=;badges=;color=;display-name=BotFumante;emote-sets=0;mod=0;subscriber=0;user-type= :tmi.twitch.tv USERSTATE #beringelamilgrau
2019-07-07 9:01:02 PM: botfumante - Received: @badge-info=;badges=;color=#FF69B4;display-name=rbruno018;emotes=;flags=;id=81dc34e5-864a-43fa-9acd-19ce73e751c7;mod=0;room-id=443063688;subscriber=0;tmi-sent-ts=1562544061962;turbo=0;user-id=216448313;user-type= :rbruno018!rbruno018@rbruno018.tmi.twitch.tv PRIVMSG #beringelamilgrau :OMEGALUL
2019-07-07 9:01:13 PM: botfumante - Received: @badge-info=;badges=;color=#008000;display-name=Hisaagi;emotes=;flags=;id=9fd46422-8b49-414a-b698-b4c3a2ecaf42;mod=0;room-id=443063688;subscriber=0;tmi-sent-ts=1562544073059;turbo=0;user-id=137774469;user-type= :hisaagi!hisaagi@hisaagi.tmi.twitch.tv PRIVMSG #beringelamilgrau :BOT FUMANTE OMEGALUL
2019-07-07 9:01:18 PM: botfumante - Received: @badge-info=;badges=moderator/1,premium/1;color=#DAA520;display-name=BiraVG;emotes=;flags=;id=3675aeb5-8d33-421a-b3d6-3cbb8e66d5fd;mod=1;room-id=443063688;subscriber=0;tmi-sent-ts=1562544077703;turbo=0;user-id=66834839;user-type=mod :biravg!biravg@biravg.tmi.twitch.tv PRIVMSG #beringelamilgrau :Pepega
2019-07-07 9:01:56 PM: botfumante - Received: @badge-info=;badges=moderator/1,premium/1;color=#DAA520;display-name=BiraVG;emotes=;flags=;id=8671d110-e3f7-4506-a296-05bf05a75edf;mod=1;room-id=443063688;subscriber=0;tmi-sent-ts=1562544115679;turbo=0;user-id=66834839;user-type=mod :biravg!biravg@biravg.tmi.twitch.tv PRIVMSG #beringelamilgrau :peepoSmoke
2019-07-07 9:02:01 PM: botfumante - Received: @badge-info=;badges=;color=#FF69B4;display-name=rbruno018;emotes=;flags=;id=8e4d24e7-69cc-4ca1-883a-a023dc743384;mod=0;room-id=443063688;subscriber=0;tmi-sent-ts=1562544121350;turbo=0;user-id=216448313;user-type= :rbruno018!rbruno018@rbruno018.tmi.twitch.tv PRIVMSG #beringelamilgrau :peepoSmoke
2019-07-07 9:02:20 PM: botfumante - Received: @badge-info=;badges=;color=#008000;display-name=Hisaagi;emotes=;flags=27-33:;id=efbdeb2b-00dd-4dd6-9df2-9d8a0e59a44b;mod=0;room-id=443063688;subscriber=0;tmi-sent-ts=1562544140548;turbo=0;user-id=137774469;user-type= :hisaagi!hisaagi@hisaagi.tmi.twitch.tv PRIVMSG #beringelamilgrau :EU QUERO VER TODO O BRASIL FUMANDO EM LIVE
2019-07-07 9:02:35 PM: botfumante - Received: :michelle_rezende!michelle_rezende@michelle_rezende.tmi.twitch.tv PART #beringelamilgrau
2019-07-07 9:02:36 PM: botfumante - Received: @badge-info=;badges=broadcaster/1;color=;display-name=beringelamilgrau;emotes=;flags=;id=e6b3a00e-b5fa-4538-a5fe-0b32c55d68c9;mod=0;room-id=443063688;subscriber=0;tmi-sent-ts=1562544156472;turbo=0;user-id=443063688;user-type= :beringelamilgrau!beringelamilgrau@beringelamilgrau.tmi.twitch.tv PRIVMSG #beringelamilgrau :!processo
2019-07-07 9:02:37 PM: botfumante - Received: @badge-info=;badges=bits-charity/1;color=#1E90FF;display-name=Jean__;emotes=;flags=;id=b7c22fa8-48af-472f-abde-7df0fd8932aa;mod=0;room-id=443063688;subscriber=0;tmi-sent-ts=1562544156729;turbo=0;user-id=38479494;user-type= :jean__!jean__@jean__.tmi.twitch.tv PRIVMSG #beringelamilgrau :A cada 10 minutos peepoSmart
2019-07-07 9:02:37 PM: botfumante - Received: @badge-info=;badges=moderator/1,partner/1;color=#7C7CE1;display-name=Nightbot;emotes=;flags=;id=9d22d9c1-1ac0-44cc-a772-1a8b94c4a3b9;mod=1;room-id=443063688;subscriber=0;tmi-sent-ts=1562544156639;turbo=0;user-id=19264788;user-type=mod :nightbot!nightbot@nightbot.tmi.twitch.tv PRIVMSG #beringelamilgrau :O beringelamilgrau n?o compactua com as opini?es dos participantes, nem com a desse chat. peepoEggplant
2019-07-07 9:03:06 PM: botfumante - Received: @badge-info=;badges=bits-charity/1;color=#1E90FF;display-name=Jean__;emotes=;flags=;id=488d14a4-9863-4f0f-80ff-9f9dadfbab99;mod=0;room-id=443063688;subscriber=0;tmi-sent-ts=1562544185970;turbo=0;user-id=38479494;user-type= :jean__!jean__@jean__.tmi.twitch.tv PRIVMSG #beringelamilgrau :A cada meia hora
2019-07-07 9:03:11 PM: botfumante - Received: @badge-info=;badges=;color=#008000;display-name=Hisaagi;emotes=;flags=39-45:;id=87882463-e5e0-48e4-bdbe-b887030c363d;mod=0;room-id=443063688;subscriber=0;tmi-sent-ts=1562544190917;turbo=0;user-id=137774469;user-type= :hisaagi!hisaagi@hisaagi.tmi.twitch.tv PRIVMSG #beringelamilgrau :converter o dinheiro doado ao canal em cigarro gift FeelsOkayMan
2019-07-07 9:03:38 PM: botfumante - Received: :michelle_rezende!michelle_rezende@michelle_rezende.tmi.twitch.tv JOIN #beringelamilgrau
2019-07-07 9:03:38 PM: botfumante - Received: :djzrcgih!djzrcgih@djzrcgih.tmi.twitch.tv PART #beringelamilgrau
2019-07-07 9:03:45 PM: botfumante - Received: @badge-info=;badges=;color=#FF69B4;display-name=rbruno018;emotes=;flags=;id=da34e933-d9ab-4167-88b9-dec0ad5d310c;mod=0;room-id=443063688;subscriber=0;tmi-sent-ts=1562544224974;turbo=0;user-id=216448313;user-type= :rbruno018!rbruno018@rbruno018.tmi.twitch.tv PRIVMSG #beringelamilgrau :o nome dos sub sao os buffeiros peepoSmoke
2019-07-07 9:04:02 PM: botfumante - Received: @badge-info=;badges=moderator/1,overwatch-league-insider_2019A/1;color=#FF0000;display-name=themalkavianx;emotes=;flags=;id=0180787a-d636-4e30-88a8-85c55dad611e;mod=1;room-id=443063688;subscriber=0;tmi-sent-ts=1562544241745;turbo=0;user-id=5650408;user-type=mod :themalkavianx!themalkavianx@themalkavianx.tmi.twitch.tv PRIVMSG #beringelamilgrau :!curadoria
2019-07-07 9:04:02 PM: botfumante - Received: @badge-info=;badges=moderator/1,partner/1;color=#7C7CE1;display-name=Nightbot;emotes=;flags=8-55:;id=cc7cbfec-783f-46e6-8038-ecaa6b61a58c;mod=1;room-id=443063688;subscriber=0;tmi-sent-ts=1562544241955;turbo=0;user-id=19264788;user-type=mod :nightbot!nightbot@nightbot.tmi.twitch.tv PRIVMSG #beringelamilgrau :a maior https://store.steampowered.com/curator/35265043/ PepeLaugh
2019-07-07 9:04:46 PM: botfumante - Received: :tonyxzero!tonyxzero@tonyxzero.tmi.twitch.tv PART #beringelamilgrau
2019-07-07 9:05:14 PM: botfumante - Received: PING :tmi.twitch.tv
2019-07-07 9:05:14 PM: botfumante - Writing: PONG
2019-07-07 9:05:49 PM: botfumante - Received: :tonyxzero!tonyxzero@tonyxzero.tmi.twitch.tv JOIN #beringelamilgrau
2019-07-07 9:05:51 PM: botfumante - Received: @badge-info=;badges=;color=#FF69B4;display-name=rbruno018;emotes=;flags=;id=d9aa1a3b-7696-44d4-ba93-7ba5640627af;mod=0;room-id=443063688;subscriber=0;tmi-sent-ts=1562544351353;turbo=0;user-id=216448313;user-type= :rbruno018!rbruno018@rbruno018.tmi.twitch.tv PRIVMSG #beringelamilgrau :FeelsMan
2019-07-07 9:05:57 PM: botfumante - Received: @badge-info=;badges=moderator/1,premium/1;color=#DAA520;display-name=BiraVG;emotes=;flags=;id=8998740f-a3ea-48a6-ba25-26b46769416d;mod=1;room-id=443063688;subscriber=0;tmi-sent-ts=1562544357347;turbo=0;user-id=66834839;user-type=mod :biravg!biravg@biravg.tmi.twitch.tv PRIVMSG #beringelamilgrau :monkaHmm
2019-07-07 9:06:21 PM: botfumante - Received: @badge-info=;badges=moderator/1,overwatch-league-insider_2019A/1;color=#FF0000;display-name=themalkavianx;emotes=;flags=;id=ffbab95a-0a32-4d41-8a03-c99bf08a4153;mod=1;room-id=443063688;subscriber=0;tmi-sent-ts=1562544380927;turbo=0;user-id=5650408;user-type=mod :themalkavianx!themalkavianx@themalkavianx.tmi.twitch.tv PRIVMSG #beringelamilgrau :cu de curioso PepeLaugh
2019-07-07 9:06:21 PM: botfumante - Received: @badge-info=;badges=moderator/1,overwatch-league-insider_2019A/1;color=#FF0000;display-name=themalkavianx;emotes=;flags=;id=8ea46b22-6311-4868-a31c-229e1f1ffa42;mod=1;room-id=443063688;subscriber=0;tmi-sent-ts=1562544381068;turbo=0;user-id=5650408;user-type=mod :themalkavianx!themalkavianx@themalkavianx.tmi.twitch.tv PRIVMSG #beringelamilgrau :+
2019-07-07 9:06:33 PM: botfumante - Received: @badge-info=;badges=;color=#008000;display-name=Hisaagi;emotes=;flags=;id=b94f1cb6-6296-427e-bd2d-fa748d153db4;mod=0;room-id=443063688;subscriber=0;tmi-sent-ts=1562544393341;turbo=0;user-id=137774469;user-type= :hisaagi!hisaagi@hisaagi.tmi.twitch.tv PRIVMSG #beringelamilgrau :t? comendo todas as carnes do mundo
2019-07-07 9:06:58 PM: botfumante - Received: :leonardo9834luis!leonardo9834luis@leonardo9834luis.tmi.twitch.tv JOIN #beringelamilgrau
