8/23/2019 1:03:08 AM: bot_stay_high - Connecting to: wss://irc-ws.chat.twitch.tv:443
8/23/2019 1:03:09 AM: bot_stay_high - Should be connected!
8/23/2019 1:03:09 AM: bot_stay_high - Joining channel: beringelamilgrau
8/23/2019 1:03:09 AM: bot_stay_high - Received: :tmi.twitch.tv 001 bot_stay_high :Welcome, GLHF!
8/23/2019 1:03:10 AM: bot_stay_high - Received: :tmi.twitch.tv 002 bot_stay_high :Your host is tmi.twitch.tv
8/23/2019 1:03:10 AM: bot_stay_high - Received: :tmi.twitch.tv 003 bot_stay_high :This server is rather new
8/23/2019 1:03:10 AM: bot_stay_high - Received: :tmi.twitch.tv 004 bot_stay_high :-
8/23/2019 1:03:10 AM: bot_stay_high - Received: :tmi.twitch.tv 375 bot_stay_high :-
8/23/2019 1:03:10 AM: bot_stay_high - Received: :tmi.twitch.tv 372 bot_stay_high :You are in a maze of twisty passages, all alike.
8/23/2019 1:03:10 AM: bot_stay_high - Received: :tmi.twitch.tv 376 bot_stay_high :>
8/23/2019 1:03:10 AM: bot_stay_high - Received: :tmi.twitch.tv CAP * ACK :twitch.tv/membership
8/23/2019 1:03:10 AM: bot_stay_high - Unaccounted for: :tmi.twitch.tv CAP * ACK :twitch.tv/membership
8/23/2019 1:03:10 AM: bot_stay_high - Received: :tmi.twitch.tv CAP * ACK :twitch.tv/commands
8/23/2019 1:03:10 AM: bot_stay_high - Unaccounted for: :tmi.twitch.tv CAP * ACK :twitch.tv/commands
8/23/2019 1:03:10 AM: bot_stay_high - Received: :tmi.twitch.tv CAP * ACK :twitch.tv/tags
8/23/2019 1:03:10 AM: bot_stay_high - Unaccounted for: :tmi.twitch.tv CAP * ACK :twitch.tv/tags
8/23/2019 1:03:10 AM: bot_stay_high - Received: :bot_stay_high!bot_stay_high@bot_stay_high.tmi.twitch.tv JOIN #beringelamilgrau
8/23/2019 1:03:10 AM: bot_stay_high - Received: :bot_stay_high.tmi.twitch.tv 353 bot_stay_high = #beringelamilgrau :montee_waffle beringelamilgrau rbruno018 streamlabs s1faka don_torelli joseantonio001 lucaesan jean__ electricallongboard ddanniell commanderroot lurxx rafael_870 gabrigode hostmeraffle winsock
8/23/2019 1:03:10 AM: bot_stay_high - Received: :bot_stay_high.tmi.twitch.tv 353 bot_stay_high = #beringelamilgrau :bot_stay_high
8/23/2019 1:03:10 AM: bot_stay_high - Received: :bot_stay_high.tmi.twitch.tv 366 bot_stay_high #beringelamilgrau :End of /NAMES list
8/23/2019 1:03:10 AM: bot_stay_high - Finished channel joining queue.
8/23/2019 1:03:10 AM: bot_stay_high - Received: @badge-info=;badges=;color=;display-name=bot_stay_high;emote-sets=0;mod=0;subscriber=0;user-type= :tmi.twitch.tv USERSTATE #beringelamilgrau
8/23/2019 1:03:10 AM: bot_stay_high - Received: @emote-only=0;followers-only=-1;r9k=0;rituals=0;room-id=443063688;slow=0;subs-only=0 :tmi.twitch.tv ROOMSTATE #beringelamilgrau
8/23/2019 1:03:10 AM: bot_stay_high - Finished channel joining queue.
8/23/2019 1:03:12 AM: bot_stay_high - Received: @badge-info=subscriber/2;badges=vip/1,subscriber/0,bits-charity/1;color=#5F9EA0;display-name=Jean__;emotes=;flags=;id=eb732e2d-1478-4970-9fab-15df5df2f58e;mod=0;room-id=443063688;subscriber=1;tmi-sent-ts=1566532992331;turbo=0;user-id=38479494;user-type= :jean__!jean__@jean__.tmi.twitch.tv PRIVMSG #beringelamilgrau :FeelsMan
8/23/2019 1:03:17 AM: bot_stay_high - Received: @badge-info=subscriber/2;badges=vip/1,subscriber/0,bits-charity/1;color=#5F9EA0;display-name=Jean__;emotes=;flags=;id=bfb1bdf9-60ae-4c23-a705-c71eb2008d17;mod=0;room-id=443063688;subscriber=1;tmi-sent-ts=1566532996786;turbo=0;user-id=38479494;user-type= :jean__!jean__@jean__.tmi.twitch.tv PRIVMSG #beringelamilgrau :!price maria renata
8/23/2019 1:03:21 AM: bot_stay_high - Received: @badge-info=;badges=;color=;display-name=bot_stay_high;emote-sets=0;mod=0;subscriber=0;user-type= :tmi.twitch.tv USERSTATE #beringelamilgrau
8/23/2019 1:03:34 AM: bot_stay_high - Received: @badge-info=;badges=vip/1;color=#FF69B4;display-name=rbruno018;emotes=;flags=;id=11842814-d4d8-4dd8-a19a-3d4f34933344;mod=0;room-id=443063688;subscriber=0;tmi-sent-ts=1566533013706;turbo=0;user-id=216448313;user-type= :rbruno018!rbruno018@rbruno018.tmi.twitch.tv PRIVMSG #beringelamilgrau :OMEGALUL
8/23/2019 1:04:08 AM: bot_stay_high - Received: @badge-info=subscriber/2;badges=vip/1,subscriber/0,bits-charity/1;color=#5F9EA0;display-name=Jean__;emotes=;flags=;id=0e9bc581-9515-49cd-84d7-1ac1545b670e;mod=0;room-id=443063688;subscriber=1;tmi-sent-ts=1566533048340;turbo=0;user-id=38479494;user-type= :jean__!jean__@jean__.tmi.twitch.tv PRIVMSG #beringelamilgrau :esta se acostumando ao fuso sulista FeelsOkayMan
8/23/2019 1:04:20 AM: bot_stay_high - Received: @badge-info=;badges=;color=;display-name=joseantonio001;emotes=;flags=175-184:;id=7223bd61-25f1-4188-a682-e2305d4d8d42;mod=0;room-id=443063688;subscriber=0;tmi-sent-ts=1566533059980;turbo=0;user-id=157525923;user-type= :joseantonio001!joseantonio001@joseantonio001.tmi.twitch.tv PRIVMSG #beringelamilgrau :witch Lifts Ban On Senran Kagura: Estival Versus Streams. One Angry Gamer. A few days ago it was reported that Senran kagura: Estival Versus was banned from being streamed on Twitch.tv. ... Senran Kagura: Estival Versus is permitted for streaming, but you still must adhere to our Rules of Conduct when doing so.10 de abr de 2015
8/23/2019 1:04:22 AM: bot_stay_high - Received: @badge-info=;badges=vip/1;color=#FF69B4;display-name=rbruno018;emotes=;flags=;id=626a33e5-96cc-4b44-8789-d96754b01b0f;mod=0;room-id=443063688;subscriber=0;tmi-sent-ts=1566533062382;turbo=0;user-id=216448313;user-type= :rbruno018!rbruno018@rbruno018.tmi.twitch.tv PRIVMSG #beringelamilgrau :quase comprei na summer sales FeelsMan
8/23/2019 1:04:28 AM: bot_stay_high - Received: @badge-info=;badges=moderator/1;color=#FF9600;display-name=ddanniell;emotes=;flags=0-49:;id=958cbbf7-60b4-4808-aeb9-3b1796976ca1;mod=1;room-id=443063688;subscriber=0;tmi-sent-ts=1566533068289;turbo=0;user-id=36163282;user-type=mod :ddanniell!ddanniell@ddanniell.tmi.twitch.tv PRIVMSG #beringelamilgrau :https://store.steampowered.com/app/814540/Changed/
8/23/2019 1:04:46 AM: bot_stay_high - Received: @badge-info=;badges=;color=;display-name=joseantonio001;emotes=;flags=;id=1e579062-0cd0-42a9-9279-6a972ff596e0;mod=0;room-id=443063688;subscriber=0;tmi-sent-ts=1566533085573;turbo=0;user-id=157525923;user-type= :joseantonio001!joseantonio001@joseantonio001.tmi.twitch.tv PRIVMSG #beringelamilgrau :CELESTE ta free aonde ?
8/23/2019 1:04:57 AM: bot_stay_high - Received: @badge-info=;badges=vip/1;color=#FF69B4;display-name=rbruno018;emotes=;flags=;id=500f734f-8f1f-494f-ae3b-4022498aaaaf;mod=0;room-id=443063688;subscriber=0;tmi-sent-ts=1566533096707;turbo=0;user-id=216448313;user-type= :rbruno018!rbruno018@rbruno018.tmi.twitch.tv PRIVMSG #beringelamilgrau :epic
8/23/2019 1:05:00 AM: bot_stay_high - Received: @badge-info=;badges=vip/1;color=#FF69B4;display-name=rbruno018;emotes=;flags=;id=0873f521-394e-4a59-885a-6390db94d5bb;mod=0;room-id=443063688;subscriber=0;tmi-sent-ts=1566533100149;turbo=0;user-id=216448313;user-type= :rbruno018!rbruno018@rbruno018.tmi.twitch.tv PRIVMSG #beringelamilgrau :semana que vem
8/23/2019 1:05:15 AM: bot_stay_high - Received: @badge-info=;badges=vip/1;color=#FF69B4;display-name=rbruno018;emotes=;flags=;id=a57d6d00-4bb3-4d26-b218-c3b4c08a6ac0;mod=0;room-id=443063688;subscriber=0;tmi-sent-ts=1566533114802;turbo=0;user-id=216448313;user-type= :rbruno018!rbruno018@rbruno018.tmi.twitch.tv PRIVMSG #beringelamilgrau :e inside
8/23/2019 1:05:18 AM: bot_stay_high - Received: @badge-info=;badges=vip/1;color=#FF69B4;display-name=rbruno018;emotes=;flags=;id=b9a00810-be81-4d6c-9c8c-4c00a19c680f;mod=0;room-id=443063688;subscriber=0;tmi-sent-ts=1566533118030;turbo=0;user-id=216448313;user-type= :rbruno018!rbruno018@rbruno018.tmi.twitch.tv PRIVMSG #beringelamilgrau :bonzao tb
8/23/2019 1:07:28 AM: bot_stay_high - Received: PING :tmi.twitch.tv
8/23/2019 1:07:28 AM: bot_stay_high - Writing: PONG
8/23/2019 1:08:10 AM: bot_stay_high - Received: @badge-info=;badges=premium/1;color=#3AC6D0;display-name=Gabrigode;emotes=;flags=;id=15f2523c-4f56-4e91-8e54-073411932f91;mod=0;room-id=443063688;subscriber=0;tmi-sent-ts=1566533290006;turbo=0;user-id=125402779;user-type= :gabrigode!gabrigode@gabrigode.tmi.twitch.tv PRIVMSG #beringelamilgrau :Inside nem ? bom FeelsOkayMan
8/23/2019 1:08:19 AM: bot_stay_high - Received: @badge-info=;badges=;color=;display-name=joseantonio001;emotes=;flags=;id=c408ceab-22b0-47b2-b458-3b1c3fcd0ec8;mod=0;room-id=443063688;subscriber=0;tmi-sent-ts=1566533299385;turbo=0;user-id=157525923;user-type= :joseantonio001!joseantonio001@joseantonio001.tmi.twitch.tv PRIVMSG #beringelamilgrau :celeste e muito ruim
8/23/2019 1:08:54 AM: bot_stay_high - Received: @badge-info=;badges=;color=;display-name=joseantonio001;emotes=;flags=62-69:P.6;id=79c0969a-6f10-49a0-9724-461d0e660e1e;mod=0;room-id=443063688;subscriber=0;tmi-sent-ts=1566533334317;turbo=0;user-id=157525923;user-type= :joseantonio001!joseantonio001@joseantonio001.tmi.twitch.tv PRIVMSG #beringelamilgrau :q game bom suba a montanha pra recupera a memoria e GAME RUIM da porra
8/23/2019 1:09:19 AM: bot_stay_high - Received: @badge-info=;badges=vip/1;color=#FF69B4;display-name=rbruno018;emotes=;flags=;id=93b6041d-93c3-462a-b364-b0512da3e8f9;mod=0;room-id=443063688;subscriber=0;tmi-sent-ts=1566533359244;turbo=0;user-id=216448313;user-type= :rbruno018!rbruno018@rbruno018.tmi.twitch.tv PRIVMSG #beringelamilgrau :queria jogar esse rebel galaxy
8/23/2019 1:09:24 AM: bot_stay_high - Received: @badge-info=;badges=vip/1;color=#FF69B4;display-name=rbruno018;emotes=;flags=;id=25fea5ac-d9da-414e-b59f-e2f6bb998c4c;mod=0;room-id=443063688;subscriber=0;tmi-sent-ts=1566533363607;turbo=0;user-id=216448313;user-type= :rbruno018!rbruno018@rbruno018.tmi.twitch.tv PRIVMSG #beringelamilgrau :mas ingles da nao
8/23/2019 1:09:40 AM: bot_stay_high - Received: :hostmeraffle!hostmeraffle@hostmeraffle.tmi.twitch.tv PART #beringelamilgrau
8/23/2019 1:09:40 AM: bot_stay_high - Received: :s1faka!s1faka@s1faka.tmi.twitch.tv PART #beringelamilgrau
8/23/2019 1:09:52 AM: bot_stay_high - Received: @badge-info=;badges=vip/1;color=#FF69B4;display-name=rbruno018;emotes=;flags=;id=a4793815-96b6-49d0-8438-d9c235144fb5;mod=0;room-id=443063688;subscriber=0;tmi-sent-ts=1566533391586;turbo=0;user-id=216448313;user-type= :rbruno018!rbruno018@rbruno018.tmi.twitch.tv PRIVMSG #beringelamilgrau :celeste ? bom demais
8/23/2019 1:10:01 AM: bot_stay_high - Received: @badge-info=;badges=;color=;display-name=joseantonio001;emotes=;flags=;id=87f3eea5-5107-46fa-bbf9-5bdf29029450;mod=0;room-id=443063688;subscriber=0;tmi-sent-ts=1566533401243;turbo=0;user-id=157525923;user-type= :joseantonio001!joseantonio001@joseantonio001.tmi.twitch.tv PRIVMSG #beringelamilgrau :MONTEE se vc for joga assim desabilita um chat pq ta DUPLICADO
8/23/2019 1:10:04 AM: bot_stay_high - Received: @badge-info=;badges=vip/1;color=#FF69B4;display-name=rbruno018;emotes=;flags=;id=3d3c4830-d7ee-40e7-8063-3464d2636c09;mod=0;room-id=443063688;subscriber=0;tmi-sent-ts=1566533404364;turbo=0;user-id=216448313;user-type= :rbruno018!rbruno018@rbruno018.tmi.twitch.tv PRIVMSG #beringelamilgrau :quase quebrei o controle mas de boa
8/23/2019 1:10:33 AM: bot_stay_high - Received: @badge-info=;badges=premium/1;color=#3AC6D0;display-name=Gabrigode;emotes=;flags=;id=94a4e9b5-08fd-4322-b776-9266fba31a33;mod=0;room-id=443063688;subscriber=0;tmi-sent-ts=1566533432998;turbo=0;user-id=125402779;user-type= :gabrigode!gabrigode@gabrigode.tmi.twitch.tv PRIVMSG #beringelamilgrau :RIP Daniel FeelsMan
8/23/2019 1:10:37 AM: bot_stay_high - Received: :rbruno018!rbruno018@rbruno018.tmi.twitch.tv PART #beringelamilgrau
8/23/2019 1:10:38 AM: bot_stay_high - Received: @badge-info=subscriber/2;badges=vip/1,subscriber/0,bits-charity/1;color=#5F9EA0;display-name=Jean__;emotes=;flags=;id=29ee1da4-1afc-4f90-ae85-44920417a76b;mod=0;room-id=443063688;subscriber=1;tmi-sent-ts=1566533437961;turbo=0;user-id=38479494;user-type= :jean__!jean__@jean__.tmi.twitch.tv PRIVMSG #beringelamilgrau :!price minecraft
8/23/2019 1:10:40 AM: bot_stay_high - Received: @badge-info=;badges=;color=;display-name=bot_stay_high;emote-sets=0;mod=0;subscriber=0;user-type= :tmi.twitch.tv USERSTATE #beringelamilgrau
8/23/2019 1:10:45 AM: bot_stay_high - Received: @badge-info=subscriber/2;badges=vip/1,subscriber/0,bits-charity/1;color=#5F9EA0;display-name=Jean__;emotes=;flags=;id=b402c5e4-d27d-402e-921b-81e79baf1cb0;mod=0;room-id=443063688;subscriber=1;tmi-sent-ts=1566533445182;turbo=0;user-id=38479494;user-type= :jean__!jean__@jean__.tmi.twitch.tv PRIVMSG #beringelamilgrau :FeelsMan
8/23/2019 1:11:33 AM: bot_stay_high - Received: @badge-info=subscriber/2;badges=vip/1,subscriber/0,bits-charity/1;color=#5F9EA0;display-name=Jean__;emotes=;flags=;id=470cd88b-326c-4520-a9af-3f54eb46d8fc;mod=0;room-id=443063688;subscriber=1;tmi-sent-ts=1566533493061;turbo=0;user-id=38479494;user-type= :jean__!jean__@jean__.tmi.twitch.tv PRIVMSG #beringelamilgrau :1:09astaroft: Totoro vc consegue fazer for?a com o P sem piscar o C ?
8/23/2019 1:11:34 AM: bot_stay_high - Received: @badge-info=;badges=premium/1;color=#3AC6D0;display-name=Gabrigode;emotes=;flags=;id=b281c073-ebdb-495d-98f7-d1d08d195a7b;mod=0;room-id=443063688;subscriber=0;tmi-sent-ts=1566533494431;turbo=0;user-id=125402779;user-type= :gabrigode!gabrigode@gabrigode.tmi.twitch.tv PRIVMSG #beringelamilgrau :!price Roblox
8/23/2019 1:11:36 AM: bot_stay_high - Received: @badge-info=subscriber/2;badges=vip/1,subscriber/0,bits-charity/1;color=#5F9EA0;display-name=Jean__;emotes=;flags=;id=a2420f01-4a9a-4e13-b0d9-a9fbd22f3cbd;mod=0;room-id=443063688;subscriber=1;tmi-sent-ts=1566533495745;turbo=0;user-id=38479494;user-type= :jean__!jean__@jean__.tmi.twitch.tv PRIVMSG #beringelamilgrau :FeelsMan
8/23/2019 1:11:36 AM: bot_stay_high - Received: @badge-info=;badges=;color=;display-name=bot_stay_high;emote-sets=0;mod=0;subscriber=0;user-type= :tmi.twitch.tv USERSTATE #beringelamilgrau
8/23/2019 1:11:40 AM: bot_stay_high - Received: @badge-info=;badges=;color=;display-name=joseantonio001;emotes=;flags=;id=c9991795-855b-40d1-9f87-8b7fa7fc9906;mod=0;room-id=443063688;subscriber=0;tmi-sent-ts=1566533500396;turbo=0;user-id=157525923;user-type= :joseantonio001!joseantonio001@joseantonio001.tmi.twitch.tv PRIVMSG #beringelamilgrau :roblox e free
8/23/2019 1:11:42 AM: bot_stay_high - Received: @badge-info=subscriber/2;badges=vip/1,subscriber/0,bits-charity/1;color=#5F9EA0;display-name=Jean__;emotes=;flags=;id=8ede911f-ba2f-438d-8fd8-f7772cae0840;mod=0;room-id=443063688;subscriber=1;tmi-sent-ts=1566533501706;turbo=0;user-id=38479494;user-type= :jean__!jean__@jean__.tmi.twitch.tv PRIVMSG #beringelamilgrau :ConcernFroge
8/23/2019 1:11:45 AM: bot_stay_high - Received: @badge-info=;badges=premium/1;color=#3AC6D0;display-name=Gabrigode;emotes=;flags=;id=200df1f9-6ddb-4ab9-b283-b5ae0150539a;mod=0;room-id=443063688;subscriber=0;tmi-sent-ts=1566533505333;turbo=0;user-id=125402779;user-type= :gabrigode!gabrigode@gabrigode.tmi.twitch.tv PRIVMSG #beringelamilgrau :tudo retorna GTA V FeelsOkayMan
8/23/2019 1:11:46 AM: bot_stay_high - Received: :rbruno018!rbruno018@rbruno018.tmi.twitch.tv JOIN #beringelamilgrau
8/23/2019 1:11:46 AM: bot_stay_high - Received: :s1faka!s1faka@s1faka.tmi.twitch.tv JOIN #beringelamilgrau
8/23/2019 1:11:46 AM: bot_stay_high - Received: :hostmeraffle!hostmeraffle@hostmeraffle.tmi.twitch.tv JOIN #beringelamilgrau
8/23/2019 1:12:02 AM: bot_stay_high - Received: @badge-info=subscriber/2;badges=broadcaster/1,subscriber/0;color=#8A2BE2;display-name=BeringelaMilGrau;emotes=;flags=;id=864da0ce-7dde-48c0-87a4-7415ae04c13b;mod=0;room-id=443063688;subscriber=1;tmi-sent-ts=1566533522473;turbo=0;user-id=443063688;user-type= :beringelamilgrau!beringelamilgrau@beringelamilgrau.tmi.twitch.tv PRIVMSG #beringelamilgrau :ConcernFroge
8/23/2019 1:12:05 AM: bot_stay_high - Received: @badge-info=;badges=moderator/1;color=#FF9600;display-name=ddanniell;emotes=;flags=;id=50b4da90-a382-4d1e-8f38-fe320578a54a;mod=1;room-id=443063688;subscriber=0;tmi-sent-ts=1566533525430;turbo=0;user-id=36163282;user-type=mod :ddanniell!ddanniell@ddanniell.tmi.twitch.tv PRIVMSG #beringelamilgrau :pppppppppppppppppppp
8/23/2019 1:12:20 AM: bot_stay_high - Received: PING :tmi.twitch.tv
8/23/2019 1:12:20 AM: bot_stay_high - Writing: PONG
8/23/2019 1:12:21 AM: bot_stay_high - Received: @badge-info=subscriber/2;badges=vip/1,subscriber/0,bits-charity/1;color=#5F9EA0;display-name=Jean__;emotes=;flags=;id=db20d16f-98ef-42bc-a54f-95fcd279fb9f;mod=0;room-id=443063688;subscriber=1;tmi-sent-ts=1566533541483;turbo=0;user-id=38479494;user-type= :jean__!jean__@jean__.tmi.twitch.tv PRIVMSG #beringelamilgrau :? sobre isso o assunto no totoro FeelsMan
8/23/2019 1:12:30 AM: bot_stay_high - Received: @badge-info=;badges=;color=;display-name=joseantonio001;emotes=;flags=;id=4e0dcd10-3ba8-479a-bab5-18f062b397ab;mod=0;room-id=443063688;subscriber=0;tmi-sent-ts=1566533550085;turbo=0;user-id=157525923;user-type= :joseantonio001!joseantonio001@joseantonio001.tmi.twitch.tv PRIVMSG #beringelamilgrau :o cara luta com ropa de motokero
8/23/2019 1:13:50 AM: bot_stay_high - Received: @badge-info=;badges=;color=;display-name=joseantonio001;emotes=88:22-29;flags=;id=0eb77101-7f12-455a-b647-12d21c4c14e1;mod=0;room-id=443063688;subscriber=0;tmi-sent-ts=1566533630301;turbo=0;user-id=157525923;user-type= :joseantonio001!joseantonio001@joseantonio001.tmi.twitch.tv PRIVMSG #beringelamilgrau :arcare de bar pe sujo PogChamp
8/23/2019 1:13:55 AM: bot_stay_high - Received: @badge-info=;badges=;color=;display-name=joseantonio001;emotes=;flags=;id=1bbd1fb6-fcc5-4242-b203-333009d20cbd;mod=0;room-id=443063688;subscriber=0;tmi-sent-ts=1566533635114;turbo=0;user-id=157525923;user-type= :joseantonio001!joseantonio001@joseantonio001.tmi.twitch.tv PRIVMSG #beringelamilgrau :arcade
8/23/2019 1:15:19 AM: bot_stay_high - Received: @badge-info=;badges=vip/1;color=#FF69B4;display-name=rbruno018;emotes=;flags=;id=d0411741-edcf-4e58-a960-db5f7c048a14;mod=0;room-id=443063688;subscriber=0;tmi-sent-ts=1566533718563;turbo=0;user-id=216448313;user-type= :rbruno018!rbruno018@rbruno018.tmi.twitch.tv PRIVMSG #beringelamilgrau :baixa subnautica ae
8/23/2019 1:15:29 AM: bot_stay_high - Received: @badge-info=;badges=;color=;display-name=joseantonio001;emotes=;flags=0-4:S.6;id=72643c7c-63d4-47ee-908c-fc441e3d2a28;mod=0;room-id=443063688;subscriber=0;tmi-sent-ts=1566533728898;turbo=0;user-id=157525923;user-type= :joseantonio001!joseantonio001@joseantonio001.tmi.twitch.tv PRIVMSG #beringelamilgrau :pikas online
8/23/2019 1:15:37 AM: bot_stay_high - Received: @badge-info=;badges=vip/1;color=#FF69B4;display-name=rbruno018;emotes=;flags=;id=257b5aed-91a1-486c-be49-0046470d80c7;mod=0;room-id=443063688;subscriber=0;tmi-sent-ts=1566533737525;turbo=0;user-id=216448313;user-type= :rbruno018!rbruno018@rbruno018.tmi.twitch.tv PRIVMSG #beringelamilgrau :to querendo baixar mas to com medo
8/23/2019 1:16:09 AM: bot_stay_high - Received: @badge-info=;badges=vip/1;color=#FF69B4;display-name=rbruno018;emotes=;flags=29-39:P.5;id=7feef12f-6658-4ff8-801d-209abefde5ad;mod=0;room-id=443063688;subscriber=0;tmi-sent-ts=1566533769133;turbo=0;user-id=216448313;user-type= :rbruno018!rbruno018@rbruno018.tmi.twitch.tv PRIVMSG #beringelamilgrau :ta maluco subnautica da medo pra caralho
8/23/2019 1:16:53 AM: bot_stay_high - Received: PING :tmi.twitch.tv
8/23/2019 1:16:53 AM: bot_stay_high - Writing: PONG
8/23/2019 1:17:33 AM: bot_stay_high - Received: @badge-info=;badges=;color=;display-name=joseantonio001;emotes=;flags=0-8:A.0/P.6/S.6;id=30ae958e-63ed-4d4e-b532-99e714cbfab0;mod=0;room-id=443063688;subscriber=0;tmi-sent-ts=1566533853425;turbo=0;user-id=157525923;user-type= :joseantonio001!joseantonio001@joseantonio001.tmi.twitch.tv PRIVMSG #beringelamilgrau :PAU no cu do Subnautica ara pra ser multiplayer e ta single
8/23/2019 1:18:42 AM: bot_stay_high - Received: @badge-info=;badges=vip/1;color=#FF69B4;display-name=rbruno018;emotes=;flags=;id=02ac14c7-1790-46a2-a930-619581a7ce14;mod=0;room-id=443063688;subscriber=0;tmi-sent-ts=1566533921656;turbo=0;user-id=216448313;user-type= :rbruno018!rbruno018@rbruno018.tmi.twitch.tv PRIVMSG #beringelamilgrau :multiplay do subnautica ia ser de boa jogar
8/23/2019 1:19:21 AM: bot_stay_high - Received: @badge-info=subscriber/2;badges=vip/1,subscriber/0,bits-charity/1;color=#5F9EA0;display-name=Jean__;emotes=;flags=;id=0131139c-708e-4f43-8030-4c78610655d4;mod=0;room-id=443063688;subscriber=1;tmi-sent-ts=1566533960986;turbo=0;user-id=38479494;user-type= :jean__!jean__@jean__.tmi.twitch.tv PRIVMSG #beringelamilgrau :!price red dead redemption
8/23/2019 1:19:23 AM: bot_stay_high - Received: @badge-info=;badges=;color=;display-name=bot_stay_high;emote-sets=0;mod=0;subscriber=0;user-type= :tmi.twitch.tv USERSTATE #beringelamilgrau
8/23/2019 1:19:27 AM: bot_stay_high - Received: :gladosxcake!gladosxcake@gladosxcake.tmi.twitch.tv JOIN #beringelamilgrau
8/23/2019 1:19:27 AM: bot_stay_high - Received: :hostmeraffle!hostmeraffle@hostmeraffle.tmi.twitch.tv PART #beringelamilgrau
8/23/2019 1:19:27 AM: bot_stay_high - Received: :s1faka!s1faka@s1faka.tmi.twitch.tv PART #beringelamilgrau
8/23/2019 1:19:29 AM: bot_stay_high - Received: @badge-info=subscriber/2;badges=vip/1,subscriber/0,bits-charity/1;color=#5F9EA0;display-name=Jean__;emotes=;flags=;id=84b007c1-789c-4bee-b063-5cb0bad73e8c;mod=0;room-id=443063688;subscriber=1;tmi-sent-ts=1566533969075;turbo=0;user-id=38479494;user-type= :jean__!jean__@jean__.tmi.twitch.tv PRIVMSG #beringelamilgrau :monkaHmm
8/23/2019 1:19:58 AM: bot_stay_high - Received: @badge-info=;badges=;color=;display-name=joseantonio001;emotes=;flags=;id=b4443d5f-f200-474a-9156-1f7dadba5e5d;mod=0;room-id=443063688;subscriber=0;tmi-sent-ts=1566533998321;turbo=0;user-id=157525923;user-type= :joseantonio001!joseantonio001@joseantonio001.tmi.twitch.tv PRIVMSG #beringelamilgrau :!price amazonia
8/23/2019 1:20:00 AM: bot_stay_high - Received: @badge-info=;badges=;color=;display-name=bot_stay_high;emote-sets=0;mod=0;subscriber=0;user-type= :tmi.twitch.tv USERSTATE #beringelamilgrau
8/23/2019 1:20:06 AM: bot_stay_high - Received: @badge-info=;badges=;color=;display-name=joseantonio001;emotes=425618:0-2,4-6;flags=;id=e57d556e-9ecf-402e-a0d5-ac42799cc5f2;mod=0;room-id=443063688;subscriber=0;tmi-sent-ts=1566534006200;turbo=0;user-id=157525923;user-type= :joseantonio001!joseantonio001@joseantonio001.tmi.twitch.tv PRIVMSG #beringelamilgrau :LUL LUL LU
8/23/2019 1:20:18 AM: bot_stay_high - Received: @badge-info=subscriber/2;badges=vip/1,subscriber/0,bits-charity/1;color=#5F9EA0;display-name=Jean__;emotes=;flags=;id=d825e6b8-65f9-4fe7-9b67-cb4039d856f9;mod=0;room-id=443063688;subscriber=1;tmi-sent-ts=1566534017587;turbo=0;user-id=38479494;user-type= :jean__!jean__@jean__.tmi.twitch.tv PRIVMSG #beringelamilgrau :green hell ? na amazonia FeelsMan
8/23/2019 1:20:21 AM: bot_stay_high - Received: @badge-info=;badges=;color=;display-name=joseantonio001;emotes=;flags=;id=899deb7d-c8ee-4c1e-be04-c4817481eba3;mod=0;room-id=443063688;subscriber=0;tmi-sent-ts=1566534021355;turbo=0;user-id=157525923;user-type= :joseantonio001!joseantonio001@joseantonio001.tmi.twitch.tv PRIVMSG #beringelamilgrau :REALISMO
8/23/2019 1:20:23 AM: bot_stay_high - Received: @badge-info=;badges=vip/1;color=#FF69B4;display-name=rbruno018;emotes=;flags=;id=9d86b259-c23a-4474-8d2e-531e0ae22338;mod=0;room-id=443063688;subscriber=0;tmi-sent-ts=1566534022862;turbo=0;user-id=216448313;user-type= :rbruno018!rbruno018@rbruno018.tmi.twitch.tv PRIVMSG #beringelamilgrau :FeelsOkayMan
8/23/2019 1:20:29 AM: bot_stay_high - Received: :s1faka!s1faka@s1faka.tmi.twitch.tv JOIN #beringelamilgrau
8/23/2019 1:20:29 AM: bot_stay_high - Received: :hostmeraffle!hostmeraffle@hostmeraffle.tmi.twitch.tv JOIN #beringelamilgrau
8/23/2019 1:20:29 AM: bot_stay_high - Received: :gladosxcake!gladosxcake@gladosxcake.tmi.twitch.tv PART #beringelamilgrau
8/23/2019 1:20:35 AM: bot_stay_high - Received: @badge-info=subscriber/2;badges=vip/1,subscriber/0,bits-charity/1;color=#5F9EA0;display-name=Jean__;emotes=;flags=;id=e00d1ace-d168-466d-be45-34a59546c094;mod=0;room-id=443063688;subscriber=1;tmi-sent-ts=1566534034975;turbo=0;user-id=38479494;user-type= :jean__!jean__@jean__.tmi.twitch.tv PRIVMSG #beringelamilgrau :to com sono FeelsMan
8/23/2019 1:21:04 AM: bot_stay_high - Received: @badge-info=;badges=vip/1;color=#FF69B4;display-name=rbruno018;emotes=;flags=;id=fb1affe5-1e8e-4cc4-899a-e53fd344cbcf;mod=0;room-id=443063688;subscriber=0;tmi-sent-ts=1566534063918;turbo=0;user-id=216448313;user-type= :rbruno018!rbruno018@rbruno018.tmi.twitch.tv PRIVMSG #beringelamilgrau :ta nada FeelsMan
8/23/2019 1:21:12 AM: bot_stay_high - Received: PING :tmi.twitch.tv
8/23/2019 1:21:12 AM: bot_stay_high - Writing: PONG
8/23/2019 1:21:22 AM: bot_stay_high - Received: @badge-info=subscriber/2;badges=vip/1,subscriber/0,bits-charity/1;color=#5F9EA0;display-name=Jean__;emotes=;flags=;id=5504506a-0b8a-47f2-9332-895ca4217741;mod=0;room-id=443063688;subscriber=1;tmi-sent-ts=1566534082083;turbo=0;user-id=38479494;user-type= :jean__!jean__@jean__.tmi.twitch.tv PRIVMSG #beringelamilgrau :!price tem jacar? na amazonia?
8/23/2019 1:21:24 AM: bot_stay_high - Received: @badge-info=;badges=;color=;display-name=bot_stay_high;emote-sets=0;mod=0;subscriber=0;user-type= :tmi.twitch.tv USERSTATE #beringelamilgrau
8/23/2019 1:21:32 AM: bot_stay_high - Received: :robertonogueira!robertonogueira@robertonogueira.tmi.twitch.tv JOIN #beringelamilgrau
8/23/2019 1:21:56 AM: bot_stay_high - Received: @badge-info=;badges=;color=;display-name=joseantonio001;emotes=;flags=;id=faa2c987-164d-46b4-92b7-d4ca59c91c6a;mod=0;room-id=443063688;subscriber=0;tmi-sent-ts=1566534115808;turbo=0;user-id=157525923;user-type= :joseantonio001!joseantonio001@joseantonio001.tmi.twitch.tv PRIVMSG #beringelamilgrau :!price canal lixo do youtube
8/23/2019 1:22:13 AM: bot_stay_high - Received: @badge-info=subscriber/2;badges=vip/1,subscriber/0,bits-charity/1;color=#5F9EA0;display-name=Jean__;emotes=;flags=;id=6cddfc98-e2d1-49a5-9447-2479315465be;mod=0;room-id=443063688;subscriber=1;tmi-sent-ts=1566534133265;turbo=0;user-id=38479494;user-type= :jean__!jean__@jean__.tmi.twitch.tv PRIVMSG #beringelamilgrau :The remote server returned an error: (400) Bad Request. FeelsMan
8/23/2019 1:22:26 AM: bot_stay_high - Received: @badge-info=subscriber/2;badges=vip/1,subscriber/0,bits-charity/1;color=#5F9EA0;display-name=Jean__;emotes=;flags=;id=9d8f2038-8774-46ae-ae8f-0ea5afc3e2b7;mod=0;room-id=443063688;subscriber=1;tmi-sent-ts=1566534145485;turbo=0;user-id=38479494;user-type= :jean__!jean__@jean__.tmi.twitch.tv PRIVMSG #beringelamilgrau :O jacar?-a?u habita rios e lagos da bacia amaz?nica, pertence ? fam?lia alligatoridae. ? tamb?m conhecido como caiam?o-preto, jacar?-aruana ou jacar?-gigante. monkaHmm
8/23/2019 1:22:39 AM: bot_stay_high - Received: :robertonogueira!robertonogueira@robertonogueira.tmi.twitch.tv PART #beringelamilgrau
8/23/2019 1:22:54 AM: bot_stay_high - Received: @badge-info=subscriber/2;badges=vip/1,subscriber/0,bits-charity/1;color=#5F9EA0;display-name=Jean__;emotes=;flags=;id=92c21a0a-1df0-432e-ac94-0472132401c1;mod=0;room-id=443063688;subscriber=1;tmi-sent-ts=1566534173616;turbo=0;user-id=38479494;user-type= :jean__!jean__@jean__.tmi.twitch.tv PRIVMSG #beringelamilgrau :Pepega
8/23/2019 1:23:47 AM: bot_stay_high - Received: @badge-info=;badges=;color=;display-name=joseantonio001;emotes=25:53-57;flags=;id=9ec00326-8153-4eb1-9a90-a107ce4a593a;mod=0;room-id=443063688;subscriber=0;tmi-sent-ts=1566534227505;turbo=0;user-id=157525923;user-type= :joseantonio001!joseantonio001@joseantonio001.tmi.twitch.tv PRIVMSG #beringelamilgrau :BIRA o nao tem na AMAZONIA tem o ACRE fica tranquilo Kappa
