8/23/2019 12:36:24 AM: bot_stay_high - Connecting to: wss://irc-ws.chat.twitch.tv:443
8/23/2019 12:36:25 AM: bot_stay_high - Should be connected!
8/23/2019 12:36:25 AM: bot_stay_high - Joining channel: beringelamilgrau
8/23/2019 12:36:26 AM: bot_stay_high - Received: :tmi.twitch.tv 001 bot_stay_high :Welcome, GLHF!
8/23/2019 12:36:26 AM: bot_stay_high - Received: :tmi.twitch.tv 002 bot_stay_high :Your host is tmi.twitch.tv
8/23/2019 12:36:26 AM: bot_stay_high - Received: :tmi.twitch.tv 003 bot_stay_high :This server is rather new
8/23/2019 12:36:26 AM: bot_stay_high - Received: :tmi.twitch.tv 004 bot_stay_high :-
8/23/2019 12:36:26 AM: bot_stay_high - Received: :tmi.twitch.tv 375 bot_stay_high :-
8/23/2019 12:36:26 AM: bot_stay_high - Received: :tmi.twitch.tv 372 bot_stay_high :You are in a maze of twisty passages, all alike.
8/23/2019 12:36:26 AM: bot_stay_high - Received: :tmi.twitch.tv 376 bot_stay_high :>
8/23/2019 12:36:26 AM: bot_stay_high - Received: :tmi.twitch.tv CAP * ACK :twitch.tv/membership
8/23/2019 12:36:26 AM: bot_stay_high - Unaccounted for: :tmi.twitch.tv CAP * ACK :twitch.tv/membership
8/23/2019 12:36:26 AM: bot_stay_high - Received: :tmi.twitch.tv CAP * ACK :twitch.tv/commands
8/23/2019 12:36:26 AM: bot_stay_high - Unaccounted for: :tmi.twitch.tv CAP * ACK :twitch.tv/commands
8/23/2019 12:36:26 AM: bot_stay_high - Received: :tmi.twitch.tv CAP * ACK :twitch.tv/tags
8/23/2019 12:36:26 AM: bot_stay_high - Unaccounted for: :tmi.twitch.tv CAP * ACK :twitch.tv/tags
8/23/2019 12:36:26 AM: bot_stay_high - Received: :bot_stay_high!bot_stay_high@bot_stay_high.tmi.twitch.tv JOIN #beringelamilgrau
8/23/2019 12:36:26 AM: bot_stay_high - Received: @badge-info=;badges=;color=;display-name=bot_stay_high;emote-sets=0;mod=0;subscriber=0;user-type= :tmi.twitch.tv USERSTATE #beringelamilgrau
8/23/2019 12:36:26 AM: bot_stay_high - Received: @emote-only=0;followers-only=-1;r9k=0;rituals=0;room-id=443063688;slow=0;subs-only=0 :tmi.twitch.tv ROOMSTATE #beringelamilgrau
8/23/2019 12:36:26 AM: bot_stay_high - Received: :bot_stay_high.tmi.twitch.tv 353 bot_stay_high = #beringelamilgrau :gabrigode lurxx jean__ lucaesan creepyhead winsock ddanniell bot_stay_high s1faka beringelamilgrau don_torelli streamlabs electricallongboard hostmeraffle rbruno018 joseantonio001 rafael_870 montee_waffle commanderroot
8/23/2019 12:36:26 AM: bot_stay_high - Received: :bot_stay_high.tmi.twitch.tv 366 bot_stay_high #beringelamilgrau :End of /NAMES list
8/23/2019 12:36:26 AM: bot_stay_high - Finished channel joining queue.
8/23/2019 12:36:26 AM: bot_stay_high - Finished channel joining queue.
8/23/2019 12:36:27 AM: bot_stay_high - Received: @badge-info=subscriber/2;badges=vip/1,subscriber/0,bits-charity/1;color=#5F9EA0;display-name=Jean__;emotes=;flags=;id=4347beba-c35a-4e60-b3bb-910e9c3a4bc4;mod=0;room-id=443063688;subscriber=1;tmi-sent-ts=1566531387302;turbo=0;user-id=38479494;user-type= :jean__!jean__@jean__.tmi.twitch.tv PRIVMSG #beringelamilgrau :eu fechei ele
8/23/2019 12:36:30 AM: bot_stay_high - Received: @badge-info=subscriber/2;badges=vip/1,subscriber/0,bits-charity/1;color=#5F9EA0;display-name=Jean__;emotes=;flags=;id=f0b2c516-a599-4819-8510-cfe6aae5b1ec;mod=0;room-id=443063688;subscriber=1;tmi-sent-ts=1566531389618;turbo=0;user-id=38479494;user-type= :jean__!jean__@jean__.tmi.twitch.tv PRIVMSG #beringelamilgrau :ConcernFroge
8/23/2019 12:36:32 AM: bot_stay_high - Received: @badge-info=;badges=;color=#00FF7F;display-name=CreepyHead;emotes=;flags=;id=0c1f7795-c9f2-40ca-8cd6-427d15fe232e;mod=0;room-id=443063688;subscriber=0;tmi-sent-ts=1566531392107;turbo=0;user-id=70457200;user-type= :creepyhead!creepyhead@creepyhead.tmi.twitch.tv PRIVMSG #beringelamilgrau :olha esse jean tirando nossa divers?o
8/23/2019 12:36:33 AM: bot_stay_high - Received: @badge-info=subscriber/2;badges=vip/1,subscriber/0,bits-charity/1;color=#5F9EA0;display-name=Jean__;emotes=;flags=;id=bd5483ff-4f74-41b4-b9ef-ae1e008ee61d;mod=0;room-id=443063688;subscriber=1;tmi-sent-ts=1566531393059;turbo=0;user-id=38479494;user-type= :jean__!jean__@jean__.tmi.twitch.tv PRIVMSG #beringelamilgrau :!price gta 3
8/23/2019 12:36:35 AM: bot_stay_high - Received: @badge-info=;badges=;color=;display-name=bot_stay_high;emote-sets=0;mod=0;subscriber=0;user-type= :tmi.twitch.tv USERSTATE #beringelamilgrau
8/23/2019 12:36:36 AM: bot_stay_high - Received: @badge-info=;badges=premium/1;color=#3AC6D0;display-name=Gabrigode;emotes=;flags=;id=05b1538d-3edd-45d2-88f4-06c74ca118dd;mod=0;room-id=443063688;subscriber=0;tmi-sent-ts=1566531395760;turbo=0;user-id=125402779;user-type= :gabrigode!gabrigode@gabrigode.tmi.twitch.tv PRIVMSG #beringelamilgrau :ConcernFroge
8/23/2019 12:36:38 AM: bot_stay_high - Received: @badge-info=subscriber/2;badges=vip/1,subscriber/0,bits-charity/1;color=#5F9EA0;display-name=Jean__;emotes=;flags=;id=d2ef303f-0aed-4d21-a7ec-8a497c327bcb;mod=0;room-id=443063688;subscriber=1;tmi-sent-ts=1566531398072;turbo=0;user-id=38479494;user-type= :jean__!jean__@jean__.tmi.twitch.tv PRIVMSG #beringelamilgrau :FeelsOkayMan
8/23/2019 12:36:43 AM: bot_stay_high - Received: @badge-info=;badges=premium/1;color=#3AC6D0;display-name=Gabrigode;emotes=;flags=;id=ce3d6a0d-6d18-4c18-9f15-6806521816ec;mod=0;room-id=443063688;subscriber=0;tmi-sent-ts=1566531403517;turbo=0;user-id=125402779;user-type= :gabrigode!gabrigode@gabrigode.tmi.twitch.tv PRIVMSG #beringelamilgrau :!price price
8/23/2019 12:36:45 AM: bot_stay_high - Received: @badge-info=;badges=;color=;display-name=bot_stay_high;emote-sets=0;mod=0;subscriber=0;user-type= :tmi.twitch.tv USERSTATE #beringelamilgrau
8/23/2019 12:36:46 AM: bot_stay_high - Received: @badge-info=;badges=;color=;display-name=joseantonio001;emotes=;flags=;id=88f35315-a0a5-403d-8ac8-38053b4ca77b;mod=0;room-id=443063688;subscriber=0;tmi-sent-ts=1566531405657;turbo=0;user-id=157525923;user-type= :joseantonio001!joseantonio001@joseantonio001.tmi.twitch.tv PRIVMSG #beringelamilgrau :!price Daciolo
8/23/2019 12:36:46 AM: bot_stay_high - Received: @badge-info=;badges=;color=;display-name=bot_stay_high;emote-sets=0;mod=0;subscriber=0;user-type= :tmi.twitch.tv USERSTATE #beringelamilgrau
8/23/2019 12:36:48 AM: bot_stay_high - Received: @badge-info=;badges=moderator/1;color=#FF9600;display-name=ddanniell;emotes=;flags=;id=363567da-e381-4740-a65a-2ff0bebe5c60;mod=1;room-id=443063688;subscriber=0;tmi-sent-ts=1566531407921;turbo=0;user-id=36163282;user-type=mod :ddanniell!ddanniell@ddanniell.tmi.twitch.tv PRIVMSG #beringelamilgrau :!price travestir
8/23/2019 12:36:49 AM: bot_stay_high - Received: @msg-id=msg_duplicate :tmi.twitch.tv NOTICE #beringelamilgrau :Your message was not sent because it is identical to the previous one you sent, less than 30 seconds ago.
8/23/2019 12:36:49 AM: bot_stay_high - Unaccounted for: @msg-id=msg_duplicate :tmi.twitch.tv NOTICE #beringelamilgrau :Your message was not sent because it is identical to the previous one you sent, less than 30 seconds ago.
8/23/2019 12:36:55 AM: bot_stay_high - Received: @badge-info=;badges=;color=#00FF7F;display-name=CreepyHead;emotes=;flags=;id=100ed432-3d28-4d88-98b9-c0cae9c3521c;mod=0;room-id=443063688;subscriber=0;tmi-sent-ts=1566531414873;turbo=0;user-id=70457200;user-type= :creepyhead!creepyhead@creepyhead.tmi.twitch.tv PRIVMSG #beringelamilgrau :!price trap
8/23/2019 12:36:57 AM: bot_stay_high - Received: @badge-info=;badges=;color=;display-name=bot_stay_high;emote-sets=0;mod=0;subscriber=0;user-type= :tmi.twitch.tv USERSTATE #beringelamilgrau
8/23/2019 12:36:58 AM: bot_stay_high - Received: @badge-info=;badges=premium/1;color=#3AC6D0;display-name=Gabrigode;emotes=;flags=;id=6338cc3f-2d63-4a94-a9a9-10853d71323e;mod=0;room-id=443063688;subscriber=0;tmi-sent-ts=1566531417812;turbo=0;user-id=125402779;user-type= :gabrigode!gabrigode@gabrigode.tmi.twitch.tv PRIVMSG #beringelamilgrau :!price pao de queijo
8/23/2019 12:36:59 AM: bot_stay_high - Received: @badge-info=;badges=;color=;display-name=bot_stay_high;emote-sets=0;mod=0;subscriber=0;user-type= :tmi.twitch.tv USERSTATE #beringelamilgrau
8/23/2019 12:37:05 AM: bot_stay_high - Received: @badge-info=;badges=premium/1;color=#3AC6D0;display-name=Gabrigode;emotes=;flags=;id=51acaafb-4979-4cba-b5ab-eaf823b69097;mod=0;room-id=443063688;subscriber=0;tmi-sent-ts=1566531424773;turbo=0;user-id=125402779;user-type= :gabrigode!gabrigode@gabrigode.tmi.twitch.tv PRIVMSG #beringelamilgrau :monkaHMm
8/23/2019 12:37:09 AM: bot_stay_high - Received: @badge-info=;badges=;color=;display-name=joseantonio001;emotes=;flags=;id=187abac7-3e6a-4798-8b3a-0ab3ce613c9d;mod=0;room-id=443063688;subscriber=0;tmi-sent-ts=1566531428545;turbo=0;user-id=157525923;user-type= :joseantonio001!joseantonio001@joseantonio001.tmi.twitch.tv PRIVMSG #beringelamilgrau :!price EMULADOR
8/23/2019 12:37:10 AM: bot_stay_high - Received: @badge-info=;badges=;color=;display-name=bot_stay_high;emote-sets=0;mod=0;subscriber=0;user-type= :tmi.twitch.tv USERSTATE #beringelamilgrau
8/23/2019 12:37:13 AM: bot_stay_high - Received: @badge-info=;badges=;color=#00FF7F;display-name=CreepyHead;emotes=;flags=;id=68752173-6f7e-490b-8cd7-4286cfc8abee;mod=0;room-id=443063688;subscriber=0;tmi-sent-ts=1566531433008;turbo=0;user-id=70457200;user-type= :creepyhead!creepyhead@creepyhead.tmi.twitch.tv PRIVMSG #beringelamilgrau :!price travesti
8/23/2019 12:37:14 AM: bot_stay_high - Received: @badge-info=;badges=;color=;display-name=bot_stay_high;emote-sets=0;mod=0;subscriber=0;user-type= :tmi.twitch.tv USERSTATE #beringelamilgrau
8/23/2019 12:37:23 AM: bot_stay_high - Received: @badge-info=subscriber/2;badges=vip/1,subscriber/0,bits-charity/1;color=#5F9EA0;display-name=Jean__;emotes=;flags=;id=90b7b9ae-6ce3-4bbd-a88d-c20f3d62f6b1;mod=0;room-id=443063688;subscriber=1;tmi-sent-ts=1566531442598;turbo=0;user-id=38479494;user-type= :jean__!jean__@jean__.tmi.twitch.tv PRIVMSG #beringelamilgrau :FeelsOkayMan
8/23/2019 12:37:25 AM: bot_stay_high - Received: @badge-info=;badges=;color=#00FF7F;display-name=CreepyHead;emotes=;flags=;id=92fae6d5-7ab3-4a9f-9afd-7d966401d273;mod=0;room-id=443063688;subscriber=0;tmi-sent-ts=1566531444617;turbo=0;user-id=70457200;user-type= :creepyhead!creepyhead@creepyhead.tmi.twitch.tv PRIVMSG #beringelamilgrau :kkkkkkkkkkkkkkkkkkkkkk
8/23/2019 12:37:27 AM: bot_stay_high - Received: @badge-info=;badges=moderator/1;color=#FF9600;display-name=ddanniell;emotes=;flags=7-12:S.5;id=9f2389d5-2768-4739-a137-748c2c3d37ad;mod=1;room-id=443063688;subscriber=0;tmi-sent-ts=1566531446924;turbo=0;user-id=36163282;user-type=mod :ddanniell!ddanniell@ddanniell.tmi.twitch.tv PRIVMSG #beringelamilgrau :!price safada demais
8/23/2019 12:37:28 AM: bot_stay_high - Received: @badge-info=;badges=;color=;display-name=bot_stay_high;emote-sets=0;mod=0;subscriber=0;user-type= :tmi.twitch.tv USERSTATE #beringelamilgrau
8/23/2019 12:37:41 AM: bot_stay_high - Received: @badge-info=;badges=moderator/1;color=#FF9600;display-name=ddanniell;emotes=;flags=;id=bf9a962a-0dca-4add-a064-987a8ab5adff;mod=1;room-id=443063688;subscriber=0;tmi-sent-ts=1566531461499;turbo=0;user-id=36163282;user-type=mod :ddanniell!ddanniell@ddanniell.tmi.twitch.tv PRIVMSG #beringelamilgrau :!price a divis?o
8/23/2019 12:37:43 AM: bot_stay_high - Received: @badge-info=;badges=;color=;display-name=bot_stay_high;emote-sets=0;mod=0;subscriber=0;user-type= :tmi.twitch.tv USERSTATE #beringelamilgrau
8/23/2019 12:37:43 AM: bot_stay_high - Received: @badge-info=;badges=;color=#00FF7F;display-name=CreepyHead;emotes=;flags=;id=ae571730-5f55-4dbc-b7a3-401bdbe5a9e5;mod=0;room-id=443063688;subscriber=0;tmi-sent-ts=1566531463522;turbo=0;user-id=70457200;user-type= :creepyhead!creepyhead@creepyhead.tmi.twitch.tv PRIVMSG #beringelamilgrau :Jean, voc? estragou toda nossa divers?o
8/23/2019 12:37:44 AM: bot_stay_high - Received: @badge-info=subscriber/2;badges=vip/1,subscriber/0,bits-charity/1;color=#5F9EA0;display-name=Jean__;emotes=;flags=;id=0858d2c5-7bb3-4058-9c68-cc634095eccb;mod=0;room-id=443063688;subscriber=1;tmi-sent-ts=1566531464531;turbo=0;user-id=38479494;user-type= :jean__!jean__@jean__.tmi.twitch.tv PRIVMSG #beringelamilgrau :!price tua mae
8/23/2019 12:37:46 AM: bot_stay_high - Received: @badge-info=;badges=;color=;display-name=bot_stay_high;emote-sets=0;mod=0;subscriber=0;user-type= :tmi.twitch.tv USERSTATE #beringelamilgrau
8/23/2019 12:37:46 AM: bot_stay_high - Received: @badge-info=;badges=premium/1;color=#3AC6D0;display-name=Gabrigode;emotes=;flags=;id=ca349318-cde1-4245-92ed-b211b2638865;mod=0;room-id=443063688;subscriber=0;tmi-sent-ts=1566531466185;turbo=0;user-id=125402779;user-type= :gabrigode!gabrigode@gabrigode.tmi.twitch.tv PRIVMSG #beringelamilgrau :!price 123
8/23/2019 12:37:47 AM: bot_stay_high - Received: @badge-info=;badges=;color=;display-name=bot_stay_high;emote-sets=0;mod=0;subscriber=0;user-type= :tmi.twitch.tv USERSTATE #beringelamilgrau
8/23/2019 12:37:49 AM: bot_stay_high - Received: @badge-info=;badges=;color=;display-name=Rafael_870;emotes=;flags=;id=36898614-a6b9-4630-bb69-9802d201e68b;mod=0;room-id=443063688;subscriber=0;tmi-sent-ts=1566531468741;turbo=0;user-id=153485554;user-type= :rafael_870!rafael_870@rafael_870.tmi.twitch.tv PRIVMSG #beringelamilgrau :!price beringela
8/23/2019 12:37:50 AM: bot_stay_high - Received: @badge-info=;badges=;color=#00FF7F;display-name=CreepyHead;emotes=;flags=;id=a86eeadd-6c36-42dc-b1ae-53bf5101c5bc;mod=0;room-id=443063688;subscriber=0;tmi-sent-ts=1566531469897;turbo=0;user-id=70457200;user-type= :creepyhead!creepyhead@creepyhead.tmi.twitch.tv PRIVMSG #beringelamilgrau :pq zoamos sua m?e, aquela ursa
8/23/2019 12:37:50 AM: bot_stay_high - Received: @badge-info=;badges=;color=;display-name=bot_stay_high;emote-sets=0;mod=0;subscriber=0;user-type= :tmi.twitch.tv USERSTATE #beringelamilgrau
8/23/2019 12:37:50 AM: bot_stay_high - Received: @badge-info=subscriber/2;badges=vip/1,subscriber/0,bits-charity/1;color=#5F9EA0;display-name=Jean__;emotes=;flags=;id=91bbf6ff-b51b-4351-9577-d3d7d2e3b8ab;mod=0;room-id=443063688;subscriber=1;tmi-sent-ts=1566531470070;turbo=0;user-id=38479494;user-type= :jean__!jean__@jean__.tmi.twitch.tv PRIVMSG #beringelamilgrau :PepeLaugh
8/23/2019 12:37:58 AM: bot_stay_high - Received: @badge-info=;badges=moderator/1;color=#FF9600;display-name=ddanniell;emotes=;flags=;id=7bf8bc99-0c36-444a-ae80-a657de1bf5eb;mod=1;room-id=443063688;subscriber=0;tmi-sent-ts=1566531478074;turbo=0;user-id=36163282;user-type=mod :ddanniell!ddanniell@ddanniell.tmi.twitch.tv PRIVMSG #beringelamilgrau :!price a divis?o 2
8/23/2019 12:38:00 AM: bot_stay_high - Received: @badge-info=;badges=;color=;display-name=bot_stay_high;emote-sets=0;mod=0;subscriber=0;user-type= :tmi.twitch.tv USERSTATE #beringelamilgrau
8/23/2019 12:38:16 AM: bot_stay_high - Received: @badge-info=;badges=;color=;display-name=joseantonio001;emotes=425618:27-29;flags=;id=30b1d2b7-7bcf-4260-9e4f-8e80b91cd549;mod=0;room-id=443063688;subscriber=0;tmi-sent-ts=1566531496506;turbo=0;user-id=157525923;user-type= :joseantonio001!joseantonio001@joseantonio001.tmi.twitch.tv PRIVMSG #beringelamilgrau :O CHAT se diverte com poco LUL
8/23/2019 12:38:18 AM: bot_stay_high - Received: @badge-info=;badges=moderator/1;color=#FF9600;display-name=ddanniell;emotes=;flags=;id=1f6f346a-b443-424a-9e3b-d867a9a7ad7f;mod=1;room-id=443063688;subscriber=0;tmi-sent-ts=1566531498508;turbo=0;user-id=36163282;user-type=mod :ddanniell!ddanniell@ddanniell.tmi.twitch.tv PRIVMSG #beringelamilgrau :!price divisao 2
8/23/2019 12:38:19 AM: bot_stay_high - Received: @badge-info=subscriber/2;badges=broadcaster/1,subscriber/0;color=#8A2BE2;display-name=BeringelaMilGrau;emotes=;flags=;id=8cd44cce-2c26-45c7-acd9-54eb56060c89;mod=0;room-id=443063688;subscriber=1;tmi-sent-ts=1566531498718;turbo=0;user-id=443063688;user-type= :beringelamilgrau!beringelamilgrau@beringelamilgrau.tmi.twitch.tv PRIVMSG #beringelamilgrau :!price a divis?o ii
8/23/2019 12:38:20 AM: bot_stay_high - Received: @badge-info=;badges=;color=;display-name=bot_stay_high;emote-sets=0;mod=0;subscriber=0;user-type= :tmi.twitch.tv USERSTATE #beringelamilgrau
8/23/2019 12:38:21 AM: bot_stay_high - Received: @badge-info=;badges=;color=;display-name=bot_stay_high;emote-sets=0;mod=0;subscriber=0;user-type= :tmi.twitch.tv USERSTATE #beringelamilgrau
8/23/2019 12:38:21 AM: bot_stay_high - Received: @badge-info=;badges=;color=#00FF7F;display-name=CreepyHead;emotes=;flags=;id=6315ce20-129b-43f2-b97f-fe3e1cfa19c7;mod=0;room-id=443063688;subscriber=0;tmi-sent-ts=1566531501076;turbo=0;user-id=70457200;user-type= :creepyhead!creepyhead@creepyhead.tmi.twitch.tv PRIVMSG #beringelamilgrau :!price jorge
8/23/2019 12:38:22 AM: bot_stay_high - Received: @badge-info=;badges=;color=;display-name=bot_stay_high;emote-sets=0;mod=0;subscriber=0;user-type= :tmi.twitch.tv USERSTATE #beringelamilgrau
8/23/2019 12:38:26 AM: bot_stay_high - Received: @badge-info=;badges=vip/1;color=#FF69B4;display-name=rbruno018;emotes=;flags=;id=73c2fb8b-da76-416c-93e0-a6c1a0f41c94;mod=0;room-id=443063688;subscriber=0;tmi-sent-ts=1566531506211;turbo=0;user-id=216448313;user-type= :rbruno018!rbruno018@rbruno018.tmi.twitch.tv PRIVMSG #beringelamilgrau :!price octopatch
8/23/2019 12:38:27 AM: bot_stay_high - Received: @badge-info=;badges=;color=;display-name=bot_stay_high;emote-sets=0;mod=0;subscriber=0;user-type= :tmi.twitch.tv USERSTATE #beringelamilgrau
8/23/2019 12:38:31 AM: bot_stay_high - Received: @badge-info=;badges=premium/1;color=#3AC6D0;display-name=Gabrigode;emotes=;flags=;id=f1062e61-2cc5-4105-842a-e56290bb5f39;mod=0;room-id=443063688;subscriber=0;tmi-sent-ts=1566531510841;turbo=0;user-id=125402779;user-type= :gabrigode!gabrigode@gabrigode.tmi.twitch.tv PRIVMSG #beringelamilgrau :FeelsMan
8/23/2019 12:38:35 AM: bot_stay_high - Received: @badge-info=;badges=;color=;display-name=Rafael_870;emotes=;flags=;id=f99b5d7a-d332-46d6-a281-a20d3b4714f1;mod=0;room-id=443063688;subscriber=0;tmi-sent-ts=1566531515267;turbo=0;user-id=153485554;user-type= :rafael_870!rafael_870@rafael_870.tmi.twitch.tv PRIVMSG #beringelamilgrau :O 2 n tem na steam
8/23/2019 12:38:36 AM: bot_stay_high - Received: @badge-info=subscriber/2;badges=vip/1,subscriber/0,bits-charity/1;color=#5F9EA0;display-name=Jean__;emotes=;flags=;id=1aedd441-bbc0-4644-a979-ddc1a2ca5bcc;mod=0;room-id=443063688;subscriber=1;tmi-sent-ts=1566531515825;turbo=0;user-id=38479494;user-type= :jean__!jean__@jean__.tmi.twitch.tv PRIVMSG #beringelamilgrau :FeelsMan
8/23/2019 12:38:48 AM: bot_stay_high - Received: @badge-info=;badges=;color=;display-name=joseantonio001;emotes=;flags=;id=b3f1fcdb-e276-4a77-b805-6db061950b0c;mod=0;room-id=443063688;subscriber=0;tmi-sent-ts=1566531527966;turbo=0;user-id=157525923;user-type= :joseantonio001!joseantonio001@joseantonio001.tmi.twitch.tv PRIVMSG #beringelamilgrau :deki apouco nao vai ter mais gameplay e o LIVE COMMAND
8/23/2019 12:38:51 AM: bot_stay_high - Received: @badge-info=;badges=;color=#00FF7F;display-name=CreepyHead;emotes=;flags=;id=c5b56b39-1558-49e2-820a-f9970de568de;mod=0;room-id=443063688;subscriber=0;tmi-sent-ts=1566531531270;turbo=0;user-id=70457200;user-type= :creepyhead!creepyhead@creepyhead.tmi.twitch.tv PRIVMSG #beringelamilgrau :!price crusader
8/23/2019 12:38:53 AM: bot_stay_high - Received: @badge-info=;badges=;color=;display-name=bot_stay_high;emote-sets=0;mod=0;subscriber=0;user-type= :tmi.twitch.tv USERSTATE #beringelamilgrau
8/23/2019 12:39:02 AM: bot_stay_high - Received: @badge-info=;badges=moderator/1;color=#FF9600;display-name=ddanniell;emotes=;flags=;id=af5bb1a3-3845-4411-9152-84baffcafdea;mod=1;room-id=443063688;subscriber=0;tmi-sent-ts=1566531542004;turbo=0;user-id=36163282;user-type=mod :ddanniell!ddanniell@ddanniell.tmi.twitch.tv PRIVMSG #beringelamilgrau :!price cu azedo
8/23/2019 12:39:03 AM: bot_stay_high - Received: @badge-info=;badges=;color=;display-name=bot_stay_high;emote-sets=0;mod=0;subscriber=0;user-type= :tmi.twitch.tv USERSTATE #beringelamilgrau
8/23/2019 12:39:09 AM: bot_stay_high - Received: :hostmeraffle!hostmeraffle@hostmeraffle.tmi.twitch.tv PART #beringelamilgrau
8/23/2019 12:39:09 AM: bot_stay_high - Received: :streamlabs!streamlabs@streamlabs.tmi.twitch.tv PART #beringelamilgrau
8/23/2019 12:39:09 AM: bot_stay_high - Received: :s1faka!s1faka@s1faka.tmi.twitch.tv PART #beringelamilgrau
8/23/2019 12:39:09 AM: bot_stay_high - Received: @badge-info=;badges=vip/1;color=#FF69B4;display-name=rbruno018;emotes=;flags=;id=f67cfcf9-488b-4f9a-883c-3acf80460ef8;mod=0;room-id=443063688;subscriber=0;tmi-sent-ts=1566531549151;turbo=0;user-id=216448313;user-type= :rbruno018!rbruno018@rbruno018.tmi.twitch.tv PRIVMSG #beringelamilgrau :OMEGALUL
8/23/2019 12:39:20 AM: bot_stay_high - Received: @badge-info=;badges=moderator/1;color=#FF9600;display-name=ddanniell;emotes=;flags=;id=d137ad3a-0534-4631-a2ae-beb1a616106c;mod=1;room-id=443063688;subscriber=0;tmi-sent-ts=1566531560009;turbo=0;user-id=36163282;user-type=mod :ddanniell!ddanniell@ddanniell.tmi.twitch.tv PRIVMSG #beringelamilgrau :!price xuleco
8/23/2019 12:39:21 AM: bot_stay_high - Received: @msg-id=msg_duplicate :tmi.twitch.tv NOTICE #beringelamilgrau :Your message was not sent because it is identical to the previous one you sent, less than 30 seconds ago.
8/23/2019 12:39:21 AM: bot_stay_high - Unaccounted for: @msg-id=msg_duplicate :tmi.twitch.tv NOTICE #beringelamilgrau :Your message was not sent because it is identical to the previous one you sent, less than 30 seconds ago.
8/23/2019 12:39:23 AM: bot_stay_high - Received: @badge-info=;badges=vip/1;color=#FF69B4;display-name=rbruno018;emotes=;flags=;id=468aa384-ece2-4d74-9f66-bf3701067fdb;mod=0;room-id=443063688;subscriber=0;tmi-sent-ts=1566531563151;turbo=0;user-id=216448313;user-type= :rbruno018!rbruno018@rbruno018.tmi.twitch.tv PRIVMSG #beringelamilgrau :jean estragou a brincadeira FeelsMan
8/23/2019 12:39:25 AM: bot_stay_high - Received: @badge-info=subscriber/2;badges=broadcaster/1,subscriber/0;color=#8A2BE2;display-name=BeringelaMilGrau;emotes=;flags=;id=e303da88-f680-4000-829f-5f04c15c892c;mod=0;room-id=443063688;subscriber=1;tmi-sent-ts=1566531565282;turbo=0;user-id=443063688;user-type= :beringelamilgrau!beringelamilgrau@beringelamilgrau.tmi.twitch.tv PRIVMSG #beringelamilgrau :!price hulk
8/23/2019 12:39:27 AM: bot_stay_high - Received: @badge-info=;badges=;color=;display-name=bot_stay_high;emote-sets=0;mod=0;subscriber=0;user-type= :tmi.twitch.tv USERSTATE #beringelamilgrau
8/23/2019 12:39:35 AM: bot_stay_high - Received: @badge-info=;badges=;color=;display-name=joseantonio001;emotes=;flags=;id=f9b50721-5d45-46cc-b59d-48b9c49cbf22;mod=0;room-id=443063688;subscriber=0;tmi-sent-ts=1566531574827;turbo=0;user-id=157525923;user-type= :joseantonio001!joseantonio001@joseantonio001.tmi.twitch.tv PRIVMSG #beringelamilgrau :!price brasil
8/23/2019 12:39:37 AM: bot_stay_high - Received: @badge-info=;badges=moderator/1;color=#FF9600;display-name=ddanniell;emotes=;flags=;id=589bb009-86c3-45db-b3b3-2beeb10c3ce2;mod=1;room-id=443063688;subscriber=0;tmi-sent-ts=1566531576617;turbo=0;user-id=36163282;user-type=mod :ddanniell!ddanniell@ddanniell.tmi.twitch.tv PRIVMSG #beringelamilgrau :!price tia do batman
8/23/2019 12:39:38 AM: bot_stay_high - Received: @badge-info=;badges=;color=;display-name=bot_stay_high;emote-sets=0;mod=0;subscriber=0;user-type= :tmi.twitch.tv USERSTATE #beringelamilgrau
8/23/2019 12:39:40 AM: bot_stay_high - Received: @badge-info=;badges=;color=#00FF7F;display-name=CreepyHead;emotes=;flags=7-10:S.5;id=4af5ca92-1e5e-41cc-bcf7-2aec134ad044;mod=0;room-id=443063688;subscriber=0;tmi-sent-ts=1566531579946;turbo=0;user-id=70457200;user-type= :creepyhead!creepyhead@creepyhead.tmi.twitch.tv PRIVMSG #beringelamilgrau :!price lepo
8/23/2019 12:39:41 AM: bot_stay_high - Received: @badge-info=;badges=;color=;display-name=bot_stay_high;emote-sets=0;mod=0;subscriber=0;user-type= :tmi.twitch.tv USERSTATE #beringelamilgrau
8/23/2019 12:39:58 AM: bot_stay_high - Received: @badge-info=;badges=vip/1;color=#FF69B4;display-name=rbruno018;emotes=;flags=7-15:S.6;id=e27d88a5-f85e-4ebb-8de6-d0e72ff2410f;mod=0;room-id=443063688;subscriber=0;tmi-sent-ts=1566531598195;turbo=0;user-id=216448313;user-type= :rbruno018!rbruno018@rbruno018.tmi.twitch.tv PRIVMSG #beringelamilgrau :!price gang bang
8/23/2019 12:39:59 AM: bot_stay_high - Received: @badge-info=;badges=;color=;display-name=bot_stay_high;emote-sets=0;mod=0;subscriber=0;user-type= :tmi.twitch.tv USERSTATE #beringelamilgrau
8/23/2019 12:40:01 AM: bot_stay_high - Received: @badge-info=;badges=;color=;display-name=joseantonio001;emotes=;flags=;id=27fe3258-8aef-478d-963e-e5aaa80fdbcc;mod=0;room-id=443063688;subscriber=0;tmi-sent-ts=1566531600853;turbo=0;user-id=157525923;user-type= :joseantonio001!joseantonio001@joseantonio001.tmi.twitch.tv PRIVMSG #beringelamilgrau :!price twitch
8/23/2019 12:40:02 AM: bot_stay_high - Received: @badge-info=;badges=;color=;display-name=bot_stay_high;emote-sets=0;mod=0;subscriber=0;user-type= :tmi.twitch.tv USERSTATE #beringelamilgrau
8/23/2019 12:40:08 AM: bot_stay_high - Received: :streamlabs!streamlabs@streamlabs.tmi.twitch.tv JOIN #beringelamilgrau
8/23/2019 12:40:09 AM: bot_stay_high - Received: @badge-info=;badges=;color=;display-name=joseantonio001;emotes=;flags=;id=46e99ece-bc24-49ef-bbc8-83984826b448;mod=0;room-id=443063688;subscriber=0;tmi-sent-ts=1566531608801;turbo=0;user-id=157525923;user-type= :joseantonio001!joseantonio001@joseantonio001.tmi.twitch.tv PRIVMSG #beringelamilgrau :o bot ta loco
8/23/2019 12:40:11 AM: bot_stay_high - Received: @badge-info=;badges=moderator/1;color=#FF9600;display-name=ddanniell;emotes=;flags=;id=819a3b22-a4a8-45c0-9b84-30f11e380aa3;mod=1;room-id=443063688;subscriber=0;tmi-sent-ts=1566531610995;turbo=0;user-id=36163282;user-type=mod :ddanniell!ddanniell@ddanniell.tmi.twitch.tv PRIVMSG #beringelamilgrau :!price rp
8/23/2019 12:40:12 AM: bot_stay_high - Received: @msg-id=msg_duplicate :tmi.twitch.tv NOTICE #beringelamilgrau :Your message was not sent because it is identical to the previous one you sent, less than 30 seconds ago.
8/23/2019 12:40:12 AM: bot_stay_high - Unaccounted for: @msg-id=msg_duplicate :tmi.twitch.tv NOTICE #beringelamilgrau :Your message was not sent because it is identical to the previous one you sent, less than 30 seconds ago.
8/23/2019 12:40:18 AM: bot_stay_high - Received: @badge-info=;badges=;color=;display-name=joseantonio001;emotes=;flags=;id=4db6380c-7e13-4f60-a242-a7dc8b66c8ee;mod=0;room-id=443063688;subscriber=0;tmi-sent-ts=1566531617626;turbo=0;user-id=157525923;user-type= :joseantonio001!joseantonio001@joseantonio001.tmi.twitch.tv PRIVMSG #beringelamilgrau :nao ta respondendo mais as coisas
8/23/2019 12:40:23 AM: bot_stay_high - Received: @badge-info=;badges=moderator/1;color=#FF9600;display-name=ddanniell;emotes=;flags=;id=5664d074-0c94-4690-9eef-ef58ddfd1c4c;mod=1;room-id=443063688;subscriber=0;tmi-sent-ts=1566531622908;turbo=0;user-id=36163282;user-type=mod :ddanniell!ddanniell@ddanniell.tmi.twitch.tv PRIVMSG #beringelamilgrau :!price rp
8/23/2019 12:40:24 AM: bot_stay_high - Received: @msg-id=msg_duplicate :tmi.twitch.tv NOTICE #beringelamilgrau :Your message was not sent because it is identical to the previous one you sent, less than 30 seconds ago.
8/23/2019 12:40:24 AM: bot_stay_high - Unaccounted for: @msg-id=msg_duplicate :tmi.twitch.tv NOTICE #beringelamilgrau :Your message was not sent because it is identical to the previous one you sent, less than 30 seconds ago.
8/23/2019 12:40:32 AM: bot_stay_high - Received: @badge-info=subscriber/2;badges=vip/1,subscriber/0,bits-charity/1;color=#5F9EA0;display-name=Jean__;emotes=;flags=;id=f55f66ef-d9b2-4a91-bf96-ba6eb3dc531e;mod=0;room-id=443063688;subscriber=1;tmi-sent-ts=1566531631903;turbo=0;user-id=38479494;user-type= :jean__!jean__@jean__.tmi.twitch.tv PRIVMSG #beringelamilgrau :Your message was not sent because it is identical to the previous one you sent, less than 30 seconds ago.
8/23/2019 12:40:36 AM: bot_stay_high - Received: @badge-info=subscriber/2;badges=vip/1,subscriber/0,bits-charity/1;color=#5F9EA0;display-name=Jean__;emotes=;flags=;id=01166e07-d186-4e17-ba24-a587cbf0ae95;mod=0;room-id=443063688;subscriber=1;tmi-sent-ts=1566531636529;turbo=0;user-id=38479494;user-type= :jean__!jean__@jean__.tmi.twitch.tv PRIVMSG #beringelamilgrau :da mod pro bot ae
8/23/2019 12:40:41 AM: bot_stay_high - Received: PING :tmi.twitch.tv
8/23/2019 12:40:41 AM: bot_stay_high - Writing: PONG
8/23/2019 12:40:52 AM: bot_stay_high - Received: @badge-info=;badges=premium/1;color=#3AC6D0;display-name=Gabrigode;emotes=;flags=;id=cc460f99-d072-4bc7-a612-7266a22a92f0;mod=0;room-id=443063688;subscriber=0;tmi-sent-ts=1566531652190;turbo=0;user-id=125402779;user-type= :gabrigode!gabrigode@gabrigode.tmi.twitch.tv PRIVMSG #beringelamilgrau :!price Gal Gun
8/23/2019 12:40:53 AM: bot_stay_high - Received: @badge-info=subscriber/2;badges=broadcaster/1,subscriber/0;color=#8A2BE2;display-name=BeringelaMilGrau;emotes=;flags=;id=745f8cb7-5806-4534-89f4-e6fa57b55826;mod=0;room-id=443063688;subscriber=1;tmi-sent-ts=1566531652779;turbo=0;user-id=443063688;user-type= :beringelamilgrau!beringelamilgrau@beringelamilgrau.tmi.twitch.tv PRIVMSG #beringelamilgrau :FeelsGoodMan
8/23/2019 12:40:53 AM: bot_stay_high - Received: @badge-info=;badges=;color=;display-name=bot_stay_high;emote-sets=0;mod=0;subscriber=0;user-type= :tmi.twitch.tv USERSTATE #beringelamilgrau
8/23/2019 12:40:56 AM: bot_stay_high - Received: @badge-info=;badges=premium/1;color=#3AC6D0;display-name=Gabrigode;emotes=;flags=;id=f304941b-3d7c-422f-b068-83ddb254d5f7;mod=0;room-id=443063688;subscriber=0;tmi-sent-ts=1566531656432;turbo=0;user-id=125402779;user-type= :gabrigode!gabrigode@gabrigode.tmi.twitch.tv PRIVMSG #beringelamilgrau :FeelsOkayMan
8/23/2019 12:40:57 AM: bot_stay_high - Received: @badge-info=;badges=vip/1;color=#FF69B4;display-name=rbruno018;emotes=;flags=;id=bb8b3ea8-9e23-417d-b6b1-bd7250f38b4c;mod=0;room-id=443063688;subscriber=0;tmi-sent-ts=1566531657055;turbo=0;user-id=216448313;user-type= :rbruno018!rbruno018@rbruno018.tmi.twitch.tv PRIVMSG #beringelamilgrau :FeelsOkayMan
8/23/2019 12:40:58 AM: bot_stay_high - Received: @badge-info=subscriber/2;badges=vip/1,subscriber/0,bits-charity/1;color=#5F9EA0;display-name=Jean__;emotes=;flags=;id=ae2274b5-a9d1-4cc5-975b-88c8866fb58b;mod=0;room-id=443063688;subscriber=1;tmi-sent-ts=1566531657862;turbo=0;user-id=38479494;user-type= :jean__!jean__@jean__.tmi.twitch.tv PRIVMSG #beringelamilgrau :monkaHmm
8/23/2019 12:41:04 AM: bot_stay_high - Received: @badge-info=subscriber/2;badges=vip/1,subscriber/0,bits-charity/1;color=#5F9EA0;display-name=Jean__;emotes=;flags=;id=e5d099e5-46ee-4bf9-ae9e-c36a25adbbd1;mod=0;room-id=443063688;subscriber=1;tmi-sent-ts=1566531663870;turbo=0;user-id=38479494;user-type= :jean__!jean__@jean__.tmi.twitch.tv PRIVMSG #beringelamilgrau :nem vou entrar na conta do bot agora
8/23/2019 12:41:06 AM: bot_stay_high - Received: :s1faka!s1faka@s1faka.tmi.twitch.tv JOIN #beringelamilgrau
8/23/2019 12:41:06 AM: bot_stay_high - Received: :hostmeraffle!hostmeraffle@hostmeraffle.tmi.twitch.tv JOIN #beringelamilgrau
8/23/2019 12:41:06 AM: bot_stay_high - Received: :rbruno018!rbruno018@rbruno018.tmi.twitch.tv PART #beringelamilgrau
8/23/2019 12:41:08 AM: bot_stay_high - Received: @badge-info=subscriber/2;badges=vip/1,subscriber/0,bits-charity/1;color=#5F9EA0;display-name=Jean__;emotes=;flags=;id=2c909e67-f4ab-4cd2-a148-34e51af2a433;mod=0;room-id=443063688;subscriber=1;tmi-sent-ts=1566531668471;turbo=0;user-id=38479494;user-type= :jean__!jean__@jean__.tmi.twitch.tv PRIVMSG #beringelamilgrau :FeelsOkayMan
8/23/2019 12:41:26 AM: bot_stay_high - Received: @badge-info=;badges=moderator/1;color=#FF9600;display-name=ddanniell;emotes=;flags=;id=c671f2dd-5ac9-4390-8f49-87f7fc6271a6;mod=1;room-id=443063688;subscriber=0;tmi-sent-ts=1566531685916;turbo=0;user-id=36163282;user-type=mod :ddanniell!ddanniell@ddanniell.tmi.twitch.tv PRIVMSG #beringelamilgrau :!price mulher bonita
8/23/2019 12:41:27 AM: bot_stay_high - Received: @badge-info=;badges=;color=;display-name=bot_stay_high;emote-sets=0;mod=0;subscriber=0;user-type= :tmi.twitch.tv USERSTATE #beringelamilgrau
8/23/2019 12:41:29 AM: bot_stay_high - Received: @badge-info=subscriber/2;badges=broadcaster/1,subscriber/0;color=#8A2BE2;display-name=BeringelaMilGrau;emotes=;flags=;id=d5cb671b-5c77-467c-87d5-685b3b8f53a5;mod=0;room-id=443063688;subscriber=1;tmi-sent-ts=1566531689438;turbo=0;user-id=443063688;user-type= :beringelamilgrau!beringelamilgrau@beringelamilgrau.tmi.twitch.tv PRIVMSG #beringelamilgrau :n?o tem mod pra ele ent?o ConcernFroge
8/23/2019 12:41:39 AM: bot_stay_high - Received: @badge-info=;badges=;color=;display-name=joseantonio001;emotes=;flags=;id=8b570898-bc2f-45b3-9b93-6633925d4fe2;mod=0;room-id=443063688;subscriber=0;tmi-sent-ts=1566531698611;turbo=0;user-id=157525923;user-type= :joseantonio001!joseantonio001@joseantonio001.tmi.twitch.tv PRIVMSG #beringelamilgrau :!price jogo merda
8/23/2019 12:41:56 AM: bot_stay_high - Received: @badge-info=;badges=;color=;display-name=Rafael_870;emotes=;flags=;id=697a573f-3a8b-4579-9200-36b24f95570c;mod=0;room-id=443063688;subscriber=0;tmi-sent-ts=1566531715739;turbo=0;user-id=153485554;user-type= :rafael_870!rafael_870@rafael_870.tmi.twitch.tv PRIVMSG #beringelamilgrau :!price dropou
8/23/2019 12:41:57 AM: bot_stay_high - Received: @badge-info=;badges=;color=;display-name=bot_stay_high;emote-sets=0;mod=0;subscriber=0;user-type= :tmi.twitch.tv USERSTATE #beringelamilgrau
8/23/2019 12:42:02 AM: bot_stay_high - Received: @badge-info=;badges=vip/1;color=#FF69B4;display-name=rbruno018;emotes=;flags=;id=ebd2a003-92a1-493c-a16a-ce81b5538598;mod=0;room-id=443063688;subscriber=0;tmi-sent-ts=1566531722061;turbo=0;user-id=216448313;user-type= :rbruno018!rbruno018@rbruno018.tmi.twitch.tv PRIVMSG #beringelamilgrau :!price jogo de cartinha
8/23/2019 12:42:12 AM: bot_stay_high - Received: @badge-info=;badges=moderator/1;color=#FF9600;display-name=ddanniell;emotes=;flags=0-67:;id=f32f03b7-7c86-4cd4-b938-680d0f7e943b;mod=1;room-id=443063688;subscriber=0;tmi-sent-ts=1566531731980;turbo=0;user-id=36163282;user-type=mod :ddanniell!ddanniell@ddanniell.tmi.twitch.tv PRIVMSG #beringelamilgrau :https://store.steampowered.com/app/726070/Hidden_Object__Sweet_Home/
8/23/2019 12:42:12 AM: bot_stay_high - Received: :rbruno018!rbruno018@rbruno018.tmi.twitch.tv JOIN #beringelamilgrau
8/23/2019 12:42:24 AM: bot_stay_high - Received: @badge-info=;badges=moderator/1;color=#FF9600;display-name=ddanniell;emotes=;flags=;id=180e2beb-db15-45eb-b9ab-b62ec0c2f4de;mod=1;room-id=443063688;subscriber=0;tmi-sent-ts=1566531744441;turbo=0;user-id=36163282;user-type=mod :ddanniell!ddanniell@ddanniell.tmi.twitch.tv PRIVMSG #beringelamilgrau :!price mulher pelada
8/23/2019 12:42:26 AM: bot_stay_high - Received: @badge-info=;badges=;color=;display-name=bot_stay_high;emote-sets=0;mod=0;subscriber=0;user-type= :tmi.twitch.tv USERSTATE #beringelamilgrau
8/23/2019 12:42:30 AM: bot_stay_high - Received: @badge-info=;badges=;color=;display-name=Rafael_870;emotes=;flags=;id=69206cee-91e7-4bf1-bfd6-afbcc2c3f5b7;mod=0;room-id=443063688;subscriber=0;tmi-sent-ts=1566531749659;turbo=0;user-id=153485554;user-type= :rafael_870!rafael_870@rafael_870.tmi.twitch.tv PRIVMSG #beringelamilgrau :!price mineirinho
8/23/2019 12:42:43 AM: bot_stay_high - Received: @badge-info=;badges=premium/1;color=#3AC6D0;display-name=Gabrigode;emotes=;flags=;id=ae0b798d-d9e1-460a-a83f-b162f62b7165;mod=0;room-id=443063688;subscriber=0;tmi-sent-ts=1566531763389;turbo=0;user-id=125402779;user-type= :gabrigode!gabrigode@gabrigode.tmi.twitch.tv PRIVMSG #beringelamilgrau :!price jogo bom
8/23/2019 12:42:48 AM: bot_stay_high - Received: @badge-info=;badges=premium/1;color=#3AC6D0;display-name=Gabrigode;emotes=;flags=;id=9898c5d7-0b36-4454-9ad8-1e9973aff9ff;mod=0;room-id=443063688;subscriber=0;tmi-sent-ts=1566531768304;turbo=0;user-id=125402779;user-type= :gabrigode!gabrigode@gabrigode.tmi.twitch.tv PRIVMSG #beringelamilgrau :FeelsMan
8/23/2019 12:42:53 AM: bot_stay_high - Received: @badge-info=;badges=moderator/1;color=#FF9600;display-name=ddanniell;emotes=;flags=7-11:P.5;id=96b9bc25-6909-407a-8925-9f821c602ec9;mod=1;room-id=443063688;subscriber=0;tmi-sent-ts=1566531772808;turbo=0;user-id=36163282;user-type=mod :ddanniell!ddanniell@ddanniell.tmi.twitch.tv PRIVMSG #beringelamilgrau :!price merda
8/23/2019 12:42:54 AM: bot_stay_high - Received: @badge-info=;badges=;color=;display-name=bot_stay_high;emote-sets=0;mod=0;subscriber=0;user-type= :tmi.twitch.tv USERSTATE #beringelamilgrau
8/23/2019 12:43:00 AM: bot_stay_high - Received: @badge-info=subscriber/2;badges=vip/1,subscriber/0,bits-charity/1;color=#5F9EA0;display-name=Jean__;emotes=;flags=;id=23f47f69-5cab-4e5b-948f-2759d8874110;mod=0;room-id=443063688;subscriber=1;tmi-sent-ts=1566531780418;turbo=0;user-id=38479494;user-type= :jean__!jean__@jean__.tmi.twitch.tv PRIVMSG #beringelamilgrau :PepeLaugh
8/23/2019 12:43:04 AM: bot_stay_high - Received: @badge-info=;badges=vip/1;color=#FF69B4;display-name=rbruno018;emotes=;flags=;id=c0f88ec7-2b46-4f93-b7a6-8d6d39160260;mod=0;room-id=443063688;subscriber=0;tmi-sent-ts=1566531784123;turbo=0;user-id=216448313;user-type= :rbruno018!rbruno018@rbruno018.tmi.twitch.tv PRIVMSG #beringelamilgrau :OMEGALUL
8/23/2019 12:43:07 AM: bot_stay_high - Received: @badge-info=;badges=premium/1;color=#3AC6D0;display-name=Gabrigode;emotes=;flags=;id=6c3e6d5d-84a6-4f18-b950-d2ff1965738d;mod=0;room-id=443063688;subscriber=0;tmi-sent-ts=1566531787573;turbo=0;user-id=125402779;user-type= :gabrigode!gabrigode@gabrigode.tmi.twitch.tv PRIVMSG #beringelamilgrau :PepeLaugh
8/23/2019 12:43:09 AM: bot_stay_high - Received: @badge-info=subscriber/2;badges=vip/1,subscriber/0,bits-charity/1;color=#5F9EA0;display-name=Jean__;emotes=;flags=;id=62ae6806-e2d3-464a-b8ed-a73a2d613962;mod=0;room-id=443063688;subscriber=1;tmi-sent-ts=1566531789517;turbo=0;user-id=38479494;user-type= :jean__!jean__@jean__.tmi.twitch.tv PRIVMSG #beringelamilgrau :bot bom demais PepeLaugh
