8/23/2019 7:49:33 PM: bot_stay_high - Connecting to: wss://irc-ws.chat.twitch.tv:443
8/23/2019 7:49:34 PM: bot_stay_high - Should be connected!
8/23/2019 7:49:34 PM: bot_stay_high - Joining channel: beringelamilgrau
8/23/2019 7:49:34 PM: bot_stay_high - Received: :tmi.twitch.tv 001 bot_stay_high :Welcome, GLHF!
8/23/2019 7:49:34 PM: bot_stay_high - Received: :tmi.twitch.tv 002 bot_stay_high :Your host is tmi.twitch.tv
8/23/2019 7:49:34 PM: bot_stay_high - Received: :tmi.twitch.tv 003 bot_stay_high :This server is rather new
8/23/2019 7:49:34 PM: bot_stay_high - Received: :tmi.twitch.tv 004 bot_stay_high :-
8/23/2019 7:49:34 PM: bot_stay_high - Received: :tmi.twitch.tv 375 bot_stay_high :-
8/23/2019 7:49:34 PM: bot_stay_high - Received: :tmi.twitch.tv 372 bot_stay_high :You are in a maze of twisty passages, all alike.
8/23/2019 7:49:34 PM: bot_stay_high - Received: :tmi.twitch.tv 376 bot_stay_high :>
8/23/2019 7:49:34 PM: bot_stay_high - Received: :tmi.twitch.tv CAP * ACK :twitch.tv/membership
8/23/2019 7:49:34 PM: bot_stay_high - Unaccounted for: :tmi.twitch.tv CAP * ACK :twitch.tv/membership
8/23/2019 7:49:34 PM: bot_stay_high - Received: :tmi.twitch.tv CAP * ACK :twitch.tv/commands
8/23/2019 7:49:34 PM: bot_stay_high - Unaccounted for: :tmi.twitch.tv CAP * ACK :twitch.tv/commands
8/23/2019 7:49:34 PM: bot_stay_high - Received: :tmi.twitch.tv CAP * ACK :twitch.tv/tags
8/23/2019 7:49:34 PM: bot_stay_high - Unaccounted for: :tmi.twitch.tv CAP * ACK :twitch.tv/tags
8/23/2019 7:49:34 PM: bot_stay_high - Received: :bot_stay_high!bot_stay_high@bot_stay_high.tmi.twitch.tv JOIN #beringelamilgrau
8/23/2019 7:49:34 PM: bot_stay_high - Received: :bot_stay_high.tmi.twitch.tv 353 bot_stay_high = #beringelamilgrau :bot_stay_high
8/23/2019 7:49:34 PM: bot_stay_high - Received: :bot_stay_high.tmi.twitch.tv 366 bot_stay_high #beringelamilgrau :End of /NAMES list
8/23/2019 7:49:34 PM: bot_stay_high - Finished channel joining queue.
8/23/2019 7:49:34 PM: bot_stay_high - Received: @badge-info=;badges=;color=;display-name=bot_stay_high;emote-sets=0;mod=0;subscriber=0;user-type= :tmi.twitch.tv USERSTATE #beringelamilgrau
8/23/2019 7:49:34 PM: bot_stay_high - Received: @emote-only=0;followers-only=-1;r9k=0;rituals=0;room-id=443063688;slow=0;subs-only=0 :tmi.twitch.tv ROOMSTATE #beringelamilgrau
8/23/2019 7:49:35 PM: bot_stay_high - Finished channel joining queue.
8/23/2019 7:49:38 PM: bot_stay_high - Received: @badge-info=subscriber/2;badges=vip/1,subscriber/0,bits-charity/1;color=#5F9EA0;display-name=Jean__;emotes=;flags=;id=1feb14f4-94c8-4499-b88c-3f1407ce4c39;mod=0;room-id=443063688;subscriber=1;tmi-sent-ts=1566600577173;turbo=0;user-id=38479494;user-type= :jean__!jean__@jean__.tmi.twitch.tv PRIVMSG #beringelamilgrau :!price Pepega
8/23/2019 7:49:40 PM: bot_stay_high - Received: @badge-info=;badges=bits-charity/1;color=#DAA520;display-name=lucaesan;emotes=;flags=;id=f738cf28-4044-49e8-a6be-d4f24c9406bc;mod=0;room-id=443063688;subscriber=0;tmi-sent-ts=1566600578585;turbo=0;user-id=167039036;user-type= :lucaesan!lucaesan@lucaesan.tmi.twitch.tv PRIVMSG #beringelamilgrau :HACKERMANS Bot do luca aqui
8/23/2019 7:49:40 PM: bot_stay_high - Received: @badge-info=;badges=;color=;display-name=bot_stay_high;emote-sets=0;mod=0;subscriber=0;user-type= :tmi.twitch.tv USERSTATE #beringelamilgrau
8/23/2019 7:49:43 PM: bot_stay_high - Received: @badge-info=;badges=vip/1,premium/1;color=#D8FF00;display-name=guillapre;emotes=;flags=;id=7c12dab4-96b9-4996-84f1-5fb1c6be0b24;mod=0;room-id=443063688;subscriber=0;tmi-sent-ts=1566600582247;turbo=0;user-id=157919745;user-type= :guillapre!guillapre@guillapre.tmi.twitch.tv PRIVMSG #beringelamilgrau :discord tem pra mobile tb...
8/23/2019 7:49:50 PM: bot_stay_high - Received: @badge-info=subscriber/2;badges=vip/1,subscriber/0,bits-charity/1;color=#5F9EA0;display-name=Jean__;emotes=;flags=;id=5be1d3bd-56f6-49af-99ed-d9729996a402;mod=0;room-id=443063688;subscriber=1;tmi-sent-ts=1566600589177;turbo=0;user-id=38479494;user-type= :jean__!jean__@jean__.tmi.twitch.tv PRIVMSG #beringelamilgrau :FeelsOkayMan
8/23/2019 7:49:52 PM: bot_stay_high - Received: @badge-info=;badges=moderator/1;color=#008000;display-name=TONYXZERO;emotes=;flags=;id=11f49c2f-27e3-4864-ae0e-ba1149b26dc8;mod=1;room-id=443063688;subscriber=0;tmi-sent-ts=1566600590887;turbo=0;user-id=38731171;user-type=mod :tonyxzero!tonyxzero@tonyxzero.tmi.twitch.tv PRIVMSG #beringelamilgrau :DANICHAN OMEGALUL
8/23/2019 7:50:08 PM: bot_stay_high - Received: @badge-info=subscriber/2;badges=vip/1,subscriber/0,bits-charity/1;color=#5F9EA0;display-name=Jean__;emotes=;flags=;id=1359ee0c-e43d-4bc8-bec8-650a7a6f6c38;mod=0;room-id=443063688;subscriber=1;tmi-sent-ts=1566600607544;turbo=0;user-id=38479494;user-type= :jean__!jean__@jean__.tmi.twitch.tv PRIVMSG #beringelamilgrau :Hisaagi, usa o price sem colocar o jogo Pepega
8/23/2019 7:50:08 PM: bot_stay_high - Received: @badge-info=;badges=moderator/1;color=#008000;display-name=TONYXZERO;emotes=;flags=;id=e163606f-c795-4dba-a257-ea122c97a3f5;mod=1;room-id=443063688;subscriber=0;tmi-sent-ts=1566600607683;turbo=0;user-id=38731171;user-type=mod :tonyxzero!tonyxzero@tonyxzero.tmi.twitch.tv PRIVMSG #beringelamilgrau :Pepega
8/23/2019 7:50:14 PM: bot_stay_high - Received: @badge-info=;badges=bits-charity/1;color=#DAA520;display-name=lucaesan;emotes=;flags=;id=d8dc4c74-3da6-4000-a6d3-1bd4d4ef632c;mod=0;room-id=443063688;subscriber=0;tmi-sent-ts=1566600613399;turbo=0;user-id=167039036;user-type= :lucaesan!lucaesan@lucaesan.tmi.twitch.tv PRIVMSG #beringelamilgrau :HACKERMANS
8/23/2019 7:50:32 PM: bot_stay_high - Received: @badge-info=;badges=moderator/1;color=#008000;display-name=TONYXZERO;emotes=;flags=;id=db5ef043-8f3a-4938-90fe-08d6ca90b5f4;mod=1;room-id=443063688;subscriber=0;tmi-sent-ts=1566600631262;turbo=0;user-id=38731171;user-type=mod :tonyxzero!tonyxzero@tonyxzero.tmi.twitch.tv PRIVMSG #beringelamilgrau :FeelsMan
8/23/2019 7:50:41 PM: bot_stay_high - Received: :hostmeraffle!hostmeraffle@hostmeraffle.tmi.twitch.tv JOIN #beringelamilgrau
8/23/2019 7:50:41 PM: bot_stay_high - Received: :botfumante!botfumante@botfumante.tmi.twitch.tv JOIN #beringelamilgrau
8/23/2019 7:50:41 PM: bot_stay_high - Received: :winsock!winsock@winsock.tmi.twitch.tv JOIN #beringelamilgrau
8/23/2019 7:50:41 PM: bot_stay_high - Received: :lucaesan!lucaesan@lucaesan.tmi.twitch.tv JOIN #beringelamilgrau
8/23/2019 7:50:41 PM: bot_stay_high - Received: :pedroazure!pedroazure@pedroazure.tmi.twitch.tv JOIN #beringelamilgrau
8/23/2019 7:50:41 PM: bot_stay_high - Received: :hisaagi!hisaagi@hisaagi.tmi.twitch.tv JOIN #beringelamilgrau
8/23/2019 7:50:41 PM: bot_stay_high - Received: :raphaelssk!raphaelssk@raphaelssk.tmi.twitch.tv JOIN #beringelamilgrau
8/23/2019 7:50:41 PM: bot_stay_high - Received: :jean__!jean__@jean__.tmi.twitch.tv JOIN #beringelamilgrau
8/23/2019 7:50:41 PM: bot_stay_high - Received: :s1faka!s1faka@s1faka.tmi.twitch.tv JOIN #beringelamilgrau
8/23/2019 7:50:41 PM: bot_stay_high - Received: :lurxx!lurxx@lurxx.tmi.twitch.tv JOIN #beringelamilgrau
8/23/2019 7:50:41 PM: bot_stay_high - Received: :ddanniell!ddanniell@ddanniell.tmi.twitch.tv JOIN #beringelamilgrau
8/23/2019 7:50:41 PM: bot_stay_high - Received: :electricallongboard!electricallongboard@electricallongboard.tmi.twitch.tv JOIN #beringelamilgrau
8/23/2019 7:50:41 PM: bot_stay_high - Received: :streamlabs!streamlabs@streamlabs.tmi.twitch.tv JOIN #beringelamilgrau
8/23/2019 7:50:41 PM: bot_stay_high - Received: :biravg!biravg@biravg.tmi.twitch.tv JOIN #beringelamilgrau
8/23/2019 7:50:41 PM: bot_stay_high - Received: :alexisyuki!alexisyuki@alexisyuki.tmi.twitch.tv JOIN #beringelamilgrau
8/23/2019 7:50:41 PM: bot_stay_high - Received: :calibrelordal!calibrelordal@calibrelordal.tmi.twitch.tv JOIN #beringelamilgrau
8/23/2019 7:50:41 PM: bot_stay_high - Received: :lactuca_sativa!lactuca_sativa@lactuca_sativa.tmi.twitch.tv JOIN #beringelamilgrau
8/23/2019 7:50:41 PM: bot_stay_high - Received: :5uperted!5uperted@5uperted.tmi.twitch.tv JOIN #beringelamilgrau
8/23/2019 7:50:41 PM: bot_stay_high - Received: :nightbot!nightbot@nightbot.tmi.twitch.tv JOIN #beringelamilgrau
8/23/2019 7:50:41 PM: bot_stay_high - Received: :commanderroot!commanderroot@commanderroot.tmi.twitch.tv JOIN #beringelamilgrau
8/23/2019 7:50:42 PM: bot_stay_high - Received: :beringelamilgrau!beringelamilgrau@beringelamilgrau.tmi.twitch.tv JOIN #beringelamilgrau
8/23/2019 7:50:42 PM: bot_stay_high - Received: :tonyxzero!tonyxzero@tonyxzero.tmi.twitch.tv JOIN #beringelamilgrau
8/23/2019 7:50:42 PM: bot_stay_high - Received: :guillapre!guillapre@guillapre.tmi.twitch.tv JOIN #beringelamilgrau
8/23/2019 7:50:51 PM: bot_stay_high - Received: @badge-info=;badges=moderator/1;color=#008000;display-name=TONYXZERO;emotes=;flags=12-14:;id=0a8b488b-a5fa-495c-be5b-5dd926a4f928;mod=1;room-id=443063688;subscriber=0;tmi-sent-ts=1566600650051;turbo=0;user-id=38731171;user-type=mod :tonyxzero!tonyxzero@tonyxzero.tmi.twitch.tv PRIVMSG #beringelamilgrau :Gameplay de zap peepoSmart
8/23/2019 7:51:16 PM: bot_stay_high - Received: @badge-info=;badges=moderator/1;color=#008000;display-name=TONYXZERO;emotes=;flags=;id=c26e42a2-c425-40b1-9f47-f94d9f36fabd;mod=1;room-id=443063688;subscriber=0;tmi-sent-ts=1566600675615;turbo=0;user-id=38731171;user-type=mod :tonyxzero!tonyxzero@tonyxzero.tmi.twitch.tv PRIVMSG #beringelamilgrau :OMEGALUL
8/23/2019 7:51:20 PM: bot_stay_high - Received: @badge-info=;badges=vip/1;color=#008000;display-name=Hisaagi;emotes=;flags=;id=72f48244-1f26-4ded-b084-d2fb41922c7f;mod=0;room-id=443063688;subscriber=0;tmi-sent-ts=1566600679327;turbo=0;user-id=137774469;user-type= :hisaagi!hisaagi@hisaagi.tmi.twitch.tv PRIVMSG #beringelamilgrau :!price
8/23/2019 7:51:21 PM: bot_stay_high - Received: @badge-info=;badges=;color=;display-name=bot_stay_high;emote-sets=0;mod=0;subscriber=0;user-type= :tmi.twitch.tv USERSTATE #beringelamilgrau
8/23/2019 7:51:23 PM: bot_stay_high - Received: @badge-info=;badges=moderator/1,partner/1;color=#2E8B57;display-name=CalibreLordal;emotes=;flags=;id=ee8c57b9-1236-462f-a307-eadbdcdb77ce;mod=1;room-id=443063688;subscriber=0;tmi-sent-ts=1566600682439;turbo=0;user-id=94381006;user-type=mod :calibrelordal!calibrelordal@calibrelordal.tmi.twitch.tv PRIVMSG #beringelamilgrau :uhum vo manda pelo discird peepoSmart
8/23/2019 7:51:24 PM: bot_stay_high - Received: @badge-info=;badges=vip/1;color=#008000;display-name=Hisaagi;emotes=;flags=;id=8178a003-16a5-4781-b2fc-c07131b759ae;mod=0;room-id=443063688;subscriber=0;tmi-sent-ts=1566600683319;turbo=0;user-id=137774469;user-type= :hisaagi!hisaagi@hisaagi.tmi.twitch.tv PRIVMSG #beringelamilgrau :OMEGALUL
8/23/2019 7:51:27 PM: bot_stay_high - Received: @badge-info=subscriber/2;badges=vip/1,subscriber/0,bits-charity/1;color=#5F9EA0;display-name=Jean__;emotes=;flags=;id=40d05b16-155f-45ba-aac8-4f337fbd7171;mod=0;room-id=443063688;subscriber=1;tmi-sent-ts=1566600686440;turbo=0;user-id=38479494;user-type= :jean__!jean__@jean__.tmi.twitch.tv PRIVMSG #beringelamilgrau :PepeLaugh
8/23/2019 7:51:30 PM: bot_stay_high - Received: @badge-info=;badges=moderator/1;color=#008000;display-name=TONYXZERO;emotes=;flags=;id=376095ac-33b9-468f-ac0e-1aac504247c4;mod=1;room-id=443063688;subscriber=0;tmi-sent-ts=1566600689091;turbo=0;user-id=38731171;user-type=mod :tonyxzero!tonyxzero@tonyxzero.tmi.twitch.tv PRIVMSG #beringelamilgrau :J? mandaram um shitpost pro Daniel FeelsMan
8/23/2019 7:51:41 PM: bot_stay_high - Received: @badge-info=;badges=vip/1,premium/1;color=#D8FF00;display-name=guillapre;emotes=;flags=;id=0c0fd993-1098-443c-9278-897f333b52c9;mod=0;room-id=443063688;subscriber=0;tmi-sent-ts=1566600700440;turbo=0;user-id=157919745;user-type= :guillapre!guillapre@guillapre.tmi.twitch.tv PRIVMSG #beringelamilgrau :achei que era aqui FeelsOkayMan
8/23/2019 7:52:00 PM: bot_stay_high - Received: @badge-info=;badges=moderator/1,partner/1;color=#2E8B57;display-name=CalibreLordal;emotes=1772890:28-35;flags=;id=42b3e7b0-a08a-4a34-bb8e-a972c07e4ff2;mod=1;room-id=443063688;subscriber=0;tmi-sent-ts=1566600718883;turbo=0;user-id=94381006;user-type=mod :calibrelordal!calibrelordal@calibrelordal.tmi.twitch.tv PRIVMSG #beringelamilgrau :ah ? uma daijoubu mesmo n?? lordsSip que vcs querem de emote
8/23/2019 7:52:03 PM: bot_stay_high - Received: @badge-info=;badges=premium/1;color=#34B16F;display-name=leafjat;emotes=;flags=;id=a8ffa62f-e3ff-47ef-aa40-eff1df7e6901;mod=0;room-id=443063688;subscriber=0;tmi-sent-ts=1566600722119;turbo=0;user-id=424124612;user-type= :leafjat!leafjat@leafjat.tmi.twitch.tv PRIVMSG #beringelamilgrau :minha raid aai ou nao sai?
8/23/2019 7:52:07 PM: bot_stay_high - Received: @badge-info=;badges=moderator/1,partner/1;color=#2E8B57;display-name=CalibreLordal;emotes=;flags=;id=ae4241af-26d0-428e-8841-f67576aaba2f;mod=1;room-id=443063688;subscriber=0;tmi-sent-ts=1566600726265;turbo=0;user-id=94381006;user-type=mod :calibrelordal!calibrelordal@calibrelordal.tmi.twitch.tv PRIVMSG #beringelamilgrau :esqueci de perguntar esse detalhe Pepega
8/23/2019 7:52:13 PM: bot_stay_high - Received: @badge-info=;badges=moderator/1;color=#008000;display-name=TONYXZERO;emotes=;flags=;id=4062831d-67c7-4884-ade0-9d8da504a04d;mod=1;room-id=443063688;subscriber=0;tmi-sent-ts=1566600732254;turbo=0;user-id=38731171;user-type=mod :tonyxzero!tonyxzero@tonyxzero.tmi.twitch.tv PRIVMSG #beringelamilgrau :FeelsMan
8/23/2019 7:52:21 PM: bot_stay_high - Received: @badge-info=;badges=moderator/1,partner/1;color=#2E8B57;display-name=CalibreLordal;emotes=;flags=;id=7c5718df-28c7-4e35-af12-db9e5846d863;mod=1;room-id=443063688;subscriber=0;tmi-sent-ts=1566600740137;turbo=0;user-id=94381006;user-type=mod :calibrelordal!calibrelordal@calibrelordal.tmi.twitch.tv PRIVMSG #beringelamilgrau :esqueci de perguntar o principal peepoSmart
8/23/2019 7:52:27 PM: bot_stay_high - Received: @badge-info=;badges=moderator/1;color=#008000;display-name=TONYXZERO;emotes=;flags=;id=df196c81-5cfe-4e92-98b1-176f072192a1;mod=1;room-id=443063688;subscriber=0;tmi-sent-ts=1566600746108;turbo=0;user-id=38731171;user-type=mod :tonyxzero!tonyxzero@tonyxzero.tmi.twitch.tv PRIVMSG #beringelamilgrau :peepoSmart
8/23/2019 7:52:33 PM: bot_stay_high - Received: @badge-info=;badges=moderator/1,partner/1;color=#2E8B57;display-name=CalibreLordal;emotes=;flags=;id=e4e02bef-ee11-44b2-9df3-3da61bd4dd09;mod=1;room-id=443063688;subscriber=0;tmi-sent-ts=1566600752249;turbo=0;user-id=94381006;user-type=mod :calibrelordal!calibrelordal@calibrelordal.tmi.twitch.tv PRIVMSG #beringelamilgrau :semana que vem j? come?o peepoSmart
8/23/2019 7:52:37 PM: bot_stay_high - Received: @badge-info=;badges=moderator/1;color=#008000;display-name=TONYXZERO;emotes=;flags=15-17:;id=c64e3c3e-8d11-4b40-a094-ea3a15d8f424;mod=1;room-id=443063688;subscriber=0;tmi-sent-ts=1566600756613;turbo=0;user-id=38731171;user-type=mod :tonyxzero!tonyxzero@tonyxzero.tmi.twitch.tv PRIVMSG #beringelamilgrau :Quem entrar no zap tbm Ellem??? FeelsOkayMan
8/23/2019 7:52:43 PM: bot_stay_high - Received: @badge-info=;badges=moderator/1,partner/1;color=#2E8B57;display-name=CalibreLordal;emotes=;flags=;id=ecfe3470-9f35-455e-a59b-44210f2f2b2d;mod=1;room-id=443063688;subscriber=0;tmi-sent-ts=1566600762087;turbo=0;user-id=94381006;user-type=mod :calibrelordal!calibrelordal@calibrelordal.tmi.twitch.tv PRIVMSG #beringelamilgrau :to cabando as badges da larxa aqui peepoPants
8/23/2019 7:52:43 PM: bot_stay_high - Received: @badge-info=subscriber/2;badges=vip/1,subscriber/0,bits-charity/1;color=#5F9EA0;display-name=Jean__;emotes=;flags=;id=3eee00e6-d59c-4c5a-a57a-f8c889d8b3fa;mod=0;room-id=443063688;subscriber=1;tmi-sent-ts=1566600762493;turbo=0;user-id=38479494;user-type= :jean__!jean__@jean__.tmi.twitch.tv PRIVMSG #beringelamilgrau :!maluco /ban leafjat
8/23/2019 7:52:44 PM: bot_stay_high - Received: @badge-info=;badges=moderator/1,partner/1;color=#7C7CE1;display-name=Nightbot;emotes=;flags=;id=f8bec42b-fe61-4a0c-bc3c-29e7414ac5dc;mod=1;room-id=443063688;subscriber=0;tmi-sent-ts=1566600763019;turbo=0;user-id=19264788;user-type=mod :nightbot!nightbot@nightbot.tmi.twitch.tv PRIVMSG #beringelamilgrau :Server commands other than /me are blocked.
8/23/2019 7:52:46 PM: bot_stay_high - Received: @badge-info=;badges=premium/1;color=#34B16F;display-name=leafjat;emotes=;flags=;id=7d7922c2-4930-4682-b7f8-27a7f9d64566;mod=0;room-id=443063688;subscriber=0;tmi-sent-ts=1566600765667;turbo=0;user-id=424124612;user-type= :leafjat!leafjat@leafjat.tmi.twitch.tv PRIVMSG #beringelamilgrau :to tao triste, alguem me da um emote
8/23/2019 7:52:48 PM: bot_stay_high - Received: @badge-info=;badges=moderator/1;color=#008000;display-name=TONYXZERO;emotes=;flags=;id=e7b5c3cf-ebc9-41b6-8b5f-7a850db48373;mod=1;room-id=443063688;subscriber=0;tmi-sent-ts=1566600767614;turbo=0;user-id=38731171;user-type=mod :tonyxzero!tonyxzero@tonyxzero.tmi.twitch.tv PRIVMSG #beringelamilgrau :D:
8/23/2019 7:52:48 PM: bot_stay_high - Received: @badge-info=subscriber/2;badges=vip/1,subscriber/0,bits-charity/1;color=#5F9EA0;display-name=Jean__;emotes=;flags=;id=1dda2c5c-b270-41bf-8e65-fbe9e81f28fd;mod=0;room-id=443063688;subscriber=1;tmi-sent-ts=1566600767719;turbo=0;user-id=38479494;user-type= :jean__!jean__@jean__.tmi.twitch.tv PRIVMSG #beringelamilgrau :PepeLaugh
8/23/2019 7:52:52 PM: bot_stay_high - Received: @badge-info=;badges=vip/1,premium/1;color=#D8FF00;display-name=guillapre;emotes=;flags=;id=cc3c5157-c05c-4e7a-bf43-23e6d5dd0e78;mod=0;room-id=443063688;subscriber=0;tmi-sent-ts=1566600771127;turbo=0;user-id=157919745;user-type= :guillapre!guillapre@guillapre.tmi.twitch.tv PRIVMSG #beringelamilgrau :D:
8/23/2019 7:52:53 PM: bot_stay_high - Received: @badge-info=;badges=vip/1;color=#008000;display-name=Hisaagi;emotes=;flags=;id=1cb1dab9-6a1a-46e1-9cf1-adaed46e0da6;mod=0;room-id=443063688;subscriber=0;tmi-sent-ts=1566600771868;turbo=0;user-id=137774469;user-type= :hisaagi!hisaagi@hisaagi.tmi.twitch.tv PRIVMSG #beringelamilgrau :ellen vai ver minhas mensagens de bom dia FeelsOkayMan
8/23/2019 7:53:13 PM: bot_stay_high - Received: @badge-info=;badges=moderator/1;color=#008000;display-name=TONYXZERO;emotes=;flags=36-48:P.6/S.6;id=eaed2aea-772a-470f-b71e-3bb02fc692f7;mod=1;room-id=443063688;subscriber=0;tmi-sent-ts=1566600792190;turbo=0;user-id=38731171;user-type=mod :tonyxzero!tonyxzero@tonyxzero.tmi.twitch.tv PRIVMSG #beringelamilgrau :!addquote "Eu quero mandar um Mario abrindo o cu, cade ele?" -Daniel
8/23/2019 7:53:14 PM: bot_stay_high - Received: @badge-info=;badges=moderator/1,partner/1;color=#7C7CE1;display-name=Nightbot;emotes=;flags=;id=199fd483-1e57-462d-b3ea-faf5375d0591;mod=1;room-id=443063688;subscriber=0;tmi-sent-ts=1566600792937;turbo=0;user-id=19264788;user-type=mod :nightbot!nightbot@nightbot.tmi.twitch.tv PRIVMSG #beringelamilgrau :Successfully added entry #154
8/23/2019 7:53:14 PM: bot_stay_high - Received: @badge-info=;badges=vip/1,premium/1;color=#D8FF00;display-name=guillapre;emotes=;flags=;id=7bae9221-fc1f-45f0-8850-168fdb5bd8e5;mod=0;room-id=443063688;subscriber=0;tmi-sent-ts=1566600793313;turbo=0;user-id=157919745;user-type= :guillapre!guillapre@guillapre.tmi.twitch.tv PRIVMSG #beringelamilgrau :ddanniell experimentando novas tecnologias
8/23/2019 7:53:19 PM: bot_stay_high - Received: @badge-info=;badges=moderator/1;color=#008000;display-name=TONYXZERO;emotes=;flags=;id=a7e5f115-6aa6-4877-ad3e-4c800a8125d1;mod=1;room-id=443063688;subscriber=0;tmi-sent-ts=1566600798269;turbo=0;user-id=38731171;user-type=mod :tonyxzero!tonyxzero@tonyxzero.tmi.twitch.tv PRIVMSG #beringelamilgrau :FeelsMan
8/23/2019 7:53:23 PM: bot_stay_high - Received: @badge-info=;badges=premium/1;color=#34B16F;display-name=leafjat;emotes=;flags=16-18:;id=2ed9f074-0056-4e73-84b0-7ef98c0a50c2;mod=0;room-id=443063688;subscriber=0;tmi-sent-ts=1566600802213;turbo=0;user-id=424124612;user-type= :leafjat!leafjat@leafjat.tmi.twitch.tv PRIVMSG #beringelamilgrau :quero entrar no zap
8/23/2019 7:53:28 PM: bot_stay_high - Received: @badge-info=;badges=moderator/1,partner/1;color=#2E8B57;display-name=CalibreLordal;emotes=;flags=;id=65c78b8f-428c-45d7-b741-24dd742614f5;mod=1;room-id=443063688;subscriber=0;tmi-sent-ts=1566600807797;turbo=0;user-id=94381006;user-type=mod :calibrelordal!calibrelordal@calibrelordal.tmi.twitch.tv PRIVMSG #beringelamilgrau :ele nao tem figurinhas PepeHands
8/23/2019 7:53:35 PM: bot_stay_high - Received: @badge-info=;badges=moderator/1;color=#008000;display-name=TONYXZERO;emotes=;flags=0-47:;id=bde79641-8ca1-42d0-91d7-b3f8aefe9dab;mod=1;room-id=443063688;subscriber=0;tmi-sent-ts=1566600814123;turbo=0;user-id=38731171;user-type=mod :tonyxzero!tonyxzero@tonyxzero.tmi.twitch.tv PRIVMSG #beringelamilgrau :https://chat.whatsapp.com/FXL8lWEz3tXCJkiXrDArY3
8/23/2019 7:53:44 PM: bot_stay_high - Received: :leafjat!leafjat@leafjat.tmi.twitch.tv JOIN #beringelamilgrau
8/23/2019 7:53:44 PM: bot_stay_high - Received: @badge-info=subscriber/2;badges=vip/1,subscriber/0,bits-charity/1;color=#5F9EA0;display-name=Jean__;emotes=;flags=;id=bdefb1db-c26f-41ae-9e1b-9547eca506c2;mod=0;room-id=443063688;subscriber=1;tmi-sent-ts=1566600823591;turbo=0;user-id=38479494;user-type= :jean__!jean__@jean__.tmi.twitch.tv PRIVMSG #beringelamilgrau :ConcernFroge
8/23/2019 7:53:44 PM: bot_stay_high - Received: @badge-info=;badges=moderator/1;color=#008000;display-name=TONYXZERO;emotes=;flags=;id=3c4e69a5-4f9b-41f0-a3e3-e3b48f51bddf;mod=1;room-id=443063688;subscriber=0;tmi-sent-ts=1566600823743;turbo=0;user-id=38731171;user-type=mod :tonyxzero!tonyxzero@tonyxzero.tmi.twitch.tv PRIVMSG #beringelamilgrau :Estejam convidados peepoSleepo
8/23/2019 7:53:49 PM: bot_stay_high - Received: @badge-info=;badges=vip/1,premium/1;color=#D8FF00;display-name=guillapre;emotes=;flags=;id=d442547a-6e53-4905-bde7-0bdcd214b5ab;mod=0;room-id=443063688;subscriber=0;tmi-sent-ts=1566600828770;turbo=0;user-id=157919745;user-type= :guillapre!guillapre@guillapre.tmi.twitch.tv PRIVMSG #beringelamilgrau :D:
8/23/2019 7:53:54 PM: bot_stay_high - Received: @badge-info=;badges=vip/1,premium/1;color=#D8FF00;display-name=guillapre;emotes=;flags=;id=3d0434b5-bf10-4075-90e9-bc179f6ee520;mod=0;room-id=443063688;subscriber=0;tmi-sent-ts=1566600833597;turbo=0;user-id=157919745;user-type= :guillapre!guillapre@guillapre.tmi.twitch.tv PRIVMSG #beringelamilgrau :n sei se entro nisso ai
8/23/2019 7:54:01 PM: bot_stay_high - Received: @badge-info=;badges=moderator/1;color=#008000;display-name=TONYXZERO;emotes=;flags=;id=471a40f0-6fd0-41d3-938e-265d367d1b4b;mod=1;room-id=443063688;subscriber=0;tmi-sent-ts=1566600840076;turbo=0;user-id=38731171;user-type=mod :tonyxzero!tonyxzero@tonyxzero.tmi.twitch.tv PRIVMSG #beringelamilgrau :FeelsOkayMan
8/23/2019 7:54:21 PM: bot_stay_high - Received: @badge-info=;badges=vip/1;color=#008000;display-name=Hisaagi;emotes=;flags=;id=a2e056d9-891a-4914-8d32-bef8cbb15b89;mod=0;room-id=443063688;subscriber=0;tmi-sent-ts=1566600860477;turbo=0;user-id=137774469;user-type= :hisaagi!hisaagi@hisaagi.tmi.twitch.tv PRIVMSG #beringelamilgrau :FeelsOkayMan
8/23/2019 7:54:26 PM: bot_stay_high - Received: @badge-info=;badges=moderator/1;color=#008000;display-name=TONYXZERO;emotes=;flags=;id=f5e29d80-3f9c-45c1-a67d-163cc872a98d;mod=1;room-id=443063688;subscriber=0;tmi-sent-ts=1566600865620;turbo=0;user-id=38731171;user-type=mod :tonyxzero!tonyxzero@tonyxzero.tmi.twitch.tv PRIVMSG #beringelamilgrau :Vc q entrou Guila?? OhISee
8/23/2019 7:54:34 PM: bot_stay_high - Received: PING :tmi.twitch.tv
8/23/2019 7:54:34 PM: bot_stay_high - Writing: PONG
8/23/2019 7:54:35 PM: bot_stay_high - Received: @badge-info=;badges=vip/1,premium/1;color=#D8FF00;display-name=guillapre;emotes=;flags=;id=24466c8f-fb07-4146-9861-26e9da28c155;mod=0;room-id=443063688;subscriber=0;tmi-sent-ts=1566600874592;turbo=0;user-id=157919745;user-type= :guillapre!guillapre@guillapre.tmi.twitch.tv PRIVMSG #beringelamilgrau :eu n
8/23/2019 7:54:44 PM: bot_stay_high - Received: @badge-info=;badges=moderator/1;color=#008000;display-name=TONYXZERO;emotes=;flags=;id=f73d4559-9fde-4b84-a22c-3f3f7136c8aa;mod=1;room-id=443063688;subscriber=0;tmi-sent-ts=1566600883507;turbo=0;user-id=38731171;user-type=mod :tonyxzero!tonyxzero@tonyxzero.tmi.twitch.tv PRIVMSG #beringelamilgrau :Ent?o foi o Leaf peepoSmart
8/23/2019 7:54:44 PM: bot_stay_high - Received: @badge-info=;badges=moderator/1,partner/1;color=#2E8B57;display-name=CalibreLordal;emotes=;flags=;id=4602cd40-4d12-4a68-8a02-1bbcbc03ecf8;mod=1;room-id=443063688;subscriber=0;tmi-sent-ts=1566600883583;turbo=0;user-id=94381006;user-type=mod :calibrelordal!calibrelordal@calibrelordal.tmi.twitch.tv PRIVMSG #beringelamilgrau :HACKERMANS fui eu
8/23/2019 7:54:44 PM: bot_stay_high - Received: @badge-info=;badges=vip/1,premium/1;color=#D8FF00;display-name=guillapre;emotes=;flags=;id=d4f2939a-a25a-412b-a1c7-3c200fd85933;mod=0;room-id=443063688;subscriber=0;tmi-sent-ts=1566600883633;turbo=0;user-id=157919745;user-type= :guillapre!guillapre@guillapre.tmi.twitch.tv PRIVMSG #beringelamilgrau :c ? loko Pepega
8/23/2019 7:54:48 PM: bot_stay_high - Received: @badge-info=;badges=moderator/1,partner/1;color=#2E8B57;display-name=CalibreLordal;emotes=;flags=;id=1267173d-19dc-46ec-a485-f94a45f371dc;mod=1;room-id=443063688;subscriber=0;tmi-sent-ts=1566600887347;turbo=0;user-id=94381006;user-type=mod :calibrelordal!calibrelordal@calibrelordal.tmi.twitch.tv PRIVMSG #beringelamilgrau :mentira n fui
8/23/2019 7:55:02 PM: bot_stay_high - Received: @badge-info=;badges=moderator/1;color=#008000;display-name=TONYXZERO;emotes=;flags=;id=aaa3ba19-f0de-4b58-a6ad-d63f7a2e4edf;mod=1;room-id=443063688;subscriber=0;tmi-sent-ts=1566600900885;turbo=0;user-id=38731171;user-type=mod :tonyxzero!tonyxzero@tonyxzero.tmi.twitch.tv PRIVMSG #beringelamilgrau :Ent?o a Ellem tem barba mesmo D:
8/23/2019 7:55:02 PM: bot_stay_high - Received: @badge-info=subscriber/2;badges=vip/1,subscriber/0,bits-charity/1;color=#5F9EA0;display-name=Jean__;emotes=;flags=;id=16b1215b-b151-4547-ab8d-23c1525a52fb;mod=0;room-id=443063688;subscriber=1;tmi-sent-ts=1566600901582;turbo=0;user-id=38479494;user-type= :jean__!jean__@jean__.tmi.twitch.tv PRIVMSG #beringelamilgrau :ConcernFroge
8/23/2019 7:55:33 PM: bot_stay_high - Received: @badge-info=;badges=moderator/1,partner/1;color=#2E8B57;display-name=CalibreLordal;emotes=;flags=;id=405ef40f-c25a-4ee3-8845-f1d728ec6c40;mod=1;room-id=443063688;subscriber=0;tmi-sent-ts=1566600932067;turbo=0;user-id=94381006;user-type=mod :calibrelordal!calibrelordal@calibrelordal.tmi.twitch.tv PRIVMSG #beringelamilgrau :eu disse que eu tinha
8/23/2019 7:55:35 PM: bot_stay_high - Received: @badge-info=;badges=moderator/1,partner/1;color=#2E8B57;display-name=CalibreLordal;emotes=;flags=;id=87561065-24a7-4572-b40d-6ce5592a39a1;mod=1;room-id=443063688;subscriber=0;tmi-sent-ts=1566600934029;turbo=0;user-id=94381006;user-type=mod :calibrelordal!calibrelordal@calibrelordal.tmi.twitch.tv PRIVMSG #beringelamilgrau :peepoPants
8/23/2019 7:55:37 PM: bot_stay_high - Received: @badge-info=subscriber/2;badges=vip/1,subscriber/0,bits-charity/1;color=#5F9EA0;display-name=Jean__;emotes=;flags=;id=5fd7c412-ceae-4c1e-87c1-5572cca5c0d1;mod=0;room-id=443063688;subscriber=1;tmi-sent-ts=1566600935979;turbo=0;user-id=38479494;user-type= :jean__!jean__@jean__.tmi.twitch.tv PRIVMSG #beringelamilgrau :ConcernFroge
8/23/2019 7:55:55 PM: bot_stay_high - Received: @badge-info=;badges=moderator/1;color=#008000;display-name=TONYXZERO;emotes=;flags=;id=02171561-b428-452b-8b93-5b4627463f59;mod=1;room-id=443063688;subscriber=0;tmi-sent-ts=1566600954369;turbo=0;user-id=38731171;user-type=mod :tonyxzero!tonyxzero@tonyxzero.tmi.twitch.tv PRIVMSG #beringelamilgrau :Foi o Leaf peepoSip
8/23/2019 7:55:59 PM: bot_stay_high - Received: @badge-info=;badges=moderator/1,partner/1;color=#2E8B57;display-name=CalibreLordal;emotes=;flags=;id=974f938e-3402-4b5b-b0e9-5440bb092e42;mod=1;room-id=443063688;subscriber=0;tmi-sent-ts=1566600958379;turbo=0;user-id=94381006;user-type=mod :calibrelordal!calibrelordal@calibrelordal.tmi.twitch.tv PRIVMSG #beringelamilgrau :mt obrigada de novo por passarem o comando pra mim FeelsBirthdayMan
8/23/2019 7:56:03 PM: bot_stay_high - Received: @badge-info=;badges=moderator/1;color=#008000;display-name=TONYXZERO;emotes=;flags=;id=a31016e4-c35b-4d9e-9db7-cffa9947c53e;mod=1;room-id=443063688;subscriber=0;tmi-sent-ts=1566600962537;turbo=0;user-id=38731171;user-type=mod :tonyxzero!tonyxzero@tonyxzero.tmi.twitch.tv PRIVMSG #beringelamilgrau :Agora foio Guila FeelsMan
8/23/2019 7:56:10 PM: bot_stay_high - Received: @badge-info=;badges=moderator/1;color=#008000;display-name=TONYXZERO;emotes=;flags=;id=898ba6ec-8005-4780-9197-d82f98296daf;mod=1;room-id=443063688;subscriber=0;tmi-sent-ts=1566600968855;turbo=0;user-id=38731171;user-type=mod :tonyxzero!tonyxzero@tonyxzero.tmi.twitch.tv PRIVMSG #beringelamilgrau :Nada Ellens peepoSip
8/23/2019 7:56:19 PM: bot_stay_high - Received: @badge-info=;badges=moderator/1,partner/1;color=#2E8B57;display-name=CalibreLordal;emotes=;flags=;id=2fcb1619-5c73-4ff7-84f8-994f1b9fd2d8;mod=1;room-id=443063688;subscriber=0;tmi-sent-ts=1566600978423;turbo=0;user-id=94381006;user-type=mod :calibrelordal!calibrelordal@calibrelordal.tmi.twitch.tv PRIVMSG #beringelamilgrau :peepoSip
