8/22/2019 8:22:06 PM: botfumante - Connecting to: wss://irc-ws.chat.twitch.tv:443
8/22/2019 8:22:07 PM: botfumante - Should be connected!
8/22/2019 8:22:07 PM: botfumante - Joining channel: beringelamilgrau
8/22/2019 8:22:08 PM: botfumante - Received: :tmi.twitch.tv 001 botfumante :Welcome, GLHF!
8/22/2019 8:22:08 PM: botfumante - Received: :tmi.twitch.tv 002 botfumante :Your host is tmi.twitch.tv
8/22/2019 8:22:08 PM: botfumante - Received: :tmi.twitch.tv 003 botfumante :This server is rather new
8/22/2019 8:22:08 PM: botfumante - Received: :tmi.twitch.tv 004 botfumante :-
8/22/2019 8:22:08 PM: botfumante - Received: :tmi.twitch.tv 375 botfumante :-
8/22/2019 8:22:08 PM: botfumante - Received: :tmi.twitch.tv 372 botfumante :You are in a maze of twisty passages, all alike.
8/22/2019 8:22:08 PM: botfumante - Received: :tmi.twitch.tv 376 botfumante :>
8/22/2019 8:22:08 PM: botfumante - Received: :tmi.twitch.tv CAP * ACK :twitch.tv/membership
8/22/2019 8:22:08 PM: botfumante - Unaccounted for: :tmi.twitch.tv CAP * ACK :twitch.tv/membership
8/22/2019 8:22:08 PM: botfumante - Received: :tmi.twitch.tv CAP * ACK :twitch.tv/commands
8/22/2019 8:22:08 PM: botfumante - Unaccounted for: :tmi.twitch.tv CAP * ACK :twitch.tv/commands
8/22/2019 8:22:08 PM: botfumante - Received: :tmi.twitch.tv CAP * ACK :twitch.tv/tags
8/22/2019 8:22:08 PM: botfumante - Unaccounted for: :tmi.twitch.tv CAP * ACK :twitch.tv/tags
8/22/2019 8:22:08 PM: botfumante - Received: :botfumante!botfumante@botfumante.tmi.twitch.tv JOIN #beringelamilgrau
8/22/2019 8:22:08 PM: botfumante - Received: :botfumante.tmi.twitch.tv 353 botfumante = #beringelamilgrau :botfumante
8/22/2019 8:22:08 PM: botfumante - Received: :botfumante.tmi.twitch.tv 366 botfumante #beringelamilgrau :End of /NAMES list
8/22/2019 8:22:08 PM: botfumante - Finished channel joining queue.
8/22/2019 8:22:08 PM: botfumante - Received: @badge-info=;badges=;color=;display-name=BotFumante;emote-sets=0;mod=0;subscriber=0;user-type= :tmi.twitch.tv USERSTATE #beringelamilgrau
8/22/2019 8:22:08 PM: botfumante - Received: @emote-only=0;followers-only=-1;r9k=0;rituals=0;room-id=443063688;slow=0;subs-only=0 :tmi.twitch.tv ROOMSTATE #beringelamilgrau
8/22/2019 8:22:08 PM: botfumante - Finished channel joining queue.
8/22/2019 8:22:39 PM: botfumante - Received: :streamlabs!streamlabs@streamlabs.tmi.twitch.tv JOIN #beringelamilgrau
8/22/2019 8:22:39 PM: botfumante - Received: :beringelamilgrau!beringelamilgrau@beringelamilgrau.tmi.twitch.tv JOIN #beringelamilgrau
8/22/2019 8:22:39 PM: botfumante - Received: :commanderroot!commanderroot@commanderroot.tmi.twitch.tv JOIN #beringelamilgrau
8/22/2019 8:22:39 PM: botfumante - Received: :lucaesan!lucaesan@lucaesan.tmi.twitch.tv JOIN #beringelamilgrau
8/22/2019 8:22:39 PM: botfumante - Received: :um_fido!um_fido@um_fido.tmi.twitch.tv JOIN #beringelamilgrau
8/22/2019 8:22:39 PM: botfumante - Received: :montee_waffle!montee_waffle@montee_waffle.tmi.twitch.tv JOIN #beringelamilgrau
8/22/2019 8:22:39 PM: botfumante - Received: :ixlimpoke!ixlimpoke@ixlimpoke.tmi.twitch.tv JOIN #beringelamilgrau
8/22/2019 8:22:39 PM: botfumante - Received: :tonyxzero!tonyxzero@tonyxzero.tmi.twitch.tv JOIN #beringelamilgrau
8/22/2019 8:22:39 PM: botfumante - Received: :guillapre!guillapre@guillapre.tmi.twitch.tv JOIN #beringelamilgrau
8/22/2019 8:22:39 PM: botfumante - Received: :hisaagi!hisaagi@hisaagi.tmi.twitch.tv JOIN #beringelamilgrau
8/22/2019 8:22:39 PM: botfumante - Received: :clip_clock!clip_clock@clip_clock.tmi.twitch.tv JOIN #beringelamilgrau
8/22/2019 8:22:39 PM: botfumante - Received: :michelle_rezende!michelle_rezende@michelle_rezende.tmi.twitch.tv JOIN #beringelamilgrau
8/22/2019 8:22:39 PM: botfumante - Received: :don_torelli!don_torelli@don_torelli.tmi.twitch.tv JOIN #beringelamilgrau
8/22/2019 8:22:39 PM: botfumante - Received: :alexisyuki!alexisyuki@alexisyuki.tmi.twitch.tv JOIN #beringelamilgrau
8/22/2019 8:22:39 PM: botfumante - Received: :pedros_henrik!pedros_henrik@pedros_henrik.tmi.twitch.tv JOIN #beringelamilgrau
8/22/2019 8:22:39 PM: botfumante - Received: :joseantonio001!joseantonio001@joseantonio001.tmi.twitch.tv JOIN #beringelamilgrau
8/22/2019 8:22:39 PM: botfumante - Received: :gladosxcake!gladosxcake@gladosxcake.tmi.twitch.tv JOIN #beringelamilgrau
8/22/2019 8:22:39 PM: botfumante - Received: :ddanniell!ddanniell@ddanniell.tmi.twitch.tv JOIN #beringelamilgrau
8/22/2019 8:22:39 PM: botfumante - Received: :jean__!jean__@jean__.tmi.twitch.tv JOIN #beringelamilgrau
8/22/2019 8:22:39 PM: botfumante - Received: :lurxx!lurxx@lurxx.tmi.twitch.tv JOIN #beringelamilgrau
8/22/2019 8:22:39 PM: botfumante - Received: :leafjat!leafjat@leafjat.tmi.twitch.tv JOIN #beringelamilgrau
8/22/2019 8:22:39 PM: botfumante - Received: :winsock!winsock@winsock.tmi.twitch.tv JOIN #beringelamilgrau
8/22/2019 8:22:39 PM: botfumante - Received: :p0lizei_!p0lizei_@p0lizei_.tmi.twitch.tv JOIN #beringelamilgrau
8/22/2019 8:22:44 PM: botfumante - Received: @badge-info=;badges=bits-leader/3;color=#0000FF;display-name=Alexisyuki;emotes=;flags=;id=096d4bf4-ad22-4201-9fa0-170eed592fe2;mod=0;room-id=443063688;subscriber=0;tmi-sent-ts=1566516163910;turbo=0;user-id=66833296;user-type= :alexisyuki!alexisyuki@alexisyuki.tmi.twitch.tv PRIVMSG #beringelamilgrau :todo dia e dia de pizza
8/22/2019 8:22:55 PM: botfumante - Received: @badge-info=;badges=;color=;display-name=joseantonio001;emotes=;flags=26-31:S.6;id=98a40bda-c229-40ef-9729-fcb4b1c5c34e;mod=0;room-id=443063688;subscriber=0;tmi-sent-ts=1566516175492;turbo=0;user-id=157525923;user-type= :joseantonio001!joseantonio001@joseantonio001.tmi.twitch.tv PRIVMSG #beringelamilgrau :MONTEE come pizza e igual TRANSA nao tem dia FeelsOkeyMan
8/22/2019 8:23:18 PM: botfumante - Received: @badge-info=subscriber/2;badges=vip/1,subscriber/0,bits-charity/1;color=#5F9EA0;display-name=Jean__;emotes=;flags=11-22:A.3;id=9234fa89-d49c-472e-b384-b8db2b5ed00b;mod=0;room-id=443063688;subscriber=1;tmi-sent-ts=1566516198423;turbo=0;user-id=38479494;user-type= :jean__!jean__@jean__.tmi.twitch.tv PRIVMSG #beringelamilgrau :foi s? que ? meio bosta o desbloqueio FeelsMan
8/22/2019 8:23:35 PM: botfumante - Received: @badge-info=;badges=bits-leader/3;color=#0000FF;display-name=Alexisyuki;emotes=;flags=;id=979bd3ea-1992-47ec-ac9a-d992d684a332;mod=0;room-id=443063688;subscriber=0;tmi-sent-ts=1566516214965;turbo=0;user-id=66833296;user-type= :alexisyuki!alexisyuki@alexisyuki.tmi.twitch.tv PRIVMSG #beringelamilgrau :falo em comida tabem deu fome vou comer e ja voltou
8/22/2019 8:23:48 PM: botfumante - Received: @badge-info=;badges=bits-charity/1;color=#DAA520;display-name=lucaesan;emotes=;flags=;id=9c49ee46-0086-40cf-8346-052916952579;mod=0;room-id=443063688;subscriber=0;tmi-sent-ts=1566516228093;turbo=0;user-id=167039036;user-type= :lucaesan!lucaesan@lucaesan.tmi.twitch.tv PRIVMSG #beringelamilgrau :switch e ps4 foram desbloqueados mas funciona mal e boa parte dos games hj em dia tem feature online
8/22/2019 8:24:03 PM: botfumante - Received: @badge-info=;badges=bits-charity/1;color=#DAA520;display-name=lucaesan;emotes=;flags=;id=44789c7a-1788-4ca7-9111-57d61f6bd993;mod=0;room-id=443063688;subscriber=0;tmi-sent-ts=1566516243147;turbo=0;user-id=167039036;user-type= :lucaesan!lucaesan@lucaesan.tmi.twitch.tv PRIVMSG #beringelamilgrau :e vc n?o pode atualizar o console
8/22/2019 8:24:08 PM: botfumante - Received: @badge-info=subscriber/2;badges=vip/1,subscriber/0,bits-charity/1;color=#5F9EA0;display-name=Jean__;emotes=;flags=;id=2efef676-5198-48d1-9bd4-1d788c3466a6;mod=0;room-id=443063688;subscriber=1;tmi-sent-ts=1566516248512;turbo=0;user-id=38479494;user-type= :jean__!jean__@jean__.tmi.twitch.tv PRIVMSG #beringelamilgrau :e nao se acha os jogos tao facilmente no jack FeelsMan
8/22/2019 8:24:24 PM: botfumante - Received: @badge-info=;badges=moderator/1;color=#008000;display-name=TONYXZERO;emotes=;flags=;id=4443c030-2c90-42c7-8e1a-fcbae310309a;mod=1;room-id=443063688;subscriber=0;tmi-sent-ts=1566516263821;turbo=0;user-id=38731171;user-type=mod :tonyxzero!tonyxzero@tonyxzero.tmi.twitch.tv PRIVMSG #beringelamilgrau :FeelsMan
8/22/2019 8:24:28 PM: botfumante - Received: @badge-info=;badges=bits-charity/1;color=#DAA520;display-name=lucaesan;emotes=;flags=;id=3e81d96a-df22-4948-b03e-2d31d55ecd8b;mod=0;room-id=443063688;subscriber=0;tmi-sent-ts=1566516268182;turbo=0;user-id=167039036;user-type= :lucaesan!lucaesan@lucaesan.tmi.twitch.tv PRIVMSG #beringelamilgrau :s? que tem jogo que s? roda se o console tiver atualizado
8/22/2019 8:24:34 PM: botfumante - Received: @badge-info=;badges=vip/1;color=#008000;display-name=Hisaagi;emotes=;flags=;id=bc885b47-1c48-4cc0-ad85-f599ef98b67e;mod=0;room-id=443063688;subscriber=0;tmi-sent-ts=1566516273783;turbo=0;user-id=137774469;user-type= :hisaagi!hisaagi@hisaagi.tmi.twitch.tv PRIVMSG #beringelamilgrau :imagina pagar 1500 reais num console pra pagar desbloqueio FeelsMan
8/22/2019 8:25:08 PM: botfumante - Received: @badge-info=;badges=moderator/1;color=#008000;display-name=TONYXZERO;emotes=;flags=;id=c6e0b983-8448-4b58-b8e2-f5fc57d5bf54;mod=1;room-id=443063688;subscriber=0;tmi-sent-ts=1566516308126;turbo=0;user-id=38731171;user-type=mod :tonyxzero!tonyxzero@tonyxzero.tmi.twitch.tv PRIVMSG #beringelamilgrau :Qual?? OhISee
8/22/2019 8:25:31 PM: botfumante - Received: @badge-info=;badges=;color=;display-name=joseantonio001;emotes=;flags=5-9:P.5;id=d296d8b6-159a-4c36-bba2-44129fa26e87;mod=0;room-id=443063688;subscriber=0;tmi-sent-ts=1566516331410;turbo=0;user-id=157525923;user-type= :joseantonio001!joseantonio001@joseantonio001.tmi.twitch.tv PRIVMSG #beringelamilgrau :JOGO MERDA nao tem direito de ter no CONSOLE so se for da BETHESDA
8/22/2019 8:25:39 PM: botfumante - Received: @badge-info=;badges=;color=;display-name=joseantonio001;emote-only=1;emotes=425618:0-2,4-6,8-10;flags=;id=ea27b1de-6d83-43db-beb6-7183975f3d33;mod=0;room-id=443063688;subscriber=0;tmi-sent-ts=1566516338852;turbo=0;user-id=157525923;user-type= :joseantonio001!joseantonio001@joseantonio001.tmi.twitch.tv PRIVMSG #beringelamilgrau :LUL LUL LUL
8/22/2019 8:25:42 PM: botfumante - Received: @badge-info=;badges=moderator/1;color=#008000;display-name=TONYXZERO;emotes=;flags=;id=01ce210e-de3b-4573-99d0-498ea85a8cb4;mod=1;room-id=443063688;subscriber=0;tmi-sent-ts=1566516342324;turbo=0;user-id=38731171;user-type=mod :tonyxzero!tonyxzero@tonyxzero.tmi.twitch.tv PRIVMSG #beringelamilgrau :FeelsOkayMan
8/22/2019 8:26:03 PM: botfumante - Received: @badge-info=;badges=bits-charity/1;color=#DAA520;display-name=lucaesan;emotes=;flags=;id=a54aeb46-5a14-4808-99df-aa165a9e470d;mod=0;room-id=443063688;subscriber=0;tmi-sent-ts=1566516363105;turbo=0;user-id=167039036;user-type= :lucaesan!lucaesan@lucaesan.tmi.twitch.tv PRIVMSG #beringelamilgrau :bethesda s? funciona no pc
8/22/2019 8:26:09 PM: botfumante - Received: PING :tmi.twitch.tv
8/22/2019 8:26:09 PM: botfumante - Writing: PONG
8/22/2019 8:26:45 PM: botfumante - Received: @badge-info=;badges=;color=;display-name=joseantonio001;emotes=;flags=21-25:A.0/P.6/S.6;id=26b1bcd4-87a7-449e-9c1e-c7b163cf6137;mod=0;room-id=443063688;subscriber=0;tmi-sent-ts=1566516405627;turbo=0;user-id=157525923;user-type= :joseantonio001!joseantonio001@joseantonio001.tmi.twitch.tv PRIVMSG #beringelamilgrau :BETHESDA so funciona NO CU
8/22/2019 8:27:32 PM: botfumante - Received: @badge-info=;badges=premium/1;color=;display-name=um_Fido;emotes=;flags=;id=5cb33cfd-ac3c-4c2a-8c2a-0a2b58675ec6;mod=0;room-id=443063688;subscriber=0;tmi-sent-ts=1566516452091;turbo=0;user-id=32573069;user-type= :um_fido!um_fido@um_fido.tmi.twitch.tv PRIVMSG #beringelamilgrau :Elder Scrolls Online Pepega
8/22/2019 8:27:51 PM: botfumante - Received: :hostmeraffle!hostmeraffle@hostmeraffle.tmi.twitch.tv JOIN #beringelamilgrau
8/22/2019 8:27:51 PM: botfumante - Received: :s1faka!s1faka@s1faka.tmi.twitch.tv JOIN #beringelamilgrau
8/22/2019 8:27:51 PM: botfumante - Received: :alexisyuki!alexisyuki@alexisyuki.tmi.twitch.tv PART #beringelamilgrau
8/22/2019 8:28:32 PM: botfumante - Received: @badge-info=;badges=moderator/1;color=#008000;display-name=TONYXZERO;emotes=;flags=;id=1fd5b02e-0cdf-4bc6-9991-3169eb446bdd;mod=1;room-id=443063688;subscriber=0;tmi-sent-ts=1566516512038;turbo=0;user-id=38731171;user-type=mod :tonyxzero!tonyxzero@tonyxzero.tmi.twitch.tv PRIVMSG #beringelamilgrau :peepoRun
8/22/2019 8:28:43 PM: botfumante - Received: @badge-info=;badges=;color=;display-name=joseantonio001;emotes=;flags=;id=2ccbef76-ebb4-4da8-8379-96ee6f1f086d;mod=0;room-id=443063688;subscriber=0;tmi-sent-ts=1566516522926;turbo=0;user-id=157525923;user-type= :joseantonio001!joseantonio001@joseantonio001.tmi.twitch.tv PRIVMSG #beringelamilgrau :elder scrolls online so tu for jogar agora tem q compra as NOVAS EXPAN?OES se nao vc nao pode fazer algumas quest e dar tp pra alguns mapas
8/22/2019 8:29:35 PM: botfumante - Received: @badge-info=;badges=;color=;display-name=joseantonio001;emotes=;flags=;id=881b68c1-1c35-4036-b7da-87f468e3750b;mod=0;room-id=443063688;subscriber=0;tmi-sent-ts=1566516575504;turbo=0;user-id=157525923;user-type= :joseantonio001!joseantonio001@joseantonio001.tmi.twitch.tv PRIVMSG #beringelamilgrau :esse ELDER SCROLLS nem e MUITO RUIM o problema e o PRE?O das EXPAN?OES
8/22/2019 8:29:53 PM: botfumante - Received: @badge-info=subscriber/2;badges=vip/1,subscriber/0,bits-charity/1;color=#5F9EA0;display-name=Jean__;emotes=;flags=;id=4fd4f0e9-b1b9-45a6-9fc3-3f79e849c471;mod=0;room-id=443063688;subscriber=1;tmi-sent-ts=1566516593486;turbo=0;user-id=38479494;user-type= :jean__!jean__@jean__.tmi.twitch.tv PRIVMSG #beringelamilgrau :FeelsMan
8/22/2019 8:30:50 PM: botfumante - Received: @badge-info=;badges=;color=;display-name=joseantonio001;emotes=;flags=;id=3d866dee-3e36-4f25-8755-9c720d6517ec;mod=0;room-id=443063688;subscriber=0;tmi-sent-ts=1566516650601;turbo=0;user-id=157525923;user-type= :joseantonio001!joseantonio001@joseantonio001.tmi.twitch.tv PRIVMSG #beringelamilgrau :expan?oes BARATAS VC TA NOIADO
8/22/2019 8:31:00 PM: botfumante - Received: PING :tmi.twitch.tv
8/22/2019 8:31:00 PM: botfumante - Writing: PONG
8/22/2019 8:32:44 PM: botfumante - Received: @badge-info=;badges=bits-charity/1;color=#DAA520;display-name=lucaesan;emotes=;flags=;id=ba089c4a-ff92-42d9-a6e8-b665d6444079;mod=0;room-id=443063688;subscriber=0;tmi-sent-ts=1566516764697;turbo=0;user-id=167039036;user-type= :lucaesan!lucaesan@lucaesan.tmi.twitch.tv PRIVMSG #beringelamilgrau :rato noiado
8/22/2019 8:33:42 PM: botfumante - Received: @badge-info=;badges=bits-charity/1;color=#DAA520;display-name=lucaesan;emotes=;flags=;id=8ea4b4ea-fe38-4fd1-ace8-c5042880c084;mod=0;room-id=443063688;subscriber=0;tmi-sent-ts=1566516822659;turbo=0;user-id=167039036;user-type= :lucaesan!lucaesan@lucaesan.tmi.twitch.tv PRIVMSG #beringelamilgrau :raturu
8/22/2019 8:34:19 PM: botfumante - Received: @badge-info=subscriber/2;badges=vip/1,subscriber/0,bits-charity/1;color=#5F9EA0;display-name=Jean__;emotes=;flags=;id=e02395af-1d49-418a-b6ed-30ee095223e0;mod=0;room-id=443063688;subscriber=1;tmi-sent-ts=1566516858897;turbo=0;user-id=38479494;user-type= :jean__!jean__@jean__.tmi.twitch.tv PRIVMSG #beringelamilgrau :ConcernFroge
8/22/2019 8:34:26 PM: botfumante - Received: @badge-info=;badges=moderator/1;color=#008000;display-name=TONYXZERO;emotes=;flags=;id=93d13eb7-0367-4a4c-85af-4e057ab03e26;mod=1;room-id=443063688;subscriber=0;tmi-sent-ts=1566516866090;turbo=0;user-id=38731171;user-type=mod :tonyxzero!tonyxzero@tonyxzero.tmi.twitch.tv PRIVMSG #beringelamilgrau :PepePls
8/22/2019 8:35:16 PM: botfumante - Received: @badge-info=subscriber/2;badges=vip/1,subscriber/0,bits-charity/1;color=#5F9EA0;display-name=Jean__;emotes=;flags=;id=39f83834-36db-408a-827a-f71a49df64b7;mod=0;room-id=443063688;subscriber=1;tmi-sent-ts=1566516915756;turbo=0;user-id=38479494;user-type= :jean__!jean__@jean__.tmi.twitch.tv PRIVMSG #beringelamilgrau :acabei de ver uma hashtag aqui que me deu vontade de furar os olhos ConcernFroge
8/22/2019 8:35:58 PM: botfumante - Received: PING :tmi.twitch.tv
8/22/2019 8:35:58 PM: botfumante - Writing: PONG
8/22/2019 8:36:03 PM: botfumante - Received: @badge-info=subscriber/2;badges=vip/1,subscriber/0,bits-charity/1;color=#5F9EA0;display-name=Jean__;emotes=;flags=;id=9ec6caf2-fd4d-4859-9b75-0f723f29270e;mod=0;room-id=443063688;subscriber=1;tmi-sent-ts=1566516962920;turbo=0;user-id=38479494;user-type= :jean__!jean__@jean__.tmi.twitch.tv PRIVMSG #beringelamilgrau :SomosTodosRicardoSalles ConcernFroge
8/22/2019 8:36:26 PM: botfumante - Received: @badge-info=;badges=moderator/1;color=#008000;display-name=TONYXZERO;emotes=;flags=;id=ce5297ee-ee3f-4893-9aa5-7745489e004d;mod=1;room-id=443063688;subscriber=0;tmi-sent-ts=1566516985909;turbo=0;user-id=38731171;user-type=mod :tonyxzero!tonyxzero@tonyxzero.tmi.twitch.tv PRIVMSG #beringelamilgrau :Sei nem quem ?, mas tenho medo do q ? ConcernFroge
8/22/2019 8:36:38 PM: botfumante - Received: @badge-info=subscriber/2;badges=vip/1,subscriber/0,bits-charity/1;color=#5F9EA0;display-name=Jean__;emotes=;flags=;id=117f36ee-85f1-42db-8879-a7ce2b8c33f2;mod=0;room-id=443063688;subscriber=1;tmi-sent-ts=1566516997816;turbo=0;user-id=38479494;user-type= :jean__!jean__@jean__.tmi.twitch.tv PRIVMSG #beringelamilgrau :? o nosso ministro do meio ambiente ConcernFroge
8/22/2019 8:36:54 PM: botfumante - Received: @badge-info=;badges=moderator/1;color=#008000;display-name=TONYXZERO;emotes=;flags=;id=70a274e1-91ad-44e5-9739-ecc35596fe3d;mod=1;room-id=443063688;subscriber=0;tmi-sent-ts=1566517014385;turbo=0;user-id=38731171;user-type=mod :tonyxzero!tonyxzero@tonyxzero.tmi.twitch.tv PRIVMSG #beringelamilgrau :ConcernFroge
8/22/2019 8:36:59 PM: botfumante - Received: @badge-info=;badges=bits-charity/1;color=#DAA520;display-name=lucaesan;emotes=;flags=;id=2fa2f445-2caf-4532-85e1-ca350924016f;mod=0;room-id=443063688;subscriber=0;tmi-sent-ts=1566517019252;turbo=0;user-id=167039036;user-type= :lucaesan!lucaesan@lucaesan.tmi.twitch.tv PRIVMSG #beringelamilgrau :vamo apoiar ele mesmo
8/22/2019 8:37:09 PM: botfumante - Received: @badge-info=subscriber/2;badges=vip/1,subscriber/0,bits-charity/1;color=#5F9EA0;display-name=Jean__;emotes=;flags=;id=1ade1eb8-b47a-4c93-830e-9b6dd0353778;mod=0;room-id=443063688;subscriber=1;tmi-sent-ts=1566517029371;turbo=0;user-id=38479494;user-type= :jean__!jean__@jean__.tmi.twitch.tv PRIVMSG #beringelamilgrau :PepeLaugh
8/22/2019 8:37:15 PM: botfumante - Received: @badge-info=;badges=bits-charity/1;color=#DAA520;display-name=lucaesan;emotes=;flags=38-45:P.0/S.6;id=a640187c-c866-4ddb-ab4e-92a5ae2bec12;mod=0;room-id=443063688;subscriber=0;tmi-sent-ts=1566517034697;turbo=0;user-id=167039036;user-type= :lucaesan!lucaesan@lucaesan.tmi.twitch.tv PRIVMSG #beringelamilgrau :pra queimar a amazonia e a humanidade se fuder logo
8/22/2019 8:37:17 PM: botfumante - Received: @badge-info=;badges=premium/1;color=;display-name=um_Fido;emotes=;flags=;id=620cb936-a731-4842-9f1c-85d765038f18;mod=0;room-id=443063688;subscriber=0;tmi-sent-ts=1566517037670;turbo=0;user-id=32573069;user-type= :um_fido!um_fido@um_fido.tmi.twitch.tv PRIVMSG #beringelamilgrau :nosso menino PepeHandsE
8/22/2019 8:37:22 PM: botfumante - Received: @badge-info=subscriber/2;badges=vip/1,subscriber/0,bits-charity/1;color=#5F9EA0;display-name=Jean__;emotes=;flags=;id=5ea3d775-5e58-4fa3-9158-8582fff73a24;mod=0;room-id=443063688;subscriber=1;tmi-sent-ts=1566517042071;turbo=0;user-id=38479494;user-type= :jean__!jean__@jean__.tmi.twitch.tv PRIVMSG #beringelamilgrau :acho que nao
8/22/2019 8:37:24 PM: botfumante - Received: @badge-info=;badges=bits-charity/1;color=#DAA520;display-name=lucaesan;emotes=;flags=;id=05791e13-f142-42f6-948d-66c49e6284ee;mod=0;room-id=443063688;subscriber=0;tmi-sent-ts=1566517043987;turbo=0;user-id=167039036;user-type= :lucaesan!lucaesan@lucaesan.tmi.twitch.tv PRIVMSG #beringelamilgrau :peepoSleepo
8/22/2019 8:37:31 PM: botfumante - Received: @badge-info=subscriber/2;badges=vip/1,subscriber/0,bits-charity/1;color=#5F9EA0;display-name=Jean__;emotes=;flags=;id=296fe9ca-fe9a-430b-a109-72b36650ae79;mod=0;room-id=443063688;subscriber=1;tmi-sent-ts=1566517051648;turbo=0;user-id=38479494;user-type= :jean__!jean__@jean__.tmi.twitch.tv PRIVMSG #beringelamilgrau :ele s? quer queimar a amazonia mesmo peepoSmart
8/22/2019 8:38:14 PM: botfumante - Received: @badge-info=;badges=moderator/1;color=#008000;display-name=TONYXZERO;emotes=;flags=;id=11b9a0f5-d5f5-4781-b51b-6b9dc6af47d9;mod=1;room-id=443063688;subscriber=0;tmi-sent-ts=1566517093254;turbo=0;user-id=38731171;user-type=mod :tonyxzero!tonyxzero@tonyxzero.tmi.twitch.tv PRIVMSG #beringelamilgrau :Bora uma queimada peepoPants
8/22/2019 8:38:21 PM: botfumante - Received: @badge-info=subscriber/2;badges=vip/1,subscriber/0,bits-charity/1;color=#5F9EA0;display-name=Jean__;emotes=;flags=;id=01b389e8-5c9a-41f7-a30c-b5caa9ba98b9;mod=0;room-id=443063688;subscriber=1;tmi-sent-ts=1566517100870;turbo=0;user-id=38479494;user-type= :jean__!jean__@jean__.tmi.twitch.tv PRIVMSG #beringelamilgrau :bora rony
8/22/2019 8:38:23 PM: botfumante - Received: @badge-info=subscriber/2;badges=vip/1,subscriber/0,bits-charity/1;color=#5F9EA0;display-name=Jean__;emotes=;flags=;id=4c75513a-61c3-43b7-b8c9-824970d77b68;mod=0;room-id=443063688;subscriber=1;tmi-sent-ts=1566517103049;turbo=0;user-id=38479494;user-type= :jean__!jean__@jean__.tmi.twitch.tv PRIVMSG #beringelamilgrau :tony*
8/22/2019 8:38:29 PM: botfumante - Received: @badge-info=subscriber/2;badges=vip/1,subscriber/0,bits-charity/1;color=#5F9EA0;display-name=Jean__;emotes=;flags=;id=0fccd1b6-f26c-447c-b7ee-c3d5342ecbac;mod=0;room-id=443063688;subscriber=1;tmi-sent-ts=1566517109070;turbo=0;user-id=38479494;user-type= :jean__!jean__@jean__.tmi.twitch.tv PRIVMSG #beringelamilgrau :mato nao serve pra nada Pepega
8/22/2019 8:38:41 PM: botfumante - Received: @badge-info=;badges=moderator/1;color=#008000;display-name=TONYXZERO;emotes=;flags=;id=e3082bf7-42e2-4ecd-8da9-50a0a5a84da1;mod=1;room-id=443063688;subscriber=0;tmi-sent-ts=1566517120882;turbo=0;user-id=38731171;user-type=mod :tonyxzero!tonyxzero@tonyxzero.tmi.twitch.tv PRIVMSG #beringelamilgrau :Serve pra fazer uma foguera show Pepega
8/22/2019 8:38:58 PM: botfumante - Received: @badge-info=subscriber/2;badges=vip/1,subscriber/0,bits-charity/1;color=#5F9EA0;display-name=Jean__;emotes=;flags=;id=0752ad21-5883-48bd-b455-45ad4738910a;mod=0;room-id=443063688;subscriber=1;tmi-sent-ts=1566517138448;turbo=0;user-id=38479494;user-type= :jean__!jean__@jean__.tmi.twitch.tv PRIVMSG #beringelamilgrau :Pepega
8/22/2019 8:39:02 PM: botfumante - Received: @badge-info=subscriber/2;badges=vip/1,subscriber/0,bits-charity/1;color=#5F9EA0;display-name=Jean__;emotes=;flags=0-16:;id=b276ddef-e75e-4bcf-888f-8cf050855978;mod=0;room-id=443063688;subscriber=1;tmi-sent-ts=1566517142463;turbo=0;user-id=38479494;user-type= :jean__!jean__@jean__.tmi.twitch.tv PRIVMSG #beringelamilgrau :boasfogueiras.com
8/22/2019 8:39:48 PM: botfumante - Received: @badge-info=subscriber/2;badges=vip/1,subscriber/0,bits-charity/1;color=#5F9EA0;display-name=Jean__;emotes=;flags=;id=51786b39-ec18-4f5d-8f2b-1915baa8914a;mod=0;room-id=443063688;subscriber=1;tmi-sent-ts=1566517188083;turbo=0;user-id=38479494;user-type= :jean__!jean__@jean__.tmi.twitch.tv PRIVMSG #beringelamilgrau :vou comprar esse dominio e colocar uma foto da amazonia pegando fogo PepeLaugh
8/22/2019 8:40:06 PM: botfumante - Received: PING :tmi.twitch.tv
8/22/2019 8:40:06 PM: botfumante - Writing: PONG
8/22/2019 8:40:10 PM: botfumante - Received: @badge-info=;badges=moderator/1;color=#008000;display-name=TONYXZERO;emotes=;flags=;id=983f550f-cada-4949-bf97-cba2a870b950;mod=1;room-id=443063688;subscriber=0;tmi-sent-ts=1566517210297;turbo=0;user-id=38731171;user-type=mod :tonyxzero!tonyxzero@tonyxzero.tmi.twitch.tv PRIVMSG #beringelamilgrau :Pepega
8/22/2019 8:40:24 PM: botfumante - Received: @badge-info=subscriber/2;badges=vip/1,subscriber/0,bits-charity/1;color=#5F9EA0;display-name=Jean__;emotes=;flags=;id=ba2ef858-b1f8-443e-a058-45ac1bf52611;mod=0;room-id=443063688;subscriber=1;tmi-sent-ts=1566517224107;turbo=0;user-id=38479494;user-type= :jean__!jean__@jean__.tmi.twitch.tv PRIVMSG #beringelamilgrau :sim po, a muralha ? visivel do espa?o mesmo ConcernFroge
8/22/2019 8:42:12 PM: botfumante - Received: @badge-info=;badges=moderator/1;color=#008000;display-name=TONYXZERO;emotes=;flags=;id=3f71b5af-fb49-4714-975c-1d8c36772d8d;mod=1;room-id=443063688;subscriber=0;tmi-sent-ts=1566517332319;turbo=0;user-id=38731171;user-type=mod :tonyxzero!tonyxzero@tonyxzero.tmi.twitch.tv PRIVMSG #beringelamilgrau :FeelsOkayMan
8/22/2019 8:43:20 PM: botfumante - Received: @badge-info=;badges=;color=;display-name=joseantonio001;emotes=425618:104-106,108-110;flags=98-102:;id=78211356-f09d-42dc-82a6-258616eed940;mod=0;room-id=443063688;subscriber=0;tmi-sent-ts=1566517400324;turbo=0;user-id=157525923;user-type= :joseantonio001!joseantonio001@joseantonio001.tmi.twitch.tv PRIVMSG #beringelamilgrau :MONTE tenho uma ideia pra vc consegui uma RTX pega um paralelepipedo pinda de branco e vende como CRACK LUL LUL
8/22/2019 8:43:25 PM: botfumante - Received: @badge-info=subscriber/2;badges=broadcaster/1,subscriber/0;color=#8A2BE2;display-name=BeringelaMilGrau;emotes=;flags=;id=13599493-0599-4bbb-93aa-83878de273f6;mod=0;room-id=443063688;subscriber=1;tmi-sent-ts=1566517404951;turbo=0;user-id=443063688;user-type= :beringelamilgrau!beringelamilgrau@beringelamilgrau.tmi.twitch.tv PRIVMSG #beringelamilgrau :voltei, mas to s? na pizza peepoFatPlant
8/22/2019 8:43:30 PM: botfumante - Received: @badge-info=;badges=moderator/1;color=#008000;display-name=TONYXZERO;emotes=;flags=;id=59ab9864-fc61-4812-9277-c9b2050cc49b;mod=1;room-id=443063688;subscriber=0;tmi-sent-ts=1566517410419;turbo=0;user-id=38731171;user-type=mod :tonyxzero!tonyxzero@tonyxzero.tmi.twitch.tv PRIVMSG #beringelamilgrau :peepoFatPlant
8/22/2019 8:44:08 PM: botfumante - Received: PING :tmi.twitch.tv
8/22/2019 8:44:08 PM: botfumante - Writing: PONG
8/22/2019 8:44:55 PM: botfumante - Received: @badge-info=;badges=bits-charity/1;color=#DAA520;display-name=lucaesan;emote-only=1;emotes=425618:0-2;flags=;id=749df8b5-4e2f-4c61-be9c-db57729cd1d6;mod=0;room-id=443063688;subscriber=0;tmi-sent-ts=1566517494942;turbo=0;user-id=167039036;user-type= :lucaesan!lucaesan@lucaesan.tmi.twitch.tv PRIVMSG #beringelamilgrau :LUL
8/22/2019 8:44:59 PM: botfumante - Received: @badge-info=subscriber/2;badges=vip/1,subscriber/0,bits-charity/1;color=#5F9EA0;display-name=Jean__;emotes=;flags=;id=cbee1fea-e4b8-43c2-976d-2b89f2c0db70;mod=0;room-id=443063688;subscriber=1;tmi-sent-ts=1566517499120;turbo=0;user-id=38479494;user-type= :jean__!jean__@jean__.tmi.twitch.tv PRIVMSG #beringelamilgrau :!daniel
8/22/2019 8:44:59 PM: botfumante - Received: @badge-info=;badges=moderator/1,partner/1;color=#7C7CE1;display-name=Nightbot;emotes=;flags=;id=7c653dc9-4886-43cc-9135-410d1a955d6b;mod=1;room-id=443063688;subscriber=0;tmi-sent-ts=1566517499292;turbo=0;user-id=19264788;user-type=mod :nightbot!nightbot@nightbot.tmi.twitch.tv PRIVMSG #beringelamilgrau :Perdoa o rapaz, ele n?o sabe ler e nem escrever.
8/22/2019 8:45:00 PM: botfumante - Received: @badge-info=;badges=moderator/1;color=#008000;display-name=TONYXZERO;emotes=;flags=;id=c9bdff9f-51b6-494e-bd8d-83df49549781;mod=1;room-id=443063688;subscriber=0;tmi-sent-ts=1566517500596;turbo=0;user-id=38731171;user-type=mod :tonyxzero!tonyxzero@tonyxzero.tmi.twitch.tv PRIVMSG #beringelamilgrau :OMEGALUL
8/22/2019 8:45:03 PM: botfumante - Received: @badge-info=;badges=moderator/1;color=#008000;display-name=TONYXZERO;emotes=;flags=;id=d0e8db7e-cd8d-4cfe-b9c4-d6577bf7a012;mod=1;room-id=443063688;subscriber=0;tmi-sent-ts=1566517503327;turbo=0;user-id=38731171;user-type=mod :tonyxzero!tonyxzero@tonyxzero.tmi.twitch.tv PRIVMSG #beringelamilgrau :AH N OMEGALUL
8/22/2019 8:45:11 PM: botfumante - Received: @badge-info=;badges=bits-charity/1;color=#DAA520;display-name=lucaesan;emotes=;flags=26-32:S.0;id=a7051ceb-29fc-47cf-b3c5-59495d170de2;mod=0;room-id=443063688;subscriber=0;tmi-sent-ts=1566517511054;turbo=0;user-id=167039036;user-type= :lucaesan!lucaesan@lucaesan.tmi.twitch.tv PRIVMSG #beringelamilgrau :vende gesso como se fosse cocaina
8/22/2019 8:45:11 PM: botfumante - Received: @badge-info=;badges=;color=;display-name=joseantonio001;emotes=;flags=;id=e8e001da-47ee-453f-86c5-7e3df4204cb8;mod=0;room-id=443063688;subscriber=0;tmi-sent-ts=1566517511146;turbo=0;user-id=157525923;user-type= :joseantonio001!joseantonio001@joseantonio001.tmi.twitch.tv PRIVMSG #beringelamilgrau :DDANIEL fugiu da ESCOLA
8/22/2019 8:45:21 PM: botfumante - Received: @badge-info=;badges=vip/1;color=#008000;display-name=Hisaagi;emotes=;flags=;id=4464feaa-5a77-4ed7-8e5e-ce80b7f0d5c6;mod=0;room-id=443063688;subscriber=0;tmi-sent-ts=1566517520790;turbo=0;user-id=137774469;user-type= :hisaagi!hisaagi@hisaagi.tmi.twitch.tv PRIVMSG #beringelamilgrau :to indo dormir, at? amanh? peepoSleepo
8/22/2019 8:45:22 PM: botfumante - Received: @badge-info=;badges=moderator/1;color=#008000;display-name=TONYXZERO;emotes=;flags=;id=c98b6631-469c-4409-b732-986f98f60bc0;mod=1;room-id=443063688;subscriber=0;tmi-sent-ts=1566517521988;turbo=0;user-id=38731171;user-type=mod :tonyxzero!tonyxzero@tonyxzero.tmi.twitch.tv PRIVMSG #beringelamilgrau :?? peepoRun
8/22/2019 8:45:27 PM: botfumante - Received: @badge-info=;badges=moderator/1;color=#008000;display-name=TONYXZERO;emotes=;flags=;id=d515376c-7f74-44ee-acc8-30970b0a257a;mod=1;room-id=443063688;subscriber=0;tmi-sent-ts=1566517527089;turbo=0;user-id=38731171;user-type=mod :tonyxzero!tonyxzero@tonyxzero.tmi.twitch.tv PRIVMSG #beringelamilgrau :Hisaagi peepoSleepo
8/22/2019 8:45:30 PM: botfumante - Received: @badge-info=subscriber/2;badges=vip/1,subscriber/0,bits-charity/1;color=#5F9EA0;display-name=Jean__;emotes=;flags=;id=7d8d4be4-0f9c-4e31-bdc1-d54b4b9d9735;mod=0;room-id=443063688;subscriber=1;tmi-sent-ts=1566517530127;turbo=0;user-id=38479494;user-type= :jean__!jean__@jean__.tmi.twitch.tv PRIVMSG #beringelamilgrau :!quote add "O que ? um paralelepip?dico?" -Daniel
8/22/2019 8:45:31 PM: botfumante - Received: @badge-info=;badges=moderator/1,partner/1;color=#7C7CE1;display-name=Nightbot;emotes=;flags=;id=2316740a-5b14-404c-9c57-949309fd5800;mod=1;room-id=443063688;subscriber=0;tmi-sent-ts=1566517530713;turbo=0;user-id=19264788;user-type=mod :nightbot!nightbot@nightbot.tmi.twitch.tv PRIVMSG #beringelamilgrau :0. "? s? uma linguinha Tony." -Bruno
8/22/2019 8:45:31 PM: botfumante - Received: @badge-info=subscriber/2;badges=vip/1,subscriber/0,bits-charity/1;color=#5F9EA0;display-name=Jean__;emotes=;flags=;id=8b4666c3-09e7-4e2b-ba4e-3cef2c67c0e1;mod=0;room-id=443063688;subscriber=1;tmi-sent-ts=1566517531504;turbo=0;user-id=38479494;user-type= :jean__!jean__@jean__.tmi.twitch.tv PRIVMSG #beringelamilgrau :FeelsMan
8/22/2019 8:45:33 PM: botfumante - Received: :xatang!xatang@xatang.tmi.twitch.tv JOIN #beringelamilgrau
8/22/2019 8:45:33 PM: botfumante - Received: :pedros_henrik!pedros_henrik@pedros_henrik.tmi.twitch.tv PART #beringelamilgrau
8/22/2019 8:45:33 PM: botfumante - Received: :ixlimpoke!ixlimpoke@ixlimpoke.tmi.twitch.tv PART #beringelamilgrau
8/22/2019 8:45:45 PM: botfumante - Received: @badge-info=subscriber/2;badges=vip/1,subscriber/0,bits-charity/1;color=#5F9EA0;display-name=Jean__;emotes=;flags=;id=ec8e7564-f244-4f22-b498-48b22c11116a;mod=0;room-id=443063688;subscriber=1;tmi-sent-ts=1566517545411;turbo=0;user-id=38479494;user-type= :jean__!jean__@jean__.tmi.twitch.tv PRIVMSG #beringelamilgrau :errei a palavra PepeLaugh
8/22/2019 8:45:47 PM: botfumante - Received: @badge-info=;badges=moderator/1;color=#008000;display-name=TONYXZERO;emotes=;flags=;id=dddb0161-8d1f-4d8e-832c-db347de4df73;mod=1;room-id=443063688;subscriber=0;tmi-sent-ts=1566517547297;turbo=0;user-id=38731171;user-type=mod :tonyxzero!tonyxzero@tonyxzero.tmi.twitch.tv PRIVMSG #beringelamilgrau :OMEGALUL
8/22/2019 8:45:54 PM: botfumante - Received: @badge-info=;badges=bits-charity/1;color=#DAA520;display-name=lucaesan;emotes=;flags=;id=5f03535b-90b5-4762-abce-c2ff9d94c87d;mod=0;room-id=443063688;subscriber=0;tmi-sent-ts=1566517554044;turbo=0;user-id=167039036;user-type= :lucaesan!lucaesan@lucaesan.tmi.twitch.tv PRIVMSG #beringelamilgrau :bora jogar apex galera
8/22/2019 8:45:59 PM: botfumante - Received: @badge-info=;badges=moderator/1;color=#008000;display-name=TONYXZERO;emotes=;flags=;id=f1d21fa4-3bd3-4007-bdc9-2df6bd14a3f1;mod=1;room-id=443063688;subscriber=0;tmi-sent-ts=1566517558804;turbo=0;user-id=38731171;user-type=mod :tonyxzero!tonyxzero@tonyxzero.tmi.twitch.tv PRIVMSG #beringelamilgrau :O OUTRO Q FUGIU E HACKIOU O GOVERNO Pepega
8/22/2019 8:46:00 PM: botfumante - Received: @badge-info=subscriber/2;badges=vip/1,subscriber/0,bits-charity/1;color=#5F9EA0;display-name=Jean__;emotes=;flags=;id=90492947-20eb-4485-9132-915b1a81cf06;mod=0;room-id=443063688;subscriber=1;tmi-sent-ts=1566517559768;turbo=0;user-id=38479494;user-type= :jean__!jean__@jean__.tmi.twitch.tv PRIVMSG #beringelamilgrau :coloquei no google e completou isso FeelsMan
8/22/2019 8:46:02 PM: botfumante - Received: @badge-info=;badges=moderator/1;color=#008000;display-name=TONYXZERO;emotes=;flags=;id=631b2a73-990b-42b2-b1f8-76fc59e9d00f;mod=1;room-id=443063688;subscriber=0;tmi-sent-ts=1566517562614;turbo=0;user-id=38731171;user-type=mod :tonyxzero!tonyxzero@tonyxzero.tmi.twitch.tv PRIVMSG #beringelamilgrau :Luca ConcernFroge
8/22/2019 8:46:05 PM: botfumante - Received: @badge-info=;badges=;color=;display-name=joseantonio001;emotes=;flags=;id=2f9d81a7-07b4-4dd8-9346-3fee69a4bccb;mod=0;room-id=443063688;subscriber=0;tmi-sent-ts=1566517565401;turbo=0;user-id=157525923;user-type= :joseantonio001!joseantonio001@joseantonio001.tmi.twitch.tv PRIVMSG #beringelamilgrau :!ddaniel
8/22/2019 8:46:11 PM: botfumante - Received: @badge-info=;badges=premium/1;color=;display-name=um_Fido;emotes=;flags=;id=bb25cfe9-681d-4ea0-849a-15d4d986f7a0;mod=0;room-id=443063688;subscriber=0;tmi-sent-ts=1566517571720;turbo=0;user-id=32573069;user-type= :um_fido!um_fido@um_fido.tmi.twitch.tv PRIVMSG #beringelamilgrau :HACKER SIM
8/22/2019 8:46:19 PM: botfumante - Received: @badge-info=;badges=bits-charity/1;color=#DAA520;display-name=lucaesan;emotes=;flags=;id=a7f12601-fffe-48dd-a7ab-2d832947e089;mod=0;room-id=443063688;subscriber=0;tmi-sent-ts=1566517578770;turbo=0;user-id=167039036;user-type= :lucaesan!lucaesan@lucaesan.tmi.twitch.tv PRIVMSG #beringelamilgrau :do nada me bateu a vontade de ir pra um apex FeelsMan
8/22/2019 8:46:26 PM: botfumante - Received: @badge-info=;badges=moderator/1;color=#008000;display-name=TONYXZERO;emotes=;flags=;id=76ee9698-baac-401f-a3cc-7cb0064788e5;mod=1;room-id=443063688;subscriber=0;tmi-sent-ts=1566517586614;turbo=0;user-id=38731171;user-type=mod :tonyxzero!tonyxzero@tonyxzero.tmi.twitch.tv PRIVMSG #beringelamilgrau :!addquote "O que ? um paralelep?pedo?" -Daniel
8/22/2019 8:46:27 PM: botfumante - Received: @badge-info=;badges=moderator/1,partner/1;color=#7C7CE1;display-name=Nightbot;emotes=;flags=;id=9bc55092-24d7-4df6-8916-d63bc1fc0863;mod=1;room-id=443063688;subscriber=0;tmi-sent-ts=1566517587205;turbo=0;user-id=19264788;user-type=mod :nightbot!nightbot@nightbot.tmi.twitch.tv PRIVMSG #beringelamilgrau :Successfully added entry #146
8/22/2019 8:46:41 PM: botfumante - Received: @badge-info=;badges=moderator/1;color=#008000;display-name=TONYXZERO;emotes=;flags=;id=50d18cca-36ae-413c-b21c-2a86c23dd416;mod=1;room-id=443063688;subscriber=0;tmi-sent-ts=1566517601610;turbo=0;user-id=38731171;user-type=mod :tonyxzero!tonyxzero@tonyxzero.tmi.twitch.tv PRIVMSG #beringelamilgrau :Maluco fugiu das aula de portugues e foi pra de informatica peepoSleepo
8/22/2019 8:47:13 PM: botfumante - Received: @badge-info=subscriber/2;badges=vip/1,subscriber/0,bits-charity/1;color=#5F9EA0;display-name=Jean__;emotes=;flags=;id=458efc6c-79d0-4be1-9cd9-786b6de4e1e4;mod=0;room-id=443063688;subscriber=1;tmi-sent-ts=1566517633668;turbo=0;user-id=38479494;user-type= :jean__!jean__@jean__.tmi.twitch.tv PRIVMSG #beringelamilgrau :ConcernFroge
8/22/2019 8:47:40 PM: botfumante - Received: @badge-info=subscriber/2;badges=broadcaster/1,subscriber/0;color=#8A2BE2;display-name=BeringelaMilGrau;emotes=;flags=;id=5e5c6a6b-79dc-434a-9578-9a815d626c5e;mod=0;room-id=443063688;subscriber=1;tmi-sent-ts=1566517660162;turbo=0;user-id=443063688;user-type= :beringelamilgrau!beringelamilgrau@beringelamilgrau.tmi.twitch.tv PRIVMSG #beringelamilgrau :PepeLaugh
8/22/2019 8:48:03 PM: botfumante - Received: @badge-info=;badges=moderator/1;color=#008000;display-name=TONYXZERO;emotes=;flags=;id=48f5f579-44e2-41a4-bae1-fd78b6b60ec1;mod=1;room-id=443063688;subscriber=0;tmi-sent-ts=1566517683111;turbo=0;user-id=38731171;user-type=mod :tonyxzero!tonyxzero@tonyxzero.tmi.twitch.tv PRIVMSG #beringelamilgrau :Pepega
8/22/2019 8:48:12 PM: botfumante - Received: @badge-info=subscriber/2;badges=vip/1,subscriber/0,bits-charity/1;color=#5F9EA0;display-name=Jean__;emotes=;flags=0-24:;id=962aeb90-d3e7-40a1-9878-5a7f68b589a9;mod=0;room-id=443063688;subscriber=1;tmi-sent-ts=1566517692041;turbo=0;user-id=38479494;user-type= :jean__!jean__@jean__.tmi.twitch.tv PRIVMSG #beringelamilgrau :http://prntscr.com/owbm0j
8/22/2019 8:48:14 PM: botfumante - Received: @badge-info=subscriber/2;badges=vip/1,subscriber/0,bits-charity/1;color=#5F9EA0;display-name=Jean__;emotes=;flags=;id=e7d75661-55e2-42df-851c-55162afe482a;mod=0;room-id=443063688;subscriber=1;tmi-sent-ts=1566517694419;turbo=0;user-id=38479494;user-type= :jean__!jean__@jean__.tmi.twitch.tv PRIVMSG #beringelamilgrau :FeelsMan
8/22/2019 8:48:34 PM: botfumante - Received: @badge-info=subscriber/2;badges=vip/1,subscriber/0,bits-charity/1;color=#5F9EA0;display-name=Jean__;emotes=;flags=;id=403d12e2-b0c7-4f1b-9df3-18babefb9641;mod=0;room-id=443063688;subscriber=1;tmi-sent-ts=1566517714067;turbo=0;user-id=38479494;user-type= :jean__!jean__@jean__.tmi.twitch.tv PRIVMSG #beringelamilgrau :eu peguei a unica palavra sozinha FeelsMan
8/22/2019 8:48:37 PM: botfumante - Received: @badge-info=;badges=;color=;display-name=joseantonio001;emotes=;flags=;id=cc26f4fd-6583-4726-a2bf-46ce054c025e;mod=0;room-id=443063688;subscriber=0;tmi-sent-ts=1566517717371;turbo=0;user-id=157525923;user-type= :joseantonio001!joseantonio001@joseantonio001.tmi.twitch.tv PRIVMSG #beringelamilgrau :travano
8/22/2019 8:48:40 PM: botfumante - Received: @badge-info=;badges=;color=;display-name=joseantonio001;emotes=;flags=;id=30c1dc8c-07d0-494b-a302-96aafc3588ab;mod=0;room-id=443063688;subscriber=0;tmi-sent-ts=1566517720517;turbo=0;user-id=157525923;user-type= :joseantonio001!joseantonio001@joseantonio001.tmi.twitch.tv PRIVMSG #beringelamilgrau :paro
8/22/2019 8:48:50 PM: botfumante - Received: @badge-info=;badges=moderator/1;color=#008000;display-name=TONYXZERO;emotes=;flags=;id=08fe75c9-6f74-4be9-94d8-34865c762c5c;mod=1;room-id=443063688;subscriber=0;tmi-sent-ts=1566517730292;turbo=0;user-id=38731171;user-type=mod :tonyxzero!tonyxzero@tonyxzero.tmi.twitch.tv PRIVMSG #beringelamilgrau :Pepega
8/22/2019 8:48:54 PM: botfumante - Received: @badge-info=;badges=bits-charity/1;color=#DAA520;display-name=lucaesan;emotes=;flags=;id=6eabfaed-f60c-468c-8587-71fc44c44035;mod=0;room-id=443063688;subscriber=0;tmi-sent-ts=1566517733819;turbo=0;user-id=167039036;user-type= :lucaesan!lucaesan@lucaesan.tmi.twitch.tv PRIVMSG #beringelamilgrau :mano eu abri o lol e me deu vontade de jogar apex
8/22/2019 8:48:58 PM: botfumante - Received: @badge-info=subscriber/2;badges=broadcaster/1,subscriber/0;color=#8A2BE2;display-name=BeringelaMilGrau;emotes=;flags=;id=a523815f-8fcf-4f33-b770-25a2937b4f3e;mod=0;room-id=443063688;subscriber=1;tmi-sent-ts=1566517737980;turbo=0;user-id=443063688;user-type= :beringelamilgrau!beringelamilgrau@beringelamilgrau.tmi.twitch.tv PRIVMSG #beringelamilgrau :? do emulador ConcernFroge
8/22/2019 8:48:59 PM: botfumante - Received: PING :tmi.twitch.tv
8/22/2019 8:48:59 PM: botfumante - Writing: PONG
8/22/2019 8:49:02 PM: botfumante - Received: @badge-info=;badges=moderator/1;color=#008000;display-name=TONYXZERO;emotes=;flags=;id=0b03c1dc-2c5d-4da5-a14c-aef59a60faaf;mod=1;room-id=443063688;subscriber=0;tmi-sent-ts=1566517742629;turbo=0;user-id=38731171;user-type=mod :tonyxzero!tonyxzero@tonyxzero.tmi.twitch.tv PRIVMSG #beringelamilgrau :monkaHmm
8/22/2019 8:49:03 PM: botfumante - Received: @badge-info=;badges=bits-charity/1;color=#DAA520;display-name=lucaesan;emotes=;flags=5-17:S.6;id=70432943-899f-4a83-a46b-af703c92e984;mod=0;room-id=443063688;subscriber=0;tmi-sent-ts=1566517743530;turbo=0;user-id=167039036;user-type= :lucaesan!lucaesan@lucaesan.tmi.twitch.tv PRIVMSG #beringelamilgrau :acho que meu corpo ta rejeitando o lozinho
8/22/2019 8:49:24 PM: botfumante - Received: @badge-info=subscriber/2;badges=vip/1,subscriber/0,bits-charity/1;color=#5F9EA0;display-name=Jean__;emotes=;flags=;id=60f49109-11ae-46e1-8165-353bea10273d;mod=0;room-id=443063688;subscriber=1;tmi-sent-ts=1566517764386;turbo=0;user-id=38479494;user-type= :jean__!jean__@jean__.tmi.twitch.tv PRIVMSG #beringelamilgrau :Significado de Paralelepip?dico: Que tem a forma de um paralelep?pedo.
8/22/2019 8:49:30 PM: botfumante - Received: @badge-info=subscriber/2;badges=vip/1,subscriber/0,bits-charity/1;color=#5F9EA0;display-name=Jean__;emotes=;flags=;id=39fffc90-8454-47f3-85b6-d91fa137a5f3;mod=0;room-id=443063688;subscriber=1;tmi-sent-ts=1566517770085;turbo=0;user-id=38479494;user-type= :jean__!jean__@jean__.tmi.twitch.tv PRIVMSG #beringelamilgrau :anyway, eu tava certo FeelsOkayMan
8/22/2019 8:49:36 PM: botfumante - Received: :loler4life!loler4life@loler4life.tmi.twitch.tv JOIN #beringelamilgrau
8/22/2019 8:49:36 PM: botfumante - Received: :hisaagi!hisaagi@hisaagi.tmi.twitch.tv PART #beringelamilgrau
8/22/2019 8:49:36 PM: botfumante - Received: @badge-info=;badges=moderator/1;color=#008000;display-name=TONYXZERO;emotes=;flags=;id=fba78866-395b-4157-a531-5909485470b4;mod=1;room-id=443063688;subscriber=0;tmi-sent-ts=1566517776336;turbo=0;user-id=38731171;user-type=mod :tonyxzero!tonyxzero@tonyxzero.tmi.twitch.tv PRIVMSG #beringelamilgrau :FeelsMan
8/22/2019 8:49:43 PM: botfumante - Received: @badge-info=subscriber/2;badges=broadcaster/1,subscriber/0;color=#8A2BE2;display-name=BeringelaMilGrau;emotes=;flags=;id=a0c81971-db7b-4398-a0ea-017311a6e646;mod=0;room-id=443063688;subscriber=1;tmi-sent-ts=1566517783221;turbo=0;user-id=443063688;user-type= :beringelamilgrau!beringelamilgrau@beringelamilgrau.tmi.twitch.tv PRIVMSG #beringelamilgrau :monkaHmm
8/22/2019 8:49:49 PM: botfumante - Received: @badge-info=;badges=;color=;display-name=joseantonio001;emotes=;flags=;id=46e46ba5-2cbc-43fa-a888-54f227c9aea0;mod=0;room-id=443063688;subscriber=0;tmi-sent-ts=1566517789281;turbo=0;user-id=157525923;user-type= :joseantonio001!joseantonio001@joseantonio001.tmi.twitch.tv PRIVMSG #beringelamilgrau :pensei q era a net
8/22/2019 8:49:59 PM: botfumante - Received: @badge-info=subscriber/2;badges=broadcaster/1,subscriber/0;color=#8A2BE2;display-name=BeringelaMilGrau;emotes=;flags=;id=0f4a1e2a-f624-4860-8965-e3337e1d5c8c;mod=0;room-id=443063688;subscriber=1;tmi-sent-ts=1566517799619;turbo=0;user-id=443063688;user-type= :beringelamilgrau!beringelamilgrau@beringelamilgrau.tmi.twitch.tv PRIVMSG #beringelamilgrau :FeelsMan o cara ta hackeando o dicion?rio
8/22/2019 8:50:07 PM: botfumante - Received: @badge-info=;badges=moderator/1;color=#008000;display-name=TONYXZERO;emotes=;flags=;id=02412ae9-9d2a-438f-91d6-6f98613834a9;mod=1;room-id=443063688;subscriber=0;tmi-sent-ts=1566517806178;turbo=0;user-id=38731171;user-type=mod :tonyxzero!tonyxzero@tonyxzero.tmi.twitch.tv PRIVMSG #beringelamilgrau :Procura o q ? c?bico ai Jean peepoSmart
8/22/2019 8:50:19 PM: botfumante - Received: @badge-info=;badges=moderator/1;color=#008000;display-name=TONYXZERO;emotes=;flags=;id=4b4d4a4a-e081-4af3-9828-8d491782aa9b;mod=1;room-id=443063688;subscriber=0;tmi-sent-ts=1566517818819;turbo=0;user-id=38731171;user-type=mod :tonyxzero!tonyxzero@tonyxzero.tmi.twitch.tv PRIVMSG #beringelamilgrau :HACKERMANS
8/22/2019 8:50:27 PM: botfumante - Received: @badge-info=subscriber/2;badges=vip/1,subscriber/0,bits-charity/1;color=#5F9EA0;display-name=Jean__;emotes=;flags=;id=cebd719c-5fad-4ddd-a079-53a8e46e5709;mod=0;room-id=443063688;subscriber=1;tmi-sent-ts=1566517826823;turbo=0;user-id=38479494;user-type= :jean__!jean__@jean__.tmi.twitch.tv PRIVMSG #beringelamilgrau :monkaHmm
8/22/2019 8:50:43 PM: botfumante - Received: @badge-info=subscriber/2;badges=vip/1,subscriber/0,bits-charity/1;color=#5F9EA0;display-name=Jean__;emotes=;flags=;id=2c6e9ba4-cd83-4d18-a35e-3776477b4764;mod=0;room-id=443063688;subscriber=1;tmi-sent-ts=1566517842968;turbo=0;user-id=38479494;user-type= :jean__!jean__@jean__.tmi.twitch.tv PRIVMSG #beringelamilgrau :O metro c?bico (s?mbolo: m?) ? uma unidade de medida de volume equivalente a mil litros. ? o padr?o no Sistema Internacional de Unidades e ? derivado do metro, sendo equivalente ao volume de um cubo com arestas de 1 metro. O metro c?bico equivale tamb?m a um quilolitro.
8/22/2019 8:51:06 PM: botfumante - Received: @badge-info=;badges=moderator/1;color=#008000;display-name=TONYXZERO;emotes=;flags=;id=7b9a694d-d6e8-4cdf-b581-c5001c59d84d;mod=1;room-id=443063688;subscriber=0;tmi-sent-ts=1566517866432;turbo=0;user-id=38731171;user-type=mod :tonyxzero!tonyxzero@tonyxzero.tmi.twitch.tv PRIVMSG #beringelamilgrau :FeelsOkayMan
8/22/2019 8:51:29 PM: botfumante - Received: @badge-info=subscriber/2;badges=broadcaster/1,subscriber/0;color=#8A2BE2;display-name=BeringelaMilGrau;emotes=;flags=;id=f6f4d472-7b88-43dd-9d1d-310686e6b763;mod=0;room-id=443063688;subscriber=1;tmi-sent-ts=1566517888979;turbo=0;user-id=443063688;user-type= :beringelamilgrau!beringelamilgrau@beringelamilgrau.tmi.twitch.tv PRIVMSG #beringelamilgrau :monkaHmm
8/22/2019 8:52:08 PM: botfumante - Received: @badge-info=;badges=;color=;display-name=BotFumante;emote-sets=0;mod=0;subscriber=0;user-type= :tmi.twitch.tv USERSTATE #beringelamilgrau
8/22/2019 8:52:49 PM: botfumante - Received: @badge-info=subscriber/2;badges=broadcaster/1,subscriber/0;color=#8A2BE2;display-name=BeringelaMilGrau;emotes=;flags=20-23:A.6/P.6;id=6cb2c0cc-c9b5-413e-b17b-21fecf5bedfb;mod=0;room-id=443063688;subscriber=1;tmi-sent-ts=1566517968807;turbo=0;user-id=443063688;user-type= :beringelamilgrau!beringelamilgrau@beringelamilgrau.tmi.twitch.tv PRIVMSG #beringelamilgrau :agora ta tando umas puta travada ConcernFroge
8/22/2019 8:52:54 PM: botfumante - Received: @badge-info=;badges=premium/1;color=#34B16F;display-name=leafjat;emotes=;flags=;id=08ca67eb-c9df-4ffb-9c2b-da2087e30040;mod=0;room-id=443063688;subscriber=0;tmi-sent-ts=1566517973590;turbo=0;user-id=424124612;user-type= :leafjat!leafjat@leafjat.tmi.twitch.tv PRIVMSG #beringelamilgrau :estou triste com o bira
8/22/2019 8:53:04 PM: botfumante - Received: @badge-info=subscriber/2;badges=broadcaster/1,subscriber/0;color=#8A2BE2;display-name=BeringelaMilGrau;emotes=;flags=;id=77156392-0a55-48a4-a780-bbe37fa3e028;mod=0;room-id=443063688;subscriber=1;tmi-sent-ts=1566517984228;turbo=0;user-id=443063688;user-type= :beringelamilgrau!beringelamilgrau@beringelamilgrau.tmi.twitch.tv PRIVMSG #beringelamilgrau :ConcernFroge
8/22/2019 8:53:09 PM: botfumante - Received: @badge-info=;badges=moderator/1;color=#008000;display-name=TONYXZERO;emotes=;flags=;id=ba22beb2-ab61-4059-a9a7-798d16705460;mod=1;room-id=443063688;subscriber=0;tmi-sent-ts=1566517989423;turbo=0;user-id=38731171;user-type=mod :tonyxzero!tonyxzero@tonyxzero.tmi.twitch.tv PRIVMSG #beringelamilgrau :Leaf peepoPants
8/22/2019 8:53:55 PM: botfumante - Received: PING :tmi.twitch.tv
8/22/2019 8:53:55 PM: botfumante - Writing: PONG
8/22/2019 8:54:03 PM: botfumante - Received: :hostmeraffle!hostmeraffle@hostmeraffle.tmi.twitch.tv PART #beringelamilgrau
8/22/2019 8:54:03 PM: botfumante - Received: :s1faka!s1faka@s1faka.tmi.twitch.tv PART #beringelamilgrau
8/22/2019 8:54:16 PM: botfumante - Received: @badge-info=subscriber/2;badges=broadcaster/1,subscriber/0;color=#8A2BE2;display-name=BeringelaMilGrau;emotes=;flags=;id=b4512850-b399-466e-9870-18b22ea0e256;mod=0;room-id=443063688;subscriber=1;tmi-sent-ts=1566518056098;turbo=0;user-id=443063688;user-type= :beringelamilgrau!beringelamilgrau@beringelamilgrau.tmi.twitch.tv PRIVMSG #beringelamilgrau :ConcernFroge
8/22/2019 8:54:19 PM: botfumante - Received: @badge-info=subscriber/2;badges=vip/1,subscriber/0,bits-charity/1;color=#5F9EA0;display-name=Jean__;emotes=;flags=;id=ce3949e9-1542-4d9a-9ab8-1fd468d1742e;mod=0;room-id=443063688;subscriber=1;tmi-sent-ts=1566518058850;turbo=0;user-id=38479494;user-type= :jean__!jean__@jean__.tmi.twitch.tv PRIVMSG #beringelamilgrau :ConcernFroge
8/22/2019 8:54:22 PM: botfumante - Received: @badge-info=;badges=moderator/1;color=#38CC8F;display-name=Montee_Waffle;emotes=;flags=;id=9089c7c6-1f32-4b06-8584-888c86b42ada;mod=1;room-id=443063688;subscriber=0;tmi-sent-ts=1566518061723;turbo=0;user-id=148551409;user-type=mod :montee_waffle!montee_waffle@montee_waffle.tmi.twitch.tv PRIVMSG #beringelamilgrau :ConcernFroge
8/22/2019 8:54:22 PM: botfumante - Received: @badge-info=;badges=moderator/1;color=#008000;display-name=TONYXZERO;emotes=;flags=;id=7c53db16-afd8-4b30-8b40-52151c75c65b;mod=1;room-id=443063688;subscriber=0;tmi-sent-ts=1566518062172;turbo=0;user-id=38731171;user-type=mod :tonyxzero!tonyxzero@tonyxzero.tmi.twitch.tv PRIVMSG #beringelamilgrau :ConcernFroge
8/22/2019 8:54:29 PM: botfumante - Received: @badge-info=subscriber/2;badges=vip/1,subscriber/0,bits-charity/1;color=#5F9EA0;display-name=Jean__;emotes=;flags=;id=5136aaa6-1bc5-4120-89d1-699a2f549b13;mod=0;room-id=443063688;subscriber=1;tmi-sent-ts=1566518069645;turbo=0;user-id=38479494;user-type= :jean__!jean__@jean__.tmi.twitch.tv PRIVMSG #beringelamilgrau :a m?o ta co?ando FeelsMan
8/22/2019 8:54:44 PM: botfumante - Received: @badge-info=subscriber/2;badges=vip/1,subscriber/0,bits-charity/1;color=#5F9EA0;display-name=Jean__;emotes=;flags=;id=be216e68-15fa-439a-95a0-17f3afc3340e;mod=0;room-id=443063688;subscriber=1;tmi-sent-ts=1566518084236;turbo=0;user-id=38479494;user-type= :jean__!jean__@jean__.tmi.twitch.tv PRIVMSG #beringelamilgrau :Pepega
8/22/2019 8:55:01 PM: botfumante - Received: @badge-info=;badges=moderator/1;color=#008000;display-name=TONYXZERO;emotes=;flags=;id=9396e1d6-f430-483b-be9e-64db84a5efba;mod=1;room-id=443063688;subscriber=0;tmi-sent-ts=1566518100766;turbo=0;user-id=38731171;user-type=mod :tonyxzero!tonyxzero@tonyxzero.tmi.twitch.tv PRIVMSG #beringelamilgrau :Pepega
8/22/2019 8:55:12 PM: botfumante - Received: @badge-info=;badges=premium/1;color=#34B16F;display-name=leafjat;emotes=;flags=0-42:;id=c4212aae-bec6-4dcd-a3c6-1ba78d9b0626;mod=0;room-id=443063688;subscriber=0;tmi-sent-ts=1566518111832;turbo=0;user-id=424124612;user-type= :leafjat!leafjat@leafjat.tmi.twitch.tv PRIVMSG #beringelamilgrau :https://www.youtube.com/watch?v=CAeTvBnI4jI
8/22/2019 8:55:16 PM: botfumante - Received: @badge-info=;badges=moderator/1;color=#008000;display-name=TONYXZERO;emotes=;flags=;id=098f07fe-28e8-4eac-a20a-dd806dbc1e96;mod=1;room-id=443063688;subscriber=0;tmi-sent-ts=1566518115781;turbo=0;user-id=38731171;user-type=mod :tonyxzero!tonyxzero@tonyxzero.tmi.twitch.tv PRIVMSG #beringelamilgrau :OMEGALUL
8/22/2019 8:55:21 PM: botfumante - Received: @badge-info=;badges=bits-charity/1;color=#DAA520;display-name=lucaesan;emotes=;flags=13-17:;id=1f381e49-0c64-4a08-88d9-ab478e15a1fa;mod=0;room-id=443063688;subscriber=0;tmi-sent-ts=1566518121449;turbo=0;user-id=167039036;user-type= :lucaesan!lucaesan@lucaesan.tmi.twitch.tv PRIVMSG #beringelamilgrau :Daniel t? no crack
8/22/2019 8:55:31 PM: botfumante - Received: @badge-info=;badges=bits-charity/1;color=#DAA520;display-name=lucaesan;emotes=;flags=;id=eef2ea76-033a-4702-a163-da598fec0f9a;mod=0;room-id=443063688;subscriber=0;tmi-sent-ts=1566518131472;turbo=0;user-id=167039036;user-type= :lucaesan!lucaesan@lucaesan.tmi.twitch.tv PRIVMSG #beringelamilgrau :o leaf j? transcendeu
8/22/2019 8:55:44 PM: botfumante - Received: @badge-info=;badges=moderator/1;color=#008000;display-name=TONYXZERO;emotes=;flags=;id=1f725b37-b820-4a5a-8011-47cce3a4119e;mod=1;room-id=443063688;subscriber=0;tmi-sent-ts=1566518144046;turbo=0;user-id=38731171;user-type=mod :tonyxzero!tonyxzero@tonyxzero.tmi.twitch.tv PRIVMSG #beringelamilgrau :To morrendo aqui OMEGALUL
8/22/2019 8:55:45 PM: botfumante - Received: @badge-info=;badges=bits-charity/1;color=#DAA520;display-name=lucaesan;emotes=;flags=;id=c081519d-8d2e-4222-bc38-02bc1717d33a;mod=0;room-id=443063688;subscriber=0;tmi-sent-ts=1566518145242;turbo=0;user-id=167039036;user-type= :lucaesan!lucaesan@lucaesan.tmi.twitch.tv PRIVMSG #beringelamilgrau :vou jogar de kg sem suite no lol
8/22/2019 8:56:02 PM: botfumante - Received: @badge-info=;badges=bits-charity/1;color=#DAA520;display-name=lucaesan;emotes=;flags=;id=60922ef6-66d9-4872-afe0-e1a409e2ef54;mod=0;room-id=443063688;subscriber=0;tmi-sent-ts=1566518161757;turbo=0;user-id=167039036;user-type= :lucaesan!lucaesan@lucaesan.tmi.twitch.tv PRIVMSG #beringelamilgrau :j? t? at? vendo os caras querendo ir duo n?o deixaram eu ir ad
8/22/2019 8:56:07 PM: botfumante - Received: @badge-info=subscriber/2;badges=vip/1,subscriber/0,bits-charity/1;color=#5F9EA0;display-name=Jean__;emotes=;flags=;id=c46e80be-027c-4790-8af8-578819376c7b;mod=0;room-id=443063688;subscriber=1;tmi-sent-ts=1566518166931;turbo=0;user-id=38479494;user-type= :jean__!jean__@jean__.tmi.twitch.tv PRIVMSG #beringelamilgrau :Pepega
8/22/2019 8:56:25 PM: botfumante - Received: @badge-info=;badges=bits-charity/1;color=#DAA520;display-name=lucaesan;emotes=;flags=;id=7675f5d0-45bf-4d1b-a268-e292b03a988d;mod=0;room-id=443063688;subscriber=0;tmi-sent-ts=1566518185045;turbo=0;user-id=167039036;user-type= :lucaesan!lucaesan@lucaesan.tmi.twitch.tv PRIVMSG #beringelamilgrau :vou ser o sucod e Pepega no lol
8/22/2019 8:56:30 PM: botfumante - Received: @badge-info=subscriber/2;badges=vip/1,subscriber/0,bits-charity/1;color=#5F9EA0;display-name=Jean__;emotes=;flags=;id=2e7a14d7-b3ed-4337-9c72-3801273c0d77;mod=0;room-id=443063688;subscriber=1;tmi-sent-ts=1566518190572;turbo=0;user-id=38479494;user-type= :jean__!jean__@jean__.tmi.twitch.tv PRIVMSG #beringelamilgrau :nao aguentei PepeLaugh
8/22/2019 8:56:41 PM: botfumante - Received: @badge-info=subscriber/2;badges=vip/1,subscriber/0,bits-charity/1;color=#5F9EA0;display-name=Jean__;emotes=;flags=;id=1e51a195-6588-4883-a0d7-16612d00f09d;mod=0;room-id=443063688;subscriber=1;tmi-sent-ts=1566518201423;turbo=0;user-id=38479494;user-type= :jean__!jean__@jean__.tmi.twitch.tv PRIVMSG #beringelamilgrau :monkaHmm
8/22/2019 8:56:53 PM: botfumante - Received: @badge-info=;badges=moderator/1;color=#008000;display-name=TONYXZERO;emotes=;flags=;id=8961bfe7-4dca-42bc-9e5b-6f6ca24eb9e4;mod=1;room-id=443063688;subscriber=0;tmi-sent-ts=1566518212765;turbo=0;user-id=38731171;user-type=mod :tonyxzero!tonyxzero@tonyxzero.tmi.twitch.tv PRIVMSG #beringelamilgrau :OMEGALUL
8/22/2019 8:57:25 PM: botfumante - Received: @badge-info=subscriber/2;badges=vip/1,subscriber/0,bits-charity/1;color=#5F9EA0;display-name=Jean__;emotes=;flags=;id=190d2f70-778d-4b81-8d1b-ab89d5aa7464;mod=0;room-id=443063688;subscriber=1;tmi-sent-ts=1566518244901;turbo=0;user-id=38479494;user-type= :jean__!jean__@jean__.tmi.twitch.tv PRIVMSG #beringelamilgrau :ta ai uma verdade ConcernFroge
8/22/2019 8:57:49 PM: botfumante - Received: @badge-info=;badges=moderator/1;color=#008000;display-name=TONYXZERO;emotes=;flags=;id=409222ad-b956-48b7-b613-3c19795abb1e;mod=1;room-id=443063688;subscriber=0;tmi-sent-ts=1566518269250;turbo=0;user-id=38731171;user-type=mod :tonyxzero!tonyxzero@tonyxzero.tmi.twitch.tv PRIVMSG #beringelamilgrau :FeelsMan
8/22/2019 8:58:23 PM: botfumante - Received: @badge-info=;badges=;color=;display-name=BotFumante;emote-sets=0;mod=0;subscriber=0;user-type= :tmi.twitch.tv USERSTATE #beringelamilgrau
8/22/2019 8:58:54 PM: botfumante - Received: PING :tmi.twitch.tv
8/22/2019 8:58:54 PM: botfumante - Writing: PONG
8/22/2019 8:59:02 PM: botfumante - Received: :olove!olove@olove.tmi.twitch.tv JOIN #beringelamilgrau
8/22/2019 8:59:02 PM: botfumante - Received: :loler4life!loler4life@loler4life.tmi.twitch.tv PART #beringelamilgrau
8/22/2019 9:00:36 PM: botfumante - Received: @badge-info=;badges=premium/1;color=;display-name=um_Fido;emotes=;flags=;id=51d5e8e2-7cad-4558-9a92-3810c58d91d2;mod=0;room-id=443063688;subscriber=0;tmi-sent-ts=1566518436347;turbo=0;user-id=32573069;user-type= :um_fido!um_fido@um_fido.tmi.twitch.tv PRIVMSG #beringelamilgrau :peepoSip
8/22/2019 9:00:49 PM: botfumante - Received: @badge-info=;badges=moderator/1;color=#008000;display-name=TONYXZERO;emotes=;flags=;id=12e50eee-b19d-4f07-b797-b18fa016fa3e;mod=1;room-id=443063688;subscriber=0;tmi-sent-ts=1566518449231;turbo=0;user-id=38731171;user-type=mod :tonyxzero!tonyxzero@tonyxzero.tmi.twitch.tv PRIVMSG #beringelamilgrau :Fido peepoSip
8/22/2019 9:00:58 PM: botfumante - Received: @badge-info=;badges=premium/1;color=;display-name=um_Fido;emotes=;flags=;id=471ee6ee-5c84-463d-8546-f38793a065a0;mod=0;room-id=443063688;subscriber=0;tmi-sent-ts=1566518458412;turbo=0;user-id=32573069;user-type= :um_fido!um_fido@um_fido.tmi.twitch.tv PRIVMSG #beringelamilgrau :Tonyzito peepoSip
8/22/2019 9:01:05 PM: botfumante - Received: @badge-info=;badges=moderator/1,partner/1;color=#7C7CE1;display-name=Nightbot;emotes=;flags=;id=22f50a40-5bcd-43a3-8de8-92515d0f9ff2;mod=1;room-id=443063688;subscriber=0;tmi-sent-ts=1566518464569;turbo=0;user-id=19264788;user-type=mod :nightbot!nightbot@nightbot.tmi.twitch.tv PRIVMSG #beringelamilgrau :Olha ai rap?, t? na hora de se hidratar! tomele ?gua de PokBlastoise PokBlastoise PokBlastoise
8/22/2019 9:01:11 PM: botfumante - Received: @badge-info=;badges=premium/1;color=;display-name=um_Fido;emotes=;flags=;id=d04bcb0f-10aa-4d2e-8d4b-98cbcda704e4;mod=0;room-id=443063688;subscriber=0;tmi-sent-ts=1566518471026;turbo=0;user-id=32573069;user-type= :um_fido!um_fido@um_fido.tmi.twitch.tv PRIVMSG #beringelamilgrau :t? lurkando s? peepoSip
8/22/2019 9:01:22 PM: botfumante - Received: @badge-info=;badges=moderator/1;color=#008000;display-name=TONYXZERO;emote-only=1;emotes=300715503:0-8;flags=;id=14c07453-fabe-46b5-84da-79cbf6fff4d8;mod=1;room-id=443063688;subscriber=0;tmi-sent-ts=1566518482467;turbo=0;user-id=38731171;user-type=mod :tonyxzero!tonyxzero@tonyxzero.tmi.twitch.tv PRIVMSG #beringelamilgrau :larxaLurk
8/22/2019 9:01:26 PM: botfumante - Received: @badge-info=;badges=premium/1;color=#34B16F;display-name=leafjat;emote-only=1;emotes=864143:0-11,13-24,26-37;flags=;id=0d6dbe0d-7a86-476d-b167-2fac182eea9b;mod=0;room-id=443063688;subscriber=0;tmi-sent-ts=1566518485931;turbo=0;user-id=424124612;user-type= :leafjat!leafjat@leafjat.tmi.twitch.tv PRIVMSG #beringelamilgrau :PokBlastoise PokBlastoise PokBlastoise
8/22/2019 9:01:48 PM: botfumante - Received: @badge-info=;badges=moderator/1;color=#008000;display-name=TONYXZERO;emotes=;flags=;id=054b3f4c-9553-4baa-adb5-3b2595c2a95c;mod=1;room-id=443063688;subscriber=0;tmi-sent-ts=1566518508675;turbo=0;user-id=38731171;user-type=mod :tonyxzero!tonyxzero@tonyxzero.tmi.twitch.tv PRIVMSG #beringelamilgrau :FeelsOkayMan
8/22/2019 9:01:52 PM: botfumante - Received: @badge-info=;badges=premium/1;color=;display-name=um_Fido;emotes=;flags=;id=f9e506a3-7ef0-44f1-a35d-19b7dcccac6b;mod=0;room-id=443063688;subscriber=0;tmi-sent-ts=1566518512563;turbo=0;user-id=32573069;user-type= :um_fido!um_fido@um_fido.tmi.twitch.tv PRIVMSG #beringelamilgrau :PepeLaugh
8/22/2019 9:02:03 PM: botfumante - Received: @badge-info=subscriber/2;badges=broadcaster/1,subscriber/0;color=#8A2BE2;display-name=BeringelaMilGrau;emotes=;flags=;id=41a17169-9a2e-4ee0-94e8-e2765074a330;mod=0;room-id=443063688;subscriber=1;tmi-sent-ts=1566518522718;turbo=0;user-id=443063688;user-type= :beringelamilgrau!beringelamilgrau@beringelamilgrau.tmi.twitch.tv PRIVMSG #beringelamilgrau :monkaHmm
8/22/2019 9:03:25 PM: botfumante - Received: @badge-info=;badges=moderator/1;color=#008000;display-name=TONYXZERO;emotes=;flags=;id=77f32751-6dbd-4bb0-b75c-3d9668b79478;mod=1;room-id=443063688;subscriber=0;tmi-sent-ts=1566518604854;turbo=0;user-id=38731171;user-type=mod :tonyxzero!tonyxzero@tonyxzero.tmi.twitch.tv PRIVMSG #beringelamilgrau :Ficou bom do Leaf peepoSip
8/22/2019 9:03:25 PM: botfumante - Received: @badge-info=subscriber/2;badges=vip/1,subscriber/0,bits-charity/1;color=#5F9EA0;display-name=Jean__;emotes=300613008:20-31;flags=;id=955bc28b-c7df-4bec-951c-b216594d5045;mod=0;room-id=443063688;subscriber=1;tmi-sent-ts=1566518604989;turbo=0;user-id=38479494;user-type= :jean__!jean__@jean__.tmi.twitch.tv PRIVMSG #beringelamilgrau :e quando esse emote beringTrophy morre? FeelsMan
8/22/2019 9:03:33 PM: botfumante - Received: PING :tmi.twitch.tv
8/22/2019 9:03:33 PM: botfumante - Writing: PONG
8/22/2019 9:03:37 PM: botfumante - Received: @badge-info=;badges=moderator/1;color=#008000;display-name=TONYXZERO;emotes=;flags=;id=add5050f-6c25-4a3b-a1cf-414777b370ff;mod=1;room-id=443063688;subscriber=0;tmi-sent-ts=1566518617229;turbo=0;user-id=38731171;user-type=mod :tonyxzero!tonyxzero@tonyxzero.tmi.twitch.tv PRIVMSG #beringelamilgrau :Quando a gente pagar a Ellem peepoSip
8/22/2019 9:04:33 PM: botfumante - Received: @badge-info=;badges=moderator/1;color=#008000;display-name=TONYXZERO;emotes=;flags=;id=322c62b3-b5b9-4625-8156-82e3c0f19e80;mod=1;room-id=443063688;subscriber=0;tmi-sent-ts=1566518672898;turbo=0;user-id=38731171;user-type=mod :tonyxzero!tonyxzero@tonyxzero.tmi.twitch.tv PRIVMSG #beringelamilgrau :Bed ? cama Leaf peepoSmart
8/22/2019 9:04:40 PM: botfumante - Received: @badge-info=subscriber/2;badges=vip/1,subscriber/0,bits-charity/1;color=#5F9EA0;display-name=Jean__;emotes=;flags=;id=cbc888d1-1286-44a9-9c91-d33d37432d3f;mod=0;room-id=443063688;subscriber=1;tmi-sent-ts=1566518680018;turbo=0;user-id=38479494;user-type= :jean__!jean__@jean__.tmi.twitch.tv PRIVMSG #beringelamilgrau :ConcernFroge
8/22/2019 9:05:12 PM: botfumante - Received: @badge-info=;badges=moderator/1;color=#008000;display-name=TONYXZERO;emotes=;flags=;id=29fc79cc-8086-44c8-8dce-3d62de1aee99;mod=1;room-id=443063688;subscriber=0;tmi-sent-ts=1566518712515;turbo=0;user-id=38731171;user-type=mod :tonyxzero!tonyxzero@tonyxzero.tmi.twitch.tv PRIVMSG #beringelamilgrau :Usa o dinheiro do imposto pra comprar uma praia po peepoSleepo
8/22/2019 9:05:24 PM: botfumante - Received: @badge-info=subscriber/2;badges=vip/1,subscriber/0,bits-charity/1;color=#5F9EA0;display-name=Jean__;emotes=;flags=;id=897e9df5-9cbb-48ea-a669-070e66ffe67b;mod=0;room-id=443063688;subscriber=1;tmi-sent-ts=1566518724604;turbo=0;user-id=38479494;user-type= :jean__!jean__@jean__.tmi.twitch.tv PRIVMSG #beringelamilgrau :com o divino ae, quero ver alguem comprar PepeLaugh
8/22/2019 9:06:03 PM: botfumante - Received: @badge-info=subscriber/2;badges=vip/1,subscriber/0,bits-charity/1;color=#5F9EA0;display-name=Jean__;emotes=;flags=;id=0456d1f2-62dd-4945-abca-4571be788980;mod=0;room-id=443063688;subscriber=1;tmi-sent-ts=1566518763344;turbo=0;user-id=38479494;user-type= :jean__!jean__@jean__.tmi.twitch.tv PRIVMSG #beringelamilgrau :ae tony, da o host ae Pepega
8/22/2019 9:06:17 PM: botfumante - Received: @badge-info=;badges=moderator/1;color=#008000;display-name=TONYXZERO;emotes=;flags=;id=2c963782-2344-4e7d-9368-5b4ff7cc32f6;mod=1;room-id=443063688;subscriber=0;tmi-sent-ts=1566518777165;turbo=0;user-id=38731171;user-type=mod :tonyxzero!tonyxzero@tonyxzero.tmi.twitch.tv PRIVMSG #beringelamilgrau :Pepega
8/22/2019 9:06:33 PM: botfumante - Received: @badge-info=;badges=moderator/1;color=#008000;display-name=TONYXZERO;emotes=;flags=;id=c5b95de0-405b-4109-9e43-750a3a590cc1;mod=1;room-id=443063688;subscriber=0;tmi-sent-ts=1566518793158;turbo=0;user-id=38731171;user-type=mod :tonyxzero!tonyxzero@tonyxzero.tmi.twitch.tv PRIVMSG #beringelamilgrau :FeelsBirthdayMan
8/22/2019 9:06:56 PM: botfumante - Received: @badge-info=subscriber/2;badges=vip/1,subscriber/0,bits-charity/1;color=#5F9EA0;display-name=Jean__;emotes=;flags=;id=a2398c30-19bb-4191-92f8-dc4f03a5afdd;mod=0;room-id=443063688;subscriber=1;tmi-sent-ts=1566518815925;turbo=0;user-id=38479494;user-type= :jean__!jean__@jean__.tmi.twitch.tv PRIVMSG #beringelamilgrau :FeelsOkayMan
8/22/2019 9:07:37 PM: botfumante - Received: @badge-info=;badges=moderator/1;color=#008000;display-name=TONYXZERO;emotes=;flags=;id=8d355233-c176-486f-ab70-6fedc465cf42;mod=1;room-id=443063688;subscriber=0;tmi-sent-ts=1566518856911;turbo=0;user-id=38731171;user-type=mod :tonyxzero!tonyxzero@tonyxzero.tmi.twitch.tv PRIVMSG #beringelamilgrau :Miss Click ? a mui? do ano chamada Click peepoSmart
8/22/2019 9:07:43 PM: botfumante - Received: PING :tmi.twitch.tv
8/22/2019 9:07:43 PM: botfumante - Writing: PONG
8/22/2019 9:07:52 PM: botfumante - Received: @badge-info=;badges=moderator/1;color=#008000;display-name=TONYXZERO;emotes=;flags=;id=3875a069-789f-4fcb-8613-0f8dab620f9d;mod=1;room-id=443063688;subscriber=0;tmi-sent-ts=1566518871865;turbo=0;user-id=38731171;user-type=mod :tonyxzero!tonyxzero@tonyxzero.tmi.twitch.tv PRIVMSG #beringelamilgrau :OMEGALUL
8/22/2019 9:08:30 PM: botfumante - Received: @badge-info=subscriber/2;badges=broadcaster/1,subscriber/0;color=#8A2BE2;display-name=BeringelaMilGrau;emotes=;flags=;id=5f2d921d-601f-455f-b296-99fa13bff3bd;mod=0;room-id=443063688;subscriber=1;tmi-sent-ts=1566518910010;turbo=0;user-id=443063688;user-type= :beringelamilgrau!beringelamilgrau@beringelamilgrau.tmi.twitch.tv PRIVMSG #beringelamilgrau :ConcernFroge
8/22/2019 9:08:38 PM: botfumante - Received: :s1faka!s1faka@s1faka.tmi.twitch.tv JOIN #beringelamilgrau
8/22/2019 9:08:38 PM: botfumante - Received: :michelle_rezende!michelle_rezende@michelle_rezende.tmi.twitch.tv PART #beringelamilgrau
8/22/2019 9:08:38 PM: botfumante - Received: :leafjat!leafjat@leafjat.tmi.twitch.tv PART #beringelamilgrau
8/22/2019 9:08:40 PM: botfumante - Received: @badge-info=;badges=moderator/1;color=#008000;display-name=TONYXZERO;emotes=;flags=;id=e899a629-156f-435e-b301-3506c9ff2035;mod=1;room-id=443063688;subscriber=0;tmi-sent-ts=1566518919725;turbo=0;user-id=38731171;user-type=mod :tonyxzero!tonyxzero@tonyxzero.tmi.twitch.tv PRIVMSG #beringelamilgrau :Pepega
8/22/2019 9:08:48 PM: botfumante - Received: @badge-info=subscriber/2;badges=vip/1,subscriber/0,bits-charity/1;color=#5F9EA0;display-name=Jean__;emotes=;flags=;id=cd5ef0e1-d129-44c6-8070-90c1e7aeed58;mod=0;room-id=443063688;subscriber=1;tmi-sent-ts=1566518927248;turbo=0;user-id=38479494;user-type= :jean__!jean__@jean__.tmi.twitch.tv PRIVMSG #beringelamilgrau :Pepega
8/22/2019 9:08:51 PM: botfumante - Received: @badge-info=;badges=moderator/1;color=#008000;display-name=TONYXZERO;emotes=;flags=;id=e031694d-d178-4186-97cd-9104b81feb84;mod=1;room-id=443063688;subscriber=0;tmi-sent-ts=1566518930915;turbo=0;user-id=38731171;user-type=mod :tonyxzero!tonyxzero@tonyxzero.tmi.twitch.tv PRIVMSG #beringelamilgrau :Bora movimento gente peepoRun
8/22/2019 9:09:01 PM: botfumante - Received: @badge-info=subscriber/2;badges=vip/1,subscriber/0,bits-charity/1;color=#5F9EA0;display-name=Jean__;emotes=;flags=;id=9bc0a4e9-d9e8-4d03-ba05-624e07abda09;mod=0;room-id=443063688;subscriber=1;tmi-sent-ts=1566518941226;turbo=0;user-id=38479494;user-type= :jean__!jean__@jean__.tmi.twitch.tv PRIVMSG #beringelamilgrau :bora falar mal das pessoas
8/22/2019 9:09:03 PM: botfumante - Received: @badge-info=;badges=moderator/1;color=#008000;display-name=TONYXZERO;emotes=;flags=;id=1e1683b1-dab2-4ac3-a96a-7ffcfb14e5db;mod=1;room-id=443063688;subscriber=0;tmi-sent-ts=1566518943538;turbo=0;user-id=38731171;user-type=mod :tonyxzero!tonyxzero@tonyxzero.tmi.twitch.tv PRIVMSG #beringelamilgrau :EU IA FALAR ISSO BIRA OMEGALUL
8/22/2019 9:09:11 PM: botfumante - Received: @badge-info=subscriber/2;badges=broadcaster/1,subscriber/0;color=#8A2BE2;display-name=BeringelaMilGrau;emotes=;flags=0-47:;id=0edcde23-bfce-40e3-b100-cd9d95bec8db;mod=0;room-id=443063688;subscriber=1;tmi-sent-ts=1566518951044;turbo=0;user-id=443063688;user-type= :beringelamilgrau!beringelamilgrau@beringelamilgrau.tmi.twitch.tv PRIVMSG #beringelamilgrau :https://i.ytimg.com/vi/MnA5rPdJYlU/hqdefault.jpg
8/22/2019 9:09:43 PM: botfumante - Received: :leafjat!leafjat@leafjat.tmi.twitch.tv JOIN #beringelamilgrau
8/22/2019 9:09:43 PM: botfumante - Received: :guillapre!guillapre@guillapre.tmi.twitch.tv PART #beringelamilgrau
8/22/2019 9:09:51 PM: botfumante - Received: @badge-info=subscriber/2;badges=broadcaster/1,subscriber/0;color=#8A2BE2;display-name=BeringelaMilGrau;emotes=;flags=;id=499c660c-09f3-45bd-9b3a-f9fd7eb3755f;mod=0;room-id=443063688;subscriber=1;tmi-sent-ts=1566518990752;turbo=0;user-id=443063688;user-type= :beringelamilgrau!beringelamilgrau@beringelamilgrau.tmi.twitch.tv PRIVMSG #beringelamilgrau :ConcernFroge
8/22/2019 9:09:56 PM: botfumante - Received: @badge-info=;badges=moderator/1;color=#008000;display-name=TONYXZERO;emotes=;flags=;id=2124f917-103d-4b21-a70a-e8af886857fe;mod=1;room-id=443063688;subscriber=0;tmi-sent-ts=1566518995456;turbo=0;user-id=38731171;user-type=mod :tonyxzero!tonyxzero@tonyxzero.tmi.twitch.tv PRIVMSG #beringelamilgrau :ConcernFroge
8/22/2019 9:09:56 PM: botfumante - Received: @badge-info=subscriber/2;badges=vip/1,subscriber/0,bits-charity/1;color=#5F9EA0;display-name=Jean__;emotes=;flags=;id=bcbcfd59-cde7-42af-a112-9e2fd83fa798;mod=0;room-id=443063688;subscriber=1;tmi-sent-ts=1566518996053;turbo=0;user-id=38479494;user-type= :jean__!jean__@jean__.tmi.twitch.tv PRIVMSG #beringelamilgrau :ConcernFroge
8/22/2019 9:10:00 PM: botfumante - Received: @badge-info=;badges=premium/1;color=;display-name=um_Fido;emote-only=1;emotes=1883183:0-8;flags=;id=628fc2e2-1e6c-49bb-acf3-ebdf9883d2e1;mod=0;room-id=443063688;subscriber=0;tmi-sent-ts=1566518999686;turbo=0;user-id=32573069;user-type= :um_fido!um_fido@um_fido.tmi.twitch.tv PRIVMSG #beringelamilgrau :lordsLewd
8/22/2019 9:10:17 PM: botfumante - Received: @badge-info=;badges=vip/1;color=#FF69B4;display-name=rbruno018;emotes=;flags=;id=11f33dea-2aed-4840-9185-8328c08015d0;mod=0;room-id=443063688;subscriber=0;tmi-sent-ts=1566519017037;turbo=0;user-id=216448313;user-type= :rbruno018!rbruno018@rbruno018.tmi.twitch.tv PRIVMSG #beringelamilgrau :FeelsOkayMan
8/22/2019 9:10:35 PM: botfumante - Received: @badge-info=subscriber/2;badges=vip/1,subscriber/0,bits-charity/1;color=#5F9EA0;display-name=Jean__;emotes=;flags=;id=b20df550-c691-41ac-a333-1f11980e058d;mod=0;room-id=443063688;subscriber=1;tmi-sent-ts=1566519035029;turbo=0;user-id=38479494;user-type= :jean__!jean__@jean__.tmi.twitch.tv PRIVMSG #beringelamilgrau :monkaHmm
8/22/2019 9:10:40 PM: botfumante - Received: @badge-info=subscriber/2;badges=vip/1,subscriber/0,bits-charity/1;color=#5F9EA0;display-name=Jean__;emotes=;flags=;id=00a4b683-22c6-4cbd-8028-80d5c67a624e;mod=0;room-id=443063688;subscriber=1;tmi-sent-ts=1566519039839;turbo=0;user-id=38479494;user-type= :jean__!jean__@jean__.tmi.twitch.tv PRIVMSG #beringelamilgrau :vou testar umas paradas aqui
8/22/2019 9:10:48 PM: botfumante - Received: @badge-info=;badges=premium/1;color=;display-name=um_Fido;emotes=;flags=;id=2eaf8ed0-95b9-449a-940f-0d1bab1592a3;mod=0;room-id=443063688;subscriber=0;tmi-sent-ts=1566519048271;turbo=0;user-id=32573069;user-type= :um_fido!um_fido@um_fido.tmi.twitch.tv PRIVMSG #beringelamilgrau :monkaHmm
8/22/2019 9:10:56 PM: botfumante - Received: @badge-info=;badges=moderator/1;color=#008000;display-name=TONYXZERO;emotes=;flags=;id=9b15b2d9-02c5-4a00-ad5f-b6370f61d73a;mod=1;room-id=443063688;subscriber=0;tmi-sent-ts=1566519055817;turbo=0;user-id=38731171;user-type=mod :tonyxzero!tonyxzero@tonyxzero.tmi.twitch.tv PRIVMSG #beringelamilgrau :HACKERMANS
8/22/2019 9:11:01 PM: botfumante - Received: @badge-info=;badges=moderator/1;color=#008000;display-name=TONYXZERO;emotes=;flags=;id=dd6d7302-2c1d-4642-a866-58b0f3e66da5;mod=1;room-id=443063688;subscriber=0;tmi-sent-ts=1566519060871;turbo=0;user-id=38731171;user-type=mod :tonyxzero!tonyxzero@tonyxzero.tmi.twitch.tv PRIVMSG #beringelamilgrau :!chicote
8/22/2019 9:11:02 PM: botfumante - Received: @badge-info=subscriber/2;badges=broadcaster/1,subscriber/0;color=#8A2BE2;display-name=BeringelaMilGrau;emotes=;flags=;id=b91e9329-b670-4ac7-b3e3-a15241307c19;mod=0;room-id=443063688;subscriber=1;tmi-sent-ts=1566519062594;turbo=0;user-id=443063688;user-type= :beringelamilgrau!beringelamilgrau@beringelamilgrau.tmi.twitch.tv PRIVMSG #beringelamilgrau :HACKERMANS
8/22/2019 9:11:04 PM: botfumante - Received: @badge-info=;badges=moderator/1;color=#008000;display-name=TONYXZERO;emotes=;flags=;id=b0d437b0-d64d-4f3c-aa6a-11a5ccadeb15;mod=1;room-id=443063688;subscriber=0;tmi-sent-ts=1566519064276;turbo=0;user-id=38731171;user-type=mod :tonyxzero!tonyxzero@tonyxzero.tmi.twitch.tv PRIVMSG #beringelamilgrau :FeelsOkayMan
8/22/2019 9:11:55 PM: botfumante - Received: PING :tmi.twitch.tv
8/22/2019 9:11:55 PM: botfumante - Writing: PONG
8/22/2019 9:12:50 PM: botfumante - Received: @badge-info=;badges=vip/1;color=#FF69B4;display-name=rbruno018;emotes=;flags=;id=f91b4c80-b93b-426a-8a59-35474ad97082;mod=0;room-id=443063688;subscriber=0;tmi-sent-ts=1566519170019;turbo=0;user-id=216448313;user-type= :rbruno018!rbruno018@rbruno018.tmi.twitch.tv PRIVMSG #beringelamilgrau :!daniel
8/22/2019 9:12:50 PM: botfumante - Received: @badge-info=;badges=moderator/1,partner/1;color=#7C7CE1;display-name=Nightbot;emotes=;flags=;id=649c6527-425c-4c66-8223-184f7ca0a1a5;mod=1;room-id=443063688;subscriber=0;tmi-sent-ts=1566519170303;turbo=0;user-id=19264788;user-type=mod :nightbot!nightbot@nightbot.tmi.twitch.tv PRIVMSG #beringelamilgrau :Perdoa o rapaz, ele n?o sabe ler e nem escrever.
8/22/2019 9:13:19 PM: botfumante - Received: @badge-info=;badges=moderator/1;color=#008000;display-name=TONYXZERO;emotes=;flags=;id=9d96ded5-e70f-4551-8faa-b5cf1401cbd1;mod=1;room-id=443063688;subscriber=0;tmi-sent-ts=1566519199093;turbo=0;user-id=38731171;user-type=mod :tonyxzero!tonyxzero@tonyxzero.tmi.twitch.tv PRIVMSG #beringelamilgrau :FeelsOkayMan
8/22/2019 9:14:37 PM: botfumante - Received: @badge-info=;badges=vip/1;color=#FF69B4;display-name=rbruno018;emotes=;flags=;id=41cfa13b-e9f6-421f-b5c6-0c84749981ad;mod=0;room-id=443063688;subscriber=0;tmi-sent-ts=1566519277501;turbo=0;user-id=216448313;user-type= :rbruno018!rbruno018@rbruno018.tmi.twitch.tv PRIVMSG #beringelamilgrau :bira tem mesmo
8/22/2019 9:14:49 PM: botfumante - Received: @badge-info=;badges=vip/1;color=#FF69B4;display-name=rbruno018;emotes=;flags=;id=609bcee6-7a79-4f7e-a317-b7e7d27cc144;mod=0;room-id=443063688;subscriber=0;tmi-sent-ts=1566519289450;turbo=0;user-id=216448313;user-type= :rbruno018!rbruno018@rbruno018.tmi.twitch.tv PRIVMSG #beringelamilgrau :namorou tu so ve ele ano que vem
8/22/2019 9:15:22 PM: botfumante - Received: @badge-info=;badges=moderator/1;color=#008000;display-name=TONYXZERO;emotes=;flags=;id=6350f4a3-72cf-4d8f-b04f-978fb6a10704;mod=1;room-id=443063688;subscriber=0;tmi-sent-ts=1566519321833;turbo=0;user-id=38731171;user-type=mod :tonyxzero!tonyxzero@tonyxzero.tmi.twitch.tv PRIVMSG #beringelamilgrau :Bruno, tem um video perfeito pra vc no insta peepoSmart
8/22/2019 9:15:32 PM: botfumante - Received: @badge-info=;badges=vip/1;color=#FF69B4;display-name=rbruno018;emotes=;flags=;id=2290975f-0cec-49b4-89ae-ee394b4e3ced;mod=0;room-id=443063688;subscriber=0;tmi-sent-ts=1566519332092;turbo=0;user-id=216448313;user-type= :rbruno018!rbruno018@rbruno018.tmi.twitch.tv PRIVMSG #beringelamilgrau :peepoSmart
8/22/2019 9:15:36 PM: botfumante - Received: @badge-info=;badges=vip/1;color=#FF69B4;display-name=rbruno018;emotes=;flags=;id=1a133b8f-da03-4166-8f57-20a1db01d801;mod=0;room-id=443063688;subscriber=0;tmi-sent-ts=1566519336189;turbo=0;user-id=216448313;user-type= :rbruno018!rbruno018@rbruno018.tmi.twitch.tv PRIVMSG #beringelamilgrau :marca la peepoSmart
8/22/2019 9:15:42 PM: botfumante - Received: @badge-info=;badges=moderator/1;color=#008000;display-name=TONYXZERO;emotes=;flags=;id=5bec42f2-16e7-4337-bdaa-987aacb739ed;mod=1;room-id=443063688;subscriber=0;tmi-sent-ts=1566519342219;turbo=0;user-id=38731171;user-type=mod :tonyxzero!tonyxzero@tonyxzero.tmi.twitch.tv PRIVMSG #beringelamilgrau :Olhe e denada peepoSip
8/22/2019 9:15:50 PM: botfumante - Received: @badge-info=;badges=moderator/1;color=#008000;display-name=TONYXZERO;emotes=;flags=;id=bde6efd8-b5a4-40dc-bd9f-97b8a297af04;mod=1;room-id=443063688;subscriber=0;tmi-sent-ts=1566519350111;turbo=0;user-id=38731171;user-type=mod :tonyxzero!tonyxzero@tonyxzero.tmi.twitch.tv PRIVMSG #beringelamilgrau :Mandei pra vc peepoSip
8/22/2019 9:15:58 PM: botfumante - Received: @badge-info=;badges=;color=;display-name=joseantonio001;emotes=25:60-64;flags=;id=96586294-dbf6-4e8d-be8e-795d56f38ba2;mod=0;room-id=443063688;subscriber=0;tmi-sent-ts=1566519358444;turbo=0;user-id=157525923;user-type= :joseantonio001!joseantonio001@joseantonio001.tmi.twitch.tv PRIVMSG #beringelamilgrau :MONTEE o q vc pensa sobre quem joga RP mas fala mal do GAME Kappa
8/22/2019 9:16:19 PM: botfumante - Received: @badge-info=;badges=;color=;display-name=joseantonio001;emotes=25:26-30;flags=;id=154138e6-d298-43e7-9d25-cadbae966140;mod=0;room-id=443063688;subscriber=0;tmi-sent-ts=1566519378849;turbo=0;user-id=157525923;user-type= :joseantonio001!joseantonio001@joseantonio001.tmi.twitch.tv PRIVMSG #beringelamilgrau :REFUGIADOS do FIRE EMBLEM Kappa
8/22/2019 9:16:34 PM: botfumante - Received: @badge-info=;badges=premium/1;color=;display-name=um_Fido;emotes=;flags=;id=6f2f4016-4373-42fe-a597-5aac5b9a0e4f;mod=0;room-id=443063688;subscriber=0;tmi-sent-ts=1566519394231;turbo=0;user-id=32573069;user-type= :um_fido!um_fido@um_fido.tmi.twitch.tv PRIVMSG #beringelamilgrau :FeelsOverwatchMan
8/22/2019 9:16:35 PM: botfumante - Received: @badge-info=;badges=;color=;display-name=joseantonio001;emotes=;flags=;id=23effa83-69a1-42d3-b171-d7916d70bc52;mod=0;room-id=443063688;subscriber=0;tmi-sent-ts=1566519395108;turbo=0;user-id=157525923;user-type= :joseantonio001!joseantonio001@joseantonio001.tmi.twitch.tv PRIVMSG #beringelamilgrau :coloca esse TITLE
8/22/2019 9:16:44 PM: botfumante - Received: @badge-info=;badges=moderator/1;color=#008000;display-name=TONYXZERO;emotes=;flags=;id=2aa66492-4899-4660-9147-884d77cf8e18;mod=1;room-id=443063688;subscriber=0;tmi-sent-ts=1566519404598;turbo=0;user-id=38731171;user-type=mod :tonyxzero!tonyxzero@tonyxzero.tmi.twitch.tv PRIVMSG #beringelamilgrau :FeelsMan
8/22/2019 9:16:46 PM: botfumante - Received: PING :tmi.twitch.tv
8/22/2019 9:16:46 PM: botfumante - Writing: PONG
8/22/2019 9:16:48 PM: botfumante - Received: @badge-info=;badges=;color=;display-name=joseantonio001;emotes=25:26-30;flags=;id=522c33d0-91b9-468b-ab99-9d87adb22d87;mod=0;room-id=443063688;subscriber=0;tmi-sent-ts=1566519408439;turbo=0;user-id=157525923;user-type= :joseantonio001!joseantonio001@joseantonio001.tmi.twitch.tv PRIVMSG #beringelamilgrau :REFUGIADOS do FIRE EMBLEM Kappa
8/22/2019 9:16:49 PM: botfumante - Received: @badge-info=;badges=bits-charity/1;color=#DAA520;display-name=lucaesan;emotes=;flags=;id=bbb68e2b-d91f-4649-8e95-40b0e3b5905c;mod=0;room-id=443063688;subscriber=0;tmi-sent-ts=1566519409202;turbo=0;user-id=167039036;user-type= :lucaesan!lucaesan@lucaesan.tmi.twitch.tv PRIVMSG #beringelamilgrau :montee joga rp?
8/22/2019 9:16:55 PM: botfumante - Received: @badge-info=;badges=moderator/1;color=#008000;display-name=TONYXZERO;emotes=;flags=;id=ccf4350f-3f2f-4181-a94b-73b831f2a0a6;mod=1;room-id=443063688;subscriber=0;tmi-sent-ts=1566519415164;turbo=0;user-id=38731171;user-type=mod :tonyxzero!tonyxzero@tonyxzero.tmi.twitch.tv PRIVMSG #beringelamilgrau :FeelsBadMan
8/22/2019 9:16:57 PM: botfumante - Received: @badge-info=;badges=moderator/1;color=#38CC8F;display-name=Montee_Waffle;emotes=;flags=;id=7a07910f-0ffa-48b6-a53e-2aaaa1282f77;mod=1;room-id=443063688;subscriber=0;tmi-sent-ts=1566519417079;turbo=0;user-id=148551409;user-type=mod :montee_waffle!montee_waffle@montee_waffle.tmi.twitch.tv PRIVMSG #beringelamilgrau :n?o jogo
8/22/2019 9:17:00 PM: botfumante - Received: @badge-info=;badges=bits-charity/1;color=#DAA520;display-name=lucaesan;emotes=;flags=;id=e0dc01a8-5953-4d44-a0a5-8c43e49b7c5a;mod=0;room-id=443063688;subscriber=0;tmi-sent-ts=1566519420413;turbo=0;user-id=167039036;user-type= :lucaesan!lucaesan@lucaesan.tmi.twitch.tv PRIVMSG #beringelamilgrau :ConcernFroge
8/22/2019 9:17:01 PM: botfumante - Received: @badge-info=;badges=moderator/1;color=#38CC8F;display-name=Montee_Waffle;emotes=;flags=;id=e4e81ec2-3fb6-4a7a-81e5-5d3870d020c2;mod=1;room-id=443063688;subscriber=0;tmi-sent-ts=1566519421334;turbo=0;user-id=148551409;user-type=mod :montee_waffle!montee_waffle@montee_waffle.tmi.twitch.tv PRIVMSG #beringelamilgrau :eu vou abrir daqui a pouco
8/22/2019 9:17:03 PM: botfumante - Received: @badge-info=;badges=moderator/1;color=#008000;display-name=TONYXZERO;emotes=;flags=;id=e4b229f7-9c3c-41d4-a1d3-11e85b5db2f5;mod=1;room-id=443063688;subscriber=0;tmi-sent-ts=1566519422423;turbo=0;user-id=38731171;user-type=mod :tonyxzero!tonyxzero@tonyxzero.tmi.twitch.tv PRIVMSG #beringelamilgrau :PepePls
8/22/2019 9:17:10 PM: botfumante - Received: @badge-info=;badges=moderator/1;color=#008000;display-name=TONYXZERO;emotes=;flags=;id=7105896c-57f1-4e93-86fc-bf068229b96b;mod=1;room-id=443063688;subscriber=0;tmi-sent-ts=1566519429773;turbo=0;user-id=38731171;user-type=mod :tonyxzero!tonyxzero@tonyxzero.tmi.twitch.tv PRIVMSG #beringelamilgrau :monkaHmm
