8/22/2019 11:39:27 PM: botfumante - Connecting to: wss://irc-ws.chat.twitch.tv:443
8/22/2019 11:39:28 PM: botfumante - Should be connected!
8/22/2019 11:39:28 PM: botfumante - Joining channel: beringelamilgrau
8/22/2019 11:39:29 PM: botfumante - Received: :tmi.twitch.tv 001 botfumante :Welcome, GLHF!
8/22/2019 11:39:29 PM: botfumante - Received: :tmi.twitch.tv 002 botfumante :Your host is tmi.twitch.tv
8/22/2019 11:39:29 PM: botfumante - Received: :tmi.twitch.tv 003 botfumante :This server is rather new
8/22/2019 11:39:29 PM: botfumante - Received: :tmi.twitch.tv 004 botfumante :-
8/22/2019 11:39:29 PM: botfumante - Received: :tmi.twitch.tv 375 botfumante :-
8/22/2019 11:39:29 PM: botfumante - Received: :tmi.twitch.tv 372 botfumante :You are in a maze of twisty passages, all alike.
8/22/2019 11:39:29 PM: botfumante - Received: :tmi.twitch.tv 376 botfumante :>
8/22/2019 11:39:29 PM: botfumante - Received: :tmi.twitch.tv CAP * ACK :twitch.tv/membership
8/22/2019 11:39:29 PM: botfumante - Unaccounted for: :tmi.twitch.tv CAP * ACK :twitch.tv/membership
8/22/2019 11:39:29 PM: botfumante - Received: :tmi.twitch.tv CAP * ACK :twitch.tv/commands
8/22/2019 11:39:29 PM: botfumante - Unaccounted for: :tmi.twitch.tv CAP * ACK :twitch.tv/commands
8/22/2019 11:39:29 PM: botfumante - Received: :tmi.twitch.tv CAP * ACK :twitch.tv/tags
8/22/2019 11:39:29 PM: botfumante - Unaccounted for: :tmi.twitch.tv CAP * ACK :twitch.tv/tags
8/22/2019 11:39:29 PM: botfumante - Received: :botfumante!botfumante@botfumante.tmi.twitch.tv JOIN #beringelamilgrau
8/22/2019 11:39:29 PM: botfumante - Received: :botfumante.tmi.twitch.tv 353 botfumante = #beringelamilgrau :botfumante
8/22/2019 11:39:29 PM: botfumante - Received: :botfumante.tmi.twitch.tv 366 botfumante #beringelamilgrau :End of /NAMES list
8/22/2019 11:39:29 PM: botfumante - Finished channel joining queue.
8/22/2019 11:39:29 PM: botfumante - Received: @badge-info=;badges=;color=;display-name=BotFumante;emote-sets=0;mod=0;subscriber=0;user-type= :tmi.twitch.tv USERSTATE #beringelamilgrau
8/22/2019 11:39:29 PM: botfumante - Received: @emote-only=0;followers-only=-1;r9k=0;rituals=0;room-id=443063688;slow=0;subs-only=0 :tmi.twitch.tv ROOMSTATE #beringelamilgrau
8/22/2019 11:39:29 PM: botfumante - Finished channel joining queue.
8/22/2019 11:39:32 PM: botfumante - Received: @badge-info=;badges=;color=;display-name=joseantonio001;emotes=;flags=;id=d48216fb-ff20-4674-8122-0d300f2f3157;mod=0;room-id=443063688;subscriber=0;tmi-sent-ts=1566527971892;turbo=0;user-id=157525923;user-type= :joseantonio001!joseantonio001@joseantonio001.tmi.twitch.tv PRIVMSG #beringelamilgrau :ta torta
8/22/2019 11:39:32 PM: botfumante - Received: @badge-info=subscriber/2;badges=vip/1,subscriber/0,bits-charity/1;color=#5F9EA0;display-name=Jean__;emotes=;flags=7-12:S.6;id=59b29f43-6351-49c1-9605-e129aa2a4501;mod=0;room-id=443063688;subscriber=1;tmi-sent-ts=1566527971909;turbo=0;user-id=38479494;user-type= :jean__!jean__@jean__.tmi.twitch.tv PRIVMSG #beringelamilgrau :!price Hentai Puzzle
8/22/2019 11:39:50 PM: botfumante - Received: :montee_waffle!montee_waffle@montee_waffle.tmi.twitch.tv JOIN #beringelamilgrau
8/22/2019 11:39:50 PM: botfumante - Received: :ddanniell!ddanniell@ddanniell.tmi.twitch.tv JOIN #beringelamilgrau
8/22/2019 11:39:50 PM: botfumante - Received: :don_torelli!don_torelli@don_torelli.tmi.twitch.tv JOIN #beringelamilgrau
8/22/2019 11:39:50 PM: botfumante - Received: :beringelamilgrau!beringelamilgrau@beringelamilgrau.tmi.twitch.tv JOIN #beringelamilgrau
8/22/2019 11:39:50 PM: botfumante - Received: :lucaesan!lucaesan@lucaesan.tmi.twitch.tv JOIN #beringelamilgrau
8/22/2019 11:39:50 PM: botfumante - Received: :rbruno018!rbruno018@rbruno018.tmi.twitch.tv JOIN #beringelamilgrau
8/22/2019 11:39:50 PM: botfumante - Received: :lurxx!lurxx@lurxx.tmi.twitch.tv JOIN #beringelamilgrau
8/22/2019 11:39:50 PM: botfumante - Received: :winsock!winsock@winsock.tmi.twitch.tv JOIN #beringelamilgrau
8/22/2019 11:39:50 PM: botfumante - Received: :jean__!jean__@jean__.tmi.twitch.tv JOIN #beringelamilgrau
8/22/2019 11:39:50 PM: botfumante - Received: :joseantonio001!joseantonio001@joseantonio001.tmi.twitch.tv JOIN #beringelamilgrau
8/22/2019 11:39:50 PM: botfumante - Received: :electricallongboard!electricallongboard@electricallongboard.tmi.twitch.tv JOIN #beringelamilgrau
8/22/2019 11:39:50 PM: botfumante - Received: :commanderroot!commanderroot@commanderroot.tmi.twitch.tv JOIN #beringelamilgrau
8/22/2019 11:39:50 PM: botfumante - Received: :s1faka!s1faka@s1faka.tmi.twitch.tv JOIN #beringelamilgrau
8/22/2019 11:39:50 PM: botfumante - Received: :streamlabs!streamlabs@streamlabs.tmi.twitch.tv JOIN #beringelamilgrau
8/22/2019 11:39:50 PM: botfumante - Received: :leafjat!leafjat@leafjat.tmi.twitch.tv JOIN #beringelamilgrau
