8/18/2019 8:44:20 PM: botfumante - Connecting to: wss://irc-ws.chat.twitch.tv:443
8/18/2019 8:44:21 PM: botfumante - Should be connected!
8/18/2019 8:44:21 PM: botfumante - Joining channel: beringelamilgrau
8/18/2019 8:44:21 PM: botfumante - Received: :tmi.twitch.tv 001 botfumante :Welcome, GLHF!
8/18/2019 8:44:21 PM: botfumante - Received: :tmi.twitch.tv 002 botfumante :Your host is tmi.twitch.tv
8/18/2019 8:44:21 PM: botfumante - Received: :tmi.twitch.tv 003 botfumante :This server is rather new
8/18/2019 8:44:21 PM: botfumante - Received: :tmi.twitch.tv 004 botfumante :-
8/18/2019 8:44:21 PM: botfumante - Received: :tmi.twitch.tv 375 botfumante :-
8/18/2019 8:44:21 PM: botfumante - Received: :tmi.twitch.tv 372 botfumante :You are in a maze of twisty passages, all alike.
8/18/2019 8:44:21 PM: botfumante - Received: :tmi.twitch.tv 376 botfumante :>
8/18/2019 8:44:21 PM: botfumante - Received: :tmi.twitch.tv CAP * ACK :twitch.tv/membership
8/18/2019 8:44:21 PM: botfumante - Unaccounted for: :tmi.twitch.tv CAP * ACK :twitch.tv/membership
8/18/2019 8:44:21 PM: botfumante - Received: :tmi.twitch.tv CAP * ACK :twitch.tv/commands
8/18/2019 8:44:21 PM: botfumante - Unaccounted for: :tmi.twitch.tv CAP * ACK :twitch.tv/commands
8/18/2019 8:44:21 PM: botfumante - Received: :tmi.twitch.tv CAP * ACK :twitch.tv/tags
8/18/2019 8:44:21 PM: botfumante - Unaccounted for: :tmi.twitch.tv CAP * ACK :twitch.tv/tags
8/18/2019 8:44:21 PM: botfumante - Received: :botfumante!botfumante@botfumante.tmi.twitch.tv JOIN #beringelamilgrau
8/18/2019 8:44:21 PM: botfumante - Received: :botfumante.tmi.twitch.tv 353 botfumante = #beringelamilgrau :botfumante
8/18/2019 8:44:21 PM: botfumante - Received: :botfumante.tmi.twitch.tv 366 botfumante #beringelamilgrau :End of /NAMES list
8/18/2019 8:44:21 PM: botfumante - Finished channel joining queue.
8/18/2019 8:44:21 PM: botfumante - Received: @badge-info=;badges=;color=;display-name=BotFumante;emote-sets=0;mod=0;subscriber=0;user-type= :tmi.twitch.tv USERSTATE #beringelamilgrau
8/18/2019 8:44:21 PM: botfumante - Received: @emote-only=0;followers-only=-1;r9k=0;rituals=0;room-id=443063688;slow=0;subs-only=0 :tmi.twitch.tv ROOMSTATE #beringelamilgrau
8/18/2019 8:44:22 PM: botfumante - Finished channel joining queue.
8/18/2019 8:44:25 PM: botfumante - Received: @badge-info=subscriber/2;badges=vip/1,subscriber/0,bits-charity/1;color=#5F9EA0;display-name=Jean__;emotes=;flags=;id=d17c5613-102e-4a21-adff-8d8724ccdf84;mod=0;room-id=443063688;subscriber=1;tmi-sent-ts=1566171863439;turbo=0;user-id=38479494;user-type= :jean__!jean__@jean__.tmi.twitch.tv PRIVMSG #beringelamilgrau :!chicote
8/18/2019 8:44:25 PM: botfumante - Received: @badge-info=;badges=vip/1;color=#008000;display-name=Hisaagi;emotes=;flags=;id=c1d2fec6-3c85-4018-946a-750c2aee439b;mod=0;room-id=443063688;subscriber=0;tmi-sent-ts=1566171863482;turbo=0;user-id=137774469;user-type= :hisaagi!hisaagi@hisaagi.tmi.twitch.tv PRIVMSG #beringelamilgrau :joga um touhou a? PepePls
8/18/2019 8:44:28 PM: botfumante - Received: @badge-info=;badges=bits/1;color=#0000FF;display-name=Alexisyuki;emotes=;flags=;id=6aaef110-2b6f-4036-ac19-c1d5cd7a774a;mod=0;room-id=443063688;subscriber=0;tmi-sent-ts=1566171867018;turbo=0;user-id=66833296;user-type= :alexisyuki!alexisyuki@alexisyuki.tmi.twitch.tv PRIVMSG #beringelamilgrau :joga passiencia
8/18/2019 8:44:29 PM: botfumante - Received: @badge-info=subscriber/2;badges=vip/1,subscriber/0,bits-charity/1;color=#5F9EA0;display-name=Jean__;emotes=;flags=;id=c58d2a39-375a-4a7d-9081-a26262f0e845;mod=0;room-id=443063688;subscriber=1;tmi-sent-ts=1566171867967;turbo=0;user-id=38479494;user-type= :jean__!jean__@jean__.tmi.twitch.tv PRIVMSG #beringelamilgrau :monkaHmm
