8/3/2019 9:18:58 PM: botfumante - Connecting to: wss://irc-ws.chat.twitch.tv:443
8/3/2019 9:18:59 PM: botfumante - Should be connected!
8/3/2019 9:19:00 PM: botfumante - Joining channel: jean__
8/3/2019 9:19:00 PM: botfumante - Received: :tmi.twitch.tv 001 botfumante :Welcome, GLHF!
8/3/2019 9:19:00 PM: botfumante - Received: :tmi.twitch.tv 002 botfumante :Your host is tmi.twitch.tv
8/3/2019 9:19:00 PM: botfumante - Received: :tmi.twitch.tv 003 botfumante :This server is rather new
8/3/2019 9:19:00 PM: botfumante - Received: :tmi.twitch.tv 004 botfumante :-
8/3/2019 9:19:00 PM: botfumante - Received: :tmi.twitch.tv 375 botfumante :-
8/3/2019 9:19:00 PM: botfumante - Received: :tmi.twitch.tv 372 botfumante :You are in a maze of twisty passages, all alike.
8/3/2019 9:19:00 PM: botfumante - Received: :tmi.twitch.tv 376 botfumante :>
8/3/2019 9:19:00 PM: botfumante - Received: :tmi.twitch.tv CAP * ACK :twitch.tv/membership
8/3/2019 9:19:00 PM: botfumante - Unaccounted for: :tmi.twitch.tv CAP * ACK :twitch.tv/membership
8/3/2019 9:19:00 PM: botfumante - Received: :tmi.twitch.tv CAP * ACK :twitch.tv/commands
8/3/2019 9:19:00 PM: botfumante - Unaccounted for: :tmi.twitch.tv CAP * ACK :twitch.tv/commands
8/3/2019 9:19:00 PM: botfumante - Received: :tmi.twitch.tv CAP * ACK :twitch.tv/tags
8/3/2019 9:19:00 PM: botfumante - Unaccounted for: :tmi.twitch.tv CAP * ACK :twitch.tv/tags
8/3/2019 9:19:00 PM: botfumante - Received: :botfumante!botfumante@botfumante.tmi.twitch.tv JOIN #jean__
8/3/2019 9:19:00 PM: botfumante - Received: :botfumante.tmi.twitch.tv 353 botfumante = #jean__ :botfumante
8/3/2019 9:19:00 PM: botfumante - Received: :botfumante.tmi.twitch.tv 366 botfumante #jean__ :End of /NAMES list
8/3/2019 9:19:00 PM: botfumante - Finished channel joining queue.
8/3/2019 9:19:00 PM: botfumante - Received: @badge-info=;badges=;color=;display-name=BotFumante;emote-sets=0;mod=0;subscriber=0;user-type= :tmi.twitch.tv USERSTATE #jean__
8/3/2019 9:19:00 PM: botfumante - Received: @emote-only=0;followers-only=-1;r9k=0;rituals=0;room-id=38479494;slow=0;subs-only=0 :tmi.twitch.tv ROOMSTATE #jean__
8/3/2019 9:19:01 PM: botfumante - Finished channel joining queue.
8/3/2019 9:19:02 PM: botfumante - Received: @badge-info=;badges=broadcaster/1,bits-charity/1;color=#5F9EA0;display-name=Jean__;emotes=;flags=;id=bcac563e-3873-41b5-a671-77092514944f;mod=0;room-id=38479494;subscriber=0;tmi-sent-ts=1564877941870;turbo=0;user-id=38479494;user-type= :jean__!jean__@jean__.tmi.twitch.tv PRIVMSG #jean__ :!scream
8/3/2019 9:19:28 PM: botfumante - Received: :jean__!jean__@jean__.tmi.twitch.tv JOIN #jean__
8/3/2019 9:19:28 PM: botfumante - Received: :nightbot!nightbot@nightbot.tmi.twitch.tv JOIN #jean__
8/3/2019 9:19:55 PM: botfumante - Received: @badge-info=;badges=broadcaster/1,bits-charity/1;color=#5F9EA0;display-name=Jean__;emotes=;flags=;id=46a60ed0-5f31-4582-bfaf-ac9c8add0b8f;mod=0;room-id=38479494;subscriber=0;tmi-sent-ts=1564877995081;turbo=0;user-id=38479494;user-type= :jean__!jean__@jean__.tmi.twitch.tv PRIVMSG #jean__ :!scream
8/3/2019 9:20:27 PM: botfumante - Received: @badge-info=;badges=broadcaster/1,bits-charity/1;color=#5F9EA0;display-name=Jean__;emotes=;flags=;id=b754a779-a10c-486c-b416-b348df55e724;mod=0;room-id=38479494;subscriber=0;tmi-sent-ts=1564878026810;turbo=0;user-id=38479494;user-type= :jean__!jean__@jean__.tmi.twitch.tv PRIVMSG #jean__ :!scream
8/3/2019 9:20:39 PM: botfumante - Received: @badge-info=;badges=broadcaster/1,bits-charity/1;color=#5F9EA0;display-name=Jean__;emotes=;flags=;id=13ceec03-0542-4660-a2fb-d7c8f25630b4;mod=0;room-id=38479494;subscriber=0;tmi-sent-ts=1564878039025;turbo=0;user-id=38479494;user-type= :jean__!jean__@jean__.tmi.twitch.tv PRIVMSG #jean__ :!scream 154
