8/31/2019 11:36:08 PM: botfumante - Connecting to: wss://irc-ws.chat.twitch.tv:443
8/31/2019 11:36:09 PM: botfumante - Should be connected!
8/31/2019 11:36:09 PM: botfumante - Joining channel: beringelamilgrau
8/31/2019 11:36:10 PM: botfumante - Received: :tmi.twitch.tv 001 botfumante :Welcome, GLHF!
8/31/2019 11:36:10 PM: botfumante - Received: :tmi.twitch.tv 002 botfumante :Your host is tmi.twitch.tv
8/31/2019 11:36:10 PM: botfumante - Received: :tmi.twitch.tv 003 botfumante :This server is rather new
8/31/2019 11:36:10 PM: botfumante - Received: :tmi.twitch.tv 004 botfumante :-
8/31/2019 11:36:10 PM: botfumante - Received: :tmi.twitch.tv 375 botfumante :-
8/31/2019 11:36:10 PM: botfumante - Received: :tmi.twitch.tv 372 botfumante :You are in a maze of twisty passages, all alike.
8/31/2019 11:36:10 PM: botfumante - Received: :tmi.twitch.tv 376 botfumante :>
8/31/2019 11:36:10 PM: botfumante - Received: :tmi.twitch.tv CAP * ACK :twitch.tv/membership
8/31/2019 11:36:10 PM: botfumante - Unaccounted for: :tmi.twitch.tv CAP * ACK :twitch.tv/membership
8/31/2019 11:36:10 PM: botfumante - Received: :tmi.twitch.tv CAP * ACK :twitch.tv/commands
8/31/2019 11:36:10 PM: botfumante - Unaccounted for: :tmi.twitch.tv CAP * ACK :twitch.tv/commands
8/31/2019 11:36:10 PM: botfumante - Received: :tmi.twitch.tv CAP * ACK :twitch.tv/tags
8/31/2019 11:36:10 PM: botfumante - Unaccounted for: :tmi.twitch.tv CAP * ACK :twitch.tv/tags
8/31/2019 11:36:10 PM: botfumante - Received: :botfumante!botfumante@botfumante.tmi.twitch.tv JOIN #beringelamilgrau
8/31/2019 11:36:10 PM: botfumante - Received: :botfumante.tmi.twitch.tv 353 botfumante = #beringelamilgrau :botfumante
8/31/2019 11:36:10 PM: botfumante - Received: :botfumante.tmi.twitch.tv 366 botfumante #beringelamilgrau :End of /NAMES list
8/31/2019 11:36:10 PM: botfumante - Finished channel joining queue.
8/31/2019 11:36:10 PM: botfumante - Received: @badge-info=;badges=;color=;display-name=BotFumante;emote-sets=0,300432485;mod=0;subscriber=0;user-type= :tmi.twitch.tv USERSTATE #beringelamilgrau
8/31/2019 11:36:10 PM: botfumante - Received: @emote-only=0;followers-only=-1;r9k=0;rituals=0;room-id=443063688;slow=0;subs-only=0 :tmi.twitch.tv ROOMSTATE #beringelamilgrau
8/31/2019 11:36:10 PM: botfumante - Received: @badge-info=;badges=;color=;display-name=BotFumante;emote-sets=0,300432485;mod=0;subscriber=0;user-type= :tmi.twitch.tv USERSTATE #beringelamilgrau
8/31/2019 11:36:10 PM: botfumante - Finished channel joining queue.
8/31/2019 11:36:12 PM: botfumante - Received: @badge-info=;badges=;color=#3AC6D0;display-name=Gabrigode;emotes=;flags=;id=f482de0d-db26-4215-97b2-3ce5af998b6f;mod=0;room-id=443063688;subscriber=0;tmi-sent-ts=1567305371720;turbo=0;user-id=125402779;user-type= :gabrigode!gabrigode@gabrigode.tmi.twitch.tv PRIVMSG #beringelamilgrau :!ban Jean
8/31/2019 11:36:17 PM: botfumante - Received: @badge-info=;badges=premium/1;color=#2E8B57;display-name=gui_ventuus;emotes=;flags=;id=906950bf-47f0-4ae8-9c85-ea75fea5b9fb;mod=0;room-id=443063688;subscriber=0;tmi-sent-ts=1567305376664;turbo=0;user-id=134703144;user-type= :gui_ventuus!gui_ventuus@gui_ventuus.tmi.twitch.tv PRIVMSG #beringelamilgrau :PepeComfy
8/31/2019 11:36:21 PM: botfumante - Received: @badge-info=;badges=moderator/1;color=#38CC8F;display-name=Montee_Waffle;emotes=;flags=;id=9e32080e-469c-4a2c-988b-bda0b507d7b8;mod=1;room-id=443063688;subscriber=0;tmi-sent-ts=1567305381131;turbo=0;user-id=148551409;user-type=mod :montee_waffle!montee_waffle@montee_waffle.tmi.twitch.tv PRIVMSG #beringelamilgrau :?????????????????????????????? ?????????????????????????????? ?????????????????????????????? ?????????????????????????????? ?????????????????????????????? ?????????????????????????????? ?????????????????????????????? ?????????????????????????????? ?????????????????????????????? ??????????
