8/6/2019 4:41:54 AM: botfumante - Connecting to: wss://irc-ws.chat.twitch.tv:443
8/6/2019 4:41:55 AM: botfumante - Should be connected!
8/6/2019 4:41:56 AM: botfumante - Joining channel: beringelamilgrau
8/6/2019 4:41:56 AM: botfumante - Received: :tmi.twitch.tv 001 botfumante :Welcome, GLHF!
8/6/2019 4:41:56 AM: botfumante - Received: :tmi.twitch.tv 002 botfumante :Your host is tmi.twitch.tv
8/6/2019 4:41:56 AM: botfumante - Received: :tmi.twitch.tv 003 botfumante :This server is rather new
8/6/2019 4:41:56 AM: botfumante - Received: :tmi.twitch.tv 004 botfumante :-
8/6/2019 4:41:56 AM: botfumante - Received: :tmi.twitch.tv 375 botfumante :-
8/6/2019 4:41:56 AM: botfumante - Received: :tmi.twitch.tv 372 botfumante :You are in a maze of twisty passages, all alike.
8/6/2019 4:41:56 AM: botfumante - Received: :tmi.twitch.tv 376 botfumante :>
8/6/2019 4:41:56 AM: botfumante - Received: :tmi.twitch.tv CAP * ACK :twitch.tv/membership
8/6/2019 4:41:56 AM: botfumante - Unaccounted for: :tmi.twitch.tv CAP * ACK :twitch.tv/membership
8/6/2019 4:41:56 AM: botfumante - Received: :tmi.twitch.tv CAP * ACK :twitch.tv/commands
8/6/2019 4:41:56 AM: botfumante - Unaccounted for: :tmi.twitch.tv CAP * ACK :twitch.tv/commands
8/6/2019 4:41:56 AM: botfumante - Received: :tmi.twitch.tv CAP * ACK :twitch.tv/tags
8/6/2019 4:41:56 AM: botfumante - Unaccounted for: :tmi.twitch.tv CAP * ACK :twitch.tv/tags
8/6/2019 4:41:56 AM: botfumante - Received: :botfumante!botfumante@botfumante.tmi.twitch.tv JOIN #beringelamilgrau
8/6/2019 4:41:56 AM: botfumante - Received: @badge-info=;badges=;color=;display-name=BotFumante;emote-sets=0;mod=0;subscriber=0;user-type= :tmi.twitch.tv USERSTATE #beringelamilgrau
8/6/2019 4:41:56 AM: botfumante - Received: @emote-only=0;followers-only=-1;r9k=0;rituals=0;room-id=443063688;slow=0;subs-only=0 :tmi.twitch.tv ROOMSTATE #beringelamilgrau
8/6/2019 4:41:56 AM: botfumante - Received: :botfumante.tmi.twitch.tv 353 botfumante = #beringelamilgrau :commanderroot slocool selhar piotatinhas playerstipp winsock larisruiz seikensou agrtron malucodabesta minikiddoo neto56 lo_nih dylarck b0n4tt0 ddanniell bloodblur streamlabs botfumante rbruno018 sassaplay srtrindadee pipavoada snakejones feuerwehr calibrelordal aelorth eri_fukada willzito viniciusmk512 nemesiszumbizada joseantonio001 limayz frank_zx tyboor nadanaove vinizius_ mdcurie razmodan tonyxzero gasparovis
8/6/2019 4:41:56 AM: botfumante - Received: :botfumante.tmi.twitch.tv 353 botfumante = #beringelamilgrau :montee_waffle sirxaldre akanamedesu omegamgn beringelamilgrau nightbot p0lizei_ danravenous thglllmd lurxx carlinhosdabike gtloginhatnc1 maria_renata marukard clockworkorange6 bunysl willkdj felipexgamerbr tuniit jean__ d0ctor banana1524 tripazim sillentb itsvodoo deep5 themalkavianx
8/6/2019 4:41:56 AM: botfumante - Received: :botfumante.tmi.twitch.tv 366 botfumante #beringelamilgrau :End of /NAMES list
8/6/2019 4:41:56 AM: botfumante - Finished channel joining queue.
8/6/2019 4:41:56 AM: botfumante - Received: @badge-info=;badges=;color=;display-name=BotFumante;emote-sets=0;mod=0;subscriber=0;user-type= :tmi.twitch.tv USERSTATE #beringelamilgrau
8/6/2019 4:41:57 AM: botfumante - Finished channel joining queue.
8/6/2019 4:42:02 AM: botfumante - Received: @badge-info=;badges=vip/1;color=#FF69B4;display-name=rbruno018;emotes=;flags=;id=5077fa9c-918e-4ce3-99e3-4767ad81db1a;mod=0;room-id=443063688;subscriber=0;tmi-sent-ts=1565077322245;turbo=0;user-id=216448313;user-type= :rbruno018!rbruno018@rbruno018.tmi.twitch.tv PRIVMSG #beringelamilgrau :usa magia
8/6/2019 4:42:04 AM: botfumante - Received: @badge-info=;badges=;color=;display-name=malucodabesta;emotes=;flags=;id=654e1afd-3eee-41d1-bc88-373e2a62260b;mod=0;room-id=443063688;subscriber=0;tmi-sent-ts=1565077323461;turbo=0;user-id=452860384;user-type= :malucodabesta!malucodabesta@malucodabesta.tmi.twitch.tv PRIVMSG #beringelamilgrau :Ah, eu sou pro
