2019-07-27 9:43:40 PM: botfumante - Connecting to: wss://irc-ws.chat.twitch.tv:443
2019-07-27 9:43:41 PM: botfumante - Should be connected!
2019-07-27 9:43:41 PM: botfumante - Joining channel: beringelamilgrau
2019-07-27 9:43:41 PM: botfumante - Received: :tmi.twitch.tv 001 botfumante :Welcome, GLHF!
2019-07-27 9:43:41 PM: botfumante - Received: :tmi.twitch.tv 002 botfumante :Your host is tmi.twitch.tv
2019-07-27 9:43:41 PM: botfumante - Received: :tmi.twitch.tv 003 botfumante :This server is rather new
2019-07-27 9:43:41 PM: botfumante - Received: :tmi.twitch.tv 004 botfumante :-
2019-07-27 9:43:41 PM: botfumante - Received: :tmi.twitch.tv 375 botfumante :-
2019-07-27 9:43:41 PM: botfumante - Received: :tmi.twitch.tv 372 botfumante :You are in a maze of twisty passages, all alike.
2019-07-27 9:43:41 PM: botfumante - Received: :tmi.twitch.tv 376 botfumante :>
2019-07-27 9:43:41 PM: botfumante - Received: :tmi.twitch.tv CAP * ACK :twitch.tv/membership
2019-07-27 9:43:41 PM: botfumante - Unaccounted for: :tmi.twitch.tv CAP * ACK :twitch.tv/membership
2019-07-27 9:43:41 PM: botfumante - Received: :tmi.twitch.tv CAP * ACK :twitch.tv/commands
2019-07-27 9:43:41 PM: botfumante - Unaccounted for: :tmi.twitch.tv CAP * ACK :twitch.tv/commands
2019-07-27 9:43:42 PM: botfumante - Received: :tmi.twitch.tv CAP * ACK :twitch.tv/tags
2019-07-27 9:43:42 PM: botfumante - Unaccounted for: :tmi.twitch.tv CAP * ACK :twitch.tv/tags
2019-07-27 9:43:42 PM: botfumante - Received: :botfumante!botfumante@botfumante.tmi.twitch.tv JOIN #beringelamilgrau
2019-07-27 9:43:42 PM: botfumante - Received: :botfumante.tmi.twitch.tv 353 botfumante = #beringelamilgrau :botfumante
2019-07-27 9:43:42 PM: botfumante - Received: :botfumante.tmi.twitch.tv 366 botfumante #beringelamilgrau :End of /NAMES list
2019-07-27 9:43:42 PM: botfumante - Finished channel joining queue.
2019-07-27 9:43:42 PM: botfumante - Received: @badge-info=;badges=;color=;display-name=BotFumante;emote-sets=0;mod=0;subscriber=0;user-type= :tmi.twitch.tv USERSTATE #beringelamilgrau
2019-07-27 9:43:42 PM: botfumante - Received: @emote-only=0;followers-only=-1;r9k=0;rituals=0;room-id=443063688;slow=0;subs-only=0 :tmi.twitch.tv ROOMSTATE #beringelamilgrau
2019-07-27 9:43:42 PM: botfumante - Finished channel joining queue.
2019-07-27 9:43:47 PM: botfumante - Received: :montee_waffle!montee_waffle@montee_waffle.tmi.twitch.tv JOIN #beringelamilgrau
2019-07-27 9:43:47 PM: botfumante - Received: :s1faka!s1faka@s1faka.tmi.twitch.tv JOIN #beringelamilgrau
2019-07-27 9:43:47 PM: botfumante - Received: :nightbot!nightbot@nightbot.tmi.twitch.tv JOIN #beringelamilgrau
2019-07-27 9:43:47 PM: botfumante - Received: :rbruno018!rbruno018@rbruno018.tmi.twitch.tv JOIN #beringelamilgrau
2019-07-27 9:43:47 PM: botfumante - Received: :angeloflight!angeloflight@angeloflight.tmi.twitch.tv JOIN #beringelamilgrau
2019-07-27 9:43:47 PM: botfumante - Received: :guillapre!guillapre@guillapre.tmi.twitch.tv JOIN #beringelamilgrau
2019-07-27 9:43:47 PM: botfumante - Received: :electricallongboard!electricallongboard@electricallongboard.tmi.twitch.tv JOIN #beringelamilgrau
2019-07-27 9:43:47 PM: botfumante - Received: :lurxx!lurxx@lurxx.tmi.twitch.tv JOIN #beringelamilgrau
2019-07-27 9:43:47 PM: botfumante - Received: :skinnyseahorse!skinnyseahorse@skinnyseahorse.tmi.twitch.tv JOIN #beringelamilgrau
2019-07-27 9:43:47 PM: botfumante - Received: :jeanthebot!jeanthebot@jeanthebot.tmi.twitch.tv JOIN #beringelamilgrau
2019-07-27 9:43:47 PM: botfumante - Received: :michelle_rezende!michelle_rezende@michelle_rezende.tmi.twitch.tv JOIN #beringelamilgrau
2019-07-27 9:43:47 PM: botfumante - Received: :hostmeraffle!hostmeraffle@hostmeraffle.tmi.twitch.tv JOIN #beringelamilgrau
2019-07-27 9:43:47 PM: botfumante - Received: :themalkavianx!themalkavianx@themalkavianx.tmi.twitch.tv JOIN #beringelamilgrau
2019-07-27 9:43:47 PM: botfumante - Received: :ddanniell!ddanniell@ddanniell.tmi.twitch.tv JOIN #beringelamilgrau
2019-07-27 9:43:47 PM: botfumante - Received: :beringelamilgrau!beringelamilgrau@beringelamilgrau.tmi.twitch.tv JOIN #beringelamilgrau
2019-07-27 9:43:47 PM: botfumante - Received: :jean__!jean__@jean__.tmi.twitch.tv JOIN #beringelamilgrau
2019-07-27 9:43:47 PM: botfumante - Received: :commanderroot!commanderroot@commanderroot.tmi.twitch.tv JOIN #beringelamilgrau
2019-07-27 9:43:47 PM: botfumante - Received: :hisaagi!hisaagi@hisaagi.tmi.twitch.tv JOIN #beringelamilgrau
2019-07-27 9:43:47 PM: botfumante - Received: :cyclemotion!cyclemotion@cyclemotion.tmi.twitch.tv JOIN #beringelamilgrau
2019-07-27 9:43:53 PM: botfumante - Received: @badge-info=;badges=;color=#00FF7F;display-name=CreepyHead;emotes=;flags=;id=85aced2b-a4dd-4fa2-a8c9-246a4ad2999c;mod=0;room-id=443063688;subscriber=0;tmi-sent-ts=1564274631425;turbo=0;user-id=70457200;user-type= :creepyhead!creepyhead@creepyhead.tmi.twitch.tv PRIVMSG #beringelamilgrau :saudades worms mano pqp
2019-07-27 9:44:00 PM: botfumante - Received: @badge-info=;badges=;color=#00FF7F;display-name=CreepyHead;emotes=;flags=;id=77fc8afb-7b7a-4ce7-b453-9a8b1738f2a1;mod=0;room-id=443063688;subscriber=0;tmi-sent-ts=1564274638581;turbo=0;user-id=70457200;user-type= :creepyhead!creepyhead@creepyhead.tmi.twitch.tv PRIVMSG #beringelamilgrau :Sim, sou o Mod retardado do malka
2019-07-27 9:44:01 PM: botfumante - Received: @badge-info=;badges=;color=#00FF7F;display-name=CreepyHead;emotes=;flags=;id=0bfe8e94-5f97-4a07-a1e4-42f3721d78d1;mod=0;room-id=443063688;subscriber=0;tmi-sent-ts=1564274640114;turbo=0;user-id=70457200;user-type= :creepyhead!creepyhead@creepyhead.tmi.twitch.tv PRIVMSG #beringelamilgrau :pkosapkoaspokaskopaskopkopas
