8/23/2019 12:13:45 AM: botfumante - Connecting to: wss://irc-ws.chat.twitch.tv:443
8/23/2019 12:13:46 AM: botfumante - Should be connected!
8/23/2019 12:13:46 AM: botfumante - Joining channel: jean__
8/23/2019 12:13:46 AM: botfumante - Received: :tmi.twitch.tv 001 botfumante :Welcome, GLHF!
8/23/2019 12:13:46 AM: botfumante - Received: :tmi.twitch.tv 002 botfumante :Your host is tmi.twitch.tv
8/23/2019 12:13:46 AM: botfumante - Received: :tmi.twitch.tv 003 botfumante :This server is rather new
8/23/2019 12:13:46 AM: botfumante - Received: :tmi.twitch.tv 004 botfumante :-
8/23/2019 12:13:46 AM: botfumante - Received: :tmi.twitch.tv 375 botfumante :-
8/23/2019 12:13:46 AM: botfumante - Received: :tmi.twitch.tv 372 botfumante :You are in a maze of twisty passages, all alike.
8/23/2019 12:13:46 AM: botfumante - Received: :tmi.twitch.tv 376 botfumante :>
8/23/2019 12:13:46 AM: botfumante - Received: :tmi.twitch.tv CAP * ACK :twitch.tv/membership
8/23/2019 12:13:46 AM: botfumante - Unaccounted for: :tmi.twitch.tv CAP * ACK :twitch.tv/membership
8/23/2019 12:13:46 AM: botfumante - Received: :tmi.twitch.tv CAP * ACK :twitch.tv/commands
8/23/2019 12:13:46 AM: botfumante - Unaccounted for: :tmi.twitch.tv CAP * ACK :twitch.tv/commands
8/23/2019 12:13:47 AM: botfumante - Received: :tmi.twitch.tv CAP * ACK :twitch.tv/tags
8/23/2019 12:13:47 AM: botfumante - Unaccounted for: :tmi.twitch.tv CAP * ACK :twitch.tv/tags
8/23/2019 12:13:47 AM: botfumante - Received: :botfumante!botfumante@botfumante.tmi.twitch.tv JOIN #jean__
8/23/2019 12:13:47 AM: botfumante - Received: :botfumante.tmi.twitch.tv 353 botfumante = #jean__ :botfumante
8/23/2019 12:13:47 AM: botfumante - Received: :botfumante.tmi.twitch.tv 366 botfumante #jean__ :End of /NAMES list
8/23/2019 12:13:47 AM: botfumante - Finished channel joining queue.
8/23/2019 12:13:47 AM: botfumante - Received: @badge-info=;badges=;color=;display-name=BotFumante;emote-sets=0;mod=0;subscriber=0;user-type= :tmi.twitch.tv USERSTATE #jean__
8/23/2019 12:13:47 AM: botfumante - Received: @emote-only=0;followers-only=-1;r9k=0;rituals=0;room-id=38479494;slow=0;subs-only=0 :tmi.twitch.tv ROOMSTATE #jean__
8/23/2019 12:13:47 AM: botfumante - Finished channel joining queue.
8/23/2019 12:13:54 AM: botfumante - Received: @badge-info=;badges=broadcaster/1,bits-charity/1;color=#5F9EA0;display-name=Jean__;emotes=;flags=;id=7d4b963f-d3b4-4e99-914e-9fc14d567496;mod=0;room-id=38479494;subscriber=0;tmi-sent-ts=1566530033680;turbo=0;user-id=38479494;user-type= :jean__!jean__@jean__.tmi.twitch.tv PRIVMSG #jean__ :a
8/23/2019 12:14:07 AM: botfumante - Received: @badge-info=;badges=broadcaster/1,bits-charity/1;color=#5F9EA0;display-name=Jean__;emotes=;flags=;id=2ec6dc73-ad03-460c-a599-3438a308543f;mod=0;room-id=38479494;subscriber=0;tmi-sent-ts=1566530047596;turbo=0;user-id=38479494;user-type= :jean__!jean__@jean__.tmi.twitch.tv PRIVMSG #jean__ :!peso 1
8/23/2019 12:14:09 AM: botfumante - Received: @badge-info=;badges=moderator/1,partner/1;color=#7C7CE1;display-name=Nightbot;emotes=;flags=;id=fdfd5f59-29c0-425e-80de-90c3feb54647;mod=1;room-id=38479494;subscriber=0;tmi-sent-ts=1566530048360;turbo=0;user-id=19264788;user-type=mod :nightbot!nightbot@nightbot.tmi.twitch.tv PRIVMSG #jean__ :Cota??o atual: AR$1.00 = R$0.074. AR$1 ? R$0.07
8/23/2019 12:14:14 AM: botfumante - Received: @badge-info=;badges=broadcaster/1,bits-charity/1;color=#5F9EA0;display-name=Jean__;emotes=;flags=;id=5955c7ac-a723-4b0b-a975-f68b900e3903;mod=0;room-id=38479494;subscriber=0;tmi-sent-ts=1566530054256;turbo=0;user-id=38479494;user-type= :jean__!jean__@jean__.tmi.twitch.tv PRIVMSG #jean__ :!tiro
8/23/2019 12:14:19 AM: botfumante - Received: :nightbot!nightbot@nightbot.tmi.twitch.tv JOIN #jean__
8/23/2019 12:14:19 AM: botfumante - Received: :jean__!jean__@jean__.tmi.twitch.tv JOIN #jean__
8/23/2019 12:14:22 AM: botfumante - Received: @badge-info=;badges=broadcaster/1,bits-charity/1;color=#5F9EA0;display-name=Jean__;emotes=;flags=;id=1f29cc7d-4b3c-4663-b4e9-c7c2cf9570c4;mod=0;room-id=38479494;subscriber=0;tmi-sent-ts=1566530062520;turbo=0;user-id=38479494;user-type= :jean__!jean__@jean__.tmi.twitch.tv PRIVMSG #jean__ :!version
