2019-07-09 9:12:02 PM: botfumante - Connecting to: wss://irc-ws.chat.twitch.tv:443
2019-07-09 9:12:03 PM: botfumante - Should be connected!
2019-07-09 9:12:03 PM: botfumante - Joining channel: beringelamilgrau
2019-07-09 9:12:04 PM: botfumante - Received: :tmi.twitch.tv 001 botfumante :Welcome, GLHF!
2019-07-09 9:12:04 PM: botfumante - Received: :tmi.twitch.tv 002 botfumante :Your host is tmi.twitch.tv
2019-07-09 9:12:04 PM: botfumante - Received: :tmi.twitch.tv 003 botfumante :This server is rather new
2019-07-09 9:12:04 PM: botfumante - Received: :tmi.twitch.tv 004 botfumante :-
2019-07-09 9:12:04 PM: botfumante - Received: :tmi.twitch.tv 375 botfumante :-
2019-07-09 9:12:04 PM: botfumante - Received: :tmi.twitch.tv 372 botfumante :You are in a maze of twisty passages, all alike.
2019-07-09 9:12:04 PM: botfumante - Received: :tmi.twitch.tv 376 botfumante :>
2019-07-09 9:12:04 PM: botfumante - Received: :tmi.twitch.tv CAP * ACK :twitch.tv/membership
2019-07-09 9:12:04 PM: botfumante - Unaccounted for: :tmi.twitch.tv CAP * ACK :twitch.tv/membership
2019-07-09 9:12:04 PM: botfumante - Received: :tmi.twitch.tv CAP * ACK :twitch.tv/commands
2019-07-09 9:12:04 PM: botfumante - Unaccounted for: :tmi.twitch.tv CAP * ACK :twitch.tv/commands
2019-07-09 9:12:04 PM: botfumante - Received: :tmi.twitch.tv CAP * ACK :twitch.tv/tags
2019-07-09 9:12:04 PM: botfumante - Unaccounted for: :tmi.twitch.tv CAP * ACK :twitch.tv/tags
2019-07-09 9:12:04 PM: botfumante - Received: :botfumante!botfumante@botfumante.tmi.twitch.tv JOIN #beringelamilgrau
2019-07-09 9:12:04 PM: botfumante - Received: @badge-info=;badges=;color=;display-name=BotFumante;emote-sets=0;mod=0;subscriber=0;user-type= :tmi.twitch.tv USERSTATE #beringelamilgrau
2019-07-09 9:12:04 PM: botfumante - Received: @emote-only=0;followers-only=-1;r9k=0;rituals=0;room-id=443063688;slow=0;subs-only=0 :tmi.twitch.tv ROOMSTATE #beringelamilgrau
2019-07-09 9:12:04 PM: botfumante - Received: :botfumante.tmi.twitch.tv 353 botfumante = #beringelamilgrau :michelle_rezende freddyybot nightbot brun0hl rbruno018 botfumante montee_waffle zomppy maria_renata themalkavianx tonyxzero teyyd commanderroot pabespiga 5uperted angeloflight calibrelordal beringelamilgrau jean__
2019-07-09 9:12:04 PM: botfumante - Received: :botfumante.tmi.twitch.tv 366 botfumante #beringelamilgrau :End of /NAMES list
2019-07-09 9:12:04 PM: botfumante - Finished channel joining queue.
2019-07-09 9:12:04 PM: botfumante - Finished channel joining queue.
2019-07-09 9:12:05 PM: botfumante - Received: @badge-info=;badges=moderator/1,partner/1;color=#2E8B57;display-name=CalibreLordal;emotes=;flags=;id=e507f218-2976-4f51-aaab-87c2f12960b9;mod=1;room-id=443063688;subscriber=0;tmi-sent-ts=1562717524651;turbo=0;user-id=94381006;user-type=mod :calibrelordal!calibrelordal@calibrelordal.tmi.twitch.tv PRIVMSG #beringelamilgrau :f? de souls j? ? chato FeelsMan
2019-07-09 9:12:13 PM: botfumante - Received: @badge-info=;badges=vip/1,bits-charity/1;color=#1E90FF;display-name=Jean__;emotes=;flags=;id=f195920d-93d0-42c6-bf00-cd1050b7dbc0;mod=0;room-id=443063688;subscriber=0;tmi-sent-ts=1562717533283;turbo=0;user-id=38479494;user-type= :jean__!jean__@jean__.tmi.twitch.tv PRIVMSG #beringelamilgrau :!!
2019-07-09 9:12:15 PM: botfumante - Received: @badge-info=;badges=moderator/1,overwatch-league-insider_2019A/1;color=#FF0000;display-name=themalkavianx;emotes=;flags=;id=d48f627b-4144-478e-917e-23db5011c4c1;mod=1;room-id=443063688;subscriber=0;tmi-sent-ts=1562717533297;turbo=0;user-id=5650408;user-type=mod :themalkavianx!themalkavianx@themalkavianx.tmi.twitch.tv PRIVMSG #beringelamilgrau :Minha t?tica ? streamar uns bagui que ningu?m streama. Viewer: "O que t? acontecendo?" - "EU TB N?O SEI, HALP"
2019-07-09 9:12:15 PM: botfumante - Received: @badge-info=;badges=;color=;display-name=BotFumante;emote-sets=0;mod=0;subscriber=0;user-type= :tmi.twitch.tv USERSTATE #beringelamilgrau
2019-07-09 9:12:18 PM: botfumante - Received: @badge-info=;badges=moderator/1,partner/1;color=#2E8B57;display-name=CalibreLordal;emotes=;flags=;id=b85209a1-1a5d-4d17-aa10-b38122761389;mod=1;room-id=443063688;subscriber=0;tmi-sent-ts=1562717538439;turbo=0;user-id=94381006;user-type=mod :calibrelordal!calibrelordal@calibrelordal.tmi.twitch.tv PRIVMSG #beringelamilgrau :de todos os souls FeelsMan
2019-07-09 9:12:20 PM: botfumante - Received: @badge-info=;badges=vip/1,bits-charity/1;color=#1E90FF;display-name=Jean__;emotes=;flags=;id=9ae57f5b-3525-47b5-b29b-895745a1cd59;mod=0;room-id=443063688;subscriber=0;tmi-sent-ts=1562717540102;turbo=0;user-id=38479494;user-type= :jean__!jean__@jean__.tmi.twitch.tv PRIVMSG #beringelamilgrau :Agora funcionou peepoSmart
2019-07-09 9:12:59 PM: botfumante - Received: @badge-info=;badges=moderator/1,partner/1;color=#2E8B57;display-name=CalibreLordal;emotes=;flags=;id=b37a67a0-0d98-4cba-a76d-f19a1c4fbcdd;mod=1;room-id=443063688;subscriber=0;tmi-sent-ts=1562717578695;turbo=0;user-id=94381006;user-type=mod :calibrelordal!calibrelordal@calibrelordal.tmi.twitch.tv PRIVMSG #beringelamilgrau :FeelsOkayMan
2019-07-09 9:13:11 PM: botfumante - Received: @badge-info=;badges=moderator/1,partner/1;color=#2E8B57;display-name=CalibreLordal;emotes=;flags=;id=5b350af4-eed3-4a87-b704-68500f8d2ece;mod=1;room-id=443063688;subscriber=0;tmi-sent-ts=1562717590785;turbo=0;user-id=94381006;user-type=mod :calibrelordal!calibrelordal@calibrelordal.tmi.twitch.tv PRIVMSG #beringelamilgrau :marizera de f?rias FeelsOkayMan
2019-07-09 9:13:40 PM: botfumante - Received: :electricallongboard!electricallongboard@electricallongboard.tmi.twitch.tv JOIN #beringelamilgrau
2019-07-09 9:13:57 PM: botfumante - Received: @badge-info=;badges=moderator/1;color=#008000;display-name=TONYXZERO;emotes=;flags=0-54:;id=b817d37e-cd3b-46e2-9090-25171c769237;mod=1;room-id=443063688;subscriber=0;tmi-sent-ts=1562717636635;turbo=0;user-id=38731171;user-type=mod :tonyxzero!tonyxzero@tonyxzero.tmi.twitch.tv PRIVMSG #beringelamilgrau :https://twitter.com/ink_dino/status/1148634682327740416
2019-07-09 9:14:19 PM: botfumante - Received: @badge-info=;badges=moderator/1,partner/1;color=#2E8B57;display-name=CalibreLordal;emote-only=1;emotes=1866390:0-5;flags=;id=e12a7a30-cac9-4d0d-ba46-06c3e6288d20;mod=1;room-id=443063688;subscriber=0;tmi-sent-ts=1562717658977;turbo=0;user-id=94381006;user-type=mod :calibrelordal!calibrelordal@calibrelordal.tmi.twitch.tv PRIVMSG #beringelamilgrau :lordsD
2019-07-09 9:14:41 PM: botfumante - Received: :pabespiga!pabespiga@pabespiga.tmi.twitch.tv PART #beringelamilgrau
2019-07-09 9:14:44 PM: botfumante - Received: @badge-info=;badges=moderator/1,partner/1;color=#2E8B57;display-name=CalibreLordal;emotes=1866390:9-14;flags=;id=7114757d-7562-4c06-bf9c-8e13339eeacd;mod=1;room-id=443063688;subscriber=0;tmi-sent-ts=1562717684289;turbo=0;user-id=94381006;user-type=mod :calibrelordal!calibrelordal@calibrelordal.tmi.twitch.tv PRIVMSG #beringelamilgrau :um furry lordsD
2019-07-09 9:15:04 PM: botfumante - Received: @badge-info=;badges=moderator/1,partner/1;color=#2E8B57;display-name=CalibreLordal;emotes=1866390:13-18;flags=;id=77131828-1a2e-44d3-a1ff-78ed6c23e5a3;mod=1;room-id=443063688;subscriber=0;tmi-sent-ts=1562717704235;turbo=0;user-id=94381006;user-type=mod :calibrelordal!calibrelordal@calibrelordal.tmi.twitch.tv PRIVMSG #beringelamilgrau :maldito mabz lordsD
2019-07-09 9:15:18 PM: botfumante - Received: @badge-info=;badges=moderator/1,partner/1;color=#2E8B57;display-name=CalibreLordal;emotes=;flags=;id=b5638372-ee94-466a-8d99-1f12d581ed22;mod=1;room-id=443063688;subscriber=0;tmi-sent-ts=1562717717718;turbo=0;user-id=94381006;user-type=mod :calibrelordal!calibrelordal@calibrelordal.tmi.twitch.tv PRIVMSG #beringelamilgrau :acho que nao
2019-07-09 9:15:29 PM: botfumante - Received: @badge-info=;badges=moderator/1,partner/1;color=#2E8B57;display-name=CalibreLordal;emotes=;flags=;id=7c4b2968-b771-4950-9631-9efba6294550;mod=1;room-id=443063688;subscriber=0;tmi-sent-ts=1562717729365;turbo=0;user-id=94381006;user-type=mod :calibrelordal!calibrelordal@calibrelordal.tmi.twitch.tv PRIVMSG #beringelamilgrau :furry too strong FeelsMan
2019-07-09 9:15:41 PM: botfumante - Received: @badge-info=;badges=moderator/1,partner/1;color=#2E8B57;display-name=CalibreLordal;emotes=1866390:7-12;flags=;id=3e646f1f-8531-4363-af8f-caa563d0bc6e;mod=1;room-id=443063688;subscriber=0;tmi-sent-ts=1562717741391;turbo=0;user-id=94381006;user-type=mod :calibrelordal!calibrelordal@calibrelordal.tmi.twitch.tv PRIVMSG #beringelamilgrau :yamero lordsD
2019-07-09 9:15:45 PM: botfumante - Received: :hostmeraffle!hostmeraffle@hostmeraffle.tmi.twitch.tv JOIN #beringelamilgrau
2019-07-09 9:15:51 PM: botfumante - Received: @badge-info=;badges=moderator/1,partner/1;color=#2E8B57;display-name=CalibreLordal;emotes=1866390:0-5;flags=;id=4b7914ae-7cbd-46eb-96c8-e02c996941c2;mod=1;room-id=443063688;subscriber=0;tmi-sent-ts=1562717751252;turbo=0;user-id=94381006;user-type=mod :calibrelordal!calibrelordal@calibrelordal.tmi.twitch.tv PRIVMSG #beringelamilgrau :lordsD OH NO
2019-07-09 9:16:06 PM: botfumante - Received: @badge-info=;badges=moderator/1,partner/1;color=#2E8B57;display-name=CalibreLordal;emotes=1866390:17-22;flags=;id=77c2d907-af50-4320-ac82-90bc45530fec;mod=1;room-id=443063688;subscriber=0;tmi-sent-ts=1562717766004;turbo=0;user-id=94381006;user-type=mod :calibrelordal!calibrelordal@calibrelordal.tmi.twitch.tv PRIVMSG #beringelamilgrau :salva ele waffle lordsD
2019-07-09 9:16:16 PM: botfumante - Received: PING :tmi.twitch.tv
2019-07-09 9:16:16 PM: botfumante - Writing: PONG
2019-07-09 9:16:25 PM: botfumante - Received: @badge-info=;badges=moderator/1,partner/1;color=#2E8B57;display-name=CalibreLordal;emotes=;flags=;id=3fe939d6-ca3a-4a5c-bdd5-a49a9d038fc6;mod=1;room-id=443063688;subscriber=0;tmi-sent-ts=1562717784793;turbo=0;user-id=94381006;user-type=mod :calibrelordal!calibrelordal@calibrelordal.tmi.twitch.tv PRIVMSG #beringelamilgrau :FeelsOkayMan
2019-07-09 9:17:08 PM: botfumante - Received: @badge-info=;badges=broadcaster/1;color=#8A2BE2;display-name=beringelamilgrau;emotes=;flags=;id=438a54a6-e66a-41ec-80db-8e15cecc610f;mod=0;room-id=443063688;subscriber=0;tmi-sent-ts=1562717828480;turbo=0;user-id=443063688;user-type= :beringelamilgrau!beringelamilgrau@beringelamilgrau.tmi.twitch.tv PRIVMSG #beringelamilgrau :monkaHmm tu ta salvo por enquanto ted
2019-07-09 9:17:11 PM: botfumante - Received: @badge-info=;badges=moderator/1,partner/1;color=#2E8B57;display-name=CalibreLordal;emotes=;flags=;id=94919933-743c-4599-9000-856614b635f6;mod=1;room-id=443063688;subscriber=0;tmi-sent-ts=1562717830930;turbo=0;user-id=94381006;user-type=mod :calibrelordal!calibrelordal@calibrelordal.tmi.twitch.tv PRIVMSG #beringelamilgrau :eu recomendo jogar at? essa noite
2019-07-09 9:17:13 PM: botfumante - Received: @badge-info=;badges=moderator/1,partner/1;color=#2E8B57;display-name=CalibreLordal;emotes=;flags=;id=d24c462f-a08d-4ba0-abac-5ba60cf18da5;mod=1;room-id=443063688;subscriber=0;tmi-sent-ts=1562717832969;turbo=0;user-id=94381006;user-type=mod :calibrelordal!calibrelordal@calibrelordal.tmi.twitch.tv PRIVMSG #beringelamilgrau :FeelsOkayMan
2019-07-09 9:17:39 PM: botfumante - Received: @badge-info=;badges=moderator/1,partner/1;color=#2E8B57;display-name=CalibreLordal;emotes=;flags=;id=e610cd15-4300-4bcc-85a8-3148427fdcb1;mod=1;room-id=443063688;subscriber=0;tmi-sent-ts=1562717859408;turbo=0;user-id=94381006;user-type=mod :calibrelordal!calibrelordal@calibrelordal.tmi.twitch.tv PRIVMSG #beringelamilgrau :eu quis dizer a noite vermelha
2019-07-09 9:17:46 PM: botfumante - Received: :energyzbot!energyzbot@energyzbot.tmi.twitch.tv JOIN #beringelamilgrau
2019-07-09 9:17:46 PM: botfumante - Received: @badge-info=;badges=moderator/1,partner/1;color=#2E8B57;display-name=CalibreLordal;emotes=;flags=;id=654429e9-21e2-40b6-8ec1-d0fc5a96ff93;mod=1;room-id=443063688;subscriber=0;tmi-sent-ts=1562717866118;turbo=0;user-id=94381006;user-type=mod :calibrelordal!calibrelordal@calibrelordal.tmi.twitch.tv PRIVMSG #beringelamilgrau :OhISee ver o que acontece nela
2019-07-09 9:18:19 PM: botfumante - Received: @badge-info=;badges=moderator/1,partner/1;color=#2E8B57;display-name=CalibreLordal;emotes=;flags=;id=80313e0d-2d6d-4db7-8756-3ca9425d3d71;mod=1;room-id=443063688;subscriber=0;tmi-sent-ts=1562717899335;turbo=0;user-id=94381006;user-type=mod :calibrelordal!calibrelordal@calibrelordal.tmi.twitch.tv PRIVMSG #beringelamilgrau :monkaS
2019-07-09 9:18:30 PM: botfumante - Received: @badge-info=;badges=moderator/1,partner/1;color=#2E8B57;display-name=CalibreLordal;emotes=;flags=;id=feb34e4e-000d-456e-b0b3-9cc351ffa14d;mod=1;room-id=443063688;subscriber=0;tmi-sent-ts=1562717909744;turbo=0;user-id=94381006;user-type=mod :calibrelordal!calibrelordal@calibrelordal.tmi.twitch.tv PRIVMSG #beringelamilgrau :peepoRun
2019-07-09 9:18:53 PM: botfumante - Received: @badge-info=;badges=moderator/1,partner/1;color=#2E8B57;display-name=CalibreLordal;emotes=;flags=;id=b6edf5a7-8801-4f8d-8a96-3f4dd790f05b;mod=1;room-id=443063688;subscriber=0;tmi-sent-ts=1562717932660;turbo=0;user-id=94381006;user-type=mod :calibrelordal!calibrelordal@calibrelordal.tmi.twitch.tv PRIVMSG #beringelamilgrau :? ted FeelsMan
2019-07-09 9:18:59 PM: botfumante - Received: @badge-info=;badges=moderator/1,partner/1;color=#2E8B57;display-name=CalibreLordal;emotes=;flags=;id=4c64e3c9-3292-430e-aacb-d38475f4237f;mod=1;room-id=443063688;subscriber=0;tmi-sent-ts=1562717938510;turbo=0;user-id=94381006;user-type=mod :calibrelordal!calibrelordal@calibrelordal.tmi.twitch.tv PRIVMSG #beringelamilgrau :olha ali no chao FeelsMan
2019-07-09 9:19:22 PM: botfumante - Received: @badge-info=;badges=moderator/1,partner/1;color=#2E8B57;display-name=CalibreLordal;emotes=;flags=;id=957d0b8a-33a8-4a65-91cc-2ff079b4e2f8;mod=1;room-id=443063688;subscriber=0;tmi-sent-ts=1562717962174;turbo=0;user-id=94381006;user-type=mod :calibrelordal!calibrelordal@calibrelordal.tmi.twitch.tv PRIVMSG #beringelamilgrau :ol? peepoRun
2019-07-09 9:19:37 PM: botfumante - Received: @badge-info=;badges=moderator/1,partner/1;color=#2E8B57;display-name=CalibreLordal;emotes=;flags=;id=5f834d79-d482-4ee5-8fea-4bc14388ac11;mod=1;room-id=443063688;subscriber=0;tmi-sent-ts=1562717977072;turbo=0;user-id=94381006;user-type=mod :calibrelordal!calibrelordal@calibrelordal.tmi.twitch.tv PRIVMSG #beringelamilgrau :nao eu tava falando dos mortos
2019-07-09 9:19:39 PM: botfumante - Received: @badge-info=;badges=moderator/1,partner/1;color=#2E8B57;display-name=CalibreLordal;emotes=;flags=;id=1efb8777-5d99-409d-b2d6-ded82dc3986b;mod=1;room-id=443063688;subscriber=0;tmi-sent-ts=1562717978697;turbo=0;user-id=94381006;user-type=mod :calibrelordal!calibrelordal@calibrelordal.tmi.twitch.tv PRIVMSG #beringelamilgrau :FeelsMan
2019-07-09 9:19:50 PM: botfumante - Received: @badge-info=;badges=moderator/1,partner/1;color=#2E8B57;display-name=CalibreLordal;emotes=;flags=;id=bc05bcaf-26de-4a32-a69f-fb1ef7f45948;mod=1;room-id=443063688;subscriber=0;tmi-sent-ts=1562717990135;turbo=0;user-id=94381006;user-type=mod :calibrelordal!calibrelordal@calibrelordal.tmi.twitch.tv PRIVMSG #beringelamilgrau :que o ted disse que morreria todo mundo FeelsMan
2019-07-09 9:20:26 PM: botfumante - Received: @badge-info=;badges=moderator/1,partner/1;color=#2E8B57;display-name=CalibreLordal;emotes=;flags=;id=d40cc6fe-faaf-4aa0-a28a-3603682685a3;mod=1;room-id=443063688;subscriber=0;tmi-sent-ts=1562718026287;turbo=0;user-id=94381006;user-type=mod :calibrelordal!calibrelordal@calibrelordal.tmi.twitch.tv PRIVMSG #beringelamilgrau :FeelsBadMan
2019-07-09 9:20:50 PM: botfumante - Received: PING :tmi.twitch.tv
2019-07-09 9:20:50 PM: botfumante - Writing: PONG
2019-07-09 9:21:09 PM: botfumante - Received: @badge-info=;badges=moderator/1,partner/1;color=#2E8B57;display-name=CalibreLordal;emotes=1441281:12-18;flags=;id=a3ba86ac-42c5-42c9-ade0-c4dad8a5868c;mod=1;room-id=443063688;subscriber=0;tmi-sent-ts=1562718068717;turbo=0;user-id=94381006;user-type=mod :calibrelordal!calibrelordal@calibrelordal.tmi.twitch.tv PRIVMSG #beringelamilgrau :FeelsBadMan FBCatch
2019-07-09 9:21:09 PM: botfumante - Received: @badge-info=;badges=moderator/1;color=#008000;display-name=TONYXZERO;emotes=;flags=;id=eb4d1a8b-3d52-4a9a-bdf1-6f644b85029d;mod=1;room-id=443063688;subscriber=0;tmi-sent-ts=1562718069187;turbo=0;user-id=38731171;user-type=mod :tonyxzero!tonyxzero@tonyxzero.tmi.twitch.tv PRIVMSG #beringelamilgrau :PepeHands
2019-07-09 9:21:44 PM: botfumante - Received: @badge-info=;badges=moderator/1;color=#008000;display-name=TONYXZERO;emotes=;flags=;id=505c69ac-6349-4248-b976-219436b1ae49;mod=1;room-id=443063688;subscriber=0;tmi-sent-ts=1562718103479;turbo=0;user-id=38731171;user-type=mod :tonyxzero!tonyxzero@tonyxzero.tmi.twitch.tv PRIVMSG #beringelamilgrau :HUGERS
2019-07-09 9:21:49 PM: botfumante - Received: @badge-info=;badges=moderator/1,partner/1;color=#2E8B57;display-name=CalibreLordal;emotes=;flags=;id=47eed4bd-1f94-4e73-85e5-fb68081c91d5;mod=1;room-id=443063688;subscriber=0;tmi-sent-ts=1562718109394;turbo=0;user-id=94381006;user-type=mod :calibrelordal!calibrelordal@calibrelordal.tmi.twitch.tv PRIVMSG #beringelamilgrau :HUGERS
2019-07-09 9:21:51 PM: botfumante - Received: @badge-info=;badges=;color=#00FF7F;display-name=5uperTed;emote-only=1;emotes=1866797:0-9;flags=;id=59d5e441-22b8-4b9a-85e6-9f26faf2721f;mod=0;room-id=443063688;subscriber=0;tmi-sent-ts=1562718110640;turbo=0;user-id=238296028;user-type= :5uperted!5uperted@5uperted.tmi.twitch.tv PRIVMSG #beringelamilgrau :thomeMonka
2019-07-09 9:21:54 PM: botfumante - Received: :freddyybot!freddyybot@freddyybot.tmi.twitch.tv PART #beringelamilgrau
2019-07-09 9:21:54 PM: botfumante - Received: :hostmeraffle!hostmeraffle@hostmeraffle.tmi.twitch.tv PART #beringelamilgrau
2019-07-09 9:21:54 PM: botfumante - Received: :energyzbot!energyzbot@energyzbot.tmi.twitch.tv PART #beringelamilgrau
2019-07-09 9:22:00 PM: botfumante - Received: @badge-info=;badges=broadcaster/1;color=#8A2BE2;display-name=beringelamilgrau;emotes=;flags=;id=d344cc1f-c00e-45c1-b13a-f251416b16bf;mod=0;room-id=443063688;subscriber=0;tmi-sent-ts=1562718119720;turbo=0;user-id=443063688;user-type= :beringelamilgrau!beringelamilgrau@beringelamilgrau.tmi.twitch.tv PRIVMSG #beringelamilgrau :monkaT
2019-07-09 9:22:05 PM: botfumante - Received: @badge-info=;badges=moderator/1;color=#008000;display-name=TONYXZERO;emotes=;flags=;id=41b8eb55-a7c6-44ca-b49a-a9d69d2fbaef;mod=1;room-id=443063688;subscriber=0;tmi-sent-ts=1562718124595;turbo=0;user-id=38731171;user-type=mod :tonyxzero!tonyxzero@tonyxzero.tmi.twitch.tv PRIVMSG #beringelamilgrau :OMEGALUL
2019-07-09 9:22:07 PM: botfumante - Received: @badge-info=;badges=vip/1,bits-charity/1;color=#1E90FF;display-name=Jean__;emotes=;flags=;id=9ba16113-542e-449e-b1ac-a62a553f7dd6;mod=0;room-id=443063688;subscriber=0;tmi-sent-ts=1562718127061;turbo=0;user-id=38479494;user-type= :jean__!jean__@jean__.tmi.twitch.tv PRIVMSG #beringelamilgrau :PepeLaugh
2019-07-09 9:22:10 PM: botfumante - Received: @badge-info=;badges=;color=#00FF7F;display-name=5uperTed;emote-only=1;emotes=300191880:0-15;flags=;id=412ac8bd-831c-44b0-b590-5fc02561b7fa;mod=0;room-id=443063688;subscriber=0;tmi-sent-ts=1562718129652;turbo=0;user-id=238296028;user-type= :5uperted!5uperted@5uperted.tmi.twitch.tv PRIVMSG #beringelamilgrau :x5uper1Challenge
2019-07-09 9:22:12 PM: botfumante - Received: @badge-info=;badges=moderator/1,partner/1;color=#2E8B57;display-name=CalibreLordal;emotes=;flags=;id=1306f515-f331-4da2-b4d6-708e40db3f6f;mod=1;room-id=443063688;subscriber=0;tmi-sent-ts=1562718131739;turbo=0;user-id=94381006;user-type=mod :calibrelordal!calibrelordal@calibrelordal.tmi.twitch.tv PRIVMSG #beringelamilgrau :essa cena ainda t? censurada
2019-07-09 9:22:16 PM: botfumante - Received: @badge-info=;badges=moderator/1,partner/1;color=#2E8B57;display-name=CalibreLordal;emotes=;flags=;id=cf696dab-ca06-41b2-810a-4c11769d2704;mod=1;room-id=443063688;subscriber=0;tmi-sent-ts=1562718136458;turbo=0;user-id=94381006;user-type=mod :calibrelordal!calibrelordal@calibrelordal.tmi.twitch.tv PRIVMSG #beringelamilgrau :ela ? pior na vers?o japonesa
2019-07-09 9:22:18 PM: botfumante - Received: @badge-info=;badges=moderator/1,partner/1;color=#2E8B57;display-name=CalibreLordal;emotes=;flags=;id=9d0ab0d2-8e09-405b-843a-33c5682f30b3;mod=1;room-id=443063688;subscriber=0;tmi-sent-ts=1562718137729;turbo=0;user-id=94381006;user-type=mod :calibrelordal!calibrelordal@calibrelordal.tmi.twitch.tv PRIVMSG #beringelamilgrau :FeelsMan
2019-07-09 9:22:46 PM: botfumante - Received: @badge-info=;badges=moderator/1,partner/1;color=#2E8B57;display-name=CalibreLordal;emotes=;flags=;id=314d1173-3a5b-4415-b139-ea367f6286fa;mod=1;room-id=443063688;subscriber=0;tmi-sent-ts=1562718166128;turbo=0;user-id=94381006;user-type=mod :calibrelordal!calibrelordal@calibrelordal.tmi.twitch.tv PRIVMSG #beringelamilgrau :HUGERS
2019-07-09 9:22:55 PM: botfumante - Received: @badge-info=;badges=moderator/1,partner/1;color=#2E8B57;display-name=CalibreLordal;emotes=;flags=;id=a4060360-e3a8-4b27-8095-54890879c4f7;mod=1;room-id=443063688;subscriber=0;tmi-sent-ts=1562718174834;turbo=0;user-id=94381006;user-type=mod :calibrelordal!calibrelordal@calibrelordal.tmi.twitch.tv PRIVMSG #beringelamilgrau :ele finca a espada no menininho mesmo
2019-07-09 9:22:59 PM: botfumante - Received: @badge-info=;badges=vip/1;color=#FF69B4;display-name=rbruno018;emotes=;flags=;id=a1dd5da7-2a5e-4f91-8ddb-baf2fdf8817b;mod=0;room-id=443063688;subscriber=0;tmi-sent-ts=1562718179391;turbo=0;user-id=216448313;user-type= :rbruno018!rbruno018@rbruno018.tmi.twitch.tv PRIVMSG #beringelamilgrau :voltei FeelsMan
2019-07-09 9:23:14 PM: botfumante - Received: @badge-info=;badges=moderator/1,premium/1;color=#FF69B4;display-name=Maria_Renata;emotes=;flags=;id=146e3ba2-6c5f-485e-bc52-6b27203d21c5;mod=1;room-id=443063688;subscriber=0;tmi-sent-ts=1562718194097;turbo=0;user-id=212194263;user-type=mod :maria_renata!maria_renata@maria_renata.tmi.twitch.tv PRIVMSG #beringelamilgrau :Ue meu mod voltou?
2019-07-09 9:23:19 PM: botfumante - Received: @badge-info=;badges=moderator/1,premium/1;color=#FF69B4;display-name=Maria_Renata;emotes=;flags=;id=f3ebe20b-d18c-4f73-9da0-af53fa8cf3ad;mod=1;room-id=443063688;subscriber=0;tmi-sent-ts=1562718198638;turbo=0;user-id=212194263;user-type=mod :maria_renata!maria_renata@maria_renata.tmi.twitch.tv PRIVMSG #beringelamilgrau :quem foi?
2019-07-09 9:23:21 PM: botfumante - Received: @badge-info=;badges=moderator/1;color=#008000;display-name=TONYXZERO;emotes=;flags=;id=826f6978-f980-42a6-a1f5-397e8eab860f;mod=1;room-id=443063688;subscriber=0;tmi-sent-ts=1562718200830;turbo=0;user-id=38731171;user-type=mod :tonyxzero!tonyxzero@tonyxzero.tmi.twitch.tv PRIVMSG #beringelamilgrau :OhISee
2019-07-09 9:23:21 PM: botfumante - Received: @badge-info=;badges=vip/1;color=#FF69B4;display-name=rbruno018;emotes=;flags=;id=ff69cc21-4cf8-4522-9047-7f49f0e6dfca;mod=0;room-id=443063688;subscriber=0;tmi-sent-ts=1562718201178;turbo=0;user-id=216448313;user-type= :rbruno018!rbruno018@rbruno018.tmi.twitch.tv PRIVMSG #beringelamilgrau :esse jogo ai tem tradu?ao ? FeelsMan
2019-07-09 9:23:24 PM: botfumante - Received: @badge-info=;badges=broadcaster/1;color=#8A2BE2;display-name=beringelamilgrau;emotes=;flags=;id=e3488d6f-7f03-4e40-bb95-588033b7c138;mod=0;room-id=443063688;subscriber=0;tmi-sent-ts=1562718203757;turbo=0;user-id=443063688;user-type= :beringelamilgrau!beringelamilgrau@beringelamilgrau.tmi.twitch.tv PRIVMSG #beringelamilgrau :ConcernFroge
2019-07-09 9:23:25 PM: botfumante - Received: @badge-info=;badges=;color=#00FF7F;display-name=5uperTed;emote-only=1;emotes=300191880:0-15;flags=;id=e57d06ac-d87a-4550-a506-d7d8b952f54b;mod=0;room-id=443063688;subscriber=0;tmi-sent-ts=1562718204890;turbo=0;user-id=238296028;user-type= :5uperted!5uperted@5uperted.tmi.twitch.tv PRIVMSG #beringelamilgrau :x5uper1Challenge
2019-07-09 9:23:25 PM: botfumante - Received: @badge-info=;badges=vip/1,bits-charity/1;color=#1E90FF;display-name=Jean__;emotes=;flags=;id=3a3ea64b-82df-43b7-9f86-fd1141d391bd;mod=0;room-id=443063688;subscriber=0;tmi-sent-ts=1562718205263;turbo=0;user-id=38479494;user-type= :jean__!jean__@jean__.tmi.twitch.tv PRIVMSG #beringelamilgrau :ConcernFroge
2019-07-09 9:23:28 PM: botfumante - Received: @badge-info=;badges=vip/1;color=#FF69B4;display-name=rbruno018;emotes=;flags=;id=40e8b874-fb45-4c5f-95bc-e51d8c9fe41f;mod=0;room-id=443063688;subscriber=0;tmi-sent-ts=1562718207648;turbo=0;user-id=216448313;user-type= :rbruno018!rbruno018@rbruno018.tmi.twitch.tv PRIVMSG #beringelamilgrau :lavei nada
2019-07-09 9:23:31 PM: botfumante - Received: @badge-info=;badges=;color=#00FF7F;display-name=5uperTed;emotes=;flags=;id=7f5816f3-e1e1-4ad3-b832-8396f8bfa342;mod=0;room-id=443063688;subscriber=0;tmi-sent-ts=1562718211069;turbo=0;user-id=238296028;user-type= :5uperted!5uperted@5uperted.tmi.twitch.tv PRIVMSG #beringelamilgrau :aqui
2019-07-09 9:23:45 PM: botfumante - Received: @badge-info=;badges=;color=#00FF7F;display-name=5uperTed;emotes=;flags=;id=562585f6-98b2-4d20-8d1a-724b6fe8944a;mod=0;room-id=443063688;subscriber=0;tmi-sent-ts=1562718225130;turbo=0;user-id=238296028;user-type= :5uperted!5uperted@5uperted.tmi.twitch.tv PRIVMSG #beringelamilgrau :perdi o meu em prol de tu ter mod de volta @Maria_Renata
2019-07-09 9:23:56 PM: botfumante - Received: :electricallongboard!electricallongboard@electricallongboard.tmi.twitch.tv PART #beringelamilgrau
2019-07-09 9:23:59 PM: botfumante - Received: @badge-info=;badges=moderator/1,partner/1;color=#2E8B57;display-name=CalibreLordal;emotes=;flags=;id=7885151f-4aa5-4450-b06d-72bf52f73abb;mod=1;room-id=443063688;subscriber=0;tmi-sent-ts=1562718239124;turbo=0;user-id=94381006;user-type=mod :calibrelordal!calibrelordal@calibrelordal.tmi.twitch.tv PRIVMSG #beringelamilgrau :eu tenho um link com a compara??o FeelsMan
2019-07-09 9:24:04 PM: botfumante - Received: @badge-info=;badges=moderator/1,premium/1;color=#FF69B4;display-name=Maria_Renata;emotes=;flags=;id=c85123c1-b3bf-477e-ba60-5bebaf2d9d20;mod=1;room-id=443063688;subscriber=0;tmi-sent-ts=1562718244421;turbo=0;user-id=212194263;user-type=mod :maria_renata!maria_renata@maria_renata.tmi.twitch.tv PRIVMSG #beringelamilgrau :ue tem numero maximo de mod?
2019-07-09 9:24:13 PM: botfumante - Received: @badge-info=;badges=moderator/1,partner/1;color=#2E8B57;display-name=CalibreLordal;emotes=;flags=0-42:;id=94ceb2ad-d5e6-4462-9c02-34fe71620c73;mod=1;room-id=443063688;subscriber=0;tmi-sent-ts=1562718252980;turbo=0;user-id=94381006;user-type=mod :calibrelordal!calibrelordal@calibrelordal.tmi.twitch.tv PRIVMSG #beringelamilgrau :https://www.youtube.com/watch?v=oLWZEIU8R74
2019-07-09 9:24:15 PM: botfumante - Received: @badge-info=;badges=;color=#00FF7F;display-name=5uperTed;emotes=;flags=;id=b5abf01b-78a2-4752-b774-f002d1a15669;mod=0;room-id=443063688;subscriber=0;tmi-sent-ts=1562718255093;turbo=0;user-id=238296028;user-type= :5uperted!5uperted@5uperted.tmi.twitch.tv PRIVMSG #beringelamilgrau :N?o, foi o pre?o @Maria_Renata
2019-07-09 9:24:21 PM: botfumante - Received: @badge-info=;badges=moderator/1,premium/1;color=#FF69B4;display-name=Maria_Renata;emotes=;flags=;id=205ddee3-56c8-45ee-89a4-4f98a8e93d53;mod=1;room-id=443063688;subscriber=0;tmi-sent-ts=1562718260952;turbo=0;user-id=212194263;user-type=mod :maria_renata!maria_renata@maria_renata.tmi.twitch.tv PRIVMSG #beringelamilgrau :que?
2019-07-09 9:24:22 PM: botfumante - Received: @badge-info=;badges=;color=#00FF7F;display-name=5uperTed;emotes=;flags=;id=611a8233-7c86-4f0a-beb6-8bb0c00062e7;mod=0;room-id=443063688;subscriber=0;tmi-sent-ts=1562718262099;turbo=0;user-id=238296028;user-type= :5uperted!5uperted@5uperted.tmi.twitch.tv PRIVMSG #beringelamilgrau :o povo aqui ? cruel mesmo
2019-07-09 9:24:45 PM: botfumante - Received: @badge-info=;badges=moderator/1,premium/1;color=#FF69B4;display-name=Maria_Renata;emotes=;flags=;id=e3ffb6d7-dfd1-4abc-b0bb-c970b782d591;mod=1;room-id=443063688;subscriber=0;tmi-sent-ts=1562718285282;turbo=0;user-id=212194263;user-type=mod :maria_renata!maria_renata@maria_renata.tmi.twitch.tv PRIVMSG #beringelamilgrau :a beringela engordou de ontem pra hj
2019-07-09 9:24:46 PM: botfumante - Received: @badge-info=;badges=moderator/1,partner/1;color=#2E8B57;display-name=CalibreLordal;emotes=;flags=;id=8ed2e531-6a6b-4e9d-bea7-0e2fe5dc25c0;mod=1;room-id=443063688;subscriber=0;tmi-sent-ts=1562718285886;turbo=0;user-id=94381006;user-type=mod :calibrelordal!calibrelordal@calibrelordal.tmi.twitch.tv PRIVMSG #beringelamilgrau :velvet FeelsBadMan
2019-07-09 9:24:58 PM: botfumante - Received: @badge-info=;badges=broadcaster/1;color=#8A2BE2;display-name=beringelamilgrau;emotes=;flags=;id=b085a2b0-7bbf-41d1-b635-d47c676b14b1;mod=0;room-id=443063688;subscriber=0;tmi-sent-ts=1562718297892;turbo=0;user-id=443063688;user-type= :beringelamilgrau!beringelamilgrau@beringelamilgrau.tmi.twitch.tv PRIVMSG #beringelamilgrau :peepoTubby ? maria
2019-07-09 9:25:00 PM: botfumante - Received: @badge-info=;badges=moderator/1,partner/1;color=#2E8B57;display-name=CalibreLordal;emotes=;flags=;id=004148b9-2493-4a2d-b99b-41df68b1bc9b;mod=1;room-id=443063688;subscriber=0;tmi-sent-ts=1562718299797;turbo=0;user-id=94381006;user-type=mod :calibrelordal!calibrelordal@calibrelordal.tmi.twitch.tv PRIVMSG #beringelamilgrau :tem uns combos bem legais nesse jogo FeelsBirthdayMan
2019-07-09 9:25:09 PM: botfumante - Received: @badge-info=;badges=moderator/1,partner/1;color=#2E8B57;display-name=CalibreLordal;emotes=;flags=;id=539b9350-fdf6-4013-8019-23fbbadbd794;mod=1;room-id=443063688;subscriber=0;tmi-sent-ts=1562718309399;turbo=0;user-id=94381006;user-type=mod :calibrelordal!calibrelordal@calibrelordal.tmi.twitch.tv PRIVMSG #beringelamilgrau :oie maria
2019-07-09 9:25:21 PM: botfumante - Received: @badge-info=;badges=moderator/1,premium/1;color=#FF69B4;display-name=Maria_Renata;emotes=300352352:15-28;flags=;id=855f13f2-6e74-4762-a232-b444b767011b;mod=1;room-id=443063688;subscriber=0;tmi-sent-ts=1562718320534;turbo=0;user-id=212194263;user-type=mod :maria_renata!maria_renata@maria_renata.tmi.twitch.tv PRIVMSG #beringelamilgrau :@CalibreLordal PrideLionChomp
2019-07-09 9:25:24 PM: botfumante - Received: @badge-info=;badges=moderator/1,partner/1;color=#2E8B57;display-name=CalibreLordal;emotes=;flags=;id=238976f9-b241-444f-a119-a2d6656115fa;mod=1;room-id=443063688;subscriber=0;tmi-sent-ts=1562718324206;turbo=0;user-id=94381006;user-type=mod :calibrelordal!calibrelordal@calibrelordal.tmi.twitch.tv PRIVMSG #beringelamilgrau :peepoTubby
2019-07-09 9:25:37 PM: botfumante - Received: PING :tmi.twitch.tv
2019-07-09 9:25:37 PM: botfumante - Writing: PONG
2019-07-09 9:25:49 PM: botfumante - Received: @badge-info=;badges=moderator/1,partner/1;color=#2E8B57;display-name=CalibreLordal;emotes=;flags=;id=20d03b1d-0c49-4315-87c2-896bba6d9c3a;mod=1;room-id=443063688;subscriber=0;tmi-sent-ts=1562718349332;turbo=0;user-id=94381006;user-type=mod :calibrelordal!calibrelordal@calibrelordal.tmi.twitch.tv PRIVMSG #beringelamilgrau :os furry s?o pessoas FeelsMan
2019-07-09 9:25:54 PM: botfumante - Received: @badge-info=;badges=vip/1;color=#FF69B4;display-name=rbruno018;emotes=;flags=0-12:;id=c64a9b01-af42-4cf5-86b6-21fe43a58226;mod=0;room-id=443063688;subscriber=0;tmi-sent-ts=1562718353899;turbo=0;user-id=216448313;user-type= :rbruno018!rbruno018@rbruno018.tmi.twitch.tv PRIVMSG #beringelamilgrau :boascalls.com
2019-07-09 9:26:04 PM: botfumante - Received: @badge-info=;badges=moderator/1,partner/1;color=#2E8B57;display-name=CalibreLordal;emotes=;flags=;id=0c031c08-00c7-499d-8b2a-4c208a006017;mod=1;room-id=443063688;subscriber=0;tmi-sent-ts=1562718364037;turbo=0;user-id=94381006;user-type=mod :calibrelordal!calibrelordal@calibrelordal.tmi.twitch.tv PRIVMSG #beringelamilgrau :eles viram furry por causa da lua FeelsMan
2019-07-09 9:26:12 PM: botfumante - Received: @badge-info=;badges=vip/1;color=#FF69B4;display-name=rbruno018;emotes=;flags=;id=22d30353-cf10-4517-a085-bed9f46e3ace;mod=0;room-id=443063688;subscriber=0;tmi-sent-ts=1562718371975;turbo=0;user-id=216448313;user-type= :rbruno018!rbruno018@rbruno018.tmi.twitch.tv PRIVMSG #beringelamilgrau :mata todos os furro FeelsMan
2019-07-09 9:26:24 PM: botfumante - Received: @badge-info=;badges=moderator/1,partner/1;color=#2E8B57;display-name=CalibreLordal;emotes=;flags=;id=1c145aed-7b27-429a-a77a-f2d6b1aa514a;mod=1;room-id=443063688;subscriber=0;tmi-sent-ts=1562718384158;turbo=0;user-id=94381006;user-type=mod :calibrelordal!calibrelordal@calibrelordal.tmi.twitch.tv PRIVMSG #beringelamilgrau :vc matou amiguinhas FeelsBadMan
2019-07-09 9:26:45 PM: botfumante - Received: @badge-info=;badges=moderator/1,partner/1;color=#2E8B57;display-name=CalibreLordal;emotes=;flags=;id=5124d6c7-7b91-4574-a507-f1dae73bde41;mod=1;room-id=443063688;subscriber=0;tmi-sent-ts=1562718404985;turbo=0;user-id=94381006;user-type=mod :calibrelordal!calibrelordal@calibrelordal.tmi.twitch.tv PRIVMSG #beringelamilgrau :FeelsMan tales of ? sempre cheio de bad vibes
2019-07-09 9:27:04 PM: botfumante - Received: @badge-info=;badges=vip/1;color=#FF69B4;display-name=rbruno018;emotes=;flags=;id=944c1999-08c3-49d9-9221-a58cb6906371;mod=0;room-id=443063688;subscriber=0;tmi-sent-ts=1562718423522;turbo=0;user-id=216448313;user-type= :rbruno018!rbruno018@rbruno018.tmi.twitch.tv PRIVMSG #beringelamilgrau :crawling my skin
2019-07-09 9:27:36 PM: botfumante - Received: @badge-info=;badges=vip/1;color=#FF69B4;display-name=rbruno018;emotes=;flags=;id=3dba7ba6-aaa3-48e5-a63a-dfeb982542d5;mod=0;room-id=443063688;subscriber=0;tmi-sent-ts=1562718455937;turbo=0;user-id=216448313;user-type= :rbruno018!rbruno018@rbruno018.tmi.twitch.tv PRIVMSG #beringelamilgrau :!sai
2019-07-09 9:27:36 PM: botfumante - Received: @badge-info=;badges=moderator/1,partner/1;color=#7C7CE1;display-name=Nightbot;emotes=;flags=;id=61400563-45c9-47b7-ae4b-d049f08cda9b;mod=1;room-id=443063688;subscriber=0;tmi-sent-ts=1562718456110;turbo=0;user-id=19264788;user-type=mod :nightbot!nightbot@nightbot.tmi.twitch.tv PRIVMSG #beringelamilgrau :Sai mano, sai da minha live!! monkaGun
2019-07-09 9:27:56 PM: botfumante - Received: @badge-info=;badges=broadcaster/1;color=#8A2BE2;display-name=beringelamilgrau;emotes=;flags=;id=ee4c5105-8fcb-4c3f-8d5b-9999449c7889;mod=0;room-id=443063688;subscriber=0;tmi-sent-ts=1562718475994;turbo=0;user-id=443063688;user-type= :beringelamilgrau!beringelamilgrau@beringelamilgrau.tmi.twitch.tv PRIVMSG #beringelamilgrau :monkaHmm
2019-07-09 9:27:57 PM: botfumante - Received: @badge-info=;badges=moderator/1,premium/1;color=#FF69B4;display-name=Maria_Renata;emotes=;flags=;id=473d5625-3010-43ed-892f-e7296bf7c00f;mod=1;room-id=443063688;subscriber=0;tmi-sent-ts=1562718477085;turbo=0;user-id=212194263;user-type=mod :maria_renata!maria_renata@maria_renata.tmi.twitch.tv PRIVMSG #beringelamilgrau :Ja tavam me acusando
2019-07-09 9:28:03 PM: botfumante - Received: @badge-info=;badges=moderator/1,premium/1;color=#FF69B4;display-name=Maria_Renata;emotes=;flags=;id=32fc8231-6409-4858-a782-ca254d1375a3;mod=1;room-id=443063688;subscriber=0;tmi-sent-ts=1562718482565;turbo=0;user-id=212194263;user-type=mod :maria_renata!maria_renata@maria_renata.tmi.twitch.tv PRIVMSG #beringelamilgrau :FeelsBadMan
2019-07-09 9:28:07 PM: botfumante - Received: @badge-info=;badges=;color=#00FF7F;display-name=5uperTed;emote-only=1;emotes=889186:0-11;flags=;id=7579ddcc-7b84-48b4-959c-fa546db4e9f9;mod=0;room-id=443063688;subscriber=0;tmi-sent-ts=1562718487230;turbo=0;user-id=238296028;user-type= :5uperted!5uperted@5uperted.tmi.twitch.tv PRIVMSG #beringelamilgrau :thomeClaudia
2019-07-09 9:28:11 PM: botfumante - Received: @badge-info=;badges=broadcaster/1;color=#8A2BE2;display-name=beringelamilgrau;emotes=;flags=;id=068bf630-9558-457c-934e-0d9be6de244a;mod=0;room-id=443063688;subscriber=0;tmi-sent-ts=1562718491267;turbo=0;user-id=443063688;user-type= :beringelamilgrau!beringelamilgrau@beringelamilgrau.tmi.twitch.tv PRIVMSG #beringelamilgrau :que isso ConcernFroge
2019-07-09 9:28:13 PM: botfumante - Received: @badge-info=;badges=moderator/1,partner/1;color=#2E8B57;display-name=CalibreLordal;emotes=;flags=;id=cbefee0b-f3f4-4fdf-9c24-07aaf702b9bc;mod=1;room-id=443063688;subscriber=0;tmi-sent-ts=1562718492896;turbo=0;user-id=94381006;user-type=mod :calibrelordal!calibrelordal@calibrelordal.tmi.twitch.tv PRIVMSG #beringelamilgrau :FeelsMan
2019-07-09 9:28:46 PM: botfumante - Received: @badge-info=;badges=;color=#00FF7F;display-name=5uperTed;emotes=;flags=;id=ed707c52-5308-4835-84b1-1d266c06a7fb;mod=0;room-id=443063688;subscriber=0;tmi-sent-ts=1562718526199;turbo=0;user-id=238296028;user-type= :5uperted!5uperted@5uperted.tmi.twitch.tv PRIVMSG #beringelamilgrau :Pogplant
2019-07-09 9:28:55 PM: botfumante - Received: @badge-info=;badges=moderator/1,partner/1;color=#2E8B57;display-name=CalibreLordal;emotes=;flags=0-42:;id=a460a3a5-bf9d-4674-aef7-bd4385fd8893;mod=1;room-id=443063688;subscriber=0;tmi-sent-ts=1562718533193;turbo=0;user-id=94381006;user-type=mod :calibrelordal!calibrelordal@calibrelordal.tmi.twitch.tv PRIVMSG #beringelamilgrau :https://www.youtube.com/watch?v=oLWZEIU8R74
2019-07-09 9:29:33 PM: botfumante - Received: @badge-info=;badges=moderator/1,partner/1;color=#2E8B57;display-name=CalibreLordal;emotes=;flags=;id=30786d03-79be-4359-a1b2-c169d0545c60;mod=1;room-id=443063688;subscriber=0;tmi-sent-ts=1562718572179;turbo=0;user-id=94381006;user-type=mod :calibrelordal!calibrelordal@calibrelordal.tmi.twitch.tv PRIVMSG #beringelamilgrau :? curtim o video, ? s? aquela parte OhISee
2019-07-09 9:29:55 PM: botfumante - Received: PING :tmi.twitch.tv
2019-07-09 9:29:55 PM: botfumante - Writing: PONG
2019-07-09 9:30:49 PM: botfumante - Received: @badge-info=;badges=moderator/1,partner/1;color=#2E8B57;display-name=CalibreLordal;emotes=;flags=;id=eab16eeb-83bb-4198-b21b-6f914ec4cba3;mod=1;room-id=443063688;subscriber=0;tmi-sent-ts=1562718648626;turbo=0;user-id=94381006;user-type=mod :calibrelordal!calibrelordal@calibrelordal.tmi.twitch.tv PRIVMSG #beringelamilgrau :peepoPants ? que a tran?a desfez
2019-07-09 9:31:28 PM: botfumante - Received: :s1faka!s1faka@s1faka.tmi.twitch.tv JOIN #beringelamilgrau
2019-07-09 9:31:28 PM: botfumante - Received: :hostmeraffle!hostmeraffle@hostmeraffle.tmi.twitch.tv JOIN #beringelamilgrau
2019-07-09 9:31:47 PM: botfumante - Received: @badge-info=;badges=moderator/1,partner/1;color=#2E8B57;display-name=CalibreLordal;emotes=;flags=;id=a73f7c05-06ba-49ec-870a-1b03430d486a;mod=1;room-id=443063688;subscriber=0;tmi-sent-ts=1562718707371;turbo=0;user-id=94381006;user-type=mod :calibrelordal!calibrelordal@calibrelordal.tmi.twitch.tv PRIVMSG #beringelamilgrau :peepoTubby
2019-07-09 9:32:20 PM: botfumante - Received: @badge-info=;badges=moderator/1,partner/1;color=#2E8B57;display-name=CalibreLordal;emotes=;flags=;id=f94a37e8-8812-4545-9639-1c6819a0e8db;mod=1;room-id=443063688;subscriber=0;tmi-sent-ts=1562718739596;turbo=0;user-id=94381006;user-type=mod :calibrelordal!calibrelordal@calibrelordal.tmi.twitch.tv PRIVMSG #beringelamilgrau :FeelsOkayMan
2019-07-09 9:32:24 PM: botfumante - Received: @badge-info=;badges=moderator/1;color=#008000;display-name=TONYXZERO;emotes=;flags=;id=228971a5-2961-452b-85f0-d5a9d934831b;mod=1;room-id=443063688;subscriber=0;tmi-sent-ts=1562718744424;turbo=0;user-id=38731171;user-type=mod :tonyxzero!tonyxzero@tonyxzero.tmi.twitch.tv PRIVMSG #beringelamilgrau :FeelsMan
2019-07-09 9:32:41 PM: botfumante - Received: @badge-info=;badges=moderator/1,partner/1;color=#2E8B57;display-name=CalibreLordal;emotes=;flags=;id=496e0e7a-2e16-49ec-a9e8-8d682f9079a1;mod=1;room-id=443063688;subscriber=0;tmi-sent-ts=1562718760508;turbo=0;user-id=94381006;user-type=mod :calibrelordal!calibrelordal@calibrelordal.tmi.twitch.tv PRIVMSG #beringelamilgrau :ela s? quer mata FeelsBirthdayMan
2019-07-09 9:33:40 PM: botfumante - Received: @badge-info=;badges=broadcaster/1;color=#8A2BE2;display-name=beringelamilgrau;emotes=;flags=;id=21c1d980-e05e-47b2-8313-167e24e8eea0;mod=0;room-id=443063688;subscriber=0;tmi-sent-ts=1562718819558;turbo=0;user-id=443063688;user-type= :beringelamilgrau!beringelamilgrau@beringelamilgrau.tmi.twitch.tv PRIVMSG #beringelamilgrau :monkaHmm
2019-07-09 9:33:45 PM: botfumante - Received: @badge-info=;badges=moderator/1;color=#008000;display-name=TONYXZERO;emotes=;flags=;id=507a3e77-e58d-4a32-9e3b-a099010f182a;mod=1;room-id=443063688;subscriber=0;tmi-sent-ts=1562718825461;turbo=0;user-id=38731171;user-type=mod :tonyxzero!tonyxzero@tonyxzero.tmi.twitch.tv PRIVMSG #beringelamilgrau :monkaHmm
2019-07-09 9:34:32 PM: botfumante - Received: :freddyybot!freddyybot@freddyybot.tmi.twitch.tv JOIN #beringelamilgrau
2019-07-09 9:34:32 PM: botfumante - Received: :hostmeraffle!hostmeraffle@hostmeraffle.tmi.twitch.tv PART #beringelamilgrau
2019-07-09 9:34:39 PM: botfumante - Received: @badge-info=;badges=moderator/1,partner/1;color=#2E8B57;display-name=CalibreLordal;emotes=;flags=;id=7c24a601-9680-4db0-8475-a16513c5f871;mod=1;room-id=443063688;subscriber=0;tmi-sent-ts=1562718878590;turbo=0;user-id=94381006;user-type=mod :calibrelordal!calibrelordal@calibrelordal.tmi.twitch.tv PRIVMSG #beringelamilgrau :monkaS
2019-07-09 9:34:45 PM: botfumante - Received: PING :tmi.twitch.tv
2019-07-09 9:34:45 PM: botfumante - Writing: PONG
2019-07-09 9:35:01 PM: botfumante - Received: @badge-info=;badges=moderator/1,partner/1;color=#2E8B57;display-name=CalibreLordal;emotes=;flags=;id=c06e19e9-a227-4d33-b3c1-d80775d650bd;mod=1;room-id=443063688;subscriber=0;tmi-sent-ts=1562718901201;turbo=0;user-id=94381006;user-type=mod :calibrelordal!calibrelordal@calibrelordal.tmi.twitch.tv PRIVMSG #beringelamilgrau :FeelsMan
2019-07-09 9:35:11 PM: botfumante - Received: @badge-info=;badges=vip/1;color=#FF69B4;display-name=rbruno018;emotes=;flags=;id=67e484ed-bab0-4c1d-8013-936e673f3be8;mod=0;room-id=443063688;subscriber=0;tmi-sent-ts=1562718911234;turbo=0;user-id=216448313;user-type= :rbruno018!rbruno018@rbruno018.tmi.twitch.tv PRIVMSG #beringelamilgrau :FeelsMan
2019-07-09 9:35:31 PM: botfumante - Received: @badge-info=;badges=moderator/1,partner/1;color=#2E8B57;display-name=CalibreLordal;emotes=;flags=;id=dc0eee70-38ef-4460-927f-8f2619f14a7f;mod=1;room-id=443063688;subscriber=0;tmi-sent-ts=1562718931381;turbo=0;user-id=94381006;user-type=mod :calibrelordal!calibrelordal@calibrelordal.tmi.twitch.tv PRIVMSG #beringelamilgrau :? bem triste FeelsMan
2019-07-09 9:36:34 PM: botfumante - Received: @badge-info=;badges=;color=;display-name=BotFumante;emote-sets=0;mod=0;subscriber=0;user-type= :tmi.twitch.tv USERSTATE #beringelamilgrau
2019-07-09 9:36:43 PM: botfumante - Received: @badge-info=;badges=vip/1;color=#FF69B4;display-name=rbruno018;emotes=;flags=;id=9b41b6c7-4323-4895-b2ba-64e1c69bee0d;mod=0;room-id=443063688;subscriber=0;tmi-sent-ts=1562719003297;turbo=0;user-id=216448313;user-type= :rbruno018!rbruno018@rbruno018.tmi.twitch.tv PRIVMSG #beringelamilgrau :boa noite gente peepoSleepo
2019-07-09 9:36:47 PM: botfumante - Received: @badge-info=;badges=vip/1;color=#FF69B4;display-name=rbruno018;emotes=;flags=;id=1f7452bd-fdc9-4bdd-924c-32f89a686b5d;mod=0;room-id=443063688;subscriber=0;tmi-sent-ts=1562719006871;turbo=0;user-id=216448313;user-type= :rbruno018!rbruno018@rbruno018.tmi.twitch.tv PRIVMSG #beringelamilgrau :brigado bot
2019-07-09 9:36:48 PM: botfumante - Received: @badge-info=;badges=;color=;display-name=BotFumante;emote-sets=0;mod=0;subscriber=0;user-type= :tmi.twitch.tv USERSTATE #beringelamilgrau
2019-07-09 9:36:53 PM: botfumante - Received: @badge-info=;badges=bits-charity/1;color=#1E90FF;display-name=Jean__;emotes=;flags=;id=8f7e50fc-02a1-4a88-90ab-b08a1e57f589;mod=0;room-id=443063688;subscriber=0;tmi-sent-ts=1562719013268;turbo=0;user-id=38479494;user-type= :jean__!jean__@jean__.tmi.twitch.tv PRIVMSG #beringelamilgrau :ConcernFroge
2019-07-09 9:36:54 PM: botfumante - Received: @badge-info=;badges=moderator/1;color=#008000;display-name=TONYXZERO;emotes=;flags=;id=0ba1f25a-13c9-4ea2-a0d7-91eac02013dc;mod=1;room-id=443063688;subscriber=0;tmi-sent-ts=1562719013729;turbo=0;user-id=38731171;user-type=mod :tonyxzero!tonyxzero@tonyxzero.tmi.twitch.tv PRIVMSG #beringelamilgrau :Bora pro Saga peepoSleepo
2019-07-09 9:36:56 PM: botfumante - Received: @badge-info=;badges=broadcaster/1;color=#8A2BE2;display-name=beringelamilgrau;emotes=;flags=;id=308cef65-e00b-4fb2-8aef-513af84a675e;mod=0;room-id=443063688;subscriber=0;tmi-sent-ts=1562719015902;turbo=0;user-id=443063688;user-type= :beringelamilgrau!beringelamilgrau@beringelamilgrau.tmi.twitch.tv PRIVMSG #beringelamilgrau :Obrigado peepoEggplant
2019-07-09 9:37:04 PM: botfumante - Received: @badge-info=;badges=moderator/1;color=#008000;display-name=TONYXZERO;emotes=;flags=;id=18087c35-ef52-476c-bc30-33dfab83edfd;mod=1;room-id=443063688;subscriber=0;tmi-sent-ts=1562719023541;turbo=0;user-id=38731171;user-type=mod :tonyxzero!tonyxzero@tonyxzero.tmi.twitch.tv PRIVMSG #beringelamilgrau :peepoPants
2019-07-09 9:37:09 PM: botfumante - Received: :tmi.twitch.tv HOSTTARGET #beringelamilgrau :calibrelordal 13
2019-07-09 9:37:09 PM: botfumante - Received: @msg-id=host_on :tmi.twitch.tv NOTICE #beringelamilgrau :Now hosting CalibreLordal.
