8/18/2019 8:34:23 PM: botfumante - Connecting to: wss://irc-ws.chat.twitch.tv:443
8/18/2019 8:34:24 PM: botfumante - Should be connected!
8/18/2019 8:34:24 PM: botfumante - Joining channel: beringelamilgrau
8/18/2019 8:34:24 PM: botfumante - Received: :tmi.twitch.tv 001 botfumante :Welcome, GLHF!
8/18/2019 8:34:24 PM: botfumante - Received: :tmi.twitch.tv 002 botfumante :Your host is tmi.twitch.tv
8/18/2019 8:34:24 PM: botfumante - Received: :tmi.twitch.tv 003 botfumante :This server is rather new
8/18/2019 8:34:24 PM: botfumante - Received: :tmi.twitch.tv 004 botfumante :-
8/18/2019 8:34:24 PM: botfumante - Received: :tmi.twitch.tv 375 botfumante :-
8/18/2019 8:34:24 PM: botfumante - Received: :tmi.twitch.tv 372 botfumante :You are in a maze of twisty passages, all alike.
8/18/2019 8:34:24 PM: botfumante - Received: :tmi.twitch.tv 376 botfumante :>
8/18/2019 8:34:24 PM: botfumante - Received: :tmi.twitch.tv CAP * ACK :twitch.tv/membership
8/18/2019 8:34:24 PM: botfumante - Unaccounted for: :tmi.twitch.tv CAP * ACK :twitch.tv/membership
8/18/2019 8:34:24 PM: botfumante - Received: :tmi.twitch.tv CAP * ACK :twitch.tv/commands
8/18/2019 8:34:24 PM: botfumante - Unaccounted for: :tmi.twitch.tv CAP * ACK :twitch.tv/commands
8/18/2019 8:34:24 PM: botfumante - Received: :tmi.twitch.tv CAP * ACK :twitch.tv/tags
8/18/2019 8:34:24 PM: botfumante - Unaccounted for: :tmi.twitch.tv CAP * ACK :twitch.tv/tags
8/18/2019 8:34:24 PM: botfumante - Received: :botfumante!botfumante@botfumante.tmi.twitch.tv JOIN #beringelamilgrau
8/18/2019 8:34:24 PM: botfumante - Received: @badge-info=;badges=;color=;display-name=BotFumante;emote-sets=0;mod=0;subscriber=0;user-type= :tmi.twitch.tv USERSTATE #beringelamilgrau
8/18/2019 8:34:24 PM: botfumante - Received: @emote-only=0;followers-only=-1;r9k=0;rituals=0;room-id=443063688;slow=0;subs-only=0 :tmi.twitch.tv ROOMSTATE #beringelamilgrau
8/18/2019 8:34:24 PM: botfumante - Received: :botfumante.tmi.twitch.tv 353 botfumante = #beringelamilgrau :michelle_rezende freddyybot tonyxzero beringelamilgrau besugomaster pedroazure lucaesan vein_nazghoul xatang nightbot pedros_henrik eduardo2647 zapydos electricallongboard rudm09 fokernation gladosxcake recoverl jcfleal lurxx luki4fun_bot_master hisaagi jean__ cyclemotion montee_waffle commanderroot winsock nodamassa lucasgalvaooo ddanniell dreyfk ixlimpoke jeffershinobi angeloflight guilhermemeirelles biravg
8/18/2019 8:34:24 PM: botfumante - Received: :botfumante.tmi.twitch.tv 353 botfumante = #beringelamilgrau :rbruno018 streamlabs 5uperted botfumante glenan itsvodoo joeljb 0x4c554b49 alexisyuki icaro caioken_ totoro ced_08
8/18/2019 8:34:24 PM: botfumante - Received: :botfumante.tmi.twitch.tv 366 botfumante #beringelamilgrau :End of /NAMES list
8/18/2019 8:34:24 PM: botfumante - Finished channel joining queue.
8/18/2019 8:34:25 PM: botfumante - Finished channel joining queue.
8/18/2019 8:34:32 PM: botfumante - Received: @badge-info=;badges=moderator/1;color=#008000;display-name=TONYXZERO;emotes=;flags=;id=c39aa74f-f6c4-4329-bb46-bbeb6e1b77eb;mod=1;room-id=443063688;subscriber=0;tmi-sent-ts=1566171270535;turbo=0;user-id=38731171;user-type=mod :tonyxzero!tonyxzero@tonyxzero.tmi.twitch.tv PRIVMSG #beringelamilgrau :OMEGALUL
8/18/2019 8:34:36 PM: botfumante - Received: @badge-info=subscriber/2;badges=vip/1,subscriber/0,bits-charity/1;color=#5F9EA0;display-name=Jean__;emotes=;flags=;id=b0cd2489-8bf1-43f8-8929-09e784b77010;mod=0;room-id=443063688;subscriber=1;tmi-sent-ts=1566171274254;turbo=0;user-id=38479494;user-type= :jean__!jean__@jean__.tmi.twitch.tv PRIVMSG #beringelamilgrau :!chicote
