8/23/2019 9:00:40 PM: botfumante - Connecting to: wss://irc-ws.chat.twitch.tv:443
8/23/2019 9:00:41 PM: botfumante - Should be connected!
8/23/2019 9:00:41 PM: botfumante - Joining channel: beringelamilgrau
8/23/2019 9:00:41 PM: botfumante - Received: :tmi.twitch.tv 001 botfumante :Welcome, GLHF!
8/23/2019 9:00:41 PM: botfumante - Received: :tmi.twitch.tv 002 botfumante :Your host is tmi.twitch.tv
8/23/2019 9:00:41 PM: botfumante - Received: :tmi.twitch.tv 003 botfumante :This server is rather new
8/23/2019 9:00:41 PM: botfumante - Received: :tmi.twitch.tv 004 botfumante :-
8/23/2019 9:00:41 PM: botfumante - Received: :tmi.twitch.tv 375 botfumante :-
8/23/2019 9:00:41 PM: botfumante - Received: :tmi.twitch.tv 372 botfumante :You are in a maze of twisty passages, all alike.
8/23/2019 9:00:41 PM: botfumante - Received: :tmi.twitch.tv 376 botfumante :>
8/23/2019 9:00:42 PM: botfumante - Received: :tmi.twitch.tv CAP * ACK :twitch.tv/membership
8/23/2019 9:00:42 PM: botfumante - Unaccounted for: :tmi.twitch.tv CAP * ACK :twitch.tv/membership
8/23/2019 9:00:42 PM: botfumante - Received: :tmi.twitch.tv CAP * ACK :twitch.tv/commands
8/23/2019 9:00:42 PM: botfumante - Unaccounted for: :tmi.twitch.tv CAP * ACK :twitch.tv/commands
8/23/2019 9:00:42 PM: botfumante - Received: :tmi.twitch.tv CAP * ACK :twitch.tv/tags
8/23/2019 9:00:42 PM: botfumante - Unaccounted for: :tmi.twitch.tv CAP * ACK :twitch.tv/tags
8/23/2019 9:00:42 PM: botfumante - Received: :botfumante!botfumante@botfumante.tmi.twitch.tv JOIN #beringelamilgrau
8/23/2019 9:00:42 PM: botfumante - Received: @badge-info=;badges=;color=;display-name=BotFumante;emote-sets=0;mod=0;subscriber=0;user-type= :tmi.twitch.tv USERSTATE #beringelamilgrau
8/23/2019 9:00:42 PM: botfumante - Received: @emote-only=0;followers-only=-1;r9k=0;rituals=0;room-id=443063688;slow=0;subs-only=0 :tmi.twitch.tv ROOMSTATE #beringelamilgrau
8/23/2019 9:00:42 PM: botfumante - Received: :botfumante.tmi.twitch.tv 353 botfumante = #beringelamilgrau :ddanniell alexisyuki botfumante jean__ 5uperted lurxx calibrelordal winsock malebouja4 electricallongboard commanderroot beringelamilgrau streamlabs lucaesan gladosxcake nightbot tonyxzero biravg hisaagi pedroazure
8/23/2019 9:00:42 PM: botfumante - Received: :botfumante.tmi.twitch.tv 366 botfumante #beringelamilgrau :End of /NAMES list
8/23/2019 9:00:42 PM: botfumante - Finished channel joining queue.
8/23/2019 9:00:43 PM: botfumante - Received: @badge-info=;badges=;color=;display-name=BotFumante;emote-sets=0;mod=0;subscriber=0;user-type= :tmi.twitch.tv USERSTATE #beringelamilgrau
8/23/2019 9:00:43 PM: botfumante - Finished channel joining queue.
8/23/2019 9:00:45 PM: botfumante - Received: @badge-info=subscriber/2;badges=vip/1,subscriber/0,bits-charity/1;color=#5F9EA0;display-name=Jean__;emotes=;flags=;id=630bf2a0-978f-4aed-b064-19a07e986f45;mod=0;room-id=443063688;subscriber=1;tmi-sent-ts=1566604843988;turbo=0;user-id=38479494;user-type= :jean__!jean__@jean__.tmi.twitch.tv PRIVMSG #beringelamilgrau :!magic
8/23/2019 9:00:45 PM: botfumante - Received: @badge-info=;badges=;color=;display-name=BotFumante;emote-sets=0;mod=0;subscriber=0;user-type= :tmi.twitch.tv USERSTATE #beringelamilgrau
8/23/2019 9:00:57 PM: botfumante - Received: @badge-info=;badges=moderator/1;color=#008000;display-name=TONYXZERO;emotes=;flags=;id=c8609099-e796-481a-be11-527c16e8ce5d;mod=1;room-id=443063688;subscriber=0;tmi-sent-ts=1566604856052;turbo=0;user-id=38731171;user-type=mod :tonyxzero!tonyxzero@tonyxzero.tmi.twitch.tv PRIVMSG #beringelamilgrau :monkaS
8/23/2019 9:01:05 PM: botfumante - Received: @badge-info=;badges=moderator/1,partner/1;color=#7C7CE1;display-name=Nightbot;emotes=1772890:0-7,62-69;flags=;id=78afc146-be7c-4f69-a358-c6101b0517e7;mod=1;room-id=443063688;subscriber=0;tmi-sent-ts=1566604863923;turbo=0;user-id=19264788;user-type=mod :nightbot!nightbot@nightbot.tmi.twitch.tv PRIVMSG #beringelamilgrau :lordsSip Olha ai rap?, t? na hora de se hidratar! tomele ?gua lordsSip
8/23/2019 9:01:05 PM: botfumante - Received: @badge-info=;badges=moderator/1;color=#008000;display-name=TONYXZERO;emotes=;flags=;id=f78ec128-8182-4dce-a2c0-e38e7b544e80;mod=1;room-id=443063688;subscriber=0;tmi-sent-ts=1566604864692;turbo=0;user-id=38731171;user-type=mod :tonyxzero!tonyxzero@tonyxzero.tmi.twitch.tv PRIVMSG #beringelamilgrau :Esses bichos monkaS
8/23/2019 9:01:19 PM: botfumante - Received: @badge-info=;badges=moderator/1;color=#008000;display-name=TONYXZERO;emotes=;flags=;id=c70fe643-2420-4153-b288-e1a2a9b9b059;mod=1;room-id=443063688;subscriber=0;tmi-sent-ts=1566604877947;turbo=0;user-id=38731171;user-type=mod :tonyxzero!tonyxzero@tonyxzero.tmi.twitch.tv PRIVMSG #beringelamilgrau :ConcernFroge
8/23/2019 9:01:21 PM: botfumante - Received: @badge-info=;badges=;color=;display-name=BotFumante;emotes=;flags=69-77:;id=d52666b4-baeb-4028-8657-221819918b2b;mod=0;room-id=443063688;subscriber=0;tmi-sent-ts=1566604879820;turbo=0;user-id=446644398;user-type= :botfumante!botfumante@botfumante.tmi.twitch.tv PRIVMSG #beringelamilgrau :Voc? j? transmitiu por 51 minutos, nesse tempo, poderia ter fumado 5 cigarros. peepoSmoke
8/23/2019 9:01:25 PM: botfumante - Received: @badge-info=;badges=bits-charity/1;color=#DAA520;display-name=lucaesan;emotes=;flags=;id=6c6b7fba-2918-4e74-b9cf-bacb8c139caf;mod=0;room-id=443063688;subscriber=0;tmi-sent-ts=1566604884623;turbo=0;user-id=167039036;user-type= :lucaesan!lucaesan@lucaesan.tmi.twitch.tv PRIVMSG #beringelamilgrau :cad? a ellens? vou fazer uma magica pra ela
8/23/2019 9:01:26 PM: botfumante - Received: @badge-info=;badges=vip/1;color=#008000;display-name=Hisaagi;emotes=;flags=;id=78105fb5-df51-4444-a6b5-4f48445cf555;mod=0;room-id=443063688;subscriber=0;tmi-sent-ts=1566604885053;turbo=0;user-id=137774469;user-type= :hisaagi!hisaagi@hisaagi.tmi.twitch.tv PRIVMSG #beringelamilgrau :FeelsMan
8/23/2019 9:01:32 PM: botfumante - Received: @badge-info=;badges=bits-leader/3;color=#0000FF;display-name=Alexisyuki;emotes=;flags=;id=e1afb6a9-ce2c-4cd1-b4ba-d126cea1dbff;mod=0;room-id=443063688;subscriber=0;tmi-sent-ts=1566604891236;turbo=0;user-id=66833296;user-type= :alexisyuki!alexisyuki@alexisyuki.tmi.twitch.tv PRIVMSG #beringelamilgrau :peepoFreeze
8/23/2019 9:01:38 PM: botfumante - Received: @badge-info=;badges=moderator/1;color=#008000;display-name=TONYXZERO;emotes=300715503:15-23;flags=;id=3fd69cba-7ebb-47c9-af4f-62dbdd72372d;mod=1;room-id=443063688;subscriber=0;tmi-sent-ts=1566604897632;turbo=0;user-id=38731171;user-type=mod :tonyxzero!tonyxzero@tonyxzero.tmi.twitch.tv PRIVMSG #beringelamilgrau :Ta lurkando ai larxaLurk
8/23/2019 9:01:40 PM: botfumante - Received: :s1faka!s1faka@s1faka.tmi.twitch.tv JOIN #beringelamilgrau
8/23/2019 9:01:52 PM: botfumante - Received: @badge-info=;badges=moderator/1,partner/1;color=#2E8B57;display-name=CalibreLordal;emotes=;flags=;id=d2126e16-d3fe-486b-9920-c4aca047c9f8;mod=1;room-id=443063688;subscriber=0;tmi-sent-ts=1566604910900;turbo=0;user-id=94381006;user-type=mod :calibrelordal!calibrelordal@calibrelordal.tmi.twitch.tv PRIVMSG #beringelamilgrau :to aqui PepePls
8/23/2019 9:01:58 PM: botfumante - Received: @badge-info=;badges=bits-charity/1;color=#DAA520;display-name=lucaesan;emotes=;flags=;id=813bdbdf-5cd0-4ff8-95bc-2f363f551f2b;mod=0;room-id=443063688;subscriber=0;tmi-sent-ts=1566604917506;turbo=0;user-id=167039036;user-type= :lucaesan!lucaesan@lucaesan.tmi.twitch.tv PRIVMSG #beringelamilgrau :!magic ellens essa ? pra vc
8/23/2019 9:01:59 PM: botfumante - Received: @badge-info=;badges=;color=;display-name=BotFumante;emote-sets=0;mod=0;subscriber=0;user-type= :tmi.twitch.tv USERSTATE #beringelamilgrau
8/23/2019 9:02:09 PM: botfumante - Received: @badge-info=;badges=moderator/1;color=#008000;display-name=TONYXZERO;emotes=;flags=;id=2d5e8038-3d54-4244-9998-2735974b65b6;mod=1;room-id=443063688;subscriber=0;tmi-sent-ts=1566604928733;turbo=0;user-id=38731171;user-type=mod :tonyxzero!tonyxzero@tonyxzero.tmi.twitch.tv PRIVMSG #beringelamilgrau :OhISee
8/23/2019 9:02:11 PM: botfumante - Received: @badge-info=;badges=vip/1;color=#008000;display-name=Hisaagi;emotes=;flags=;id=738300aa-a2d6-4ccd-96f3-a795e4c513eb;mod=0;room-id=443063688;subscriber=0;tmi-sent-ts=1566604930512;turbo=0;user-id=137774469;user-type= :hisaagi!hisaagi@hisaagi.tmi.twitch.tv PRIVMSG #beringelamilgrau :!magic
8/23/2019 9:02:12 PM: botfumante - Received: @badge-info=;badges=;color=;display-name=BotFumante;emote-sets=0;mod=0;subscriber=0;user-type= :tmi.twitch.tv USERSTATE #beringelamilgrau
8/23/2019 9:02:15 PM: botfumante - Received: @badge-info=;badges=moderator/1,partner/1;color=#2E8B57;display-name=CalibreLordal;emotes=;flags=;id=59441b7c-266d-4d74-a3d7-74e3e0fe6c44;mod=1;room-id=443063688;subscriber=0;tmi-sent-ts=1566604934531;turbo=0;user-id=94381006;user-type=mod :calibrelordal!calibrelordal@calibrelordal.tmi.twitch.tv PRIVMSG #beringelamilgrau :mt obrigada FeelsMan ??
8/23/2019 9:02:26 PM: botfumante - Received: @badge-info=;badges=moderator/1;color=#008000;display-name=TONYXZERO;emotes=;flags=;id=23ec2ddc-8af2-4455-bea0-88bb5a32a097;mod=1;room-id=443063688;subscriber=0;tmi-sent-ts=1566604945116;turbo=0;user-id=38731171;user-type=mod :tonyxzero!tonyxzero@tonyxzero.tmi.twitch.tv PRIVMSG #beringelamilgrau :monkaS
8/23/2019 9:02:42 PM: botfumante - Received: @badge-info=;badges=moderator/1;color=#008000;display-name=TONYXZERO;emotes=;flags=;id=15de4456-7ef8-44b2-a55d-e045d98c7cde;mod=1;room-id=443063688;subscriber=0;tmi-sent-ts=1566604961548;turbo=0;user-id=38731171;user-type=mod :tonyxzero!tonyxzero@tonyxzero.tmi.twitch.tv PRIVMSG #beringelamilgrau :Mata peepoSmash
8/23/2019 9:02:44 PM: botfumante - Received: @badge-info=;badges=bits-charity/1;color=#DAA520;display-name=lucaesan;emotes=;flags=;id=5b781b2e-85ed-4382-8a57-540359e33cea;mod=0;room-id=443063688;subscriber=0;tmi-sent-ts=1566604962762;turbo=0;user-id=167039036;user-type= :lucaesan!lucaesan@lucaesan.tmi.twitch.tv PRIVMSG #beringelamilgrau :FeelsMan a bufa enfraqueceu minha mana
8/23/2019 9:02:49 PM: botfumante - Received: @badge-info=subscriber/2;badges=vip/1,subscriber/0,bits-charity/1;color=#5F9EA0;display-name=Jean__;emotes=;flags=;id=3d5e2ad5-561b-4586-915a-05d6ed064898;mod=0;room-id=443063688;subscriber=1;tmi-sent-ts=1566604968229;turbo=0;user-id=38479494;user-type= :jean__!jean__@jean__.tmi.twitch.tv PRIVMSG #beringelamilgrau :peepoSmart ????
8/23/2019 9:02:50 PM: botfumante - Received: @badge-info=;badges=moderator/1;color=#008000;display-name=TONYXZERO;emotes=;flags=;id=88c5c842-145d-44fe-96bc-08b2af428219;mod=1;room-id=443063688;subscriber=0;tmi-sent-ts=1566604968816;turbo=0;user-id=38731171;user-type=mod :tonyxzero!tonyxzero@tonyxzero.tmi.twitch.tv PRIVMSG #beringelamilgrau :!magic
8/23/2019 9:02:50 PM: botfumante - Received: @badge-info=;badges=;color=;display-name=BotFumante;emote-sets=0;mod=0;subscriber=0;user-type= :tmi.twitch.tv USERSTATE #beringelamilgrau
8/23/2019 9:02:54 PM: botfumante - Received: @badge-info=;badges=bits-charity/1;color=#DAA520;display-name=lucaesan;emotes=;flags=;id=0e82777b-897a-4d12-bcfe-2625c90441be;mod=0;room-id=443063688;subscriber=0;tmi-sent-ts=1566604973308;turbo=0;user-id=167039036;user-type= :lucaesan!lucaesan@lucaesan.tmi.twitch.tv PRIVMSG #beringelamilgrau :!magic
8/23/2019 9:02:54 PM: botfumante - Received: @badge-info=;badges=;color=;display-name=BotFumante;emote-sets=0;mod=0;subscriber=0;user-type= :tmi.twitch.tv USERSTATE #beringelamilgrau
8/23/2019 9:02:55 PM: botfumante - Received: @badge-info=;badges=moderator/1;color=#008000;display-name=TONYXZERO;emotes=;flags=;id=f2f2da10-0d8d-41d8-aca0-d078f8af0707;mod=1;room-id=443063688;subscriber=0;tmi-sent-ts=1566604974656;turbo=0;user-id=38731171;user-type=mod :tonyxzero!tonyxzero@tonyxzero.tmi.twitch.tv PRIVMSG #beringelamilgrau :monkaHmm
8/23/2019 9:02:56 PM: botfumante - Received: @badge-info=subscriber/2;badges=vip/1,subscriber/0,bits-charity/1;color=#5F9EA0;display-name=Jean__;emotes=;flags=;id=5320766b-3bd8-4a7c-8aaf-2dd2e6ddbde4;mod=0;room-id=443063688;subscriber=1;tmi-sent-ts=1566604974880;turbo=0;user-id=38479494;user-type= :jean__!jean__@jean__.tmi.twitch.tv PRIVMSG #beringelamilgrau :peepoSmoke ????
8/23/2019 9:03:00 PM: botfumante - Received: @badge-info=subscriber/2;badges=vip/1,subscriber/0,bits-charity/1;color=#5F9EA0;display-name=Jean__;emotes=;flags=;id=5cb8dbc5-795d-4a5a-b174-748c44ac9ef6;mod=0;room-id=443063688;subscriber=1;tmi-sent-ts=1566604979148;turbo=0;user-id=38479494;user-type= :jean__!jean__@jean__.tmi.twitch.tv PRIVMSG #beringelamilgrau :errei o pepe FeelsMan
8/23/2019 9:03:05 PM: botfumante - Received: @badge-info=;badges=moderator/1;color=#008000;display-name=TONYXZERO;emotes=;flags=;id=a1c4058d-ca38-4d06-8c3c-dd1929a23812;mod=1;room-id=443063688;subscriber=0;tmi-sent-ts=1566604984612;turbo=0;user-id=38731171;user-type=mod :tonyxzero!tonyxzero@tonyxzero.tmi.twitch.tv PRIVMSG #beringelamilgrau :peepoEggplant
8/23/2019 9:03:25 PM: botfumante - Received: @badge-info=;badges=moderator/1;color=#008000;display-name=TONYXZERO;emotes=;flags=;id=62e5edd0-cd42-4ee0-898d-d4757027a26c;mod=1;room-id=443063688;subscriber=0;tmi-sent-ts=1566605004646;turbo=0;user-id=38731171;user-type=mod :tonyxzero!tonyxzero@tonyxzero.tmi.twitch.tv PRIVMSG #beringelamilgrau :D:
8/23/2019 9:03:32 PM: botfumante - Received: @badge-info=subscriber/2;badges=vip/1,subscriber/0,bits-charity/1;color=#5F9EA0;display-name=Jean__;emotes=;flags=;id=d95aafd6-d217-4a6a-8421-4ae68b8c9c0a;mod=0;room-id=443063688;subscriber=1;tmi-sent-ts=1566605011695;turbo=0;user-id=38479494;user-type= :jean__!jean__@jean__.tmi.twitch.tv PRIVMSG #beringelamilgrau :ConcernFroge
8/23/2019 9:03:33 PM: botfumante - Received: @badge-info=;badges=bits-charity/1;color=#DAA520;display-name=lucaesan;emotes=;flags=;id=86be2c54-d195-4d7c-8a70-ba96a0a7e73c;mod=0;room-id=443063688;subscriber=0;tmi-sent-ts=1566605012126;turbo=0;user-id=167039036;user-type= :lucaesan!lucaesan@lucaesan.tmi.twitch.tv PRIVMSG #beringelamilgrau :PepeHandsE
8/23/2019 9:03:34 PM: botfumante - Received: @badge-info=;badges=vip/1;color=#008000;display-name=Hisaagi;emotes=;flags=;id=5debe2ae-f8d5-4bbe-a6a3-81458e066a4e;mod=0;room-id=443063688;subscriber=0;tmi-sent-ts=1566605013732;turbo=0;user-id=137774469;user-type= :hisaagi!hisaagi@hisaagi.tmi.twitch.tv PRIVMSG #beringelamilgrau :essa mira FeelsMan
8/23/2019 9:03:35 PM: botfumante - Received: @badge-info=;badges=moderator/1;color=#008000;display-name=TONYXZERO;emotes=;flags=;id=9032aab9-b978-47b9-addd-6b2fa59ffb73;mod=1;room-id=443063688;subscriber=0;tmi-sent-ts=1566605014377;turbo=0;user-id=38731171;user-type=mod :tonyxzero!tonyxzero@tonyxzero.tmi.twitch.tv PRIVMSG #beringelamilgrau :PepeHandsE
8/23/2019 9:03:40 PM: botfumante - Received: :s1faka!s1faka@s1faka.tmi.twitch.tv PART #beringelamilgrau
8/23/2019 9:03:44 PM: botfumante - Received: @badge-info=subscriber/2;badges=vip/1,subscriber/0,bits-charity/1;color=#5F9EA0;display-name=Jean__;emotes=;flags=;id=e6287cb1-bb7f-4077-9771-a15fa6d7e003;mod=0;room-id=443063688;subscriber=1;tmi-sent-ts=1566605023156;turbo=0;user-id=38479494;user-type= :jean__!jean__@jean__.tmi.twitch.tv PRIVMSG #beringelamilgrau :vou ali e ja volto
8/23/2019 9:03:45 PM: botfumante - Received: @badge-info=subscriber/2;badges=vip/1,subscriber/0,bits-charity/1;color=#5F9EA0;display-name=Jean__;emotes=;flags=;id=01fa31f2-04db-4d7b-9eae-eab3ed462170;mod=0;room-id=443063688;subscriber=1;tmi-sent-ts=1566605024458;turbo=0;user-id=38479494;user-type= :jean__!jean__@jean__.tmi.twitch.tv PRIVMSG #beringelamilgrau :Pepega
8/23/2019 9:03:49 PM: botfumante - Received: @badge-info=;badges=moderator/1;color=#FF9600;display-name=ddanniell;emotes=;flags=;id=037f7b39-f365-4c04-b727-374a60f58cd4;mod=1;room-id=443063688;subscriber=0;tmi-sent-ts=1566605027905;turbo=0;user-id=36163282;user-type=mod :ddanniell!ddanniell@ddanniell.tmi.twitch.tv PRIVMSG #beringelamilgrau :tem um pontinho branco
8/23/2019 9:03:49 PM: botfumante - Received: @badge-info=;badges=moderator/1;color=#008000;display-name=TONYXZERO;emotes=;flags=;id=ee9802df-a12c-4aa8-bd7e-16354955b618;mod=1;room-id=443063688;subscriber=0;tmi-sent-ts=1566605028416;turbo=0;user-id=38731171;user-type=mod :tonyxzero!tonyxzero@tonyxzero.tmi.twitch.tv PRIVMSG #beringelamilgrau :ConcernFroge
8/23/2019 9:03:56 PM: botfumante - Received: @badge-info=;badges=moderator/1;color=#008000;display-name=TONYXZERO;emotes=;flags=;id=263375a9-111f-4d2a-93db-14c3dc45dabd;mod=1;room-id=443063688;subscriber=0;tmi-sent-ts=1566605034982;turbo=0;user-id=38731171;user-type=mod :tonyxzero!tonyxzero@tonyxzero.tmi.twitch.tv PRIVMSG #beringelamilgrau :F FeelsBadMan
8/23/2019 9:03:59 PM: botfumante - Received: @badge-info=;badges=bits-leader/3;color=#0000FF;display-name=Alexisyuki;emotes=;flags=;id=9b62ba28-5fe0-4f0e-b6f4-15715d23c930;mod=0;room-id=443063688;subscriber=0;tmi-sent-ts=1566605038662;turbo=0;user-id=66833296;user-type= :alexisyuki!alexisyuki@alexisyuki.tmi.twitch.tv PRIVMSG #beringelamilgrau :coitada
8/23/2019 9:04:02 PM: botfumante - Received: @badge-info=;badges=moderator/1;color=#008000;display-name=TONYXZERO;emotes=;flags=;id=72e93ca0-4045-48e9-bbb6-272e781b6bc0;mod=1;room-id=443063688;subscriber=0;tmi-sent-ts=1566605041300;turbo=0;user-id=38731171;user-type=mod :tonyxzero!tonyxzero@tonyxzero.tmi.twitch.tv PRIVMSG #beringelamilgrau :Isso
8/23/2019 9:04:03 PM: botfumante - Received: @badge-info=;badges=vip/1;color=#008000;display-name=Hisaagi;emotes=;flags=16-20:S.5;id=bbbf15c9-6bc3-48f8-a4b6-5c947717958e;mod=0;room-id=443063688;subscriber=0;tmi-sent-ts=1566605042761;turbo=0;user-id=137774469;user-type= :hisaagi!hisaagi@hisaagi.tmi.twitch.tv PRIVMSG #beringelamilgrau :mostra mais dos seios da mo?a que t? sendo morta FeelsOkayMan
8/23/2019 9:04:14 PM: botfumante - Received: @badge-info=;badges=moderator/1;color=#008000;display-name=TONYXZERO;emotes=;flags=;id=51f1f640-49d2-405b-92c8-75a78f9117f9;mod=1;room-id=443063688;subscriber=0;tmi-sent-ts=1566605052870;turbo=0;user-id=38731171;user-type=mod :tonyxzero!tonyxzero@tonyxzero.tmi.twitch.tv PRIVMSG #beringelamilgrau :Hisaagi ConcernFroge
8/23/2019 9:04:36 PM: botfumante - Received: @badge-info=;badges=bits-charity/1;color=#DAA520;display-name=lucaesan;emotes=;flags=;id=d4112ffc-8ce4-4d1e-a5d1-2550a3aaf2bf;mod=0;room-id=443063688;subscriber=0;tmi-sent-ts=1566605075300;turbo=0;user-id=167039036;user-type= :lucaesan!lucaesan@lucaesan.tmi.twitch.tv PRIVMSG #beringelamilgrau :gula?
8/23/2019 9:04:45 PM: botfumante - Received: :hostmeraffle!hostmeraffle@hostmeraffle.tmi.twitch.tv JOIN #beringelamilgrau
8/23/2019 9:04:45 PM: botfumante - Received: :s1faka!s1faka@s1faka.tmi.twitch.tv JOIN #beringelamilgrau
8/23/2019 9:04:45 PM: botfumante - Received: :malebouja4!malebouja4@malebouja4.tmi.twitch.tv PART #beringelamilgrau
8/23/2019 9:05:06 PM: botfumante - Received: @badge-info=;badges=moderator/1;color=#008000;display-name=TONYXZERO;emotes=;flags=;id=7a2ef2cf-ae31-4e3d-8621-18c3b5ec6898;mod=1;room-id=443063688;subscriber=0;tmi-sent-ts=1566605104896;turbo=0;user-id=38731171;user-type=mod :tonyxzero!tonyxzero@tonyxzero.tmi.twitch.tv PRIVMSG #beringelamilgrau :Esse ? o espirito da gula peepoSmart
8/23/2019 9:05:12 PM: botfumante - Received: PING :tmi.twitch.tv
8/23/2019 9:05:12 PM: botfumante - Writing: PONG
8/23/2019 9:05:22 PM: botfumante - Received: @badge-info=;badges=bits-charity/1;color=#DAA520;display-name=lucaesan;emotes=;flags=;id=7dbfe7d1-405e-4f48-9e62-634437c266c5;mod=0;room-id=443063688;subscriber=0;tmi-sent-ts=1566605121538;turbo=0;user-id=167039036;user-type= :lucaesan!lucaesan@lucaesan.tmi.twitch.tv PRIVMSG #beringelamilgrau :o do FMAB ? mais simpatico
8/23/2019 9:05:24 PM: botfumante - Received: @badge-info=;badges=moderator/1;color=#008000;display-name=TONYXZERO;emotes=;flags=;id=ab723ee6-5d1a-49eb-95e0-4079a834f9d0;mod=1;room-id=443063688;subscriber=0;tmi-sent-ts=1566605123579;turbo=0;user-id=38731171;user-type=mod :tonyxzero!tonyxzero@tonyxzero.tmi.twitch.tv PRIVMSG #beringelamilgrau :To cometendo esse pecado agora peepoFatPlant
8/23/2019 9:05:47 PM: botfumante - Received: :pedros_henrik!pedros_henrik@pedros_henrik.tmi.twitch.tv JOIN #beringelamilgrau
8/23/2019 9:05:50 PM: botfumante - Received: @badge-info=;badges=bits-charity/1;color=#DAA520;display-name=lucaesan;emotes=;flags=;id=73d78865-ac6b-404e-9375-2f67484aeb0c;mod=0;room-id=443063688;subscriber=0;tmi-sent-ts=1566605149455;turbo=0;user-id=167039036;user-type= :lucaesan!lucaesan@lucaesan.tmi.twitch.tv PRIVMSG #beringelamilgrau :ele peidou?
8/23/2019 9:06:31 PM: botfumante - Received: @badge-info=;badges=bits-charity/1;color=#DAA520;display-name=lucaesan;emotes=;flags=;id=2a7192dc-9ef3-4aa3-9bcc-df5136c8d1e6;mod=0;room-id=443063688;subscriber=0;tmi-sent-ts=1566605190214;turbo=0;user-id=167039036;user-type= :lucaesan!lucaesan@lucaesan.tmi.twitch.tv PRIVMSG #beringelamilgrau :esse n? aquele jogo de celular?
8/23/2019 9:07:14 PM: botfumante - Received: @badge-info=;badges=bits-charity/1;color=#DAA520;display-name=lucaesan;emotes=;flags=;id=f4276758-d95a-4b1a-aff3-9025b88d5818;mod=0;room-id=443063688;subscriber=0;tmi-sent-ts=1566605232910;turbo=0;user-id=167039036;user-type= :lucaesan!lucaesan@lucaesan.tmi.twitch.tv PRIVMSG #beringelamilgrau :monument que tem umas perspectivas assim
8/23/2019 9:07:41 PM: botfumante - Received: @badge-info=subscriber/2;badges=vip/1,subscriber/0,bits-charity/1;color=#5F9EA0;display-name=Jean__;emotes=;flags=;id=c5e756f8-9fad-479b-a152-df7639b3c6e4;mod=0;room-id=443063688;subscriber=1;tmi-sent-ts=1566605259850;turbo=0;user-id=38479494;user-type= :jean__!jean__@jean__.tmi.twitch.tv PRIVMSG #beringelamilgrau :monkaHmm
8/23/2019 9:07:56 PM: botfumante - Received: :pedros_henrik!pedros_henrik@pedros_henrik.tmi.twitch.tv PART #beringelamilgrau
8/23/2019 9:08:43 PM: botfumante - Received: @badge-info=;badges=moderator/1;color=#008000;display-name=TONYXZERO;emotes=328892:24-34;flags=;id=6cb101d7-eb79-4bb3-8c81-0ef28ba0e2f8;mod=1;room-id=443063688;subscriber=0;tmi-sent-ts=1566605322069;turbo=0;user-id=38731171;user-type=mod :tonyxzero!tonyxzero@tonyxzero.tmi.twitch.tv PRIVMSG #beringelamilgrau :Esse jogo ? spin-off da enigmaBible peepoSip
8/23/2019 9:08:46 PM: botfumante - Received: @badge-info=;badges=moderator/1;color=#008000;display-name=TONYXZERO;emotes=;flags=;id=e015d7ee-139d-4823-9f58-38c35e9cfc4b;mod=1;room-id=443063688;subscriber=0;tmi-sent-ts=1566605325578;turbo=0;user-id=38731171;user-type=mod :tonyxzero!tonyxzero@tonyxzero.tmi.twitch.tv PRIVMSG #beringelamilgrau :?
8/23/2019 9:08:53 PM: botfumante - Received: @badge-info=;badges=bits-charity/1;color=#DAA520;display-name=lucaesan;emotes=;flags=;id=2b0d1d26-c5a5-4de6-a603-bccfb282687a;mod=0;room-id=443063688;subscriber=0;tmi-sent-ts=1566605331984;turbo=0;user-id=167039036;user-type= :lucaesan!lucaesan@lucaesan.tmi.twitch.tv PRIVMSG #beringelamilgrau :? sim tony
8/23/2019 9:09:01 PM: botfumante - Received: @badge-info=;badges=moderator/1;color=#008000;display-name=TONYXZERO;emotes=;flags=;id=22c2c5f1-dc14-4e8a-8648-15ab1ebb0aad;mod=1;room-id=443063688;subscriber=0;tmi-sent-ts=1566605340401;turbo=0;user-id=38731171;user-type=mod :tonyxzero!tonyxzero@tonyxzero.tmi.twitch.tv PRIVMSG #beringelamilgrau :FeelsOkayMan
8/23/2019 9:09:37 PM: botfumante - Received: @badge-info=subscriber/2;badges=vip/1,subscriber/0,bits-charity/1;color=#5F9EA0;display-name=Jean__;emotes=;flags=;id=3f164690-e89a-4ef9-831f-99842d4bede4;mod=0;room-id=443063688;subscriber=1;tmi-sent-ts=1566605376754;turbo=0;user-id=38479494;user-type= :jean__!jean__@jean__.tmi.twitch.tv PRIVMSG #beringelamilgrau :ConcernFroge
8/23/2019 9:09:40 PM: botfumante - Received: PING :tmi.twitch.tv
8/23/2019 9:09:40 PM: botfumante - Writing: PONG
8/23/2019 9:09:42 PM: botfumante - Received: @badge-info=;badges=moderator/1;color=#008000;display-name=TONYXZERO;emotes=;flags=;id=7af4f59f-c919-4a02-befe-ae997486e914;mod=1;room-id=443063688;subscriber=0;tmi-sent-ts=1566605381254;turbo=0;user-id=38731171;user-type=mod :tonyxzero!tonyxzero@tonyxzero.tmi.twitch.tv PRIVMSG #beringelamilgrau :ConcernFroge
8/23/2019 9:09:43 PM: botfumante - Received: @badge-info=subscriber/2;badges=vip/1,subscriber/0,bits-charity/1;color=#5F9EA0;display-name=Jean__;emotes=;flags=;id=ab6cd596-285f-491c-a204-692ced0462bc;mod=0;room-id=443063688;subscriber=1;tmi-sent-ts=1566605381817;turbo=0;user-id=38479494;user-type= :jean__!jean__@jean__.tmi.twitch.tv PRIVMSG #beringelamilgrau :precisamos da ellens no beringela
8/23/2019 9:09:53 PM: botfumante - Received: @badge-info=subscriber/2;badges=vip/1,subscriber/0,bits-charity/1;color=#5F9EA0;display-name=Jean__;emotes=;flags=;id=47dd738f-4b8b-43c5-8ed2-22d49fb1fa62;mod=0;room-id=443063688;subscriber=1;tmi-sent-ts=1566605392468;turbo=0;user-id=38479494;user-type= :jean__!jean__@jean__.tmi.twitch.tv PRIVMSG #beringelamilgrau :tem bons pepes no calibre FeelsMan
8/23/2019 9:10:06 PM: botfumante - Received: @badge-info=;badges=moderator/1,partner/1;color=#2E8B57;display-name=CalibreLordal;emotes=;flags=;id=abd7ce52-af5b-430f-b320-bed372aa9644;mod=1;room-id=443063688;subscriber=0;tmi-sent-ts=1566605405283;turbo=0;user-id=94381006;user-type=mod :calibrelordal!calibrelordal@calibrelordal.tmi.twitch.tv PRIVMSG #beringelamilgrau :sao mtos pepes peepoPants
8/23/2019 9:10:09 PM: botfumante - Received: @badge-info=;badges=moderator/1;color=#008000;display-name=TONYXZERO;emotes=300715503:30-38;flags=;id=226a7f75-b11e-44a7-a0bf-a74f15212e22;mod=1;room-id=443063688;subscriber=0;tmi-sent-ts=1566605408538;turbo=0;user-id=38731171;user-type=mod :tonyxzero!tonyxzero@tonyxzero.tmi.twitch.tv PRIVMSG #beringelamilgrau :Rouba eles sem ninguem ver... larxaLurk
8/23/2019 9:10:24 PM: botfumante - Received: @badge-info=subscriber/2;badges=vip/1,subscriber/0,bits-charity/1;color=#5F9EA0;display-name=Jean__;emotes=;flags=;id=63732864-c79e-4cda-aad2-ade95ab4e1d3;mod=0;room-id=443063688;subscriber=1;tmi-sent-ts=1566605423340;turbo=0;user-id=38479494;user-type= :jean__!jean__@jean__.tmi.twitch.tv PRIVMSG #beringelamilgrau :nao posso roubar FeelsMan
8/23/2019 9:10:38 PM: botfumante - Received: @badge-info=;badges=moderator/1;color=#008000;display-name=TONYXZERO;emotes=;flags=;id=e08a515e-0def-4741-8020-32a7444a3a71;mod=1;room-id=443063688;subscriber=0;tmi-sent-ts=1566605436979;turbo=0;user-id=38731171;user-type=mod :tonyxzero!tonyxzero@tonyxzero.tmi.twitch.tv PRIVMSG #beringelamilgrau :FeelsOkayMan
8/23/2019 9:10:38 PM: botfumante - Received: @badge-info=subscriber/2;badges=vip/1,subscriber/0,bits-charity/1;color=#5F9EA0;display-name=Jean__;emotes=;flags=3-15:;id=fbb97e6e-18ff-4a83-b58a-2977eaa9669f;mod=0;room-id=443063688;subscriber=1;tmi-sent-ts=1566605437704;turbo=0;user-id=38479494;user-type= :jean__!jean__@jean__.tmi.twitch.tv PRIVMSG #beringelamilgrau :me passa a senha do beringela ae Pepega
8/23/2019 9:10:50 PM: botfumante - Received: @badge-info=;badges=moderator/1;color=#008000;display-name=TONYXZERO;emotes=;flags=;id=e6461ef9-1bda-4eaa-8db2-cc5b49517b8b;mod=1;room-id=443063688;subscriber=0;tmi-sent-ts=1566605449323;turbo=0;user-id=38731171;user-type=mod :tonyxzero!tonyxzero@tonyxzero.tmi.twitch.tv PRIVMSG #beringelamilgrau :Rouba eles e depois vende peepoSmart
8/23/2019 9:10:52 PM: botfumante - Received: @badge-info=;badges=moderator/1,partner/1;color=#2E8B57;display-name=CalibreLordal;emotes=;flags=;id=269fd9be-d92d-48d9-9d85-7ebf825385c6;mod=1;room-id=443063688;subscriber=0;tmi-sent-ts=1566605451495;turbo=0;user-id=94381006;user-type=mod :calibrelordal!calibrelordal@calibrelordal.tmi.twitch.tv PRIVMSG #beringelamilgrau :peepoLewd
8/23/2019 9:10:58 PM: botfumante - Received: @badge-info=;badges=moderator/1;color=#008000;display-name=TONYXZERO;emotes=;flags=;id=f3ca9b5f-9996-45c7-bd03-115c38071f30;mod=1;room-id=443063688;subscriber=0;tmi-sent-ts=1566605457596;turbo=0;user-id=38731171;user-type=mod :tonyxzero!tonyxzero@tonyxzero.tmi.twitch.tv PRIVMSG #beringelamilgrau :peepoLewd
8/23/2019 9:11:06 PM: botfumante - Received: @badge-info=;badges=moderator/1,partner/1;color=#2E8B57;display-name=CalibreLordal;emotes=;flags=;id=2417e7e4-e52f-4ee5-bd1b-1605a5126f88;mod=1;room-id=443063688;subscriber=0;tmi-sent-ts=1566605465140;turbo=0;user-id=94381006;user-type=mod :calibrelordal!calibrelordal@calibrelordal.tmi.twitch.tv PRIVMSG #beringelamilgrau :eles podem te colocar como mod do ffz PepePls
8/23/2019 9:11:12 PM: botfumante - Received: @badge-info=;badges=moderator/1;color=#008000;display-name=TONYXZERO;emotes=;flags=;id=3eb20639-ea73-48ac-ac09-6cf60c85871f;mod=1;room-id=443063688;subscriber=0;tmi-sent-ts=1566605471685;turbo=0;user-id=38731171;user-type=mod :tonyxzero!tonyxzero@tonyxzero.tmi.twitch.tv PRIVMSG #beringelamilgrau :OhISee
8/23/2019 9:11:16 PM: botfumante - Received: @badge-info=;badges=moderator/1;color=#008000;display-name=TONYXZERO;emotes=;flags=;id=0561cd70-531b-4c01-b0d5-5aa409848e92;mod=1;room-id=443063688;subscriber=0;tmi-sent-ts=1566605474873;turbo=0;user-id=38731171;user-type=mod :tonyxzero!tonyxzero@tonyxzero.tmi.twitch.tv PRIVMSG #beringelamilgrau :Brb peepoPants
8/23/2019 9:11:16 PM: botfumante - Received: @badge-info=subscriber/2;badges=vip/1,subscriber/0,bits-charity/1;color=#5F9EA0;display-name=Jean__;emotes=;flags=;id=af26b3dd-df34-4731-a8b1-723a9b36354b;mod=0;room-id=443063688;subscriber=1;tmi-sent-ts=1566605475111;turbo=0;user-id=38479494;user-type= :jean__!jean__@jean__.tmi.twitch.tv PRIVMSG #beringelamilgrau :ConcernFroge
8/23/2019 9:11:21 PM: botfumante - Received: @badge-info=subscriber/2;badges=vip/1,subscriber/0,bits-charity/1;color=#5F9EA0;display-name=Jean__;emotes=;flags=;id=3ab047bb-0c6c-4e36-80c1-31174642136a;mod=0;room-id=443063688;subscriber=1;tmi-sent-ts=1566605480554;turbo=0;user-id=38479494;user-type= :jean__!jean__@jean__.tmi.twitch.tv PRIVMSG #beringelamilgrau :nao quero mod nao
8/23/2019 9:11:24 PM: botfumante - Received: @badge-info=;badges=bits-leader/3;color=#0000FF;display-name=Alexisyuki;emotes=;flags=;id=77a8b246-fe35-4ddb-94d4-9e1b10e12fa1;mod=0;room-id=443063688;subscriber=0;tmi-sent-ts=1566605483435;turbo=0;user-id=66833296;user-type= :alexisyuki!alexisyuki@alexisyuki.tmi.twitch.tv PRIVMSG #beringelamilgrau :peepoSleepo
8/23/2019 9:11:30 PM: botfumante - Received: @badge-info=;badges=moderator/1,partner/1;color=#2E8B57;display-name=CalibreLordal;emotes=;flags=;id=3ffd1134-52e6-4c3d-b33f-f0b272c2e24c;mod=1;room-id=443063688;subscriber=0;tmi-sent-ts=1566605489575;turbo=0;user-id=94381006;user-type=mod :calibrelordal!calibrelordal@calibrelordal.tmi.twitch.tv PRIVMSG #beringelamilgrau :? s? o nome peepoSip
8/23/2019 9:11:34 PM: botfumante - Received: @badge-info=subscriber/2;badges=vip/1,subscriber/0,bits-charity/1;color=#5F9EA0;display-name=Jean__;emotes=;flags=;id=58f7a5b6-bb1f-4972-90f1-8b65bd0d02d1;mod=0;room-id=443063688;subscriber=1;tmi-sent-ts=1566605493485;turbo=0;user-id=38479494;user-type= :jean__!jean__@jean__.tmi.twitch.tv PRIVMSG #beringelamilgrau :ja sou no totoro e preciso lidar com malucos FeelsMan
8/23/2019 9:11:43 PM: botfumante - Received: @badge-info=;badges=moderator/1,partner/1;color=#2E8B57;display-name=CalibreLordal;emotes=;flags=;id=2c16f754-00fb-49af-bf15-2ee9c46c2881;mod=1;room-id=443063688;subscriber=0;tmi-sent-ts=1566605501811;turbo=0;user-id=94381006;user-type=mod :calibrelordal!calibrelordal@calibrelordal.tmi.twitch.tv PRIVMSG #beringelamilgrau :? do ffz nao do twitch peepoSip
8/23/2019 9:11:50 PM: botfumante - Received: @badge-info=;badges=moderator/1,partner/1;color=#2E8B57;display-name=CalibreLordal;emotes=;flags=;id=ed181e93-3640-4172-ba38-5a4e07a5510a;mod=1;room-id=443063688;subscriber=0;tmi-sent-ts=1566605508769;turbo=0;user-id=94381006;user-type=mod :calibrelordal!calibrelordal@calibrelordal.tmi.twitch.tv PRIVMSG #beringelamilgrau :s? serve pra vc poder mexer nos pepe dele PepePls
8/23/2019 9:11:55 PM: botfumante - Received: @badge-info=;badges=moderator/1,partner/1;color=#2E8B57;display-name=CalibreLordal;emotes=;flags=;id=b9a78551-0107-4ac1-a626-ea71a880b925;mod=1;room-id=443063688;subscriber=0;tmi-sent-ts=1566605514692;turbo=0;user-id=94381006;user-type=mod :calibrelordal!calibrelordal@calibrelordal.tmi.twitch.tv PRIVMSG #beringelamilgrau :deles*
8/23/2019 9:12:14 PM: botfumante - Received: @badge-info=subscriber/2;badges=vip/1,subscriber/0,bits-charity/1;color=#5F9EA0;display-name=Jean__;emotes=;flags=;id=17a09bac-9a54-42ee-b36b-0cb24d8565ff;mod=0;room-id=443063688;subscriber=1;tmi-sent-ts=1566605532954;turbo=0;user-id=38479494;user-type= :jean__!jean__@jean__.tmi.twitch.tv PRIVMSG #beringelamilgrau :FeelsMan
8/23/2019 9:12:27 PM: botfumante - Received: @badge-info=subscriber/2;badges=vip/1,subscriber/0,bits-charity/1;color=#5F9EA0;display-name=Jean__;emotes=;flags=;id=ef998715-b5e2-4bea-a89e-62b040353cab;mod=0;room-id=443063688;subscriber=1;tmi-sent-ts=1566605546705;turbo=0;user-id=38479494;user-type= :jean__!jean__@jean__.tmi.twitch.tv PRIVMSG #beringelamilgrau :a parte do preciso lidar com malucos continua FeelsOkayMan
8/23/2019 9:12:39 PM: botfumante - Received: @badge-info=;badges=moderator/1,partner/1;color=#2E8B57;display-name=CalibreLordal;emotes=;flags=;id=453a5c7e-daab-4cc2-a67b-a812f5516b4a;mod=1;room-id=443063688;subscriber=0;tmi-sent-ts=1566605558547;turbo=0;user-id=94381006;user-type=mod :calibrelordal!calibrelordal@calibrelordal.tmi.twitch.tv PRIVMSG #beringelamilgrau :? vdd peepoSip
8/23/2019 9:13:07 PM: botfumante - Received: @badge-info=;badges=moderator/1;color=#008000;display-name=TONYXZERO;emotes=;flags=;id=aa89fa53-dfd1-4e1d-9755-d9349bb89ce7;mod=1;room-id=443063688;subscriber=0;tmi-sent-ts=1566605586707;turbo=0;user-id=38731171;user-type=mod :tonyxzero!tonyxzero@tonyxzero.tmi.twitch.tv PRIVMSG #beringelamilgrau :FeelsOkayMan
8/23/2019 9:13:33 PM: botfumante - Received: @badge-info=;badges=moderator/1;color=#008000;display-name=TONYXZERO;emotes=;flags=;id=fbc741c6-b35b-481d-aa8f-3d3f44260df5;mod=1;room-id=443063688;subscriber=0;tmi-sent-ts=1566605612194;turbo=0;user-id=38731171;user-type=mod :tonyxzero!tonyxzero@tonyxzero.tmi.twitch.tv PRIVMSG #beringelamilgrau :FeelsBirthdayMan
8/23/2019 9:13:43 PM: botfumante - Received: @badge-info=subscriber/2;badges=vip/1,subscriber/0,bits-charity/1;color=#5F9EA0;display-name=Jean__;emotes=;flags=;id=ab7bad99-4e0e-4333-a48a-af648010bf2d;mod=0;room-id=443063688;subscriber=1;tmi-sent-ts=1566605622408;turbo=0;user-id=38479494;user-type= :jean__!jean__@jean__.tmi.twitch.tv PRIVMSG #beringelamilgrau :lugar de gente maluca ? na modera??o do totoro Pepega
8/23/2019 9:13:53 PM: botfumante - Received: @badge-info=;badges=moderator/1;color=#008000;display-name=TONYXZERO;emotes=;flags=;id=a55be513-72e2-4c27-946e-385f33fd3119;mod=1;room-id=443063688;subscriber=0;tmi-sent-ts=1566605631888;turbo=0;user-id=38731171;user-type=mod :tonyxzero!tonyxzero@tonyxzero.tmi.twitch.tv PRIVMSG #beringelamilgrau :FeelsMan
8/23/2019 9:13:53 PM: botfumante - Received: PING :tmi.twitch.tv
8/23/2019 9:13:53 PM: botfumante - Writing: PONG
8/23/2019 9:14:03 PM: botfumante - Received: @badge-info=;badges=moderator/1,partner/1;color=#2E8B57;display-name=CalibreLordal;emotes=;flags=;id=7a6a461b-3a70-4e45-b9f9-a4dab903991e;mod=1;room-id=443063688;subscriber=0;tmi-sent-ts=1566605642097;turbo=0;user-id=94381006;user-type=mod :calibrelordal!calibrelordal@calibrelordal.tmi.twitch.tv PRIVMSG #beringelamilgrau :? vdd peepoSip
8/23/2019 9:14:05 PM: botfumante - Received: :hostmeraffle!hostmeraffle@hostmeraffle.tmi.twitch.tv PART #beringelamilgrau
8/23/2019 9:14:05 PM: botfumante - Received: :s1faka!s1faka@s1faka.tmi.twitch.tv PART #beringelamilgrau
8/23/2019 9:14:23 PM: botfumante - Received: @badge-info=;badges=moderator/1;color=#008000;display-name=TONYXZERO;emotes=;flags=;id=44dfe7e7-9336-4a6e-9261-0040131f64e6;mod=1;room-id=443063688;subscriber=0;tmi-sent-ts=1566605662400;turbo=0;user-id=38731171;user-type=mod :tonyxzero!tonyxzero@tonyxzero.tmi.twitch.tv PRIVMSG #beringelamilgrau :Maluco tem como view, VIP, mod e at? o pr?prio Toto peepoSmart
8/23/2019 9:14:35 PM: botfumante - Received: @badge-info=subscriber/2;badges=vip/1,subscriber/0,bits-charity/1;color=#5F9EA0;display-name=Jean__;emotes=;flags=;id=14e38ce4-e484-4564-9fc5-9ab852256c2a;mod=0;room-id=443063688;subscriber=1;tmi-sent-ts=1566605674551;turbo=0;user-id=38479494;user-type= :jean__!jean__@jean__.tmi.twitch.tv PRIVMSG #beringelamilgrau :monkaHmm
8/23/2019 9:15:40 PM: botfumante - Received: @badge-info=;badges=moderator/1;color=#008000;display-name=TONYXZERO;emotes=;flags=;id=202ce366-9b55-4db2-82a2-4936d280ab55;mod=1;room-id=443063688;subscriber=0;tmi-sent-ts=1566605739343;turbo=0;user-id=38731171;user-type=mod :tonyxzero!tonyxzero@tonyxzero.tmi.twitch.tv PRIVMSG #beringelamilgrau :peepoEggplant
8/23/2019 9:15:40 PM: botfumante - Received: @badge-info=;badges=moderator/1,partner/1;color=#2E8B57;display-name=CalibreLordal;emotes=;flags=;id=d0b86b50-a6fb-4ade-81c2-5db8d426c447;mod=1;room-id=443063688;subscriber=0;tmi-sent-ts=1566605739671;turbo=0;user-id=94381006;user-type=mod :calibrelordal!calibrelordal@calibrelordal.tmi.twitch.tv PRIVMSG #beringelamilgrau :PepePls
8/23/2019 9:15:44 PM: botfumante - Received: @badge-info=;badges=bits-charity/1;color=#DAA520;display-name=lucaesan;emotes=;flags=;id=da77fde6-2be5-4b12-9a4a-172c50b06627;mod=0;room-id=443063688;subscriber=0;tmi-sent-ts=1566605742879;turbo=0;user-id=167039036;user-type= :lucaesan!lucaesan@lucaesan.tmi.twitch.tv PRIVMSG #beringelamilgrau :PepePls
8/23/2019 9:15:48 PM: botfumante - Received: @badge-info=;badges=moderator/1;color=#008000;display-name=TONYXZERO;emotes=;flags=;id=3de589bc-2ac9-48b2-aa83-033c9001e5e5;mod=1;room-id=443063688;subscriber=0;tmi-sent-ts=1566605747180;turbo=0;user-id=38731171;user-type=mod :tonyxzero!tonyxzero@tonyxzero.tmi.twitch.tv PRIVMSG #beringelamilgrau :PepePls
8/23/2019 9:15:53 PM: botfumante - Received: @badge-info=;badges=bits-charity/1;color=#DAA520;display-name=lucaesan;emotes=;flags=;id=a5e88080-742f-4acb-bcd9-a29d33b9c9be;mod=0;room-id=443063688;subscriber=0;tmi-sent-ts=1566605751873;turbo=0;user-id=167039036;user-type= :lucaesan!lucaesan@lucaesan.tmi.twitch.tv PRIVMSG #beringelamilgrau :s? pra testar
8/23/2019 9:16:05 PM: botfumante - Received: :hostmeraffle!hostmeraffle@hostmeraffle.tmi.twitch.tv JOIN #beringelamilgrau
8/23/2019 9:16:05 PM: botfumante - Received: :joseantonio001!joseantonio001@joseantonio001.tmi.twitch.tv JOIN #beringelamilgrau
8/23/2019 9:16:05 PM: botfumante - Received: :s1faka!s1faka@s1faka.tmi.twitch.tv JOIN #beringelamilgrau
8/23/2019 9:16:28 PM: botfumante - Received: @badge-info=;badges=bits-charity/1;color=#DAA520;display-name=lucaesan;emotes=;flags=;id=1a748345-80f2-47a7-a66d-cddcb57ddde5;mod=0;room-id=443063688;subscriber=0;tmi-sent-ts=1566605786729;turbo=0;user-id=167039036;user-type= :lucaesan!lucaesan@lucaesan.tmi.twitch.tv PRIVMSG #beringelamilgrau :OMEGALUL
8/23/2019 9:16:31 PM: botfumante - Received: @badge-info=;badges=moderator/1;color=#008000;display-name=TONYXZERO;emotes=;flags=56-63:;id=fb6e5829-ed03-4132-9c2c-a1cfd867dc5d;mod=1;room-id=443063688;subscriber=0;tmi-sent-ts=1566605789823;turbo=0;user-id=38731171;user-type=mod :tonyxzero!tonyxzero@tonyxzero.tmi.twitch.tv PRIVMSG #beringelamilgrau :Ai mds, to vendo uns wallpaper lindos aqui pra botar no telegram TaBeRu
8/23/2019 9:17:40 PM: botfumante - Received: @badge-info=;badges=moderator/1;color=#FF9600;display-name=ddanniell;emotes=;flags=;id=a64f8f93-9536-4b89-b0f4-164ad81f21c8;mod=1;room-id=443063688;subscriber=0;tmi-sent-ts=1566605859752;turbo=0;user-id=36163282;user-type=mod :ddanniell!ddanniell@ddanniell.tmi.twitch.tv PRIVMSG #beringelamilgrau :!!
8/23/2019 9:17:42 PM: botfumante - Received: @badge-info=;badges=;color=;display-name=BotFumante;emote-sets=0;mod=0;subscriber=0;user-type= :tmi.twitch.tv USERSTATE #beringelamilgrau
8/23/2019 9:17:45 PM: botfumante - Received: @badge-info=;badges=moderator/1;color=#008000;display-name=TONYXZERO;emotes=;flags=;id=45f49b2d-1f59-4dab-84e7-43983ae783cc;mod=1;room-id=443063688;subscriber=0;tmi-sent-ts=1566605863955;turbo=0;user-id=38731171;user-type=mod :tonyxzero!tonyxzero@tonyxzero.tmi.twitch.tv PRIVMSG #beringelamilgrau :FeelsMan
8/23/2019 9:17:45 PM: botfumante - Received: @badge-info=;badges=;color=;display-name=joseantonio001;emotes=;flags=;id=74de42f5-3f75-42f0-9b34-9548169704f4;mod=0;room-id=443063688;subscriber=0;tmi-sent-ts=1566605864517;turbo=0;user-id=157525923;user-type= :joseantonio001!joseantonio001@joseantonio001.tmi.twitch.tv PRIVMSG #beringelamilgrau :ta MUTADO BIRA !!
8/23/2019 9:17:55 PM: botfumante - Received: @badge-info=;badges=;color=;display-name=joseantonio001;emotes=;flags=;id=2beede83-e0ff-4e2d-bb05-46dee2ce0e0c;mod=0;room-id=443063688;subscriber=0;tmi-sent-ts=1566605873868;turbo=0;user-id=157525923;user-type= :joseantonio001!joseantonio001@joseantonio001.tmi.twitch.tv PRIVMSG #beringelamilgrau :alo!!
8/23/2019 9:18:02 PM: botfumante - Received: @badge-info=;badges=moderator/1;color=#008000;display-name=TONYXZERO;emotes=;flags=;id=0b284aa8-7a2f-4673-a166-11547217efa1;mod=1;room-id=443063688;subscriber=0;tmi-sent-ts=1566605881617;turbo=0;user-id=38731171;user-type=mod :tonyxzero!tonyxzero@tonyxzero.tmi.twitch.tv PRIVMSG #beringelamilgrau :Ta n FeelsMan
8/23/2019 9:18:11 PM: botfumante - Received: @badge-info=subscriber/2;badges=vip/1,subscriber/0,bits-charity/1;color=#5F9EA0;display-name=Jean__;emotes=;flags=;id=bc56a150-8e7f-42b3-b973-9ed329e5f6b4;mod=0;room-id=443063688;subscriber=1;tmi-sent-ts=1566605890782;turbo=0;user-id=38479494;user-type= :jean__!jean__@jean__.tmi.twitch.tv PRIVMSG #beringelamilgrau :monkaHmm
8/23/2019 9:18:21 PM: botfumante - Received: @badge-info=;badges=;color=;display-name=joseantonio001;emotes=;flags=;id=9518ccc3-9662-43a4-a072-7cc7fc9a72a9;mod=0;room-id=443063688;subscriber=0;tmi-sent-ts=1566605899878;turbo=0;user-id=157525923;user-type= :joseantonio001!joseantonio001@joseantonio001.tmi.twitch.tv PRIVMSG #beringelamilgrau :tava silencioso D+
8/23/2019 9:18:21 PM: botfumante - Received: @badge-info=subscriber/2;badges=vip/1,subscriber/0,bits-charity/1;color=#5F9EA0;display-name=Jean__;emotes=;flags=;id=9b4ff17f-55f0-48ab-94ff-6f0cba7d904e;mod=0;room-id=443063688;subscriber=1;tmi-sent-ts=1566605900095;turbo=0;user-id=38479494;user-type= :jean__!jean__@jean__.tmi.twitch.tv PRIVMSG #beringelamilgrau :eu to com o bot aberto daniel FeelsMan
8/23/2019 9:18:35 PM: botfumante - Received: @badge-info=;badges=;color=;display-name=joseantonio001;emotes=;flags=;id=af80ab4d-3643-4e09-98a6-cddc6298f253;mod=0;room-id=443063688;subscriber=0;tmi-sent-ts=1566605913861;turbo=0;user-id=157525923;user-type= :joseantonio001!joseantonio001@joseantonio001.tmi.twitch.tv PRIVMSG #beringelamilgrau :!price sua mae
8/23/2019 9:18:37 PM: botfumante - Received: @badge-info=;badges=;color=;display-name=BotFumante;emote-sets=0;mod=0;subscriber=0;user-type= :tmi.twitch.tv USERSTATE #beringelamilgrau
8/23/2019 9:18:38 PM: botfumante - Received: @badge-info=subscriber/2;badges=vip/1,subscriber/0,bits-charity/1;color=#5F9EA0;display-name=Jean__;emotes=;flags=;id=58ae15d4-c1c7-470c-b614-e25f9ae80e7c;mod=0;room-id=443063688;subscriber=1;tmi-sent-ts=1566605917580;turbo=0;user-id=38479494;user-type= :jean__!jean__@jean__.tmi.twitch.tv PRIVMSG #beringelamilgrau :monkaHmm
8/23/2019 9:18:46 PM: botfumante - Received: @badge-info=;badges=moderator/1;color=#008000;display-name=TONYXZERO;emotes=;flags=;id=a0609f24-3b58-41c5-b46f-97f07a8145d1;mod=1;room-id=443063688;subscriber=0;tmi-sent-ts=1566605925009;turbo=0;user-id=38731171;user-type=mod :tonyxzero!tonyxzero@tonyxzero.tmi.twitch.tv PRIVMSG #beringelamilgrau :monkaHmm
8/23/2019 9:18:50 PM: botfumante - Received: PING :tmi.twitch.tv
8/23/2019 9:18:50 PM: botfumante - Writing: PONG
8/23/2019 9:19:19 PM: botfumante - Received: @badge-info=;badges=;color=;display-name=joseantonio001;emotes=;flags=;id=38367fa7-e314-4e0e-873f-7c85f53f0be2;mod=0;room-id=443063688;subscriber=0;tmi-sent-ts=1566605958329;turbo=0;user-id=157525923;user-type= :joseantonio001!joseantonio001@joseantonio001.tmi.twitch.tv PRIVMSG #beringelamilgrau :!price DOTA
8/23/2019 9:19:21 PM: botfumante - Received: @badge-info=;badges=;color=;display-name=BotFumante;emote-sets=0;mod=0;subscriber=0;user-type= :tmi.twitch.tv USERSTATE #beringelamilgrau
8/23/2019 9:19:41 PM: botfumante - Received: @badge-info=;badges=;color=;display-name=joseantonio001;emotes=34:47-55;flags=0-4:P.6/S.0;id=42fb2a0c-1537-49a3-aad9-816bfe9b6d78;mod=0;room-id=443063688;subscriber=0;tmi-sent-ts=1566605980317;turbo=0;user-id=157525923;user-type= :joseantonio001!joseantonio001@joseantonio001.tmi.twitch.tv PRIVMSG #beringelamilgrau :porra cade o BOT chamando as pessoas de ANIMAL SwiftRage
8/23/2019 9:19:49 PM: botfumante - Received: @badge-info=;badges=;color=;display-name=joseantonio001;emotes=;flags=;id=5d3975da-9d12-4e06-9fb5-fa8b06730f25;mod=0;room-id=443063688;subscriber=0;tmi-sent-ts=1566605987957;turbo=0;user-id=157525923;user-type= :joseantonio001!joseantonio001@joseantonio001.tmi.twitch.tv PRIVMSG #beringelamilgrau :DESTRUIRAM o BOT
8/23/2019 9:19:49 PM: botfumante - Received: @badge-info=;badges=bits-charity/1;color=#DAA520;display-name=lucaesan;emotes=;flags=;id=ab5ea6d9-f956-484a-966b-5e4482ef5525;mod=0;room-id=443063688;subscriber=0;tmi-sent-ts=1566605988265;turbo=0;user-id=167039036;user-type= :lucaesan!lucaesan@lucaesan.tmi.twitch.tv PRIVMSG #beringelamilgrau :que jogo loco do bot
8/23/2019 9:20:09 PM: botfumante - Received: :djmontreal!djmontreal@djmontreal.tmi.twitch.tv JOIN #beringelamilgrau
8/23/2019 9:21:12 PM: botfumante - Received: @badge-info=;badges=bits-leader/3;color=#0000FF;display-name=Alexisyuki;emotes=;flags=;id=c5406bbd-2d25-4642-abc7-1284666c26d3;mod=0;room-id=443063688;subscriber=0;tmi-sent-ts=1566606071217;turbo=0;user-id=66833296;user-type= :alexisyuki!alexisyuki@alexisyuki.tmi.twitch.tv PRIVMSG #beringelamilgrau :essa parte parece que vc ta na barriga de um bixo
8/23/2019 9:21:37 PM: botfumante - Received: @badge-info=;badges=moderator/1;color=#008000;display-name=TONYXZERO;emotes=;flags=;id=4beb7d4e-0ed4-49ec-bf78-db1885fa67ae;mod=1;room-id=443063688;subscriber=0;tmi-sent-ts=1566606095901;turbo=0;user-id=38731171;user-type=mod :tonyxzero!tonyxzero@tonyxzero.tmi.twitch.tv PRIVMSG #beringelamilgrau :FeelsOkayMan
8/23/2019 9:21:38 PM: botfumante - Received: @badge-info=;badges=;color=;display-name=joseantonio001;emotes=;flags=0-1:P.5/S.5;id=fb49c0f9-e3d6-4715-aba9-8987e76c1d4a;mod=0;room-id=443063688;subscriber=0;tmi-sent-ts=1566606096770;turbo=0;user-id=157525923;user-type= :joseantonio001!joseantonio001@joseantonio001.tmi.twitch.tv PRIVMSG #beringelamilgrau :CU FLAMEJANTE POGGERS
8/23/2019 9:21:43 PM: botfumante - Received: @badge-info=;badges=bits-charity/1;color=#DAA520;display-name=lucaesan;emotes=;flags=;id=91c8192b-ddda-4465-8bdb-c44c30c6e6c0;mod=0;room-id=443063688;subscriber=0;tmi-sent-ts=1566606102114;turbo=0;user-id=167039036;user-type= :lucaesan!lucaesan@lucaesan.tmi.twitch.tv PRIVMSG #beringelamilgrau :emorroida
8/23/2019 9:21:52 PM: botfumante - Received: @badge-info=;badges=moderator/1;color=#008000;display-name=TONYXZERO;emotes=;flags=;id=6954c459-a452-4758-a56b-4cb1edab22e3;mod=1;room-id=443063688;subscriber=0;tmi-sent-ts=1566606111267;turbo=0;user-id=38731171;user-type=mod :tonyxzero!tonyxzero@tonyxzero.tmi.twitch.tv PRIVMSG #beringelamilgrau :FeelsMan
8/23/2019 9:22:06 PM: botfumante - Received: @badge-info=;badges=moderator/1;color=#008000;display-name=TONYXZERO;emotes=;flags=;id=db0cf064-1bea-40da-8994-00486da199ff;mod=1;room-id=443063688;subscriber=0;tmi-sent-ts=1566606125497;turbo=0;user-id=38731171;user-type=mod :tonyxzero!tonyxzero@tonyxzero.tmi.twitch.tv PRIVMSG #beringelamilgrau :!maluco Sua m?e
8/23/2019 9:22:07 PM: botfumante - Received: @badge-info=;badges=moderator/1,partner/1;color=#7C7CE1;display-name=Nightbot;emotes=;flags=23-33:P.5;id=a4eb2f5c-d2dd-4c88-9b96-d6bb4e13b4a9;mod=1;room-id=443063688;subscriber=0;tmi-sent-ts=1566606126078;turbo=0;user-id=19264788;user-type=mod :nightbot!nightbot@nightbot.tmi.twitch.tv PRIVMSG #beringelamilgrau :Sua m?e , tu ta maluco pra caralho merm?o! Pepega
8/23/2019 9:22:23 PM: botfumante - Received: @badge-info=;badges=bits-charity/1;color=#DAA520;display-name=lucaesan;emotes=;flags=2-8:P.6/S.6;id=ec56d848-d248-46f0-9b9c-22ce9947fc7e;mod=0;room-id=443063688;subscriber=0;tmi-sent-ts=1566606142133;turbo=0;user-id=167039036;user-type= :lucaesan!lucaesan@lucaesan.tmi.twitch.tv PRIVMSG #beringelamilgrau :? a rolha pra colocar
8/23/2019 9:22:53 PM: botfumante - Received: PING :tmi.twitch.tv
8/23/2019 9:22:53 PM: botfumante - Writing: PONG
8/23/2019 9:23:15 PM: botfumante - Received: @badge-info=;badges=bits-charity/1;color=#DAA520;display-name=lucaesan;emotes=;flags=;id=c4120059-30b5-426f-ac38-143ecd5a2155;mod=0;room-id=443063688;subscriber=0;tmi-sent-ts=1566606193829;turbo=0;user-id=167039036;user-type= :lucaesan!lucaesan@lucaesan.tmi.twitch.tv PRIVMSG #beringelamilgrau :essa musica lembra dark souls
8/23/2019 9:23:24 PM: botfumante - Received: @badge-info=;badges=bits-charity/1;color=#DAA520;display-name=lucaesan;emotes=;flags=;id=3e3f5339-acd5-487b-a129-9be74dbf55e6;mod=0;room-id=443063688;subscriber=0;tmi-sent-ts=1566606203157;turbo=0;user-id=167039036;user-type= :lucaesan!lucaesan@lucaesan.tmi.twitch.tv PRIVMSG #beringelamilgrau :na vdd bloodbourne
