8/3/2019 9:16:57 PM: botfumante - Connecting to: wss://irc-ws.chat.twitch.tv:443
8/3/2019 9:16:58 PM: botfumante - Should be connected!
8/3/2019 9:16:58 PM: botfumante - Joining channel: jean__
8/3/2019 9:16:58 PM: botfumante - Received: :tmi.twitch.tv 001 bot_stay_high :Welcome, GLHF!
8/3/2019 9:16:58 PM: botfumante - Received: :tmi.twitch.tv 002 bot_stay_high :Your host is tmi.twitch.tv
8/3/2019 9:16:58 PM: botfumante - Received: :tmi.twitch.tv 003 bot_stay_high :This server is rather new
8/3/2019 9:16:58 PM: botfumante - Received: :tmi.twitch.tv 004 bot_stay_high :-
8/3/2019 9:16:58 PM: botfumante - Received: :tmi.twitch.tv 375 bot_stay_high :-
8/3/2019 9:16:58 PM: botfumante - Received: :tmi.twitch.tv 372 bot_stay_high :You are in a maze of twisty passages, all alike.
8/3/2019 9:16:58 PM: botfumante - Received: :tmi.twitch.tv 376 bot_stay_high :>
8/3/2019 9:16:58 PM: botfumante - Received: PING :tmi.twitch.tv
8/3/2019 9:16:58 PM: botfumante - Writing: PONG
8/3/2019 9:16:58 PM: botfumante - Received: :tmi.twitch.tv CAP * ACK :twitch.tv/membership
8/3/2019 9:16:58 PM: botfumante - Unaccounted for: :tmi.twitch.tv CAP * ACK :twitch.tv/membership
8/3/2019 9:16:58 PM: botfumante - Received: :tmi.twitch.tv CAP * ACK :twitch.tv/commands
8/3/2019 9:16:58 PM: botfumante - Unaccounted for: :tmi.twitch.tv CAP * ACK :twitch.tv/commands
8/3/2019 9:16:58 PM: botfumante - Received: :tmi.twitch.tv CAP * ACK :twitch.tv/tags
8/3/2019 9:16:59 PM: botfumante - Unaccounted for: :tmi.twitch.tv CAP * ACK :twitch.tv/tags
8/3/2019 9:16:59 PM: botfumante - Received: :bot_stay_high!bot_stay_high@bot_stay_high.tmi.twitch.tv JOIN #jean__
8/3/2019 9:16:59 PM: botfumante - Received: :bot_stay_high.tmi.twitch.tv 353 bot_stay_high = #jean__ :bot_stay_high
8/3/2019 9:16:59 PM: botfumante - Received: :bot_stay_high.tmi.twitch.tv 366 bot_stay_high #jean__ :End of /NAMES list
8/3/2019 9:16:59 PM: botfumante - Finished channel joining queue.
8/3/2019 9:16:59 PM: botfumante - Received: @badge-info=;badges=;color=;display-name=bot_stay_high;emote-sets=0;mod=0;subscriber=0;user-type= :tmi.twitch.tv USERSTATE #jean__
8/3/2019 9:16:59 PM: botfumante - Received: @emote-only=0;followers-only=-1;r9k=0;rituals=0;room-id=38479494;slow=0;subs-only=0 :tmi.twitch.tv ROOMSTATE #jean__
8/3/2019 9:16:59 PM: botfumante - Finished channel joining queue.
8/3/2019 9:17:00 PM: botfumante - Received: @badge-info=;badges=broadcaster/1,bits-charity/1;color=#5F9EA0;display-name=Jean__;emotes=;flags=;id=440da83a-1e2a-4c55-8585-84acef6ba835;mod=0;room-id=38479494;subscriber=0;tmi-sent-ts=1564877819488;turbo=0;user-id=38479494;user-type= :jean__!jean__@jean__.tmi.twitch.tv PRIVMSG #jean__ :!scream
