8/23/2019 12:18:07 AM: bot_stay_high - Connecting to: wss://irc-ws.chat.twitch.tv:443
8/23/2019 12:18:08 AM: bot_stay_high - Should be connected!
8/23/2019 12:18:08 AM: bot_stay_high - Joining channel: beringelamilgrau
8/23/2019 12:18:08 AM: bot_stay_high - Received: :tmi.twitch.tv 001 bot_stay_high :Welcome, GLHF!
8/23/2019 12:18:08 AM: bot_stay_high - Received: :tmi.twitch.tv 002 bot_stay_high :Your host is tmi.twitch.tv
8/23/2019 12:18:08 AM: bot_stay_high - Received: :tmi.twitch.tv 003 bot_stay_high :This server is rather new
8/23/2019 12:18:08 AM: bot_stay_high - Received: :tmi.twitch.tv 004 bot_stay_high :-
8/23/2019 12:18:08 AM: bot_stay_high - Received: :tmi.twitch.tv 375 bot_stay_high :-
8/23/2019 12:18:08 AM: bot_stay_high - Received: :tmi.twitch.tv 372 bot_stay_high :You are in a maze of twisty passages, all alike.
8/23/2019 12:18:08 AM: bot_stay_high - Received: :tmi.twitch.tv 376 bot_stay_high :>
8/23/2019 12:18:08 AM: bot_stay_high - Received: :tmi.twitch.tv CAP * ACK :twitch.tv/membership
8/23/2019 12:18:08 AM: bot_stay_high - Unaccounted for: :tmi.twitch.tv CAP * ACK :twitch.tv/membership
8/23/2019 12:18:08 AM: bot_stay_high - Received: :tmi.twitch.tv CAP * ACK :twitch.tv/commands
8/23/2019 12:18:08 AM: bot_stay_high - Unaccounted for: :tmi.twitch.tv CAP * ACK :twitch.tv/commands
8/23/2019 12:18:08 AM: bot_stay_high - Received: :tmi.twitch.tv CAP * ACK :twitch.tv/tags
8/23/2019 12:18:08 AM: bot_stay_high - Unaccounted for: :tmi.twitch.tv CAP * ACK :twitch.tv/tags
8/23/2019 12:18:08 AM: bot_stay_high - Received: :bot_stay_high!bot_stay_high@bot_stay_high.tmi.twitch.tv JOIN #beringelamilgrau
8/23/2019 12:18:09 AM: bot_stay_high - Received: @badge-info=;badges=;color=;display-name=bot_stay_high;emote-sets=0;mod=0;subscriber=0;user-type= :tmi.twitch.tv USERSTATE #beringelamilgrau
8/23/2019 12:18:09 AM: bot_stay_high - Received: @emote-only=0;followers-only=-1;r9k=0;rituals=0;room-id=443063688;slow=0;subs-only=0 :tmi.twitch.tv ROOMSTATE #beringelamilgrau
8/23/2019 12:18:09 AM: bot_stay_high - Received: :bot_stay_high.tmi.twitch.tv 353 bot_stay_high = #beringelamilgrau :joseantonio001 ddanniell winsock beringelamilgrau lucaesan rbruno018 creepyhead commanderroot lurxx montee_waffle electricallongboard hostmeraffle mugurugu s1faka don_torelli jean__ streamlabs gabrigode leafjat
8/23/2019 12:18:09 AM: bot_stay_high - Received: :bot_stay_high.tmi.twitch.tv 353 bot_stay_high = #beringelamilgrau :bot_stay_high
8/23/2019 12:18:09 AM: bot_stay_high - Received: :bot_stay_high.tmi.twitch.tv 366 bot_stay_high #beringelamilgrau :End of /NAMES list
8/23/2019 12:18:09 AM: bot_stay_high - Finished channel joining queue.
8/23/2019 12:18:09 AM: bot_stay_high - Finished channel joining queue.
8/23/2019 12:18:11 AM: bot_stay_high - Received: @badge-info=subscriber/2;badges=vip/1,subscriber/0,bits-charity/1;color=#5F9EA0;display-name=Jean__;emotes=;flags=7-12:S.6;id=3847d3e0-0e72-405a-8a59-35d90c934044;mod=0;room-id=443063688;subscriber=1;tmi-sent-ts=1566530290741;turbo=0;user-id=38479494;user-type= :jean__!jean__@jean__.tmi.twitch.tv PRIVMSG #beringelamilgrau :!price Hentai Puzzle
8/23/2019 12:18:13 AM: bot_stay_high - Received: @badge-info=;badges=;color=;display-name=bot_stay_high;emote-sets=0;mod=0;subscriber=0;user-type= :tmi.twitch.tv USERSTATE #beringelamilgrau
8/23/2019 12:18:16 AM: bot_stay_high - Received: @badge-info=subscriber/2;badges=vip/1,subscriber/0,bits-charity/1;color=#5F9EA0;display-name=Jean__;emotes=;flags=;id=f7f82c02-e94e-4e57-bf6c-201a7ab534b3;mod=0;room-id=443063688;subscriber=1;tmi-sent-ts=1566530296446;turbo=0;user-id=38479494;user-type= :jean__!jean__@jean__.tmi.twitch.tv PRIVMSG #beringelamilgrau :FeelsMan
8/23/2019 12:18:21 AM: bot_stay_high - Received: @badge-info=;badges=;color=;display-name=joseantonio001;emotes=;flags=;id=e82315f4-bdbe-41d7-a080-4805b7b7e50e;mod=0;room-id=443063688;subscriber=0;tmi-sent-ts=1566530301557;turbo=0;user-id=157525923;user-type= :joseantonio001!joseantonio001@joseantonio001.tmi.twitch.tv PRIVMSG #beringelamilgrau :POGGERS
8/23/2019 12:18:25 AM: bot_stay_high - Received: @badge-info=;badges=;color=;display-name=joseantonio001;emotes=;flags=;id=be30c5ec-0aad-40df-ae7f-6be075d410af;mod=0;room-id=443063688;subscriber=0;tmi-sent-ts=1566530305417;turbo=0;user-id=157525923;user-type= :joseantonio001!joseantonio001@joseantonio001.tmi.twitch.tv PRIVMSG #beringelamilgrau :FUNCIONA
8/23/2019 12:18:28 AM: bot_stay_high - Received: @badge-info=;badges=vip/1;color=#FF69B4;display-name=rbruno018;emotes=;flags=;id=349ab27f-f90b-4ab5-a9c4-c19fdfca62ff;mod=0;room-id=443063688;subscriber=0;tmi-sent-ts=1566530307716;turbo=0;user-id=216448313;user-type= :rbruno018!rbruno018@rbruno018.tmi.twitch.tv PRIVMSG #beringelamilgrau :por que FeelsOkayMan
8/23/2019 12:18:34 AM: bot_stay_high - Received: @badge-info=subscriber/2;badges=vip/1,subscriber/0,bits-charity/1;color=#5F9EA0;display-name=Jean__;emotes=;flags=;id=ce8c11f9-c848-4944-a188-a155797cb1ea;mod=0;room-id=443063688;subscriber=1;tmi-sent-ts=1566530313650;turbo=0;user-id=38479494;user-type= :jean__!jean__@jean__.tmi.twitch.tv PRIVMSG #beringelamilgrau :!price zueirama
8/23/2019 12:18:35 AM: bot_stay_high - Received: @badge-info=;badges=;color=;display-name=bot_stay_high;emote-sets=0;mod=0;subscriber=0;user-type= :tmi.twitch.tv USERSTATE #beringelamilgrau
8/23/2019 12:18:44 AM: bot_stay_high - Received: @badge-info=;badges=vip/1;color=#FF69B4;display-name=rbruno018;emotes=;flags=;id=889c58c7-12fb-4004-bd8f-75556ed77f87;mod=0;room-id=443063688;subscriber=0;tmi-sent-ts=1566530323708;turbo=0;user-id=216448313;user-type= :rbruno018!rbruno018@rbruno018.tmi.twitch.tv PRIVMSG #beringelamilgrau :HACKERMANS
8/23/2019 12:18:54 AM: bot_stay_high - Received: @badge-info=;badges=;color=#00FF7F;display-name=CreepyHead;emotes=;flags=;id=e998720b-208c-41c4-8ce7-50ae9cb883c6;mod=0;room-id=443063688;subscriber=0;tmi-sent-ts=1566530334343;turbo=0;user-id=70457200;user-type= :creepyhead!creepyhead@creepyhead.tmi.twitch.tv PRIVMSG #beringelamilgrau :!price postal 2
8/23/2019 12:18:55 AM: bot_stay_high - Received: @badge-info=;badges=;color=;display-name=bot_stay_high;emote-sets=0;mod=0;subscriber=0;user-type= :tmi.twitch.tv USERSTATE #beringelamilgrau
8/23/2019 12:19:05 AM: bot_stay_high - Received: @badge-info=;badges=vip/1;color=#FF69B4;display-name=rbruno018;emotes=;flags=;id=9f58e77b-365c-4445-a692-39266bde7fb1;mod=0;room-id=443063688;subscriber=0;tmi-sent-ts=1566530344727;turbo=0;user-id=216448313;user-type= :rbruno018!rbruno018@rbruno018.tmi.twitch.tv PRIVMSG #beringelamilgrau :!price left for dead 2
8/23/2019 12:19:06 AM: bot_stay_high - Received: @badge-info=;badges=;color=;display-name=bot_stay_high;emote-sets=0;mod=0;subscriber=0;user-type= :tmi.twitch.tv USERSTATE #beringelamilgrau
8/23/2019 12:19:10 AM: bot_stay_high - Received: @badge-info=subscriber/2;badges=broadcaster/1,subscriber/0;color=#8A2BE2;display-name=BeringelaMilGrau;emotes=;flags=;id=d9fbd2e6-9ff8-4f07-8161-74d941a4c181;mod=0;room-id=443063688;subscriber=1;tmi-sent-ts=1566530350493;turbo=0;user-id=443063688;user-type= :beringelamilgrau!beringelamilgrau@beringelamilgrau.tmi.twitch.tv PRIVMSG #beringelamilgrau :ConcernFroge
8/23/2019 12:19:13 AM: bot_stay_high - Received: @badge-info=;badges=;color=#00FF7F;display-name=CreepyHead;emotes=;flags=15-19:P.5;id=973de010-ec5e-4dba-b89c-a568d5d9b98a;mod=0;room-id=443063688;subscriber=0;tmi-sent-ts=1566530352586;turbo=0;user-id=70457200;user-type= :creepyhead!creepyhead@creepyhead.tmi.twitch.tv PRIVMSG #beringelamilgrau :t? caro aquela merda
8/23/2019 12:19:18 AM: bot_stay_high - Received: @badge-info=;badges=premium/1;color=#3AC6D0;display-name=Gabrigode;emotes=;flags=;id=cb3a0f80-d766-4bd3-b911-58780fbedaeb;mod=0;room-id=443063688;subscriber=0;tmi-sent-ts=1566530358203;turbo=0;user-id=125402779;user-type= :gabrigode!gabrigode@gabrigode.tmi.twitch.tv PRIVMSG #beringelamilgrau :!price Senran Kagura
8/23/2019 12:19:19 AM: bot_stay_high - Received: @badge-info=;badges=;color=;display-name=bot_stay_high;emote-sets=0;mod=0;subscriber=0;user-type= :tmi.twitch.tv USERSTATE #beringelamilgrau
8/23/2019 12:19:21 AM: bot_stay_high - Received: @badge-info=;badges=vip/1;color=#FF69B4;display-name=rbruno018;emotes=;flags=;id=2bba75ce-7561-47b1-a043-18b4d710c1a0;mod=0;room-id=443063688;subscriber=0;tmi-sent-ts=1566530360897;turbo=0;user-id=216448313;user-type= :rbruno018!rbruno018@rbruno018.tmi.twitch.tv PRIVMSG #beringelamilgrau :!price cs go
8/23/2019 12:19:27 AM: bot_stay_high - Received: @badge-info=subscriber/2;badges=broadcaster/1,subscriber/0;color=#8A2BE2;display-name=BeringelaMilGrau;emotes=;flags=;id=f052241d-af24-4a5e-b250-eb6f18231d69;mod=0;room-id=443063688;subscriber=1;tmi-sent-ts=1566530367325;turbo=0;user-id=443063688;user-type= :beringelamilgrau!beringelamilgrau@beringelamilgrau.tmi.twitch.tv PRIVMSG #beringelamilgrau :!price cs
8/23/2019 12:19:28 AM: bot_stay_high - Received: @badge-info=subscriber/2;badges=vip/1,subscriber/0,bits-charity/1;color=#5F9EA0;display-name=Jean__;emotes=;flags=;id=02bcb03f-6613-4097-94cb-d16fd9863b60;mod=0;room-id=443063688;subscriber=1;tmi-sent-ts=1566530367576;turbo=0;user-id=38479494;user-type= :jean__!jean__@jean__.tmi.twitch.tv PRIVMSG #beringelamilgrau :ConcernFroge
8/23/2019 12:19:28 AM: bot_stay_high - Received: @badge-info=;badges=premium/1;color=#3AC6D0;display-name=Gabrigode;emotes=;flags=;id=06ac7704-350a-4988-99c0-d1fec3e3a9fd;mod=0;room-id=443063688;subscriber=0;tmi-sent-ts=1566530367636;turbo=0;user-id=125402779;user-type= :gabrigode!gabrigode@gabrigode.tmi.twitch.tv PRIVMSG #beringelamilgrau :pera, 20? monkaS
8/23/2019 12:19:36 AM: bot_stay_high - Received: @badge-info=subscriber/2;badges=vip/1,subscriber/0,bits-charity/1;color=#5F9EA0;display-name=Jean__;emotes=;flags=11-15:P.5;id=0316a33e-397d-4b11-a296-d5b719dbf1bd;mod=0;room-id=443063688;subscriber=1;tmi-sent-ts=1566530375587;turbo=0;user-id=38479494;user-type= :jean__!jean__@jean__.tmi.twitch.tv PRIVMSG #beringelamilgrau :deu alguma merda no botfumante PepeLaugh
8/23/2019 12:19:50 AM: bot_stay_high - Received: @badge-info=subscriber/2;badges=broadcaster/1,subscriber/0;color=#8A2BE2;display-name=BeringelaMilGrau;emotes=;flags=;id=22b7dfd4-b7ca-456b-b83c-264cb969fa2e;mod=0;room-id=443063688;subscriber=1;tmi-sent-ts=1566530389871;turbo=0;user-id=443063688;user-type= :beringelamilgrau!beringelamilgrau@beringelamilgrau.tmi.twitch.tv PRIVMSG #beringelamilgrau :Pepega
8/23/2019 12:19:52 AM: bot_stay_high - Received: @badge-info=;badges=;color=#00FF7F;display-name=CreepyHead;emotes=;flags=;id=0c0b2c18-d949-4915-8d9f-1de974b6c353;mod=0;room-id=443063688;subscriber=0;tmi-sent-ts=1566530391650;turbo=0;user-id=70457200;user-type= :creepyhead!creepyhead@creepyhead.tmi.twitch.tv PRIVMSG #beringelamilgrau :Zueirama ? overhatted
8/23/2019 12:20:21 AM: bot_stay_high - Received: :s1faka!s1faka@s1faka.tmi.twitch.tv PART #beringelamilgrau
8/23/2019 12:20:21 AM: bot_stay_high - Received: :mugurugu!mugurugu@mugurugu.tmi.twitch.tv PART #beringelamilgrau
8/23/2019 12:20:39 AM: bot_stay_high - Received: @badge-info=subscriber/2;badges=vip/1,subscriber/0,bits-charity/1;color=#5F9EA0;display-name=Jean__;emotes=;flags=;id=01a6c6d2-40b8-45fc-8a9b-6061e9367cff;mod=0;room-id=443063688;subscriber=1;tmi-sent-ts=1566530439484;turbo=0;user-id=38479494;user-type= :jean__!jean__@jean__.tmi.twitch.tv PRIVMSG #beringelamilgrau :cs ? gratis ConcernFroge
8/23/2019 12:21:15 AM: bot_stay_high - Received: @badge-info=subscriber/2;badges=broadcaster/1,subscriber/0;color=#8A2BE2;display-name=BeringelaMilGrau;emotes=;flags=;id=71b4ef51-c22b-4962-a43a-d6338d6f74c1;mod=0;room-id=443063688;subscriber=1;tmi-sent-ts=1566530474764;turbo=0;user-id=443063688;user-type= :beringelamilgrau!beringelamilgrau@beringelamilgrau.tmi.twitch.tv PRIVMSG #beringelamilgrau :!price maid
8/23/2019 12:21:16 AM: bot_stay_high - Received: @badge-info=;badges=;color=;display-name=bot_stay_high;emote-sets=0;mod=0;subscriber=0;user-type= :tmi.twitch.tv USERSTATE #beringelamilgrau
8/23/2019 12:21:19 AM: bot_stay_high - Received: :hostmeraffle!hostmeraffle@hostmeraffle.tmi.twitch.tv PART #beringelamilgrau
8/23/2019 12:21:24 AM: bot_stay_high - Received: @badge-info=;badges=;color=;display-name=joseantonio001;emotes=;flags=;id=be2cde4f-7b45-40be-b2f8-7f91c841d355;mod=0;room-id=443063688;subscriber=0;tmi-sent-ts=1566530483780;turbo=0;user-id=157525923;user-type= :joseantonio001!joseantonio001@joseantonio001.tmi.twitch.tv PRIVMSG #beringelamilgrau :CS nao e de FREE !! o modo FREE e o CASUAL se vc quiser ter acesso ao GAME COMPLETE vc tem q paga
8/23/2019 12:22:05 AM: bot_stay_high - Received: @badge-info=;badges=;color=;display-name=joseantonio001;emotes=;flags=;id=4cdfb40c-62e8-4c71-af8e-99597cf6df4e;mod=0;room-id=443063688;subscriber=0;tmi-sent-ts=1566530524630;turbo=0;user-id=157525923;user-type= :joseantonio001!joseantonio001@joseantonio001.tmi.twitch.tv PRIVMSG #beringelamilgrau :sem paga vc so pode o CASUAL
8/23/2019 12:22:12 AM: bot_stay_high - Received: @badge-info=;badges=;color=;display-name=joseantonio001;emotes=;flags=;id=2187b89d-4e3e-4a7e-82ec-b4f1ff2afe36;mod=0;room-id=443063688;subscriber=0;tmi-sent-ts=1566530531744;turbo=0;user-id=157525923;user-type= :joseantonio001!joseantonio001@joseantonio001.tmi.twitch.tv PRIVMSG #beringelamilgrau :e nao ganha drop
8/23/2019 12:22:17 AM: bot_stay_high - Received: @badge-info=subscriber/2;badges=vip/1,subscriber/0,bits-charity/1;color=#5F9EA0;display-name=Jean__;emotes=;flags=0-24:;id=605f41de-d0fb-4de5-abeb-9d25a59c6fd5;mod=0;room-id=443063688;subscriber=1;tmi-sent-ts=1566530537376;turbo=0;user-id=38479494;user-type= :jean__!jean__@jean__.tmi.twitch.tv PRIVMSG #beringelamilgrau :http://prntscr.com/owd6nq
8/23/2019 12:22:25 AM: bot_stay_high - Received: :s1faka!s1faka@s1faka.tmi.twitch.tv JOIN #beringelamilgrau
8/23/2019 12:22:25 AM: bot_stay_high - Received: :hostmeraffle!hostmeraffle@hostmeraffle.tmi.twitch.tv JOIN #beringelamilgrau
8/23/2019 12:22:33 AM: bot_stay_high - Received: PING :tmi.twitch.tv
8/23/2019 12:22:33 AM: bot_stay_high - Writing: PONG
8/23/2019 12:22:33 AM: bot_stay_high - Received: @badge-info=subscriber/2;badges=vip/1,subscriber/0,bits-charity/1;color=#5F9EA0;display-name=Jean__;emotes=;flags=0-84:;id=f619b117-9c59-4dc4-85b1-d0fec73f8a6d;mod=0;room-id=443063688;subscriber=1;tmi-sent-ts=1566530552931;turbo=0;user-id=38479494;user-type= :jean__!jean__@jean__.tmi.twitch.tv PRIVMSG #beringelamilgrau :https://store.steampowered.com/api/appdetails?appids=730&cc=br&filters=price_overview
8/23/2019 12:22:38 AM: bot_stay_high - Received: @badge-info=subscriber/2;badges=vip/1,subscriber/0,bits-charity/1;color=#5F9EA0;display-name=Jean__;emotes=;flags=;id=7803a884-f408-4735-941f-79f7ce888724;mod=0;room-id=443063688;subscriber=1;tmi-sent-ts=1566530557979;turbo=0;user-id=38479494;user-type= :jean__!jean__@jean__.tmi.twitch.tv PRIVMSG #beringelamilgrau :nao ? free Pepega
8/23/2019 12:23:24 AM: bot_stay_high - Received: @badge-info=subscriber/2;badges=broadcaster/1,subscriber/0;color=#8A2BE2;display-name=BeringelaMilGrau;emotes=;flags=;id=a21c81fd-bfce-40b9-a361-c2cae173931f;mod=0;room-id=443063688;subscriber=1;tmi-sent-ts=1566530603752;turbo=0;user-id=443063688;user-type= :beringelamilgrau!beringelamilgrau@beringelamilgrau.tmi.twitch.tv PRIVMSG #beringelamilgrau :!price Super Naughty Maid 2
8/23/2019 12:23:25 AM: bot_stay_high - Received: @badge-info=;badges=;color=;display-name=bot_stay_high;emote-sets=0;mod=0;subscriber=0;user-type= :tmi.twitch.tv USERSTATE #beringelamilgrau
8/23/2019 12:23:30 AM: bot_stay_high - Received: @badge-info=subscriber/2;badges=broadcaster/1,subscriber/0;color=#8A2BE2;display-name=BeringelaMilGrau;emotes=;flags=;id=be63cdc8-1c55-434c-8066-9d91fb159e46;mod=0;room-id=443063688;subscriber=1;tmi-sent-ts=1566530610224;turbo=0;user-id=443063688;user-type= :beringelamilgrau!beringelamilgrau@beringelamilgrau.tmi.twitch.tv PRIVMSG #beringelamilgrau :POGGERS
8/23/2019 12:23:31 AM: bot_stay_high - Received: @badge-info=subscriber/2;badges=vip/1,subscriber/0,bits-charity/1;color=#5F9EA0;display-name=Jean__;emotes=;flags=;id=4b76a396-9877-415f-8bea-4b4b1000e790;mod=0;room-id=443063688;subscriber=1;tmi-sent-ts=1566530610873;turbo=0;user-id=38479494;user-type= :jean__!jean__@jean__.tmi.twitch.tv PRIVMSG #beringelamilgrau :monkaHmm
8/23/2019 12:23:39 AM: bot_stay_high - Received: @badge-info=subscriber/2;badges=vip/1,subscriber/0,bits-charity/1;color=#5F9EA0;display-name=Jean__;emotes=;flags=;id=dafb5cdf-f0f3-465d-86de-e37359971dfa;mod=0;room-id=443063688;subscriber=1;tmi-sent-ts=1566530618930;turbo=0;user-id=38479494;user-type= :jean__!jean__@jean__.tmi.twitch.tv PRIVMSG #beringelamilgrau :vou colocar o nome certo do jogo que ele pegou o pre?o
8/23/2019 12:24:09 AM: bot_stay_high - Received: @badge-info=;badges=;color=;display-name=joseantonio001;emotes=;flags=;id=0a1da191-c376-4442-acda-76676dd615f0;mod=0;room-id=443063688;subscriber=0;tmi-sent-ts=1566530648933;turbo=0;user-id=157525923;user-type= :joseantonio001!joseantonio001@joseantonio001.tmi.twitch.tv PRIVMSG #beringelamilgrau :mano vcs sao muito AYAYA
8/23/2019 12:24:16 AM: bot_stay_high - Received: @badge-info=subscriber/2;badges=vip/1,subscriber/0,bits-charity/1;color=#5F9EA0;display-name=Jean__;emotes=;flags=;id=231162a8-035f-4115-8035-ece891231750;mod=0;room-id=443063688;subscriber=1;tmi-sent-ts=1566530656149;turbo=0;user-id=38479494;user-type= :jean__!jean__@jean__.tmi.twitch.tv PRIVMSG #beringelamilgrau :!peso 31
8/23/2019 12:24:17 AM: bot_stay_high - Received: @badge-info=;badges=;color=;display-name=bot_stay_high;emote-sets=0;mod=0;subscriber=0;user-type= :tmi.twitch.tv USERSTATE #beringelamilgrau
8/23/2019 12:24:24 AM: bot_stay_high - Received: @badge-info=subscriber/2;badges=vip/1,subscriber/0,bits-charity/1;color=#5F9EA0;display-name=Jean__;emotes=;flags=;id=4bedb3ef-08cc-44ae-92ec-d7f7316b9b64;mod=0;room-id=443063688;subscriber=1;tmi-sent-ts=1566530663651;turbo=0;user-id=38479494;user-type= :jean__!jean__@jean__.tmi.twitch.tv PRIVMSG #beringelamilgrau :monkaHmm
8/23/2019 12:24:34 AM: bot_stay_high - Received: @badge-info=subscriber/2;badges=vip/1,subscriber/0,bits-charity/1;color=#5F9EA0;display-name=Jean__;emotes=;flags=;id=44ca5ff6-460b-4ccd-b037-6bf96bff9ce5;mod=0;room-id=443063688;subscriber=1;tmi-sent-ts=1566530673704;turbo=0;user-id=38479494;user-type= :jean__!jean__@jean__.tmi.twitch.tv PRIVMSG #beringelamilgrau :ele converte peso pra real
8/23/2019 12:24:34 AM: bot_stay_high - Received: :leafjat!leafjat@leafjat.tmi.twitch.tv PART #beringelamilgrau
8/23/2019 12:24:42 AM: bot_stay_high - Received: @badge-info=subscriber/2;badges=vip/1,subscriber/0,bits-charity/1;color=#5F9EA0;display-name=Jean__;emotes=;flags=;id=ac22150d-b204-476e-9382-f2a8e0e21e0e;mod=0;room-id=443063688;subscriber=1;tmi-sent-ts=1566530682296;turbo=0;user-id=38479494;user-type= :jean__!jean__@jean__.tmi.twitch.tv PRIVMSG #beringelamilgrau :nao ao contrario FeelsMan
8/23/2019 12:24:51 AM: bot_stay_high - Received: @badge-info=;badges=moderator/1;color=#FF9600;display-name=ddanniell;emotes=;flags=;id=0c7010bc-1d9d-49c1-a1c3-4e8f8524c7c2;mod=1;room-id=443063688;subscriber=0;tmi-sent-ts=1566530691341;turbo=0;user-id=36163282;user-type=mod :ddanniell!ddanniell@ddanniell.tmi.twitch.tv PRIVMSG #beringelamilgrau :!price dota 2
8/23/2019 12:25:06 AM: bot_stay_high - Received: @badge-info=;badges=;color=;display-name=joseantonio001;emotes=;flags=;id=ba33e8ec-608f-47e1-a8d4-54e6282346f7;mod=0;room-id=443063688;subscriber=0;tmi-sent-ts=1566530706541;turbo=0;user-id=157525923;user-type= :joseantonio001!joseantonio001@joseantonio001.tmi.twitch.tv PRIVMSG #beringelamilgrau :DOTA e FREE ANIMAL
8/23/2019 12:25:10 AM: bot_stay_high - Received: @badge-info=;badges=;color=;display-name=joseantonio001;emotes=;flags=;id=b7ab49d3-d054-4c44-8d38-2718ef899188;mod=0;room-id=443063688;subscriber=0;tmi-sent-ts=1566530710341;turbo=0;user-id=157525923;user-type= :joseantonio001!joseantonio001@joseantonio001.tmi.twitch.tv PRIVMSG #beringelamilgrau :!daniel
8/23/2019 12:25:11 AM: bot_stay_high - Received: @badge-info=;badges=moderator/1,partner/1;color=#7C7CE1;display-name=Nightbot;emotes=;flags=;id=2a22ab5b-6e29-4916-bd6f-4dc9edecbed0;mod=1;room-id=443063688;subscriber=0;tmi-sent-ts=1566530710553;turbo=0;user-id=19264788;user-type=mod :nightbot!nightbot@nightbot.tmi.twitch.tv PRIVMSG #beringelamilgrau :Perdoa o rapaz, ele n?o sabe ler e nem escrever.
8/23/2019 12:25:25 AM: bot_stay_high - Received: @badge-info=subscriber/2;badges=broadcaster/1,subscriber/0;color=#8A2BE2;display-name=BeringelaMilGrau;emotes=;flags=;id=2c253358-a4a0-4c5a-b3c2-db7b5343265b;mod=0;room-id=443063688;subscriber=1;tmi-sent-ts=1566530725368;turbo=0;user-id=443063688;user-type= :beringelamilgrau!beringelamilgrau@beringelamilgrau.tmi.twitch.tv PRIVMSG #beringelamilgrau :!price naruto
8/23/2019 12:25:26 AM: bot_stay_high - Received: @badge-info=;badges=moderator/1;color=#FF9600;display-name=ddanniell;emotes=;flags=;id=d7a2b438-f89e-4d1b-b0c3-f7e33ac1a5e2;mod=1;room-id=443063688;subscriber=0;tmi-sent-ts=1566530726211;turbo=0;user-id=36163282;user-type=mod :ddanniell!ddanniell@ddanniell.tmi.twitch.tv PRIVMSG #beringelamilgrau :!price oninaki
8/23/2019 12:25:27 AM: bot_stay_high - Received: @badge-info=;badges=;color=;display-name=bot_stay_high;emote-sets=0;mod=0;subscriber=0;user-type= :tmi.twitch.tv USERSTATE #beringelamilgrau
8/23/2019 12:25:28 AM: bot_stay_high - Received: @msg-id=msg_ratelimit :tmi.twitch.tv NOTICE #beringelamilgrau :Your message was not sent because you are sending messages too quickly.
8/23/2019 12:25:28 AM: bot_stay_high - Unaccounted for: @msg-id=msg_ratelimit :tmi.twitch.tv NOTICE #beringelamilgrau :Your message was not sent because you are sending messages too quickly.
8/23/2019 12:25:35 AM: bot_stay_high - Received: @badge-info=;badges=;color=#00FF7F;display-name=CreepyHead;emotes=;flags=;id=f5bc9c75-d0aa-4699-bf53-611956ab707a;mod=0;room-id=443063688;subscriber=0;tmi-sent-ts=1566530735508;turbo=0;user-id=70457200;user-type= :creepyhead!creepyhead@creepyhead.tmi.twitch.tv PRIVMSG #beringelamilgrau :!price ghost master
8/23/2019 12:25:37 AM: bot_stay_high - Received: @badge-info=;badges=moderator/1;color=#FF9600;display-name=ddanniell;emotes=;flags=;id=5f6643f1-ab94-4865-a92d-b4abb5132457;mod=1;room-id=443063688;subscriber=0;tmi-sent-ts=1566530736702;turbo=0;user-id=36163282;user-type=mod :ddanniell!ddanniell@ddanniell.tmi.twitch.tv PRIVMSG #beringelamilgrau :!price oninaki
8/23/2019 12:25:37 AM: bot_stay_high - Received: @badge-info=;badges=;color=;display-name=bot_stay_high;emote-sets=0;mod=0;subscriber=0;user-type= :tmi.twitch.tv USERSTATE #beringelamilgrau
8/23/2019 12:25:37 AM: bot_stay_high - Received: :rafael_870!rafael_870@rafael_870.tmi.twitch.tv JOIN #beringelamilgrau
8/23/2019 12:25:38 AM: bot_stay_high - Received: @badge-info=;badges=;color=;display-name=bot_stay_high;emote-sets=0;mod=0;subscriber=0;user-type= :tmi.twitch.tv USERSTATE #beringelamilgrau
8/23/2019 12:25:39 AM: bot_stay_high - Received: @badge-info=;badges=vip/1;color=#FF69B4;display-name=rbruno018;emotes=;flags=12-22:;id=a73b294e-6802-4cee-ac43-e4e2dd6d2e1a;mod=0;room-id=443063688;subscriber=0;tmi-sent-ts=1566530739347;turbo=0;user-id=216448313;user-type= :rbruno018!rbruno018@rbruno018.tmi.twitch.tv PRIVMSG #beringelamilgrau :aprendi com nando moura que nada ? de gra?a FeelsOkayMan
8/23/2019 12:25:47 AM: bot_stay_high - Received: @badge-info=;badges=;color=;display-name=joseantonio001;emotes=;flags=25-32:P.6;id=cd0e3c7c-c3f5-48dd-951f-00caaaf804d7;mod=0;room-id=443063688;subscriber=0;tmi-sent-ts=1566530746972;turbo=0;user-id=157525923;user-type= :joseantonio001!joseantonio001@joseantonio001.tmi.twitch.tv PRIVMSG #beringelamilgrau :como assim q naruto caro da porra
8/23/2019 12:26:04 AM: bot_stay_high - Received: @badge-info=;badges=;color=#00FF7F;display-name=CreepyHead;emotes=;flags=;id=6a001492-d805-4f05-a86d-1e22c630a499;mod=0;room-id=443063688;subscriber=0;tmi-sent-ts=1566530763877;turbo=0;user-id=70457200;user-type= :creepyhead!creepyhead@creepyhead.tmi.twitch.tv PRIVMSG #beringelamilgrau :@rbruno018 mas aprendeu com o mais bosta uma coisa obvia saopopkaspkosa
8/23/2019 12:26:17 AM: bot_stay_high - Received: @badge-info=;badges=vip/1;color=#FF69B4;display-name=rbruno018;emotes=;flags=;id=18b29acc-b05d-4d6d-8fc7-5e27a26f2be1;mod=0;room-id=443063688;subscriber=0;tmi-sent-ts=1566530777297;turbo=0;user-id=216448313;user-type= :rbruno018!rbruno018@rbruno018.tmi.twitch.tv PRIVMSG #beringelamilgrau :FeelsOkayMan
8/23/2019 12:26:41 AM: bot_stay_high - Received: @badge-info=;badges=;color=#00FF7F;display-name=CreepyHead;emotes=;flags=;id=b5fd19c0-c53c-4a42-b86b-5a406cc2d566;mod=0;room-id=443063688;subscriber=0;tmi-sent-ts=1566530801033;turbo=0;user-id=70457200;user-type= :creepyhead!creepyhead@creepyhead.tmi.twitch.tv PRIVMSG #beringelamilgrau :!price okami
8/23/2019 12:26:42 AM: bot_stay_high - Received: @badge-info=;badges=;color=;display-name=bot_stay_high;emote-sets=0;mod=0;subscriber=0;user-type= :tmi.twitch.tv USERSTATE #beringelamilgrau
8/23/2019 12:27:01 AM: bot_stay_high - Received: PING :tmi.twitch.tv
8/23/2019 12:27:01 AM: bot_stay_high - Writing: PONG
8/23/2019 12:27:01 AM: bot_stay_high - Received: @badge-info=;badges=vip/1;color=#FF69B4;display-name=rbruno018;emotes=;flags=;id=7a98ac90-3f15-41a5-baff-0ed0f7d3d95c;mod=0;room-id=443063688;subscriber=0;tmi-sent-ts=1566530820852;turbo=0;user-id=216448313;user-type= :rbruno018!rbruno018@rbruno018.tmi.twitch.tv PRIVMSG #beringelamilgrau :!price kerbal space
8/23/2019 12:27:02 AM: bot_stay_high - Received: @badge-info=;badges=;color=;display-name=bot_stay_high;emote-sets=0;mod=0;subscriber=0;user-type= :tmi.twitch.tv USERSTATE #beringelamilgrau
8/23/2019 12:27:03 AM: bot_stay_high - Received: @badge-info=subscriber/2;badges=broadcaster/1,subscriber/0;color=#8A2BE2;display-name=BeringelaMilGrau;emotes=;flags=;id=d522123c-24ce-4858-85d9-fe6b4dd870f7;mod=0;room-id=443063688;subscriber=1;tmi-sent-ts=1566530822702;turbo=0;user-id=443063688;user-type= :beringelamilgrau!beringelamilgrau@beringelamilgrau.tmi.twitch.tv PRIVMSG #beringelamilgrau :!price rola
8/23/2019 12:27:04 AM: bot_stay_high - Received: @badge-info=;badges=;color=;display-name=bot_stay_high;emote-sets=0;mod=0;subscriber=0;user-type= :tmi.twitch.tv USERSTATE #beringelamilgrau
8/23/2019 12:27:08 AM: bot_stay_high - Received: @badge-info=subscriber/2;badges=vip/1,subscriber/0,bits-charity/1;color=#5F9EA0;display-name=Jean__;emotes=;flags=;id=671d40c3-fffa-47f3-aefd-f6afcc9ebf87;mod=0;room-id=443063688;subscriber=1;tmi-sent-ts=1566530828200;turbo=0;user-id=38479494;user-type= :jean__!jean__@jean__.tmi.twitch.tv PRIVMSG #beringelamilgrau :PepeLaugh
8/23/2019 12:27:10 AM: bot_stay_high - Received: @badge-info=;badges=vip/1;color=#FF69B4;display-name=rbruno018;emotes=;flags=;id=0afa853a-951b-4b33-8310-0bbe58bb623f;mod=0;room-id=443063688;subscriber=0;tmi-sent-ts=1566530829912;turbo=0;user-id=216448313;user-type= :rbruno018!rbruno018@rbruno018.tmi.twitch.tv PRIVMSG #beringelamilgrau :OMEGALUL
8/23/2019 12:27:33 AM: bot_stay_high - Received: @badge-info=;badges=;color=;display-name=joseantonio001;emotes=;flags=7-12:S.6;id=82d7cbf8-76fd-456f-a1f4-f0281949873b;mod=0;room-id=443063688;subscriber=0;tmi-sent-ts=1566530852665;turbo=0;user-id=157525923;user-type= :joseantonio001!joseantonio001@joseantonio001.tmi.twitch.tv PRIVMSG #beringelamilgrau :!price seu cu
8/23/2019 12:27:34 AM: bot_stay_high - Received: @badge-info=;badges=;color=;display-name=bot_stay_high;emote-sets=0;mod=0;subscriber=0;user-type= :tmi.twitch.tv USERSTATE #beringelamilgrau
8/23/2019 12:27:41 AM: bot_stay_high - Received: @badge-info=;badges=;color=;display-name=joseantonio001;emotes=;flags=;id=55bbffd6-be3c-4437-9ed9-97e0c2b19087;mod=0;room-id=443063688;subscriber=0;tmi-sent-ts=1566530861488;turbo=0;user-id=157525923;user-type= :joseantonio001!joseantonio001@joseantonio001.tmi.twitch.tv PRIVMSG #beringelamilgrau :ta bugado
8/23/2019 12:27:42 AM: bot_stay_high - Received: @badge-info=;badges=vip/1;color=#FF69B4;display-name=rbruno018;emotes=;flags=;id=d35891a8-3b00-4bf8-9a07-c9ccc51f31c8;mod=0;room-id=443063688;subscriber=0;tmi-sent-ts=1566530862375;turbo=0;user-id=216448313;user-type= :rbruno018!rbruno018@rbruno018.tmi.twitch.tv PRIVMSG #beringelamilgrau :ConcernFroge
8/23/2019 12:27:44 AM: bot_stay_high - Received: @badge-info=;badges=;color=;display-name=Rafael_870;emotes=;flags=;id=f8c2d365-6740-46b9-84da-195e555e93b5;mod=0;room-id=443063688;subscriber=0;tmi-sent-ts=1566530864450;turbo=0;user-id=153485554;user-type= :rafael_870!rafael_870@rafael_870.tmi.twitch.tv PRIVMSG #beringelamilgrau :ConcernFroge
8/23/2019 12:27:48 AM: bot_stay_high - Received: @badge-info=subscriber/2;badges=vip/1,subscriber/0,bits-charity/1;color=#5F9EA0;display-name=Jean__;emotes=;flags=;id=089e99ff-dcec-45dc-b238-21bca944d441;mod=0;room-id=443063688;subscriber=1;tmi-sent-ts=1566530868098;turbo=0;user-id=38479494;user-type= :jean__!jean__@jean__.tmi.twitch.tv PRIVMSG #beringelamilgrau :ConcernFroge
8/23/2019 12:27:52 AM: bot_stay_high - Received: @badge-info=subscriber/2;badges=broadcaster/1,subscriber/0;color=#8A2BE2;display-name=BeringelaMilGrau;emotes=;flags=7-12:P.6/S.6;id=b538ec38-6bef-4624-b14b-7bd2de7d7da6;mod=0;room-id=443063688;subscriber=1;tmi-sent-ts=1566530871524;turbo=0;user-id=443063688;user-type= :beringelamilgrau!beringelamilgrau@beringelamilgrau.tmi.twitch.tv PRIVMSG #beringelamilgrau :!price buceta
8/23/2019 12:27:53 AM: bot_stay_high - Received: @badge-info=;badges=;color=;display-name=bot_stay_high;emote-sets=0;mod=0;subscriber=0;user-type= :tmi.twitch.tv USERSTATE #beringelamilgrau
8/23/2019 12:27:56 AM: bot_stay_high - Received: @badge-info=;badges=;color=;display-name=joseantonio001;emotes=25:17-21;flags=0-5:S.6;id=ae76882f-16d3-4d23-90f1-756a257d6987;mod=0;room-id=443063688;subscriber=0;tmi-sent-ts=1566530875613;turbo=0;user-id=157525923;user-type= :joseantonio001!joseantonio001@joseantonio001.tmi.twitch.tv PRIVMSG #beringelamilgrau :seu cu ta BARATO Kappa
8/23/2019 12:27:59 AM: bot_stay_high - Received: @badge-info=subscriber/2;badges=vip/1,subscriber/0,bits-charity/1;color=#5F9EA0;display-name=Jean__;emotes=;flags=;id=5fb373c2-f359-4b87-9103-09fdd6205313;mod=0;room-id=443063688;subscriber=1;tmi-sent-ts=1566530879183;turbo=0;user-id=38479494;user-type= :jean__!jean__@jean__.tmi.twitch.tv PRIVMSG #beringelamilgrau :ConcernFroge
8/23/2019 12:28:02 AM: bot_stay_high - Received: @badge-info=;badges=vip/1;color=#FF69B4;display-name=rbruno018;emotes=;flags=0-5:P.6/S.6;id=a4aaf022-2839-431f-91d7-2b854d024cfc;mod=0;room-id=443063688;subscriber=0;tmi-sent-ts=1566530882182;turbo=0;user-id=216448313;user-type= :rbruno018!rbruno018@rbruno018.tmi.twitch.tv PRIVMSG #beringelamilgrau :buceta ? mais caro peepoSmart
8/23/2019 12:28:03 AM: bot_stay_high - Received: @badge-info=;badges=;color=;display-name=joseantonio001;emotes=;flags=9-10:P.5/S.5;id=0ce4dd02-b46e-46a6-922e-8971392fb371;mod=0;room-id=443063688;subscriber=0;tmi-sent-ts=1566530882860;turbo=0;user-id=157525923;user-type= :joseantonio001!joseantonio001@joseantonio001.tmi.twitch.tv PRIVMSG #beringelamilgrau :me ve 12 cu
8/23/2019 12:28:06 AM: bot_stay_high - Received: @badge-info=;badges=moderator/1;color=#FF9600;display-name=ddanniell;emotes=;flags=7-17:S.6;id=62e76f7a-f66d-42df-a5c7-e54cbda06b4e;mod=1;room-id=443063688;subscriber=0;tmi-sent-ts=1566530886042;turbo=0;user-id=36163282;user-type=mod :ddanniell!ddanniell@ddanniell.tmi.twitch.tv PRIVMSG #beringelamilgrau :!price minha pomba
8/23/2019 12:28:07 AM: bot_stay_high - Received: @badge-info=;badges=;color=;display-name=bot_stay_high;emote-sets=0;mod=0;subscriber=0;user-type= :tmi.twitch.tv USERSTATE #beringelamilgrau
8/23/2019 12:28:09 AM: bot_stay_high - Received: @badge-info=;badges=;color=;display-name=Rafael_870;emotes=;flags=;id=8918f816-bf3d-48e8-ac9c-f1d03c2cce19;mod=0;room-id=443063688;subscriber=0;tmi-sent-ts=1566530888989;turbo=0;user-id=153485554;user-type= :rafael_870!rafael_870@rafael_870.tmi.twitch.tv PRIVMSG #beringelamilgrau :Opa suave
8/23/2019 12:28:41 AM: bot_stay_high - Received: @badge-info=subscriber/2;badges=broadcaster/1,subscriber/0;color=#8A2BE2;display-name=BeringelaMilGrau;emotes=;flags=7-10:A.6/P.6;id=45483bad-5f4c-4d80-80f0-ba86d0863de2;mod=0;room-id=443063688;subscriber=1;tmi-sent-ts=1566530921197;turbo=0;user-id=443063688;user-type= :beringelamilgrau!beringelamilgrau@beringelamilgrau.tmi.twitch.tv PRIVMSG #beringelamilgrau :!price puta
8/23/2019 12:28:42 AM: bot_stay_high - Received: @badge-info=;badges=;color=;display-name=Rafael_870;emotes=;flags=;id=2e36b4e5-7f7b-4afe-85ab-8dc1b47ab7a3;mod=0;room-id=443063688;subscriber=0;tmi-sent-ts=1566530922202;turbo=0;user-id=153485554;user-type= :rafael_870!rafael_870@rafael_870.tmi.twitch.tv PRIVMSG #beringelamilgrau :!price beringela
8/23/2019 12:28:43 AM: bot_stay_high - Received: @badge-info=;badges=;color=;display-name=bot_stay_high;emote-sets=0;mod=0;subscriber=0;user-type= :tmi.twitch.tv USERSTATE #beringelamilgrau
8/23/2019 12:28:43 AM: bot_stay_high - Received: @msg-id=msg_ratelimit :tmi.twitch.tv NOTICE #beringelamilgrau :Your message was not sent because you are sending messages too quickly.
8/23/2019 12:28:43 AM: bot_stay_high - Unaccounted for: @msg-id=msg_ratelimit :tmi.twitch.tv NOTICE #beringelamilgrau :Your message was not sent because you are sending messages too quickly.
8/23/2019 12:28:54 AM: bot_stay_high - Received: @badge-info=;badges=;color=#00FF7F;display-name=CreepyHead;emotes=;flags=2-5:A.5/S.6;id=35ca6c2d-deae-4baf-91cf-cc186156beee;mod=0;room-id=443063688;subscriber=0;tmi-sent-ts=1566530933786;turbo=0;user-id=70457200;user-type= :creepyhead!creepyhead@creepyhead.tmi.twitch.tv PRIVMSG #beringelamilgrau :a puta t? barato fi
8/23/2019 12:28:59 AM: bot_stay_high - Received: @badge-info=;badges=;color=;display-name=joseantonio001;emotes=;flags=;id=d42cd2ec-0ad6-475a-8036-7a146b4ca401;mod=0;room-id=443063688;subscriber=0;tmi-sent-ts=1566530938923;turbo=0;user-id=157525923;user-type= :joseantonio001!joseantonio001@joseantonio001.tmi.twitch.tv PRIVMSG #beringelamilgrau :!price beringelamillgrau
8/23/2019 12:29:00 AM: bot_stay_high - Received: @badge-info=;badges=;color=;display-name=bot_stay_high;emote-sets=0;mod=0;subscriber=0;user-type= :tmi.twitch.tv USERSTATE #beringelamilgrau
8/23/2019 12:29:06 AM: bot_stay_high - Received: @badge-info=;badges=;color=;display-name=joseantonio001;emotes=;flags=;id=a032b10c-1abf-48a5-9db1-57981b703282;mod=0;room-id=443063688;subscriber=0;tmi-sent-ts=1566530946400;turbo=0;user-id=157525923;user-type= :joseantonio001!joseantonio001@joseantonio001.tmi.twitch.tv PRIVMSG #beringelamilgrau :seu canal e FREE
8/23/2019 12:29:08 AM: bot_stay_high - Received: @badge-info=;badges=;color=;display-name=Rafael_870;emotes=;flags=;id=db27622a-676b-4551-b9d2-8476c7fb2ba9;mod=0;room-id=443063688;subscriber=0;tmi-sent-ts=1566530947636;turbo=0;user-id=153485554;user-type= :rafael_870!rafael_870@rafael_870.tmi.twitch.tv PRIVMSG #beringelamilgrau :OMEGALUL
8/23/2019 12:29:09 AM: bot_stay_high - Received: @badge-info=;badges=vip/1;color=#FF69B4;display-name=rbruno018;emotes=;flags=;id=f63bcaaf-6cd2-4fe0-9b1e-d22320804801;mod=0;room-id=443063688;subscriber=0;tmi-sent-ts=1566530948656;turbo=0;user-id=216448313;user-type= :rbruno018!rbruno018@rbruno018.tmi.twitch.tv PRIVMSG #beringelamilgrau :OMEGALUL
8/23/2019 12:29:09 AM: bot_stay_high - Received: @badge-info=;badges=;color=;display-name=joseantonio001;emotes=;flags=;id=65198327-0a58-4aed-bcba-3b0bfe530720;mod=0;room-id=443063688;subscriber=0;tmi-sent-ts=1566530949188;turbo=0;user-id=157525923;user-type= :joseantonio001!joseantonio001@joseantonio001.tmi.twitch.tv PRIVMSG #beringelamilgrau :POGGERS
8/23/2019 12:29:13 AM: bot_stay_high - Received: @badge-info=;badges=;color=#00FF7F;display-name=CreepyHead;emotes=;flags=;id=3a65da04-6cb1-4402-9862-68d1452347cd;mod=0;room-id=443063688;subscriber=0;tmi-sent-ts=1566530953017;turbo=0;user-id=70457200;user-type= :creepyhead!creepyhead@creepyhead.tmi.twitch.tv PRIVMSG #beringelamilgrau :kkkkkkkkkkkkkkkkkkkkkkk
8/23/2019 12:29:26 AM: bot_stay_high - Received: @badge-info=;badges=vip/1;color=#FF69B4;display-name=rbruno018;emotes=;flags=;id=a8c2f6e8-38cc-4113-b25e-d101a2197193;mod=0;room-id=443063688;subscriber=0;tmi-sent-ts=1566530965621;turbo=0;user-id=216448313;user-type= :rbruno018!rbruno018@rbruno018.tmi.twitch.tv PRIVMSG #beringelamilgrau :!price fire emblem
8/23/2019 12:29:27 AM: bot_stay_high - Received: @badge-info=;badges=;color=;display-name=bot_stay_high;emote-sets=0;mod=0;subscriber=0;user-type= :tmi.twitch.tv USERSTATE #beringelamilgrau
8/23/2019 12:29:28 AM: bot_stay_high - Received: @badge-info=subscriber/2;badges=vip/1,subscriber/0,bits-charity/1;color=#5F9EA0;display-name=Jean__;emotes=;flags=;id=75831a08-3649-4d45-946d-cc6b2c351336;mod=0;room-id=443063688;subscriber=1;tmi-sent-ts=1566530967763;turbo=0;user-id=38479494;user-type= :jean__!jean__@jean__.tmi.twitch.tv PRIVMSG #beringelamilgrau :? que nao achou nada FeelsMan
8/23/2019 12:29:51 AM: bot_stay_high - Received: @badge-info=;badges=moderator/1;color=#FF9600;display-name=ddanniell;emotes=;flags=7-12:P.6,11-19:P.6/S.6;id=c1ae0101-79fc-47b4-b8d6-5135dce60987;mod=1;room-id=443063688;subscriber=0;tmi-sent-ts=1566530990677;turbo=0;user-id=36163282;user-type=mod :ddanniell!ddanniell@ddanniell.tmi.twitch.tv PRIVMSG #beringelamilgrau :!price meu cu peludo
8/23/2019 12:29:51 AM: bot_stay_high - Received: @badge-info=;badges=;color=;display-name=bot_stay_high;emote-sets=0;mod=0;subscriber=0;user-type= :tmi.twitch.tv USERSTATE #beringelamilgrau
8/23/2019 12:30:00 AM: bot_stay_high - Received: @badge-info=;badges=vip/1;color=#FF69B4;display-name=rbruno018;emotes=;flags=;id=431babba-eb38-4ed3-9671-e0626931850b;mod=0;room-id=443063688;subscriber=0;tmi-sent-ts=1566530999629;turbo=0;user-id=216448313;user-type= :rbruno018!rbruno018@rbruno018.tmi.twitch.tv PRIVMSG #beringelamilgrau :a gente quebrou su bot jean FeelsMan
8/23/2019 12:30:03 AM: bot_stay_high - Received: @badge-info=subscriber/2;badges=vip/1,subscriber/0,bits-charity/1;color=#5F9EA0;display-name=Jean__;emotes=;flags=0-61:;id=a4ceed34-a50c-4066-abc4-4536a83828f8;mod=0;room-id=443063688;subscriber=1;tmi-sent-ts=1566531003175;turbo=0;user-id=38479494;user-type= :jean__!jean__@jean__.tmi.twitch.tv PRIVMSG #beringelamilgrau :https://www.bing.com/search?q=site:store.steampowered.com+rola
8/23/2019 12:30:09 AM: bot_stay_high - Received: @badge-info=subscriber/2;badges=vip/1,subscriber/0,bits-charity/1;color=#5F9EA0;display-name=Jean__;emotes=;flags=;id=ac06051c-9423-4770-aefa-fc433a903188;mod=0;room-id=443063688;subscriber=1;tmi-sent-ts=1566531008795;turbo=0;user-id=38479494;user-type= :jean__!jean__@jean__.tmi.twitch.tv PRIVMSG #beringelamilgrau :ve ai FeelsMan
8/23/2019 12:30:22 AM: bot_stay_high - Received: @badge-info=subscriber/2;badges=vip/1,subscriber/0,bits-charity/1;color=#5F9EA0;display-name=Jean__;emotes=;flags=;id=738df7e9-51f6-4a17-ac35-6047b8ec1f11;mod=0;room-id=443063688;subscriber=1;tmi-sent-ts=1566531021712;turbo=0;user-id=38479494;user-type= :jean__!jean__@jean__.tmi.twitch.tv PRIVMSG #beringelamilgrau :algum desses resultados ? o jogo rola FeelsMan
8/23/2019 12:30:53 AM: bot_stay_high - Received: @badge-info=subscriber/2;badges=vip/1,subscriber/0,bits-charity/1;color=#5F9EA0;display-name=Jean__;emotes=;flags=;id=0edf718a-f33a-4a0e-9ab4-bae00c0f6103;mod=0;room-id=443063688;subscriber=1;tmi-sent-ts=1566531052670;turbo=0;user-id=38479494;user-type= :jean__!jean__@jean__.tmi.twitch.tv PRIVMSG #beringelamilgrau :bing nao tem bloqueio de too many requests FeelsMan
8/23/2019 12:30:53 AM: bot_stay_high - Received: @badge-info=subscriber/2;badges=broadcaster/1,subscriber/0;color=#8A2BE2;display-name=BeringelaMilGrau;emotes=;flags=;id=3f1aa360-e589-4b13-8680-23b9d00d9e42;mod=0;room-id=443063688;subscriber=1;tmi-sent-ts=1566531052846;turbo=0;user-id=443063688;user-type= :beringelamilgrau!beringelamilgrau@beringelamilgrau.tmi.twitch.tv PRIVMSG #beringelamilgrau :!price jean
8/23/2019 12:30:54 AM: bot_stay_high - Received: @badge-info=;badges=;color=;display-name=bot_stay_high;emote-sets=0;mod=0;subscriber=0;user-type= :tmi.twitch.tv USERSTATE #beringelamilgrau
8/23/2019 12:30:55 AM: bot_stay_high - Received: :formaldeido!formaldeido@formaldeido.tmi.twitch.tv JOIN #beringelamilgrau
8/23/2019 12:30:55 AM: bot_stay_high - Received: :hostmeraffle!hostmeraffle@hostmeraffle.tmi.twitch.tv PART #beringelamilgrau
8/23/2019 12:30:55 AM: bot_stay_high - Received: :s1faka!s1faka@s1faka.tmi.twitch.tv PART #beringelamilgrau
8/23/2019 12:31:10 AM: bot_stay_high - Received: PING :tmi.twitch.tv
8/23/2019 12:31:10 AM: bot_stay_high - Writing: PONG
8/23/2019 12:31:11 AM: bot_stay_high - Received: @badge-info=;badges=premium/1;color=#3AC6D0;display-name=Gabrigode;emotes=;flags=;id=835ce07c-3b3f-4c65-bc93-d93f575f110e;mod=0;room-id=443063688;subscriber=0;tmi-sent-ts=1566531071517;turbo=0;user-id=125402779;user-type= :gabrigode!gabrigode@gabrigode.tmi.twitch.tv PRIVMSG #beringelamilgrau :Jean t? barato FeelsOkayMan
8/23/2019 12:31:13 AM: bot_stay_high - Received: @badge-info=subscriber/2;badges=vip/1,subscriber/0,bits-charity/1;color=#5F9EA0;display-name=Jean__;emotes=;flags=;id=7059e59c-c3f2-49a0-8256-137171e2fb8e;mod=0;room-id=443063688;subscriber=1;tmi-sent-ts=1566531072645;turbo=0;user-id=38479494;user-type= :jean__!jean__@jean__.tmi.twitch.tv PRIVMSG #beringelamilgrau :se fosse no google, ia bloquear na 3 busca FeelsMan
8/23/2019 12:31:23 AM: bot_stay_high - Received: @badge-info=;badges=vip/1;color=#FF69B4;display-name=rbruno018;emotes=;flags=;id=fad9360a-3f69-432e-81d0-8b3bcc40cfc8;mod=0;room-id=443063688;subscriber=0;tmi-sent-ts=1566531083330;turbo=0;user-id=216448313;user-type= :rbruno018!rbruno018@rbruno018.tmi.twitch.tv PRIVMSG #beringelamilgrau :!price bruno
8/23/2019 12:31:25 AM: bot_stay_high - Received: @badge-info=;badges=;color=;display-name=bot_stay_high;emote-sets=0;mod=0;subscriber=0;user-type= :tmi.twitch.tv USERSTATE #beringelamilgrau
8/23/2019 12:31:29 AM: bot_stay_high - Received: @badge-info=subscriber/2;badges=broadcaster/1,subscriber/0;color=#8A2BE2;display-name=BeringelaMilGrau;emotes=;flags=;id=f8ced111-ea4f-4dcc-9d15-417921994e1d;mod=0;room-id=443063688;subscriber=1;tmi-sent-ts=1566531088767;turbo=0;user-id=443063688;user-type= :beringelamilgrau!beringelamilgrau@beringelamilgrau.tmi.twitch.tv PRIVMSG #beringelamilgrau :quero 3 jean pra viagem FeelsOkayMan
8/23/2019 12:31:34 AM: bot_stay_high - Received: @badge-info=;badges=moderator/1;color=#FF9600;display-name=ddanniell;emotes=;flags=;id=c886d5c5-b5a5-453d-a989-3eeab00f8ee4;mod=1;room-id=443063688;subscriber=0;tmi-sent-ts=1566531094413;turbo=0;user-id=36163282;user-type=mod :ddanniell!ddanniell@ddanniell.tmi.twitch.tv PRIVMSG #beringelamilgrau :!price daniel
8/23/2019 12:31:36 AM: bot_stay_high - Received: @badge-info=;badges=;color=;display-name=bot_stay_high;emote-sets=0;mod=0;subscriber=0;user-type= :tmi.twitch.tv USERSTATE #beringelamilgrau
8/23/2019 12:31:43 AM: bot_stay_high - Received: @badge-info=;badges=moderator/1;color=#FF9600;display-name=ddanniell;emotes=;flags=;id=9c48b917-b88e-4a9e-a099-5321a7465c8a;mod=1;room-id=443063688;subscriber=0;tmi-sent-ts=1566531102968;turbo=0;user-id=36163282;user-type=mod :ddanniell!ddanniell@ddanniell.tmi.twitch.tv PRIVMSG #beringelamilgrau :!price bira
8/23/2019 12:31:44 AM: bot_stay_high - Received: @badge-info=;badges=;color=;display-name=bot_stay_high;emote-sets=0;mod=0;subscriber=0;user-type= :tmi.twitch.tv USERSTATE #beringelamilgrau
8/23/2019 12:31:47 AM: bot_stay_high - Received: @badge-info=;badges=;color=#00FF7F;display-name=CreepyHead;emotes=;flags=;id=738b14a8-bd47-4eea-a7e2-410b28c73c6a;mod=0;room-id=443063688;subscriber=0;tmi-sent-ts=1566531107169;turbo=0;user-id=70457200;user-type= :creepyhead!creepyhead@creepyhead.tmi.twitch.tv PRIVMSG #beringelamilgrau :!price creepyhead
8/23/2019 12:31:48 AM: bot_stay_high - Received: @badge-info=;badges=premium/1;color=#3AC6D0;display-name=Gabrigode;emotes=;flags=;id=ec0a53fb-fee8-48d7-9bc7-2b6d18608415;mod=0;room-id=443063688;subscriber=0;tmi-sent-ts=1566531107288;turbo=0;user-id=125402779;user-type= :gabrigode!gabrigode@gabrigode.tmi.twitch.tv PRIVMSG #beringelamilgrau :!price Gabrigode
8/23/2019 12:31:49 AM: bot_stay_high - Received: @badge-info=;badges=;color=;display-name=bot_stay_high;emote-sets=0;mod=0;subscriber=0;user-type= :tmi.twitch.tv USERSTATE #beringelamilgrau
8/23/2019 12:31:49 AM: bot_stay_high - Received: @msg-id=msg_ratelimit :tmi.twitch.tv NOTICE #beringelamilgrau :Your message was not sent because you are sending messages too quickly.
8/23/2019 12:31:49 AM: bot_stay_high - Unaccounted for: @msg-id=msg_ratelimit :tmi.twitch.tv NOTICE #beringelamilgrau :Your message was not sent because you are sending messages too quickly.
8/23/2019 12:31:56 AM: bot_stay_high - Received: @badge-info=;badges=premium/1;color=#3AC6D0;display-name=Gabrigode;emotes=;flags=;id=3d2ebe2a-5bb0-4dc6-be98-d657de610369;mod=0;room-id=443063688;subscriber=0;tmi-sent-ts=1566531115778;turbo=0;user-id=125402779;user-type= :gabrigode!gabrigode@gabrigode.tmi.twitch.tv PRIVMSG #beringelamilgrau :FeelsMan
8/23/2019 12:31:59 AM: bot_stay_high - Received: :hostmeraffle!hostmeraffle@hostmeraffle.tmi.twitch.tv JOIN #beringelamilgrau
8/23/2019 12:31:59 AM: bot_stay_high - Received: :s1faka!s1faka@s1faka.tmi.twitch.tv JOIN #beringelamilgrau
8/23/2019 12:32:00 AM: bot_stay_high - Received: @badge-info=;badges=premium/1;color=#3AC6D0;display-name=Gabrigode;emotes=;flags=;id=1e79ea78-228d-4283-9275-9691808e58f9;mod=0;room-id=443063688;subscriber=0;tmi-sent-ts=1566531120377;turbo=0;user-id=125402779;user-type= :gabrigode!gabrigode@gabrigode.tmi.twitch.tv PRIVMSG #beringelamilgrau :!price Gabriel
8/23/2019 12:32:01 AM: bot_stay_high - Received: @badge-info=;badges=vip/1;color=#FF69B4;display-name=rbruno018;emotes=;flags=;id=b7ceb29f-fc8e-453c-95d6-2aa51c475597;mod=0;room-id=443063688;subscriber=0;tmi-sent-ts=1566531121279;turbo=0;user-id=216448313;user-type= :rbruno018!rbruno018@rbruno018.tmi.twitch.tv PRIVMSG #beringelamilgrau :bira ? rico entao ? mais caro FeelsMan
8/23/2019 12:32:02 AM: bot_stay_high - Received: @badge-info=;badges=;color=;display-name=bot_stay_high;emote-sets=0;mod=0;subscriber=0;user-type= :tmi.twitch.tv USERSTATE #beringelamilgrau
8/23/2019 12:32:07 AM: bot_stay_high - Received: @badge-info=;badges=premium/1;color=#3AC6D0;display-name=Gabrigode;emotes=;flags=;id=0bfc3808-7692-488d-a7de-2f9cb1386668;mod=0;room-id=443063688;subscriber=0;tmi-sent-ts=1566531127484;turbo=0;user-id=125402779;user-type= :gabrigode!gabrigode@gabrigode.tmi.twitch.tv PRIVMSG #beringelamilgrau :FeelsMan
8/23/2019 12:32:21 AM: bot_stay_high - Received: @badge-info=;badges=;color=;display-name=joseantonio001;emotes=;flags=;id=c4eb4179-2749-4213-b0b3-0ba9ae45a227;mod=0;room-id=443063688;subscriber=0;tmi-sent-ts=1566531141232;turbo=0;user-id=157525923;user-type= :joseantonio001!joseantonio001@joseantonio001.tmi.twitch.tv PRIVMSG #beringelamilgrau :!price Totoro
8/23/2019 12:32:22 AM: bot_stay_high - Received: @badge-info=;badges=;color=;display-name=bot_stay_high;emote-sets=0;mod=0;subscriber=0;user-type= :tmi.twitch.tv USERSTATE #beringelamilgrau
8/23/2019 12:32:34 AM: bot_stay_high - Received: @badge-info=;badges=premium/1;color=#3AC6D0;display-name=Gabrigode;emotes=;flags=;id=594dc4ed-23c1-4eaf-90f4-0e8dac8cecd6;mod=0;room-id=443063688;subscriber=0;tmi-sent-ts=1566531154248;turbo=0;user-id=125402779;user-type= :gabrigode!gabrigode@gabrigode.tmi.twitch.tv PRIVMSG #beringelamilgrau :!price Jean
8/23/2019 12:32:35 AM: bot_stay_high - Received: @badge-info=subscriber/2;badges=broadcaster/1,subscriber/0;color=#8A2BE2;display-name=BeringelaMilGrau;emotes=;flags=;id=ec9bcf17-ac95-45e5-8a44-52aca825fb15;mod=0;room-id=443063688;subscriber=1;tmi-sent-ts=1566531154601;turbo=0;user-id=443063688;user-type= :beringelamilgrau!beringelamilgrau@beringelamilgrau.tmi.twitch.tv PRIVMSG #beringelamilgrau :!price joao
8/23/2019 12:32:36 AM: bot_stay_high - Received: @badge-info=;badges=premium/1;color=#3AC6D0;display-name=Gabrigode;emotes=;flags=;id=680eae5e-33db-4204-bbc2-e64bd74ea9bc;mod=0;room-id=443063688;subscriber=0;tmi-sent-ts=1566531155826;turbo=0;user-id=125402779;user-type= :gabrigode!gabrigode@gabrigode.tmi.twitch.tv PRIVMSG #beringelamilgrau :opa
8/23/2019 12:32:37 AM: bot_stay_high - Received: @badge-info=;badges=;color=;display-name=bot_stay_high;emote-sets=0;mod=0;subscriber=0;user-type= :tmi.twitch.tv USERSTATE #beringelamilgrau
8/23/2019 12:32:43 AM: bot_stay_high - Received: @badge-info=;badges=premium/1;color=#3AC6D0;display-name=Gabrigode;emotes=;flags=;id=f177b06a-3fb2-44e9-9d58-aa9886366b60;mod=0;room-id=443063688;subscriber=0;tmi-sent-ts=1566531162819;turbo=0;user-id=125402779;user-type= :gabrigode!gabrigode@gabrigode.tmi.twitch.tv PRIVMSG #beringelamilgrau :Jo?o t? caro POGGERS
8/23/2019 12:32:53 AM: bot_stay_high - Received: @badge-info=subscriber/2;badges=broadcaster/1,subscriber/0;color=#8A2BE2;display-name=BeringelaMilGrau;emotes=;flags=;id=ec5eb5f6-5f08-42b5-ac64-dd42b5e045c7;mod=0;room-id=443063688;subscriber=1;tmi-sent-ts=1566531173340;turbo=0;user-id=443063688;user-type= :beringelamilgrau!beringelamilgrau@beringelamilgrau.tmi.twitch.tv PRIVMSG #beringelamilgrau :!price joao pedro
8/23/2019 12:33:06 AM: bot_stay_high - Received: @badge-info=;badges=premium/1;color=#3AC6D0;display-name=Gabrigode;emotes=;flags=;id=1fe48234-7f7d-4467-be50-3a85935137e6;mod=0;room-id=443063688;subscriber=0;tmi-sent-ts=1566531186047;turbo=0;user-id=125402779;user-type= :gabrigode!gabrigode@gabrigode.tmi.twitch.tv PRIVMSG #beringelamilgrau :!price anime
8/23/2019 12:33:07 AM: bot_stay_high - Received: @badge-info=;badges=;color=;display-name=bot_stay_high;emote-sets=0;mod=0;subscriber=0;user-type= :tmi.twitch.tv USERSTATE #beringelamilgrau
8/23/2019 12:33:09 AM: bot_stay_high - Received: @badge-info=;badges=;color=;display-name=joseantonio001;emotes=425618:35-37,39-41,43-45;flags=;id=46fb6dfe-06a2-4d75-a557-aa4bcca62ba7;mod=0;room-id=443063688;subscriber=0;tmi-sent-ts=1566531189435;turbo=0;user-id=157525923;user-type= :joseantonio001!joseantonio001@joseantonio001.tmi.twitch.tv PRIVMSG #beringelamilgrau :pensei q o TOTORO recebia em IFOOD LUL LUL LUL
8/23/2019 12:33:12 AM: bot_stay_high - Received: @badge-info=;badges=premium/1;color=#3AC6D0;display-name=Gabrigode;emotes=;flags=;id=1893fa94-459f-4eb2-a0c7-c95b4228fab2;mod=0;room-id=443063688;subscriber=0;tmi-sent-ts=1566531191993;turbo=0;user-id=125402779;user-type= :gabrigode!gabrigode@gabrigode.tmi.twitch.tv PRIVMSG #beringelamilgrau :FeelsMan
8/23/2019 12:33:16 AM: bot_stay_high - Received: @badge-info=;badges=vip/1;color=#FF69B4;display-name=rbruno018;emotes=;flags=;id=9e533654-f913-4755-a77d-ef3a9d9ff8dd;mod=0;room-id=443063688;subscriber=0;tmi-sent-ts=1566531196185;turbo=0;user-id=216448313;user-type= :rbruno018!rbruno018@rbruno018.tmi.twitch.tv PRIVMSG #beringelamilgrau :!price lolis
8/23/2019 12:33:17 AM: bot_stay_high - Received: @badge-info=;badges=;color=;display-name=bot_stay_high;emote-sets=0;mod=0;subscriber=0;user-type= :tmi.twitch.tv USERSTATE #beringelamilgrau
8/23/2019 12:33:22 AM: bot_stay_high - Received: @badge-info=subscriber/2;badges=broadcaster/1,subscriber/0;color=#8A2BE2;display-name=BeringelaMilGrau;emotes=;flags=0-6:P.6/S.6;id=0bb26bb8-bc0b-4714-9d57-25d599260053;mod=0;room-id=443063688;subscriber=1;tmi-sent-ts=1566531202322;turbo=0;user-id=443063688;user-type= :beringelamilgrau!beringelamilgrau@beringelamilgrau.tmi.twitch.tv PRIVMSG #beringelamilgrau :caralho
8/23/2019 12:33:23 AM: bot_stay_high - Received: @badge-info=;badges=vip/1;color=#FF69B4;display-name=rbruno018;emotes=;flags=;id=349c9e12-1db0-4a3d-b6ae-8494a8c818e2;mod=0;room-id=443063688;subscriber=0;tmi-sent-ts=1566531203399;turbo=0;user-id=216448313;user-type= :rbruno018!rbruno018@rbruno018.tmi.twitch.tv PRIVMSG #beringelamilgrau :POGGERS
8/23/2019 12:33:29 AM: bot_stay_high - Received: @badge-info=;badges=premium/1;color=#3AC6D0;display-name=Gabrigode;emotes=;flags=;id=09b69a45-a919-4003-92f4-3feaea1c9852;mod=0;room-id=443063688;subscriber=0;tmi-sent-ts=1566531208735;turbo=0;user-id=125402779;user-type= :gabrigode!gabrigode@gabrigode.tmi.twitch.tv PRIVMSG #beringelamilgrau :!price desenho
8/23/2019 12:33:31 AM: bot_stay_high - Received: @badge-info=;badges=;color=#00FF7F;display-name=CreepyHead;emotes=;flags=0-6:S.5;id=9c853965-4deb-40ee-a05a-1bb606082c9f;mod=0;room-id=443063688;subscriber=0;tmi-sent-ts=1566531211239;turbo=0;user-id=70457200;user-type= :creepyhead!creepyhead@creepyhead.tmi.twitch.tv PRIVMSG #beringelamilgrau :loli t? barat?o mano
8/23/2019 12:33:32 AM: bot_stay_high - Received: @badge-info=subscriber/2;badges=broadcaster/1,subscriber/0;color=#8A2BE2;display-name=BeringelaMilGrau;emotes=;flags=;id=8b1643f2-54bc-434e-b326-810e7866b00b;mod=0;room-id=443063688;subscriber=1;tmi-sent-ts=1566531212375;turbo=0;user-id=443063688;user-type= :beringelamilgrau!beringelamilgrau@beringelamilgrau.tmi.twitch.tv PRIVMSG #beringelamilgrau :me ve meia duzia de lolis
8/23/2019 12:33:34 AM: bot_stay_high - Received: @badge-info=;badges=premium/1;color=#3AC6D0;display-name=Gabrigode;emotes=;flags=;id=a32d6db7-9998-4c62-8de0-672f67d88f04;mod=0;room-id=443063688;subscriber=0;tmi-sent-ts=1566531213794;turbo=0;user-id=125402779;user-type= :gabrigode!gabrigode@gabrigode.tmi.twitch.tv PRIVMSG #beringelamilgrau :Montee monkaS
8/23/2019 12:33:37 AM: bot_stay_high - Received: @badge-info=subscriber/2;badges=broadcaster/1,subscriber/0;color=#8A2BE2;display-name=BeringelaMilGrau;emotes=;flags=;id=dd1c014d-b7b6-4fa9-b883-ea30ba2c7a5f;mod=0;room-id=443063688;subscriber=1;tmi-sent-ts=1566531216729;turbo=0;user-id=443063688;user-type= :beringelamilgrau!beringelamilgrau@beringelamilgrau.tmi.twitch.tv PRIVMSG #beringelamilgrau :pra agora
8/23/2019 12:33:38 AM: bot_stay_high - Received: @badge-info=;badges=premium/1;color=#3AC6D0;display-name=Gabrigode;emotes=;flags=;id=c94c9ede-6950-4ca6-8c8c-01deed566931;mod=0;room-id=443063688;subscriber=0;tmi-sent-ts=1566531217894;turbo=0;user-id=125402779;user-type= :gabrigode!gabrigode@gabrigode.tmi.twitch.tv PRIVMSG #beringelamilgrau :Bira monkaS
8/23/2019 12:33:43 AM: bot_stay_high - Received: @badge-info=;badges=;color=;display-name=Rafael_870;emotes=;flags=7-12:S.6;id=308c83a6-7218-4a46-b2d3-e83d747f2862;mod=0;room-id=443063688;subscriber=0;tmi-sent-ts=1566531223588;turbo=0;user-id=153485554;user-type= :rafael_870!rafael_870@rafael_870.tmi.twitch.tv PRIVMSG #beringelamilgrau :!price hentai puzzle
8/23/2019 12:33:45 AM: bot_stay_high - Received: @badge-info=;badges=;color=;display-name=bot_stay_high;emote-sets=0;mod=0;subscriber=0;user-type= :tmi.twitch.tv USERSTATE #beringelamilgrau
8/23/2019 12:33:47 AM: bot_stay_high - Received: @badge-info=;badges=;color=;display-name=joseantonio001;emotes=;flags=;id=e667fcbf-abd4-46a2-8313-7b9d74551ddd;mod=0;room-id=443063688;subscriber=0;tmi-sent-ts=1566531227352;turbo=0;user-id=157525923;user-type= :joseantonio001!joseantonio001@joseantonio001.tmi.twitch.tv PRIVMSG #beringelamilgrau :!processo
8/23/2019 12:33:48 AM: bot_stay_high - Received: @badge-info=;badges=moderator/1,partner/1;color=#7C7CE1;display-name=Nightbot;emotes=;flags=;id=406aa916-ca44-46cb-98a5-5c34a39f1d18;mod=1;room-id=443063688;subscriber=0;tmi-sent-ts=1566531227496;turbo=0;user-id=19264788;user-type=mod :nightbot!nightbot@nightbot.tmi.twitch.tv PRIVMSG #beringelamilgrau :O BeringelaMilGrau n?o compactua com as opini?es dos participantes, nem com a desse chat. peepoEggplant
8/23/2019 12:33:49 AM: bot_stay_high - Received: @badge-info=;badges=moderator/1;color=#FF9600;display-name=ddanniell;emotes=;flags=7-19:P.6/S.6;id=e93ceced-dea7-48f0-91e1-ff5d4323d913;mod=1;room-id=443063688;subscriber=0;tmi-sent-ts=1566531229231;turbo=0;user-id=36163282;user-type=mod :ddanniell!ddanniell@ddanniell.tmi.twitch.tv PRIVMSG #beringelamilgrau :!price cuz?o gostoso
8/23/2019 12:33:50 AM: bot_stay_high - Received: @badge-info=;badges=;color=;display-name=bot_stay_high;emote-sets=0;mod=0;subscriber=0;user-type= :tmi.twitch.tv USERSTATE #beringelamilgrau
8/23/2019 12:33:56 AM: bot_stay_high - Received: :formaldeido!formaldeido@formaldeido.tmi.twitch.tv PART #beringelamilgrau
8/23/2019 12:33:58 AM: bot_stay_high - Received: @badge-info=;badges=vip/1;color=#FF69B4;display-name=rbruno018;emotes=;flags=;id=2a644dc7-b6e2-4e77-8e45-11a98f3cdf0e;mod=0;room-id=443063688;subscriber=0;tmi-sent-ts=1566531237782;turbo=0;user-id=216448313;user-type= :rbruno018!rbruno018@rbruno018.tmi.twitch.tv PRIVMSG #beringelamilgrau :!price argentina
8/23/2019 12:33:59 AM: bot_stay_high - Received: @badge-info=;badges=;color=;display-name=bot_stay_high;emote-sets=0;mod=0;subscriber=0;user-type= :tmi.twitch.tv USERSTATE #beringelamilgrau
8/23/2019 12:34:01 AM: bot_stay_high - Received: @badge-info=;badges=premium/1;color=#3AC6D0;display-name=Gabrigode;emotes=;flags=;id=1eb0aeed-47f5-4c5e-819e-9960853ac4c5;mod=0;room-id=443063688;subscriber=0;tmi-sent-ts=1566531240809;turbo=0;user-id=125402779;user-type= :gabrigode!gabrigode@gabrigode.tmi.twitch.tv PRIVMSG #beringelamilgrau :Pa?s Taichi FeelsOkayMan
8/23/2019 12:34:11 AM: bot_stay_high - Received: @badge-info=;badges=;color=#00FF7F;display-name=CreepyHead;emotes=;flags=;id=9e7e7202-ba49-477f-8348-2a100aeb676b;mod=0;room-id=443063688;subscriber=0;tmi-sent-ts=1566531251069;turbo=0;user-id=70457200;user-type= :creepyhead!creepyhead@creepyhead.tmi.twitch.tv PRIVMSG #beringelamilgrau :!price tua m?e aquela ursa
8/23/2019 12:34:23 AM: bot_stay_high - Received: @badge-info=;badges=vip/1;color=#FF69B4;display-name=rbruno018;emotes=;flags=;id=29fa309c-89e6-4aa1-a76a-7df978dab88e;mod=0;room-id=443063688;subscriber=0;tmi-sent-ts=1566531262710;turbo=0;user-id=216448313;user-type= :rbruno018!rbruno018@rbruno018.tmi.twitch.tv PRIVMSG #beringelamilgrau :tailandia ConcernFroge
8/23/2019 12:34:23 AM: bot_stay_high - Received: @badge-info=subscriber/2;badges=broadcaster/1,subscriber/0;color=#8A2BE2;display-name=BeringelaMilGrau;emotes=;flags=;id=0f9a2fcb-fd46-4c78-851c-0a3ef80f7cfa;mod=0;room-id=443063688;subscriber=1;tmi-sent-ts=1566531263455;turbo=0;user-id=443063688;user-type= :beringelamilgrau!beringelamilgrau@beringelamilgrau.tmi.twitch.tv PRIVMSG #beringelamilgrau :!price tua mae
8/23/2019 12:34:25 AM: bot_stay_high - Received: @badge-info=;badges=;color=;display-name=bot_stay_high;emote-sets=0;mod=0;subscriber=0;user-type= :tmi.twitch.tv USERSTATE #beringelamilgrau
8/23/2019 12:34:26 AM: bot_stay_high - Received: @badge-info=;badges=;color=#00FF7F;display-name=CreepyHead;emotes=;flags=;id=b255d79c-f9db-4e89-9ef7-7a6879ddb0a6;mod=0;room-id=443063688;subscriber=0;tmi-sent-ts=1566531265892;turbo=0;user-id=70457200;user-type= :creepyhead!creepyhead@creepyhead.tmi.twitch.tv PRIVMSG #beringelamilgrau :!price tua mae
8/23/2019 12:34:27 AM: bot_stay_high - Received: @badge-info=;badges=;color=;display-name=bot_stay_high;emote-sets=0;mod=0;subscriber=0;user-type= :tmi.twitch.tv USERSTATE #beringelamilgrau
8/23/2019 12:34:41 AM: bot_stay_high - Received: @badge-info=;badges=moderator/1;color=#FF9600;display-name=ddanniell;emotes=;flags=;id=d5044c59-3693-4cf4-8216-c902767a32c5;mod=1;room-id=443063688;subscriber=0;tmi-sent-ts=1566531280817;turbo=0;user-id=36163282;user-type=mod :ddanniell!ddanniell@ddanniell.tmi.twitch.tv PRIVMSG #beringelamilgrau :!price tua mae
8/23/2019 12:34:42 AM: bot_stay_high - Received: @badge-info=;badges=;color=;display-name=bot_stay_high;emote-sets=0;mod=0;subscriber=0;user-type= :tmi.twitch.tv USERSTATE #beringelamilgrau
8/23/2019 12:34:43 AM: bot_stay_high - Received: @badge-info=;badges=;color=#00FF7F;display-name=CreepyHead;emotes=;flags=;id=3cca0f3b-5162-4c93-a9fc-893ed5032afe;mod=0;room-id=443063688;subscriber=0;tmi-sent-ts=1566531282653;turbo=0;user-id=70457200;user-type= :creepyhead!creepyhead@creepyhead.tmi.twitch.tv PRIVMSG #beringelamilgrau :inflacionou tua m?e
8/23/2019 12:34:45 AM: bot_stay_high - Received: @badge-info=;badges=vip/1;color=#FF69B4;display-name=rbruno018;emotes=;flags=;id=bd4703b7-92e2-405e-b69a-3e97d0a2b264;mod=0;room-id=443063688;subscriber=0;tmi-sent-ts=1566531284940;turbo=0;user-id=216448313;user-type= :rbruno018!rbruno018@rbruno018.tmi.twitch.tv PRIVMSG #beringelamilgrau :OMEGALUL
8/23/2019 12:34:49 AM: bot_stay_high - Received: @badge-info=;badges=premium/1;color=#3AC6D0;display-name=Gabrigode;emotes=;flags=;id=17219973-edb2-4b6d-b46e-b4194f3be299;mod=0;room-id=443063688;subscriber=0;tmi-sent-ts=1566531289130;turbo=0;user-id=125402779;user-type= :gabrigode!gabrigode@gabrigode.tmi.twitch.tv PRIVMSG #beringelamilgrau :t? mudando monkaHmm
8/23/2019 12:34:54 AM: bot_stay_high - Received: @badge-info=;badges=;color=#00FF7F;display-name=CreepyHead;emotes=;flags=;id=e04ee150-836a-4c64-a1be-474e0ab7b171;mod=0;room-id=443063688;subscriber=0;tmi-sent-ts=1566531293992;turbo=0;user-id=70457200;user-type= :creepyhead!creepyhead@creepyhead.tmi.twitch.tv PRIVMSG #beringelamilgrau :tua m?e aquela ursa t? mais barata agora
8/23/2019 12:35:05 AM: bot_stay_high - Received: @badge-info=;badges=;color=;display-name=joseantonio001;emotes=;flags=;id=f6d8471b-7145-4408-85d5-afdcdf85e9d5;mod=0;room-id=443063688;subscriber=0;tmi-sent-ts=1566531305146;turbo=0;user-id=157525923;user-type= :joseantonio001!joseantonio001@joseantonio001.tmi.twitch.tv PRIVMSG #beringelamilgrau :!magic
8/23/2019 12:35:07 AM: bot_stay_high - Received: @badge-info=;badges=premium/1;color=#3AC6D0;display-name=Gabrigode;emotes=;flags=;id=ecd79a6a-ca08-41bb-a8f4-4b78df136ee0;mod=0;room-id=443063688;subscriber=0;tmi-sent-ts=1566531307569;turbo=0;user-id=125402779;user-type= :gabrigode!gabrigode@gabrigode.tmi.twitch.tv PRIVMSG #beringelamilgrau :!price monkaS
8/23/2019 12:35:09 AM: bot_stay_high - Received: @badge-info=;badges=;color=;display-name=bot_stay_high;emote-sets=0;mod=0;subscriber=0;user-type= :tmi.twitch.tv USERSTATE #beringelamilgrau
8/23/2019 12:35:12 AM: bot_stay_high - Received: @badge-info=;badges=premium/1;color=#3AC6D0;display-name=Gabrigode;emotes=;flags=;id=23721a61-3bea-4a70-b944-f4e948fad184;mod=0;room-id=443063688;subscriber=0;tmi-sent-ts=1566531312578;turbo=0;user-id=125402779;user-type= :gabrigode!gabrigode@gabrigode.tmi.twitch.tv PRIVMSG #beringelamilgrau :POGGERS
8/23/2019 12:35:16 AM: bot_stay_high - Received: @badge-info=;badges=;color=;display-name=joseantonio001;emotes=;flags=;id=a98ec608-fdf9-4314-8b5b-7588a3beb8ea;mod=0;room-id=443063688;subscriber=0;tmi-sent-ts=1566531315703;turbo=0;user-id=157525923;user-type= :joseantonio001!joseantonio001@joseantonio001.tmi.twitch.tv PRIVMSG #beringelamilgrau :!price magic
