8/22/2019 9:21:31 PM: botfumante - Connecting to: wss://irc-ws.chat.twitch.tv:443
8/22/2019 9:21:32 PM: botfumante - Should be connected!
8/22/2019 9:21:32 PM: botfumante - Joining channel: beringelamilgrau
8/22/2019 9:21:33 PM: botfumante - Received: :tmi.twitch.tv 001 botfumante :Welcome, GLHF!
8/22/2019 9:21:33 PM: botfumante - Received: :tmi.twitch.tv 002 botfumante :Your host is tmi.twitch.tv
8/22/2019 9:21:33 PM: botfumante - Received: :tmi.twitch.tv 003 botfumante :This server is rather new
8/22/2019 9:21:33 PM: botfumante - Received: :tmi.twitch.tv 004 botfumante :-
8/22/2019 9:21:33 PM: botfumante - Received: :tmi.twitch.tv 375 botfumante :-
8/22/2019 9:21:33 PM: botfumante - Received: :tmi.twitch.tv 372 botfumante :You are in a maze of twisty passages, all alike.
8/22/2019 9:21:33 PM: botfumante - Received: :tmi.twitch.tv 376 botfumante :>
8/22/2019 9:21:33 PM: botfumante - Received: :tmi.twitch.tv CAP * ACK :twitch.tv/membership
8/22/2019 9:21:33 PM: botfumante - Unaccounted for: :tmi.twitch.tv CAP * ACK :twitch.tv/membership
8/22/2019 9:21:33 PM: botfumante - Received: :tmi.twitch.tv CAP * ACK :twitch.tv/commands
8/22/2019 9:21:33 PM: botfumante - Unaccounted for: :tmi.twitch.tv CAP * ACK :twitch.tv/commands
8/22/2019 9:21:33 PM: botfumante - Received: :tmi.twitch.tv CAP * ACK :twitch.tv/tags
8/22/2019 9:21:33 PM: botfumante - Unaccounted for: :tmi.twitch.tv CAP * ACK :twitch.tv/tags
8/22/2019 9:21:33 PM: botfumante - Received: :botfumante!botfumante@botfumante.tmi.twitch.tv JOIN #beringelamilgrau
8/22/2019 9:21:33 PM: botfumante - Received: :botfumante.tmi.twitch.tv 353 botfumante = #beringelamilgrau :botfumante
8/22/2019 9:21:33 PM: botfumante - Received: :botfumante.tmi.twitch.tv 366 botfumante #beringelamilgrau :End of /NAMES list
8/22/2019 9:21:33 PM: botfumante - Finished channel joining queue.
8/22/2019 9:21:33 PM: botfumante - Received: @badge-info=;badges=;color=;display-name=BotFumante;emote-sets=0;mod=0;subscriber=0;user-type= :tmi.twitch.tv USERSTATE #beringelamilgrau
8/22/2019 9:21:33 PM: botfumante - Received: @emote-only=0;followers-only=-1;r9k=0;rituals=0;room-id=443063688;slow=0;subs-only=0 :tmi.twitch.tv ROOMSTATE #beringelamilgrau
8/22/2019 9:21:34 PM: botfumante - Finished channel joining queue.
8/22/2019 9:21:36 PM: botfumante - Writing: PRIVMSG #beringelamilgrau
8/22/2019 9:21:37 PM: botfumante - Received: @badge-info=;badges=moderator/1;color=#008000;display-name=TONYXZERO;emotes=;flags=;id=f85dfd3d-9202-4f01-86f1-f54c09000c75;mod=1;room-id=443063688;subscriber=0;tmi-sent-ts=1566519697140;turbo=0;user-id=38731171;user-type=mod :tonyxzero!tonyxzero@tonyxzero.tmi.twitch.tv PRIVMSG #beringelamilgrau :Esse q ? o Goku??? peepoSmart
8/22/2019 9:21:39 PM: botfumante - Received: @badge-info=;badges=premium/1;color=;display-name=um_Fido;emotes=;flags=;id=e7cbb409-d481-48ab-9df7-cc19d38c4568;mod=0;room-id=443063688;subscriber=0;tmi-sent-ts=1566519699142;turbo=0;user-id=32573069;user-type= :um_fido!um_fido@um_fido.tmi.twitch.tv PRIVMSG #beringelamilgrau :o naruto pode ser um pouco duro as vezes
