8/22/2019 11:45:41 PM: botfumante - Connecting to: wss://irc-ws.chat.twitch.tv:443
8/22/2019 11:45:42 PM: botfumante - Should be connected!
8/22/2019 11:45:42 PM: botfumante - Joining channel: beringelamilgrau
8/22/2019 11:45:43 PM: botfumante - Received: :tmi.twitch.tv 001 botfumante :Welcome, GLHF!
8/22/2019 11:45:43 PM: botfumante - Received: :tmi.twitch.tv 002 botfumante :Your host is tmi.twitch.tv
8/22/2019 11:45:43 PM: botfumante - Received: :tmi.twitch.tv 003 botfumante :This server is rather new
8/22/2019 11:45:43 PM: botfumante - Received: :tmi.twitch.tv 004 botfumante :-
8/22/2019 11:45:43 PM: botfumante - Received: :tmi.twitch.tv 375 botfumante :-
8/22/2019 11:45:43 PM: botfumante - Received: :tmi.twitch.tv 372 botfumante :You are in a maze of twisty passages, all alike.
8/22/2019 11:45:43 PM: botfumante - Received: :tmi.twitch.tv 376 botfumante :>
8/22/2019 11:45:43 PM: botfumante - Received: :tmi.twitch.tv CAP * ACK :twitch.tv/membership
8/22/2019 11:45:43 PM: botfumante - Unaccounted for: :tmi.twitch.tv CAP * ACK :twitch.tv/membership
8/22/2019 11:45:43 PM: botfumante - Received: :tmi.twitch.tv CAP * ACK :twitch.tv/commands
8/22/2019 11:45:43 PM: botfumante - Unaccounted for: :tmi.twitch.tv CAP * ACK :twitch.tv/commands
8/22/2019 11:45:43 PM: botfumante - Received: :tmi.twitch.tv CAP * ACK :twitch.tv/tags
8/22/2019 11:45:43 PM: botfumante - Unaccounted for: :tmi.twitch.tv CAP * ACK :twitch.tv/tags
8/22/2019 11:45:43 PM: botfumante - Received: :botfumante!botfumante@botfumante.tmi.twitch.tv JOIN #beringelamilgrau
8/22/2019 11:45:44 PM: botfumante - Received: :botfumante.tmi.twitch.tv 353 botfumante = #beringelamilgrau :botfumante
8/22/2019 11:45:44 PM: botfumante - Received: :botfumante.tmi.twitch.tv 366 botfumante #beringelamilgrau :End of /NAMES list
8/22/2019 11:45:44 PM: botfumante - Finished channel joining queue.
8/22/2019 11:45:44 PM: botfumante - Received: @badge-info=;badges=;color=;display-name=BotFumante;emote-sets=0;mod=0;subscriber=0;user-type= :tmi.twitch.tv USERSTATE #beringelamilgrau
8/22/2019 11:45:44 PM: botfumante - Received: @emote-only=0;followers-only=-1;r9k=0;rituals=0;room-id=443063688;slow=0;subs-only=0 :tmi.twitch.tv ROOMSTATE #beringelamilgrau
8/22/2019 11:45:44 PM: botfumante - Finished channel joining queue.
8/22/2019 11:45:47 PM: botfumante - Received: @badge-info=subscriber/2;badges=vip/1,subscriber/0,bits-charity/1;color=#5F9EA0;display-name=Jean__;emotes=;flags=7-12:S.5;id=786decea-40e8-4738-a254-c9926289e1c4;mod=0;room-id=443063688;subscriber=1;tmi-sent-ts=1566528347385;turbo=0;user-id=38479494;user-type= :jean__!jean__@jean__.tmi.twitch.tv PRIVMSG #beringelamilgrau :!price Hentai Puzzle
