8/23/2019 12:43:15 AM: bot_stay_high - Connecting to: wss://irc-ws.chat.twitch.tv:443
8/23/2019 12:43:16 AM: bot_stay_high - Should be connected!
8/23/2019 12:43:16 AM: bot_stay_high - Joining channel: beringelamilgrau
8/23/2019 12:43:16 AM: bot_stay_high - Received: :tmi.twitch.tv 001 bot_stay_high :Welcome, GLHF!
8/23/2019 12:43:16 AM: bot_stay_high - Received: :tmi.twitch.tv 002 bot_stay_high :Your host is tmi.twitch.tv
8/23/2019 12:43:16 AM: bot_stay_high - Received: :tmi.twitch.tv 003 bot_stay_high :This server is rather new
8/23/2019 12:43:16 AM: bot_stay_high - Received: :tmi.twitch.tv 004 bot_stay_high :-
8/23/2019 12:43:16 AM: bot_stay_high - Received: :tmi.twitch.tv 375 bot_stay_high :-
8/23/2019 12:43:16 AM: bot_stay_high - Received: :tmi.twitch.tv 372 bot_stay_high :You are in a maze of twisty passages, all alike.
8/23/2019 12:43:16 AM: bot_stay_high - Received: :tmi.twitch.tv 376 bot_stay_high :>
8/23/2019 12:43:16 AM: bot_stay_high - Received: :tmi.twitch.tv CAP * ACK :twitch.tv/membership
8/23/2019 12:43:16 AM: bot_stay_high - Unaccounted for: :tmi.twitch.tv CAP * ACK :twitch.tv/membership
8/23/2019 12:43:16 AM: bot_stay_high - Received: :tmi.twitch.tv CAP * ACK :twitch.tv/commands
8/23/2019 12:43:16 AM: bot_stay_high - Unaccounted for: :tmi.twitch.tv CAP * ACK :twitch.tv/commands
8/23/2019 12:43:16 AM: bot_stay_high - Received: :tmi.twitch.tv CAP * ACK :twitch.tv/tags
8/23/2019 12:43:16 AM: bot_stay_high - Unaccounted for: :tmi.twitch.tv CAP * ACK :twitch.tv/tags
8/23/2019 12:43:16 AM: bot_stay_high - Received: :bot_stay_high!bot_stay_high@bot_stay_high.tmi.twitch.tv JOIN #beringelamilgrau
8/23/2019 12:43:16 AM: bot_stay_high - Received: :bot_stay_high.tmi.twitch.tv 353 bot_stay_high = #beringelamilgrau :bot_stay_high
8/23/2019 12:43:16 AM: bot_stay_high - Received: :bot_stay_high.tmi.twitch.tv 366 bot_stay_high #beringelamilgrau :End of /NAMES list
8/23/2019 12:43:16 AM: bot_stay_high - Finished channel joining queue.
8/23/2019 12:43:16 AM: bot_stay_high - Received: @badge-info=;badges=;color=;display-name=bot_stay_high;emote-sets=0;mod=0;subscriber=0;user-type= :tmi.twitch.tv USERSTATE #beringelamilgrau
8/23/2019 12:43:16 AM: bot_stay_high - Received: @emote-only=0;followers-only=-1;r9k=0;rituals=0;room-id=443063688;slow=0;subs-only=0 :tmi.twitch.tv ROOMSTATE #beringelamilgrau
8/23/2019 12:43:17 AM: bot_stay_high - Finished channel joining queue.
8/23/2019 12:43:20 AM: bot_stay_high - Received: @badge-info=subscriber/2;badges=broadcaster/1,subscriber/0;color=#8A2BE2;display-name=BeringelaMilGrau;emotes=;flags=;id=01d8f843-ce3a-4a5b-90b0-1720fd29211f;mod=0;room-id=443063688;subscriber=1;tmi-sent-ts=1566531800587;turbo=0;user-id=443063688;user-type= :beringelamilgrau!beringelamilgrau@beringelamilgrau.tmi.twitch.tv PRIVMSG #beringelamilgrau :!price bom
8/23/2019 12:43:23 AM: bot_stay_high - Received: @badge-info=;badges=moderator/1;color=#FF9600;display-name=ddanniell;emotes=;flags=;id=d886110b-93e9-4d16-9621-992a27c1ee47;mod=1;room-id=443063688;subscriber=0;tmi-sent-ts=1566531801519;turbo=0;user-id=36163282;user-type=mod :ddanniell!ddanniell@ddanniell.tmi.twitch.tv PRIVMSG #beringelamilgrau :!price topzeira
8/23/2019 12:43:24 AM: bot_stay_high - Received: @badge-info=;badges=;color=;display-name=bot_stay_high;emote-sets=0;mod=0;subscriber=0;user-type= :tmi.twitch.tv USERSTATE #beringelamilgrau
8/23/2019 12:43:30 AM: bot_stay_high - Received: @badge-info=subscriber/2;badges=vip/1,subscriber/0,bits-charity/1;color=#5F9EA0;display-name=Jean__;emotes=;flags=;id=a69bff3d-2352-4f48-a543-34fdac0b2073;mod=0;room-id=443063688;subscriber=1;tmi-sent-ts=1566531809785;turbo=0;user-id=38479494;user-type= :jean__!jean__@jean__.tmi.twitch.tv PRIVMSG #beringelamilgrau :FeelsMan
8/23/2019 12:43:35 AM: bot_stay_high - Received: @badge-info=;badges=moderator/1;color=#FF9600;display-name=ddanniell;emotes=;flags=;id=32a3078d-4f36-4b88-ba80-fe5c5817c1d2;mod=1;room-id=443063688;subscriber=0;tmi-sent-ts=1566531815334;turbo=0;user-id=36163282;user-type=mod :ddanniell!ddanniell@ddanniell.tmi.twitch.tv PRIVMSG #beringelamilgrau :!price topzeira
8/23/2019 12:43:37 AM: bot_stay_high - Received: @badge-info=;badges=;color=#00FF7F;display-name=CreepyHead;emotes=;flags=;id=89fb8b37-74d3-4b61-9ee6-8801ae1d3949;mod=0;room-id=443063688;subscriber=0;tmi-sent-ts=1566531815981;turbo=0;user-id=70457200;user-type= :creepyhead!creepyhead@creepyhead.tmi.twitch.tv PRIVMSG #beringelamilgrau :Turmoil ? topzera mesmo
8/23/2019 12:43:37 AM: bot_stay_high - Received: @msg-id=msg_duplicate :tmi.twitch.tv NOTICE #beringelamilgrau :Your message was not sent because it is identical to the previous one you sent, less than 30 seconds ago.
8/23/2019 12:43:37 AM: bot_stay_high - Unaccounted for: @msg-id=msg_duplicate :tmi.twitch.tv NOTICE #beringelamilgrau :Your message was not sent because it is identical to the previous one you sent, less than 30 seconds ago.
