8/10/2019 11:06:56 PM: jean__ - Connecting to: wss://irc-ws.chat.twitch.tv:443
8/10/2019 11:06:57 PM: jean__ - Should be connected!
8/10/2019 11:06:57 PM: jean__ - Joining channel: beringelamilgrau
8/10/2019 11:06:58 PM: jean__ - Received: :tmi.twitch.tv 001 jean__ :Welcome, GLHF!
8/10/2019 11:06:58 PM: jean__ - Received: :tmi.twitch.tv 002 jean__ :Your host is tmi.twitch.tv
8/10/2019 11:06:58 PM: jean__ - Received: :tmi.twitch.tv 003 jean__ :This server is rather new
8/10/2019 11:06:58 PM: jean__ - Received: :tmi.twitch.tv 004 jean__ :-
8/10/2019 11:06:58 PM: jean__ - Received: :tmi.twitch.tv 375 jean__ :-
8/10/2019 11:06:58 PM: jean__ - Received: :tmi.twitch.tv 372 jean__ :You are in a maze of twisty passages, all alike.
8/10/2019 11:06:58 PM: jean__ - Received: :tmi.twitch.tv 376 jean__ :>
8/10/2019 11:06:58 PM: jean__ - Received: :tmi.twitch.tv CAP * ACK :twitch.tv/membership
8/10/2019 11:06:58 PM: jean__ - Unaccounted for: :tmi.twitch.tv CAP * ACK :twitch.tv/membership
8/10/2019 11:06:58 PM: jean__ - Received: :tmi.twitch.tv CAP * ACK :twitch.tv/commands
8/10/2019 11:06:58 PM: jean__ - Unaccounted for: :tmi.twitch.tv CAP * ACK :twitch.tv/commands
8/10/2019 11:06:58 PM: jean__ - Received: :tmi.twitch.tv CAP * ACK :twitch.tv/tags
8/10/2019 11:06:58 PM: jean__ - Unaccounted for: :tmi.twitch.tv CAP * ACK :twitch.tv/tags
8/10/2019 11:06:58 PM: jean__ - Received: :jean__!jean__@jean__.tmi.twitch.tv JOIN #beringelamilgrau
8/10/2019 11:06:58 PM: jean__ - Received: :jean__.tmi.twitch.tv 353 jean__ = #beringelamilgrau :jean__
8/10/2019 11:06:58 PM: jean__ - Received: :jean__.tmi.twitch.tv 366 jean__ #beringelamilgrau :End of /NAMES list
8/10/2019 11:06:58 PM: jean__ - Finished channel joining queue.
8/10/2019 11:06:58 PM: jean__ - Received: @badge-info=subscriber/2;badges=vip/1,subscriber/0,bits-charity/1;color=#5F9EA0;display-name=Jean__;emote-sets=0,412472,300319631;mod=0;subscriber=1;user-type= :tmi.twitch.tv USERSTATE #beringelamilgrau
8/10/2019 11:06:58 PM: jean__ - Received: @emote-only=0;followers-only=-1;r9k=0;rituals=0;room-id=443063688;slow=0;subs-only=0 :tmi.twitch.tv ROOMSTATE #beringelamilgrau
8/10/2019 11:06:58 PM: jean__ - Received: @badge-info=subscriber/2;badges=vip/1,subscriber/0,bits-charity/1;color=#5F9EA0;display-name=Jean__;emote-sets=0,412472,300319631;mod=0;subscriber=1;user-type= :tmi.twitch.tv USERSTATE #beringelamilgrau
8/10/2019 11:06:58 PM: jean__ - Finished channel joining queue.
8/10/2019 11:07:03 PM: jean__ - Received: @badge-info=subscriber/2;badges=vip/1,subscriber/0,bits-charity/1;color=#5F9EA0;display-name=Jean__;emotes=;flags=;id=bbdcc207-ba51-4e4f-944e-165132173485;mod=0;room-id=443063688;subscriber=1;tmi-sent-ts=1565489222628;turbo=0;user-id=38479494;user-type= :jean__!jean__@jean__.tmi.twitch.tv PRIVMSG #beringelamilgrau :!scream
8/10/2019 11:07:07 PM: jean__ - Received: @badge-info=subscriber/2;badges=vip/1,subscriber/0,bits-charity/1;color=#5F9EA0;display-name=Jean__;emotes=;flags=;id=0cea4e6b-41df-4813-b7d9-13389541b179;mod=0;room-id=443063688;subscriber=1;tmi-sent-ts=1565489226855;turbo=0;user-id=38479494;user-type= :jean__!jean__@jean__.tmi.twitch.tv PRIVMSG #beringelamilgrau :monkaHmm
8/10/2019 11:07:07 PM: jean__ - Received: @badge-info=;badges=moderator/1;color=#008000;display-name=TONYXZERO;emotes=;flags=;id=61bdda2f-9fea-4c49-834b-09fc89d186b5;mod=1;room-id=443063688;subscriber=0;tmi-sent-ts=1565489227282;turbo=0;user-id=38731171;user-type=mod :tonyxzero!tonyxzero@tonyxzero.tmi.twitch.tv PRIVMSG #beringelamilgrau :FeelsMan
8/10/2019 11:07:10 PM: jean__ - Received: @badge-info=subscriber/2;badges=broadcaster/1,subscriber/0;color=#8A2BE2;display-name=BeringelaMilGrau;emotes=;flags=;id=6438735a-4fc1-4df0-b5bb-a9d19dcfa4f2;mod=0;room-id=443063688;subscriber=1;tmi-sent-ts=1565489229829;turbo=0;user-id=443063688;user-type= :beringelamilgrau!beringelamilgrau@beringelamilgrau.tmi.twitch.tv PRIVMSG #beringelamilgrau :jean ? todo Pepega , at? tomar uma rajada de tiro no minecraft, ai ele me bane do servidor PepeLaugh
8/10/2019 11:07:20 PM: jean__ - Received: @badge-info=subscriber/2;badges=vip/1,subscriber/0,bits-charity/1;color=#5F9EA0;display-name=Jean__;emotes=;flags=;id=bff43166-14cc-4d32-b1dc-cfa049013c8d;mod=0;room-id=443063688;subscriber=1;tmi-sent-ts=1565489239713;turbo=0;user-id=38479494;user-type= :jean__!jean__@jean__.tmi.twitch.tv PRIVMSG #beringelamilgrau :Pepega
8/10/2019 11:07:28 PM: jean__ - Received: @badge-info=;badges=moderator/1;color=#008000;display-name=TONYXZERO;emotes=;flags=;id=a911501b-1439-407f-a276-082c28a9f7ff;mod=1;room-id=443063688;subscriber=0;tmi-sent-ts=1565489247510;turbo=0;user-id=38731171;user-type=mod :tonyxzero!tonyxzero@tonyxzero.tmi.twitch.tv PRIVMSG #beringelamilgrau :OMEGALUL
8/10/2019 11:07:38 PM: jean__ - Received: @badge-info=subscriber/2;badges=vip/1,subscriber/0,bits-charity/1;color=#5F9EA0;display-name=Jean__;emotes=;flags=;id=fcbf29d1-c838-45b3-ba70-8da72d938e69;mod=0;room-id=443063688;subscriber=1;tmi-sent-ts=1565489257728;turbo=0;user-id=38479494;user-type= :jean__!jean__@jean__.tmi.twitch.tv PRIVMSG #beringelamilgrau :tava lendo sobre o mod FeelsMan
