8/23/2019 9:47:10 PM: botfumante - Connecting to: wss://irc-ws.chat.twitch.tv:443
8/23/2019 9:47:11 PM: botfumante - Should be connected!
8/23/2019 9:47:11 PM: botfumante - Joining channel: beringelamilgrau
8/23/2019 9:47:12 PM: botfumante - Received: :tmi.twitch.tv 001 botfumante :Welcome, GLHF!
8/23/2019 9:47:12 PM: botfumante - Received: :tmi.twitch.tv 002 botfumante :Your host is tmi.twitch.tv
8/23/2019 9:47:12 PM: botfumante - Received: :tmi.twitch.tv 003 botfumante :This server is rather new
8/23/2019 9:47:12 PM: botfumante - Received: :tmi.twitch.tv 004 botfumante :-
8/23/2019 9:47:12 PM: botfumante - Received: :tmi.twitch.tv 375 botfumante :-
8/23/2019 9:47:12 PM: botfumante - Received: :tmi.twitch.tv 372 botfumante :You are in a maze of twisty passages, all alike.
8/23/2019 9:47:12 PM: botfumante - Received: :tmi.twitch.tv 376 botfumante :>
8/23/2019 9:47:12 PM: botfumante - Received: :tmi.twitch.tv CAP * ACK :twitch.tv/membership
8/23/2019 9:47:12 PM: botfumante - Unaccounted for: :tmi.twitch.tv CAP * ACK :twitch.tv/membership
8/23/2019 9:47:12 PM: botfumante - Received: :tmi.twitch.tv CAP * ACK :twitch.tv/commands
8/23/2019 9:47:12 PM: botfumante - Unaccounted for: :tmi.twitch.tv CAP * ACK :twitch.tv/commands
8/23/2019 9:47:12 PM: botfumante - Received: :tmi.twitch.tv CAP * ACK :twitch.tv/tags
8/23/2019 9:47:12 PM: botfumante - Unaccounted for: :tmi.twitch.tv CAP * ACK :twitch.tv/tags
8/23/2019 9:47:12 PM: botfumante - Received: :botfumante!botfumante@botfumante.tmi.twitch.tv JOIN #beringelamilgrau
8/23/2019 9:47:12 PM: botfumante - Received: @badge-info=;badges=;color=;display-name=BotFumante;emote-sets=0;mod=0;subscriber=0;user-type= :tmi.twitch.tv USERSTATE #beringelamilgrau
8/23/2019 9:47:12 PM: botfumante - Received: @emote-only=0;followers-only=-1;r9k=0;rituals=0;room-id=443063688;slow=0;subs-only=0 :tmi.twitch.tv ROOMSTATE #beringelamilgrau
8/23/2019 9:47:12 PM: botfumante - Received: :botfumante.tmi.twitch.tv 353 botfumante = #beringelamilgrau :gladosxcake joseantonio001 calibrelordal lurxx commanderroot jcfleal electricallongboard alexisyuki botfumante s1faka biravg nightbot pedroazure ddanniell rbruno018 streamlabs winsock hisaagi tonyxzero lucaesan jean__ beringelamilgrau
8/23/2019 9:47:12 PM: botfumante - Received: :botfumante.tmi.twitch.tv 366 botfumante #beringelamilgrau :End of /NAMES list
8/23/2019 9:47:12 PM: botfumante - Finished channel joining queue.
8/23/2019 9:47:12 PM: botfumante - Received: @badge-info=;badges=bits-charity/1;color=#DAA520;display-name=lucaesan;emotes=;flags=;id=1f69dc6e-b39e-4afd-b273-8b8c0304359c;mod=0;room-id=443063688;subscriber=0;tmi-sent-ts=1566607631079;turbo=0;user-id=167039036;user-type= :lucaesan!lucaesan@lucaesan.tmi.twitch.tv PRIVMSG #beringelamilgrau :eu acheique o tony irira deixar eu pegar na arma dele
8/23/2019 9:47:12 PM: botfumante - Finished channel joining queue.
8/23/2019 9:47:22 PM: botfumante - Received: @badge-info=;badges=moderator/1;color=#008000;display-name=TONYXZERO;emotes=;flags=;id=33d1062e-949c-4046-b9c0-70ecdf88f2a4;mod=1;room-id=443063688;subscriber=0;tmi-sent-ts=1566607637842;turbo=0;user-id=38731171;user-type=mod :tonyxzero!tonyxzero@tonyxzero.tmi.twitch.tv PRIVMSG #beringelamilgrau :Vcs j? viram chat em q vinha gente s? pra postar caule em quase toda Live??? FeelsMan
