2019-07-08 8:20:41 PM: botfumante - Connecting to: wss://irc-ws.chat.twitch.tv:443
2019-07-08 8:20:42 PM: botfumante - Should be connected!
2019-07-08 8:20:42 PM: botfumante - Joining channel: beringelamilgrau
2019-07-08 8:20:43 PM: botfumante - Received: :tmi.twitch.tv 001 botfumante :Welcome, GLHF!
2019-07-08 8:20:43 PM: botfumante - Received: :tmi.twitch.tv 002 botfumante :Your host is tmi.twitch.tv
2019-07-08 8:20:43 PM: botfumante - Received: :tmi.twitch.tv 003 botfumante :This server is rather new
2019-07-08 8:20:43 PM: botfumante - Received: :tmi.twitch.tv 004 botfumante :-
2019-07-08 8:20:43 PM: botfumante - Received: :tmi.twitch.tv 375 botfumante :-
2019-07-08 8:20:43 PM: botfumante - Received: :tmi.twitch.tv 372 botfumante :You are in a maze of twisty passages, all alike.
2019-07-08 8:20:43 PM: botfumante - Received: :tmi.twitch.tv 376 botfumante :>
2019-07-08 8:20:43 PM: botfumante - Received: :tmi.twitch.tv CAP * ACK :twitch.tv/membership
2019-07-08 8:20:43 PM: botfumante - Unaccounted for: :tmi.twitch.tv CAP * ACK :twitch.tv/membership
2019-07-08 8:20:43 PM: botfumante - Received: :tmi.twitch.tv CAP * ACK :twitch.tv/commands
2019-07-08 8:20:43 PM: botfumante - Unaccounted for: :tmi.twitch.tv CAP * ACK :twitch.tv/commands
2019-07-08 8:20:43 PM: botfumante - Received: :tmi.twitch.tv CAP * ACK :twitch.tv/tags
2019-07-08 8:20:43 PM: botfumante - Unaccounted for: :tmi.twitch.tv CAP * ACK :twitch.tv/tags
2019-07-08 8:20:43 PM: botfumante - Received: :botfumante!botfumante@botfumante.tmi.twitch.tv JOIN #beringelamilgrau
2019-07-08 8:20:43 PM: botfumante - Received: :botfumante.tmi.twitch.tv 353 botfumante = #beringelamilgrau :botfumante
2019-07-08 8:20:43 PM: botfumante - Received: :botfumante.tmi.twitch.tv 366 botfumante #beringelamilgrau :End of /NAMES list
2019-07-08 8:20:43 PM: botfumante - Finished channel joining queue.
2019-07-08 8:20:43 PM: botfumante - Received: @badge-info=;badges=;color=;display-name=BotFumante;emote-sets=0;mod=0;subscriber=0;user-type= :tmi.twitch.tv USERSTATE #beringelamilgrau
2019-07-08 8:20:43 PM: botfumante - Received: @emote-only=0;followers-only=-1;r9k=0;rituals=0;room-id=443063688;slow=0;subs-only=0 :tmi.twitch.tv ROOMSTATE #beringelamilgrau
2019-07-08 8:20:43 PM: botfumante - Finished channel joining queue.
2019-07-08 8:20:44 PM: botfumante - Received: @badge-info=;badges=;color=;display-name=BotFumante;emote-sets=0;mod=0;subscriber=0;user-type= :tmi.twitch.tv USERSTATE #beringelamilgrau
2019-07-08 8:20:49 PM: botfumante - Received: @badge-info=;badges=moderator/1;color=#FF9600;display-name=ddanniell;emotes=;flags=;id=c2738f7e-d513-4876-b912-55b263669b39;mod=1;room-id=443063688;subscriber=0;tmi-sent-ts=1562628048878;turbo=0;user-id=36163282;user-type=mod :ddanniell!ddanniell@ddanniell.tmi.twitch.tv PRIVMSG #beringelamilgrau :!processo
2019-07-08 8:20:49 PM: botfumante - Received: @badge-info=;badges=moderator/1,partner/1;color=#7C7CE1;display-name=Nightbot;emotes=;flags=;id=72caed96-f136-486b-bc04-297ea7b640f6;mod=1;room-id=443063688;subscriber=0;tmi-sent-ts=1562628049034;turbo=0;user-id=19264788;user-type=mod :nightbot!nightbot@nightbot.tmi.twitch.tv PRIVMSG #beringelamilgrau :O beringelamilgrau n?o compactua com as opini?es dos participantes, nem com a desse chat. peepoEggplant
2019-07-08 8:20:57 PM: botfumante - Received: :ddanniell!ddanniell@ddanniell.tmi.twitch.tv JOIN #beringelamilgrau
2019-07-08 8:20:57 PM: botfumante - Received: :p0lizei_!p0lizei_@p0lizei_.tmi.twitch.tv JOIN #beringelamilgrau
2019-07-08 8:20:57 PM: botfumante - Received: :beringelamilgrau!beringelamilgrau@beringelamilgrau.tmi.twitch.tv JOIN #beringelamilgrau
2019-07-08 8:20:57 PM: botfumante - Received: :tonyxzero!tonyxzero@tonyxzero.tmi.twitch.tv JOIN #beringelamilgrau
2019-07-08 8:20:57 PM: botfumante - Received: :cachebear!cachebear@cachebear.tmi.twitch.tv JOIN #beringelamilgrau
2019-07-08 8:20:57 PM: botfumante - Received: :anotherttvviewer!anotherttvviewer@anotherttvviewer.tmi.twitch.tv JOIN #beringelamilgrau
2019-07-08 8:20:57 PM: botfumante - Received: :nightbot!nightbot@nightbot.tmi.twitch.tv JOIN #beringelamilgrau
2019-07-08 8:20:57 PM: botfumante - Received: :brun0hl!brun0hl@brun0hl.tmi.twitch.tv JOIN #beringelamilgrau
2019-07-08 8:20:57 PM: botfumante - Received: :lurxx!lurxx@lurxx.tmi.twitch.tv JOIN #beringelamilgrau
2019-07-08 8:20:57 PM: botfumante - Received: :saulo_pe!saulo_pe@saulo_pe.tmi.twitch.tv JOIN #beringelamilgrau
2019-07-08 8:20:57 PM: botfumante - Received: :rbruno018!rbruno018@rbruno018.tmi.twitch.tv JOIN #beringelamilgrau
2019-07-08 8:20:57 PM: botfumante - Received: :zanekyber!zanekyber@zanekyber.tmi.twitch.tv JOIN #beringelamilgrau
2019-07-08 8:20:57 PM: botfumante - Received: :energyzbot!energyzbot@energyzbot.tmi.twitch.tv JOIN #beringelamilgrau
2019-07-08 8:20:58 PM: botfumante - Received: :canaltotorial!canaltotorial@canaltotorial.tmi.twitch.tv JOIN #beringelamilgrau
2019-07-08 8:20:58 PM: botfumante - Received: :jean__!jean__@jean__.tmi.twitch.tv JOIN #beringelamilgrau
2019-07-08 8:20:58 PM: botfumante - Received: :montee_waffle!montee_waffle@montee_waffle.tmi.twitch.tv JOIN #beringelamilgrau
2019-07-08 8:20:58 PM: botfumante - Received: :teyyd!teyyd@teyyd.tmi.twitch.tv JOIN #beringelamilgrau
2019-07-08 8:20:58 PM: botfumante - Received: :5uperted!5uperted@5uperted.tmi.twitch.tv JOIN #beringelamilgrau
2019-07-08 8:20:58 PM: botfumante - Received: :marmitademorango!marmitademorango@marmitademorango.tmi.twitch.tv JOIN #beringelamilgrau
2019-07-08 8:20:58 PM: botfumante - Received: :angeloflight!angeloflight@angeloflight.tmi.twitch.tv JOIN #beringelamilgrau
2019-07-08 8:20:58 PM: botfumante - Received: :olove!olove@olove.tmi.twitch.tv JOIN #beringelamilgrau
2019-07-08 8:20:58 PM: botfumante - Received: :commanderroot!commanderroot@commanderroot.tmi.twitch.tv JOIN #beringelamilgrau
2019-07-08 8:20:58 PM: botfumante - Received: :s1faka!s1faka@s1faka.tmi.twitch.tv JOIN #beringelamilgrau
2019-07-08 8:20:58 PM: botfumante - Received: :electricallongboard!electricallongboard@electricallongboard.tmi.twitch.tv JOIN #beringelamilgrau
2019-07-08 8:21:25 PM: botfumante - Received: @badge-info=;badges=;color=#FF69B4;display-name=rbruno018;emotes=;flags=0-12:;id=6a53ca19-0842-40e2-8e25-87759cb74822;mod=0;room-id=443063688;subscriber=0;tmi-sent-ts=1562628084836;turbo=0;user-id=216448313;user-type= :rbruno018!rbruno018@rbruno018.tmi.twitch.tv PRIVMSG #beringelamilgrau :boasfarpa.com
2019-07-08 8:21:56 PM: botfumante - Received: @badge-info=;badges=bits-charity/1;color=#1E90FF;display-name=Jean__;emotes=;flags=;id=d0d1ec0d-721e-419a-84fc-399cb86672e6;mod=0;room-id=443063688;subscriber=0;tmi-sent-ts=1562628116541;turbo=0;user-id=38479494;user-type= :jean__!jean__@jean__.tmi.twitch.tv PRIVMSG #beringelamilgrau :Os dois s?o meus peepoLove
2019-07-08 8:21:59 PM: botfumante - Received: :hostmeraffle!hostmeraffle@hostmeraffle.tmi.twitch.tv JOIN #beringelamilgrau
2019-07-08 8:21:59 PM: botfumante - Received: :marmitademorango!marmitademorango@marmitademorango.tmi.twitch.tv PART #beringelamilgrau
2019-07-08 8:22:07 PM: botfumante - Received: @badge-info=;badges=bits-charity/1;color=#1E90FF;display-name=Jean__;emotes=;flags=;id=4ea9d001-8992-46b9-bd27-734a4d85abee;mod=0;room-id=443063688;subscriber=0;tmi-sent-ts=1562628127040;turbo=0;user-id=38479494;user-type= :jean__!jean__@jean__.tmi.twitch.tv PRIVMSG #beringelamilgrau :Da pra mudar no arquivo de configura??o peepoSmart
2019-07-08 8:22:59 PM: botfumante - Received: :p0lizei_!p0lizei_@p0lizei_.tmi.twitch.tv PART #beringelamilgrau
2019-07-08 8:22:59 PM: botfumante - Received: :s1faka!s1faka@s1faka.tmi.twitch.tv PART #beringelamilgrau
2019-07-08 8:22:59 PM: botfumante - Received: @badge-info=;badges=;color=#FF69B4;display-name=rbruno018;emotes=;flags=13-18:S.5;id=4de122fe-3634-4904-a7ca-6f7fee934e5f;mod=0;room-id=443063688;subscriber=0;tmi-sent-ts=1562628179191;turbo=0;user-id=216448313;user-type= :rbruno018!rbruno018@rbruno018.tmi.twitch.tv PRIVMSG #beringelamilgrau :encontros do tinder com monte waffle FeelsMan
2019-07-08 8:24:27 PM: botfumante - Received: @badge-info=;badges=moderator/1;color=#FF9600;display-name=ddanniell;emotes=;flags=;id=8f8cf7e1-1937-40d3-a509-8334135fec09;mod=1;room-id=443063688;subscriber=0;tmi-sent-ts=1562628267585;turbo=0;user-id=36163282;user-type=mod :ddanniell!ddanniell@ddanniell.tmi.twitch.tv PRIVMSG #beringelamilgrau :!caster canaltotorial
2019-07-08 8:24:28 PM: botfumante - Received: @badge-info=;badges=moderator/1,partner/1;color=#7C7CE1;display-name=Nightbot;emotes=;flags=;id=92943cf7-4e6c-43a5-9480-5e50c4c761b2;mod=1;room-id=443063688;subscriber=0;tmi-sent-ts=1562628267833;turbo=0;user-id=19264788;user-type=mod :nightbot!nightbot@nightbot.tmi.twitch.tv PRIVMSG #beringelamilgrau :peepoSmoke Sigam o amiguinho canaltotorial ! Voc? pode encontr?-lo aqui: twitch.tv/canaltotorial . peepoSmoke
2019-07-08 8:25:05 PM: botfumante - Received: :p0lizei_!p0lizei_@p0lizei_.tmi.twitch.tv JOIN #beringelamilgrau
2019-07-08 8:25:05 PM: botfumante - Received: :hostmeraffle!hostmeraffle@hostmeraffle.tmi.twitch.tv PART #beringelamilgrau
2019-07-08 8:25:13 PM: botfumante - Received: @badge-info=;badges=;color=#FF69B4;display-name=rbruno018;emotes=;flags=;id=bac6cb10-cb3f-4d7f-ac63-35a4b4f05858;mod=0;room-id=443063688;subscriber=0;tmi-sent-ts=1562628313544;turbo=0;user-id=216448313;user-type= :rbruno018!rbruno018@rbruno018.tmi.twitch.tv PRIVMSG #beringelamilgrau :opa mudando agora FeelsOkayMan
2019-07-08 8:25:17 PM: botfumante - Received: PING :tmi.twitch.tv
2019-07-08 8:25:17 PM: botfumante - Writing: PONG
2019-07-08 8:25:32 PM: botfumante - Received: @badge-info=;badges=bits-charity/1;color=#1E90FF;display-name=Jean__;emotes=;flags=;id=8dd2689c-c307-44a3-a4a4-9950d8a92972;mod=0;room-id=443063688;subscriber=0;tmi-sent-ts=1562628332128;turbo=0;user-id=38479494;user-type= :jean__!jean__@jean__.tmi.twitch.tv PRIVMSG #beringelamilgrau :Precisa reservar o canaltotorial tamb?m FeelsMan
2019-07-08 8:25:34 PM: botfumante - Received: @badge-info=;badges=;color=#FF69B4;display-name=rbruno018;emotes=;flags=;id=3220a1b4-0b5f-45d2-a630-37131383d045;mod=0;room-id=443063688;subscriber=0;tmi-sent-ts=1562628334577;turbo=0;user-id=216448313;user-type= :rbruno018!rbruno018@rbruno018.tmi.twitch.tv PRIVMSG #beringelamilgrau :anuncio da live do totoro daqui 30 dias FeelsOkayMan
2019-07-08 8:26:03 PM: botfumante - Received: @badge-info=;badges=;color=#FF69B4;display-name=rbruno018;emotes=;flags=;id=0e6814f7-d214-4bf7-8136-04084314bf2b;mod=0;room-id=443063688;subscriber=0;tmi-sent-ts=1562628363731;turbo=0;user-id=216448313;user-type= :rbruno018!rbruno018@rbruno018.tmi.twitch.tv PRIVMSG #beringelamilgrau :OMEGALUL
2019-07-08 8:27:35 PM: botfumante - Received: @badge-info=;badges=;color=#FF69B4;display-name=rbruno018;emotes=;flags=;id=8807fc5e-8c4b-444e-b2f8-d6cfd3d3ee75;mod=0;room-id=443063688;subscriber=0;tmi-sent-ts=1562628455131;turbo=0;user-id=216448313;user-type= :rbruno018!rbruno018@rbruno018.tmi.twitch.tv PRIVMSG #beringelamilgrau :pode deixar FeelsOkayMan
2019-07-08 8:27:57 PM: botfumante - Received: @badge-info=;badges=;color=#FF69B4;display-name=rbruno018;emotes=;flags=;id=e643c809-bf3a-49e4-a3b0-2109846dd198;mod=0;room-id=443063688;subscriber=0;tmi-sent-ts=1562628477284;turbo=0;user-id=216448313;user-type= :rbruno018!rbruno018@rbruno018.tmi.twitch.tv PRIVMSG #beringelamilgrau :OMEGALUL
2019-07-08 8:29:41 PM: botfumante - Received: PING :tmi.twitch.tv
2019-07-08 8:29:41 PM: botfumante - Writing: PONG
2019-07-08 8:30:33 PM: botfumante - Received: :synnyter!synnyter@synnyter.tmi.twitch.tv JOIN #beringelamilgrau
2019-07-08 8:30:33 PM: botfumante - Received: :jrenann!jrenann@jrenann.tmi.twitch.tv JOIN #beringelamilgrau
2019-07-08 8:31:46 PM: botfumante - Received: @badge-info=;badges=;color=#FF69B4;display-name=rbruno018;emotes=;flags=;id=b9d707e5-700f-4deb-82b2-586d2ac6039d;mod=0;room-id=443063688;subscriber=0;tmi-sent-ts=1562628706547;turbo=0;user-id=216448313;user-type= :rbruno018!rbruno018@rbruno018.tmi.twitch.tv PRIVMSG #beringelamilgrau :eu tinha um gato chamado REX
2019-07-08 8:32:36 PM: botfumante - Received: @badge-info=;badges=;color=#1E90FF;display-name=Stay_Hydrated_Bot;emotes=869375:18-29;flags=;id=4e1d4aa3-c5c2-46eb-a95a-9c926daf5d13;mod=0;room-id=443063688;subscriber=0;tmi-sent-ts=1562628756134;turbo=0;user-id=183484964;user-type= :stay_hydrated_bot!stay_hydrated_bot@stay_hydrated_bot.tmi.twitch.tv PRIVMSG #beringelamilgrau :ACTION @beringelamilgrau stayhyBottle You've been live for just over 2 hours. By this point in your broadcast you should have consumed at least 8oz (240mL) of water to maintain optimum hydration.
2019-07-08 8:32:42 PM: botfumante - Received: @badge-info=;badges=bits-charity/1;color=#1E90FF;display-name=Jean__;emotes=;flags=;id=6d8a4a80-0df1-4370-a366-22f55a08c54e;mod=0;room-id=443063688;subscriber=0;tmi-sent-ts=1562628762654;turbo=0;user-id=38479494;user-type= :jean__!jean__@jean__.tmi.twitch.tv PRIVMSG #beringelamilgrau :ConcernFroge
2019-07-08 8:32:48 PM: botfumante - Received: @badge-info=;badges=bits-charity/1;color=#1E90FF;display-name=Jean__;emotes=;flags=;id=5c98f83b-1a66-4c8a-8f71-cdd554567472;mod=0;room-id=443063688;subscriber=0;tmi-sent-ts=1562628768061;turbo=0;user-id=38479494;user-type= :jean__!jean__@jean__.tmi.twitch.tv PRIVMSG #beringelamilgrau :Da ban nesse impostor
2019-07-08 8:32:49 PM: botfumante - Received: @badge-info=;badges=;color=#FF69B4;display-name=rbruno018;emotes=;flags=;id=7ff9db35-80d9-4f8f-8fa2-ab41312a403e;mod=0;room-id=443063688;subscriber=0;tmi-sent-ts=1562628768956;turbo=0;user-id=216448313;user-type= :rbruno018!rbruno018@rbruno018.tmi.twitch.tv PRIVMSG #beringelamilgrau :ban ban ban
2019-07-08 8:32:51 PM: botfumante - Received: @badge-info=;badges=;color=#FF69B4;display-name=rbruno018;emotes=;flags=;id=87c28860-4a7e-4dc1-bedf-ac5d47c6d53c;mod=0;room-id=443063688;subscriber=0;tmi-sent-ts=1562628771062;turbo=0;user-id=216448313;user-type= :rbruno018!rbruno018@rbruno018.tmi.twitch.tv PRIVMSG #beringelamilgrau :!sai
2019-07-08 8:32:51 PM: botfumante - Received: @badge-info=;badges=moderator/1,partner/1;color=#7C7CE1;display-name=Nightbot;emotes=;flags=;id=9da6aaf4-1cf1-46ad-9d3d-c07b45414822;mod=1;room-id=443063688;subscriber=0;tmi-sent-ts=1562628771266;turbo=0;user-id=19264788;user-type=mod :nightbot!nightbot@nightbot.tmi.twitch.tv PRIVMSG #beringelamilgrau :Sai mano, sai da minha live!! monkaGun
2019-07-08 8:33:09 PM: botfumante - Received: @badge-info=;badges=moderator/1;color=#008000;display-name=TONYXZERO;emotes=;flags=;id=f6af38d3-bc09-4afb-885c-aa3dc42b74f7;mod=1;room-id=443063688;subscriber=0;tmi-sent-ts=1562628788900;turbo=0;user-id=38731171;user-type=mod :tonyxzero!tonyxzero@tonyxzero.tmi.twitch.tv PRIVMSG #beringelamilgrau :!quote
2019-07-08 8:33:10 PM: botfumante - Received: @badge-info=;badges=moderator/1,partner/1;color=#7C7CE1;display-name=Nightbot;emotes=;flags=35-42:P.6/S.6;id=577a0aab-8d35-4bb3-932e-e4055774ac17;mod=1;room-id=443063688;subscriber=0;tmi-sent-ts=1562628789589;turbo=0;user-id=19264788;user-type=mod :nightbot!nightbot@nightbot.tmi.twitch.tv PRIVMSG #beringelamilgrau :4. Dom... (...) Ah! Dom ? domingo, caralho! - ddanniell
2019-07-08 8:33:34 PM: botfumante - Received: @badge-info=;badges=partner/1;color=;display-name=CanalTotorial;emotes=;flags=;id=bbe49a97-1dfc-404c-8d10-9f33d0e05934;mod=0;room-id=443063688;subscriber=0;tmi-sent-ts=1562628813787;turbo=0;user-id=165979679;user-type= :canaltotorial!canaltotorial@canaltotorial.tmi.twitch.tv PRIVMSG #beringelamilgrau :!ddaniel
2019-07-08 8:33:36 PM: botfumante - Received: @badge-info=;badges=partner/1;color=;display-name=CanalTotorial;emotes=;flags=;id=791438b8-f79b-4143-937a-18738166ee5b;mod=0;room-id=443063688;subscriber=0;tmi-sent-ts=1562628816414;turbo=0;user-id=165979679;user-type= :canaltotorial!canaltotorial@canaltotorial.tmi.twitch.tv PRIVMSG #beringelamilgrau :!daniel
2019-07-08 8:33:37 PM: botfumante - Received: @badge-info=;badges=moderator/1,partner/1;color=#7C7CE1;display-name=Nightbot;emotes=;flags=;id=14451599-91fe-427c-bcc9-a013070c2d50;mod=1;room-id=443063688;subscriber=0;tmi-sent-ts=1562628816648;turbo=0;user-id=19264788;user-type=mod :nightbot!nightbot@nightbot.tmi.twitch.tv PRIVMSG #beringelamilgrau :Perdoa o rapaz, ele n?o sabe ler.
2019-07-08 8:33:48 PM: botfumante - Received: :jrenann!jrenann@jrenann.tmi.twitch.tv PART #beringelamilgrau
2019-07-08 8:33:48 PM: botfumante - Received: :jean__!jean__@jean__.tmi.twitch.tv PART #beringelamilgrau
2019-07-08 8:34:04 PM: botfumante - Received: PING :tmi.twitch.tv
2019-07-08 8:34:04 PM: botfumante - Writing: PONG
2019-07-08 8:34:57 PM: botfumante - Received: :jean__!jean__@jean__.tmi.twitch.tv JOIN #beringelamilgrau
2019-07-08 8:35:57 PM: botfumante - Received: @badge-info=;badges=;color=#FF69B4;display-name=rbruno018;emotes=;flags=;id=78f78432-33b5-4768-9d8d-810c5f355861;mod=0;room-id=443063688;subscriber=0;tmi-sent-ts=1562628957366;turbo=0;user-id=216448313;user-type= :rbruno018!rbruno018@rbruno018.tmi.twitch.tv PRIVMSG #beringelamilgrau :OMEGALUL
2019-07-08 8:36:18 PM: botfumante - Received: @badge-info=;badges=;color=#FF69B4;display-name=rbruno018;emotes=;flags=;id=a32af265-f08d-466a-9015-3d1fc0110173;mod=0;room-id=443063688;subscriber=0;tmi-sent-ts=1562628978061;turbo=0;user-id=216448313;user-type= :rbruno018!rbruno018@rbruno018.tmi.twitch.tv PRIVMSG #beringelamilgrau :sorteia a key pra chat FeelsOkayMan
2019-07-08 8:36:29 PM: botfumante - Received: @badge-info=;badges=;color=#FF69B4;display-name=rbruno018;emotes=;flags=;id=06b57463-9c3b-4035-ab94-c80f7a09352b;mod=0;room-id=443063688;subscriber=0;tmi-sent-ts=1562628988602;turbo=0;user-id=216448313;user-type= :rbruno018!rbruno018@rbruno018.tmi.twitch.tv PRIVMSG #beringelamilgrau :OMEGALUL
2019-07-08 8:38:04 PM: botfumante - Received: :p0lizei_!p0lizei_@p0lizei_.tmi.twitch.tv PART #beringelamilgrau
2019-07-08 8:38:06 PM: botfumante - Received: PING :tmi.twitch.tv
2019-07-08 8:38:06 PM: botfumante - Writing: PONG
2019-07-08 8:40:05 PM: botfumante - Received: @badge-info=;badges=;color=#FF69B4;display-name=rbruno018;emotes=;flags=;id=3588d9cf-4231-409a-8b5a-63e3e91a9057;mod=0;room-id=443063688;subscriber=0;tmi-sent-ts=1562629205155;turbo=0;user-id=216448313;user-type= :rbruno018!rbruno018@rbruno018.tmi.twitch.tv PRIVMSG #beringelamilgrau :digimon*
2019-07-08 8:40:06 PM: botfumante - Received: :brun0hl!brun0hl@brun0hl.tmi.twitch.tv PART #beringelamilgrau
2019-07-08 8:40:28 PM: botfumante - Received: @badge-info=;badges=;color=#FF69B4;display-name=rbruno018;emotes=;flags=;id=fb6c95a5-7957-4bc7-9199-db484f1a3843;mod=0;room-id=443063688;subscriber=0;tmi-sent-ts=1562629227738;turbo=0;user-id=216448313;user-type= :rbruno018!rbruno018@rbruno018.tmi.twitch.tv PRIVMSG #beringelamilgrau :OMEGALUL
2019-07-08 8:40:29 PM: botfumante - Received: @badge-info=;badges=;color=#FF69B4;display-name=GretchenMatadora;emotes=;flags=;id=d8bec146-dddf-470f-80c4-1707942384e2;mod=0;room-id=443063688;subscriber=0;tmi-sent-ts=1562629229226;turbo=0;user-id=47311930;user-type= :gretchenmatadora!gretchenmatadora@gretchenmatadora.tmi.twitch.tv PRIVMSG #beringelamilgrau :essa ost ? muito linda
2019-07-08 8:41:19 PM: botfumante - Received: @badge-info=;badges=;color=#FF69B4;display-name=GretchenMatadora;emote-only=1;emotes=30259:0-6;flags=;id=1444d5ce-b59d-46d3-a3f7-75f4172e97f6;mod=0;room-id=443063688;subscriber=0;tmi-sent-ts=1562629278916;turbo=0;user-id=47311930;user-type= :gretchenmatadora!gretchenmatadora@gretchenmatadora.tmi.twitch.tv PRIVMSG #beringelamilgrau :HeyGuys
2019-07-08 8:42:14 PM: botfumante - Received: :gretchenmatadora!gretchenmatadora@gretchenmatadora.tmi.twitch.tv JOIN #beringelamilgrau
2019-07-08 8:42:14 PM: botfumante - Received: :brun0hl!brun0hl@brun0hl.tmi.twitch.tv JOIN #beringelamilgrau
2019-07-08 8:42:14 PM: botfumante - Received: :angeloflight!angeloflight@angeloflight.tmi.twitch.tv PART #beringelamilgrau
2019-07-08 8:42:14 PM: botfumante - Received: :lurxx!lurxx@lurxx.tmi.twitch.tv PART #beringelamilgrau
2019-07-08 8:42:22 PM: botfumante - Received: PING :tmi.twitch.tv
2019-07-08 8:42:22 PM: botfumante - Writing: PONG
2019-07-08 8:43:15 PM: botfumante - Received: :angeloflight!angeloflight@angeloflight.tmi.twitch.tv JOIN #beringelamilgrau
2019-07-08 8:43:15 PM: botfumante - Received: :lurxx!lurxx@lurxx.tmi.twitch.tv JOIN #beringelamilgrau
2019-07-08 8:43:15 PM: botfumante - Received: :canaltotorial!canaltotorial@canaltotorial.tmi.twitch.tv PART #beringelamilgrau
2019-07-08 8:43:38 PM: botfumante - Received: @badge-info=;badges=;color=#FF69B4;display-name=rbruno018;emotes=;flags=;id=7b6d4144-a5b0-4b75-81db-190ff80b1602;mod=0;room-id=443063688;subscriber=0;tmi-sent-ts=1562629417792;turbo=0;user-id=216448313;user-type= :rbruno018!rbruno018@rbruno018.tmi.twitch.tv PRIVMSG #beringelamilgrau :irithil
2019-07-08 8:43:50 PM: botfumante - Received: @badge-info=;badges=;color=#008000;display-name=TONYXZERO;emotes=;flags=;id=59416623-c9d0-4638-8b6a-7bf9a781ffe9;mod=0;room-id=443063688;subscriber=0;tmi-sent-ts=1562629429873;turbo=0;user-id=38731171;user-type= :tonyxzero!tonyxzero@tonyxzero.tmi.twitch.tv PRIVMSG #beringelamilgrau :peepoLegs
2019-07-08 8:44:34 PM: botfumante - Received: @badge-info=;badges=;color=#FF69B4;display-name=rbruno018;emotes=;flags=;id=5168bc02-9b96-45a0-a668-34fe0cb6778b;mod=0;room-id=443063688;subscriber=0;tmi-sent-ts=1562629473830;turbo=0;user-id=216448313;user-type= :rbruno018!rbruno018@rbruno018.tmi.twitch.tv PRIVMSG #beringelamilgrau :ConcernFroge
2019-07-08 8:44:43 PM: botfumante - Received: @badge-info=;badges=;color=#FF69B4;display-name=rbruno018;emotes=;flags=;id=f2588a4f-24ac-47d7-94fb-d414640093d5;mod=0;room-id=443063688;subscriber=0;tmi-sent-ts=1562629483166;turbo=0;user-id=216448313;user-type= :rbruno018!rbruno018@rbruno018.tmi.twitch.tv PRIVMSG #beringelamilgrau :comer ConcernFroge
2019-07-08 8:45:55 PM: botfumante - Received: @badge-info=;badges=;color=#FF69B4;display-name=rbruno018;emotes=;flags=;id=8651fdae-e7e3-4c55-9695-4137c4441e5b;mod=0;room-id=443063688;subscriber=0;tmi-sent-ts=1562629554937;turbo=0;user-id=216448313;user-type= :rbruno018!rbruno018@rbruno018.tmi.twitch.tv PRIVMSG #beringelamilgrau :D:
2019-07-08 8:45:57 PM: botfumante - Received: @badge-info=;badges=moderator/1;color=#FF9600;display-name=ddanniell;emotes=;flags=0-61:;id=bd74428a-c31a-4dc0-8ab8-33d16a95b63a;mod=1;room-id=443063688;subscriber=0;tmi-sent-ts=1562629557309;turbo=0;user-id=36163282;user-type=mod :ddanniell!ddanniell@ddanniell.tmi.twitch.tv PRIVMSG #beringelamilgrau :https://twitter.com/NintendoAmerica/status/1148251461865725952
2019-07-08 8:46:11 PM: botfumante - Received: @badge-info=;badges=moderator/1;color=#008000;display-name=TONYXZERO;emotes=;flags=0-87:;id=d40ba83f-b384-45ab-ac39-035b7b6b83cd;mod=1;room-id=443063688;subscriber=0;tmi-sent-ts=1562629570772;turbo=0;user-id=38731171;user-type=mod :tonyxzero!tonyxzero@tonyxzero.tmi.twitch.tv PRIVMSG #beringelamilgrau :https://cdn.discordapp.com/attachments/582119632496885764/597936447844253706/unknown.png
2019-07-08 8:46:31 PM: botfumante - Received: PING :tmi.twitch.tv
2019-07-08 8:46:31 PM: botfumante - Writing: PONG
2019-07-08 8:47:29 PM: botfumante - Received: @badge-info=;badges=;color=#FF69B4;display-name=rbruno018;emotes=;flags=;id=c3cd6b52-b170-434a-af53-528db8b9d305;mod=0;room-id=443063688;subscriber=0;tmi-sent-ts=1562629648790;turbo=0;user-id=216448313;user-type= :rbruno018!rbruno018@rbruno018.tmi.twitch.tv PRIVMSG #beringelamilgrau :final do jogo ? no chile
2019-07-08 8:47:30 PM: botfumante - Received: :lurxx!lurxx@lurxx.tmi.twitch.tv PART #beringelamilgrau
2019-07-08 8:47:37 PM: botfumante - Received: @badge-info=;badges=;color=#FF69B4;display-name=GretchenMatadora;emotes=;flags=;id=303b1cdd-43dd-4df9-8abb-a3e2560bb846;mod=0;room-id=443063688;subscriber=0;tmi-sent-ts=1562629657213;turbo=0;user-id=47311930;user-type= :gretchenmatadora!gretchenmatadora@gretchenmatadora.tmi.twitch.tv PRIVMSG #beringelamilgrau :fala isso para o midir
2019-07-08 8:47:54 PM: botfumante - Received: @badge-info=;badges=;color=#FF69B4;display-name=rbruno018;emotes=;flags=;id=71b93ca1-0b09-4d86-9745-b11d8931c8a2;mod=0;room-id=443063688;subscriber=0;tmi-sent-ts=1562629673663;turbo=0;user-id=216448313;user-type= :rbruno018!rbruno018@rbruno018.tmi.twitch.tv PRIVMSG #beringelamilgrau :o eclipse
2019-07-08 8:48:10 PM: botfumante - Received: @badge-info=;badges=;color=#FF69B4;display-name=rbruno018;emotes=;flags=;id=e772bf56-7ae3-496b-b9e4-b4896a4b65ed;mod=0;room-id=443063688;subscriber=0;tmi-sent-ts=1562629689747;turbo=0;user-id=216448313;user-type= :rbruno018!rbruno018@rbruno018.tmi.twitch.tv PRIVMSG #beringelamilgrau :ele nao ? complicado nao
2019-07-08 8:48:20 PM: botfumante - Received: @badge-info=;badges=;color=#FF69B4;display-name=rbruno018;emotes=;flags=;id=5e34524b-f29e-4d8f-9fe6-48ce72ff5ebb;mod=0;room-id=443063688;subscriber=0;tmi-sent-ts=1562629700089;turbo=0;user-id=216448313;user-type= :rbruno018!rbruno018@rbruno018.tmi.twitch.tv PRIVMSG #beringelamilgrau :muito mais facil que o nameless
2019-07-08 8:48:34 PM: botfumante - Received: :lurxx!lurxx@lurxx.tmi.twitch.tv JOIN #beringelamilgrau
2019-07-08 8:48:46 PM: botfumante - Received: @badge-info=;badges=;color=#FF69B4;display-name=rbruno018;emotes=;flags=;id=2348ea53-30ed-421f-b068-aab1318db82e;mod=0;room-id=443063688;subscriber=0;tmi-sent-ts=1562629726069;turbo=0;user-id=216448313;user-type= :rbruno018!rbruno018@rbruno018.tmi.twitch.tv PRIVMSG #beringelamilgrau :? aquele meme do bolo na cadeira ? ConcernFroge
2019-07-08 8:49:06 PM: botfumante - Received: @badge-info=;badges=moderator/1;color=#FF9600;display-name=ddanniell;emotes=;flags=0-48:;id=83d247ea-a53d-4aa6-8eac-8afbdd64c454;mod=1;room-id=443063688;subscriber=0;tmi-sent-ts=1562629746589;turbo=0;user-id=36163282;user-type=mod :ddanniell!ddanniell@ddanniell.tmi.twitch.tv PRIVMSG #beringelamilgrau :https://store.steampowered.com/app/745920/Temtem/
2019-07-08 8:49:43 PM: botfumante - Received: @badge-info=;badges=;color=#FF69B4;display-name=rbruno018;emotes=;flags=;id=e2ec065a-bde0-49e2-9de6-5a841a9eb8f0;mod=0;room-id=443063688;subscriber=0;tmi-sent-ts=1562629783276;turbo=0;user-id=216448313;user-type= :rbruno018!rbruno018@rbruno018.tmi.twitch.tv PRIVMSG #beringelamilgrau :esse jogo do temtem ainda nao levou processo ? ConcernFroge
2019-07-08 8:50:24 PM: botfumante - Received: @badge-info=;badges=moderator/1;color=#008000;display-name=TONYXZERO;emotes=;flags=;id=91dcc24a-1c19-4f65-ad69-a98366324dbc;mod=1;room-id=443063688;subscriber=0;tmi-sent-ts=1562629824602;turbo=0;user-id=38731171;user-type=mod :tonyxzero!tonyxzero@tonyxzero.tmi.twitch.tv PRIVMSG #beringelamilgrau :FeelsMan
2019-07-08 8:50:27 PM: botfumante - Received: @badge-info=;badges=;color=#FF69B4;display-name=rbruno018;emotes=;flags=0-4:P.6/S.0;id=e69c15c4-bfd5-400e-8549-e3f629da0488;mod=0;room-id=443063688;subscriber=0;tmi-sent-ts=1562629826752;turbo=0;user-id=216448313;user-type= :rbruno018!rbruno018@rbruno018.tmi.twitch.tv PRIVMSG #beringelamilgrau :porra copia de pokemon
2019-07-08 8:50:34 PM: botfumante - Received: @ban-duration=600;room-id=443063688;target-user-id=216448313;tmi-sent-ts=1562629834526 :tmi.twitch.tv CLEARCHAT #beringelamilgrau :rbruno018
2019-07-08 8:50:34 PM: botfumante - Received: @badge-info=;badges=;color=#FF69B4;display-name=rbruno018;emotes=;flags=;id=601b5c6d-5913-4d4b-ae0f-0f2a09c31d1e;mod=0;room-id=443063688;subscriber=0;tmi-sent-ts=1562629834525;turbo=0;user-id=216448313;user-type= :rbruno018!rbruno018@rbruno018.tmi.twitch.tv PRIVMSG #beringelamilgrau :nitendo processo tudo
2019-07-08 8:50:42 PM: botfumante - Received: @badge-info=;badges=moderator/1;color=#008000;display-name=TONYXZERO;emote-only=1;emotes=1866390:0-5;flags=;id=ed9c6d2f-8312-4c32-b9f0-eed00c8a564d;mod=1;room-id=443063688;subscriber=0;tmi-sent-ts=1562629842508;turbo=0;user-id=38731171;user-type=mod :tonyxzero!tonyxzero@tonyxzero.tmi.twitch.tv PRIVMSG #beringelamilgrau :lordsD
2019-07-08 8:50:46 PM: botfumante - Received: @badge-info=;badges=;color=#FF69B4;display-name=rbruno018;emotes=;flags=;id=9650e18e-3f34-49c7-af54-b7d7a19bb872;mod=0;room-id=443063688;subscriber=0;tmi-sent-ts=1562629845814;turbo=0;user-id=216448313;user-type= :rbruno018!rbruno018@rbruno018.tmi.twitch.tv PRIVMSG #beringelamilgrau :D:
2019-07-08 8:51:02 PM: botfumante - Received: @badge-info=;badges=moderator/1;color=#00FF7F;display-name=5uperTed;emote-only=1;emotes=1866797:0-9;flags=;id=46463e44-cae6-4ced-81e9-494296b46a0d;mod=1;room-id=443063688;subscriber=0;tmi-sent-ts=1562629862163;turbo=0;user-id=238296028;user-type=mod :5uperted!5uperted@5uperted.tmi.twitch.tv PRIVMSG #beringelamilgrau :thomeMonka
2019-07-08 8:51:05 PM: botfumante - Received: @badge-info=;badges=moderator/1;color=#008000;display-name=TONYXZERO;emotes=;flags=;id=a5b43d88-1d9e-4a02-97ec-b095f0c5d384;mod=1;room-id=443063688;subscriber=0;tmi-sent-ts=1562629864827;turbo=0;user-id=38731171;user-type=mod :tonyxzero!tonyxzero@tonyxzero.tmi.twitch.tv PRIVMSG #beringelamilgrau :HUGERS @rbruno018
2019-07-08 8:51:05 PM: botfumante - Received: PING :tmi.twitch.tv
2019-07-08 8:51:05 PM: botfumante - Writing: PONG
2019-07-08 8:51:12 PM: botfumante - Received: @badge-info=;badges=;color=#FF69B4;display-name=rbruno018;emotes=;flags=;id=e7c29d99-45cd-43e3-ae81-3971ced75fc3;mod=0;room-id=443063688;subscriber=0;tmi-sent-ts=1562629871832;turbo=0;user-id=216448313;user-type= :rbruno018!rbruno018@rbruno018.tmi.twitch.tv PRIVMSG #beringelamilgrau :HUGERS
2019-07-08 8:51:13 PM: botfumante - Received: @badge-info=;badges=;color=#FF69B4;display-name=GretchenMatadora;emotes=;flags=;id=8a1ae359-1b39-4471-8498-c568298c519a;mod=0;room-id=443063688;subscriber=0;tmi-sent-ts=1562629873484;turbo=0;user-id=47311930;user-type= :gretchenmatadora!gretchenmatadora@gretchenmatadora.tmi.twitch.tv PRIVMSG #beringelamilgrau :monkaT
2019-07-08 8:51:16 PM: botfumante - Received: @badge-info=;badges=bits-charity/1;color=#1E90FF;display-name=Jean__;emotes=;flags=;id=d48fdf48-5ec8-4e3d-ba35-a93829b1d66b;mod=0;room-id=443063688;subscriber=0;tmi-sent-ts=1562629876694;turbo=0;user-id=38479494;user-type= :jean__!jean__@jean__.tmi.twitch.tv PRIVMSG #beringelamilgrau :ConcernFroge
2019-07-08 8:51:17 PM: botfumante - Received: @badge-info=;badges=;color=#FF69B4;display-name=rbruno018;emotes=;flags=;id=82baf4fc-6740-4f1d-b4ab-8c79b4aabe7c;mod=0;room-id=443063688;subscriber=0;tmi-sent-ts=1562629877069;turbo=0;user-id=216448313;user-type= :rbruno018!rbruno018@rbruno018.tmi.twitch.tv PRIVMSG #beringelamilgrau :OMEGALUL
2019-07-08 8:51:22 PM: botfumante - Received: @badge-info=;badges=moderator/1;color=#00FF7F;display-name=5uperTed;emote-only=1;emotes=1866473:0-6;flags=;id=36aaf5b0-5f1e-45c4-ba77-60573985095d;mod=1;room-id=443063688;subscriber=0;tmi-sent-ts=1562629882257;turbo=0;user-id=238296028;user-type=mod :5uperted!5uperted@5uperted.tmi.twitch.tv PRIVMSG #beringelamilgrau :thomeS2
