8/22/2019 10:22:12 PM: botfumante - Connecting to: wss://irc-ws.chat.twitch.tv:443
8/22/2019 10:22:13 PM: botfumante - Should be connected!
8/22/2019 10:22:13 PM: botfumante - Joining channel: beringelamilgrau
8/22/2019 10:22:13 PM: botfumante - Received: :tmi.twitch.tv 001 botfumante :Welcome, GLHF!
8/22/2019 10:22:13 PM: botfumante - Received: :tmi.twitch.tv 002 botfumante :Your host is tmi.twitch.tv
8/22/2019 10:22:13 PM: botfumante - Received: :tmi.twitch.tv 003 botfumante :This server is rather new
8/22/2019 10:22:13 PM: botfumante - Received: :tmi.twitch.tv 004 botfumante :-
8/22/2019 10:22:13 PM: botfumante - Received: :tmi.twitch.tv 375 botfumante :-
8/22/2019 10:22:13 PM: botfumante - Received: :tmi.twitch.tv 372 botfumante :You are in a maze of twisty passages, all alike.
8/22/2019 10:22:13 PM: botfumante - Received: :tmi.twitch.tv 376 botfumante :>
8/22/2019 10:22:14 PM: botfumante - Received: :tmi.twitch.tv CAP * ACK :twitch.tv/membership
8/22/2019 10:22:14 PM: botfumante - Unaccounted for: :tmi.twitch.tv CAP * ACK :twitch.tv/membership
8/22/2019 10:22:14 PM: botfumante - Received: :tmi.twitch.tv CAP * ACK :twitch.tv/commands
8/22/2019 10:22:14 PM: botfumante - Unaccounted for: :tmi.twitch.tv CAP * ACK :twitch.tv/commands
8/22/2019 10:22:14 PM: botfumante - Received: :tmi.twitch.tv CAP * ACK :twitch.tv/tags
8/22/2019 10:22:14 PM: botfumante - Unaccounted for: :tmi.twitch.tv CAP * ACK :twitch.tv/tags
8/22/2019 10:22:14 PM: botfumante - Received: :botfumante!botfumante@botfumante.tmi.twitch.tv JOIN #beringelamilgrau
8/22/2019 10:22:14 PM: botfumante - Received: :botfumante.tmi.twitch.tv 353 botfumante = #beringelamilgrau :botfumante
8/22/2019 10:22:14 PM: botfumante - Received: :botfumante.tmi.twitch.tv 366 botfumante #beringelamilgrau :End of /NAMES list
8/22/2019 10:22:14 PM: botfumante - Finished channel joining queue.
8/22/2019 10:22:14 PM: botfumante - Received: @badge-info=;badges=;color=;display-name=BotFumante;emote-sets=0;mod=0;subscriber=0;user-type= :tmi.twitch.tv USERSTATE #beringelamilgrau
8/22/2019 10:22:14 PM: botfumante - Received: @emote-only=0;followers-only=-1;r9k=0;rituals=0;room-id=443063688;slow=0;subs-only=0 :tmi.twitch.tv ROOMSTATE #beringelamilgrau
8/22/2019 10:22:14 PM: botfumante - Received: @badge-info=subscriber/2;badges=broadcaster/1,subscriber/0;color=#8A2BE2;display-name=BeringelaMilGrau;emotes=;flags=;id=01b5f921-584a-482e-aebd-eba9c015435c;mod=0;room-id=443063688;subscriber=1;tmi-sent-ts=1566523334337;turbo=0;user-id=443063688;user-type= :beringelamilgrau!beringelamilgrau@beringelamilgrau.tmi.twitch.tv PRIVMSG #beringelamilgrau :F
8/22/2019 10:22:15 PM: botfumante - Finished channel joining queue.
8/22/2019 10:22:17 PM: botfumante - Received: @badge-info=subscriber/2;badges=vip/1,subscriber/0,bits-charity/1;color=#5F9EA0;display-name=Jean__;emotes=;flags=;id=83213a44-f3ec-4a1b-8717-1c85eb7c0f13;mod=0;room-id=443063688;subscriber=1;tmi-sent-ts=1566523337097;turbo=0;user-id=38479494;user-type= :jean__!jean__@jean__.tmi.twitch.tv PRIVMSG #beringelamilgrau :FeelsMan
8/22/2019 10:22:17 PM: botfumante - Received: @badge-info=;badges=;color=;display-name=joseantonio001;emotes=;flags=;id=840c854c-fa01-4dea-b8cd-ef0fcfd4aeb8;mod=0;room-id=443063688;subscriber=0;tmi-sent-ts=1566523337626;turbo=0;user-id=157525923;user-type= :joseantonio001!joseantonio001@joseantonio001.tmi.twitch.tv PRIVMSG #beringelamilgrau :RIP
8/22/2019 10:22:19 PM: botfumante - Received: @badge-info=subscriber/2;badges=broadcaster/1,subscriber/0;color=#8A2BE2;display-name=BeringelaMilGrau;emotes=;flags=;id=7a3674e3-2c0f-4842-b92a-5e215ecf9057;mod=0;room-id=443063688;subscriber=1;tmi-sent-ts=1566523338851;turbo=0;user-id=443063688;user-type= :beringelamilgrau!beringelamilgrau@beringelamilgrau.tmi.twitch.tv PRIVMSG #beringelamilgrau :j? volta
8/22/2019 10:22:20 PM: botfumante - Received: @badge-info=;badges=moderator/1;color=#38CC8F;display-name=Montee_Waffle;emotes=;flags=;id=eb688f25-d33d-4909-80cb-e92228770aff;mod=1;room-id=443063688;subscriber=0;tmi-sent-ts=1566523340503;turbo=0;user-id=148551409;user-type=mod :montee_waffle!montee_waffle@montee_waffle.tmi.twitch.tv PRIVMSG #beringelamilgrau :j? volta
8/22/2019 10:22:25 PM: botfumante - Received: @badge-info=subscriber/2;badges=vip/1,subscriber/0,bits-charity/1;color=#5F9EA0;display-name=Jean__;emotes=;flags=;id=c8ed2c71-f1dc-497a-8cbb-833a434cd6d7;mod=0;room-id=443063688;subscriber=1;tmi-sent-ts=1566523345238;turbo=0;user-id=38479494;user-type= :jean__!jean__@jean__.tmi.twitch.tv PRIVMSG #beringelamilgrau :perderam a melhor feature do bot PepeHandsE
8/22/2019 10:22:37 PM: botfumante - Received: :beringelamilgrau!beringelamilgrau@beringelamilgrau.tmi.twitch.tv JOIN #beringelamilgrau
8/22/2019 10:22:37 PM: botfumante - Received: :leonardopml!leonardopml@leonardopml.tmi.twitch.tv JOIN #beringelamilgrau
8/22/2019 10:22:37 PM: botfumante - Received: :montee_waffle!montee_waffle@montee_waffle.tmi.twitch.tv JOIN #beringelamilgrau
8/22/2019 10:22:37 PM: botfumante - Received: :ddanniell!ddanniell@ddanniell.tmi.twitch.tv JOIN #beringelamilgrau
8/22/2019 10:22:37 PM: botfumante - Received: :guillapre!guillapre@guillapre.tmi.twitch.tv JOIN #beringelamilgrau
8/22/2019 10:22:37 PM: botfumante - Received: :leafjat!leafjat@leafjat.tmi.twitch.tv JOIN #beringelamilgrau
8/22/2019 10:22:37 PM: botfumante - Received: :don_torelli!don_torelli@don_torelli.tmi.twitch.tv JOIN #beringelamilgrau
8/22/2019 10:22:37 PM: botfumante - Received: :hisaagi!hisaagi@hisaagi.tmi.twitch.tv JOIN #beringelamilgrau
8/22/2019 10:22:37 PM: botfumante - Received: :winsock!winsock@winsock.tmi.twitch.tv JOIN #beringelamilgrau
8/22/2019 10:22:37 PM: botfumante - Received: :jean__!jean__@jean__.tmi.twitch.tv JOIN #beringelamilgrau
8/22/2019 10:22:37 PM: botfumante - Received: :lurxx!lurxx@lurxx.tmi.twitch.tv JOIN #beringelamilgrau
8/22/2019 10:22:37 PM: botfumante - Received: :streamlabs!streamlabs@streamlabs.tmi.twitch.tv JOIN #beringelamilgrau
8/22/2019 10:22:37 PM: botfumante - Received: :lucaesan!lucaesan@lucaesan.tmi.twitch.tv JOIN #beringelamilgrau
8/22/2019 10:22:37 PM: botfumante - Received: :p0lizei_!p0lizei_@p0lizei_.tmi.twitch.tv JOIN #beringelamilgrau
8/22/2019 10:22:37 PM: botfumante - Received: :gladosxcake!gladosxcake@gladosxcake.tmi.twitch.tv JOIN #beringelamilgrau
8/22/2019 10:22:37 PM: botfumante - Received: :joseantonio001!joseantonio001@joseantonio001.tmi.twitch.tv JOIN #beringelamilgrau
8/22/2019 10:22:37 PM: botfumante - Received: :olove!olove@olove.tmi.twitch.tv JOIN #beringelamilgrau
8/22/2019 10:22:37 PM: botfumante - Received: :commanderroot!commanderroot@commanderroot.tmi.twitch.tv JOIN #beringelamilgrau
8/22/2019 10:22:41 PM: botfumante - Received: @badge-info=subscriber/2;badges=broadcaster/1,subscriber/0;color=#8A2BE2;display-name=BeringelaMilGrau;emotes=;flags=;id=c088edf8-6be2-4b92-946c-4c696bf41f3f;mod=0;room-id=443063688;subscriber=1;tmi-sent-ts=1566523361181;turbo=0;user-id=443063688;user-type= :beringelamilgrau!beringelamilgrau@beringelamilgrau.tmi.twitch.tv PRIVMSG #beringelamilgrau :monkaHmm
8/22/2019 10:22:48 PM: botfumante - Received: @badge-info=;badges=;color=;display-name=joseantonio001;emotes=;flags=;id=c7c48424-e36f-43be-a1e0-2d7dd437f424;mod=0;room-id=443063688;subscriber=0;tmi-sent-ts=1566523368323;turbo=0;user-id=157525923;user-type= :joseantonio001!joseantonio001@joseantonio001.tmi.twitch.tv PRIVMSG #beringelamilgrau :ta travando MONTEE
8/22/2019 10:23:03 PM: botfumante - Received: @badge-info=subscriber/2;badges=vip/1,subscriber/0,bits-charity/1;color=#5F9EA0;display-name=Jean__;emotes=;flags=;id=89d4edde-7490-4817-a44c-16a421ae089a;mod=0;room-id=443063688;subscriber=1;tmi-sent-ts=1566523383471;turbo=0;user-id=38479494;user-type= :jean__!jean__@jean__.tmi.twitch.tv PRIVMSG #beringelamilgrau :monkaHmm
8/22/2019 10:23:17 PM: botfumante - Received: @badge-info=subscriber/2;badges=vip/1,subscriber/0,bits-charity/1;color=#5F9EA0;display-name=Jean__;emotes=;flags=;id=90dcec94-1b58-43ec-8b4b-f88a8d56fc47;mod=0;room-id=443063688;subscriber=1;tmi-sent-ts=1566523397094;turbo=0;user-id=38479494;user-type= :jean__!jean__@jean__.tmi.twitch.tv PRIVMSG #beringelamilgrau :!peso 130
8/22/2019 10:23:18 PM: botfumante - Received: @badge-info=;badges=;color=;display-name=BotFumante;emote-sets=0;mod=0;subscriber=0;user-type= :tmi.twitch.tv USERSTATE #beringelamilgrau
8/22/2019 10:23:22 PM: botfumante - Received: @badge-info=subscriber/2;badges=vip/1,subscriber/0,bits-charity/1;color=#5F9EA0;display-name=Jean__;emotes=;flags=;id=b433a945-ac73-4f6c-9b52-4f72b4903211;mod=0;room-id=443063688;subscriber=1;tmi-sent-ts=1566523402649;turbo=0;user-id=38479494;user-type= :jean__!jean__@jean__.tmi.twitch.tv PRIVMSG #beringelamilgrau :Pepega
8/22/2019 10:24:27 PM: botfumante - Received: @badge-info=subscriber/2;badges=vip/1,subscriber/0,bits-charity/1;color=#5F9EA0;display-name=Jean__;emotes=;flags=;id=5f0defa6-267c-47a0-bb31-83d6adc246e9;mod=0;room-id=443063688;subscriber=1;tmi-sent-ts=1566523467130;turbo=0;user-id=38479494;user-type= :jean__!jean__@jean__.tmi.twitch.tv PRIVMSG #beringelamilgrau :eu acho que tem como fazer isso com o nightbot FeelsMan
8/22/2019 10:25:03 PM: botfumante - Received: @badge-info=;badges=;color=;display-name=joseantonio001;emotes=;flags=;id=555ee1af-2c9f-4c2f-8eac-0f878cbb3558;mod=0;room-id=443063688;subscriber=0;tmi-sent-ts=1566523503058;turbo=0;user-id=157525923;user-type= :joseantonio001!joseantonio001@joseantonio001.tmi.twitch.tv PRIVMSG #beringelamilgrau :para de trava game PepePliss
8/22/2019 10:25:27 PM: botfumante - Received: @badge-info=subscriber/2;badges=broadcaster/1,subscriber/0;color=#8A2BE2;display-name=BeringelaMilGrau;emotes=;flags=;id=19cc0101-d54c-47f9-9f59-fa452c6f0a20;mod=0;room-id=443063688;subscriber=1;tmi-sent-ts=1566523527363;turbo=0;user-id=443063688;user-type= :beringelamilgrau!beringelamilgrau@beringelamilgrau.tmi.twitch.tv PRIVMSG #beringelamilgrau :ta dropando muito frame
8/22/2019 10:25:33 PM: botfumante - Received: @badge-info=subscriber/2;badges=broadcaster/1,subscriber/0;color=#8A2BE2;display-name=BeringelaMilGrau;emotes=;flags=;id=16fb9a92-86d5-4dd0-9cfe-254ddd7cb1ce;mod=0;room-id=443063688;subscriber=1;tmi-sent-ts=1566523533122;turbo=0;user-id=443063688;user-type= :beringelamilgrau!beringelamilgrau@beringelamilgrau.tmi.twitch.tv PRIVMSG #beringelamilgrau :ele ta tentando resolver
8/22/2019 10:26:52 PM: botfumante - Received: PING :tmi.twitch.tv
8/22/2019 10:26:52 PM: botfumante - Writing: PONG
8/22/2019 10:27:56 PM: botfumante - Received: :hostmeraffle!hostmeraffle@hostmeraffle.tmi.twitch.tv JOIN #beringelamilgrau
8/22/2019 10:27:56 PM: botfumante - Received: :s1faka!s1faka@s1faka.tmi.twitch.tv JOIN #beringelamilgrau
8/22/2019 10:27:56 PM: botfumante - Received: :gladosxcake!gladosxcake@gladosxcake.tmi.twitch.tv PART #beringelamilgrau
8/22/2019 10:27:56 PM: botfumante - Received: :leafjat!leafjat@leafjat.tmi.twitch.tv PART #beringelamilgrau
8/22/2019 10:27:56 PM: botfumante - Received: :leonardopml!leonardopml@leonardopml.tmi.twitch.tv PART #beringelamilgrau
8/22/2019 10:27:56 PM: botfumante - Received: :hisaagi!hisaagi@hisaagi.tmi.twitch.tv PART #beringelamilgrau
8/22/2019 10:27:56 PM: botfumante - Received: :p0lizei_!p0lizei_@p0lizei_.tmi.twitch.tv PART #beringelamilgrau
8/22/2019 10:27:56 PM: botfumante - Received: :guillapre!guillapre@guillapre.tmi.twitch.tv PART #beringelamilgrau
8/22/2019 10:31:42 PM: botfumante - Received: PING :tmi.twitch.tv
8/22/2019 10:31:42 PM: botfumante - Writing: PONG
8/22/2019 10:34:23 PM: botfumante - Received: :olove!olove@olove.tmi.twitch.tv PART #beringelamilgrau
8/22/2019 10:36:34 PM: botfumante - Received: PING :tmi.twitch.tv
8/22/2019 10:36:34 PM: botfumante - Writing: PONG
8/22/2019 10:41:12 PM: botfumante - Received: PING :tmi.twitch.tv
8/22/2019 10:41:12 PM: botfumante - Writing: PONG
8/22/2019 10:45:43 PM: botfumante - Received: PING :tmi.twitch.tv
8/22/2019 10:45:43 PM: botfumante - Writing: PONG
8/22/2019 10:50:06 PM: botfumante - Received: PING :tmi.twitch.tv
8/22/2019 10:50:06 PM: botfumante - Writing: PONG
8/22/2019 10:50:54 PM: botfumante - Received: @badge-info=;badges=;color=;display-name=joseantonio001;emotes=;flags=;id=dc984efd-9372-409b-acb1-303f0070f08c;mod=0;room-id=443063688;subscriber=0;tmi-sent-ts=1566525054114;turbo=0;user-id=157525923;user-type= :joseantonio001!joseantonio001@joseantonio001.tmi.twitch.tv PRIVMSG #beringelamilgrau :como a TWITCH conta o VIWERS por IP ou da pra fica abrindo ABA ANONIMA pra fazer GHOST VIWER ?
8/22/2019 10:52:13 PM: botfumante - Received: @badge-info=;badges=;color=;display-name=BotFumante;emote-sets=0;mod=0;subscriber=0;user-type= :tmi.twitch.tv USERSTATE #beringelamilgrau
8/22/2019 10:52:19 PM: botfumante - Received: :rbruno018!rbruno018@rbruno018.tmi.twitch.tv JOIN #beringelamilgrau
8/22/2019 10:52:23 PM: botfumante - Received: @badge-info=subscriber/2;badges=vip/1,subscriber/0,bits-charity/1;color=#5F9EA0;display-name=Jean__;emotes=;flags=;id=e3a9ff63-18b9-4707-95fd-0e2d2587a0a8;mod=0;room-id=443063688;subscriber=1;tmi-sent-ts=1566525142830;turbo=0;user-id=38479494;user-type= :jean__!jean__@jean__.tmi.twitch.tv PRIVMSG #beringelamilgrau :FeelsOkayMan
8/22/2019 10:52:29 PM: botfumante - Received: @badge-info=subscriber/2;badges=vip/1,subscriber/0,bits-charity/1;color=#5F9EA0;display-name=Jean__;emotes=;flags=;id=cdb22c70-86c6-4774-9d3e-52c66223a2c4;mod=0;room-id=443063688;subscriber=1;tmi-sent-ts=1566525148916;turbo=0;user-id=38479494;user-type= :jean__!jean__@jean__.tmi.twitch.tv PRIVMSG #beringelamilgrau :fiz o comando !peso usando o nightbot
8/22/2019 10:52:39 PM: botfumante - Received: @badge-info=subscriber/2;badges=broadcaster/1,subscriber/0;color=#8A2BE2;display-name=BeringelaMilGrau;emotes=;flags=;id=fae605ae-a183-481e-899b-30c61bf139d2;mod=0;room-id=443063688;subscriber=1;tmi-sent-ts=1566525158968;turbo=0;user-id=443063688;user-type= :beringelamilgrau!beringelamilgrau@beringelamilgrau.tmi.twitch.tv PRIVMSG #beringelamilgrau :ConcernFroge
8/22/2019 10:52:43 PM: botfumante - Received: @badge-info=;badges=vip/1;color=#FF69B4;display-name=rbruno018;emotes=;flags=;id=1f0271ca-f06d-4151-9c58-d14e1ee202ce;mod=0;room-id=443063688;subscriber=0;tmi-sent-ts=1566525162892;turbo=0;user-id=216448313;user-type= :rbruno018!rbruno018@rbruno018.tmi.twitch.tv PRIVMSG #beringelamilgrau :FeelsOkayMan os cara ta jogando cartinha
8/22/2019 10:53:18 PM: botfumante - Received: @badge-info=;badges=vip/1;color=#FF69B4;display-name=rbruno018;emotes=;flags=0-10:S.6;id=9c55bd1e-b01a-402e-a5e7-5723ed2d085e;mod=0;room-id=443063688;subscriber=0;tmi-sent-ts=1566525197838;turbo=0;user-id=216448313;user-type= :rbruno018!rbruno018@rbruno018.tmi.twitch.tv PRIVMSG #beringelamilgrau :transaforma em po essa lendaria dourada
8/22/2019 10:53:55 PM: botfumante - Received: @badge-info=;badges=vip/1;color=#FF69B4;display-name=rbruno018;emotes=;flags=;id=596eecb5-9160-48ec-87c5-f1e9a37b3162;mod=0;room-id=443063688;subscriber=0;tmi-sent-ts=1566525235522;turbo=0;user-id=216448313;user-type= :rbruno018!rbruno018@rbruno018.tmi.twitch.tv PRIVMSG #beringelamilgrau :pra que jogar modo livre ?
8/22/2019 10:54:40 PM: botfumante - Received: @badge-info=;badges=vip/1;color=#FF69B4;display-name=rbruno018;emotes=;flags=;id=b492d971-61b9-4e3a-a198-742dd71d7e47;mod=0;room-id=443063688;subscriber=0;tmi-sent-ts=1566525280366;turbo=0;user-id=216448313;user-type= :rbruno018!rbruno018@rbruno018.tmi.twitch.tv PRIVMSG #beringelamilgrau :monkaHmm nao entendi
8/22/2019 10:54:42 PM: botfumante - Received: @badge-info=subscriber/2;badges=vip/1,subscriber/0,bits-charity/1;color=#5F9EA0;display-name=Jean__;emotes=;flags=;id=6913ecd7-0dd8-49b2-975f-b12bd3146b36;mod=0;room-id=443063688;subscriber=1;tmi-sent-ts=1566525282517;turbo=0;user-id=38479494;user-type= :jean__!jean__@jean__.tmi.twitch.tv PRIVMSG #beringelamilgrau :bira, ve o whisper Pepega
8/22/2019 10:54:56 PM: botfumante - Received: PING :tmi.twitch.tv
8/22/2019 10:54:56 PM: botfumante - Writing: PONG
8/22/2019 10:55:17 PM: botfumante - Received: @badge-info=subscriber/2;badges=vip/1,subscriber/0,bits-charity/1;color=#5F9EA0;display-name=Jean__;emotes=;flags=;id=e8cd5662-5d97-4ba9-bc1c-7efa7442be17;mod=0;room-id=443063688;subscriber=1;tmi-sent-ts=1566525317578;turbo=0;user-id=38479494;user-type= :jean__!jean__@jean__.tmi.twitch.tv PRIVMSG #beringelamilgrau :a api j? ta feita FeelsOkayMan
8/22/2019 10:55:48 PM: botfumante - Received: @badge-info=subscriber/2;badges=vip/1,subscriber/0,bits-charity/1;color=#5F9EA0;display-name=Jean__;emotes=;flags=;id=85fb1308-4547-4c5d-baea-3aff8135acce;mod=0;room-id=443063688;subscriber=1;tmi-sent-ts=1566525348563;turbo=0;user-id=38479494;user-type= :jean__!jean__@jean__.tmi.twitch.tv PRIVMSG #beringelamilgrau :peguei um exemplo com o spotify e fiz algumas condi??es FeelsMan
