2019-07-09 9:46:23 PM: botfumante - Connecting to: wss://irc-ws.chat.twitch.tv:443
2019-07-09 9:46:25 PM: botfumante - Should be connected!
2019-07-09 9:46:25 PM: botfumante - Joining channel: beringelamilgrau
2019-07-09 9:46:25 PM: botfumante - Received: :tmi.twitch.tv 001 botfumante :Welcome, GLHF!
2019-07-09 9:46:25 PM: botfumante - Received: :tmi.twitch.tv 002 botfumante :Your host is tmi.twitch.tv
2019-07-09 9:46:25 PM: botfumante - Received: :tmi.twitch.tv 003 botfumante :This server is rather new
2019-07-09 9:46:25 PM: botfumante - Received: :tmi.twitch.tv 004 botfumante :-
2019-07-09 9:46:25 PM: botfumante - Received: :tmi.twitch.tv 375 botfumante :-
2019-07-09 9:46:25 PM: botfumante - Received: :tmi.twitch.tv 372 botfumante :You are in a maze of twisty passages, all alike.
2019-07-09 9:46:25 PM: botfumante - Received: :tmi.twitch.tv 376 botfumante :>
2019-07-09 9:46:25 PM: botfumante - Received: :tmi.twitch.tv CAP * ACK :twitch.tv/membership
2019-07-09 9:46:25 PM: botfumante - Unaccounted for: :tmi.twitch.tv CAP * ACK :twitch.tv/membership
2019-07-09 9:46:25 PM: botfumante - Received: :tmi.twitch.tv CAP * ACK :twitch.tv/commands
2019-07-09 9:46:25 PM: botfumante - Unaccounted for: :tmi.twitch.tv CAP * ACK :twitch.tv/commands
2019-07-09 9:46:25 PM: botfumante - Received: :tmi.twitch.tv CAP * ACK :twitch.tv/tags
2019-07-09 9:46:25 PM: botfumante - Unaccounted for: :tmi.twitch.tv CAP * ACK :twitch.tv/tags
2019-07-09 9:46:25 PM: botfumante - Received: :botfumante!botfumante@botfumante.tmi.twitch.tv JOIN #beringelamilgrau
2019-07-09 9:46:25 PM: botfumante - Received: :botfumante.tmi.twitch.tv 353 botfumante = #beringelamilgrau :botfumante
2019-07-09 9:46:25 PM: botfumante - Received: :botfumante.tmi.twitch.tv 366 botfumante #beringelamilgrau :End of /NAMES list
2019-07-09 9:46:25 PM: botfumante - Finished channel joining queue.
2019-07-09 9:46:25 PM: botfumante - Received: @badge-info=;badges=;color=;display-name=BotFumante;emote-sets=0;mod=0;subscriber=0;user-type= :tmi.twitch.tv USERSTATE #beringelamilgrau
2019-07-09 9:46:25 PM: botfumante - Received: @emote-only=0;followers-only=-1;r9k=0;rituals=0;room-id=443063688;slow=0;subs-only=0 :tmi.twitch.tv ROOMSTATE #beringelamilgrau
2019-07-09 9:46:25 PM: botfumante - Received: :tmi.twitch.tv HOSTTARGET #beringelamilgrau :calibrelordal -
2019-07-09 9:46:25 PM: botfumante - Received: @msg-id=host_on :tmi.twitch.tv NOTICE #beringelamilgrau :Now hosting CalibreLordal.
2019-07-09 9:46:26 PM: botfumante - Finished channel joining queue.
2019-07-09 9:46:29 PM: botfumante - Received: @badge-info=;badges=;color=;display-name=BotFumante;emote-sets=0;mod=0;subscriber=0;user-type= :tmi.twitch.tv USERSTATE #beringelamilgrau
2019-07-09 9:46:29 PM: botfumante - Received: @msg-id=msg_ratelimit :tmi.twitch.tv NOTICE #beringelamilgrau :Your message was not sent because you are sending messages too quickly.
2019-07-09 9:46:30 PM: botfumante - Unaccounted for: @msg-id=msg_ratelimit :tmi.twitch.tv NOTICE #beringelamilgrau :Your message was not sent because you are sending messages too quickly.
2019-07-09 9:46:48 PM: botfumante - Received: @badge-info=;badges=broadcaster/1;color=#8A2BE2;display-name=beringelamilgrau;emotes=;flags=;id=5ab4de40-c704-4c55-9956-0e077d3ecc82;mod=0;room-id=443063688;subscriber=0;tmi-sent-ts=1562719608054;turbo=0;user-id=443063688;user-type= :beringelamilgrau!beringelamilgrau@beringelamilgrau.tmi.twitch.tv PRIVMSG #beringelamilgrau :monkaHmm
2019-07-09 9:46:53 PM: botfumante - Received: :montee_waffle!montee_waffle@montee_waffle.tmi.twitch.tv JOIN #beringelamilgrau
2019-07-09 9:46:53 PM: botfumante - Received: :angeloflight!angeloflight@angeloflight.tmi.twitch.tv JOIN #beringelamilgrau
2019-07-09 9:46:53 PM: botfumante - Received: :lurxx!lurxx@lurxx.tmi.twitch.tv JOIN #beringelamilgrau
2019-07-09 9:46:53 PM: botfumante - Received: :teyyd!teyyd@teyyd.tmi.twitch.tv JOIN #beringelamilgrau
2019-07-09 9:46:53 PM: botfumante - Received: :beringelamilgrau!beringelamilgrau@beringelamilgrau.tmi.twitch.tv JOIN #beringelamilgrau
2019-07-09 9:46:53 PM: botfumante - Received: :jean__!jean__@jean__.tmi.twitch.tv JOIN #beringelamilgrau
2019-07-09 9:46:53 PM: botfumante - Received: :commanderroot!commanderroot@commanderroot.tmi.twitch.tv JOIN #beringelamilgrau
2019-07-09 9:46:53 PM: botfumante - Received: :nightbot!nightbot@nightbot.tmi.twitch.tv JOIN #beringelamilgrau
2019-07-09 9:46:53 PM: botfumante - Received: :s1faka!s1faka@s1faka.tmi.twitch.tv JOIN #beringelamilgrau
2019-07-09 9:47:38 PM: botfumante - Received: @badge-info=;badges=vip/1,bits-charity/1;color=#1E90FF;display-name=Jean__;emotes=;flags=;id=d1b1507c-6757-4f8c-9af1-d5960afe673b;mod=0;room-id=443063688;subscriber=0;tmi-sent-ts=1562719657983;turbo=0;user-id=38479494;user-type= :jean__!jean__@jean__.tmi.twitch.tv PRIVMSG #beringelamilgrau :ConcernFroge
2019-07-09 9:47:44 PM: botfumante - Received: @badge-info=;badges=vip/1,bits-charity/1;color=#1E90FF;display-name=Jean__;emotes=;flags=;id=323b90b2-7270-4587-9359-c87cdb28342e;mod=0;room-id=443063688;subscriber=0;tmi-sent-ts=1562719663470;turbo=0;user-id=38479494;user-type= :jean__!jean__@jean__.tmi.twitch.tv PRIVMSG #beringelamilgrau :N?o est? acontecendo nada aqui
2019-07-09 9:47:47 PM: botfumante - Received: @badge-info=;badges=;color=;display-name=BotFumante;emote-sets=0;mod=0;subscriber=0;user-type= :tmi.twitch.tv USERSTATE #beringelamilgrau
2019-07-09 9:47:47 PM: botfumante - Received: @msg-id=msg_ratelimit :tmi.twitch.tv NOTICE #beringelamilgrau :Your message was not sent because you are sending messages too quickly.
2019-07-09 9:47:47 PM: botfumante - Unaccounted for: @msg-id=msg_ratelimit :tmi.twitch.tv NOTICE #beringelamilgrau :Your message was not sent because you are sending messages too quickly.
2019-07-09 9:47:53 PM: botfumante - Received: :nightbot!nightbot@nightbot.tmi.twitch.tv PART #beringelamilgrau
2019-07-09 9:48:13 PM: botfumante - Received: @badge-info=;badges=broadcaster/1;color=#8A2BE2;display-name=beringelamilgrau;emotes=;flags=;id=29a0af98-048c-4ee3-9dd4-7b96ff4f146d;mod=0;room-id=443063688;subscriber=0;tmi-sent-ts=1562719692851;turbo=0;user-id=443063688;user-type= :beringelamilgrau!beringelamilgrau@beringelamilgrau.tmi.twitch.tv PRIVMSG #beringelamilgrau :tava mexendo no obs e tava aparecendo msg do chat
2019-07-09 9:48:18 PM: botfumante - Received: @badge-info=;badges=broadcaster/1;color=#8A2BE2;display-name=beringelamilgrau;emotes=;flags=;id=6c86ff08-6774-4956-9868-3fd48f3e469f;mod=0;room-id=443063688;subscriber=0;tmi-sent-ts=1562719697698;turbo=0;user-id=443063688;user-type= :beringelamilgrau!beringelamilgrau@beringelamilgrau.tmi.twitch.tv PRIVMSG #beringelamilgrau :ConcernFroge
2019-07-09 9:48:35 PM: botfumante - Received: @badge-info=;badges=vip/1,bits-charity/1;color=#1E90FF;display-name=Jean__;emotes=;flags=;id=aa9964b9-eca3-43ea-9bf0-eb6d2a3b700c;mod=0;room-id=443063688;subscriber=0;tmi-sent-ts=1562719715206;turbo=0;user-id=38479494;user-type= :jean__!jean__@jean__.tmi.twitch.tv PRIVMSG #beringelamilgrau :To arrumando umas coisas que v?o quebrar FeelsMan
2019-07-09 9:48:53 PM: botfumante - Received: :nightbot!nightbot@nightbot.tmi.twitch.tv JOIN #beringelamilgrau
2019-07-09 9:48:53 PM: botfumante - Received: :montee_waffle!montee_waffle@montee_waffle.tmi.twitch.tv PART #beringelamilgrau
2019-07-09 9:49:20 PM: botfumante - Received: @badge-info=;badges=broadcaster/1;color=#8A2BE2;display-name=beringelamilgrau;emotes=;flags=;id=3f38f9b5-1d65-420e-bd7b-05894fbb1168;mod=0;room-id=443063688;subscriber=0;tmi-sent-ts=1562719759568;turbo=0;user-id=443063688;user-type= :beringelamilgrau!beringelamilgrau@beringelamilgrau.tmi.twitch.tv PRIVMSG #beringelamilgrau :muito obrigado pelo bot, vc ? demais, na moral FeelsMan
2019-07-09 9:49:47 PM: botfumante - Received: @badge-info=;badges=;color=;display-name=BotFumante;emote-sets=0;mod=0;subscriber=0;user-type= :tmi.twitch.tv USERSTATE #beringelamilgrau
2019-07-09 9:49:54 PM: botfumante - Received: @badge-info=;badges=vip/1,bits-charity/1;color=#1E90FF;display-name=Jean__;emotes=;flags=;id=9be77035-25cd-421d-9e08-26e7997b5729;mod=0;room-id=443063688;subscriber=0;tmi-sent-ts=1562719794500;turbo=0;user-id=38479494;user-type= :jean__!jean__@jean__.tmi.twitch.tv PRIVMSG #beringelamilgrau :Tava 90% pronto, ta exatamente a mesma coisa do bot de votar
2019-07-09 9:50:01 PM: botfumante - Received: :s1faka!s1faka@s1faka.tmi.twitch.tv PART #beringelamilgrau
2019-07-09 9:50:04 PM: botfumante - Received: @badge-info=;badges=vip/1,bits-charity/1;color=#1E90FF;display-name=Jean__;emotes=;flags=;id=0b52fd79-cb33-4301-8de1-215ca85412a4;mod=0;room-id=443063688;subscriber=0;tmi-sent-ts=1562719803558;turbo=0;user-id=38479494;user-type= :jean__!jean__@jean__.tmi.twitch.tv PRIVMSG #beringelamilgrau :at? o !votar ta funcionando
2019-07-09 9:50:31 PM: botfumante - Received: PING :tmi.twitch.tv
2019-07-09 9:50:32 PM: botfumante - Writing: PONG
2019-07-09 9:50:45 PM: botfumante - Received: @badge-info=;badges=broadcaster/1;color=#8A2BE2;display-name=beringelamilgrau;emotes=;flags=;id=9166dca9-0883-44cd-a2f4-ec5ec8dd6716;mod=0;room-id=443063688;subscriber=0;tmi-sent-ts=1562719844780;turbo=0;user-id=443063688;user-type= :beringelamilgrau!beringelamilgrau@beringelamilgrau.tmi.twitch.tv PRIVMSG #beringelamilgrau :monkaHmm
2019-07-09 9:50:56 PM: botfumante - Received: @badge-info=;badges=vip/1,bits-charity/1;color=#1E90FF;display-name=Jean__;emotes=;flags=0-24:;id=724fbdce-2506-4dd1-8fb7-34948a523335;mod=0;room-id=443063688;subscriber=0;tmi-sent-ts=1562719856426;turbo=0;user-id=38479494;user-type= :jean__!jean__@jean__.tmi.twitch.tv PRIVMSG #beringelamilgrau :http://prntscr.com/ocvdik peepoSmoke
2019-07-09 9:51:47 PM: botfumante - Received: @badge-info=;badges=;color=;display-name=BotFumante;emote-sets=0;mod=0;subscriber=0;user-type= :tmi.twitch.tv USERSTATE #beringelamilgrau
2019-07-09 9:51:48 PM: botfumante - Received: @badge-info=;badges=broadcaster/1;color=#8A2BE2;display-name=beringelamilgrau;emotes=;flags=;id=fce81092-efb5-4b3e-9bc5-a2ba3959e723;mod=0;room-id=443063688;subscriber=0;tmi-sent-ts=1562719908019;turbo=0;user-id=443063688;user-type= :beringelamilgrau!beringelamilgrau@beringelamilgrau.tmi.twitch.tv PRIVMSG #beringelamilgrau :bom demais PepeLaugh
