8/3/2019 9:14:44 PM: jean__ - Connecting to: wss://irc-ws.chat.twitch.tv:443
8/3/2019 9:14:46 PM: jean__ - Should be connected!
8/3/2019 9:14:46 PM: jean__ - Joining channel: jean__
8/3/2019 9:14:46 PM: jean__ - Received: :tmi.twitch.tv 001 jean__ :Welcome, GLHF!
8/3/2019 9:14:46 PM: jean__ - Received: :tmi.twitch.tv 002 jean__ :Your host is tmi.twitch.tv
8/3/2019 9:14:46 PM: jean__ - Received: :tmi.twitch.tv 003 jean__ :This server is rather new
8/3/2019 9:14:46 PM: jean__ - Received: :tmi.twitch.tv 004 jean__ :-
8/3/2019 9:14:46 PM: jean__ - Received: :tmi.twitch.tv 375 jean__ :-
8/3/2019 9:14:46 PM: jean__ - Received: :tmi.twitch.tv 372 jean__ :You are in a maze of twisty passages, all alike.
8/3/2019 9:14:46 PM: jean__ - Received: :tmi.twitch.tv 376 jean__ :>
8/3/2019 9:14:46 PM: jean__ - Received: :tmi.twitch.tv CAP * ACK :twitch.tv/membership
8/3/2019 9:14:46 PM: jean__ - Unaccounted for: :tmi.twitch.tv CAP * ACK :twitch.tv/membership
8/3/2019 9:14:46 PM: jean__ - Received: :tmi.twitch.tv CAP * ACK :twitch.tv/commands
8/3/2019 9:14:46 PM: jean__ - Unaccounted for: :tmi.twitch.tv CAP * ACK :twitch.tv/commands
8/3/2019 9:14:46 PM: jean__ - Received: :tmi.twitch.tv CAP * ACK :twitch.tv/tags
8/3/2019 9:14:46 PM: jean__ - Unaccounted for: :tmi.twitch.tv CAP * ACK :twitch.tv/tags
8/3/2019 9:14:46 PM: jean__ - Received: :jean__!jean__@jean__.tmi.twitch.tv JOIN #jean__
8/3/2019 9:14:46 PM: jean__ - Received: :jean__.tmi.twitch.tv 353 jean__ = #jean__ :jean__
8/3/2019 9:14:46 PM: jean__ - Received: :jean__.tmi.twitch.tv 366 jean__ #jean__ :End of /NAMES list
8/3/2019 9:14:46 PM: jean__ - Finished channel joining queue.
8/3/2019 9:14:46 PM: jean__ - Received: @badge-info=;badges=broadcaster/1,bits-charity/1;color=#5F9EA0;display-name=Jean__;emote-sets=0,412472;mod=0;subscriber=0;user-type= :tmi.twitch.tv USERSTATE #jean__
8/3/2019 9:14:46 PM: jean__ - Received: @emote-only=0;followers-only=-1;r9k=0;rituals=0;room-id=38479494;slow=0;subs-only=0 :tmi.twitch.tv ROOMSTATE #jean__
8/3/2019 9:14:47 PM: jean__ - Finished channel joining queue.
8/3/2019 9:15:07 PM: jean__ - Received: :nightbot!nightbot@nightbot.tmi.twitch.tv JOIN #jean__
8/3/2019 9:15:23 PM: jean__ - Received: @badge-info=;badges=broadcaster/1,bits-charity/1;color=#5F9EA0;display-name=Jean__;emotes=;flags=;id=edbb3e2b-8bee-4114-aad8-d5bfa615521e;mod=0;room-id=38479494;subscriber=0;tmi-sent-ts=1564877722229;turbo=0;user-id=38479494;user-type= :jean__!jean__@jean__.tmi.twitch.tv PRIVMSG #jean__ :!scream
8/3/2019 9:15:48 PM: jean__ - Received: @badge-info=;badges=broadcaster/1,bits-charity/1;color=#5F9EA0;display-name=Jean__;emotes=;flags=;id=70df6512-b622-4dd3-be0c-2eb03b8ebba3;mod=0;room-id=38479494;subscriber=0;tmi-sent-ts=1564877747662;turbo=0;user-id=38479494;user-type= :jean__!jean__@jean__.tmi.twitch.tv PRIVMSG #jean__ :!!
