8/22/2019 5:24:48 PM: botfumante - Connecting to: wss://irc-ws.chat.twitch.tv:443
8/22/2019 5:24:49 PM: botfumante - Should be connected!
8/22/2019 5:24:49 PM: botfumante - Joining channel: jean__
8/22/2019 5:24:50 PM: botfumante - Received: :tmi.twitch.tv 001 botfumante :Welcome, GLHF!
8/22/2019 5:24:50 PM: botfumante - Received: :tmi.twitch.tv 002 botfumante :Your host is tmi.twitch.tv
8/22/2019 5:24:50 PM: botfumante - Received: :tmi.twitch.tv 003 botfumante :This server is rather new
8/22/2019 5:24:50 PM: botfumante - Received: :tmi.twitch.tv 004 botfumante :-
8/22/2019 5:24:50 PM: botfumante - Received: :tmi.twitch.tv 375 botfumante :-
8/22/2019 5:24:50 PM: botfumante - Received: :tmi.twitch.tv 372 botfumante :You are in a maze of twisty passages, all alike.
8/22/2019 5:24:50 PM: botfumante - Received: :tmi.twitch.tv 376 botfumante :>
8/22/2019 5:24:50 PM: botfumante - Received: :tmi.twitch.tv CAP * ACK :twitch.tv/membership
8/22/2019 5:24:50 PM: botfumante - Unaccounted for: :tmi.twitch.tv CAP * ACK :twitch.tv/membership
8/22/2019 5:24:50 PM: botfumante - Received: :tmi.twitch.tv CAP * ACK :twitch.tv/commands
8/22/2019 5:24:50 PM: botfumante - Unaccounted for: :tmi.twitch.tv CAP * ACK :twitch.tv/commands
8/22/2019 5:24:50 PM: botfumante - Received: :tmi.twitch.tv CAP * ACK :twitch.tv/tags
8/22/2019 5:24:50 PM: botfumante - Unaccounted for: :tmi.twitch.tv CAP * ACK :twitch.tv/tags
8/22/2019 5:24:50 PM: botfumante - Received: :botfumante!botfumante@botfumante.tmi.twitch.tv JOIN #jean__
8/22/2019 5:24:50 PM: botfumante - Received: :botfumante.tmi.twitch.tv 353 botfumante = #jean__ :botfumante
8/22/2019 5:24:50 PM: botfumante - Received: :botfumante.tmi.twitch.tv 366 botfumante #jean__ :End of /NAMES list
8/22/2019 5:24:50 PM: botfumante - Finished channel joining queue.
8/22/2019 5:24:50 PM: botfumante - Received: @badge-info=;badges=;color=;display-name=BotFumante;emote-sets=0;mod=0;subscriber=0;user-type= :tmi.twitch.tv USERSTATE #jean__
8/22/2019 5:24:50 PM: botfumante - Received: @emote-only=0;followers-only=-1;r9k=0;rituals=0;room-id=38479494;slow=0;subs-only=0 :tmi.twitch.tv ROOMSTATE #jean__
8/22/2019 5:24:50 PM: botfumante - Finished channel joining queue.
8/22/2019 5:24:51 PM: botfumante - Received: @badge-info=;badges=broadcaster/1,bits-charity/1;color=#5F9EA0;display-name=Jean__;emotes=;flags=;id=199f2f91-0ebc-4ba7-b49b-e6bda2f6f00d;mod=0;room-id=38479494;subscriber=0;tmi-sent-ts=1566505490017;turbo=0;user-id=38479494;user-type= :jean__!jean__@jean__.tmi.twitch.tv PRIVMSG #jean__ :!chicote
8/22/2019 5:24:54 PM: botfumante - Received: @badge-info=;badges=broadcaster/1,bits-charity/1;color=#5F9EA0;display-name=Jean__;emotes=;flags=;id=582fbdae-a7d9-4b78-a73e-1ef330e86a14;mod=0;room-id=38479494;subscriber=0;tmi-sent-ts=1566505492591;turbo=0;user-id=38479494;user-type= :jean__!jean__@jean__.tmi.twitch.tv PRIVMSG #jean__ :!tiro
8/22/2019 5:24:55 PM: botfumante - Received: @badge-info=;badges=broadcaster/1,bits-charity/1;color=#5F9EA0;display-name=Jean__;emotes=;flags=;id=cf7ae329-bed0-41b7-847f-da485107d8a6;mod=0;room-id=38479494;subscriber=0;tmi-sent-ts=1566505494176;turbo=0;user-id=38479494;user-type= :jean__!jean__@jean__.tmi.twitch.tv PRIVMSG #jean__ :!tiro
8/22/2019 5:24:56 PM: botfumante - Received: @badge-info=;badges=broadcaster/1,bits-charity/1;color=#5F9EA0;display-name=Jean__;emotes=;flags=;id=e374c94b-c5bf-415e-925f-a4a7a9100e5d;mod=0;room-id=38479494;subscriber=0;tmi-sent-ts=1566505494694;turbo=0;user-id=38479494;user-type= :jean__!jean__@jean__.tmi.twitch.tv PRIVMSG #jean__ :!tiro
8/22/2019 5:24:56 PM: botfumante - Received: @badge-info=;badges=broadcaster/1,bits-charity/1;color=#5F9EA0;display-name=Jean__;emotes=;flags=;id=58377940-fc62-449f-b195-ff612be67884;mod=0;room-id=38479494;subscriber=0;tmi-sent-ts=1566505494958;turbo=0;user-id=38479494;user-type= :jean__!jean__@jean__.tmi.twitch.tv PRIVMSG #jean__ :!tiro
8/22/2019 5:25:03 PM: botfumante - Received: @badge-info=;badges=broadcaster/1,bits-charity/1;color=#5F9EA0;display-name=Jean__;emotes=;flags=;id=c09fa2c1-479b-4ac0-9cf8-73cad4a95d22;mod=0;room-id=38479494;subscriber=0;tmi-sent-ts=1566505501271;turbo=0;user-id=38479494;user-type= :jean__!jean__@jean__.tmi.twitch.tv PRIVMSG #jean__ :!chicote
