2019-07-27 9:03:48 PM: botfumante - Connecting to: wss://irc-ws.chat.twitch.tv:443
2019-07-27 9:03:49 PM: botfumante - Should be connected!
2019-07-27 9:03:49 PM: botfumante - Joining channel: beringelamilgrau
2019-07-27 9:03:50 PM: botfumante - Received: :tmi.twitch.tv 001 botfumante :Welcome, GLHF!
2019-07-27 9:03:50 PM: botfumante - Received: :tmi.twitch.tv 002 botfumante :Your host is tmi.twitch.tv
2019-07-27 9:03:50 PM: botfumante - Received: :tmi.twitch.tv 003 botfumante :This server is rather new
2019-07-27 9:03:50 PM: botfumante - Received: :tmi.twitch.tv 004 botfumante :-
2019-07-27 9:03:50 PM: botfumante - Received: :tmi.twitch.tv 375 botfumante :-
2019-07-27 9:03:50 PM: botfumante - Received: :tmi.twitch.tv 372 botfumante :You are in a maze of twisty passages, all alike.
2019-07-27 9:03:50 PM: botfumante - Received: :tmi.twitch.tv 376 botfumante :>
2019-07-27 9:03:50 PM: botfumante - Received: :tmi.twitch.tv CAP * ACK :twitch.tv/membership
2019-07-27 9:03:50 PM: botfumante - Unaccounted for: :tmi.twitch.tv CAP * ACK :twitch.tv/membership
2019-07-27 9:03:50 PM: botfumante - Received: :tmi.twitch.tv CAP * ACK :twitch.tv/commands
2019-07-27 9:03:50 PM: botfumante - Unaccounted for: :tmi.twitch.tv CAP * ACK :twitch.tv/commands
2019-07-27 9:03:50 PM: botfumante - Received: :tmi.twitch.tv CAP * ACK :twitch.tv/tags
2019-07-27 9:03:50 PM: botfumante - Unaccounted for: :tmi.twitch.tv CAP * ACK :twitch.tv/tags
2019-07-27 9:03:50 PM: botfumante - Received: :botfumante!botfumante@botfumante.tmi.twitch.tv JOIN #beringelamilgrau
2019-07-27 9:03:50 PM: botfumante - Received: :botfumante.tmi.twitch.tv 353 botfumante = #beringelamilgrau :botfumante
2019-07-27 9:03:50 PM: botfumante - Received: :botfumante.tmi.twitch.tv 366 botfumante #beringelamilgrau :End of /NAMES list
2019-07-27 9:03:50 PM: botfumante - Finished channel joining queue.
2019-07-27 9:03:50 PM: botfumante - Received: @badge-info=;badges=;color=;display-name=BotFumante;emote-sets=0;mod=0;subscriber=0;user-type= :tmi.twitch.tv USERSTATE #beringelamilgrau
2019-07-27 9:03:50 PM: botfumante - Received: @emote-only=0;followers-only=-1;r9k=0;rituals=0;room-id=443063688;slow=0;subs-only=0 :tmi.twitch.tv ROOMSTATE #beringelamilgrau
2019-07-27 9:03:50 PM: botfumante - Finished channel joining queue.
2019-07-27 9:03:56 PM: botfumante - Received: @badge-info=subscriber/1;badges=vip/1,subscriber/0,bits-charity/1;color=#5F9EA0;display-name=Jean__;emotes=;flags=;id=233128ee-bc80-4c1c-8e9f-7d049938178e;mod=0;room-id=443063688;subscriber=1;tmi-sent-ts=1564272235104;turbo=0;user-id=38479494;user-type= :jean__!jean__@jean__.tmi.twitch.tv PRIVMSG #beringelamilgrau :Pepega
2019-07-27 9:04:03 PM: botfumante - Received: @badge-info=subscriber/1;badges=vip/1,subscriber/0,bits-charity/1;color=#5F9EA0;display-name=Jean__;emotes=;flags=;id=867383fe-1339-4b41-bb41-a746f1ce4c06;mod=0;room-id=443063688;subscriber=1;tmi-sent-ts=1564272241409;turbo=0;user-id=38479494;user-type= :jean__!jean__@jean__.tmi.twitch.tv PRIVMSG #beringelamilgrau :monkaHmm
2019-07-27 9:04:17 PM: botfumante - Received: @badge-info=;badges=vip/1;color=#008000;display-name=Hisaagi;emotes=;flags=;id=8f96d354-0355-46e5-8521-46a434773d6d;mod=0;room-id=443063688;subscriber=0;tmi-sent-ts=1564272256183;turbo=0;user-id=137774469;user-type= :hisaagi!hisaagi@hisaagi.tmi.twitch.tv PRIVMSG #beringelamilgrau :vamos falar mal daquele tal de waffle agr FeelsOkayMan
2019-07-27 9:04:25 PM: botfumante - Received: @badge-info=;badges=vip/1,premium/1;color=#D8FF00;display-name=guillapre;emotes=;flags=;id=41a8dda6-9432-4d8d-bb24-39b89c475547;mod=0;room-id=443063688;subscriber=0;tmi-sent-ts=1564272264227;turbo=0;user-id=157919745;user-type= :guillapre!guillapre@guillapre.tmi.twitch.tv PRIVMSG #beringelamilgrau :monkaHmm
2019-07-27 9:04:44 PM: botfumante - Received: :angeloflight!angeloflight@angeloflight.tmi.twitch.tv JOIN #beringelamilgrau
2019-07-27 9:04:44 PM: botfumante - Received: :totoro!totoro@totoro.tmi.twitch.tv JOIN #beringelamilgrau
2019-07-27 9:04:44 PM: botfumante - Received: :commanderroot!commanderroot@commanderroot.tmi.twitch.tv JOIN #beringelamilgrau
2019-07-27 9:04:44 PM: botfumante - Received: :guillapre!guillapre@guillapre.tmi.twitch.tv JOIN #beringelamilgrau
2019-07-27 9:04:44 PM: botfumante - Received: :hisaagi!hisaagi@hisaagi.tmi.twitch.tv JOIN #beringelamilgrau
2019-07-27 9:04:44 PM: botfumante - Received: :freddyybot!freddyybot@freddyybot.tmi.twitch.tv JOIN #beringelamilgrau
2019-07-27 9:04:44 PM: botfumante - Received: :5uperted!5uperted@5uperted.tmi.twitch.tv JOIN #beringelamilgrau
2019-07-27 9:04:44 PM: botfumante - Received: :beringelamilgrau!beringelamilgrau@beringelamilgrau.tmi.twitch.tv JOIN #beringelamilgrau
2019-07-27 9:04:44 PM: botfumante - Received: :michelle_rezende!michelle_rezende@michelle_rezende.tmi.twitch.tv JOIN #beringelamilgrau
2019-07-27 9:04:44 PM: botfumante - Received: :nightbot!nightbot@nightbot.tmi.twitch.tv JOIN #beringelamilgrau
2019-07-27 9:04:44 PM: botfumante - Received: :lurxx!lurxx@lurxx.tmi.twitch.tv JOIN #beringelamilgrau
2019-07-27 9:04:44 PM: botfumante - Received: :rbruno018!rbruno018@rbruno018.tmi.twitch.tv JOIN #beringelamilgrau
2019-07-27 9:04:44 PM: botfumante - Received: :skinnyseahorse!skinnyseahorse@skinnyseahorse.tmi.twitch.tv JOIN #beringelamilgrau
2019-07-27 9:04:44 PM: botfumante - Received: :maria_renata!maria_renata@maria_renata.tmi.twitch.tv JOIN #beringelamilgrau
2019-07-27 9:04:44 PM: botfumante - Received: :themalkavianx!themalkavianx@themalkavianx.tmi.twitch.tv JOIN #beringelamilgrau
2019-07-27 9:04:44 PM: botfumante - Received: :cyclemotion!cyclemotion@cyclemotion.tmi.twitch.tv JOIN #beringelamilgrau
2019-07-27 9:04:44 PM: botfumante - Received: :jean__!jean__@jean__.tmi.twitch.tv JOIN #beringelamilgrau
2019-07-27 9:04:44 PM: botfumante - Received: :montee_waffle!montee_waffle@montee_waffle.tmi.twitch.tv JOIN #beringelamilgrau
2019-07-27 9:04:44 PM: botfumante - Received: :electricallongboard!electricallongboard@electricallongboard.tmi.twitch.tv JOIN #beringelamilgrau
2019-07-27 9:04:44 PM: botfumante - Received: :ddanniell!ddanniell@ddanniell.tmi.twitch.tv JOIN #beringelamilgrau
2019-07-27 9:04:55 PM: botfumante - Received: @badge-info=;badges=vip/1,premium/1;color=#D8FF00;display-name=guillapre;emotes=;flags=;id=3593430b-1022-4037-9b89-833543d37d28;mod=0;room-id=443063688;subscriber=0;tmi-sent-ts=1564272294151;turbo=0;user-id=157919745;user-type= :guillapre!guillapre@guillapre.tmi.twitch.tv PRIVMSG #beringelamilgrau :q
2019-07-27 9:04:58 PM: botfumante - Received: @badge-info=;badges=vip/1;color=#008000;display-name=Hisaagi;emotes=;flags=;id=48b7de4f-46a9-4b8d-b8b7-92eb83c990b8;mod=0;room-id=443063688;subscriber=0;tmi-sent-ts=1564272297353;turbo=0;user-id=137774469;user-type= :hisaagi!hisaagi@hisaagi.tmi.twitch.tv PRIVMSG #beringelamilgrau :morde o cachorro Pepega
