2019-07-07 10:27:07 PM: bot_stay_high - Connecting to: wss://irc-ws.chat.twitch.tv:443
2019-07-07 10:27:08 PM: bot_stay_high - Should be connected!
2019-07-07 10:27:08 PM: bot_stay_high - Joining channel: jean__
2019-07-07 10:27:09 PM: bot_stay_high - Received: :tmi.twitch.tv 001 bot_stay_high :Welcome, GLHF!
2019-07-07 10:27:09 PM: bot_stay_high - Received: :tmi.twitch.tv 002 bot_stay_high :Your host is tmi.twitch.tv
2019-07-07 10:27:09 PM: bot_stay_high - Received: :tmi.twitch.tv 003 bot_stay_high :This server is rather new
2019-07-07 10:27:09 PM: bot_stay_high - Received: :tmi.twitch.tv 004 bot_stay_high :-
2019-07-07 10:27:09 PM: bot_stay_high - Received: :tmi.twitch.tv 375 bot_stay_high :-
2019-07-07 10:27:09 PM: bot_stay_high - Received: :tmi.twitch.tv 372 bot_stay_high :You are in a maze of twisty passages, all alike.
2019-07-07 10:27:09 PM: bot_stay_high - Received: :tmi.twitch.tv 376 bot_stay_high :>
2019-07-07 10:27:09 PM: bot_stay_high - Received: :tmi.twitch.tv CAP * ACK :twitch.tv/membership
2019-07-07 10:27:09 PM: bot_stay_high - Unaccounted for: :tmi.twitch.tv CAP * ACK :twitch.tv/membership
2019-07-07 10:27:09 PM: bot_stay_high - Received: :tmi.twitch.tv CAP * ACK :twitch.tv/commands
2019-07-07 10:27:09 PM: bot_stay_high - Unaccounted for: :tmi.twitch.tv CAP * ACK :twitch.tv/commands
2019-07-07 10:27:09 PM: bot_stay_high - Received: :tmi.twitch.tv CAP * ACK :twitch.tv/tags
2019-07-07 10:27:09 PM: bot_stay_high - Unaccounted for: :tmi.twitch.tv CAP * ACK :twitch.tv/tags
2019-07-07 10:27:09 PM: bot_stay_high - Received: :bot_stay_high!bot_stay_high@bot_stay_high.tmi.twitch.tv JOIN #jean__
2019-07-07 10:27:09 PM: bot_stay_high - Received: :bot_stay_high.tmi.twitch.tv 353 bot_stay_high = #jean__ :bot_stay_high
2019-07-07 10:27:09 PM: bot_stay_high - Received: :bot_stay_high.tmi.twitch.tv 366 bot_stay_high #jean__ :End of /NAMES list
2019-07-07 10:27:09 PM: bot_stay_high - Finished channel joining queue.
2019-07-07 10:27:09 PM: bot_stay_high - Received: @badge-info=;badges=;color=;display-name=bot_stay_high;emote-sets=0;mod=0;subscriber=0;user-type= :tmi.twitch.tv USERSTATE #jean__
2019-07-07 10:27:09 PM: bot_stay_high - Received: @emote-only=0;followers-only=-1;r9k=0;rituals=0;room-id=38479494;slow=0;subs-only=0 :tmi.twitch.tv ROOMSTATE #jean__
2019-07-07 10:27:09 PM: bot_stay_high - Finished channel joining queue.
2019-07-07 10:27:10 PM: bot_stay_high - Received: @badge-info=;badges=;color=;display-name=bot_stay_high;emote-sets=0;mod=0;subscriber=0;user-type= :tmi.twitch.tv USERSTATE #jean__
2019-07-07 10:27:26 PM: bot_stay_high - Received: :jean__!jean__@jean__.tmi.twitch.tv JOIN #jean__
2019-07-07 10:27:26 PM: bot_stay_high - Received: :skeldom!skeldom@skeldom.tmi.twitch.tv JOIN #jean__
2019-07-07 10:31:31 PM: bot_stay_high - Received: PING :tmi.twitch.tv
2019-07-07 10:31:31 PM: bot_stay_high - Writing: PONG
2019-07-07 10:36:15 PM: bot_stay_high - Received: PING :tmi.twitch.tv
2019-07-07 10:36:15 PM: bot_stay_high - Writing: PONG
2019-07-07 10:40:47 PM: bot_stay_high - Received: PING :tmi.twitch.tv
2019-07-07 10:40:47 PM: bot_stay_high - Writing: PONG
2019-07-07 10:45:37 PM: bot_stay_high - Received: PING :tmi.twitch.tv
2019-07-07 10:45:37 PM: bot_stay_high - Writing: PONG
2019-07-07 10:50:26 PM: bot_stay_high - Received: PING :tmi.twitch.tv
2019-07-07 10:50:26 PM: bot_stay_high - Writing: PONG
2019-07-07 10:54:26 PM: bot_stay_high - Received: PING :tmi.twitch.tv
2019-07-07 10:54:26 PM: bot_stay_high - Writing: PONG
2019-07-07 10:56:37 PM: bot_stay_high - Received: @badge-info=;badges=broadcaster/1,bits-charity/1;color=#1E90FF;display-name=Jean__;emotes=;flags=;id=b02d89dc-ba3a-4a4d-b80b-f24023afcc90;mod=0;room-id=38479494;subscriber=0;tmi-sent-ts=1562550997569;turbo=0;user-id=38479494;user-type= :jean__!jean__@jean__.tmi.twitch.tv PRIVMSG #jean__ :l
2019-07-07 10:57:09 PM: bot_stay_high - Received: @badge-info=;badges=;color=;display-name=bot_stay_high;emote-sets=0;mod=0;subscriber=0;user-type= :tmi.twitch.tv USERSTATE #jean__
