8/23/2019 8:22:37 PM: botfumante - Connecting to: wss://irc-ws.chat.twitch.tv:443
8/23/2019 8:22:38 PM: botfumante - Should be connected!
8/23/2019 8:22:39 PM: botfumante - Joining channel: beringelamilgrau
8/23/2019 8:22:39 PM: botfumante - Received: :tmi.twitch.tv 001 botfumante :Welcome, GLHF!
8/23/2019 8:22:39 PM: botfumante - Received: :tmi.twitch.tv 002 botfumante :Your host is tmi.twitch.tv
8/23/2019 8:22:39 PM: botfumante - Received: :tmi.twitch.tv 003 botfumante :This server is rather new
8/23/2019 8:22:39 PM: botfumante - Received: :tmi.twitch.tv 004 botfumante :-
8/23/2019 8:22:39 PM: botfumante - Received: :tmi.twitch.tv 375 botfumante :-
8/23/2019 8:22:39 PM: botfumante - Received: :tmi.twitch.tv 372 botfumante :You are in a maze of twisty passages, all alike.
8/23/2019 8:22:39 PM: botfumante - Received: :tmi.twitch.tv 376 botfumante :>
8/23/2019 8:22:39 PM: botfumante - Received: :tmi.twitch.tv CAP * ACK :twitch.tv/membership
8/23/2019 8:22:39 PM: botfumante - Unaccounted for: :tmi.twitch.tv CAP * ACK :twitch.tv/membership
8/23/2019 8:22:39 PM: botfumante - Received: :tmi.twitch.tv CAP * ACK :twitch.tv/commands
8/23/2019 8:22:39 PM: botfumante - Unaccounted for: :tmi.twitch.tv CAP * ACK :twitch.tv/commands
8/23/2019 8:22:39 PM: botfumante - Received: :tmi.twitch.tv CAP * ACK :twitch.tv/tags
8/23/2019 8:22:39 PM: botfumante - Unaccounted for: :tmi.twitch.tv CAP * ACK :twitch.tv/tags
8/23/2019 8:22:39 PM: botfumante - Received: :botfumante!botfumante@botfumante.tmi.twitch.tv JOIN #beringelamilgrau
8/23/2019 8:22:39 PM: botfumante - Received: :botfumante.tmi.twitch.tv 353 botfumante = #beringelamilgrau :botfumante
8/23/2019 8:22:39 PM: botfumante - Received: :botfumante.tmi.twitch.tv 366 botfumante #beringelamilgrau :End of /NAMES list
8/23/2019 8:22:39 PM: botfumante - Finished channel joining queue.
8/23/2019 8:22:39 PM: botfumante - Received: @badge-info=;badges=;color=;display-name=BotFumante;emote-sets=0;mod=0;subscriber=0;user-type= :tmi.twitch.tv USERSTATE #beringelamilgrau
8/23/2019 8:22:39 PM: botfumante - Received: @emote-only=0;followers-only=-1;r9k=0;rituals=0;room-id=443063688;slow=0;subs-only=0 :tmi.twitch.tv ROOMSTATE #beringelamilgrau
8/23/2019 8:22:40 PM: botfumante - Finished channel joining queue.
8/23/2019 8:22:42 PM: botfumante - Received: @badge-info=;badges=moderator/1;color=#008000;display-name=TONYXZERO;emotes=;flags=;id=d98497cc-9db6-41e6-8e35-54f5197d9aec;mod=1;room-id=443063688;subscriber=0;tmi-sent-ts=1566602560969;turbo=0;user-id=38731171;user-type=mod :tonyxzero!tonyxzero@tonyxzero.tmi.twitch.tv PRIVMSG #beringelamilgrau :? o Bira Luca FeelsMan
8/23/2019 8:22:44 PM: botfumante - Received: @badge-info=;badges=bits-charity/1;color=#DAA520;display-name=lucaesan;emotes=;flags=;id=64ad8041-cbb6-4559-b81d-68adeacb81d5;mod=0;room-id=443063688;subscriber=0;tmi-sent-ts=1566602563761;turbo=0;user-id=167039036;user-type= :lucaesan!lucaesan@lucaesan.tmi.twitch.tv PRIVMSG #beringelamilgrau :ellens PepePls
8/23/2019 8:22:47 PM: botfumante - Received: @badge-info=subscriber/2;badges=vip/1,subscriber/0,bits-charity/1;color=#5F9EA0;display-name=Jean__;emotes=;flags=;id=9c1ca100-9031-4574-8a9a-c8d0ef263262;mod=0;room-id=443063688;subscriber=1;tmi-sent-ts=1566602566055;turbo=0;user-id=38479494;user-type= :jean__!jean__@jean__.tmi.twitch.tv PRIVMSG #beringelamilgrau :FeelsMan
8/23/2019 8:22:51 PM: botfumante - Received: @badge-info=;badges=bits-charity/1;color=#DAA520;display-name=lucaesan;emotes=;flags=;id=a7c5e2c2-1ef1-4029-9052-92ae12dbbbef;mod=0;room-id=443063688;subscriber=0;tmi-sent-ts=1566602570760;turbo=0;user-id=167039036;user-type= :lucaesan!lucaesan@lucaesan.tmi.twitch.tv PRIVMSG #beringelamilgrau :FeelsMan
