8/23/2019 12:43:47 AM: bot_stay_high - Connecting to: wss://irc-ws.chat.twitch.tv:443
8/23/2019 12:43:48 AM: bot_stay_high - Should be connected!
8/23/2019 12:43:48 AM: bot_stay_high - Joining channel: beringelamilgrau
8/23/2019 12:43:48 AM: bot_stay_high - Received: :tmi.twitch.tv 001 bot_stay_high :Welcome, GLHF!
8/23/2019 12:43:48 AM: bot_stay_high - Received: :tmi.twitch.tv 002 bot_stay_high :Your host is tmi.twitch.tv
8/23/2019 12:43:48 AM: bot_stay_high - Received: :tmi.twitch.tv 003 bot_stay_high :This server is rather new
8/23/2019 12:43:48 AM: bot_stay_high - Received: :tmi.twitch.tv 004 bot_stay_high :-
8/23/2019 12:43:48 AM: bot_stay_high - Received: :tmi.twitch.tv 375 bot_stay_high :-
8/23/2019 12:43:48 AM: bot_stay_high - Received: :tmi.twitch.tv 372 bot_stay_high :You are in a maze of twisty passages, all alike.
8/23/2019 12:43:48 AM: bot_stay_high - Received: :tmi.twitch.tv 376 bot_stay_high :>
8/23/2019 12:43:48 AM: bot_stay_high - Received: :tmi.twitch.tv CAP * ACK :twitch.tv/membership
8/23/2019 12:43:48 AM: bot_stay_high - Unaccounted for: :tmi.twitch.tv CAP * ACK :twitch.tv/membership
8/23/2019 12:43:48 AM: bot_stay_high - Received: :tmi.twitch.tv CAP * ACK :twitch.tv/commands
8/23/2019 12:43:48 AM: bot_stay_high - Unaccounted for: :tmi.twitch.tv CAP * ACK :twitch.tv/commands
8/23/2019 12:43:48 AM: bot_stay_high - Received: :tmi.twitch.tv CAP * ACK :twitch.tv/tags
8/23/2019 12:43:48 AM: bot_stay_high - Unaccounted for: :tmi.twitch.tv CAP * ACK :twitch.tv/tags
8/23/2019 12:43:48 AM: bot_stay_high - Received: :bot_stay_high!bot_stay_high@bot_stay_high.tmi.twitch.tv JOIN #beringelamilgrau
8/23/2019 12:43:48 AM: bot_stay_high - Received: :bot_stay_high.tmi.twitch.tv 353 bot_stay_high = #beringelamilgrau :bot_stay_high
8/23/2019 12:43:48 AM: bot_stay_high - Received: :bot_stay_high.tmi.twitch.tv 366 bot_stay_high #beringelamilgrau :End of /NAMES list
8/23/2019 12:43:48 AM: bot_stay_high - Finished channel joining queue.
8/23/2019 12:43:48 AM: bot_stay_high - Received: @badge-info=;badges=;color=;display-name=bot_stay_high;emote-sets=0;mod=0;subscriber=0;user-type= :tmi.twitch.tv USERSTATE #beringelamilgrau
8/23/2019 12:43:48 AM: bot_stay_high - Received: @emote-only=0;followers-only=-1;r9k=0;rituals=0;room-id=443063688;slow=0;subs-only=0 :tmi.twitch.tv ROOMSTATE #beringelamilgrau
8/23/2019 12:43:49 AM: bot_stay_high - Finished channel joining queue.
8/23/2019 12:43:49 AM: bot_stay_high - Received: @badge-info=;badges=;color=#00FF7F;display-name=CreepyHead;emotes=;flags=;id=90189bb2-4f6e-4f61-9be4-28870212014f;mod=0;room-id=443063688;subscriber=0;tmi-sent-ts=1566531828922;turbo=0;user-id=70457200;user-type= :creepyhead!creepyhead@creepyhead.tmi.twitch.tv PRIVMSG #beringelamilgrau :!price topzeira
8/23/2019 12:43:52 AM: bot_stay_high - Received: @badge-info=subscriber/2;badges=vip/1,subscriber/0,bits-charity/1;color=#5F9EA0;display-name=Jean__;emotes=;flags=;id=0d42ed49-5f9e-473e-a1e0-f2804a25f3b1;mod=0;room-id=443063688;subscriber=1;tmi-sent-ts=1566531830637;turbo=0;user-id=38479494;user-type= :jean__!jean__@jean__.tmi.twitch.tv PRIVMSG #beringelamilgrau :reiniciei o bot
8/23/2019 12:43:53 AM: bot_stay_high - Received: @badge-info=;badges=;color=;display-name=joseantonio001;emotes=;flags=;id=e6b38aba-024b-4067-97ef-cd594f7ab45a;mod=0;room-id=443063688;subscriber=0;tmi-sent-ts=1566531832601;turbo=0;user-id=157525923;user-type= :joseantonio001!joseantonio001@joseantonio001.tmi.twitch.tv PRIVMSG #beringelamilgrau :!price plano de saude
8/23/2019 12:44:07 AM: bot_stay_high - Received: @badge-info=subscriber/2;badges=vip/1,subscriber/0,bits-charity/1;color=#5F9EA0;display-name=Jean__;emotes=;flags=;id=4830cd6a-d7d0-4068-86d8-110e0cda67f2;mod=0;room-id=443063688;subscriber=1;tmi-sent-ts=1566531847001;turbo=0;user-id=38479494;user-type= :jean__!jean__@jean__.tmi.twitch.tv PRIVMSG #beringelamilgrau :!price gta
8/23/2019 12:44:09 AM: bot_stay_high - Received: @badge-info=;badges=;color=;display-name=bot_stay_high;emote-sets=0;mod=0;subscriber=0;user-type= :tmi.twitch.tv USERSTATE #beringelamilgrau
8/23/2019 12:44:12 AM: bot_stay_high - Received: @badge-info=subscriber/2;badges=vip/1,subscriber/0,bits-charity/1;color=#5F9EA0;display-name=Jean__;emotes=;flags=;id=0a816969-573e-49de-8cc3-400f1b83fced;mod=0;room-id=443063688;subscriber=1;tmi-sent-ts=1566531852277;turbo=0;user-id=38479494;user-type= :jean__!jean__@jean__.tmi.twitch.tv PRIVMSG #beringelamilgrau :FeelsOkayMan
8/23/2019 12:44:18 AM: bot_stay_high - Received: @badge-info=;badges=;color=#00FF7F;display-name=CreepyHead;emotes=;flags=;id=88b973ef-fd4d-4eae-a850-fee4c37e79c5;mod=0;room-id=443063688;subscriber=0;tmi-sent-ts=1566531858496;turbo=0;user-id=70457200;user-type= :creepyhead!creepyhead@creepyhead.tmi.twitch.tv PRIVMSG #beringelamilgrau :!price lol
8/23/2019 12:44:20 AM: bot_stay_high - Received: @msg-id=msg_duplicate :tmi.twitch.tv NOTICE #beringelamilgrau :Your message was not sent because it is identical to the previous one you sent, less than 30 seconds ago.
8/23/2019 12:44:20 AM: bot_stay_high - Unaccounted for: @msg-id=msg_duplicate :tmi.twitch.tv NOTICE #beringelamilgrau :Your message was not sent because it is identical to the previous one you sent, less than 30 seconds ago.
8/23/2019 12:44:25 AM: bot_stay_high - Received: @badge-info=subscriber/2;badges=broadcaster/1,subscriber/0;color=#8A2BE2;display-name=BeringelaMilGrau;emotes=;flags=;id=22b899ae-6fb8-4109-b3ff-78e72417ac7c;mod=0;room-id=443063688;subscriber=1;tmi-sent-ts=1566531865096;turbo=0;user-id=443063688;user-type= :beringelamilgrau!beringelamilgrau@beringelamilgrau.tmi.twitch.tv PRIVMSG #beringelamilgrau :!price nbom
8/23/2019 12:44:25 AM: bot_stay_high - Received: @badge-info=;badges=moderator/1;color=#FF9600;display-name=ddanniell;emotes=;flags=;id=95d8b7a2-aecc-493b-b457-434cb8c3eb74;mod=1;room-id=443063688;subscriber=0;tmi-sent-ts=1566531865100;turbo=0;user-id=36163282;user-type=mod :ddanniell!ddanniell@ddanniell.tmi.twitch.tv PRIVMSG #beringelamilgrau :!price gente doente
8/23/2019 12:44:26 AM: bot_stay_high - Received: @badge-info=;badges=;color=;display-name=bot_stay_high;emote-sets=0;mod=0;subscriber=0;user-type= :tmi.twitch.tv USERSTATE #beringelamilgrau
8/23/2019 12:44:26 AM: bot_stay_high - Received: @msg-id=msg_ratelimit :tmi.twitch.tv NOTICE #beringelamilgrau :Your message was not sent because you are sending messages too quickly.
8/23/2019 12:44:26 AM: bot_stay_high - Unaccounted for: @msg-id=msg_ratelimit :tmi.twitch.tv NOTICE #beringelamilgrau :Your message was not sent because you are sending messages too quickly.
8/23/2019 12:44:27 AM: bot_stay_high - Received: @badge-info=;badges=;color=;display-name=Rafael_870;emotes=;flags=;id=a15a6556-15c7-4510-9bf9-db99fa1f71d4;mod=0;room-id=443063688;subscriber=0;tmi-sent-ts=1566531867496;turbo=0;user-id=153485554;user-type= :rafael_870!rafael_870@rafael_870.tmi.twitch.tv PRIVMSG #beringelamilgrau :!price sus
8/23/2019 12:44:29 AM: bot_stay_high - Received: @badge-info=;badges=;color=;display-name=bot_stay_high;emote-sets=0;mod=0;subscriber=0;user-type= :tmi.twitch.tv USERSTATE #beringelamilgrau
8/23/2019 12:44:33 AM: bot_stay_high - Received: @badge-info=subscriber/2;badges=broadcaster/1,subscriber/0;color=#8A2BE2;display-name=BeringelaMilGrau;emotes=;flags=;id=bb13d5f4-955a-42eb-8abc-ee72d8a3d730;mod=0;room-id=443063688;subscriber=1;tmi-sent-ts=1566531872974;turbo=0;user-id=443063688;user-type= :beringelamilgrau!beringelamilgrau@beringelamilgrau.tmi.twitch.tv PRIVMSG #beringelamilgrau :!price bom
8/23/2019 12:44:39 AM: bot_stay_high - Received: @badge-info=;badges=;color=;display-name=joseantonio001;emotes=;flags=;id=1edb0039-a83c-4e1a-a0ed-398943726ca5;mod=0;room-id=443063688;subscriber=0;tmi-sent-ts=1566531879550;turbo=0;user-id=157525923;user-type= :joseantonio001!joseantonio001@joseantonio001.tmi.twitch.tv PRIVMSG #beringelamilgrau :tudo ta dando GTA
8/23/2019 12:44:40 AM: bot_stay_high - Received: @badge-info=;badges=moderator/1;color=#FF9600;display-name=ddanniell;emotes=;flags=;id=fc3ac742-4aac-4780-9ca5-d2c44ecbf08a;mod=1;room-id=443063688;subscriber=0;tmi-sent-ts=1566531879960;turbo=0;user-id=36163282;user-type=mod :ddanniell!ddanniell@ddanniell.tmi.twitch.tv PRIVMSG #beringelamilgrau :!price peitos
8/23/2019 12:44:42 AM: bot_stay_high - Received: @badge-info=;badges=;color=;display-name=bot_stay_high;emote-sets=0;mod=0;subscriber=0;user-type= :tmi.twitch.tv USERSTATE #beringelamilgrau
8/23/2019 12:44:43 AM: bot_stay_high - Received: :montee_waffle!montee_waffle@montee_waffle.tmi.twitch.tv JOIN #beringelamilgrau
8/23/2019 12:44:43 AM: bot_stay_high - Received: :jean__!jean__@jean__.tmi.twitch.tv JOIN #beringelamilgrau
8/23/2019 12:44:43 AM: bot_stay_high - Received: :beringelamilgrau!beringelamilgrau@beringelamilgrau.tmi.twitch.tv JOIN #beringelamilgrau
8/23/2019 12:44:44 AM: bot_stay_high - Received: :lucaesan!lucaesan@lucaesan.tmi.twitch.tv JOIN #beringelamilgrau
8/23/2019 12:44:44 AM: bot_stay_high - Received: :rafael_870!rafael_870@rafael_870.tmi.twitch.tv JOIN #beringelamilgrau
8/23/2019 12:44:44 AM: bot_stay_high - Received: :rbruno018!rbruno018@rbruno018.tmi.twitch.tv JOIN #beringelamilgrau
8/23/2019 12:44:44 AM: bot_stay_high - Received: :don_torelli!don_torelli@don_torelli.tmi.twitch.tv JOIN #beringelamilgrau
8/23/2019 12:44:44 AM: bot_stay_high - Received: :s1faka!s1faka@s1faka.tmi.twitch.tv JOIN #beringelamilgrau
8/23/2019 12:44:44 AM: bot_stay_high - Received: :lurxx!lurxx@lurxx.tmi.twitch.tv JOIN #beringelamilgrau
8/23/2019 12:44:44 AM: bot_stay_high - Received: :creepyhead!creepyhead@creepyhead.tmi.twitch.tv JOIN #beringelamilgrau
8/23/2019 12:44:44 AM: bot_stay_high - Received: :streamlabs!streamlabs@streamlabs.tmi.twitch.tv JOIN #beringelamilgrau
8/23/2019 12:44:44 AM: bot_stay_high - Received: :joseantonio001!joseantonio001@joseantonio001.tmi.twitch.tv JOIN #beringelamilgrau
8/23/2019 12:44:44 AM: bot_stay_high - Received: :commanderroot!commanderroot@commanderroot.tmi.twitch.tv JOIN #beringelamilgrau
8/23/2019 12:44:44 AM: bot_stay_high - Received: :hostmeraffle!hostmeraffle@hostmeraffle.tmi.twitch.tv JOIN #beringelamilgrau
8/23/2019 12:44:44 AM: bot_stay_high - Received: :electricallongboard!electricallongboard@electricallongboard.tmi.twitch.tv JOIN #beringelamilgrau
8/23/2019 12:44:44 AM: bot_stay_high - Received: :winsock!winsock@winsock.tmi.twitch.tv JOIN #beringelamilgrau
8/23/2019 12:44:44 AM: bot_stay_high - Received: :gabrigode!gabrigode@gabrigode.tmi.twitch.tv JOIN #beringelamilgrau
8/23/2019 12:44:44 AM: bot_stay_high - Received: :ddanniell!ddanniell@ddanniell.tmi.twitch.tv JOIN #beringelamilgrau
8/23/2019 12:44:48 AM: bot_stay_high - Received: @badge-info=;badges=;color=#00FF7F;display-name=CreepyHead;emotes=;flags=;id=ef375328-b9bc-45c8-a035-f258537e9561;mod=0;room-id=443063688;subscriber=0;tmi-sent-ts=1566531887669;turbo=0;user-id=70457200;user-type= :creepyhead!creepyhead@creepyhead.tmi.twitch.tv PRIVMSG #beringelamilgrau :!price tripofobia
8/23/2019 12:44:48 AM: bot_stay_high - Received: @badge-info=;badges=;color=;display-name=bot_stay_high;emote-sets=0;mod=0;subscriber=0;user-type= :tmi.twitch.tv USERSTATE #beringelamilgrau
8/23/2019 12:44:50 AM: bot_stay_high - Received: @badge-info=subscriber/2;badges=vip/1,subscriber/0,bits-charity/1;color=#5F9EA0;display-name=Jean__;emotes=;flags=;id=6adf23a3-8328-4435-b648-3e7d3e65aebc;mod=0;room-id=443063688;subscriber=1;tmi-sent-ts=1566531890438;turbo=0;user-id=38479494;user-type= :jean__!jean__@jean__.tmi.twitch.tv PRIVMSG #beringelamilgrau :? que nao tem nenhum jogo com essas palavras
8/23/2019 12:44:53 AM: bot_stay_high - Received: @badge-info=;badges=;color=;display-name=joseantonio001;emotes=;flags=;id=92c31891-5fb9-4fdc-b714-ed6f531adfe9;mod=0;room-id=443063688;subscriber=0;tmi-sent-ts=1566531893239;turbo=0;user-id=157525923;user-type= :joseantonio001!joseantonio001@joseantonio001.tmi.twitch.tv PRIVMSG #beringelamilgrau :ESTRAGARAM o Bot
8/23/2019 12:44:54 AM: bot_stay_high - Received: @badge-info=subscriber/2;badges=vip/1,subscriber/0,bits-charity/1;color=#5F9EA0;display-name=Jean__;emotes=;flags=;id=4bce7622-2486-4b09-bb7e-2c3c59674b77;mod=0;room-id=443063688;subscriber=1;tmi-sent-ts=1566531893870;turbo=0;user-id=38479494;user-type= :jean__!jean__@jean__.tmi.twitch.tv PRIVMSG #beringelamilgrau :ai busca na home da steam
8/23/2019 12:44:55 AM: bot_stay_high - Received: @badge-info=;badges=;color=#00FF7F;display-name=CreepyHead;emotes=;flags=7-12:P.0/S.6;id=516e7600-a032-4ea6-aa82-5cbc47d274f0;mod=0;room-id=443063688;subscriber=0;tmi-sent-ts=1566531895334;turbo=0;user-id=70457200;user-type= :creepyhead!creepyhead@creepyhead.tmi.twitch.tv PRIVMSG #beringelamilgrau :!price goatse
8/23/2019 12:44:56 AM: bot_stay_high - Received: @msg-id=msg_duplicate :tmi.twitch.tv NOTICE #beringelamilgrau :Your message was not sent because it is identical to the previous one you sent, less than 30 seconds ago.
8/23/2019 12:44:56 AM: bot_stay_high - Unaccounted for: @msg-id=msg_duplicate :tmi.twitch.tv NOTICE #beringelamilgrau :Your message was not sent because it is identical to the previous one you sent, less than 30 seconds ago.
8/23/2019 12:44:57 AM: bot_stay_high - Received: @badge-info=subscriber/2;badges=vip/1,subscriber/0,bits-charity/1;color=#5F9EA0;display-name=Jean__;emotes=;flags=;id=29d7a5e2-7036-4fac-9aa2-d0ac75d6117c;mod=0;room-id=443063688;subscriber=1;tmi-sent-ts=1566531897191;turbo=0;user-id=38479494;user-type= :jean__!jean__@jean__.tmi.twitch.tv PRIVMSG #beringelamilgrau :ou mais vendidos FeelsMan
8/23/2019 12:45:23 AM: bot_stay_high - Received: @badge-info=;badges=;color=#00FF7F;display-name=CreepyHead;emotes=;flags=;id=577d71ff-0f0a-4527-b85c-d8616840e34b;mod=0;room-id=443063688;subscriber=0;tmi-sent-ts=1566531922768;turbo=0;user-id=70457200;user-type= :creepyhead!creepyhead@creepyhead.tmi.twitch.tv PRIVMSG #beringelamilgrau :era legal quando o bot dava pre?o da tua m?e jean :C
8/23/2019 12:45:31 AM: bot_stay_high - Received: @badge-info=subscriber/2;badges=broadcaster/1,subscriber/0;color=#8A2BE2;display-name=BeringelaMilGrau;emotes=;flags=;id=9fe030a7-7689-417c-b7b8-969432d59e7c;mod=0;room-id=443063688;subscriber=1;tmi-sent-ts=1566531931360;turbo=0;user-id=443063688;user-type= :beringelamilgrau!beringelamilgrau@beringelamilgrau.tmi.twitch.tv PRIVMSG #beringelamilgrau :!price bot
8/23/2019 12:45:33 AM: bot_stay_high - Received: @badge-info=;badges=;color=;display-name=bot_stay_high;emote-sets=0;mod=0;subscriber=0;user-type= :tmi.twitch.tv USERSTATE #beringelamilgrau
8/23/2019 12:45:37 AM: bot_stay_high - Received: @badge-info=subscriber/2;badges=vip/1,subscriber/0,bits-charity/1;color=#5F9EA0;display-name=Jean__;emotes=;flags=;id=020b55f4-6b5f-49fa-981d-8e23d136ae86;mod=0;room-id=443063688;subscriber=1;tmi-sent-ts=1566531937289;turbo=0;user-id=38479494;user-type= :jean__!jean__@jean__.tmi.twitch.tv PRIVMSG #beringelamilgrau :monkaHmm
8/23/2019 12:45:44 AM: bot_stay_high - Received: @badge-info=;badges=moderator/1;color=#FF9600;display-name=ddanniell;emotes=;flags=;id=b5850d2a-18f1-48e9-94ae-2aa848b1e5dd;mod=1;room-id=443063688;subscriber=0;tmi-sent-ts=1566531944396;turbo=0;user-id=36163282;user-type=mod :ddanniell!ddanniell@ddanniell.tmi.twitch.tv PRIVMSG #beringelamilgrau :!price assadura
8/23/2019 12:45:45 AM: bot_stay_high - Received: @badge-info=;badges=;color=;display-name=bot_stay_high;emote-sets=0;mod=0;subscriber=0;user-type= :tmi.twitch.tv USERSTATE #beringelamilgrau
8/23/2019 12:45:48 AM: bot_stay_high - Received: @badge-info=subscriber/2;badges=broadcaster/1,subscriber/0;color=#8A2BE2;display-name=BeringelaMilGrau;emotes=;flags=;id=1b0949a4-8521-4e90-8164-d2dfc26751c2;mod=0;room-id=443063688;subscriber=1;tmi-sent-ts=1566531947699;turbo=0;user-id=443063688;user-type= :beringelamilgrau!beringelamilgrau@beringelamilgrau.tmi.twitch.tv PRIVMSG #beringelamilgrau :!price lego
8/23/2019 12:45:50 AM: bot_stay_high - Received: @badge-info=;badges=;color=;display-name=bot_stay_high;emote-sets=0;mod=0;subscriber=0;user-type= :tmi.twitch.tv USERSTATE #beringelamilgrau
8/23/2019 12:45:54 AM: bot_stay_high - Received: @badge-info=;badges=moderator/1;color=#FF9600;display-name=ddanniell;emotes=;flags=;id=ac06bd15-a9c7-4d08-88f1-1fed47d0521e;mod=1;room-id=443063688;subscriber=0;tmi-sent-ts=1566531954495;turbo=0;user-id=36163282;user-type=mod :ddanniell!ddanniell@ddanniell.tmi.twitch.tv PRIVMSG #beringelamilgrau :!price chaveco
8/23/2019 12:45:55 AM: bot_stay_high - Received: @badge-info=subscriber/2;badges=broadcaster/1,subscriber/0;color=#8A2BE2;display-name=BeringelaMilGrau;emotes=;flags=;id=c3460330-a733-4c75-ad65-af28ee2fd1a6;mod=0;room-id=443063688;subscriber=1;tmi-sent-ts=1566531954762;turbo=0;user-id=443063688;user-type= :beringelamilgrau!beringelamilgrau@beringelamilgrau.tmi.twitch.tv PRIVMSG #beringelamilgrau :!price lego
8/23/2019 12:45:56 AM: bot_stay_high - Received: @badge-info=;badges=;color=;display-name=bot_stay_high;emote-sets=0;mod=0;subscriber=0;user-type= :tmi.twitch.tv USERSTATE #beringelamilgrau
8/23/2019 12:45:57 AM: bot_stay_high - Received: @badge-info=;badges=;color=;display-name=bot_stay_high;emote-sets=0;mod=0;subscriber=0;user-type= :tmi.twitch.tv USERSTATE #beringelamilgrau
8/23/2019 12:46:01 AM: bot_stay_high - Received: @badge-info=subscriber/2;badges=broadcaster/1,subscriber/0;color=#8A2BE2;display-name=BeringelaMilGrau;emotes=;flags=;id=392dcc0b-0bed-4ae5-8421-b93d544bd3de;mod=0;room-id=443063688;subscriber=1;tmi-sent-ts=1566531960997;turbo=0;user-id=443063688;user-type= :beringelamilgrau!beringelamilgrau@beringelamilgrau.tmi.twitch.tv PRIVMSG #beringelamilgrau :!price lego
8/23/2019 12:46:03 AM: bot_stay_high - Received: @badge-info=;badges=;color=;display-name=bot_stay_high;emote-sets=0;mod=0;subscriber=0;user-type= :tmi.twitch.tv USERSTATE #beringelamilgrau
8/23/2019 12:46:05 AM: bot_stay_high - Received: @badge-info=subscriber/2;badges=broadcaster/1,subscriber/0;color=#8A2BE2;display-name=BeringelaMilGrau;emotes=;flags=;id=a503ccf3-bf4c-44cc-b7de-2f4dc7a9ba96;mod=0;room-id=443063688;subscriber=1;tmi-sent-ts=1566531965048;turbo=0;user-id=443063688;user-type= :beringelamilgrau!beringelamilgrau@beringelamilgrau.tmi.twitch.tv PRIVMSG #beringelamilgrau :!price lego
8/23/2019 12:46:07 AM: bot_stay_high - Received: @msg-id=msg_duplicate :tmi.twitch.tv NOTICE #beringelamilgrau :Your message was not sent because it is identical to the previous one you sent, less than 30 seconds ago.
8/23/2019 12:46:07 AM: bot_stay_high - Unaccounted for: @msg-id=msg_duplicate :tmi.twitch.tv NOTICE #beringelamilgrau :Your message was not sent because it is identical to the previous one you sent, less than 30 seconds ago.
8/23/2019 12:46:08 AM: bot_stay_high - Received: @badge-info=;badges=;color=;display-name=Rafael_870;emotes=;flags=;id=07224cbc-051e-4704-a26e-ebab32b5722b;mod=0;room-id=443063688;subscriber=0;tmi-sent-ts=1566531968160;turbo=0;user-id=153485554;user-type= :rafael_870!rafael_870@rafael_870.tmi.twitch.tv PRIVMSG #beringelamilgrau :!price sub
8/23/2019 12:46:10 AM: bot_stay_high - Received: @badge-info=subscriber/2;badges=vip/1,subscriber/0,bits-charity/1;color=#5F9EA0;display-name=Jean__;emotes=;flags=;id=e5421d5b-ab45-46b7-a340-bd8c98cb1091;mod=0;room-id=443063688;subscriber=1;tmi-sent-ts=1566531968707;turbo=0;user-id=38479494;user-type= :jean__!jean__@jean__.tmi.twitch.tv PRIVMSG #beringelamilgrau :!price Bot War
8/23/2019 12:46:11 AM: bot_stay_high - Received: @badge-info=;badges=;color=;display-name=bot_stay_high;emote-sets=0;mod=0;subscriber=0;user-type= :tmi.twitch.tv USERSTATE #beringelamilgrau
8/23/2019 12:46:12 AM: bot_stay_high - Received: @badge-info=;badges=;color=;display-name=bot_stay_high;emote-sets=0;mod=0;subscriber=0;user-type= :tmi.twitch.tv USERSTATE #beringelamilgrau
8/23/2019 12:46:43 AM: bot_stay_high - Received: @badge-info=;badges=moderator/1;color=#FF9600;display-name=ddanniell;emotes=;flags=;id=927ea451-85cd-4d38-97c8-96f2f09e8d5c;mod=1;room-id=443063688;subscriber=0;tmi-sent-ts=1566532003213;turbo=0;user-id=36163282;user-type=mod :ddanniell!ddanniell@ddanniell.tmi.twitch.tv PRIVMSG #beringelamilgrau :!price maconha
8/23/2019 12:46:45 AM: bot_stay_high - Received: @badge-info=;badges=;color=;display-name=bot_stay_high;emote-sets=0;mod=0;subscriber=0;user-type= :tmi.twitch.tv USERSTATE #beringelamilgrau
8/23/2019 12:47:16 AM: bot_stay_high - Received: @badge-info=subscriber/2;badges=broadcaster/1,subscriber/0;color=#8A2BE2;display-name=BeringelaMilGrau;emotes=;flags=;id=e00d4533-a216-4eb4-ba41-0f1af6df9479;mod=0;room-id=443063688;subscriber=1;tmi-sent-ts=1566532035796;turbo=0;user-id=443063688;user-type= :beringelamilgrau!beringelamilgrau@beringelamilgrau.tmi.twitch.tv PRIVMSG #beringelamilgrau :!price space
8/23/2019 12:47:18 AM: bot_stay_high - Received: @badge-info=;badges=;color=;display-name=bot_stay_high;emote-sets=0;mod=0;subscriber=0;user-type= :tmi.twitch.tv USERSTATE #beringelamilgrau
8/23/2019 12:47:22 AM: bot_stay_high - Received: @badge-info=subscriber/2;badges=broadcaster/1,subscriber/0;color=#8A2BE2;display-name=BeringelaMilGrau;emotes=;flags=;id=10a56ed8-eee1-4e46-ae37-2464e608fe45;mod=0;room-id=443063688;subscriber=1;tmi-sent-ts=1566532042319;turbo=0;user-id=443063688;user-type= :beringelamilgrau!beringelamilgrau@beringelamilgrau.tmi.twitch.tv PRIVMSG #beringelamilgrau :!price space
8/23/2019 12:47:24 AM: bot_stay_high - Received: @msg-id=msg_duplicate :tmi.twitch.tv NOTICE #beringelamilgrau :Your message was not sent because it is identical to the previous one you sent, less than 30 seconds ago.
8/23/2019 12:47:24 AM: bot_stay_high - Unaccounted for: @msg-id=msg_duplicate :tmi.twitch.tv NOTICE #beringelamilgrau :Your message was not sent because it is identical to the previous one you sent, less than 30 seconds ago.
8/23/2019 12:47:28 AM: bot_stay_high - Received: @badge-info=;badges=moderator/1;color=#FF9600;display-name=ddanniell;emotes=;flags=;id=c2fd7065-37b7-45a2-aa03-19af95e4973d;mod=1;room-id=443063688;subscriber=0;tmi-sent-ts=1566532048211;turbo=0;user-id=36163282;user-type=mod :ddanniell!ddanniell@ddanniell.tmi.twitch.tv PRIVMSG #beringelamilgrau :!price jogo de porrada
8/23/2019 12:47:48 AM: bot_stay_high - Received: @badge-info=;badges=;color=#00FF7F;display-name=CreepyHead;emotes=;flags=;id=0b97f92d-eacd-4780-94d6-179761aff4aa;mod=0;room-id=443063688;subscriber=0;tmi-sent-ts=1566532067805;turbo=0;user-id=70457200;user-type= :creepyhead!creepyhead@creepyhead.tmi.twitch.tv PRIVMSG #beringelamilgrau :!price jogo de tiro
8/23/2019 12:47:57 AM: bot_stay_high - Received: @badge-info=subscriber/2;badges=broadcaster/1,subscriber/0;color=#8A2BE2;display-name=BeringelaMilGrau;emotes=;flags=;id=7a8ae5f9-7c3e-482f-beac-8ece92f127c8;mod=0;room-id=443063688;subscriber=1;tmi-sent-ts=1566532077056;turbo=0;user-id=443063688;user-type= :beringelamilgrau!beringelamilgrau@beringelamilgrau.tmi.twitch.tv PRIVMSG #beringelamilgrau :!tiro
8/23/2019 12:47:58 AM: bot_stay_high - Received: :joseantonio001!joseantonio001@joseantonio001.tmi.twitch.tv PART #beringelamilgrau
8/23/2019 12:48:05 AM: bot_stay_high - Received: @badge-info=subscriber/2;badges=vip/1,subscriber/0,bits-charity/1;color=#5F9EA0;display-name=Jean__;emotes=;flags=;id=4d9ed28a-f17e-4830-8444-631264005987;mod=0;room-id=443063688;subscriber=1;tmi-sent-ts=1566532085204;turbo=0;user-id=38479494;user-type= :jean__!jean__@jean__.tmi.twitch.tv PRIVMSG #beringelamilgrau :!price space
8/23/2019 12:48:07 AM: bot_stay_high - Received: @badge-info=;badges=;color=;display-name=bot_stay_high;emote-sets=0;mod=0;subscriber=0;user-type= :tmi.twitch.tv USERSTATE #beringelamilgrau
8/23/2019 12:48:17 AM: bot_stay_high - Received: PING :tmi.twitch.tv
8/23/2019 12:48:17 AM: bot_stay_high - Writing: PONG
8/23/2019 12:48:21 AM: bot_stay_high - Received: @badge-info=;badges=;color=;display-name=joseantonio001;emotes=;flags=;id=6b6c55d7-7bf1-44c6-b18a-1904879db8d9;mod=0;room-id=443063688;subscriber=0;tmi-sent-ts=1566532101228;turbo=0;user-id=157525923;user-type= :joseantonio001!joseantonio001@joseantonio001.tmi.twitch.tv PRIVMSG #beringelamilgrau :porra o BOT so fala GTA SwiftRagr
8/23/2019 12:48:28 AM: bot_stay_high - Received: @badge-info=subscriber/2;badges=vip/1,subscriber/0,bits-charity/1;color=#5F9EA0;display-name=Jean__;emotes=;flags=;id=941c0ed5-d898-4370-9c77-141c1da5aed7;mod=0;room-id=443063688;subscriber=1;tmi-sent-ts=1566532108311;turbo=0;user-id=38479494;user-type= :jean__!jean__@jean__.tmi.twitch.tv PRIVMSG #beringelamilgrau :!price space
8/23/2019 12:48:30 AM: bot_stay_high - Received: @badge-info=;badges=;color=;display-name=bot_stay_high;emote-sets=0;mod=0;subscriber=0;user-type= :tmi.twitch.tv USERSTATE #beringelamilgrau
8/23/2019 12:48:31 AM: bot_stay_high - Received: @badge-info=;badges=;color=;display-name=Isaferal;emotes=;flags=;id=4a46d91e-1f1d-4ca4-a3e5-204a6a0ab8d8;mod=0;room-id=443063688;subscriber=0;tmi-sent-ts=1566532111027;turbo=0;user-id=190759410;user-type= :isaferal!isaferal@isaferal.tmi.twitch.tv PRIVMSG #beringelamilgrau :ksks
8/23/2019 12:48:32 AM: bot_stay_high - Received: @badge-info=;badges=;color=;display-name=joseantonio001;emote-only=1;emotes=34:0-8;flags=;id=0e34dc5a-6169-46c9-aabf-abf2d2cfb8bc;mod=0;room-id=443063688;subscriber=0;tmi-sent-ts=1566532112245;turbo=0;user-id=157525923;user-type= :joseantonio001!joseantonio001@joseantonio001.tmi.twitch.tv PRIVMSG #beringelamilgrau :SwiftRage
8/23/2019 12:48:34 AM: bot_stay_high - Received: @badge-info=subscriber/2;badges=vip/1,subscriber/0,bits-charity/1;color=#5F9EA0;display-name=Jean__;emotes=;flags=;id=d3f180b7-84a6-4250-b150-b157c3193861;mod=0;room-id=443063688;subscriber=1;tmi-sent-ts=1566532113794;turbo=0;user-id=38479494;user-type= :jean__!jean__@jean__.tmi.twitch.tv PRIVMSG #beringelamilgrau :FeelsOkayMan
8/23/2019 12:48:41 AM: bot_stay_high - Received: @badge-info=;badges=moderator/1;color=#FF9600;display-name=ddanniell;emotes=;flags=;id=8feb5454-9345-44a5-aee3-52a39f4cd328;mod=1;room-id=443063688;subscriber=0;tmi-sent-ts=1566532120755;turbo=0;user-id=36163282;user-type=mod :ddanniell!ddanniell@ddanniell.tmi.twitch.tv PRIVMSG #beringelamilgrau :!price jogo de luta
8/23/2019 12:48:42 AM: bot_stay_high - Received: @badge-info=subscriber/2;badges=broadcaster/1,subscriber/0;color=#8A2BE2;display-name=BeringelaMilGrau;emotes=;flags=;id=81283a58-202c-44b8-8c0c-fcc01e6ee923;mod=0;room-id=443063688;subscriber=1;tmi-sent-ts=1566532120792;turbo=0;user-id=443063688;user-type= :beringelamilgrau!beringelamilgrau@beringelamilgrau.tmi.twitch.tv PRIVMSG #beringelamilgrau :!price space
8/23/2019 12:48:44 AM: bot_stay_high - Received: @msg-id=msg_duplicate :tmi.twitch.tv NOTICE #beringelamilgrau :Your message was not sent because it is identical to the previous one you sent, less than 30 seconds ago.
8/23/2019 12:48:44 AM: bot_stay_high - Unaccounted for: @msg-id=msg_duplicate :tmi.twitch.tv NOTICE #beringelamilgrau :Your message was not sent because it is identical to the previous one you sent, less than 30 seconds ago.
8/23/2019 12:48:55 AM: bot_stay_high - Received: @badge-info=subscriber/2;badges=broadcaster/1,subscriber/0;color=#8A2BE2;display-name=BeringelaMilGrau;emotes=;flags=;id=0418c4f2-d661-408c-b1a0-5817593b2b19;mod=0;room-id=443063688;subscriber=1;tmi-sent-ts=1566532135363;turbo=0;user-id=443063688;user-type= :beringelamilgrau!beringelamilgrau@beringelamilgrau.tmi.twitch.tv PRIVMSG #beringelamilgrau :!price space
8/23/2019 12:48:57 AM: bot_stay_high - Received: @msg-id=msg_duplicate :tmi.twitch.tv NOTICE #beringelamilgrau :Your message was not sent because it is identical to the previous one you sent, less than 30 seconds ago.
8/23/2019 12:48:57 AM: bot_stay_high - Unaccounted for: @msg-id=msg_duplicate :tmi.twitch.tv NOTICE #beringelamilgrau :Your message was not sent because it is identical to the previous one you sent, less than 30 seconds ago.
8/23/2019 12:49:00 AM: bot_stay_high - Received: @badge-info=subscriber/2;badges=broadcaster/1,subscriber/0;color=#8A2BE2;display-name=BeringelaMilGrau;emotes=;flags=;id=1bc9d237-9724-42fe-9795-1201b1d3495f;mod=0;room-id=443063688;subscriber=1;tmi-sent-ts=1566532140215;turbo=0;user-id=443063688;user-type= :beringelamilgrau!beringelamilgrau@beringelamilgrau.tmi.twitch.tv PRIVMSG #beringelamilgrau :ConcernFroge
8/23/2019 12:49:05 AM: bot_stay_high - Received: :joseantonio001!joseantonio001@joseantonio001.tmi.twitch.tv JOIN #beringelamilgrau
8/23/2019 12:49:05 AM: bot_stay_high - Received: :isaferal!isaferal@isaferal.tmi.twitch.tv JOIN #beringelamilgrau
8/23/2019 12:49:05 AM: bot_stay_high - Received: :s1faka!s1faka@s1faka.tmi.twitch.tv PART #beringelamilgrau
8/23/2019 12:49:05 AM: bot_stay_high - Received: :hostmeraffle!hostmeraffle@hostmeraffle.tmi.twitch.tv PART #beringelamilgrau
8/23/2019 12:49:12 AM: bot_stay_high - Received: @badge-info=subscriber/2;badges=vip/1,subscriber/0,bits-charity/1;color=#5F9EA0;display-name=Jean__;emotes=;flags=;id=9a9ef662-880d-41f7-8078-14c9de46b35d;mod=0;room-id=443063688;subscriber=1;tmi-sent-ts=1566532151569;turbo=0;user-id=38479494;user-type= :jean__!jean__@jean__.tmi.twitch.tv PRIVMSG #beringelamilgrau :Your message was not sent because it is identical to the previous one you sent, less than 30 seconds ago.
8/23/2019 12:49:19 AM: bot_stay_high - Received: @badge-info=subscriber/2;badges=broadcaster/1,subscriber/0;color=#8A2BE2;display-name=BeringelaMilGrau;emotes=;flags=;id=fb8bd374-ee71-4d45-ac7e-e93ed351d97a;mod=0;room-id=443063688;subscriber=1;tmi-sent-ts=1566532158826;turbo=0;user-id=443063688;user-type= :beringelamilgrau!beringelamilgrau@beringelamilgrau.tmi.twitch.tv PRIVMSG #beringelamilgrau :ConcernFroge
8/23/2019 12:49:37 AM: bot_stay_high - Received: @badge-info=subscriber/2;badges=vip/1,subscriber/0,bits-charity/1;color=#5F9EA0;display-name=Jean__;emotes=;flags=;id=d9b18a7b-9d3f-4a6d-a6fe-18b8afee55f1;mod=0;room-id=443063688;subscriber=1;tmi-sent-ts=1566532177275;turbo=0;user-id=38479494;user-type= :jean__!jean__@jean__.tmi.twitch.tv PRIVMSG #beringelamilgrau :!price jogo de luta
8/23/2019 12:49:52 AM: bot_stay_high - Received: @badge-info=;badges=;color=;display-name=joseantonio001;emotes=;flags=;id=84ac4b38-4385-4516-a053-641a8f101efe;mod=0;room-id=443063688;subscriber=0;tmi-sent-ts=1566532192315;turbo=0;user-id=157525923;user-type= :joseantonio001!joseantonio001@joseantonio001.tmi.twitch.tv PRIVMSG #beringelamilgrau :!price dignidade
8/23/2019 12:49:54 AM: bot_stay_high - Received: @badge-info=;badges=;color=;display-name=bot_stay_high;emote-sets=0;mod=0;subscriber=0;user-type= :tmi.twitch.tv USERSTATE #beringelamilgrau
8/23/2019 12:50:02 AM: bot_stay_high - Received: :littleballl!littleballl@littleballl.tmi.twitch.tv JOIN #beringelamilgrau
8/23/2019 12:50:02 AM: bot_stay_high - Received: :creepyhead!creepyhead@creepyhead.tmi.twitch.tv PART #beringelamilgrau
