8/22/2019 5:54:33 PM: botfumante - Connecting to: wss://irc-ws.chat.twitch.tv:443
8/22/2019 5:54:34 PM: botfumante - Should be connected!
8/22/2019 5:54:34 PM: botfumante - Joining channel: beringelamilgrau
8/22/2019 5:54:35 PM: botfumante - Received: :tmi.twitch.tv 001 botfumante :Welcome, GLHF!
8/22/2019 5:54:35 PM: botfumante - Received: :tmi.twitch.tv 002 botfumante :Your host is tmi.twitch.tv
8/22/2019 5:54:35 PM: botfumante - Received: :tmi.twitch.tv 003 botfumante :This server is rather new
8/22/2019 5:54:35 PM: botfumante - Received: :tmi.twitch.tv 004 botfumante :-
8/22/2019 5:54:35 PM: botfumante - Received: :tmi.twitch.tv 375 botfumante :-
8/22/2019 5:54:35 PM: botfumante - Received: :tmi.twitch.tv 372 botfumante :You are in a maze of twisty passages, all alike.
8/22/2019 5:54:35 PM: botfumante - Received: :tmi.twitch.tv 376 botfumante :>
8/22/2019 5:54:35 PM: botfumante - Received: :tmi.twitch.tv CAP * ACK :twitch.tv/membership
8/22/2019 5:54:35 PM: botfumante - Unaccounted for: :tmi.twitch.tv CAP * ACK :twitch.tv/membership
8/22/2019 5:54:35 PM: botfumante - Received: :tmi.twitch.tv CAP * ACK :twitch.tv/commands
8/22/2019 5:54:35 PM: botfumante - Unaccounted for: :tmi.twitch.tv CAP * ACK :twitch.tv/commands
8/22/2019 5:54:35 PM: botfumante - Received: :tmi.twitch.tv CAP * ACK :twitch.tv/tags
8/22/2019 5:54:35 PM: botfumante - Unaccounted for: :tmi.twitch.tv CAP * ACK :twitch.tv/tags
8/22/2019 5:54:35 PM: botfumante - Received: :botfumante!botfumante@botfumante.tmi.twitch.tv JOIN #beringelamilgrau
8/22/2019 5:54:35 PM: botfumante - Received: :botfumante.tmi.twitch.tv 353 botfumante = #beringelamilgrau :botfumante
8/22/2019 5:54:35 PM: botfumante - Received: :botfumante.tmi.twitch.tv 366 botfumante #beringelamilgrau :End of /NAMES list
8/22/2019 5:54:35 PM: botfumante - Finished channel joining queue.
8/22/2019 5:54:35 PM: botfumante - Received: @badge-info=;badges=;color=;display-name=BotFumante;emote-sets=0;mod=0;subscriber=0;user-type= :tmi.twitch.tv USERSTATE #beringelamilgrau
8/22/2019 5:54:35 PM: botfumante - Received: @emote-only=0;followers-only=-1;r9k=0;rituals=0;room-id=443063688;slow=0;subs-only=0 :tmi.twitch.tv ROOMSTATE #beringelamilgrau
8/22/2019 5:54:35 PM: botfumante - Finished channel joining queue.
8/22/2019 5:54:57 PM: botfumante - Received: @badge-info=subscriber/2;badges=broadcaster/1,subscriber/0;color=#8A2BE2;display-name=BeringelaMilGrau;emotes=;flags=;id=bf62128f-2f8d-41cf-968e-083df88d1fd1;mod=0;room-id=443063688;subscriber=1;tmi-sent-ts=1566507295353;turbo=0;user-id=443063688;user-type= :beringelamilgrau!beringelamilgrau@beringelamilgrau.tmi.twitch.tv PRIVMSG #beringelamilgrau :ConcernFroge
8/22/2019 5:55:04 PM: botfumante - Received: :lucaesan!lucaesan@lucaesan.tmi.twitch.tv JOIN #beringelamilgrau
8/22/2019 5:55:04 PM: botfumante - Received: :commanderroot!commanderroot@commanderroot.tmi.twitch.tv JOIN #beringelamilgrau
8/22/2019 5:55:04 PM: botfumante - Received: :hostmeraffle!hostmeraffle@hostmeraffle.tmi.twitch.tv JOIN #beringelamilgrau
8/22/2019 5:55:04 PM: botfumante - Received: :streamlabs!streamlabs@streamlabs.tmi.twitch.tv JOIN #beringelamilgrau
8/22/2019 5:55:04 PM: botfumante - Received: :tonyxzero!tonyxzero@tonyxzero.tmi.twitch.tv JOIN #beringelamilgrau
8/22/2019 5:55:04 PM: botfumante - Received: :leafjat!leafjat@leafjat.tmi.twitch.tv JOIN #beringelamilgrau
8/22/2019 5:55:04 PM: botfumante - Received: :nightbot!nightbot@nightbot.tmi.twitch.tv JOIN #beringelamilgrau
8/22/2019 5:55:04 PM: botfumante - Received: :p0lizei_!p0lizei_@p0lizei_.tmi.twitch.tv JOIN #beringelamilgrau
8/22/2019 5:55:04 PM: botfumante - Received: :lurxx!lurxx@lurxx.tmi.twitch.tv JOIN #beringelamilgrau
8/22/2019 5:55:04 PM: botfumante - Received: :guillapre!guillapre@guillapre.tmi.twitch.tv JOIN #beringelamilgrau
8/22/2019 5:55:04 PM: botfumante - Received: :beringelamilgrau!beringelamilgrau@beringelamilgrau.tmi.twitch.tv JOIN #beringelamilgrau
8/22/2019 5:55:04 PM: botfumante - Received: :capelladl!capelladl@capelladl.tmi.twitch.tv JOIN #beringelamilgrau
8/22/2019 5:55:04 PM: botfumante - Received: :commandobr!commandobr@commandobr.tmi.twitch.tv JOIN #beringelamilgrau
8/22/2019 5:55:04 PM: botfumante - Received: :hisaagi!hisaagi@hisaagi.tmi.twitch.tv JOIN #beringelamilgrau
8/22/2019 5:55:04 PM: botfumante - Received: :jean__!jean__@jean__.tmi.twitch.tv JOIN #beringelamilgrau
8/22/2019 5:55:04 PM: botfumante - Received: @badge-info=subscriber/2;badges=vip/1,subscriber/0,bits-charity/1;color=#5F9EA0;display-name=Jean__;emotes=;flags=;id=1ea12d96-bacd-4127-8cff-416cd6a47e3e;mod=0;room-id=443063688;subscriber=1;tmi-sent-ts=1566507302975;turbo=0;user-id=38479494;user-type= :jean__!jean__@jean__.tmi.twitch.tv PRIVMSG #beringelamilgrau :monkaHmm
8/22/2019 5:55:43 PM: botfumante - Received: @badge-info=;badges=;color=#FF69B4;display-name=didigameboy;emotes=;flags=0-10:S.6;id=77b45439-d327-4b54-abf6-4736425ee33d;mod=0;room-id=443063688;subscriber=0;tmi-sent-ts=1566507341454;turbo=0;user-id=116679759;user-type= :didigameboy!didigameboy@didigameboy.tmi.twitch.tv PRIVMSG #beringelamilgrau :FeelsHentai
8/22/2019 5:55:51 PM: botfumante - Received: @badge-info=subscriber/2;badges=vip/1,subscriber/0,bits-charity/1;color=#5F9EA0;display-name=Jean__;emotes=;flags=;id=20bb58a1-ce77-4b16-b19b-ba61845869d3;mod=0;room-id=443063688;subscriber=1;tmi-sent-ts=1566507349978;turbo=0;user-id=38479494;user-type= :jean__!jean__@jean__.tmi.twitch.tv PRIVMSG #beringelamilgrau :FeelsMan
8/22/2019 5:56:00 PM: botfumante - Received: @badge-info=subscriber/2;badges=vip/1,subscriber/0,bits-charity/1;color=#5F9EA0;display-name=Jean__;emotes=;flags=;id=5d7335f3-142e-454d-8cc1-ae99d4080fa6;mod=0;room-id=443063688;subscriber=1;tmi-sent-ts=1566507359068;turbo=0;user-id=38479494;user-type= :jean__!jean__@jean__.tmi.twitch.tv PRIVMSG #beringelamilgrau :twitch mudou pra api v5
8/22/2019 5:56:16 PM: botfumante - Received: @badge-info=;badges=;color=#FF69B4;display-name=didigameboy;emotes=;flags=;id=2f1bdd9d-d5ef-460b-8cbc-003167efeaf6;mod=0;room-id=443063688;subscriber=0;tmi-sent-ts=1566507374863;turbo=0;user-id=116679759;user-type= :didigameboy!didigameboy@didigameboy.tmi.twitch.tv PRIVMSG #beringelamilgrau :Amazonia nossa ex FeelsMan
8/22/2019 5:56:24 PM: botfumante - Received: @badge-info=;badges=;color=#FF69B4;display-name=didigameboy;emotes=;flags=;id=a9ef3b54-7a04-4bdd-b7f6-4c19d67f2fc3;mod=0;room-id=443063688;subscriber=0;tmi-sent-ts=1566507383080;turbo=0;user-id=116679759;user-type= :didigameboy!didigameboy@didigameboy.tmi.twitch.tv PRIVMSG #beringelamilgrau :ex-floresta
8/22/2019 5:57:06 PM: botfumante - Received: @badge-info=;badges=;color=#FF69B4;display-name=didigameboy;emotes=;flags=;id=ebff2b48-3a50-4b9e-b899-a378ce5d7afd;mod=0;room-id=443063688;subscriber=0;tmi-sent-ts=1566507425111;turbo=0;user-id=116679759;user-type= :didigameboy!didigameboy@didigameboy.tmi.twitch.tv PRIVMSG #beringelamilgrau :eu amo medal of honor po
8/22/2019 5:57:08 PM: botfumante - Received: @badge-info=;badges=bits/1;color=#DAA520;display-name=lucaesan;emotes=;flags=;id=731094be-a3e4-4c0b-84d5-bfbf27558d60;mod=0;room-id=443063688;subscriber=0;tmi-sent-ts=1566507426176;turbo=0;user-id=167039036;user-type= :lucaesan!lucaesan@lucaesan.tmi.twitch.tv PRIVMSG #beringelamilgrau :a amzon poderia fazer uma promo??o de queima de pre?os agora
8/22/2019 5:57:13 PM: botfumante - Received: @badge-info=;badges=;color=#FF69B4;display-name=didigameboy;emotes=;flags=;id=ebaba153-5df3-4de9-94fc-c0a7dacfddec;mod=0;room-id=443063688;subscriber=0;tmi-sent-ts=1566507431255;turbo=0;user-id=116679759;user-type= :didigameboy!didigameboy@didigameboy.tmi.twitch.tv PRIVMSG #beringelamilgrau :esse dae ? ps1 certo
8/22/2019 5:57:14 PM: botfumante - Received: :didigameboy!didigameboy@didigameboy.tmi.twitch.tv JOIN #beringelamilgrau
8/22/2019 5:57:14 PM: botfumante - Received: :joseantonio001!joseantonio001@joseantonio001.tmi.twitch.tv JOIN #beringelamilgrau
8/22/2019 5:57:14 PM: botfumante - Received: :hostmeraffle!hostmeraffle@hostmeraffle.tmi.twitch.tv PART #beringelamilgrau
8/22/2019 5:57:23 PM: botfumante - Received: @badge-info=subscriber/2;badges=broadcaster/1,subscriber/0;color=#8A2BE2;display-name=BeringelaMilGrau;emotes=;flags=;id=ba529e7f-567b-4827-8793-111bd95c9229;mod=0;room-id=443063688;subscriber=1;tmi-sent-ts=1566507442136;turbo=0;user-id=443063688;user-type= :beringelamilgrau!beringelamilgrau@beringelamilgrau.tmi.twitch.tv PRIVMSG #beringelamilgrau :sim
8/22/2019 5:57:45 PM: botfumante - Received: @badge-info=;badges=bits/1;color=#DAA520;display-name=lucaesan;emotes=;flags=;id=da63b984-c2ce-44d2-a64c-d5e5d9a6d759;mod=0;room-id=443063688;subscriber=0;tmi-sent-ts=1566507463510;turbo=0;user-id=167039036;user-type= :lucaesan!lucaesan@lucaesan.tmi.twitch.tv PRIVMSG #beringelamilgrau :eu quero queime tudo agora pro mundo acabar logo
8/22/2019 5:57:48 PM: botfumante - Received: @badge-info=;badges=bits/1;color=#DAA520;display-name=lucaesan;emotes=;flags=;id=fe4a1277-3303-412b-9086-ba812e5d5768;mod=0;room-id=443063688;subscriber=0;tmi-sent-ts=1566507466663;turbo=0;user-id=167039036;user-type= :lucaesan!lucaesan@lucaesan.tmi.twitch.tv PRIVMSG #beringelamilgrau :peepoSleepo
8/22/2019 5:57:58 PM: botfumante - Received: @badge-info=;badges=moderator/1;color=#008000;display-name=TONYXZERO;emotes=;flags=;id=ddd6da49-bd03-4927-88ea-d48246033f6c;mod=1;room-id=443063688;subscriber=0;tmi-sent-ts=1566507476704;turbo=0;user-id=38731171;user-type=mod :tonyxzero!tonyxzero@tonyxzero.tmi.twitch.tv PRIVMSG #beringelamilgrau :peepoSleepo
8/22/2019 5:58:06 PM: botfumante - Received: @badge-info=;badges=bits/1;color=#DAA520;display-name=lucaesan;emotes=;flags=;id=8f618290-0c58-45d5-8a55-ef670ddd89f2;mod=0;room-id=443063688;subscriber=0;tmi-sent-ts=1566507484357;turbo=0;user-id=167039036;user-type= :lucaesan!lucaesan@lucaesan.tmi.twitch.tv PRIVMSG #beringelamilgrau :F mundo
8/22/2019 5:58:08 PM: botfumante - Received: @badge-info=;badges=;color=#FF69B4;display-name=didigameboy;emotes=;flags=;id=072b2d2c-ec72-46f7-832b-005e171a9008;mod=0;room-id=443063688;subscriber=0;tmi-sent-ts=1566507486591;turbo=0;user-id=116679759;user-type= :didigameboy!didigameboy@didigameboy.tmi.twitch.tv PRIVMSG #beringelamilgrau :peepoSleepo
8/22/2019 5:58:20 PM: botfumante - Received: :nightbot!nightbot@nightbot.tmi.twitch.tv PART #beringelamilgrau
8/22/2019 5:58:38 PM: botfumante - Received: @badge-info=;badges=bits/1;color=#DAA520;display-name=lucaesan;emotes=;flags=;id=30394c92-628e-423c-a648-e8e35087d63e;mod=0;room-id=443063688;subscriber=0;tmi-sent-ts=1566507516575;turbo=0;user-id=167039036;user-type= :lucaesan!lucaesan@lucaesan.tmi.twitch.tv PRIVMSG #beringelamilgrau :espero que sim
8/22/2019 5:58:44 PM: botfumante - Received: @badge-info=;badges=;color=#FF69B4;display-name=didigameboy;emotes=;flags=;id=01843187-e55d-40c0-99c0-e5233df9255e;mod=0;room-id=443063688;subscriber=0;tmi-sent-ts=1566507522569;turbo=0;user-id=116679759;user-type= :didigameboy!didigameboy@didigameboy.tmi.twitch.tv PRIVMSG #beringelamilgrau :ja ta dominado po
8/22/2019 5:58:59 PM: botfumante - Received: @badge-info=;badges=;color=#FF69B4;display-name=didigameboy;emotes=;flags=;id=aa6816a7-7d62-496f-b74a-6fd4f4e35f9e;mod=0;room-id=443063688;subscriber=0;tmi-sent-ts=1566507538172;turbo=0;user-id=116679759;user-type= :didigameboy!didigameboy@didigameboy.tmi.twitch.tv PRIVMSG #beringelamilgrau :aqui ? o scrapyard do usa
8/22/2019 5:59:02 PM: botfumante - Received: @badge-info=;badges=bits/1;color=#DAA520;display-name=lucaesan;emotes=;flags=;id=6ea890c4-a53b-48c4-8340-71e27b13f79a;mod=0;room-id=443063688;subscriber=0;tmi-sent-ts=1566507540966;turbo=0;user-id=167039036;user-type= :lucaesan!lucaesan@lucaesan.tmi.twitch.tv PRIVMSG #beringelamilgrau :bonoro ? o pepegaSleepo
8/22/2019 5:59:04 PM: botfumante - Received: @badge-info=;badges=moderator/1;color=#008000;display-name=TONYXZERO;emotes=;flags=;id=a132200b-b6a1-4909-a84f-4cf075adcf2e;mod=1;room-id=443063688;subscriber=0;tmi-sent-ts=1566507542837;turbo=0;user-id=38731171;user-type=mod :tonyxzero!tonyxzero@tonyxzero.tmi.twitch.tv PRIVMSG #beringelamilgrau :?? peepoSleepo ??
8/22/2019 5:59:20 PM: botfumante - Received: :nightbot!nightbot@nightbot.tmi.twitch.tv JOIN #beringelamilgrau
8/22/2019 5:59:20 PM: botfumante - Received: :um_fido!um_fido@um_fido.tmi.twitch.tv JOIN #beringelamilgrau
8/22/2019 5:59:20 PM: botfumante - Received: :guillapre!guillapre@guillapre.tmi.twitch.tv PART #beringelamilgrau
8/22/2019 5:59:33 PM: botfumante - Received: PING :tmi.twitch.tv
8/22/2019 5:59:33 PM: botfumante - Writing: PONG
8/22/2019 5:59:38 PM: botfumante - Received: @badge-info=;badges=;color=#FF69B4;display-name=didigameboy;emotes=;flags=;id=70daba02-e06e-4fde-b124-9d14db95167d;mod=0;room-id=443063688;subscriber=0;tmi-sent-ts=1566507576497;turbo=0;user-id=116679759;user-type= :didigameboy!didigameboy@didigameboy.tmi.twitch.tv PRIVMSG #beringelamilgrau :na real eles ja detem parte da amazonia l?, a parte deles ja ta destruida FeelsMan
8/22/2019 6:00:08 PM: botfumante - Received: @badge-info=;badges=moderator/1,partner/1;color=#7C7CE1;display-name=Nightbot;emotes=;flags=;id=b0bbb094-7cec-473a-9e6d-b6cc008e410c;mod=1;room-id=443063688;subscriber=0;tmi-sent-ts=1566507606498;turbo=0;user-id=19264788;user-type=mod :nightbot!nightbot@nightbot.tmi.twitch.tv PRIVMSG #beringelamilgrau :Olha ai rap?, t? na hora de se hidratar! tomele ?gua de PokBlastoise PokBlastoise PokBlastoise
8/22/2019 6:00:13 PM: botfumante - Received: @badge-info=;badges=premium/1;color=;display-name=um_Fido;emotes=1971205:44-52;flags=;id=923027b8-e7fe-4d5b-af3c-1c5bde7421d0;mod=0;room-id=443063688;subscriber=0;tmi-sent-ts=1566507611630;turbo=0;user-id=32573069;user-type= :um_fido!um_fido@um_fido.tmi.twitch.tv PRIVMSG #beringelamilgrau :Cheguei e t?o falando mal do meu presidente lordsBaka
8/22/2019 6:00:19 PM: botfumante - Received: :guillapre!guillapre@guillapre.tmi.twitch.tv JOIN #beringelamilgrau
8/22/2019 6:00:19 PM: botfumante - Received: :capelladl!capelladl@capelladl.tmi.twitch.tv PART #beringelamilgrau
8/22/2019 6:00:21 PM: botfumante - Received: @badge-info=;badges=;color=#FF69B4;display-name=didigameboy;emotes=;flags=;id=50b97e10-a74b-4552-946f-44dab9db01f8;mod=0;room-id=443063688;subscriber=0;tmi-sent-ts=1566507620024;turbo=0;user-id=116679759;user-type= :didigameboy!didigameboy@didigameboy.tmi.twitch.tv PRIVMSG #beringelamilgrau :aeroporto de drones da amazon
8/22/2019 6:00:28 PM: botfumante - Received: @badge-info=;badges=bits/1;color=#DAA520;display-name=lucaesan;emotes=;flags=;id=7e173078-c40d-4b36-bb4f-badd4e739f24;mod=0;room-id=443063688;subscriber=0;tmi-sent-ts=1566507626836;turbo=0;user-id=167039036;user-type= :lucaesan!lucaesan@lucaesan.tmi.twitch.tv PRIVMSG #beringelamilgrau :a gente ta falando mal de ngm n?o
8/22/2019 6:00:29 PM: botfumante - Received: @badge-info=;badges=vip/1,premium/1;color=#D8FF00;display-name=guillapre;emote-only=1;emotes=864143:0-11,13-24,26-37;flags=;id=6129dd4e-2084-45f3-ae06-223ce0ed3a7d;mod=0;room-id=443063688;subscriber=0;tmi-sent-ts=1566507627750;turbo=0;user-id=157919745;user-type= :guillapre!guillapre@guillapre.tmi.twitch.tv PRIVMSG #beringelamilgrau :PokBlastoise PokBlastoise PokBlastoise
8/22/2019 6:00:32 PM: botfumante - Received: @badge-info=;badges=bits/1;color=#DAA520;display-name=lucaesan;emotes=;flags=;id=ac9e3d9d-3be2-427e-ae19-edacb6fbe525;mod=0;room-id=443063688;subscriber=0;tmi-sent-ts=1566507630202;turbo=0;user-id=167039036;user-type= :lucaesan!lucaesan@lucaesan.tmi.twitch.tv PRIVMSG #beringelamilgrau :hail bonoro
8/22/2019 6:00:56 PM: botfumante - Received: @badge-info=;badges=premium/1;color=;display-name=um_Fido;emotes=;flags=;id=de99f0bf-5063-4b0e-a27b-3764ba7ce990;mod=0;room-id=443063688;subscriber=0;tmi-sent-ts=1566507654361;turbo=0;user-id=32573069;user-type= :um_fido!um_fido@um_fido.tmi.twitch.tv PRIVMSG #beringelamilgrau :Ambos os presidentes peepoEggplant
8/22/2019 6:01:02 PM: botfumante - Received: @badge-info=;badges=premium/1;color=;display-name=um_Fido;emotes=;flags=;id=92570c13-2f57-4cd3-8b13-034151f9af94;mod=0;room-id=443063688;subscriber=0;tmi-sent-ts=1566507660874;turbo=0;user-id=32573069;user-type= :um_fido!um_fido@um_fido.tmi.twitch.tv PRIVMSG #beringelamilgrau :s? a nata do lix?o peepoEggplant
8/22/2019 6:01:05 PM: botfumante - Received: @badge-info=;badges=bits/1;color=#DAA520;display-name=lucaesan;emotes=;flags=;id=bae7a2c7-bb7e-45e4-9e81-66a0b87446d6;mod=0;room-id=443063688;subscriber=0;tmi-sent-ts=1566507663203;turbo=0;user-id=167039036;user-type= :lucaesan!lucaesan@lucaesan.tmi.twitch.tv PRIVMSG #beringelamilgrau :ser? que a amazon compra a amazonia pra fazer um estoque agora?
8/22/2019 6:01:29 PM: botfumante - Received: @badge-info=;badges=;color=#FF69B4;display-name=didigameboy;emotes=;flags=;id=85406616-4477-45db-acf9-b8f0cf530cc0;mod=0;room-id=443063688;subscriber=0;tmi-sent-ts=1566507687141;turbo=0;user-id=116679759;user-type= :didigameboy!didigameboy@didigameboy.tmi.twitch.tv PRIVMSG #beringelamilgrau :me lembro da IA desse game o soldado se joga na granada pra abafar a explosao, e tbm ja vi eles chutando a granada de volta
8/22/2019 6:01:35 PM: botfumante - Received: @badge-info=;badges=premium/1;color=;display-name=um_Fido;emotes=;flags=;id=50aeb931-7ba7-4ab0-8044-8268d82750c7;mod=0;room-id=443063688;subscriber=0;tmi-sent-ts=1566507693401;turbo=0;user-id=32573069;user-type= :um_fido!um_fido@um_fido.tmi.twitch.tv PRIVMSG #beringelamilgrau :? porque a terra plana Pepega
8/22/2019 6:01:41 PM: botfumante - Received: @badge-info=;badges=bits/1;color=#DAA520;display-name=lucaesan;emotes=;flags=;id=6c776cfa-636f-462c-991e-2ba82a479e79;mod=0;room-id=443063688;subscriber=0;tmi-sent-ts=1566507699298;turbo=0;user-id=167039036;user-type= :lucaesan!lucaesan@lucaesan.tmi.twitch.tv PRIVMSG #beringelamilgrau :come?aram certinho
8/22/2019 6:01:44 PM: botfumante - Received: @badge-info=;badges=vip/1;color=#008000;display-name=Hisaagi;emotes=;flags=;id=14e65513-994e-4107-a2ab-cbdc5917f5b1;mod=0;room-id=443063688;subscriber=0;tmi-sent-ts=1566507703099;turbo=0;user-id=137774469;user-type= :hisaagi!hisaagi@hisaagi.tmi.twitch.tv PRIVMSG #beringelamilgrau :monkaHmm
8/22/2019 6:01:59 PM: botfumante - Received: @badge-info=;badges=vip/1;color=#008000;display-name=Hisaagi;emotes=;flags=;id=facc21e6-9849-4f89-b4be-355af9da5dc8;mod=0;room-id=443063688;subscriber=0;tmi-sent-ts=1566507717244;turbo=0;user-id=137774469;user-type= :hisaagi!hisaagi@hisaagi.tmi.twitch.tv PRIVMSG #beringelamilgrau :ea? monkaHmm
8/22/2019 6:02:02 PM: botfumante - Received: @badge-info=;badges=bits/1;color=#DAA520;display-name=lucaesan;emotes=;flags=;id=6d04b45a-7846-4579-948b-6d91b6dbdef8;mod=0;room-id=443063688;subscriber=0;tmi-sent-ts=1566507720302;turbo=0;user-id=167039036;user-type= :lucaesan!lucaesan@lucaesan.tmi.twitch.tv PRIVMSG #beringelamilgrau :s? quem ? anti reptiliano ? o cabo daciolo
8/22/2019 6:02:10 PM: botfumante - Received: @badge-info=;badges=premium/1;color=;display-name=um_Fido;emotes=1997820:5-12,19-26;flags=;id=60f81a53-e619-4544-86e2-c72d7718eee3;mod=0;room-id=443063688;subscriber=0;tmi-sent-ts=1566507728530;turbo=0;user-id=32573069;user-type= :um_fido!um_fido@um_fido.tmi.twitch.tv PRIVMSG #beringelamilgrau :Luca lordsPat didi lordsPat Hisaagi monkaHmm
8/22/2019 6:02:18 PM: botfumante - Received: @badge-info=;badges=vip/1;color=#008000;display-name=Hisaagi;emotes=;flags=;id=a9b1fac5-965e-4c14-98ce-61fdc029466e;mod=0;room-id=443063688;subscriber=0;tmi-sent-ts=1566507736663;turbo=0;user-id=137774469;user-type= :hisaagi!hisaagi@hisaagi.tmi.twitch.tv PRIVMSG #beringelamilgrau :fido monkaHmm
8/22/2019 6:02:24 PM: botfumante - Received: @badge-info=;badges=bits/1;color=#DAA520;display-name=lucaesan;emotes=1997820:5-12;flags=;id=71753914-425c-4ebf-a27b-fb983350caee;mod=0;room-id=443063688;subscriber=0;tmi-sent-ts=1566507742984;turbo=0;user-id=167039036;user-type= :lucaesan!lucaesan@lucaesan.tmi.twitch.tv PRIVMSG #beringelamilgrau :fido lordsPat
8/22/2019 6:02:27 PM: botfumante - Received: @badge-info=;badges=;color=#FF69B4;display-name=didigameboy;emotes=1997820:5-12;flags=;id=59b98c68-e979-4ed2-bd83-2b3bb9d61b6e;mod=0;room-id=443063688;subscriber=0;tmi-sent-ts=1566507745219;turbo=0;user-id=116679759;user-type= :didigameboy!didigameboy@didigameboy.tmi.twitch.tv PRIVMSG #beringelamilgrau :Fido lordsPat
8/22/2019 6:02:31 PM: botfumante - Received: @badge-info=;badges=premium/1;color=;display-name=um_Fido;emotes=;flags=;id=a70c3e2d-b3b4-46a0-9c28-c05f027bdcec;mod=0;room-id=443063688;subscriber=0;tmi-sent-ts=1566507749908;turbo=0;user-id=32573069;user-type= :um_fido!um_fido@um_fido.tmi.twitch.tv PRIVMSG #beringelamilgrau :Dacilouko t? no cume
8/22/2019 6:02:35 PM: botfumante - Received: @badge-info=;badges=;color=#FF69B4;display-name=didigameboy;emotes=;flags=;id=9dca80e8-9d30-44c3-913a-71cf10371895;mod=0;room-id=443063688;subscriber=0;tmi-sent-ts=1566507753837;turbo=0;user-id=116679759;user-type= :didigameboy!didigameboy@didigameboy.tmi.twitch.tv PRIVMSG #beringelamilgrau :cabo daciolo lmao
8/22/2019 6:02:47 PM: botfumante - Received: @badge-info=;badges=;color=#FF69B4;display-name=didigameboy;emote-only=1;emotes=425618:0-2;flags=;id=c91e037d-f46f-4f7b-83ed-edf0cc05e413;mod=0;room-id=443063688;subscriber=0;tmi-sent-ts=1566507765299;turbo=0;user-id=116679759;user-type= :didigameboy!didigameboy@didigameboy.tmi.twitch.tv PRIVMSG #beringelamilgrau :LUL
8/22/2019 6:02:53 PM: botfumante - Received: @badge-info=;badges=bits/1;color=#DAA520;display-name=lucaesan;emotes=;flags=;id=e66c0002-003c-4f89-a3e1-e40358ab7421;mod=0;room-id=443063688;subscriber=0;tmi-sent-ts=1566507771355;turbo=0;user-id=167039036;user-type= :lucaesan!lucaesan@lucaesan.tmi.twitch.tv PRIVMSG #beringelamilgrau :daciolo ta no monte orando pela amazonia
8/22/2019 6:02:56 PM: botfumante - Received: @badge-info=;badges=vip/1;color=#008000;display-name=Hisaagi;emotes=;flags=;id=45d47026-00be-4fde-8221-aa745c906f94;mod=0;room-id=443063688;subscriber=0;tmi-sent-ts=1566507774250;turbo=0;user-id=137774469;user-type= :hisaagi!hisaagi@hisaagi.tmi.twitch.tv PRIVMSG #beringelamilgrau :ou presidente do que Pepega
8/22/2019 6:03:35 PM: botfumante - Received: PING :tmi.twitch.tv
8/22/2019 6:03:35 PM: botfumante - Writing: PONG
