8/11/2019 2:14:55 PM: jean__ - Connecting to: wss://irc-ws.chat.twitch.tv:443
8/11/2019 2:14:56 PM: jean__ - Should be connected!
8/11/2019 2:14:56 PM: jean__ - Joining channel: beringelamilgrau
8/11/2019 2:14:57 PM: jean__ - Received: :tmi.twitch.tv 001 jean__ :Welcome, GLHF!
8/11/2019 2:14:57 PM: jean__ - Received: :tmi.twitch.tv 002 jean__ :Your host is tmi.twitch.tv
8/11/2019 2:14:57 PM: jean__ - Received: :tmi.twitch.tv 003 jean__ :This server is rather new
8/11/2019 2:14:57 PM: jean__ - Received: :tmi.twitch.tv 004 jean__ :-
8/11/2019 2:14:57 PM: jean__ - Received: :tmi.twitch.tv 375 jean__ :-
8/11/2019 2:14:57 PM: jean__ - Received: :tmi.twitch.tv 372 jean__ :You are in a maze of twisty passages, all alike.
8/11/2019 2:14:57 PM: jean__ - Received: :tmi.twitch.tv 376 jean__ :>
8/11/2019 2:14:57 PM: jean__ - Received: :tmi.twitch.tv CAP * ACK :twitch.tv/membership
8/11/2019 2:14:57 PM: jean__ - Unaccounted for: :tmi.twitch.tv CAP * ACK :twitch.tv/membership
8/11/2019 2:14:57 PM: jean__ - Received: :tmi.twitch.tv CAP * ACK :twitch.tv/commands
8/11/2019 2:14:57 PM: jean__ - Unaccounted for: :tmi.twitch.tv CAP * ACK :twitch.tv/commands
8/11/2019 2:14:57 PM: jean__ - Received: :tmi.twitch.tv CAP * ACK :twitch.tv/tags
8/11/2019 2:14:57 PM: jean__ - Unaccounted for: :tmi.twitch.tv CAP * ACK :twitch.tv/tags
8/11/2019 2:14:57 PM: jean__ - Received: :jean__!jean__@jean__.tmi.twitch.tv JOIN #beringelamilgrau
8/11/2019 2:14:57 PM: jean__ - Received: :jean__.tmi.twitch.tv 353 jean__ = #beringelamilgrau :jean__
8/11/2019 2:14:57 PM: jean__ - Received: :jean__.tmi.twitch.tv 366 jean__ #beringelamilgrau :End of /NAMES list
8/11/2019 2:14:57 PM: jean__ - Finished channel joining queue.
8/11/2019 2:14:57 PM: jean__ - Received: @badge-info=subscriber/2;badges=vip/1,subscriber/0,bits-charity/1;color=#5F9EA0;display-name=Jean__;emote-sets=0,412472,300319631;mod=0;subscriber=1;user-type= :tmi.twitch.tv USERSTATE #beringelamilgrau
8/11/2019 2:14:57 PM: jean__ - Received: @emote-only=0;followers-only=-1;r9k=0;rituals=0;room-id=443063688;slow=0;subs-only=0 :tmi.twitch.tv ROOMSTATE #beringelamilgrau
8/11/2019 2:14:57 PM: jean__ - Finished channel joining queue.
8/11/2019 2:14:59 PM: jean__ - Received: @badge-info=subscriber/2;badges=vip/1,subscriber/0,bits-charity/1;color=#5F9EA0;display-name=Jean__;emotes=;flags=;id=b04ece52-7a6f-4e88-a144-6b6c31fe6abb;mod=0;room-id=443063688;subscriber=1;tmi-sent-ts=1565543698026;turbo=0;user-id=38479494;user-type= :jean__!jean__@jean__.tmi.twitch.tv PRIVMSG #beringelamilgrau :!!
8/11/2019 2:15:06 PM: jean__ - Received: @badge-info=subscriber/2;badges=vip/1,subscriber/0,bits-charity/1;color=#5F9EA0;display-name=Jean__;emotes=;flags=;id=001f0011-76c4-4f8d-a386-24c02801c1e6;mod=0;room-id=443063688;subscriber=1;tmi-sent-ts=1565543705317;turbo=0;user-id=38479494;user-type= :jean__!jean__@jean__.tmi.twitch.tv PRIVMSG #beringelamilgrau :!tiro
8/11/2019 2:15:19 PM: jean__ - Received: :pedroazure!pedroazure@pedroazure.tmi.twitch.tv JOIN #beringelamilgrau
8/11/2019 2:15:19 PM: jean__ - Received: :lurxx!lurxx@lurxx.tmi.twitch.tv JOIN #beringelamilgrau
8/11/2019 2:15:19 PM: jean__ - Received: :p0lizei_!p0lizei_@p0lizei_.tmi.twitch.tv JOIN #beringelamilgrau
8/11/2019 2:15:19 PM: jean__ - Received: :streamlabs!streamlabs@streamlabs.tmi.twitch.tv JOIN #beringelamilgrau
8/11/2019 2:15:19 PM: jean__ - Received: :nightbot!nightbot@nightbot.tmi.twitch.tv JOIN #beringelamilgrau
8/11/2019 2:15:19 PM: jean__ - Received: @badge-info=subscriber/2;badges=vip/1,subscriber/0,bits-charity/1;color=#5F9EA0;display-name=Jean__;emotes=;flags=;id=1df5ad09-0951-439f-bd42-3720ea89748e;mod=0;room-id=443063688;subscriber=1;tmi-sent-ts=1565543718069;turbo=0;user-id=38479494;user-type= :jean__!jean__@jean__.tmi.twitch.tv PRIVMSG #beringelamilgrau :!p tiro true
8/11/2019 2:15:22 PM: jean__ - Received: @badge-info=subscriber/2;badges=vip/1,subscriber/0,bits-charity/1;color=#5F9EA0;display-name=Jean__;emotes=;flags=;id=0ab93e2c-c2a0-4501-8330-56cd0688910d;mod=0;room-id=443063688;subscriber=1;tmi-sent-ts=1565543721270;turbo=0;user-id=38479494;user-type= :jean__!jean__@jean__.tmi.twitch.tv PRIVMSG #beringelamilgrau :!tiro
