8/11/2019 10:23:15 PM: jean__ - Connecting to: wss://irc-ws.chat.twitch.tv:443
8/11/2019 10:23:16 PM: jean__ - Should be connected!
8/11/2019 10:23:16 PM: jean__ - Joining channel: beringelamilgrau
8/11/2019 10:23:16 PM: jean__ - Received: :tmi.twitch.tv 001 jean__ :Welcome, GLHF!
8/11/2019 10:23:16 PM: jean__ - Received: :tmi.twitch.tv 002 jean__ :Your host is tmi.twitch.tv
8/11/2019 10:23:16 PM: jean__ - Received: :tmi.twitch.tv 003 jean__ :This server is rather new
8/11/2019 10:23:16 PM: jean__ - Received: :tmi.twitch.tv 004 jean__ :-
8/11/2019 10:23:16 PM: jean__ - Received: :tmi.twitch.tv 375 jean__ :-
8/11/2019 10:23:16 PM: jean__ - Received: :tmi.twitch.tv 372 jean__ :You are in a maze of twisty passages, all alike.
8/11/2019 10:23:16 PM: jean__ - Received: :tmi.twitch.tv 376 jean__ :>
8/11/2019 10:23:16 PM: jean__ - Received: :tmi.twitch.tv CAP * ACK :twitch.tv/membership
8/11/2019 10:23:16 PM: jean__ - Unaccounted for: :tmi.twitch.tv CAP * ACK :twitch.tv/membership
8/11/2019 10:23:16 PM: jean__ - Received: :tmi.twitch.tv CAP * ACK :twitch.tv/commands
8/11/2019 10:23:16 PM: jean__ - Unaccounted for: :tmi.twitch.tv CAP * ACK :twitch.tv/commands
8/11/2019 10:23:16 PM: jean__ - Received: :tmi.twitch.tv CAP * ACK :twitch.tv/tags
8/11/2019 10:23:16 PM: jean__ - Unaccounted for: :tmi.twitch.tv CAP * ACK :twitch.tv/tags
8/11/2019 10:23:16 PM: jean__ - Received: :jean__!jean__@jean__.tmi.twitch.tv JOIN #beringelamilgrau
8/11/2019 10:23:17 PM: jean__ - Received: :jean__.tmi.twitch.tv 353 jean__ = #beringelamilgrau :jean__
8/11/2019 10:23:17 PM: jean__ - Received: :jean__.tmi.twitch.tv 366 jean__ #beringelamilgrau :End of /NAMES list
8/11/2019 10:23:17 PM: jean__ - Finished channel joining queue.
8/11/2019 10:23:17 PM: jean__ - Received: @badge-info=subscriber/2;badges=vip/1,subscriber/0,bits-charity/1;color=#5F9EA0;display-name=Jean__;emote-sets=0,412472,300319631;mod=0;subscriber=1;user-type= :tmi.twitch.tv USERSTATE #beringelamilgrau
8/11/2019 10:23:17 PM: jean__ - Received: @emote-only=0;followers-only=-1;r9k=0;rituals=0;room-id=443063688;slow=0;subs-only=0 :tmi.twitch.tv ROOMSTATE #beringelamilgrau
8/11/2019 10:23:17 PM: jean__ - Finished channel joining queue.
8/11/2019 10:23:17 PM: jean__ - Received: @badge-info=subscriber/2;badges=vip/1,subscriber/0,bits-charity/1;color=#5F9EA0;display-name=Jean__;emote-sets=0,412472,300319631;mod=0;subscriber=1;user-type= :tmi.twitch.tv USERSTATE #beringelamilgrau
8/11/2019 10:23:17 PM: jean__ - Received: @badge-info=;badges=moderator/1;color=#008000;display-name=TONYXZERO;emotes=;flags=;id=d5a73c76-7fba-4aab-89c1-c96b21d6773a;mod=1;room-id=443063688;subscriber=0;tmi-sent-ts=1565572996161;turbo=0;user-id=38731171;user-type=mod :tonyxzero!tonyxzero@tonyxzero.tmi.twitch.tv PRIVMSG #beringelamilgrau :Pabes PepePls
