8/16/2019 10:53:23 AM: jean__ - Connecting to: wss://irc-ws.chat.twitch.tv:443
8/16/2019 10:53:24 AM: jean__ - Should be connected!
8/16/2019 10:53:24 AM: jean__ - Joining channel: jean__
8/16/2019 10:53:24 AM: jean__ - Received: :tmi.twitch.tv 001 jean__ :Welcome, GLHF!
8/16/2019 10:53:24 AM: jean__ - Received: :tmi.twitch.tv 002 jean__ :Your host is tmi.twitch.tv
8/16/2019 10:53:24 AM: jean__ - Received: :tmi.twitch.tv 003 jean__ :This server is rather new
8/16/2019 10:53:24 AM: jean__ - Received: :tmi.twitch.tv 004 jean__ :-
8/16/2019 10:53:24 AM: jean__ - Received: :tmi.twitch.tv 375 jean__ :-
8/16/2019 10:53:24 AM: jean__ - Received: :tmi.twitch.tv 372 jean__ :You are in a maze of twisty passages, all alike.
8/16/2019 10:53:24 AM: jean__ - Received: :tmi.twitch.tv 376 jean__ :>
8/16/2019 10:53:24 AM: jean__ - Received: :tmi.twitch.tv CAP * ACK :twitch.tv/membership
8/16/2019 10:53:24 AM: jean__ - Unaccounted for: :tmi.twitch.tv CAP * ACK :twitch.tv/membership
8/16/2019 10:53:24 AM: jean__ - Received: :tmi.twitch.tv CAP * ACK :twitch.tv/commands
8/16/2019 10:53:24 AM: jean__ - Unaccounted for: :tmi.twitch.tv CAP * ACK :twitch.tv/commands
8/16/2019 10:53:24 AM: jean__ - Received: :tmi.twitch.tv CAP * ACK :twitch.tv/tags
8/16/2019 10:53:24 AM: jean__ - Unaccounted for: :tmi.twitch.tv CAP * ACK :twitch.tv/tags
8/16/2019 10:53:24 AM: jean__ - Received: :jean__!jean__@jean__.tmi.twitch.tv JOIN #jean__
8/16/2019 10:53:24 AM: jean__ - Received: :jean__.tmi.twitch.tv 353 jean__ = #jean__ :jean__
8/16/2019 10:53:24 AM: jean__ - Received: :jean__.tmi.twitch.tv 366 jean__ #jean__ :End of /NAMES list
8/16/2019 10:53:24 AM: jean__ - Finished channel joining queue.
8/16/2019 10:53:24 AM: jean__ - Received: @badge-info=;badges=broadcaster/1,bits-charity/1;color=#5F9EA0;display-name=Jean__;emote-sets=0,412472,300319631;mod=0;subscriber=0;user-type= :tmi.twitch.tv USERSTATE #jean__
8/16/2019 10:53:24 AM: jean__ - Received: @emote-only=0;followers-only=-1;r9k=0;rituals=0;room-id=38479494;slow=0;subs-only=0 :tmi.twitch.tv ROOMSTATE #jean__
8/16/2019 10:53:25 AM: jean__ - Finished channel joining queue.
8/16/2019 10:53:26 AM: jean__ - Received: @badge-info=;badges=broadcaster/1,bits-charity/1;color=#5F9EA0;display-name=Jean__;emote-sets=0,412472,300319631;mod=0;subscriber=0;user-type= :tmi.twitch.tv USERSTATE #jean__
8/16/2019 10:53:32 AM: jean__ - Received: @badge-info=;badges=broadcaster/1,bits-charity/1;color=#5F9EA0;display-name=Jean__;emote-sets=0,412472,300319631;mod=0;subscriber=0;user-type= :tmi.twitch.tv USERSTATE #jean__
8/16/2019 10:53:33 AM: jean__ - Received: @badge-info=;badges=moderator/1,partner/1;color=#7C7CE1;display-name=Nightbot;emotes=;flags=;id=ff79d776-8a38-439b-a312-2e52a19e97ba;mod=1;room-id=38479494;subscriber=0;tmi-sent-ts=1565963612263;turbo=0;user-id=19264788;user-type=mod :nightbot!nightbot@nightbot.tmi.twitch.tv PRIVMSG #jean__ :Successfully added entry #1
8/16/2019 10:53:38 AM: jean__ - Received: @badge-info=;badges=broadcaster/1,bits-charity/1;color=#5F9EA0;display-name=Jean__;emote-sets=0,412472,300319631;mod=0;subscriber=0;user-type= :tmi.twitch.tv USERSTATE #jean__
8/16/2019 10:53:39 AM: jean__ - Received: @badge-info=;badges=moderator/1,partner/1;color=#7C7CE1;display-name=Nightbot;emotes=;flags=;id=0a89321a-3465-4330-bbae-75fd443e6eaa;mod=1;room-id=38479494;subscriber=0;tmi-sent-ts=1565963618170;turbo=0;user-id=19264788;user-type=mod :nightbot!nightbot@nightbot.tmi.twitch.tv PRIVMSG #jean__ :Successfully added entry #2
8/16/2019 10:53:44 AM: jean__ - Received: @badge-info=;badges=broadcaster/1,bits-charity/1;color=#5F9EA0;display-name=Jean__;emote-sets=0,412472,300319631;mod=0;subscriber=0;user-type= :tmi.twitch.tv USERSTATE #jean__
8/16/2019 10:53:45 AM: jean__ - Received: @badge-info=;badges=moderator/1,partner/1;color=#7C7CE1;display-name=Nightbot;emotes=;flags=;id=377d4130-11e4-448e-8771-fba43748cfce;mod=1;room-id=38479494;subscriber=0;tmi-sent-ts=1565963624376;turbo=0;user-id=19264788;user-type=mod :nightbot!nightbot@nightbot.tmi.twitch.tv PRIVMSG #jean__ :Successfully added entry #3
8/16/2019 10:53:50 AM: jean__ - Received: @badge-info=;badges=broadcaster/1,bits-charity/1;color=#5F9EA0;display-name=Jean__;emote-sets=0,412472,300319631;mod=0;subscriber=0;user-type= :tmi.twitch.tv USERSTATE #jean__
8/16/2019 10:53:51 AM: jean__ - Received: @badge-info=;badges=moderator/1,partner/1;color=#7C7CE1;display-name=Nightbot;emotes=;flags=;id=0dd46108-c75c-4866-a068-603118dfd980;mod=1;room-id=38479494;subscriber=0;tmi-sent-ts=1565963630374;turbo=0;user-id=19264788;user-type=mod :nightbot!nightbot@nightbot.tmi.twitch.tv PRIVMSG #jean__ :Successfully added entry #4
8/16/2019 10:53:56 AM: jean__ - Received: @badge-info=;badges=broadcaster/1,bits-charity/1;color=#5F9EA0;display-name=Jean__;emote-sets=0,412472,300319631;mod=0;subscriber=0;user-type= :tmi.twitch.tv USERSTATE #jean__
8/16/2019 10:53:57 AM: jean__ - Received: @badge-info=;badges=moderator/1,partner/1;color=#7C7CE1;display-name=Nightbot;emotes=;flags=;id=f9130d61-e1ce-42b6-9a5e-53830c302df0;mod=1;room-id=38479494;subscriber=0;tmi-sent-ts=1565963636382;turbo=0;user-id=19264788;user-type=mod :nightbot!nightbot@nightbot.tmi.twitch.tv PRIVMSG #jean__ :Successfully added entry #5
8/16/2019 10:54:02 AM: jean__ - Received: @badge-info=;badges=broadcaster/1,bits-charity/1;color=#5F9EA0;display-name=Jean__;emote-sets=0,412472,300319631;mod=0;subscriber=0;user-type= :tmi.twitch.tv USERSTATE #jean__
8/16/2019 10:54:03 AM: jean__ - Received: @badge-info=;badges=moderator/1,partner/1;color=#7C7CE1;display-name=Nightbot;emotes=;flags=;id=ade4d64c-850c-4695-80c7-c8ba5db3c56f;mod=1;room-id=38479494;subscriber=0;tmi-sent-ts=1565963642431;turbo=0;user-id=19264788;user-type=mod :nightbot!nightbot@nightbot.tmi.twitch.tv PRIVMSG #jean__ :Successfully added entry #6
8/16/2019 10:54:08 AM: jean__ - Received: @badge-info=;badges=broadcaster/1,bits-charity/1;color=#5F9EA0;display-name=Jean__;emote-sets=0,412472,300319631;mod=0;subscriber=0;user-type= :tmi.twitch.tv USERSTATE #jean__
8/16/2019 10:54:09 AM: jean__ - Received: @badge-info=;badges=moderator/1,partner/1;color=#7C7CE1;display-name=Nightbot;emotes=;flags=;id=67d3e520-159e-403b-84e5-edf701ea0016;mod=1;room-id=38479494;subscriber=0;tmi-sent-ts=1565963648540;turbo=0;user-id=19264788;user-type=mod :nightbot!nightbot@nightbot.tmi.twitch.tv PRIVMSG #jean__ :Successfully added entry #7
8/16/2019 10:54:14 AM: jean__ - Received: @badge-info=;badges=broadcaster/1,bits-charity/1;color=#5F9EA0;display-name=Jean__;emote-sets=0,412472,300319631;mod=0;subscriber=0;user-type= :tmi.twitch.tv USERSTATE #jean__
8/16/2019 10:54:15 AM: jean__ - Received: :nightbot!nightbot@nightbot.tmi.twitch.tv JOIN #jean__
8/16/2019 10:54:15 AM: jean__ - Received: @badge-info=;badges=moderator/1,partner/1;color=#7C7CE1;display-name=Nightbot;emotes=;flags=;id=fcc95eaf-2c74-4442-af27-72d8e105c155;mod=1;room-id=38479494;subscriber=0;tmi-sent-ts=1565963654341;turbo=0;user-id=19264788;user-type=mod :nightbot!nightbot@nightbot.tmi.twitch.tv PRIVMSG #jean__ :Successfully added entry #8
8/16/2019 10:54:20 AM: jean__ - Received: @badge-info=;badges=broadcaster/1,bits-charity/1;color=#5F9EA0;display-name=Jean__;emote-sets=0,412472,300319631;mod=0;subscriber=0;user-type= :tmi.twitch.tv USERSTATE #jean__
8/16/2019 10:54:21 AM: jean__ - Received: @badge-info=;badges=moderator/1,partner/1;color=#7C7CE1;display-name=Nightbot;emotes=;flags=;id=cdad76d6-7117-4116-97f0-a061157c630a;mod=1;room-id=38479494;subscriber=0;tmi-sent-ts=1565963660442;turbo=0;user-id=19264788;user-type=mod :nightbot!nightbot@nightbot.tmi.twitch.tv PRIVMSG #jean__ :Successfully added entry #9
8/16/2019 10:54:26 AM: jean__ - Received: @badge-info=;badges=broadcaster/1,bits-charity/1;color=#5F9EA0;display-name=Jean__;emote-sets=0,412472,300319631;mod=0;subscriber=0;user-type= :tmi.twitch.tv USERSTATE #jean__
8/16/2019 10:54:27 AM: jean__ - Received: @badge-info=;badges=moderator/1,partner/1;color=#7C7CE1;display-name=Nightbot;emotes=;flags=;id=808744c8-515a-43f1-8a14-35a5a7f730c4;mod=1;room-id=38479494;subscriber=0;tmi-sent-ts=1565963666346;turbo=0;user-id=19264788;user-type=mod :nightbot!nightbot@nightbot.tmi.twitch.tv PRIVMSG #jean__ :Successfully added entry #10
8/16/2019 10:54:32 AM: jean__ - Received: @badge-info=;badges=broadcaster/1,bits-charity/1;color=#5F9EA0;display-name=Jean__;emote-sets=0,412472,300319631;mod=0;subscriber=0;user-type= :tmi.twitch.tv USERSTATE #jean__
8/16/2019 10:54:33 AM: jean__ - Received: @badge-info=;badges=moderator/1,partner/1;color=#7C7CE1;display-name=Nightbot;emotes=;flags=;id=1c2fef09-b45d-4d58-ab1b-9c85766b7a05;mod=1;room-id=38479494;subscriber=0;tmi-sent-ts=1565963672448;turbo=0;user-id=19264788;user-type=mod :nightbot!nightbot@nightbot.tmi.twitch.tv PRIVMSG #jean__ :Successfully added entry #11
8/16/2019 10:54:38 AM: jean__ - Received: @badge-info=;badges=broadcaster/1,bits-charity/1;color=#5F9EA0;display-name=Jean__;emote-sets=0,412472,300319631;mod=0;subscriber=0;user-type= :tmi.twitch.tv USERSTATE #jean__
8/16/2019 10:54:39 AM: jean__ - Received: @badge-info=;badges=moderator/1,partner/1;color=#7C7CE1;display-name=Nightbot;emotes=;flags=;id=255db021-7ac6-4c5c-9136-60a41f53ee21;mod=1;room-id=38479494;subscriber=0;tmi-sent-ts=1565963678253;turbo=0;user-id=19264788;user-type=mod :nightbot!nightbot@nightbot.tmi.twitch.tv PRIVMSG #jean__ :Successfully added entry #12
8/16/2019 10:54:44 AM: jean__ - Received: @badge-info=;badges=broadcaster/1,bits-charity/1;color=#5F9EA0;display-name=Jean__;emote-sets=0,412472,300319631;mod=0;subscriber=0;user-type= :tmi.twitch.tv USERSTATE #jean__
8/16/2019 10:54:45 AM: jean__ - Received: @badge-info=;badges=moderator/1,partner/1;color=#7C7CE1;display-name=Nightbot;emotes=;flags=;id=f0e780a5-88a0-4c82-8379-54a666903c25;mod=1;room-id=38479494;subscriber=0;tmi-sent-ts=1565963684464;turbo=0;user-id=19264788;user-type=mod :nightbot!nightbot@nightbot.tmi.twitch.tv PRIVMSG #jean__ :Successfully added entry #13
8/16/2019 10:54:50 AM: jean__ - Received: @badge-info=;badges=broadcaster/1,bits-charity/1;color=#5F9EA0;display-name=Jean__;emote-sets=0,412472,300319631;mod=0;subscriber=0;user-type= :tmi.twitch.tv USERSTATE #jean__
8/16/2019 10:54:52 AM: jean__ - Received: @badge-info=;badges=moderator/1,partner/1;color=#7C7CE1;display-name=Nightbot;emotes=;flags=;id=33c6ee7c-3896-46d6-9556-52157f4689d5;mod=1;room-id=38479494;subscriber=0;tmi-sent-ts=1565963690488;turbo=0;user-id=19264788;user-type=mod :nightbot!nightbot@nightbot.tmi.twitch.tv PRIVMSG #jean__ :Successfully added entry #14
8/16/2019 10:54:56 AM: jean__ - Received: @badge-info=;badges=broadcaster/1,bits-charity/1;color=#5F9EA0;display-name=Jean__;emote-sets=0,412472,300319631;mod=0;subscriber=0;user-type= :tmi.twitch.tv USERSTATE #jean__
8/16/2019 10:54:57 AM: jean__ - Received: @badge-info=;badges=moderator/1,partner/1;color=#7C7CE1;display-name=Nightbot;emotes=;flags=;id=4184cdeb-be3d-4bab-ba83-14dcab7ba7ba;mod=1;room-id=38479494;subscriber=0;tmi-sent-ts=1565963696475;turbo=0;user-id=19264788;user-type=mod :nightbot!nightbot@nightbot.tmi.twitch.tv PRIVMSG #jean__ :Successfully added entry #15
8/16/2019 10:55:02 AM: jean__ - Received: @badge-info=;badges=broadcaster/1,bits-charity/1;color=#5F9EA0;display-name=Jean__;emote-sets=0,412472,300319631;mod=0;subscriber=0;user-type= :tmi.twitch.tv USERSTATE #jean__
8/16/2019 10:55:03 AM: jean__ - Received: @badge-info=;badges=moderator/1,partner/1;color=#7C7CE1;display-name=Nightbot;emotes=;flags=;id=f45ef8de-bcd2-4f93-8093-ee378b609b29;mod=1;room-id=38479494;subscriber=0;tmi-sent-ts=1565963702472;turbo=0;user-id=19264788;user-type=mod :nightbot!nightbot@nightbot.tmi.twitch.tv PRIVMSG #jean__ :Successfully added entry #16
8/16/2019 10:55:08 AM: jean__ - Received: @badge-info=;badges=broadcaster/1,bits-charity/1;color=#5F9EA0;display-name=Jean__;emote-sets=0,412472,300319631;mod=0;subscriber=0;user-type= :tmi.twitch.tv USERSTATE #jean__
8/16/2019 10:55:09 AM: jean__ - Received: @badge-info=;badges=moderator/1,partner/1;color=#7C7CE1;display-name=Nightbot;emotes=;flags=;id=77ca2c87-a620-48ae-bff3-772532ecb619;mod=1;room-id=38479494;subscriber=0;tmi-sent-ts=1565963708476;turbo=0;user-id=19264788;user-type=mod :nightbot!nightbot@nightbot.tmi.twitch.tv PRIVMSG #jean__ :Successfully added entry #17
8/16/2019 10:55:14 AM: jean__ - Received: @badge-info=;badges=broadcaster/1,bits-charity/1;color=#5F9EA0;display-name=Jean__;emote-sets=0,412472,300319631;mod=0;subscriber=0;user-type= :tmi.twitch.tv USERSTATE #jean__
8/16/2019 10:55:15 AM: jean__ - Received: @badge-info=;badges=moderator/1,partner/1;color=#7C7CE1;display-name=Nightbot;emotes=;flags=;id=898e0eb3-8c40-467c-b042-4131e2cbf1c7;mod=1;room-id=38479494;subscriber=0;tmi-sent-ts=1565963714262;turbo=0;user-id=19264788;user-type=mod :nightbot!nightbot@nightbot.tmi.twitch.tv PRIVMSG #jean__ :Successfully added entry #18
8/16/2019 10:55:20 AM: jean__ - Received: @badge-info=;badges=broadcaster/1,bits-charity/1;color=#5F9EA0;display-name=Jean__;emote-sets=0,412472,300319631;mod=0;subscriber=0;user-type= :tmi.twitch.tv USERSTATE #jean__
8/16/2019 10:55:21 AM: jean__ - Received: @badge-info=;badges=moderator/1,partner/1;color=#7C7CE1;display-name=Nightbot;emotes=;flags=;id=ad102dbc-c831-41fe-92d6-9929ea5c5bad;mod=1;room-id=38479494;subscriber=0;tmi-sent-ts=1565963720585;turbo=0;user-id=19264788;user-type=mod :nightbot!nightbot@nightbot.tmi.twitch.tv PRIVMSG #jean__ :Successfully added entry #19
8/16/2019 10:55:26 AM: jean__ - Received: @badge-info=;badges=broadcaster/1,bits-charity/1;color=#5F9EA0;display-name=Jean__;emote-sets=0,412472,300319631;mod=0;subscriber=0;user-type= :tmi.twitch.tv USERSTATE #jean__
8/16/2019 10:55:27 AM: jean__ - Received: @badge-info=;badges=moderator/1,partner/1;color=#7C7CE1;display-name=Nightbot;emotes=;flags=;id=303e4bc9-d1f4-4603-ba7c-69c1c56dd112;mod=1;room-id=38479494;subscriber=0;tmi-sent-ts=1565963726670;turbo=0;user-id=19264788;user-type=mod :nightbot!nightbot@nightbot.tmi.twitch.tv PRIVMSG #jean__ :Successfully added entry #20
8/16/2019 10:55:32 AM: jean__ - Received: @badge-info=;badges=broadcaster/1,bits-charity/1;color=#5F9EA0;display-name=Jean__;emote-sets=0,412472,300319631;mod=0;subscriber=0;user-type= :tmi.twitch.tv USERSTATE #jean__
8/16/2019 10:55:34 AM: jean__ - Received: @badge-info=;badges=moderator/1,partner/1;color=#7C7CE1;display-name=Nightbot;emotes=;flags=;id=597a0c0e-af8f-4931-83ed-0e360de37527;mod=1;room-id=38479494;subscriber=0;tmi-sent-ts=1565963732474;turbo=0;user-id=19264788;user-type=mod :nightbot!nightbot@nightbot.tmi.twitch.tv PRIVMSG #jean__ :Successfully added entry #21
8/16/2019 10:55:38 AM: jean__ - Received: @badge-info=;badges=broadcaster/1,bits-charity/1;color=#5F9EA0;display-name=Jean__;emote-sets=0,412472,300319631;mod=0;subscriber=0;user-type= :tmi.twitch.tv USERSTATE #jean__
8/16/2019 10:55:39 AM: jean__ - Received: @badge-info=;badges=moderator/1,partner/1;color=#7C7CE1;display-name=Nightbot;emotes=;flags=;id=069fec4b-ca0a-42c0-84c5-daf2010feb60;mod=1;room-id=38479494;subscriber=0;tmi-sent-ts=1565963738480;turbo=0;user-id=19264788;user-type=mod :nightbot!nightbot@nightbot.tmi.twitch.tv PRIVMSG #jean__ :Successfully added entry #22
8/16/2019 10:55:44 AM: jean__ - Received: @badge-info=;badges=broadcaster/1,bits-charity/1;color=#5F9EA0;display-name=Jean__;emote-sets=0,412472,300319631;mod=0;subscriber=0;user-type= :tmi.twitch.tv USERSTATE #jean__
8/16/2019 10:55:45 AM: jean__ - Received: @badge-info=;badges=moderator/1,partner/1;color=#7C7CE1;display-name=Nightbot;emotes=;flags=;id=53b35730-1e20-4668-9f46-7d3be71eef1b;mod=1;room-id=38479494;subscriber=0;tmi-sent-ts=1565963744488;turbo=0;user-id=19264788;user-type=mod :nightbot!nightbot@nightbot.tmi.twitch.tv PRIVMSG #jean__ :Successfully added entry #23
8/16/2019 10:55:50 AM: jean__ - Received: @badge-info=;badges=broadcaster/1,bits-charity/1;color=#5F9EA0;display-name=Jean__;emote-sets=0,412472,300319631;mod=0;subscriber=0;user-type= :tmi.twitch.tv USERSTATE #jean__
8/16/2019 10:55:51 AM: jean__ - Received: @badge-info=;badges=moderator/1,partner/1;color=#7C7CE1;display-name=Nightbot;emotes=;flags=;id=d8e44ac5-6d37-4c70-a961-d10918a26304;mod=1;room-id=38479494;subscriber=0;tmi-sent-ts=1565963750494;turbo=0;user-id=19264788;user-type=mod :nightbot!nightbot@nightbot.tmi.twitch.tv PRIVMSG #jean__ :Successfully added entry #24
8/16/2019 10:55:56 AM: jean__ - Received: @badge-info=;badges=broadcaster/1,bits-charity/1;color=#5F9EA0;display-name=Jean__;emote-sets=0,412472,300319631;mod=0;subscriber=0;user-type= :tmi.twitch.tv USERSTATE #jean__
8/16/2019 10:55:57 AM: jean__ - Received: @badge-info=;badges=moderator/1,partner/1;color=#7C7CE1;display-name=Nightbot;emotes=;flags=;id=5193897c-44ba-448a-b0b8-689adc7188a3;mod=1;room-id=38479494;subscriber=0;tmi-sent-ts=1565963756501;turbo=0;user-id=19264788;user-type=mod :nightbot!nightbot@nightbot.tmi.twitch.tv PRIVMSG #jean__ :Successfully added entry #25
8/16/2019 10:56:02 AM: jean__ - Received: @badge-info=;badges=broadcaster/1,bits-charity/1;color=#5F9EA0;display-name=Jean__;emote-sets=0,412472,300319631;mod=0;subscriber=0;user-type= :tmi.twitch.tv USERSTATE #jean__
8/16/2019 10:56:03 AM: jean__ - Received: @badge-info=;badges=moderator/1,partner/1;color=#7C7CE1;display-name=Nightbot;emotes=;flags=;id=4c7194ca-bde7-40ee-99ae-127f84e7a2f2;mod=1;room-id=38479494;subscriber=0;tmi-sent-ts=1565963762523;turbo=0;user-id=19264788;user-type=mod :nightbot!nightbot@nightbot.tmi.twitch.tv PRIVMSG #jean__ :Successfully added entry #26
8/16/2019 10:56:08 AM: jean__ - Received: @badge-info=;badges=broadcaster/1,bits-charity/1;color=#5F9EA0;display-name=Jean__;emote-sets=0,412472,300319631;mod=0;subscriber=0;user-type= :tmi.twitch.tv USERSTATE #jean__
8/16/2019 10:56:09 AM: jean__ - Received: @badge-info=;badges=moderator/1,partner/1;color=#7C7CE1;display-name=Nightbot;emotes=;flags=;id=e28587ca-5954-43b3-be68-cb81063ff4e8;mod=1;room-id=38479494;subscriber=0;tmi-sent-ts=1565963768534;turbo=0;user-id=19264788;user-type=mod :nightbot!nightbot@nightbot.tmi.twitch.tv PRIVMSG #jean__ :Successfully added entry #27
8/16/2019 10:56:14 AM: jean__ - Received: @badge-info=;badges=broadcaster/1,bits-charity/1;color=#5F9EA0;display-name=Jean__;emote-sets=0,412472,300319631;mod=0;subscriber=0;user-type= :tmi.twitch.tv USERSTATE #jean__
8/16/2019 10:56:15 AM: jean__ - Received: @badge-info=;badges=moderator/1,partner/1;color=#7C7CE1;display-name=Nightbot;emotes=;flags=;id=17bc91a7-0b77-4d00-9533-e7073aff16a9;mod=1;room-id=38479494;subscriber=0;tmi-sent-ts=1565963774636;turbo=0;user-id=19264788;user-type=mod :nightbot!nightbot@nightbot.tmi.twitch.tv PRIVMSG #jean__ :Successfully added entry #28
8/16/2019 10:56:20 AM: jean__ - Received: @badge-info=;badges=broadcaster/1,bits-charity/1;color=#5F9EA0;display-name=Jean__;emote-sets=0,412472,300319631;mod=0;subscriber=0;user-type= :tmi.twitch.tv USERSTATE #jean__
8/16/2019 10:56:21 AM: jean__ - Received: @badge-info=;badges=moderator/1,partner/1;color=#7C7CE1;display-name=Nightbot;emotes=;flags=;id=f1ba1f0e-9192-41bd-9ea1-ee75ad9637c7;mod=1;room-id=38479494;subscriber=0;tmi-sent-ts=1565963780543;turbo=0;user-id=19264788;user-type=mod :nightbot!nightbot@nightbot.tmi.twitch.tv PRIVMSG #jean__ :Successfully added entry #29
8/16/2019 10:56:26 AM: jean__ - Received: @badge-info=;badges=broadcaster/1,bits-charity/1;color=#5F9EA0;display-name=Jean__;emote-sets=0,412472,300319631;mod=0;subscriber=0;user-type= :tmi.twitch.tv USERSTATE #jean__
8/16/2019 10:56:27 AM: jean__ - Received: @badge-info=;badges=moderator/1,partner/1;color=#7C7CE1;display-name=Nightbot;emotes=;flags=;id=5a3d3323-c08a-4add-94cb-f0a67b40ac4c;mod=1;room-id=38479494;subscriber=0;tmi-sent-ts=1565963786545;turbo=0;user-id=19264788;user-type=mod :nightbot!nightbot@nightbot.tmi.twitch.tv PRIVMSG #jean__ :Successfully added entry #30
8/16/2019 10:56:32 AM: jean__ - Received: @badge-info=;badges=broadcaster/1,bits-charity/1;color=#5F9EA0;display-name=Jean__;emote-sets=0,412472,300319631;mod=0;subscriber=0;user-type= :tmi.twitch.tv USERSTATE #jean__
8/16/2019 10:56:34 AM: jean__ - Received: @badge-info=;badges=moderator/1,partner/1;color=#7C7CE1;display-name=Nightbot;emotes=;flags=;id=79813b86-de76-4f2c-a308-5aa1e1adec53;mod=1;room-id=38479494;subscriber=0;tmi-sent-ts=1565963792646;turbo=0;user-id=19264788;user-type=mod :nightbot!nightbot@nightbot.tmi.twitch.tv PRIVMSG #jean__ :Successfully added entry #31
8/16/2019 10:56:38 AM: jean__ - Received: @badge-info=;badges=broadcaster/1,bits-charity/1;color=#5F9EA0;display-name=Jean__;emote-sets=0,412472,300319631;mod=0;subscriber=0;user-type= :tmi.twitch.tv USERSTATE #jean__
8/16/2019 10:56:39 AM: jean__ - Received: @badge-info=;badges=moderator/1,partner/1;color=#7C7CE1;display-name=Nightbot;emotes=;flags=;id=01c11cd3-d0d2-4b26-bcf8-50ac3c5c6bb9;mod=1;room-id=38479494;subscriber=0;tmi-sent-ts=1565963798566;turbo=0;user-id=19264788;user-type=mod :nightbot!nightbot@nightbot.tmi.twitch.tv PRIVMSG #jean__ :Successfully added entry #32
8/16/2019 10:56:44 AM: jean__ - Received: @badge-info=;badges=broadcaster/1,bits-charity/1;color=#5F9EA0;display-name=Jean__;emote-sets=0,412472,300319631;mod=0;subscriber=0;user-type= :tmi.twitch.tv USERSTATE #jean__
8/16/2019 10:56:45 AM: jean__ - Received: @badge-info=;badges=moderator/1,partner/1;color=#7C7CE1;display-name=Nightbot;emotes=;flags=;id=7308efe2-f5f4-47ce-af4e-d98ed3a5e91d;mod=1;room-id=38479494;subscriber=0;tmi-sent-ts=1565963804661;turbo=0;user-id=19264788;user-type=mod :nightbot!nightbot@nightbot.tmi.twitch.tv PRIVMSG #jean__ :Successfully added entry #33
8/16/2019 10:56:50 AM: jean__ - Received: @badge-info=;badges=broadcaster/1,bits-charity/1;color=#5F9EA0;display-name=Jean__;emote-sets=0,412472,300319631;mod=0;subscriber=0;user-type= :tmi.twitch.tv USERSTATE #jean__
8/16/2019 10:56:52 AM: jean__ - Received: @badge-info=;badges=moderator/1,partner/1;color=#7C7CE1;display-name=Nightbot;emotes=;flags=;id=fb010a26-4e38-4444-885d-82463cceb6d4;mod=1;room-id=38479494;subscriber=0;tmi-sent-ts=1565963810567;turbo=0;user-id=19264788;user-type=mod :nightbot!nightbot@nightbot.tmi.twitch.tv PRIVMSG #jean__ :Successfully added entry #34
8/16/2019 10:56:56 AM: jean__ - Received: @badge-info=;badges=broadcaster/1,bits-charity/1;color=#5F9EA0;display-name=Jean__;emote-sets=0,412472,300319631;mod=0;subscriber=0;user-type= :tmi.twitch.tv USERSTATE #jean__
8/16/2019 10:56:57 AM: jean__ - Received: @badge-info=;badges=moderator/1,partner/1;color=#7C7CE1;display-name=Nightbot;emotes=;flags=;id=3f69c989-8b7a-49ee-8b16-fd10d29187d6;mod=1;room-id=38479494;subscriber=0;tmi-sent-ts=1565963816582;turbo=0;user-id=19264788;user-type=mod :nightbot!nightbot@nightbot.tmi.twitch.tv PRIVMSG #jean__ :Successfully added entry #35
8/16/2019 10:57:02 AM: jean__ - Received: @badge-info=;badges=broadcaster/1,bits-charity/1;color=#5F9EA0;display-name=Jean__;emote-sets=0,412472,300319631;mod=0;subscriber=0;user-type= :tmi.twitch.tv USERSTATE #jean__
8/16/2019 10:57:03 AM: jean__ - Received: @badge-info=;badges=moderator/1,partner/1;color=#7C7CE1;display-name=Nightbot;emotes=;flags=;id=a9018488-f400-4814-81e5-334a11a9cad9;mod=1;room-id=38479494;subscriber=0;tmi-sent-ts=1565963822628;turbo=0;user-id=19264788;user-type=mod :nightbot!nightbot@nightbot.tmi.twitch.tv PRIVMSG #jean__ :Successfully added entry #36
8/16/2019 10:57:08 AM: jean__ - Received: @badge-info=;badges=broadcaster/1,bits-charity/1;color=#5F9EA0;display-name=Jean__;emote-sets=0,412472,300319631;mod=0;subscriber=0;user-type= :tmi.twitch.tv USERSTATE #jean__
8/16/2019 10:57:09 AM: jean__ - Received: @badge-info=;badges=moderator/1,partner/1;color=#7C7CE1;display-name=Nightbot;emotes=;flags=;id=822099e7-d9ad-4b92-8013-9d5e0bdb1bf7;mod=1;room-id=38479494;subscriber=0;tmi-sent-ts=1565963828829;turbo=0;user-id=19264788;user-type=mod :nightbot!nightbot@nightbot.tmi.twitch.tv PRIVMSG #jean__ :Successfully added entry #37
8/16/2019 10:57:14 AM: jean__ - Received: @badge-info=;badges=broadcaster/1,bits-charity/1;color=#5F9EA0;display-name=Jean__;emote-sets=0,412472,300319631;mod=0;subscriber=0;user-type= :tmi.twitch.tv USERSTATE #jean__
8/16/2019 10:57:15 AM: jean__ - Received: @badge-info=;badges=moderator/1,partner/1;color=#7C7CE1;display-name=Nightbot;emotes=;flags=;id=96870bf0-95be-4b86-8717-8ab1dc4a53bf;mod=1;room-id=38479494;subscriber=0;tmi-sent-ts=1565963834634;turbo=0;user-id=19264788;user-type=mod :nightbot!nightbot@nightbot.tmi.twitch.tv PRIVMSG #jean__ :Successfully added entry #38
8/16/2019 10:57:20 AM: jean__ - Received: @badge-info=;badges=broadcaster/1,bits-charity/1;color=#5F9EA0;display-name=Jean__;emote-sets=0,412472,300319631;mod=0;subscriber=0;user-type= :tmi.twitch.tv USERSTATE #jean__
8/16/2019 10:57:21 AM: jean__ - Received: @badge-info=;badges=moderator/1,partner/1;color=#7C7CE1;display-name=Nightbot;emotes=;flags=;id=735ae6e0-b488-45ad-abb2-7c3194c782c2;mod=1;room-id=38479494;subscriber=0;tmi-sent-ts=1565963840734;turbo=0;user-id=19264788;user-type=mod :nightbot!nightbot@nightbot.tmi.twitch.tv PRIVMSG #jean__ :Successfully added entry #39
8/16/2019 10:57:26 AM: jean__ - Received: @badge-info=;badges=broadcaster/1,bits-charity/1;color=#5F9EA0;display-name=Jean__;emote-sets=0,412472,300319631;mod=0;subscriber=0;user-type= :tmi.twitch.tv USERSTATE #jean__
8/16/2019 10:57:27 AM: jean__ - Received: @badge-info=;badges=moderator/1,partner/1;color=#7C7CE1;display-name=Nightbot;emotes=;flags=;id=dd4be123-f5df-414f-8ba8-7087eef76f29;mod=1;room-id=38479494;subscriber=0;tmi-sent-ts=1565963846641;turbo=0;user-id=19264788;user-type=mod :nightbot!nightbot@nightbot.tmi.twitch.tv PRIVMSG #jean__ :Successfully added entry #40
8/16/2019 10:57:32 AM: jean__ - Received: @badge-info=;badges=broadcaster/1,bits-charity/1;color=#5F9EA0;display-name=Jean__;emote-sets=0,412472,300319631;mod=0;subscriber=0;user-type= :tmi.twitch.tv USERSTATE #jean__
8/16/2019 10:57:33 AM: jean__ - Received: @badge-info=;badges=moderator/1,partner/1;color=#7C7CE1;display-name=Nightbot;emotes=;flags=;id=8fdf0475-e7e5-4a1a-a9cc-6d285803a7f9;mod=1;room-id=38479494;subscriber=0;tmi-sent-ts=1565963852582;turbo=0;user-id=19264788;user-type=mod :nightbot!nightbot@nightbot.tmi.twitch.tv PRIVMSG #jean__ :Successfully added entry #41
8/16/2019 10:57:38 AM: jean__ - Received: @badge-info=;badges=broadcaster/1,bits-charity/1;color=#5F9EA0;display-name=Jean__;emote-sets=0,412472,300319631;mod=0;subscriber=0;user-type= :tmi.twitch.tv USERSTATE #jean__
8/16/2019 10:57:39 AM: jean__ - Received: @badge-info=;badges=moderator/1,partner/1;color=#7C7CE1;display-name=Nightbot;emotes=;flags=;id=351fca12-be6f-43c4-827a-6ada0247cfa4;mod=1;room-id=38479494;subscriber=0;tmi-sent-ts=1565963858686;turbo=0;user-id=19264788;user-type=mod :nightbot!nightbot@nightbot.tmi.twitch.tv PRIVMSG #jean__ :Successfully added entry #42
8/16/2019 10:57:44 AM: jean__ - Received: @badge-info=;badges=broadcaster/1,bits-charity/1;color=#5F9EA0;display-name=Jean__;emote-sets=0,412472,300319631;mod=0;subscriber=0;user-type= :tmi.twitch.tv USERSTATE #jean__
8/16/2019 10:57:45 AM: jean__ - Received: @badge-info=;badges=moderator/1,partner/1;color=#7C7CE1;display-name=Nightbot;emotes=;flags=;id=f2d982aa-2e79-4528-99df-163f2fc4b5a0;mod=1;room-id=38479494;subscriber=0;tmi-sent-ts=1565963864790;turbo=0;user-id=19264788;user-type=mod :nightbot!nightbot@nightbot.tmi.twitch.tv PRIVMSG #jean__ :Successfully added entry #43
8/16/2019 10:57:50 AM: jean__ - Received: @badge-info=;badges=broadcaster/1,bits-charity/1;color=#5F9EA0;display-name=Jean__;emote-sets=0,412472,300319631;mod=0;subscriber=0;user-type= :tmi.twitch.tv USERSTATE #jean__
8/16/2019 10:57:51 AM: jean__ - Received: @badge-info=;badges=moderator/1,partner/1;color=#7C7CE1;display-name=Nightbot;emotes=;flags=;id=5390b220-691d-4699-a997-14bc816ed3e3;mod=1;room-id=38479494;subscriber=0;tmi-sent-ts=1565963870799;turbo=0;user-id=19264788;user-type=mod :nightbot!nightbot@nightbot.tmi.twitch.tv PRIVMSG #jean__ :Successfully added entry #44
8/16/2019 10:57:56 AM: jean__ - Received: PING :tmi.twitch.tv
8/16/2019 10:57:56 AM: jean__ - Writing: PONG
8/16/2019 10:57:56 AM: jean__ - Received: @badge-info=;badges=broadcaster/1,bits-charity/1;color=#5F9EA0;display-name=Jean__;emote-sets=0,412472,300319631;mod=0;subscriber=0;user-type= :tmi.twitch.tv USERSTATE #jean__
8/16/2019 10:57:57 AM: jean__ - Received: @badge-info=;badges=moderator/1,partner/1;color=#7C7CE1;display-name=Nightbot;emotes=;flags=;id=84e5b3b8-a8d0-4a01-95d6-350e13062f61;mod=1;room-id=38479494;subscriber=0;tmi-sent-ts=1565963876800;turbo=0;user-id=19264788;user-type=mod :nightbot!nightbot@nightbot.tmi.twitch.tv PRIVMSG #jean__ :Successfully added entry #45
8/16/2019 10:58:02 AM: jean__ - Received: @badge-info=;badges=broadcaster/1,bits-charity/1;color=#5F9EA0;display-name=Jean__;emote-sets=0,412472,300319631;mod=0;subscriber=0;user-type= :tmi.twitch.tv USERSTATE #jean__
8/16/2019 10:58:03 AM: jean__ - Received: @badge-info=;badges=moderator/1,partner/1;color=#7C7CE1;display-name=Nightbot;emotes=;flags=;id=9683aa58-a609-40af-996b-d4c09f851b85;mod=1;room-id=38479494;subscriber=0;tmi-sent-ts=1565963882612;turbo=0;user-id=19264788;user-type=mod :nightbot!nightbot@nightbot.tmi.twitch.tv PRIVMSG #jean__ :Successfully added entry #46
8/16/2019 10:58:08 AM: jean__ - Received: @badge-info=;badges=broadcaster/1,bits-charity/1;color=#5F9EA0;display-name=Jean__;emote-sets=0,412472,300319631;mod=0;subscriber=0;user-type= :tmi.twitch.tv USERSTATE #jean__
8/16/2019 10:58:09 AM: jean__ - Received: @badge-info=;badges=moderator/1,partner/1;color=#7C7CE1;display-name=Nightbot;emotes=;flags=;id=739e23eb-b385-497f-8e9b-bc9f04c23f6e;mod=1;room-id=38479494;subscriber=0;tmi-sent-ts=1565963888609;turbo=0;user-id=19264788;user-type=mod :nightbot!nightbot@nightbot.tmi.twitch.tv PRIVMSG #jean__ :Successfully added entry #47
8/16/2019 10:58:14 AM: jean__ - Received: @badge-info=;badges=broadcaster/1,bits-charity/1;color=#5F9EA0;display-name=Jean__;emote-sets=0,412472,300319631;mod=0;subscriber=0;user-type= :tmi.twitch.tv USERSTATE #jean__
8/16/2019 10:58:15 AM: jean__ - Received: @badge-info=;badges=moderator/1,partner/1;color=#7C7CE1;display-name=Nightbot;emotes=;flags=;id=149061db-66e2-47ab-8b74-ef926fedfc91;mod=1;room-id=38479494;subscriber=0;tmi-sent-ts=1565963894734;turbo=0;user-id=19264788;user-type=mod :nightbot!nightbot@nightbot.tmi.twitch.tv PRIVMSG #jean__ :Successfully added entry #48
8/16/2019 10:58:21 AM: jean__ - Received: @badge-info=;badges=broadcaster/1,bits-charity/1;color=#5F9EA0;display-name=Jean__;emote-sets=0,412472,300319631;mod=0;subscriber=0;user-type= :tmi.twitch.tv USERSTATE #jean__
8/16/2019 10:58:21 AM: jean__ - Received: @badge-info=;badges=moderator/1,partner/1;color=#7C7CE1;display-name=Nightbot;emotes=;flags=;id=edcc0717-434d-491c-b37e-aff6f1d32d5a;mod=1;room-id=38479494;subscriber=0;tmi-sent-ts=1565963900742;turbo=0;user-id=19264788;user-type=mod :nightbot!nightbot@nightbot.tmi.twitch.tv PRIVMSG #jean__ :Successfully added entry #49
8/16/2019 10:58:26 AM: jean__ - Received: @badge-info=;badges=broadcaster/1,bits-charity/1;color=#5F9EA0;display-name=Jean__;emote-sets=0,412472,300319631;mod=0;subscriber=0;user-type= :tmi.twitch.tv USERSTATE #jean__
8/16/2019 10:58:27 AM: jean__ - Received: @badge-info=;badges=moderator/1,partner/1;color=#7C7CE1;display-name=Nightbot;emotes=;flags=;id=a5bea2e1-a4ca-4f41-a579-b02867a1283e;mod=1;room-id=38479494;subscriber=0;tmi-sent-ts=1565963906743;turbo=0;user-id=19264788;user-type=mod :nightbot!nightbot@nightbot.tmi.twitch.tv PRIVMSG #jean__ :Successfully added entry #50
8/16/2019 10:58:32 AM: jean__ - Received: @badge-info=;badges=broadcaster/1,bits-charity/1;color=#5F9EA0;display-name=Jean__;emote-sets=0,412472,300319631;mod=0;subscriber=0;user-type= :tmi.twitch.tv USERSTATE #jean__
8/16/2019 10:58:33 AM: jean__ - Received: @badge-info=;badges=moderator/1,partner/1;color=#7C7CE1;display-name=Nightbot;emotes=;flags=;id=726581a7-b4dc-4601-a61e-1f9e416ab16b;mod=1;room-id=38479494;subscriber=0;tmi-sent-ts=1565963912744;turbo=0;user-id=19264788;user-type=mod :nightbot!nightbot@nightbot.tmi.twitch.tv PRIVMSG #jean__ :Successfully added entry #51
8/16/2019 10:58:39 AM: jean__ - Received: @badge-info=;badges=broadcaster/1,bits-charity/1;color=#5F9EA0;display-name=Jean__;emote-sets=0,412472,300319631;mod=0;subscriber=0;user-type= :tmi.twitch.tv USERSTATE #jean__
8/16/2019 10:58:40 AM: jean__ - Received: @badge-info=;badges=moderator/1,partner/1;color=#7C7CE1;display-name=Nightbot;emotes=;flags=;id=200c3ddc-9678-466f-8a7f-b5e01b716a6e;mod=1;room-id=38479494;subscriber=0;tmi-sent-ts=1565963918848;turbo=0;user-id=19264788;user-type=mod :nightbot!nightbot@nightbot.tmi.twitch.tv PRIVMSG #jean__ :Successfully added entry #52
8/16/2019 10:58:44 AM: jean__ - Received: @badge-info=;badges=broadcaster/1,bits-charity/1;color=#5F9EA0;display-name=Jean__;emote-sets=0,412472,300319631;mod=0;subscriber=0;user-type= :tmi.twitch.tv USERSTATE #jean__
8/16/2019 10:58:45 AM: jean__ - Received: @badge-info=;badges=moderator/1,partner/1;color=#7C7CE1;display-name=Nightbot;emotes=;flags=;id=8c6c0c4a-1ac1-4dba-8ff8-99bb8e99278a;mod=1;room-id=38479494;subscriber=0;tmi-sent-ts=1565963924748;turbo=0;user-id=19264788;user-type=mod :nightbot!nightbot@nightbot.tmi.twitch.tv PRIVMSG #jean__ :Successfully added entry #53
8/16/2019 10:58:51 AM: jean__ - Received: @badge-info=;badges=broadcaster/1,bits-charity/1;color=#5F9EA0;display-name=Jean__;emote-sets=0,412472,300319631;mod=0;subscriber=0;user-type= :tmi.twitch.tv USERSTATE #jean__
8/16/2019 10:58:51 AM: jean__ - Received: @badge-info=;badges=moderator/1,partner/1;color=#7C7CE1;display-name=Nightbot;emotes=;flags=;id=73d81231-ea30-430d-9c5d-249843b92b45;mod=1;room-id=38479494;subscriber=0;tmi-sent-ts=1565963930651;turbo=0;user-id=19264788;user-type=mod :nightbot!nightbot@nightbot.tmi.twitch.tv PRIVMSG #jean__ :Successfully added entry #54
8/16/2019 10:58:56 AM: jean__ - Received: @badge-info=;badges=broadcaster/1,bits-charity/1;color=#5F9EA0;display-name=Jean__;emote-sets=0,412472,300319631;mod=0;subscriber=0;user-type= :tmi.twitch.tv USERSTATE #jean__
8/16/2019 10:58:57 AM: jean__ - Received: @badge-info=;badges=moderator/1,partner/1;color=#7C7CE1;display-name=Nightbot;emotes=;flags=;id=2e092597-7eb4-403d-b300-eb9dc88199df;mod=1;room-id=38479494;subscriber=0;tmi-sent-ts=1565963936764;turbo=0;user-id=19264788;user-type=mod :nightbot!nightbot@nightbot.tmi.twitch.tv PRIVMSG #jean__ :Successfully added entry #55
8/16/2019 10:59:03 AM: jean__ - Received: @badge-info=;badges=broadcaster/1,bits-charity/1;color=#5F9EA0;display-name=Jean__;emote-sets=0,412472,300319631;mod=0;subscriber=0;user-type= :tmi.twitch.tv USERSTATE #jean__
8/16/2019 10:59:03 AM: jean__ - Received: @badge-info=;badges=moderator/1,partner/1;color=#7C7CE1;display-name=Nightbot;emotes=;flags=;id=2ddf5705-1206-48f3-b7d4-89faf7ae7edf;mod=1;room-id=38479494;subscriber=0;tmi-sent-ts=1565963942761;turbo=0;user-id=19264788;user-type=mod :nightbot!nightbot@nightbot.tmi.twitch.tv PRIVMSG #jean__ :Successfully added entry #56
8/16/2019 10:59:09 AM: jean__ - Received: @badge-info=;badges=broadcaster/1,bits-charity/1;color=#5F9EA0;display-name=Jean__;emote-sets=0,412472,300319631;mod=0;subscriber=0;user-type= :tmi.twitch.tv USERSTATE #jean__
8/16/2019 10:59:10 AM: jean__ - Received: @badge-info=;badges=moderator/1,partner/1;color=#7C7CE1;display-name=Nightbot;emotes=;flags=;id=5d9e99ca-ef33-4105-8ca5-5e6ccddff7fb;mod=1;room-id=38479494;subscriber=0;tmi-sent-ts=1565963948869;turbo=0;user-id=19264788;user-type=mod :nightbot!nightbot@nightbot.tmi.twitch.tv PRIVMSG #jean__ :Successfully added entry #57
8/16/2019 10:59:15 AM: jean__ - Received: @badge-info=;badges=broadcaster/1,bits-charity/1;color=#5F9EA0;display-name=Jean__;emote-sets=0,412472,300319631;mod=0;subscriber=0;user-type= :tmi.twitch.tv USERSTATE #jean__
8/16/2019 10:59:15 AM: jean__ - Received: @badge-info=;badges=moderator/1,partner/1;color=#7C7CE1;display-name=Nightbot;emotes=;flags=;id=0c2586de-32d2-4e38-b4ac-20135e776674;mod=1;room-id=38479494;subscriber=0;tmi-sent-ts=1565963954778;turbo=0;user-id=19264788;user-type=mod :nightbot!nightbot@nightbot.tmi.twitch.tv PRIVMSG #jean__ :Successfully added entry #58
8/16/2019 10:59:21 AM: jean__ - Received: @badge-info=;badges=broadcaster/1,bits-charity/1;color=#5F9EA0;display-name=Jean__;emote-sets=0,412472,300319631;mod=0;subscriber=0;user-type= :tmi.twitch.tv USERSTATE #jean__
8/16/2019 10:59:21 AM: jean__ - Received: @badge-info=;badges=moderator/1,partner/1;color=#7C7CE1;display-name=Nightbot;emotes=;flags=;id=158962ac-0ec8-4c23-aefd-0469bd7449e1;mod=1;room-id=38479494;subscriber=0;tmi-sent-ts=1565963960789;turbo=0;user-id=19264788;user-type=mod :nightbot!nightbot@nightbot.tmi.twitch.tv PRIVMSG #jean__ :Successfully added entry #59
8/16/2019 10:59:27 AM: jean__ - Received: @badge-info=;badges=broadcaster/1,bits-charity/1;color=#5F9EA0;display-name=Jean__;emote-sets=0,412472,300319631;mod=0;subscriber=0;user-type= :tmi.twitch.tv USERSTATE #jean__
8/16/2019 10:59:27 AM: jean__ - Received: @badge-info=;badges=moderator/1,partner/1;color=#7C7CE1;display-name=Nightbot;emotes=;flags=;id=c5e0767c-041f-4507-8926-4bfe7ac31d37;mod=1;room-id=38479494;subscriber=0;tmi-sent-ts=1565963966790;turbo=0;user-id=19264788;user-type=mod :nightbot!nightbot@nightbot.tmi.twitch.tv PRIVMSG #jean__ :Successfully added entry #60
8/16/2019 10:59:33 AM: jean__ - Received: @badge-info=;badges=broadcaster/1,bits-charity/1;color=#5F9EA0;display-name=Jean__;emote-sets=0,412472,300319631;mod=0;subscriber=0;user-type= :tmi.twitch.tv USERSTATE #jean__
8/16/2019 10:59:33 AM: jean__ - Received: @badge-info=;badges=moderator/1,partner/1;color=#7C7CE1;display-name=Nightbot;emotes=;flags=;id=6024331d-dfb9-41c6-a8e7-76a5fa89c2e5;mod=1;room-id=38479494;subscriber=0;tmi-sent-ts=1565963972759;turbo=0;user-id=19264788;user-type=mod :nightbot!nightbot@nightbot.tmi.twitch.tv PRIVMSG #jean__ :Successfully added entry #61
8/16/2019 10:59:39 AM: jean__ - Received: @badge-info=;badges=broadcaster/1,bits-charity/1;color=#5F9EA0;display-name=Jean__;emote-sets=0,412472,300319631;mod=0;subscriber=0;user-type= :tmi.twitch.tv USERSTATE #jean__
8/16/2019 10:59:39 AM: jean__ - Received: @badge-info=;badges=moderator/1,partner/1;color=#7C7CE1;display-name=Nightbot;emotes=;flags=;id=df5b31a8-2007-4ac7-bb8a-c220e0fe0a52;mod=1;room-id=38479494;subscriber=0;tmi-sent-ts=1565963978767;turbo=0;user-id=19264788;user-type=mod :nightbot!nightbot@nightbot.tmi.twitch.tv PRIVMSG #jean__ :Successfully added entry #62
8/16/2019 10:59:45 AM: jean__ - Received: @badge-info=;badges=broadcaster/1,bits-charity/1;color=#5F9EA0;display-name=Jean__;emote-sets=0,412472,300319631;mod=0;subscriber=0;user-type= :tmi.twitch.tv USERSTATE #jean__
8/16/2019 10:59:45 AM: jean__ - Received: @badge-info=;badges=moderator/1,partner/1;color=#7C7CE1;display-name=Nightbot;emotes=;flags=;id=809e5574-8062-47dd-95c0-fd8719617c0f;mod=1;room-id=38479494;subscriber=0;tmi-sent-ts=1565963984781;turbo=0;user-id=19264788;user-type=mod :nightbot!nightbot@nightbot.tmi.twitch.tv PRIVMSG #jean__ :Successfully added entry #63
8/16/2019 10:59:51 AM: jean__ - Received: @badge-info=;badges=broadcaster/1,bits-charity/1;color=#5F9EA0;display-name=Jean__;emote-sets=0,412472,300319631;mod=0;subscriber=0;user-type= :tmi.twitch.tv USERSTATE #jean__
8/16/2019 10:59:51 AM: jean__ - Received: @badge-info=;badges=moderator/1,partner/1;color=#7C7CE1;display-name=Nightbot;emotes=;flags=;id=ca3ab346-3972-4c5d-89e2-f7b273ebd447;mod=1;room-id=38479494;subscriber=0;tmi-sent-ts=1565963990879;turbo=0;user-id=19264788;user-type=mod :nightbot!nightbot@nightbot.tmi.twitch.tv PRIVMSG #jean__ :Successfully added entry #64
8/16/2019 10:59:57 AM: jean__ - Received: @badge-info=;badges=broadcaster/1,bits-charity/1;color=#5F9EA0;display-name=Jean__;emote-sets=0,412472,300319631;mod=0;subscriber=0;user-type= :tmi.twitch.tv USERSTATE #jean__
8/16/2019 10:59:57 AM: jean__ - Received: @badge-info=;badges=moderator/1,partner/1;color=#7C7CE1;display-name=Nightbot;emotes=;flags=;id=eeb8a47a-8cce-437e-acdc-70fa7bcb9ef6;mod=1;room-id=38479494;subscriber=0;tmi-sent-ts=1565963996781;turbo=0;user-id=19264788;user-type=mod :nightbot!nightbot@nightbot.tmi.twitch.tv PRIVMSG #jean__ :Successfully added entry #65
8/16/2019 11:00:03 AM: jean__ - Received: @badge-info=;badges=broadcaster/1,bits-charity/1;color=#5F9EA0;display-name=Jean__;emote-sets=0,412472,300319631;mod=0;subscriber=0;user-type= :tmi.twitch.tv USERSTATE #jean__
8/16/2019 11:00:03 AM: jean__ - Received: @badge-info=;badges=moderator/1,partner/1;color=#7C7CE1;display-name=Nightbot;emotes=;flags=;id=f81dfbc7-52e5-41c4-83b2-9290a2e1933a;mod=1;room-id=38479494;subscriber=0;tmi-sent-ts=1565964002699;turbo=0;user-id=19264788;user-type=mod :nightbot!nightbot@nightbot.tmi.twitch.tv PRIVMSG #jean__ :Successfully added entry #66
8/16/2019 11:00:09 AM: jean__ - Received: @badge-info=;badges=broadcaster/1,bits-charity/1;color=#5F9EA0;display-name=Jean__;emote-sets=0,412472,300319631;mod=0;subscriber=0;user-type= :tmi.twitch.tv USERSTATE #jean__
8/16/2019 11:00:10 AM: jean__ - Received: @badge-info=;badges=moderator/1,partner/1;color=#7C7CE1;display-name=Nightbot;emotes=;flags=;id=51b54a32-c3e9-4192-bddc-822c09b8611d;mod=1;room-id=38479494;subscriber=0;tmi-sent-ts=1565964008902;turbo=0;user-id=19264788;user-type=mod :nightbot!nightbot@nightbot.tmi.twitch.tv PRIVMSG #jean__ :Successfully added entry #67
8/16/2019 11:00:15 AM: jean__ - Received: @badge-info=;badges=broadcaster/1,bits-charity/1;color=#5F9EA0;display-name=Jean__;emote-sets=0,412472,300319631;mod=0;subscriber=0;user-type= :tmi.twitch.tv USERSTATE #jean__
8/16/2019 11:00:15 AM: jean__ - Received: @badge-info=;badges=moderator/1,partner/1;color=#7C7CE1;display-name=Nightbot;emotes=;flags=;id=c1e793ee-e62c-4926-bf71-fdae7c98ff77;mod=1;room-id=38479494;subscriber=0;tmi-sent-ts=1565964014712;turbo=0;user-id=19264788;user-type=mod :nightbot!nightbot@nightbot.tmi.twitch.tv PRIVMSG #jean__ :Successfully added entry #68
8/16/2019 11:00:21 AM: jean__ - Received: @badge-info=;badges=broadcaster/1,bits-charity/1;color=#5F9EA0;display-name=Jean__;emote-sets=0,412472,300319631;mod=0;subscriber=0;user-type= :tmi.twitch.tv USERSTATE #jean__
8/16/2019 11:00:22 AM: jean__ - Received: @badge-info=;badges=moderator/1,partner/1;color=#7C7CE1;display-name=Nightbot;emotes=;flags=;id=64617b99-1636-4363-9537-c8db03c62e31;mod=1;room-id=38479494;subscriber=0;tmi-sent-ts=1565964020912;turbo=0;user-id=19264788;user-type=mod :nightbot!nightbot@nightbot.tmi.twitch.tv PRIVMSG #jean__ :Successfully added entry #69
8/16/2019 11:00:27 AM: jean__ - Received: @badge-info=;badges=broadcaster/1,bits-charity/1;color=#5F9EA0;display-name=Jean__;emote-sets=0,412472,300319631;mod=0;subscriber=0;user-type= :tmi.twitch.tv USERSTATE #jean__
8/16/2019 11:00:27 AM: jean__ - Received: @badge-info=;badges=moderator/1,partner/1;color=#7C7CE1;display-name=Nightbot;emotes=;flags=;id=0a3040b7-a063-4e9e-a833-5517538fe0e1;mod=1;room-id=38479494;subscriber=0;tmi-sent-ts=1565964026824;turbo=0;user-id=19264788;user-type=mod :nightbot!nightbot@nightbot.tmi.twitch.tv PRIVMSG #jean__ :Successfully added entry #70
8/16/2019 11:00:33 AM: jean__ - Received: @badge-info=;badges=broadcaster/1,bits-charity/1;color=#5F9EA0;display-name=Jean__;emote-sets=0,412472,300319631;mod=0;subscriber=0;user-type= :tmi.twitch.tv USERSTATE #jean__
8/16/2019 11:00:33 AM: jean__ - Received: @badge-info=;badges=moderator/1,partner/1;color=#7C7CE1;display-name=Nightbot;emotes=;flags=;id=a630f69d-64a4-45a2-8a49-12c9cbcab7bd;mod=1;room-id=38479494;subscriber=0;tmi-sent-ts=1565964032780;turbo=0;user-id=19264788;user-type=mod :nightbot!nightbot@nightbot.tmi.twitch.tv PRIVMSG #jean__ :Successfully added entry #71
8/16/2019 11:00:39 AM: jean__ - Received: @badge-info=;badges=broadcaster/1,bits-charity/1;color=#5F9EA0;display-name=Jean__;emote-sets=0,412472,300319631;mod=0;subscriber=0;user-type= :tmi.twitch.tv USERSTATE #jean__
8/16/2019 11:00:40 AM: jean__ - Received: @badge-info=;badges=moderator/1,partner/1;color=#7C7CE1;display-name=Nightbot;emotes=;flags=;id=6f30f64e-47c0-4dfd-aec3-94381608f24b;mod=1;room-id=38479494;subscriber=0;tmi-sent-ts=1565964038887;turbo=0;user-id=19264788;user-type=mod :nightbot!nightbot@nightbot.tmi.twitch.tv PRIVMSG #jean__ :Successfully added entry #72
8/16/2019 11:00:45 AM: jean__ - Received: @badge-info=;badges=broadcaster/1,bits-charity/1;color=#5F9EA0;display-name=Jean__;emote-sets=0,412472,300319631;mod=0;subscriber=0;user-type= :tmi.twitch.tv USERSTATE #jean__
8/16/2019 11:00:46 AM: jean__ - Received: @badge-info=;badges=moderator/1,partner/1;color=#7C7CE1;display-name=Nightbot;emotes=;flags=;id=653e5139-86bc-49a0-b2f2-20a043eda9b5;mod=1;room-id=38479494;subscriber=0;tmi-sent-ts=1565964044894;turbo=0;user-id=19264788;user-type=mod :nightbot!nightbot@nightbot.tmi.twitch.tv PRIVMSG #jean__ :Successfully added entry #73
8/16/2019 11:00:51 AM: jean__ - Received: @badge-info=;badges=broadcaster/1,bits-charity/1;color=#5F9EA0;display-name=Jean__;emote-sets=0,412472,300319631;mod=0;subscriber=0;user-type= :tmi.twitch.tv USERSTATE #jean__
8/16/2019 11:00:52 AM: jean__ - Received: @badge-info=;badges=moderator/1,partner/1;color=#7C7CE1;display-name=Nightbot;emotes=;flags=;id=5b2a4750-e55f-43d4-ac97-5ca9afa70a83;mod=1;room-id=38479494;subscriber=0;tmi-sent-ts=1565964050897;turbo=0;user-id=19264788;user-type=mod :nightbot!nightbot@nightbot.tmi.twitch.tv PRIVMSG #jean__ :Successfully added entry #74
8/16/2019 11:00:57 AM: jean__ - Received: @badge-info=;badges=broadcaster/1,bits-charity/1;color=#5F9EA0;display-name=Jean__;emote-sets=0,412472,300319631;mod=0;subscriber=0;user-type= :tmi.twitch.tv USERSTATE #jean__
8/16/2019 11:00:57 AM: jean__ - Received: @badge-info=;badges=moderator/1,partner/1;color=#7C7CE1;display-name=Nightbot;emotes=;flags=;id=4fd04ddc-bcf3-4296-ae1e-4681e88156b7;mod=1;room-id=38479494;subscriber=0;tmi-sent-ts=1565964056798;turbo=0;user-id=19264788;user-type=mod :nightbot!nightbot@nightbot.tmi.twitch.tv PRIVMSG #jean__ :Successfully added entry #75
8/16/2019 11:01:03 AM: jean__ - Received: @badge-info=;badges=broadcaster/1,bits-charity/1;color=#5F9EA0;display-name=Jean__;emote-sets=0,412472,300319631;mod=0;subscriber=0;user-type= :tmi.twitch.tv USERSTATE #jean__
8/16/2019 11:01:04 AM: jean__ - Received: @badge-info=;badges=moderator/1,partner/1;color=#7C7CE1;display-name=Nightbot;emotes=;flags=;id=44e18db9-805c-49b6-afa2-8f1f6e9ba955;mod=1;room-id=38479494;subscriber=0;tmi-sent-ts=1565964062966;turbo=0;user-id=19264788;user-type=mod :nightbot!nightbot@nightbot.tmi.twitch.tv PRIVMSG #jean__ :Successfully added entry #76
8/16/2019 11:01:09 AM: jean__ - Received: @badge-info=;badges=broadcaster/1,bits-charity/1;color=#5F9EA0;display-name=Jean__;emote-sets=0,412472,300319631;mod=0;subscriber=0;user-type= :tmi.twitch.tv USERSTATE #jean__
8/16/2019 11:01:10 AM: jean__ - Received: @badge-info=;badges=moderator/1,partner/1;color=#7C7CE1;display-name=Nightbot;emotes=;flags=;id=da9c818d-83cc-40d0-84b8-e1f29b5e5222;mod=1;room-id=38479494;subscriber=0;tmi-sent-ts=1565964068869;turbo=0;user-id=19264788;user-type=mod :nightbot!nightbot@nightbot.tmi.twitch.tv PRIVMSG #jean__ :Successfully added entry #77
8/16/2019 11:01:15 AM: jean__ - Received: @badge-info=;badges=broadcaster/1,bits-charity/1;color=#5F9EA0;display-name=Jean__;emote-sets=0,412472,300319631;mod=0;subscriber=0;user-type= :tmi.twitch.tv USERSTATE #jean__
8/16/2019 11:01:16 AM: jean__ - Received: @badge-info=;badges=moderator/1,partner/1;color=#7C7CE1;display-name=Nightbot;emotes=;flags=;id=5c6985a8-08c3-4a85-95f4-4cbabf8c5468;mod=1;room-id=38479494;subscriber=0;tmi-sent-ts=1565964074900;turbo=0;user-id=19264788;user-type=mod :nightbot!nightbot@nightbot.tmi.twitch.tv PRIVMSG #jean__ :Successfully added entry #78
8/16/2019 11:01:21 AM: jean__ - Received: @badge-info=;badges=broadcaster/1,bits-charity/1;color=#5F9EA0;display-name=Jean__;emote-sets=0,412472,300319631;mod=0;subscriber=0;user-type= :tmi.twitch.tv USERSTATE #jean__
8/16/2019 11:01:22 AM: jean__ - Received: @badge-info=;badges=moderator/1,partner/1;color=#7C7CE1;display-name=Nightbot;emotes=;flags=;id=bcaccca3-7751-4af1-8154-33b388fbb3de;mod=1;room-id=38479494;subscriber=0;tmi-sent-ts=1565964080916;turbo=0;user-id=19264788;user-type=mod :nightbot!nightbot@nightbot.tmi.twitch.tv PRIVMSG #jean__ :Successfully added entry #79
8/16/2019 11:01:27 AM: jean__ - Received: @badge-info=;badges=broadcaster/1,bits-charity/1;color=#5F9EA0;display-name=Jean__;emote-sets=0,412472,300319631;mod=0;subscriber=0;user-type= :tmi.twitch.tv USERSTATE #jean__
8/16/2019 11:01:28 AM: jean__ - Received: @badge-info=;badges=moderator/1,partner/1;color=#7C7CE1;display-name=Nightbot;emotes=;flags=;id=ea57c8ff-150f-48ec-8024-a22d1abc6789;mod=1;room-id=38479494;subscriber=0;tmi-sent-ts=1565964086810;turbo=0;user-id=19264788;user-type=mod :nightbot!nightbot@nightbot.tmi.twitch.tv PRIVMSG #jean__ :Successfully added entry #80
8/16/2019 11:01:33 AM: jean__ - Received: @badge-info=;badges=broadcaster/1,bits-charity/1;color=#5F9EA0;display-name=Jean__;emote-sets=0,412472,300319631;mod=0;subscriber=0;user-type= :tmi.twitch.tv USERSTATE #jean__
8/16/2019 11:01:34 AM: jean__ - Received: @badge-info=;badges=moderator/1,partner/1;color=#7C7CE1;display-name=Nightbot;emotes=;flags=;id=d37bfcb6-8fd5-4b68-818a-1c9bb186a214;mod=1;room-id=38479494;subscriber=0;tmi-sent-ts=1565964093063;turbo=0;user-id=19264788;user-type=mod :nightbot!nightbot@nightbot.tmi.twitch.tv PRIVMSG #jean__ :Successfully added entry #81
8/16/2019 11:01:39 AM: jean__ - Received: @badge-info=;badges=broadcaster/1,bits-charity/1;color=#5F9EA0;display-name=Jean__;emote-sets=0,412472,300319631;mod=0;subscriber=0;user-type= :tmi.twitch.tv USERSTATE #jean__
8/16/2019 11:01:40 AM: jean__ - Received: @badge-info=;badges=moderator/1,partner/1;color=#7C7CE1;display-name=Nightbot;emotes=;flags=;id=311224ae-4c71-4d33-b914-7d204e9f6760;mod=1;room-id=38479494;subscriber=0;tmi-sent-ts=1565964098871;turbo=0;user-id=19264788;user-type=mod :nightbot!nightbot@nightbot.tmi.twitch.tv PRIVMSG #jean__ :Successfully added entry #82
8/16/2019 11:01:45 AM: jean__ - Received: @badge-info=;badges=broadcaster/1,bits-charity/1;color=#5F9EA0;display-name=Jean__;emote-sets=0,412472,300319631;mod=0;subscriber=0;user-type= :tmi.twitch.tv USERSTATE #jean__
8/16/2019 11:01:46 AM: jean__ - Received: @badge-info=;badges=moderator/1,partner/1;color=#7C7CE1;display-name=Nightbot;emotes=;flags=;id=b35727b2-f064-419e-86a1-71e76d787571;mod=1;room-id=38479494;subscriber=0;tmi-sent-ts=1565964104872;turbo=0;user-id=19264788;user-type=mod :nightbot!nightbot@nightbot.tmi.twitch.tv PRIVMSG #jean__ :Successfully added entry #83
