8/11/2019 7:33:08 PM: jean__ - Connecting to: wss://irc-ws.chat.twitch.tv:443
8/11/2019 7:33:09 PM: jean__ - Should be connected!
8/11/2019 7:33:09 PM: jean__ - Joining channel: beringelamilgrau
8/11/2019 7:33:10 PM: jean__ - Received: :tmi.twitch.tv 001 jean__ :Welcome, GLHF!
8/11/2019 7:33:10 PM: jean__ - Received: :tmi.twitch.tv 002 jean__ :Your host is tmi.twitch.tv
8/11/2019 7:33:10 PM: jean__ - Received: :tmi.twitch.tv 003 jean__ :This server is rather new
8/11/2019 7:33:10 PM: jean__ - Received: :tmi.twitch.tv 004 jean__ :-
8/11/2019 7:33:10 PM: jean__ - Received: :tmi.twitch.tv 375 jean__ :-
8/11/2019 7:33:10 PM: jean__ - Received: :tmi.twitch.tv 372 jean__ :You are in a maze of twisty passages, all alike.
8/11/2019 7:33:10 PM: jean__ - Received: :tmi.twitch.tv 376 jean__ :>
8/11/2019 7:33:10 PM: jean__ - Received: :tmi.twitch.tv CAP * ACK :twitch.tv/membership
8/11/2019 7:33:10 PM: jean__ - Unaccounted for: :tmi.twitch.tv CAP * ACK :twitch.tv/membership
8/11/2019 7:33:10 PM: jean__ - Received: :tmi.twitch.tv CAP * ACK :twitch.tv/commands
8/11/2019 7:33:10 PM: jean__ - Unaccounted for: :tmi.twitch.tv CAP * ACK :twitch.tv/commands
8/11/2019 7:33:10 PM: jean__ - Received: :tmi.twitch.tv CAP * ACK :twitch.tv/tags
8/11/2019 7:33:10 PM: jean__ - Unaccounted for: :tmi.twitch.tv CAP * ACK :twitch.tv/tags
8/11/2019 7:33:10 PM: jean__ - Received: :jean__!jean__@jean__.tmi.twitch.tv JOIN #beringelamilgrau
8/11/2019 7:33:10 PM: jean__ - Received: :jean__.tmi.twitch.tv 353 jean__ = #beringelamilgrau :jean__
8/11/2019 7:33:10 PM: jean__ - Received: :jean__.tmi.twitch.tv 366 jean__ #beringelamilgrau :End of /NAMES list
8/11/2019 7:33:10 PM: jean__ - Finished channel joining queue.
8/11/2019 7:33:10 PM: jean__ - Received: @badge-info=subscriber/2;badges=vip/1,subscriber/0,bits-charity/1;color=#5F9EA0;display-name=Jean__;emote-sets=0,412472,300319631;mod=0;subscriber=1;user-type= :tmi.twitch.tv USERSTATE #beringelamilgrau
8/11/2019 7:33:10 PM: jean__ - Received: @emote-only=0;followers-only=-1;r9k=0;rituals=0;room-id=443063688;slow=0;subs-only=0 :tmi.twitch.tv ROOMSTATE #beringelamilgrau
8/11/2019 7:33:10 PM: jean__ - Finished channel joining queue.
8/11/2019 7:33:13 PM: jean__ - Received: @badge-info=subscriber/2;badges=vip/1,subscriber/0,bits-charity/1;color=#5F9EA0;display-name=Jean__;emotes=;flags=;id=d5fe1f4e-3b67-454f-a18b-268701a990c8;mod=0;room-id=443063688;subscriber=1;tmi-sent-ts=1565562792035;turbo=0;user-id=38479494;user-type= :jean__!jean__@jean__.tmi.twitch.tv PRIVMSG #beringelamilgrau :!version
8/11/2019 7:33:13 PM: jean__ - Received: @badge-info=subscriber/2;badges=vip/1,subscriber/0,bits-charity/1;color=#5F9EA0;display-name=Jean__;emote-sets=0,412472,300319631;mod=0;subscriber=1;user-type= :tmi.twitch.tv USERSTATE #beringelamilgrau
8/11/2019 7:33:13 PM: jean__ - Received: @badge-info=;badges=;color=;display-name=RobertoNogueira;emotes=;flags=0-10:S.6;id=258904eb-d432-4d7c-adf1-5c6c1bbd8e7e;mod=0;room-id=443063688;subscriber=0;tmi-sent-ts=1565562792586;turbo=0;user-id=37272586;user-type= :robertonogueira!robertonogueira@robertonogueira.tmi.twitch.tv PRIVMSG #beringelamilgrau :FeelsHentai
8/11/2019 7:33:16 PM: jean__ - Received: @badge-info=subscriber/2;badges=vip/1,subscriber/0,bits-charity/1;color=#5F9EA0;display-name=Jean__;emotes=;flags=;id=131d914f-b61d-439b-9805-ec988a3167d7;mod=0;room-id=443063688;subscriber=1;tmi-sent-ts=1565562795740;turbo=0;user-id=38479494;user-type= :jean__!jean__@jean__.tmi.twitch.tv PRIVMSG #beringelamilgrau :FeelsOkayMan
