8/23/2019 12:16:23 AM: bot_stay_high - Connecting to: wss://irc-ws.chat.twitch.tv:443
8/23/2019 12:16:24 AM: bot_stay_high - Should be connected!
8/23/2019 12:16:24 AM: bot_stay_high - Joining channel: beringelamilgrau
8/23/2019 12:16:25 AM: bot_stay_high - Received: :tmi.twitch.tv 001 bot_stay_high :Welcome, GLHF!
8/23/2019 12:16:25 AM: bot_stay_high - Received: :tmi.twitch.tv 002 bot_stay_high :Your host is tmi.twitch.tv
8/23/2019 12:16:25 AM: bot_stay_high - Received: :tmi.twitch.tv 003 bot_stay_high :This server is rather new
8/23/2019 12:16:25 AM: bot_stay_high - Received: :tmi.twitch.tv 004 bot_stay_high :-
8/23/2019 12:16:25 AM: bot_stay_high - Received: :tmi.twitch.tv 375 bot_stay_high :-
8/23/2019 12:16:25 AM: bot_stay_high - Received: :tmi.twitch.tv 372 bot_stay_high :You are in a maze of twisty passages, all alike.
8/23/2019 12:16:25 AM: bot_stay_high - Received: :tmi.twitch.tv 376 bot_stay_high :>
8/23/2019 12:16:25 AM: bot_stay_high - Received: :tmi.twitch.tv CAP * ACK :twitch.tv/membership
8/23/2019 12:16:25 AM: bot_stay_high - Unaccounted for: :tmi.twitch.tv CAP * ACK :twitch.tv/membership
8/23/2019 12:16:25 AM: bot_stay_high - Received: :tmi.twitch.tv CAP * ACK :twitch.tv/commands
8/23/2019 12:16:25 AM: bot_stay_high - Unaccounted for: :tmi.twitch.tv CAP * ACK :twitch.tv/commands
8/23/2019 12:16:25 AM: bot_stay_high - Received: :tmi.twitch.tv CAP * ACK :twitch.tv/tags
8/23/2019 12:16:25 AM: bot_stay_high - Unaccounted for: :tmi.twitch.tv CAP * ACK :twitch.tv/tags
8/23/2019 12:16:25 AM: bot_stay_high - Received: :bot_stay_high!bot_stay_high@bot_stay_high.tmi.twitch.tv JOIN #beringelamilgrau
8/23/2019 12:16:25 AM: bot_stay_high - Received: :bot_stay_high.tmi.twitch.tv 353 bot_stay_high = #beringelamilgrau :bot_stay_high
8/23/2019 12:16:25 AM: bot_stay_high - Received: :bot_stay_high.tmi.twitch.tv 366 bot_stay_high #beringelamilgrau :End of /NAMES list
8/23/2019 12:16:25 AM: bot_stay_high - Finished channel joining queue.
8/23/2019 12:16:25 AM: bot_stay_high - Received: @badge-info=;badges=;color=;display-name=bot_stay_high;emote-sets=0;mod=0;subscriber=0;user-type= :tmi.twitch.tv USERSTATE #beringelamilgrau
8/23/2019 12:16:25 AM: bot_stay_high - Received: @emote-only=0;followers-only=-1;r9k=0;rituals=0;room-id=443063688;slow=0;subs-only=0 :tmi.twitch.tv ROOMSTATE #beringelamilgrau
8/23/2019 12:16:25 AM: bot_stay_high - Finished channel joining queue.
8/23/2019 12:16:26 AM: bot_stay_high - Received: @badge-info=;badges=;color=;display-name=bot_stay_high;emote-sets=0;mod=0;subscriber=0;user-type= :tmi.twitch.tv USERSTATE #beringelamilgrau
8/23/2019 12:16:36 AM: bot_stay_high - Received: @badge-info=subscriber/2;badges=vip/1,subscriber/0,bits-charity/1;color=#5F9EA0;display-name=Jean__;emotes=;flags=7-12:S.6;id=27210574-d0af-4fc0-9c80-46ad60918851;mod=0;room-id=443063688;subscriber=1;tmi-sent-ts=1566530195818;turbo=0;user-id=38479494;user-type= :jean__!jean__@jean__.tmi.twitch.tv PRIVMSG #beringelamilgrau :!price hentai puzzle
8/23/2019 12:16:37 AM: bot_stay_high - Received: @badge-info=;badges=;color=;display-name=bot_stay_high;emote-sets=0;mod=0;subscriber=0;user-type= :tmi.twitch.tv USERSTATE #beringelamilgrau
8/23/2019 12:16:40 AM: bot_stay_high - Received: @badge-info=subscriber/2;badges=broadcaster/1,subscriber/0;color=#8A2BE2;display-name=BeringelaMilGrau;emotes=;flags=;id=40fea46b-7498-40a9-ad2c-64209915a8e9;mod=0;room-id=443063688;subscriber=1;tmi-sent-ts=1566530200308;turbo=0;user-id=443063688;user-type= :beringelamilgrau!beringelamilgrau@beringelamilgrau.tmi.twitch.tv PRIVMSG #beringelamilgrau :ConcernFroge
8/23/2019 12:16:41 AM: bot_stay_high - Received: @badge-info=subscriber/2;badges=vip/1,subscriber/0,bits-charity/1;color=#5F9EA0;display-name=Jean__;emotes=;flags=;id=c4df9656-c5f0-4a74-9c9c-3b4431b15f1a;mod=0;room-id=443063688;subscriber=1;tmi-sent-ts=1566530200948;turbo=0;user-id=38479494;user-type= :jean__!jean__@jean__.tmi.twitch.tv PRIVMSG #beringelamilgrau :monkaHmm
8/23/2019 12:16:44 AM: bot_stay_high - Received: @badge-info=;badges=premium/1;color=#3AC6D0;display-name=Gabrigode;emotes=;flags=;id=c767bfad-f231-4c3c-ad4d-0239ac95c4da;mod=0;room-id=443063688;subscriber=0;tmi-sent-ts=1566530204108;turbo=0;user-id=125402779;user-type= :gabrigode!gabrigode@gabrigode.tmi.twitch.tv PRIVMSG #beringelamilgrau :Jean monkaS
