2019-07-08 6:16:50 PM: bot_stay_high - Connecting to: wss://irc-ws.chat.twitch.tv:443
2019-07-08 6:16:51 PM: bot_stay_high - Should be connected!
2019-07-08 6:16:51 PM: bot_stay_high - Joining channel: beringelamilgrau
2019-07-08 6:16:52 PM: bot_stay_high - Received: :tmi.twitch.tv 001 bot_stay_high :Welcome, GLHF!
2019-07-08 6:16:52 PM: bot_stay_high - Received: :tmi.twitch.tv 002 bot_stay_high :Your host is tmi.twitch.tv
2019-07-08 6:16:52 PM: bot_stay_high - Received: :tmi.twitch.tv 003 bot_stay_high :This server is rather new
2019-07-08 6:16:52 PM: bot_stay_high - Received: :tmi.twitch.tv 004 bot_stay_high :-
2019-07-08 6:16:52 PM: bot_stay_high - Received: :tmi.twitch.tv 375 bot_stay_high :-
2019-07-08 6:16:52 PM: bot_stay_high - Received: :tmi.twitch.tv 372 bot_stay_high :You are in a maze of twisty passages, all alike.
2019-07-08 6:16:52 PM: bot_stay_high - Received: :tmi.twitch.tv 376 bot_stay_high :>
2019-07-08 6:16:52 PM: bot_stay_high - Received: :tmi.twitch.tv CAP * ACK :twitch.tv/membership
2019-07-08 6:16:52 PM: bot_stay_high - Unaccounted for: :tmi.twitch.tv CAP * ACK :twitch.tv/membership
2019-07-08 6:16:52 PM: bot_stay_high - Received: :tmi.twitch.tv CAP * ACK :twitch.tv/commands
2019-07-08 6:16:52 PM: bot_stay_high - Unaccounted for: :tmi.twitch.tv CAP * ACK :twitch.tv/commands
2019-07-08 6:16:52 PM: bot_stay_high - Received: :tmi.twitch.tv CAP * ACK :twitch.tv/tags
2019-07-08 6:16:52 PM: bot_stay_high - Unaccounted for: :tmi.twitch.tv CAP * ACK :twitch.tv/tags
2019-07-08 6:16:52 PM: bot_stay_high - Received: :bot_stay_high!bot_stay_high@bot_stay_high.tmi.twitch.tv JOIN #beringelamilgrau
2019-07-08 6:16:52 PM: bot_stay_high - Received: :bot_stay_high.tmi.twitch.tv 353 bot_stay_high = #beringelamilgrau :bot_stay_high
2019-07-08 6:16:52 PM: bot_stay_high - Received: :bot_stay_high.tmi.twitch.tv 366 bot_stay_high #beringelamilgrau :End of /NAMES list
2019-07-08 6:16:52 PM: bot_stay_high - Finished channel joining queue.
2019-07-08 6:16:52 PM: bot_stay_high - Received: @badge-info=;badges=;color=;display-name=bot_stay_high;emote-sets=0;mod=0;subscriber=0;user-type= :tmi.twitch.tv USERSTATE #beringelamilgrau
2019-07-08 6:16:52 PM: bot_stay_high - Received: @emote-only=0;followers-only=-1;r9k=0;rituals=0;room-id=443063688;slow=0;subs-only=0 :tmi.twitch.tv ROOMSTATE #beringelamilgrau
2019-07-08 6:16:52 PM: bot_stay_high - Finished channel joining queue.
2019-07-08 6:16:53 PM: bot_stay_high - Received: @badge-info=;badges=;color=;display-name=bot_stay_high;emote-sets=0;mod=0;subscriber=0;user-type= :tmi.twitch.tv USERSTATE #beringelamilgrau
2019-07-08 6:16:57 PM: bot_stay_high - Received: @badge-info=;badges=moderator/1,overwatch-league-insider_2019A/1;color=#FF0000;display-name=themalkavianx;emotes=;flags=;id=a70baf80-29ce-4cf0-b10b-7197b9c92153;mod=1;room-id=443063688;subscriber=0;tmi-sent-ts=1562620617476;turbo=0;user-id=5650408;user-type=mod :themalkavianx!themalkavianx@themalkavianx.tmi.twitch.tv PRIVMSG #beringelamilgrau :"OXE TU FEIZ?" - Tedderson, Super - 2019
2019-07-08 6:17:05 PM: bot_stay_high - Received: @badge-info=;badges=;color=#FF69B4;display-name=rbruno018;emotes=;flags=;id=f8b4b5e2-fbf4-4076-b286-2ccb02ae66ec;mod=0;room-id=443063688;subscriber=0;tmi-sent-ts=1562620625249;turbo=0;user-id=216448313;user-type= :rbruno018!rbruno018@rbruno018.tmi.twitch.tv PRIVMSG #beringelamilgrau :D:
2019-07-08 6:17:23 PM: bot_stay_high - Received: @badge-info=;badges=;color=#FF69B4;display-name=rbruno018;emotes=;flags=;id=5e94d2cc-b97f-4386-a51e-d179247b6805;mod=0;room-id=443063688;subscriber=0;tmi-sent-ts=1562620642959;turbo=0;user-id=216448313;user-type= :rbruno018!rbruno018@rbruno018.tmi.twitch.tv PRIVMSG #beringelamilgrau :da mod pro lurke
2019-07-08 6:17:34 PM: bot_stay_high - Received: :montee_waffle!montee_waffle@montee_waffle.tmi.twitch.tv JOIN #beringelamilgrau
2019-07-08 6:17:34 PM: bot_stay_high - Received: :lurxx!lurxx@lurxx.tmi.twitch.tv JOIN #beringelamilgrau
2019-07-08 6:17:34 PM: bot_stay_high - Received: :cachebear!cachebear@cachebear.tmi.twitch.tv JOIN #beringelamilgrau
2019-07-08 6:17:34 PM: bot_stay_high - Received: :teyyd!teyyd@teyyd.tmi.twitch.tv JOIN #beringelamilgrau
2019-07-08 6:17:34 PM: bot_stay_high - Received: :themalkavianx!themalkavianx@themalkavianx.tmi.twitch.tv JOIN #beringelamilgrau
2019-07-08 6:17:34 PM: bot_stay_high - Received: :anotherttvviewer!anotherttvviewer@anotherttvviewer.tmi.twitch.tv JOIN #beringelamilgrau
2019-07-08 6:17:34 PM: bot_stay_high - Received: :angeloflight!angeloflight@angeloflight.tmi.twitch.tv JOIN #beringelamilgrau
2019-07-08 6:17:34 PM: bot_stay_high - Received: :jean__!jean__@jean__.tmi.twitch.tv JOIN #beringelamilgrau
2019-07-08 6:17:34 PM: bot_stay_high - Received: :maria_renata!maria_renata@maria_renata.tmi.twitch.tv JOIN #beringelamilgrau
2019-07-08 6:17:34 PM: bot_stay_high - Received: :commanderroot!commanderroot@commanderroot.tmi.twitch.tv JOIN #beringelamilgrau
2019-07-08 6:17:34 PM: bot_stay_high - Received: :zanekyber!zanekyber@zanekyber.tmi.twitch.tv JOIN #beringelamilgrau
2019-07-08 6:17:34 PM: bot_stay_high - Received: :electricallongboard!electricallongboard@electricallongboard.tmi.twitch.tv JOIN #beringelamilgrau
2019-07-08 6:17:34 PM: bot_stay_high - Received: :energyzbot!energyzbot@energyzbot.tmi.twitch.tv JOIN #beringelamilgrau
2019-07-08 6:17:34 PM: bot_stay_high - Received: :nightbot!nightbot@nightbot.tmi.twitch.tv JOIN #beringelamilgrau
2019-07-08 6:17:34 PM: bot_stay_high - Received: :rbruno018!rbruno018@rbruno018.tmi.twitch.tv JOIN #beringelamilgrau
2019-07-08 6:17:34 PM: bot_stay_high - Received: :5uperted!5uperted@5uperted.tmi.twitch.tv JOIN #beringelamilgrau
2019-07-08 6:17:34 PM: bot_stay_high - Received: :michelle_rezende!michelle_rezende@michelle_rezende.tmi.twitch.tv JOIN #beringelamilgrau
2019-07-08 6:17:34 PM: bot_stay_high - Received: :brun0hl!brun0hl@brun0hl.tmi.twitch.tv JOIN #beringelamilgrau
2019-07-08 6:17:34 PM: bot_stay_high - Received: :tonyxzero!tonyxzero@tonyxzero.tmi.twitch.tv JOIN #beringelamilgrau
2019-07-08 6:17:34 PM: bot_stay_high - Received: :beringelamilgrau!beringelamilgrau@beringelamilgrau.tmi.twitch.tv JOIN #beringelamilgrau
2019-07-08 6:17:34 PM: bot_stay_high - Received: :s1faka!s1faka@s1faka.tmi.twitch.tv JOIN #beringelamilgrau
2019-07-08 6:17:34 PM: bot_stay_high - Received: :p0lizei_!p0lizei_@p0lizei_.tmi.twitch.tv JOIN #beringelamilgrau
2019-07-08 6:17:51 PM: bot_stay_high - Received: @badge-info=;badges=;color=;display-name=bot_stay_high;emote-sets=0;mod=0;subscriber=0;user-type= :tmi.twitch.tv USERSTATE #beringelamilgrau
2019-07-08 6:18:18 PM: bot_stay_high - Received: @badge-info=;badges=;color=#FF69B4;display-name=rbruno018;emotes=;flags=;id=2090b6f0-ee43-4623-bad4-db65be35cdf8;mod=0;room-id=443063688;subscriber=0;tmi-sent-ts=1562620698229;turbo=0;user-id=216448313;user-type= :rbruno018!rbruno018@rbruno018.tmi.twitch.tv PRIVMSG #beringelamilgrau :peepoSmoke
2019-07-08 6:18:34 PM: bot_stay_high - Received: @badge-info=;badges=moderator/1;color=#008000;display-name=TONYXZERO;emotes=;flags=;id=46c10b67-133b-4bf6-b4c7-99c4ff5d27c0;mod=1;room-id=443063688;subscriber=0;tmi-sent-ts=1562620714497;turbo=0;user-id=38731171;user-type=mod :tonyxzero!tonyxzero@tonyxzero.tmi.twitch.tv PRIVMSG #beringelamilgrau :peepoSmoke
2019-07-08 6:19:15 PM: bot_stay_high - Received: @badge-info=;badges=moderator/1,overwatch-league-insider_2019A/1;color=#FF0000;display-name=themalkavianx;emotes=;flags=;id=cded6feb-9433-4cc2-8c39-4916e71a6d45;mod=1;room-id=443063688;subscriber=0;tmi-sent-ts=1562620754711;turbo=0;user-id=5650408;user-type=mod :themalkavianx!themalkavianx@themalkavianx.tmi.twitch.tv PRIVMSG #beringelamilgrau :EU E VOSSE
2019-07-08 6:20:33 PM: bot_stay_high - Received: @badge-info=;badges=moderator/1,overwatch-league-insider_2019A/1;color=#FF0000;display-name=themalkavianx;emotes=;flags=;id=b23d8aaa-63ab-4651-a850-c15e8547d884;mod=1;room-id=443063688;subscriber=0;tmi-sent-ts=1562620832634;turbo=0;user-id=5650408;user-type=mod :themalkavianx!themalkavianx@themalkavianx.tmi.twitch.tv PRIVMSG #beringelamilgrau :peepoLegs No v?aao das coisas que a gente disse
2019-07-08 6:20:40 PM: bot_stay_high - Received: :montee_waffle!montee_waffle@montee_waffle.tmi.twitch.tv PART #beringelamilgrau
2019-07-08 6:20:59 PM: bot_stay_high - Received: @badge-info=;badges=moderator/1,overwatch-league-insider_2019A/1;color=#FF0000;display-name=themalkavianx;emotes=;flags=;id=5e18d2a1-3339-43f6-a28c-5f18fef27d99;mod=1;room-id=443063688;subscriber=0;tmi-sent-ts=1562620859222;turbo=0;user-id=5650408;user-type=mod :themalkavianx!themalkavianx@themalkavianx.tmi.twitch.tv PRIVMSG #beringelamilgrau :E CADA VEZ QUE EU FUJO ME APROXIMO MAAAISS EEEE peepoRun peepoEggplant
2019-07-08 6:21:30 PM: bot_stay_high - Received: PING :tmi.twitch.tv
2019-07-08 6:21:30 PM: bot_stay_high - Writing: PONG
2019-07-08 6:21:40 PM: bot_stay_high - Received: :montee_waffle!montee_waffle@montee_waffle.tmi.twitch.tv JOIN #beringelamilgrau
2019-07-08 6:21:40 PM: bot_stay_high - Received: :s1faka!s1faka@s1faka.tmi.twitch.tv PART #beringelamilgrau
2019-07-08 6:22:04 PM: bot_stay_high - Received: @badge-info=;badges=moderator/1,overwatch-league-insider_2019A/1;color=#FF0000;display-name=themalkavianx;emotes=;flags=;id=101fc609-8ca0-492e-9a8c-921a778ce737;mod=1;room-id=443063688;subscriber=0;tmi-sent-ts=1562620923552;turbo=0;user-id=5650408;user-type=mod :themalkavianx!themalkavianx@themalkavianx.tmi.twitch.tv PRIVMSG #beringelamilgrau :Voc? conhece peepoSmart o meu sorriso PepeLaugh L? o meu olhar Pepega
2019-07-08 6:22:28 PM: bot_stay_high - Received: @badge-info=;badges=moderator/1,overwatch-league-insider_2019A/1;color=#FF0000;display-name=themalkavianx;emotes=;flags=;id=0328b322-f038-4b04-8583-c033e1e7c135;mod=1;room-id=443063688;subscriber=0;tmi-sent-ts=1562620948487;turbo=0;user-id=5650408;user-type=mod :themalkavianx!themalkavianx@themalkavianx.tmi.twitch.tv PRIVMSG #beringelamilgrau :monkaT SE EU TENTO ESCONDER MEIAS VERDADES peepoPants
2019-07-08 6:22:31 PM: bot_stay_high - Received: @badge-info=;badges=;color=#FF69B4;display-name=rbruno018;emotes=;flags=;id=c9ef7a69-2cd8-4790-8f4e-b471470b5d85;mod=0;room-id=443063688;subscriber=0;tmi-sent-ts=1562620950929;turbo=0;user-id=216448313;user-type= :rbruno018!rbruno018@rbruno018.tmi.twitch.tv PRIVMSG #beringelamilgrau :peepoSleepo
2019-07-08 6:22:38 PM: bot_stay_high - Received: @badge-info=;badges=moderator/1;color=#008000;display-name=TONYXZERO;emotes=;flags=;id=cf706710-0cf2-4b4f-9ac3-10b73f60e384;mod=1;room-id=443063688;subscriber=0;tmi-sent-ts=1562620957746;turbo=0;user-id=38731171;user-type=mod :tonyxzero!tonyxzero@tonyxzero.tmi.twitch.tv PRIVMSG #beringelamilgrau :peepoSleepo
2019-07-08 6:22:38 PM: bot_stay_high - Received: @badge-info=;badges=;color=#FF69B4;display-name=rbruno018;emotes=;flags=;id=cabe3bd2-df55-4526-864b-e16fd04c1f4a;mod=0;room-id=443063688;subscriber=0;tmi-sent-ts=1562620957890;turbo=0;user-id=216448313;user-type= :rbruno018!rbruno018@rbruno018.tmi.twitch.tv PRIVMSG #beringelamilgrau :EEEEEEEEEEE ?EEEEEEEEEEEE
2019-07-08 6:22:38 PM: bot_stay_high - Received: @badge-info=;badges=moderator/1,overwatch-league-insider_2019A/1;color=#FF0000;display-name=themalkavianx;emotes=;flags=;id=a012e575-dff4-466e-8615-22010de218c8;mod=1;room-id=443063688;subscriber=0;tmi-sent-ts=1562620957947;turbo=0;user-id=5650408;user-type=mod :themalkavianx!themalkavianx@themalkavianx.tmi.twitch.tv PRIVMSG #beringelamilgrau :E CADA VEZ QUE EU FUJO ME APROXIMO MAAAISS EEEE peepoRun peepoEggplant
2019-07-08 6:23:23 PM: bot_stay_high - Received: @badge-info=;badges=;color=#FF69B4;display-name=rbruno018;emotes=;flags=;id=73684f7f-c2ac-433a-977f-e80c27bea5bb;mod=0;room-id=443063688;subscriber=0;tmi-sent-ts=1562621003135;turbo=0;user-id=216448313;user-type= :rbruno018!rbruno018@rbruno018.tmi.twitch.tv PRIVMSG #beringelamilgrau :pepeJam
2019-07-08 6:23:58 PM: bot_stay_high - Received: @badge-info=;badges=moderator/1,overwatch-league-insider_2019A/1;color=#FF0000;display-name=themalkavianx;emotes=;flags=;id=5ae80a9f-85cd-4cd3-8806-d1105676ac81;mod=1;room-id=443063688;subscriber=0;tmi-sent-ts=1562621038049;turbo=0;user-id=5650408;user-type=mod :themalkavianx!themalkavianx@themalkavianx.tmi.twitch.tv PRIVMSG #beringelamilgrau :VAI TER QUOTA JEST?
2019-07-08 6:24:14 PM: bot_stay_high - Received: @badge-info=;badges=;color=#FF69B4;display-name=rbruno018;emotes=;flags=;id=0529688d-b058-42cf-9923-dbac531f1369;mod=0;room-id=443063688;subscriber=0;tmi-sent-ts=1562621054240;turbo=0;user-id=216448313;user-type= :rbruno018!rbruno018@rbruno018.tmi.twitch.tv PRIVMSG #beringelamilgrau :chei the sau
2019-07-08 6:25:23 PM: bot_stay_high - Received: @badge-info=;badges=moderator/1,overwatch-league-insider_2019A/1;color=#FF0000;display-name=themalkavianx;emotes=;flags=;id=dde93ea5-b557-468e-beba-6ab03e85b981;mod=1;room-id=443063688;subscriber=0;tmi-sent-ts=1562621122939;turbo=0;user-id=5650408;user-type=mod :themalkavianx!themalkavianx@themalkavianx.tmi.twitch.tv PRIVMSG #beringelamilgrau :Cuiquini Bavad?o
2019-07-08 6:25:41 PM: bot_stay_high - Received: @badge-info=;badges=moderator/1,overwatch-league-insider_2019A/1;color=#FF0000;display-name=themalkavianx;emotes=;flags=;id=66f019a5-62c5-4bd2-8225-5e2868ec571b;mod=1;room-id=443063688;subscriber=0;tmi-sent-ts=1562621141198;turbo=0;user-id=5650408;user-type=mod :themalkavianx!themalkavianx@themalkavianx.tmi.twitch.tv PRIVMSG #beringelamilgrau :Tarci Siomeira
2019-07-08 6:25:48 PM: bot_stay_high - Received: @badge-info=;badges=moderator/1;color=#008000;display-name=TONYXZERO;emotes=;flags=;id=1c97d0c2-f39c-4074-b607-014235b64821;mod=1;room-id=443063688;subscriber=0;tmi-sent-ts=1562621148383;turbo=0;user-id=38731171;user-type=mod :tonyxzero!tonyxzero@tonyxzero.tmi.twitch.tv PRIVMSG #beringelamilgrau :!monte
2019-07-08 6:25:53 PM: bot_stay_high - Received: @badge-info=;badges=moderator/1;color=#008000;display-name=TONYXZERO;emotes=;flags=;id=b3f972ea-e0fc-4c94-9146-839444ab9be4;mod=1;room-id=443063688;subscriber=0;tmi-sent-ts=1562621152968;turbo=0;user-id=38731171;user-type=mod :tonyxzero!tonyxzero@tonyxzero.tmi.twitch.tv PRIVMSG #beringelamilgrau :!montee
2019-07-08 6:25:53 PM: bot_stay_high - Received: @badge-info=;badges=moderator/1,partner/1;color=#7C7CE1;display-name=Nightbot;emotes=;flags=;id=4a247149-e5a8-44ed-be53-de2f357878ba;mod=1;room-id=443063688;subscriber=0;tmi-sent-ts=1562621153226;turbo=0;user-id=19264788;user-type=mod :nightbot!nightbot@nightbot.tmi.twitch.tv PRIVMSG #beringelamilgrau :Ta na hr da bufa! Pela 7 ? vez peepoSmoke
2019-07-08 6:25:57 PM: bot_stay_high - Received: :s1faka!s1faka@s1faka.tmi.twitch.tv JOIN #beringelamilgrau
2019-07-08 6:25:57 PM: bot_stay_high - Received: :brun0hl!brun0hl@brun0hl.tmi.twitch.tv PART #beringelamilgrau
2019-07-08 6:25:59 PM: bot_stay_high - Received: PING :tmi.twitch.tv
2019-07-08 6:25:59 PM: bot_stay_high - Writing: PONG
2019-07-08 6:26:10 PM: bot_stay_high - Received: @badge-info=;badges=moderator/1,overwatch-league-insider_2019A/1;color=#FF0000;display-name=themalkavianx;emotes=;flags=;id=11db7707-9454-455e-b04b-ba043093e8f8;mod=1;room-id=443063688;subscriber=0;tmi-sent-ts=1562621169753;turbo=0;user-id=5650408;user-type=mod :themalkavianx!themalkavianx@themalkavianx.tmi.twitch.tv PRIVMSG #beringelamilgrau :peepoSmoke
2019-07-08 6:29:13 PM: bot_stay_high - Received: :hostmeraffle!hostmeraffle@hostmeraffle.tmi.twitch.tv JOIN #beringelamilgrau
2019-07-08 6:29:13 PM: bot_stay_high - Received: :5uperted!5uperted@5uperted.tmi.twitch.tv PART #beringelamilgrau
2019-07-08 6:29:36 PM: bot_stay_high - Received: @badge-info=;badges=;color=#FF69B4;display-name=rbruno018;emotes=;flags=;id=ce3624e6-b497-4d86-bc02-f0dc29c3f877;mod=0;room-id=443063688;subscriber=0;tmi-sent-ts=1562621376386;turbo=0;user-id=216448313;user-type= :rbruno018!rbruno018@rbruno018.tmi.twitch.tv PRIVMSG #beringelamilgrau :peepoSmoke
2019-07-08 6:30:02 PM: bot_stay_high - Received: @badge-info=;badges=;color=#FF69B4;display-name=rbruno018;emotes=;flags=;id=7884a23c-c48a-4830-befc-1385dd82bc25;mod=0;room-id=443063688;subscriber=0;tmi-sent-ts=1562621402268;turbo=0;user-id=216448313;user-type= :rbruno018!rbruno018@rbruno018.tmi.twitch.tv PRIVMSG #beringelamilgrau :the quem
2019-07-08 6:30:22 PM: bot_stay_high - Received: @badge-info=;badges=moderator/1;color=#38CC8F;display-name=Montee_Waffle;emotes=;flags=;id=f29f8e97-b97f-488b-b89d-f87520abbd83;mod=1;room-id=443063688;subscriber=0;tmi-sent-ts=1562621422369;turbo=0;user-id=148551409;user-type=mod :montee_waffle!montee_waffle@montee_waffle.tmi.twitch.tv PRIVMSG #beringelamilgrau :the prul
2019-07-08 6:30:24 PM: bot_stay_high - Received: @badge-info=;badges=moderator/1;color=#38CC8F;display-name=Montee_Waffle;emotes=;flags=;id=c9eb1c7f-b9e2-4509-8c0f-469049d607a9;mod=1;room-id=443063688;subscriber=0;tmi-sent-ts=1562621424421;turbo=0;user-id=148551409;user-type=mod :montee_waffle!montee_waffle@montee_waffle.tmi.twitch.tv PRIVMSG #beringelamilgrau :the pruld
2019-07-08 6:30:32 PM: bot_stay_high - Received: @badge-info=;badges=;color=#FF69B4;display-name=rbruno018;emotes=;flags=;id=840d8add-aa71-4844-88ed-9f963aac7bd7;mod=0;room-id=443063688;subscriber=0;tmi-sent-ts=1562621431910;turbo=0;user-id=216448313;user-type= :rbruno018!rbruno018@rbruno018.tmi.twitch.tv PRIVMSG #beringelamilgrau :ae verdade
2019-07-08 6:30:40 PM: bot_stay_high - Received: PING :tmi.twitch.tv
2019-07-08 6:30:40 PM: bot_stay_high - Writing: PONG
2019-07-08 6:31:18 PM: bot_stay_high - Received: :5uperted!5uperted@5uperted.tmi.twitch.tv JOIN #beringelamilgrau
2019-07-08 6:32:01 PM: bot_stay_high - Received: @badge-info=;badges=;color=#FF69B4;display-name=rbruno018;emotes=;flags=;id=df8a9848-2bb8-4054-a998-9779ac3134ae;mod=0;room-id=443063688;subscriber=0;tmi-sent-ts=1562621520652;turbo=0;user-id=216448313;user-type= :rbruno018!rbruno018@rbruno018.tmi.twitch.tv PRIVMSG #beringelamilgrau :D:
2019-07-08 6:32:34 PM: bot_stay_high - Received: @badge-info=;badges=;color=#FF69B4;display-name=rbruno018;emotes=;flags=;id=3db3ba1d-ee42-4f19-98c2-a2bd10d43859;mod=0;room-id=443063688;subscriber=0;tmi-sent-ts=1562621554029;turbo=0;user-id=216448313;user-type= :rbruno018!rbruno018@rbruno018.tmi.twitch.tv PRIVMSG #beringelamilgrau :nao tinha medo tal joao de santo cristo era oq todos diziam quando ele se perdeu
2019-07-08 6:33:04 PM: bot_stay_high - Received: @badge-info=;badges=moderator/1;color=#38CC8F;display-name=Montee_Waffle;emotes=;flags=;id=e87e1fd1-41ba-49d8-83e5-cce7a3700307;mod=1;room-id=443063688;subscriber=0;tmi-sent-ts=1562621584504;turbo=0;user-id=148551409;user-type=mod :montee_waffle!montee_waffle@montee_waffle.tmi.twitch.tv PRIVMSG #beringelamilgrau :!title dark souls com os amigos no discord (parte 3)
2019-07-08 6:33:05 PM: bot_stay_high - Received: @badge-info=;badges=moderator/1,partner/1;color=#7C7CE1;display-name=Nightbot;emotes=;flags=;id=176b483e-b48d-4252-8400-e5f8e2b48b95;mod=1;room-id=443063688;subscriber=0;tmi-sent-ts=1562621584933;turbo=0;user-id=19264788;user-type=mod :nightbot!nightbot@nightbot.tmi.twitch.tv PRIVMSG #beringelamilgrau :@Montee_Waffle -> The stream title has been updated to: dark souls com os amigos no discord (parte 3)
2019-07-08 6:33:07 PM: bot_stay_high - Received: @badge-info=;badges=moderator/1;color=#38CC8F;display-name=Montee_Waffle;emotes=;flags=;id=6b15633d-3e07-4004-8646-db61b296f5c3;mod=1;room-id=443063688;subscriber=0;tmi-sent-ts=1562621586955;turbo=0;user-id=148551409;user-type=mod :montee_waffle!montee_waffle@montee_waffle.tmi.twitch.tv PRIVMSG #beringelamilgrau :!game dark souls 3
2019-07-08 6:33:07 PM: bot_stay_high - Received: @badge-info=;badges=moderator/1,partner/1;color=#7C7CE1;display-name=Nightbot;emotes=;flags=;id=9f1b4046-ec49-4805-b653-201b23c6bf8d;mod=1;room-id=443063688;subscriber=0;tmi-sent-ts=1562621587296;turbo=0;user-id=19264788;user-type=mod :nightbot!nightbot@nightbot.tmi.twitch.tv PRIVMSG #beringelamilgrau :@Montee_Waffle -> The stream game has been updated to: dark souls 3
2019-07-08 6:33:14 PM: bot_stay_high - Received: @badge-info=;badges=moderator/1;color=#38CC8F;display-name=Montee_Waffle;emotes=;flags=;id=43c07bdd-4202-45ed-8984-970cd40a6d86;mod=1;room-id=443063688;subscriber=0;tmi-sent-ts=1562621594385;turbo=0;user-id=148551409;user-type=mod :montee_waffle!montee_waffle@montee_waffle.tmi.twitch.tv PRIVMSG #beringelamilgrau :!title dark souls 3 com os amigos no discord (parte 3)
2019-07-08 6:33:15 PM: bot_stay_high - Received: @badge-info=;badges=moderator/1,partner/1;color=#7C7CE1;display-name=Nightbot;emotes=;flags=;id=b7c864b7-2e0c-463a-9adf-e03ad8047630;mod=1;room-id=443063688;subscriber=0;tmi-sent-ts=1562621594803;turbo=0;user-id=19264788;user-type=mod :nightbot!nightbot@nightbot.tmi.twitch.tv PRIVMSG #beringelamilgrau :@Montee_Waffle -> The stream title has been updated to: dark souls 3 com os amigos no discord (parte 3)
2019-07-08 6:33:26 PM: bot_stay_high - Received: @badge-info=;badges=moderator/1,overwatch-league-insider_2019A/1;color=#FF0000;display-name=themalkavianx;emotes=;flags=;id=5db52515-bef6-4729-bdd4-3d62eb38202c;mod=1;room-id=443063688;subscriber=0;tmi-sent-ts=1562621606433;turbo=0;user-id=5650408;user-type=mod :themalkavianx!themalkavianx@themalkavianx.tmi.twitch.tv PRIVMSG #beringelamilgrau :CAIU?
2019-07-08 6:33:30 PM: bot_stay_high - Received: @badge-info=;badges=moderator/1,overwatch-league-insider_2019A/1;color=#FF0000;display-name=themalkavianx;emotes=;flags=;id=efa38f46-d2f0-4cc2-b0e3-d193247b4f12;mod=1;room-id=443063688;subscriber=0;tmi-sent-ts=1562621609829;turbo=0;user-id=5650408;user-type=mod :themalkavianx!themalkavianx@themalkavianx.tmi.twitch.tv PRIVMSG #beringelamilgrau :Brinks
2019-07-08 6:33:32 PM: bot_stay_high - Received: @badge-info=;badges=;color=#FF69B4;display-name=rbruno018;emotes=;flags=;id=3fb98572-3604-42e8-a29c-458bd5eef093;mod=0;room-id=443063688;subscriber=0;tmi-sent-ts=1562621611674;turbo=0;user-id=216448313;user-type= :rbruno018!rbruno018@rbruno018.tmi.twitch.tv PRIVMSG #beringelamilgrau :voltou
2019-07-08 6:33:33 PM: bot_stay_high - Received: @badge-info=;badges=moderator/1;color=#38CC8F;display-name=Montee_Waffle;emotes=;flags=;id=bdef040c-b645-420b-9cc4-709f944eb95f;mod=1;room-id=443063688;subscriber=0;tmi-sent-ts=1562621613315;turbo=0;user-id=148551409;user-type=mod :montee_waffle!montee_waffle@montee_waffle.tmi.twitch.tv PRIVMSG #beringelamilgrau :voltou
2019-07-08 6:33:45 PM: bot_stay_high - Received: @badge-info=;badges=moderator/1;color=#38CC8F;display-name=Montee_Waffle;emotes=;flags=;id=93a9f8ae-e8ed-466f-816e-d81cf66c9323;mod=1;room-id=443063688;subscriber=0;tmi-sent-ts=1562621624703;turbo=0;user-id=148551409;user-type=mod :montee_waffle!montee_waffle@montee_waffle.tmi.twitch.tv PRIVMSG #beringelamilgrau :!game dark souls III
2019-07-08 6:33:45 PM: bot_stay_high - Received: @badge-info=;badges=moderator/1,partner/1;color=#7C7CE1;display-name=Nightbot;emotes=;flags=;id=969826e4-945c-4b5d-8ea7-ae7d768a7410;mod=1;room-id=443063688;subscriber=0;tmi-sent-ts=1562621624989;turbo=0;user-id=19264788;user-type=mod :nightbot!nightbot@nightbot.tmi.twitch.tv PRIVMSG #beringelamilgrau :@Montee_Waffle -> The stream game has been updated to: dark souls III
2019-07-08 6:34:14 PM: bot_stay_high - Received: @badge-info=;badges=moderator/1;color=#008000;display-name=TONYXZERO;emotes=;flags=;id=12787a4e-583c-4519-8464-7612d8eb1c4d;mod=1;room-id=443063688;subscriber=0;tmi-sent-ts=1562621653688;turbo=0;user-id=38731171;user-type=mod :tonyxzero!tonyxzero@tonyxzero.tmi.twitch.tv PRIVMSG #beringelamilgrau :FeelsMan
2019-07-08 6:34:18 PM: bot_stay_high - Received: @badge-info=;badges=;color=#FF69B4;display-name=rbruno018;emotes=;flags=;id=39657539-d340-4e1c-a3d3-dc7bdde362ac;mod=0;room-id=443063688;subscriber=0;tmi-sent-ts=1562621657400;turbo=0;user-id=216448313;user-type= :rbruno018!rbruno018@rbruno018.tmi.twitch.tv PRIVMSG #beringelamilgrau :FeelsMan
2019-07-08 6:34:34 PM: bot_stay_high - Received: @badge-info=;badges=;color=#FF69B4;display-name=rbruno018;emotes=;flags=;id=b52e57c4-eb8f-4549-a9aa-745eeff3f14a;mod=0;room-id=443063688;subscriber=0;tmi-sent-ts=1562621673842;turbo=0;user-id=216448313;user-type= :rbruno018!rbruno018@rbruno018.tmi.twitch.tv PRIVMSG #beringelamilgrau :eu matei a dan?arina depois do nameless
2019-07-08 6:34:40 PM: bot_stay_high - Received: :s1faka!s1faka@s1faka.tmi.twitch.tv PART #beringelamilgrau
2019-07-08 6:35:01 PM: bot_stay_high - Received: PING :tmi.twitch.tv
2019-07-08 6:35:01 PM: bot_stay_high - Writing: PONG
2019-07-08 6:35:07 PM: bot_stay_high - Received: @badge-info=;badges=;color=#FF69B4;display-name=rbruno018;emotes=;flags=;id=65bb7a3e-f3af-40de-8984-d4862ace1668;mod=0;room-id=443063688;subscriber=0;tmi-sent-ts=1562621706582;turbo=0;user-id=216448313;user-type= :rbruno018!rbruno018@rbruno018.tmi.twitch.tv PRIVMSG #beringelamilgrau :vai la po FeelsOkayMan
2019-07-08 6:35:37 PM: bot_stay_high - Received: :s1faka!s1faka@s1faka.tmi.twitch.tv JOIN #beringelamilgrau
2019-07-08 6:35:37 PM: bot_stay_high - Received: :hostmeraffle!hostmeraffle@hostmeraffle.tmi.twitch.tv PART #beringelamilgrau
2019-07-08 6:35:44 PM: bot_stay_high - Received: @badge-info=;badges=;color=#FF69B4;display-name=rbruno018;emotes=;flags=;id=36c73ff8-d232-4370-af33-6957168213c1;mod=0;room-id=443063688;subscriber=0;tmi-sent-ts=1562621743525;turbo=0;user-id=216448313;user-type= :rbruno018!rbruno018@rbruno018.tmi.twitch.tv PRIVMSG #beringelamilgrau :salsaPride
2019-07-08 6:36:28 PM: bot_stay_high - Received: @badge-info=;badges=;color=#FF69B4;display-name=rbruno018;emotes=;flags=;id=ed7dbde3-0835-4a9e-9425-3ad8c9b8f0eb;mod=0;room-id=443063688;subscriber=0;tmi-sent-ts=1562621787928;turbo=0;user-id=216448313;user-type= :rbruno018!rbruno018@rbruno018.tmi.twitch.tv PRIVMSG #beringelamilgrau :fiquei uma semana nele
2019-07-08 6:36:36 PM: bot_stay_high - Received: @badge-info=;badges=;color=#FF69B4;display-name=rbruno018;emotes=;flags=;id=31e24e43-bbe2-4b6d-9951-407f33480c16;mod=0;room-id=443063688;subscriber=0;tmi-sent-ts=1562621796020;turbo=0;user-id=216448313;user-type= :rbruno018!rbruno018@rbruno018.tmi.twitch.tv PRIVMSG #beringelamilgrau :OMEGALUL
2019-07-08 6:36:47 PM: bot_stay_high - Received: @badge-info=;badges=;color=#FF69B4;display-name=rbruno018;emotes=;flags=;id=d763ff08-99e1-475d-ab01-4f8ab8d598bb;mod=0;room-id=443063688;subscriber=0;tmi-sent-ts=1562621806878;turbo=0;user-id=216448313;user-type= :rbruno018!rbruno018@rbruno018.tmi.twitch.tv PRIVMSG #beringelamilgrau :!propriedade
2019-07-08 6:36:47 PM: bot_stay_high - Received: @badge-info=;badges=moderator/1,partner/1;color=#7C7CE1;display-name=Nightbot;emotes=;flags=;id=15dcd22a-c0ab-46fe-b9f0-cd7e1ab4be35;mod=1;room-id=443063688;subscriber=0;tmi-sent-ts=1562621807115;turbo=0;user-id=19264788;user-type=mod :nightbot!nightbot@nightbot.tmi.twitch.tv PRIVMSG #beringelamilgrau :Hey,tudo bem? Ouvi falar que voc? ? super f? da s?rie Souls. Estou come?ando minha jornada a pouco tempo por esse mundo obscuro. Haha. Anyway. Queria algumas dicas sobre o Dark Souls, caso voc? tenha familiaridade com essa nova propriedade Intelectual. ??
2019-07-08 6:37:21 PM: bot_stay_high - Received: @badge-info=;badges=bits-charity/1;color=#1E90FF;display-name=Jean__;emotes=;flags=0-15:;id=7a63b232-2e00-4bc5-8045-d92093dc1274;mod=0;room-id=443063688;subscriber=0;tmi-sent-ts=1562621840869;turbo=0;user-id=38479494;user-type= :jean__!jean__@jean__.tmi.twitch.tv PRIVMSG #beringelamilgrau :bonsmomentos.com
2019-07-08 6:37:40 PM: bot_stay_high - Received: :themalkavianx!themalkavianx@themalkavianx.tmi.twitch.tv PART #beringelamilgrau
2019-07-08 6:38:32 PM: bot_stay_high - Received: @badge-info=;badges=;color=#FF69B4;display-name=rbruno018;emotes=;flags=;id=7c881139-8a8c-4496-86b4-a8aec8c68341;mod=0;room-id=443063688;subscriber=0;tmi-sent-ts=1562621911994;turbo=0;user-id=216448313;user-type= :rbruno018!rbruno018@rbruno018.tmi.twitch.tv PRIVMSG #beringelamilgrau :daniel trancou
2019-07-08 6:39:02 PM: bot_stay_high - Received: PING :tmi.twitch.tv
2019-07-08 6:39:02 PM: bot_stay_high - Writing: PONG
2019-07-08 6:39:34 PM: bot_stay_high - Received: @badge-info=;badges=;color=#FF69B4;display-name=rbruno018;emotes=;flags=;id=ddeb9971-e842-484b-bf85-ee9f3f610241;mod=0;room-id=443063688;subscriber=0;tmi-sent-ts=1562621974593;turbo=0;user-id=216448313;user-type= :rbruno018!rbruno018@rbruno018.tmi.twitch.tv PRIVMSG #beringelamilgrau :grabiel
2019-07-08 6:40:47 PM: bot_stay_high - Received: :hostmeraffle!hostmeraffle@hostmeraffle.tmi.twitch.tv JOIN #beringelamilgrau
2019-07-08 6:41:57 PM: bot_stay_high - Received: @badge-info=;badges=;color=#FF69B4;display-name=rbruno018;emotes=;flags=8-13:S.5;id=03b837c4-dd88-4aee-904c-91ab0d1d6905;mod=0;room-id=443063688;subscriber=0;tmi-sent-ts=1562622117434;turbo=0;user-id=216448313;user-type= :rbruno018!rbruno018@rbruno018.tmi.twitch.tv PRIVMSG #beringelamilgrau :ve o de virgem pra amanha
2019-07-08 6:42:41 PM: bot_stay_high - Received: @badge-info=;badges=;color=#FF69B4;display-name=rbruno018;emotes=;flags=;id=26b7fad3-af77-4f88-9d14-afe22befb5ca;mod=0;room-id=443063688;subscriber=0;tmi-sent-ts=1562622161362;turbo=0;user-id=216448313;user-type= :rbruno018!rbruno018@rbruno018.tmi.twitch.tv PRIVMSG #beringelamilgrau :!daniel
2019-07-08 6:42:42 PM: bot_stay_high - Received: @badge-info=;badges=moderator/1,partner/1;color=#7C7CE1;display-name=Nightbot;emotes=;flags=;id=2ae29573-a4bc-4176-9737-431fba651e18;mod=1;room-id=443063688;subscriber=0;tmi-sent-ts=1562622161666;turbo=0;user-id=19264788;user-type=mod :nightbot!nightbot@nightbot.tmi.twitch.tv PRIVMSG #beringelamilgrau :Perdoa o rapaz, ele n?o sabe ler.
2019-07-08 6:42:51 PM: bot_stay_high - Received: :vierneunundneunzig!vierneunundneunzig@vierneunundneunzig.tmi.twitch.tv JOIN #beringelamilgrau
2019-07-08 6:42:56 PM: bot_stay_high - Received: @badge-info=;badges=moderator/1;color=#008000;display-name=TONYXZERO;emotes=;flags=0-5:S.5;id=c77888f8-dd0a-4c0b-a9f3-10000f7cbe85;mod=1;room-id=443063688;subscriber=0;tmi-sent-ts=1562622175746;turbo=0;user-id=38731171;user-type=mod :tonyxzero!tonyxzero@tonyxzero.tmi.twitch.tv PRIVMSG #beringelamilgrau :Virgem Aquario Leao Aries
2019-07-08 6:43:15 PM: bot_stay_high - Received: PING :tmi.twitch.tv
2019-07-08 6:43:15 PM: bot_stay_high - Writing: PONG
2019-07-08 6:43:50 PM: bot_stay_high - Received: @badge-info=;badges=;color=#FF69B4;display-name=rbruno018;emotes=;flags=;id=3e80c3e8-5d30-4d15-804c-1c38e43c85f9;mod=0;room-id=443063688;subscriber=0;tmi-sent-ts=1562622229799;turbo=0;user-id=216448313;user-type= :rbruno018!rbruno018@rbruno018.tmi.twitch.tv PRIVMSG #beringelamilgrau :comel?ou certo peepoSmart
2019-07-08 6:44:18 PM: bot_stay_high - Received: @badge-info=;badges=;color=#FF69B4;display-name=rbruno018;emotes=;flags=;id=08c4f229-9e19-4d61-83f8-9533c9ba01fb;mod=0;room-id=443063688;subscriber=0;tmi-sent-ts=1562622258337;turbo=0;user-id=216448313;user-type= :rbruno018!rbruno018@rbruno018.tmi.twitch.tv PRIVMSG #beringelamilgrau :eu to desempregado peepoSmart
2019-07-08 6:44:57 PM: bot_stay_high - Received: @badge-info=;badges=;color=#FF69B4;display-name=rbruno018;emotes=;flags=;id=6817e193-563a-488f-a9d5-b13694ba1ab0;mod=0;room-id=443063688;subscriber=0;tmi-sent-ts=1562622296968;turbo=0;user-id=216448313;user-type= :rbruno018!rbruno018@rbruno018.tmi.twitch.tv PRIVMSG #beringelamilgrau :relaxa o resto do ano desempregado peepoSmart
2019-07-08 6:45:00 PM: bot_stay_high - Received: :brun0hl!brun0hl@brun0hl.tmi.twitch.tv JOIN #beringelamilgrau
2019-07-08 6:45:00 PM: bot_stay_high - Received: :biravg!biravg@biravg.tmi.twitch.tv JOIN #beringelamilgrau
2019-07-08 6:45:00 PM: bot_stay_high - Received: :ddanniell!ddanniell@ddanniell.tmi.twitch.tv JOIN #beringelamilgrau
2019-07-08 6:45:00 PM: bot_stay_high - Received: :p0lizei_!p0lizei_@p0lizei_.tmi.twitch.tv PART #beringelamilgrau
2019-07-08 6:45:27 PM: bot_stay_high - Received: @badge-info=;badges=;color=#FF69B4;display-name=rbruno018;emotes=;flags=;id=f4c402a5-0c4c-4dd7-a0ad-f4836ff617f2;mod=0;room-id=443063688;subscriber=0;tmi-sent-ts=1562622326902;turbo=0;user-id=216448313;user-type= :rbruno018!rbruno018@rbruno018.tmi.twitch.tv PRIVMSG #beringelamilgrau :projeto maromba
2019-07-08 6:45:58 PM: bot_stay_high - Received: @badge-info=;badges=;color=#FF69B4;display-name=rbruno018;emotes=;flags=9-15:P.6;id=c0817de6-eeb1-4b5c-9ed2-24ef579e753c;mod=0;room-id=443063688;subscriber=0;tmi-sent-ts=1562622357691;turbo=0;user-id=216448313;user-type= :rbruno018!rbruno018@rbruno018.tmi.twitch.tv PRIVMSG #beringelamilgrau :jao bidu fudendo minha vida peepoSmart
2019-07-08 6:46:01 PM: bot_stay_high - Received: @badge-info=;badges=;color=#FF69B4;display-name=rbruno018;emotes=;flags=;id=ee4d93f1-fd5f-4456-9d97-94edba5f5ec0;mod=0;room-id=443063688;subscriber=0;tmi-sent-ts=1562622361427;turbo=0;user-id=216448313;user-type= :rbruno018!rbruno018@rbruno018.tmi.twitch.tv PRIVMSG #beringelamilgrau :D:
2019-07-08 6:46:04 PM: bot_stay_high - Received: :p0lizei_!p0lizei_@p0lizei_.tmi.twitch.tv JOIN #beringelamilgrau
2019-07-08 6:46:04 PM: bot_stay_high - Received: :hostmeraffle!hostmeraffle@hostmeraffle.tmi.twitch.tv PART #beringelamilgrau
2019-07-08 6:46:10 PM: bot_stay_high - Received: @badge-info=;badges=premium/1;color=#FF69B4;display-name=Maria_Renata;emotes=;flags=;id=eda5234d-57db-4781-9be3-546dc2fbe868;mod=0;room-id=443063688;subscriber=0;tmi-sent-ts=1562622369778;turbo=0;user-id=212194263;user-type= :maria_renata!maria_renata@maria_renata.tmi.twitch.tv PRIVMSG #beringelamilgrau :F
2019-07-08 6:46:40 PM: bot_stay_high - Received: @badge-info=;badges=;color=#FF69B4;display-name=rbruno018;emotes=;flags=;id=dde12157-865b-4b07-b101-d91ae4b4d197;mod=0;room-id=443063688;subscriber=0;tmi-sent-ts=1562622400396;turbo=0;user-id=216448313;user-type= :rbruno018!rbruno018@rbruno018.tmi.twitch.tv PRIVMSG #beringelamilgrau :nao vou sair da cama amanha peepoSmart
2019-07-08 6:46:51 PM: bot_stay_high - Received: @badge-info=;badges=;color=;display-name=bot_stay_high;emote-sets=0;mod=0;subscriber=0;user-type= :tmi.twitch.tv USERSTATE #beringelamilgrau
2019-07-08 6:46:58 PM: bot_stay_high - Received: @badge-info=;badges=;color=#FF69B4;display-name=rbruno018;emotes=;flags=;id=3bfc92ca-f65f-487a-bb7e-c5496bb288df;mod=0;room-id=443063688;subscriber=0;tmi-sent-ts=1562622417604;turbo=0;user-id=216448313;user-type= :rbruno018!rbruno018@rbruno018.tmi.twitch.tv PRIVMSG #beringelamilgrau :peepoSmoke
2019-07-08 6:47:10 PM: bot_stay_high - Received: @badge-info=;badges=moderator/1;color=#008000;display-name=TONYXZERO;emotes=;flags=;id=bae7998f-0897-469e-bf7a-698d3e94f8e1;mod=1;room-id=443063688;subscriber=0;tmi-sent-ts=1562622430365;turbo=0;user-id=38731171;user-type=mod :tonyxzero!tonyxzero@tonyxzero.tmi.twitch.tv PRIVMSG #beringelamilgrau :!processo
2019-07-08 6:47:11 PM: bot_stay_high - Received: @badge-info=;badges=moderator/1,partner/1;color=#7C7CE1;display-name=Nightbot;emotes=;flags=;id=d0decec5-37f7-4ce2-983a-0fe30a09031d;mod=1;room-id=443063688;subscriber=0;tmi-sent-ts=1562622430643;turbo=0;user-id=19264788;user-type=mod :nightbot!nightbot@nightbot.tmi.twitch.tv PRIVMSG #beringelamilgrau :O beringelamilgrau n?o compactua com as opini?es dos participantes, nem com a desse chat. peepoEggplant
2019-07-08 6:47:15 PM: bot_stay_high - Received: @badge-info=;badges=;color=#FF69B4;display-name=rbruno018;emotes=;flags=;id=c4976f73-63a5-4ee4-8ea3-2371f11eba7d;mod=0;room-id=443063688;subscriber=0;tmi-sent-ts=1562622435167;turbo=0;user-id=216448313;user-type= :rbruno018!rbruno018@rbruno018.tmi.twitch.tv PRIVMSG #beringelamilgrau :monkaS o processinho
2019-07-08 6:47:36 PM: bot_stay_high - Received: @badge-info=;badges=;color=#FF69B4;display-name=rbruno018;emotes=;flags=;id=1db1680b-76ee-41a7-85e7-036017152acf;mod=0;room-id=443063688;subscriber=0;tmi-sent-ts=1562622456562;turbo=0;user-id=216448313;user-type= :rbruno018!rbruno018@rbruno018.tmi.twitch.tv PRIVMSG #beringelamilgrau :EOQ ConcernFroge
2019-07-08 6:48:04 PM: bot_stay_high - Received: PING :tmi.twitch.tv
2019-07-08 6:48:04 PM: bot_stay_high - Writing: PONG
2019-07-08 6:49:16 PM: bot_stay_high - Received: :biravg!biravg@biravg.tmi.twitch.tv PART #beringelamilgrau
2019-07-08 6:49:16 PM: bot_stay_high - Received: :s1faka!s1faka@s1faka.tmi.twitch.tv PART #beringelamilgrau
2019-07-08 6:50:13 PM: bot_stay_high - Received: @badge-info=;badges=bits-charity/1;color=#1E90FF;display-name=Jean__;emotes=;flags=;id=0ff40266-e44f-435e-a8d0-cca5d39614f2;mod=0;room-id=443063688;subscriber=0;tmi-sent-ts=1562622612915;turbo=0;user-id=38479494;user-type= :jean__!jean__@jean__.tmi.twitch.tv PRIVMSG #beringelamilgrau :Defendendo o daniel sobre ter escrito grabiel, n?o muda em nada a combina??o FeelsMan
2019-07-08 6:51:37 PM: bot_stay_high - Received: @badge-info=;badges=;color=#FF69B4;display-name=rbruno018;emotes=;flags=;id=c9cf2ffe-e4ba-4ab8-9430-a215890c6db1;mod=0;room-id=443063688;subscriber=0;tmi-sent-ts=1562622697167;turbo=0;user-id=216448313;user-type= :rbruno018!rbruno018@rbruno018.tmi.twitch.tv PRIVMSG #beringelamilgrau :bora comprar agua da belle delfine
2019-07-08 6:51:49 PM: bot_stay_high - Received: @badge-info=;badges=;color=#FF69B4;display-name=rbruno018;emotes=;flags=;id=231c5f02-9238-4d50-bd0f-d92cd5d6c28c;mod=0;room-id=443063688;subscriber=0;tmi-sent-ts=1562622709283;turbo=0;user-id=216448313;user-type= :rbruno018!rbruno018@rbruno018.tmi.twitch.tv PRIVMSG #beringelamilgrau :grabiel OMEGALUL
2019-07-08 6:51:52 PM: bot_stay_high - Received: @badge-info=;badges=bits-charity/1;color=#1E90FF;display-name=Jean__;emotes=;flags=;id=8e164574-98c1-4c03-b092-3cd12ed9afa5;mod=0;room-id=443063688;subscriber=0;tmi-sent-ts=1562622712519;turbo=0;user-id=38479494;user-type= :jean__!jean__@jean__.tmi.twitch.tv PRIVMSG #beringelamilgrau :PepeLaugh
2019-07-08 6:51:59 PM: bot_stay_high - Received: @badge-info=;badges=;color=#FF69B4;display-name=rbruno018;emotes=;flags=;id=7ea92924-0d31-419a-80ac-be0d12c0697f;mod=0;room-id=443063688;subscriber=0;tmi-sent-ts=1562622719323;turbo=0;user-id=216448313;user-type= :rbruno018!rbruno018@rbruno018.tmi.twitch.tv PRIVMSG #beringelamilgrau :!daniel
2019-07-08 6:52:00 PM: bot_stay_high - Received: @badge-info=;badges=moderator/1,partner/1;color=#7C7CE1;display-name=Nightbot;emotes=;flags=;id=eb622b65-ae07-4106-b93e-2567aa983178;mod=1;room-id=443063688;subscriber=0;tmi-sent-ts=1562622719604;turbo=0;user-id=19264788;user-type=mod :nightbot!nightbot@nightbot.tmi.twitch.tv PRIVMSG #beringelamilgrau :Perdoa o rapaz, ele n?o sabe ler.
2019-07-08 6:52:02 PM: bot_stay_high - Received: @badge-info=;badges=moderator/1;color=#008000;display-name=TONYXZERO;emotes=;flags=;id=615c7cd0-9770-48a3-b02b-4c5ee49f7c8d;mod=1;room-id=443063688;subscriber=0;tmi-sent-ts=1562622722635;turbo=0;user-id=38731171;user-type=mod :tonyxzero!tonyxzero@tonyxzero.tmi.twitch.tv PRIVMSG #beringelamilgrau :OMEGALUL
2019-07-08 6:52:16 PM: bot_stay_high - Received: :vierneunundneunzig!vierneunundneunzig@vierneunundneunzig.tmi.twitch.tv PART #beringelamilgrau
2019-07-08 6:52:25 PM: bot_stay_high - Received: PING :tmi.twitch.tv
2019-07-08 6:52:25 PM: bot_stay_high - Writing: PONG
2019-07-08 6:52:45 PM: bot_stay_high - Received: @badge-info=;badges=bits-charity/1;color=#1E90FF;display-name=Jean__;emotes=;flags=0-15:;id=446c288f-2e58-4041-8097-6ec5e2a5e84d;mod=0;room-id=443063688;subscriber=0;tmi-sent-ts=1562622765152;turbo=0;user-id=38479494;user-type= :jean__!jean__@jean__.tmi.twitch.tv PRIVMSG #beringelamilgrau :boasleituras.com - a casa do daniel
2019-07-08 6:53:01 PM: bot_stay_high - Received: @badge-info=;badges=;color=#FF69B4;display-name=rbruno018;emote-only=1;emotes=86:0-9;flags=;id=9911f9ae-5835-440d-8a32-126275018093;mod=0;room-id=443063688;subscriber=0;tmi-sent-ts=1562622781328;turbo=0;user-id=216448313;user-type= :rbruno018!rbruno018@rbruno018.tmi.twitch.tv PRIVMSG #beringelamilgrau :BibleThump
2019-07-08 6:54:14 PM: bot_stay_high - Received: :kingofzawarudo!kingofzawarudo@kingofzawarudo.tmi.twitch.tv JOIN #beringelamilgrau
2019-07-08 6:54:19 PM: bot_stay_high - Received: @badge-info=;badges=;color=#FF69B4;display-name=rbruno018;emotes=;flags=;id=5b3b3d98-1f6b-4a59-8ebe-42ffd16d5604;mod=0;room-id=443063688;subscriber=0;tmi-sent-ts=1562622859415;turbo=0;user-id=216448313;user-type= :rbruno018!rbruno018@rbruno018.tmi.twitch.tv PRIVMSG #beringelamilgrau :FeelsOkayMan
2019-07-08 6:54:22 PM: bot_stay_high - Received: @badge-info=;badges=moderator/1;color=#008000;display-name=TONYXZERO;emotes=;flags=;id=7f9bbfa0-24d9-4068-b96a-27fef971b49b;mod=1;room-id=443063688;subscriber=0;tmi-sent-ts=1562622861815;turbo=0;user-id=38731171;user-type=mod :tonyxzero!tonyxzero@tonyxzero.tmi.twitch.tv PRIVMSG #beringelamilgrau :monkaChrist
2019-07-08 6:55:36 PM: bot_stay_high - Received: @badge-info=;badges=premium/1;color=#FF69B4;display-name=Maria_Renata;emotes=;flags=;id=08cd3794-eab4-48e3-a7e0-c52210d11050;mod=0;room-id=443063688;subscriber=0;tmi-sent-ts=1562622935653;turbo=0;user-id=212194263;user-type= :maria_renata!maria_renata@maria_renata.tmi.twitch.tv PRIVMSG #beringelamilgrau :zzzzzzz
2019-07-08 6:56:05 PM: bot_stay_high - Received: @badge-info=;badges=moderator/1;color=#FF9600;display-name=ddanniell;emotes=;flags=85-88:S.6;id=06495a9a-a6c3-4eca-99f9-efdb220fd7e9;mod=1;room-id=443063688;subscriber=0;tmi-sent-ts=1562622965605;turbo=0;user-id=36163282;user-type=mod :ddanniell!ddanniell@ddanniell.tmi.twitch.tv PRIVMSG #beringelamilgrau :Na paquera, modere seu temperamento controlador para n?o assustar a pessoa desejada. Sexo quente!
2019-07-08 6:56:13 PM: bot_stay_high - Received: @badge-info=;badges=;color=#FF69B4;display-name=rbruno018;emotes=;flags=;id=58990979-dc18-4ff3-86b1-995d2482132f;mod=0;room-id=443063688;subscriber=0;tmi-sent-ts=1562622973482;turbo=0;user-id=216448313;user-type= :rbruno018!rbruno018@rbruno018.tmi.twitch.tv PRIVMSG #beringelamilgrau :monkaS
2019-07-08 6:56:24 PM: bot_stay_high - Received: :kingofzawarudo!kingofzawarudo@kingofzawarudo.tmi.twitch.tv PART #beringelamilgrau
2019-07-08 6:56:27 PM: bot_stay_high - Received: PING :tmi.twitch.tv
2019-07-08 6:56:27 PM: bot_stay_high - Writing: PONG
2019-07-08 6:57:38 PM: bot_stay_high - Received: @badge-info=;badges=;color=#FF69B4;display-name=rbruno018;emotes=;flags=;id=a8f17fa5-9803-4e16-a79e-babe4ec6c5b9;mod=0;room-id=443063688;subscriber=0;tmi-sent-ts=1562623058590;turbo=0;user-id=216448313;user-type= :rbruno018!rbruno018@rbruno018.tmi.twitch.tv PRIVMSG #beringelamilgrau :OMEGALUL
2019-07-08 6:58:25 PM: bot_stay_high - Received: :lztonin93!lztonin93@lztonin93.tmi.twitch.tv JOIN #beringelamilgrau
2019-07-08 6:58:55 PM: bot_stay_high - Received: @badge-info=;badges=;color=#FF69B4;display-name=rbruno018;emotes=;flags=;id=bac3cbde-97df-4959-adca-ead4e9b0c8f7;mod=0;room-id=443063688;subscriber=0;tmi-sent-ts=1562623135115;turbo=0;user-id=216448313;user-type= :rbruno018!rbruno018@rbruno018.tmi.twitch.tv PRIVMSG #beringelamilgrau :!sai
2019-07-08 6:58:55 PM: bot_stay_high - Received: @badge-info=;badges=moderator/1,partner/1;color=#7C7CE1;display-name=Nightbot;emotes=;flags=;id=fd7d9a7b-7b6f-4e5a-8b60-8877e5700ad8;mod=1;room-id=443063688;subscriber=0;tmi-sent-ts=1562623135286;turbo=0;user-id=19264788;user-type=mod :nightbot!nightbot@nightbot.tmi.twitch.tv PRIVMSG #beringelamilgrau :Sai mano, sai da minha live!! monkaGun
2019-07-08 6:59:28 PM: bot_stay_high - Received: @badge-info=;badges=;color=#FF69B4;display-name=rbruno018;emotes=;flags=;id=c237713e-d05b-4249-a450-467d56e6c03b;mod=0;room-id=443063688;subscriber=0;tmi-sent-ts=1562623168221;turbo=0;user-id=216448313;user-type= :rbruno018!rbruno018@rbruno018.tmi.twitch.tv PRIVMSG #beringelamilgrau :daquelas bem peluda FeelsOkayMan
2019-07-08 6:59:29 PM: bot_stay_high - Received: :vierneunundneunzig!vierneunundneunzig@vierneunundneunzig.tmi.twitch.tv JOIN #beringelamilgrau
2019-07-08 6:59:36 PM: bot_stay_high - Received: @login=rbruno018;room-id=;target-msg-id=c237713e-d05b-4249-a450-467d56e6c03b;tmi-sent-ts=-6795364578871 :tmi.twitch.tv CLEARMSG #beringelamilgrau :daquelas bem peluda FeelsOkayMan
2019-07-08 6:59:36 PM: bot_stay_high - Unaccounted for: @login=rbruno018;room-id=;target-msg-id=c237713e-d05b-4249-a450-467d56e6c03b;tmi-sent-ts=-6795364578871 :tmi.twitch.tv UNKNOWN #beringelamilgrau :daquelas bem peluda FeelsOkayMan
2019-07-08 6:59:42 PM: bot_stay_high - Received: @badge-info=;badges=;color=#FF69B4;display-name=rbruno018;emotes=;flags=;id=71d692af-051f-4d7b-801f-c046467776e2;mod=0;room-id=443063688;subscriber=0;tmi-sent-ts=1562623182489;turbo=0;user-id=216448313;user-type= :rbruno018!rbruno018@rbruno018.tmi.twitch.tv PRIVMSG #beringelamilgrau :D:
2019-07-08 6:59:44 PM: bot_stay_high - Received: @badge-info=;badges=moderator/1;color=#008000;display-name=TONYXZERO;emotes=;flags=;id=69f476e3-e2a7-4d9d-8cee-65bda45b0b71;mod=1;room-id=443063688;subscriber=0;tmi-sent-ts=1562623184337;turbo=0;user-id=38731171;user-type=mod :tonyxzero!tonyxzero@tonyxzero.tmi.twitch.tv PRIVMSG #beringelamilgrau :Sorte q ele n leu ConcernFroge
2019-07-08 7:00:20 PM: bot_stay_high - Received: @badge-info=;badges=moderator/1;color=#008000;display-name=TONYXZERO;emotes=;flags=;id=bae66ac7-6613-459c-9125-34955a64e028;mod=1;room-id=443063688;subscriber=0;tmi-sent-ts=1562623220579;turbo=0;user-id=38731171;user-type=mod :tonyxzero!tonyxzero@tonyxzero.tmi.twitch.tv PRIVMSG #beringelamilgrau :FeelsMan
2019-07-08 7:00:30 PM: bot_stay_high - Received: PING :tmi.twitch.tv
2019-07-08 7:00:30 PM: bot_stay_high - Writing: PONG
2019-07-08 7:01:34 PM: bot_stay_high - Received: :hostmeraffle!hostmeraffle@hostmeraffle.tmi.twitch.tv JOIN #beringelamilgrau
2019-07-08 7:01:34 PM: bot_stay_high - Received: :lztonin93!lztonin93@lztonin93.tmi.twitch.tv PART #beringelamilgrau
2019-07-08 7:01:34 PM: bot_stay_high - Received: :vierneunundneunzig!vierneunundneunzig@vierneunundneunzig.tmi.twitch.tv PART #beringelamilgrau
2019-07-08 7:01:56 PM: bot_stay_high - Received: @badge-info=;badges=;color=#FF69B4;display-name=rbruno018;emotes=;flags=;id=2bf5d2cc-fa91-4c27-80f5-4d0183c4c575;mod=0;room-id=443063688;subscriber=0;tmi-sent-ts=1562623316270;turbo=0;user-id=216448313;user-type= :rbruno018!rbruno018@rbruno018.tmi.twitch.tv PRIVMSG #beringelamilgrau :a bonfire ai tem outra 2 mts
2019-07-08 7:02:44 PM: bot_stay_high - Received: @badge-info=;badges=;color=#FF69B4;display-name=rbruno018;emotes=;flags=;id=4c82cd0d-8bad-446f-91ae-53518e9aebb5;mod=0;room-id=443063688;subscriber=0;tmi-sent-ts=1562623364252;turbo=0;user-id=216448313;user-type= :rbruno018!rbruno018@rbruno018.tmi.twitch.tv PRIVMSG #beringelamilgrau :OOOOOCCEEEEELLLLOOOOOTTTT
2019-07-08 7:04:17 PM: bot_stay_high - Received: @badge-info=;badges=;color=#FF69B4;display-name=rbruno018;emotes=;flags=;id=ccf1b64e-f64e-4de0-8456-dd569e346206;mod=0;room-id=443063688;subscriber=0;tmi-sent-ts=1562623456741;turbo=0;user-id=216448313;user-type= :rbruno018!rbruno018@rbruno018.tmi.twitch.tv PRIVMSG #beringelamilgrau :saude
2019-07-08 7:04:30 PM: bot_stay_high - Received: @badge-info=;badges=;color=#FF69B4;display-name=rbruno018;emotes=;flags=;id=d124d240-2a5e-4c14-8f3d-f26516ab8c8c;mod=0;room-id=443063688;subscriber=0;tmi-sent-ts=1562623470442;turbo=0;user-id=216448313;user-type= :rbruno018!rbruno018@rbruno018.tmi.twitch.tv PRIVMSG #beringelamilgrau :salsaPride
2019-07-08 7:04:46 PM: bot_stay_high - Received: :rotrigo!rotrigo@rotrigo.tmi.twitch.tv JOIN #beringelamilgrau
2019-07-08 7:04:46 PM: bot_stay_high - Received: :michelle_rezende!michelle_rezende@michelle_rezende.tmi.twitch.tv PART #beringelamilgrau
2019-07-08 7:05:17 PM: bot_stay_high - Received: PING :tmi.twitch.tv
2019-07-08 7:05:17 PM: bot_stay_high - Writing: PONG
2019-07-08 7:05:43 PM: bot_stay_high - Received: :hostmeraffle!hostmeraffle@hostmeraffle.tmi.twitch.tv PART #beringelamilgrau
2019-07-08 7:06:48 PM: bot_stay_high - Received: :themalkavianx!themalkavianx@themalkavianx.tmi.twitch.tv JOIN #beringelamilgrau
2019-07-08 7:06:48 PM: bot_stay_high - Received: :biel2907!biel2907@biel2907.tmi.twitch.tv JOIN #beringelamilgrau
2019-07-08 7:07:47 PM: bot_stay_high - Received: :themalkavianx!themalkavianx@themalkavianx.tmi.twitch.tv PART #beringelamilgrau
2019-07-08 7:07:47 PM: bot_stay_high - Received: :biel2907!biel2907@biel2907.tmi.twitch.tv PART #beringelamilgrau
2019-07-08 7:07:47 PM: bot_stay_high - Received: :energyzbot!energyzbot@energyzbot.tmi.twitch.tv PART #beringelamilgrau
2019-07-08 7:08:41 PM: bot_stay_high - Received: @badge-info=;badges=;color=#FF69B4;display-name=rbruno018;emotes=;flags=;id=639aee8d-0d0e-4c0d-9397-1f069c17e91a;mod=0;room-id=443063688;subscriber=0;tmi-sent-ts=1562623721634;turbo=0;user-id=216448313;user-type= :rbruno018!rbruno018@rbruno018.tmi.twitch.tv PRIVMSG #beringelamilgrau :monkaS
2019-07-08 7:09:26 PM: bot_stay_high - Received: @badge-info=;badges=;color=#FF69B4;display-name=rbruno018;emotes=;flags=;id=08fc3ee9-fabd-480f-9564-ca7dad02cd41;mod=0;room-id=443063688;subscriber=0;tmi-sent-ts=1562623765909;turbo=0;user-id=216448313;user-type= :rbruno018!rbruno018@rbruno018.tmi.twitch.tv PRIVMSG #beringelamilgrau :melhor um banho de gato
2019-07-08 7:09:31 PM: bot_stay_high - Received: @badge-info=;badges=;color=#FF69B4;display-name=rbruno018;emotes=;flags=15-20:P.6;id=cdf82844-6e0b-4526-9f74-b951f93459df;mod=0;room-id=443063688;subscriber=0;tmi-sent-ts=1562623770754;turbo=0;user-id=216448313;user-type= :rbruno018!rbruno018@rbruno018.tmi.twitch.tv PRIVMSG #beringelamilgrau :so lava suvaco fodase
2019-07-08 7:10:01 PM: bot_stay_high - Received: :energyzbot!energyzbot@energyzbot.tmi.twitch.tv JOIN #beringelamilgrau
2019-07-08 7:10:01 PM: bot_stay_high - Received: :s1faka!s1faka@s1faka.tmi.twitch.tv JOIN #beringelamilgrau
2019-07-08 7:10:06 PM: bot_stay_high - Received: @badge-info=;badges=;color=#FF69B4;display-name=rbruno018;emotes=;flags=;id=ee2eb09f-ab6e-4cb3-a805-c166dc23109b;mod=0;room-id=443063688;subscriber=0;tmi-sent-ts=1562623805964;turbo=0;user-id=216448313;user-type= :rbruno018!rbruno018@rbruno018.tmi.twitch.tv PRIVMSG #beringelamilgrau :eu tomo 1 por dia mas ? meia hora
2019-07-08 7:10:09 PM: bot_stay_high - Received: PING :tmi.twitch.tv
2019-07-08 7:10:09 PM: bot_stay_high - Writing: PONG
2019-07-08 7:10:22 PM: bot_stay_high - Received: @badge-info=;badges=;color=#FF69B4;display-name=rbruno018;emote-only=1;emotes=1134496:0-11;flags=;id=b071b185-322d-4fcb-b8a6-26db5be47e61;mod=0;room-id=443063688;subscriber=0;tmi-sent-ts=1562623822053;turbo=0;user-id=216448313;user-type= :rbruno018!rbruno018@rbruno018.tmi.twitch.tv PRIVMSG #beringelamilgrau :totorRothier
2019-07-08 7:10:47 PM: bot_stay_high - Received: @badge-info=;badges=;color=#FF69B4;display-name=rbruno018;emotes=;flags=;id=308bc2d8-d411-46ea-9f63-6f5f0762f4e1;mod=0;room-id=443063688;subscriber=0;tmi-sent-ts=1562623846844;turbo=0;user-id=216448313;user-type= :rbruno018!rbruno018@rbruno018.tmi.twitch.tv PRIVMSG #beringelamilgrau :pra que FeelsOkayMan
2019-07-08 7:10:58 PM: bot_stay_high - Received: @badge-info=;badges=;color=#FF69B4;display-name=rbruno018;emotes=;flags=;id=46eab14f-3522-4aed-9993-8879494eefd7;mod=0;room-id=443063688;subscriber=0;tmi-sent-ts=1562623858383;turbo=0;user-id=216448313;user-type= :rbruno018!rbruno018@rbruno018.tmi.twitch.tv PRIVMSG #beringelamilgrau :pra chorar po FeelsOkayMan
2019-07-08 7:11:17 PM: bot_stay_high - Received: @badge-info=;badges=;color=#FF69B4;display-name=rbruno018;emotes=;flags=;id=e45a0193-7290-4bed-9ce7-3d5d0bd8352a;mod=0;room-id=443063688;subscriber=0;tmi-sent-ts=1562623877353;turbo=0;user-id=216448313;user-type= :rbruno018!rbruno018@rbruno018.tmi.twitch.tv PRIVMSG #beringelamilgrau :eu tomo banho fervendo
2019-07-08 7:11:56 PM: bot_stay_high - Received: @badge-info=;badges=;color=#FF69B4;display-name=rbruno018;emotes=;flags=;id=82447472-d377-4a0e-9b56-15ac9955580d;mod=0;room-id=443063688;subscriber=0;tmi-sent-ts=1562623915733;turbo=0;user-id=216448313;user-type= :rbruno018!rbruno018@rbruno018.tmi.twitch.tv PRIVMSG #beringelamilgrau :aqui tem muita nascente entao a agua ? baratinha
2019-07-08 7:12:09 PM: bot_stay_high - Received: :neto_bk!neto_bk@neto_bk.tmi.twitch.tv JOIN #beringelamilgrau
2019-07-08 7:12:09 PM: bot_stay_high - Received: :rotrigo!rotrigo@rotrigo.tmi.twitch.tv PART #beringelamilgrau
2019-07-08 7:12:10 PM: bot_stay_high - Received: @badge-info=;badges=;color=#FF69B4;display-name=rbruno018;emotes=;flags=;id=34b4cf2d-54b3-4a79-891f-2433ede9505b;mod=0;room-id=443063688;subscriber=0;tmi-sent-ts=1562623930534;turbo=0;user-id=216448313;user-type= :rbruno018!rbruno018@rbruno018.tmi.twitch.tv PRIVMSG #beringelamilgrau :pago nem 10 conto de agua por mes
2019-07-08 7:12:28 PM: bot_stay_high - Received: @badge-info=;badges=;color=;display-name=vamossorrir;emotes=;flags=55-58:P.6;id=81b6877c-8c3b-4198-9218-f58cac933d88;mod=0;room-id=443063688;subscriber=0;tmi-sent-ts=1562623948713;turbo=0;user-id=404620907;user-type= :vamossorrir!vamossorrir@vamossorrir.tmi.twitch.tv PRIVMSG #beringelamilgrau :alguem me ajuda a derrotar a dancarina do vale boreal, pqp, bagulho do capeta
2019-07-08 7:13:12 PM: bot_stay_high - Received: @badge-info=;badges=;color=#FF69B4;display-name=rbruno018;emotes=;flags=;id=f8281424-3d66-4e07-a08e-103b83e8d784;mod=0;room-id=443063688;subscriber=0;tmi-sent-ts=1562623992186;turbo=0;user-id=216448313;user-type= :rbruno018!rbruno018@rbruno018.tmi.twitch.tv PRIVMSG #beringelamilgrau :nunca abri DS3 na steam
2019-07-08 7:13:24 PM: bot_stay_high - Received: @badge-info=;badges=;color=#FF69B4;display-name=rbruno018;emotes=;flags=;id=b190250b-c14c-4345-add8-103698a2bb7a;mod=0;room-id=443063688;subscriber=0;tmi-sent-ts=1562624004160;turbo=0;user-id=216448313;user-type= :rbruno018!rbruno018@rbruno018.tmi.twitch.tv PRIVMSG #beringelamilgrau :quando eu zerei zerei no PS4
2019-07-08 7:13:38 PM: bot_stay_high - Received: @badge-info=;badges=;color=#FF69B4;display-name=rbruno018;emotes=;flags=;id=2a8f99bb-e043-428e-bf36-f15aab5e7344;mod=0;room-id=443063688;subscriber=0;tmi-sent-ts=1562624017787;turbo=0;user-id=216448313;user-type= :rbruno018!rbruno018@rbruno018.tmi.twitch.tv PRIVMSG #beringelamilgrau :ja vendi OMEGALUL
2019-07-08 7:14:09 PM: bot_stay_high - Received: @badge-info=;badges=;color=#FF69B4;display-name=rbruno018;emotes=;flags=5-15:P.6;id=f40ec267-b349-4d35-af01-2ce988618555;mod=0;room-id=443063688;subscriber=0;tmi-sent-ts=1562624048996;turbo=0;user-id=216448313;user-type= :rbruno018!rbruno018@rbruno018.tmi.twitch.tv PRIVMSG #beringelamilgrau :RICO pra caralho
2019-07-08 7:14:10 PM: bot_stay_high - Received: :vamossorrir!vamossorrir@vamossorrir.tmi.twitch.tv JOIN #beringelamilgrau
2019-07-08 7:14:25 PM: bot_stay_high - Received: PING :tmi.twitch.tv
2019-07-08 7:14:25 PM: bot_stay_high - Writing: PONG
2019-07-08 7:14:45 PM: bot_stay_high - Received: @badge-info=;badges=;color=#FF69B4;display-name=rbruno018;emotes=;flags=;id=0acf5170-207c-4d25-8e06-b649312869d4;mod=0;room-id=443063688;subscriber=0;tmi-sent-ts=1562624084895;turbo=0;user-id=216448313;user-type= :rbruno018!rbruno018@rbruno018.tmi.twitch.tv PRIVMSG #beringelamilgrau :tem bairro aqui que paga agua nao
2019-07-08 7:14:50 PM: bot_stay_high - Received: @badge-info=;badges=;color=#FF69B4;display-name=rbruno018;emotes=;flags=;id=697dd557-b431-4eba-b6e5-6064b64c2186;mod=0;room-id=443063688;subscriber=0;tmi-sent-ts=1562624090497;turbo=0;user-id=216448313;user-type= :rbruno018!rbruno018@rbruno018.tmi.twitch.tv PRIVMSG #beringelamilgrau :vem direto do a?ude
2019-07-08 7:15:05 PM: bot_stay_high - Received: @badge-info=;badges=;color=#FF69B4;display-name=rbruno018;emotes=;flags=;id=2473c80c-9c66-4277-8e18-4596b2e78024;mod=0;room-id=443063688;subscriber=0;tmi-sent-ts=1562624105630;turbo=0;user-id=216448313;user-type= :rbruno018!rbruno018@rbruno018.tmi.twitch.tv PRIVMSG #beringelamilgrau :so tem que ferver pra beber
2019-07-08 7:15:11 PM: bot_stay_high - Received: :s1faka!s1faka@s1faka.tmi.twitch.tv PART #beringelamilgrau
2019-07-08 7:16:03 PM: bot_stay_high - Received: @badge-info=;badges=;color=#FF69B4;display-name=rbruno018;emotes=;flags=;id=c7197664-8616-4e14-a63d-07d64b38c30b;mod=0;room-id=443063688;subscriber=0;tmi-sent-ts=1562624163706;turbo=0;user-id=216448313;user-type= :rbruno018!rbruno018@rbruno018.tmi.twitch.tv PRIVMSG #beringelamilgrau :no aguardo de sair a agua da tigresa
2019-07-08 7:16:34 PM: bot_stay_high - Received: @badge-info=;badges=;color=#FF69B4;display-name=rbruno018;emotes=;flags=;id=e33c2aa1-bffd-40f0-82f8-3953588f4bfe;mod=0;room-id=443063688;subscriber=0;tmi-sent-ts=1562624194482;turbo=0;user-id=216448313;user-type= :rbruno018!rbruno018@rbruno018.tmi.twitch.tv PRIVMSG #beringelamilgrau :OMEGALUL
2019-07-08 7:16:49 PM: bot_stay_high - Received: @badge-info=;badges=;color=#FF69B4;display-name=rbruno018;emotes=;flags=;id=d2425dbe-fc40-4b04-b3da-df75134ccefb;mod=0;room-id=443063688;subscriber=0;tmi-sent-ts=1562624209058;turbo=0;user-id=216448313;user-type= :rbruno018!rbruno018@rbruno018.tmi.twitch.tv PRIVMSG #beringelamilgrau :nao conhece a tigresa nao teve infancia OMEGALUL
2019-07-08 7:16:51 PM: bot_stay_high - Received: @badge-info=;badges=;color=;display-name=bot_stay_high;emote-sets=0;mod=0;subscriber=0;user-type= :tmi.twitch.tv USERSTATE #beringelamilgrau
2019-07-08 7:16:55 PM: bot_stay_high - Received: @badge-info=;badges=;color=#FF69B4;display-name=rbruno018;emotes=;flags=;id=c2f70c49-92c8-49fa-9670-dda2d63f432a;mod=0;room-id=443063688;subscriber=0;tmi-sent-ts=1562624215337;turbo=0;user-id=216448313;user-type= :rbruno018!rbruno018@rbruno018.tmi.twitch.tv PRIVMSG #beringelamilgrau :OMEGALUL KKKKKKKKKKKKKKKKKKKKKKKKKKKKKKKKKKKK
2019-07-08 7:17:10 PM: bot_stay_high - Received: @badge-info=;badges=;color=#FF69B4;display-name=rbruno018;emotes=;flags=;id=f064a796-78e9-42d0-9de6-d74b058165d5;mod=0;room-id=443063688;subscriber=0;tmi-sent-ts=1562624230256;turbo=0;user-id=216448313;user-type= :rbruno018!rbruno018@rbruno018.tmi.twitch.tv PRIVMSG #beringelamilgrau :peepoSmoke
2019-07-08 7:17:12 PM: bot_stay_high - Received: :neto_bk!neto_bk@neto_bk.tmi.twitch.tv PART #beringelamilgrau
2019-07-08 7:17:12 PM: bot_stay_high - Received: :vamossorrir!vamossorrir@vamossorrir.tmi.twitch.tv PART #beringelamilgrau
2019-07-08 7:17:24 PM: bot_stay_high - Received: @badge-info=;badges=moderator/1;color=#38CC8F;display-name=Montee_Waffle;emotes=;flags=;id=b5849056-23af-43c3-a587-ebab09dc33b4;mod=1;room-id=443063688;subscriber=0;tmi-sent-ts=1562624244599;turbo=0;user-id=148551409;user-type=mod :montee_waffle!montee_waffle@montee_waffle.tmi.twitch.tv PRIVMSG #beringelamilgrau :peepoSmoke
2019-07-08 7:17:34 PM: bot_stay_high - Received: @badge-info=;badges=;color=#FF69B4;display-name=rbruno018;emotes=;flags=;id=d4a93c8c-a5a4-4895-95cb-59d2b82f5c7d;mod=0;room-id=443063688;subscriber=0;tmi-sent-ts=1562624254424;turbo=0;user-id=216448313;user-type= :rbruno018!rbruno018@rbruno018.tmi.twitch.tv PRIVMSG #beringelamilgrau :imagina ela fica gravida do bluezao
2019-07-08 7:19:00 PM: bot_stay_high - Received: @badge-info=;badges=;color=#FF69B4;display-name=rbruno018;emotes=;flags=;id=7d994800-e91e-4ddd-bdb8-cc657bb307ec;mod=0;room-id=443063688;subscriber=0;tmi-sent-ts=1562624340021;turbo=0;user-id=216448313;user-type= :rbruno018!rbruno018@rbruno018.tmi.twitch.tv PRIVMSG #beringelamilgrau :!daniel
2019-07-08 7:19:00 PM: bot_stay_high - Received: @badge-info=;badges=moderator/1,partner/1;color=#7C7CE1;display-name=Nightbot;emotes=;flags=;id=33b16a2b-2eff-470b-969f-7f26712f40bd;mod=1;room-id=443063688;subscriber=0;tmi-sent-ts=1562624340209;turbo=0;user-id=19264788;user-type=mod :nightbot!nightbot@nightbot.tmi.twitch.tv PRIVMSG #beringelamilgrau :Perdoa o rapaz, ele n?o sabe ler.
2019-07-08 7:19:23 PM: bot_stay_high - Received: PING :tmi.twitch.tv
2019-07-08 7:19:23 PM: bot_stay_high - Writing: PONG
2019-07-08 7:19:28 PM: bot_stay_high - Received: :hostmeraffle!hostmeraffle@hostmeraffle.tmi.twitch.tv JOIN #beringelamilgrau
2019-07-08 7:19:28 PM: bot_stay_high - Received: :saulo_pe!saulo_pe@saulo_pe.tmi.twitch.tv JOIN #beringelamilgrau
2019-07-08 7:22:58 PM: bot_stay_high - Received: @badge-info=;badges=moderator/1;color=#008000;display-name=TONYXZERO;emotes=;flags=;id=c9cce923-8a58-49ce-a4d8-7f22c17f3668;mod=1;room-id=443063688;subscriber=0;tmi-sent-ts=1562624578047;turbo=0;user-id=38731171;user-type=mod :tonyxzero!tonyxzero@tonyxzero.tmi.twitch.tv PRIVMSG #beringelamilgrau :!addquote "Esse boss ? bem bom, ele ? aleijado" -Montee
2019-07-08 7:22:59 PM: bot_stay_high - Received: @badge-info=;badges=moderator/1,partner/1;color=#7C7CE1;display-name=Nightbot;emotes=;flags=;id=c955c3cc-b149-46af-a6a3-d4ac21d9f54b;mod=1;room-id=443063688;subscriber=0;tmi-sent-ts=1562624578849;turbo=0;user-id=19264788;user-type=mod :nightbot!nightbot@nightbot.tmi.twitch.tv PRIVMSG #beringelamilgrau :Successfully added entry #7
2019-07-08 7:23:28 PM: bot_stay_high - Received: @badge-info=;badges=moderator/1;color=#008000;display-name=TONYXZERO;emotes=;flags=;id=dd98f009-bdf8-4c23-99fe-3510b605caf9;mod=1;room-id=443063688;subscriber=0;tmi-sent-ts=1562624608521;turbo=0;user-id=38731171;user-type=mod :tonyxzero!tonyxzero@tonyxzero.tmi.twitch.tv PRIVMSG #beringelamilgrau :!editquote 7
2019-07-08 7:24:12 PM: bot_stay_high - Received: PING :tmi.twitch.tv
2019-07-08 7:24:12 PM: bot_stay_high - Writing: PONG
2019-07-08 7:24:40 PM: bot_stay_high - Received: :s1faka!s1faka@s1faka.tmi.twitch.tv JOIN #beringelamilgrau
2019-07-08 7:25:38 PM: bot_stay_high - Received: :cachebear!cachebear@cachebear.tmi.twitch.tv PART #beringelamilgrau
2019-07-08 7:25:52 PM: bot_stay_high - Received: @badge-info=;badges=;color=#FF69B4;display-name=rbruno018;emotes=;flags=;id=647e73b0-117d-4e76-b5fe-d52630d8e9a3;mod=0;room-id=443063688;subscriber=0;tmi-sent-ts=1562624752634;turbo=0;user-id=216448313;user-type= :rbruno018!rbruno018@rbruno018.tmi.twitch.tv PRIVMSG #beringelamilgrau :peepoSmoke
2019-07-08 7:26:04 PM: bot_stay_high - Received: @badge-info=;badges=;color=#FF69B4;display-name=rbruno018;emotes=;flags=;id=bb0e0280-9e10-4010-9e1c-3cde7c96b501;mod=0;room-id=443063688;subscriber=0;tmi-sent-ts=1562624764162;turbo=0;user-id=216448313;user-type= :rbruno018!rbruno018@rbruno018.tmi.twitch.tv PRIVMSG #beringelamilgrau :ConcernFroge
2019-07-08 7:26:31 PM: bot_stay_high - Received: @badge-info=;badges=;color=#FF69B4;display-name=rbruno018;emotes=;flags=;id=1071af71-c9bc-4391-aa70-935556a29b1e;mod=0;room-id=443063688;subscriber=0;tmi-sent-ts=1562624790758;turbo=0;user-id=216448313;user-type= :rbruno018!rbruno018@rbruno018.tmi.twitch.tv PRIVMSG #beringelamilgrau :jojo
2019-07-08 7:26:35 PM: bot_stay_high - Received: :cachebear!cachebear@cachebear.tmi.twitch.tv JOIN #beringelamilgrau
2019-07-08 7:26:35 PM: bot_stay_high - Received: :hostmeraffle!hostmeraffle@hostmeraffle.tmi.twitch.tv PART #beringelamilgrau
2019-07-08 7:26:44 PM: bot_stay_high - Received: @badge-info=;badges=;color=#FF69B4;display-name=rbruno018;emotes=;flags=;id=388d5e71-711f-4db4-9365-a5689e6ba311;mod=0;room-id=443063688;subscriber=0;tmi-sent-ts=1562624804361;turbo=0;user-id=216448313;user-type= :rbruno018!rbruno018@rbruno018.tmi.twitch.tv PRIVMSG #beringelamilgrau :one piece
2019-07-08 7:26:49 PM: bot_stay_high - Received: @badge-info=;badges=;color=#FF69B4;display-name=rbruno018;emotes=;flags=;id=69699dc4-03a7-446e-bdc5-20b5426a6884;mod=0;room-id=443063688;subscriber=0;tmi-sent-ts=1562624808830;turbo=0;user-id=216448313;user-type= :rbruno018!rbruno018@rbruno018.tmi.twitch.tv PRIVMSG #beringelamilgrau :dark souls
2019-07-08 7:28:32 PM: bot_stay_high - Received: @badge-info=;badges=;color=#FF69B4;display-name=rbruno018;emotes=;flags=;id=aaaf0f86-fba8-4874-960e-b717c8d24d1e;mod=0;room-id=443063688;subscriber=0;tmi-sent-ts=1562624911923;turbo=0;user-id=216448313;user-type= :rbruno018!rbruno018@rbruno018.tmi.twitch.tv PRIVMSG #beringelamilgrau :OMEGALUL
2019-07-08 7:28:34 PM: bot_stay_high - Received: PING :tmi.twitch.tv
2019-07-08 7:28:34 PM: bot_stay_high - Writing: PONG
2019-07-08 7:28:34 PM: bot_stay_high - Received: :akirahken87!akirahken87@akirahken87.tmi.twitch.tv JOIN #beringelamilgrau
2019-07-08 7:28:34 PM: bot_stay_high - Received: :hostmeraffle!hostmeraffle@hostmeraffle.tmi.twitch.tv JOIN #beringelamilgrau
2019-07-08 7:28:34 PM: bot_stay_high - Received: :s1faka!s1faka@s1faka.tmi.twitch.tv PART #beringelamilgrau
2019-07-08 7:29:11 PM: bot_stay_high - Received: @badge-info=;badges=;color=#FF69B4;display-name=rbruno018;emotes=;flags=0-16:;id=4df8ca38-bb7e-4bc3-9958-9e286ecfbc71;mod=0;room-id=443063688;subscriber=0;tmi-sent-ts=1562624951011;turbo=0;user-id=216448313;user-type= :rbruno018!rbruno018@rbruno018.tmi.twitch.tv PRIVMSG #beringelamilgrau :peckdopezinho.com a casa dos bons pezinhos
2019-07-08 7:29:32 PM: bot_stay_high - Received: :anotherttvviewer!anotherttvviewer@anotherttvviewer.tmi.twitch.tv PART #beringelamilgrau
2019-07-08 7:30:28 PM: bot_stay_high - Received: @badge-info=;badges=;color=#FF69B4;display-name=rbruno018;emotes=;flags=;id=1567c032-f9d4-4ec2-a382-b3a971bb02d5;mod=0;room-id=443063688;subscriber=0;tmi-sent-ts=1562625028076;turbo=0;user-id=216448313;user-type= :rbruno018!rbruno018@rbruno018.tmi.twitch.tv PRIVMSG #beringelamilgrau :agride o vizinho ai
2019-07-08 7:30:34 PM: bot_stay_high - Received: :anotherttvviewer!anotherttvviewer@anotherttvviewer.tmi.twitch.tv JOIN #beringelamilgrau
2019-07-08 7:30:34 PM: bot_stay_high - Received: :akirahken87!akirahken87@akirahken87.tmi.twitch.tv PART #beringelamilgrau
2019-07-08 7:30:46 PM: bot_stay_high - Received: @badge-info=;badges=;color=#FF69B4;display-name=rbruno018;emotes=;flags=;id=5869e32e-34bf-4d66-adbc-31b5535f253c;mod=0;room-id=443063688;subscriber=0;tmi-sent-ts=1562625046419;turbo=0;user-id=216448313;user-type= :rbruno018!rbruno018@rbruno018.tmi.twitch.tv PRIVMSG #beringelamilgrau :OMEGALUL
2019-07-08 7:31:07 PM: bot_stay_high - Received: @badge-info=;badges=;color=#FF69B4;display-name=rbruno018;emotes=;flags=;id=1758f1e1-d2be-4661-a2dc-937d86e5a699;mod=0;room-id=443063688;subscriber=0;tmi-sent-ts=1562625067670;turbo=0;user-id=216448313;user-type= :rbruno018!rbruno018@rbruno018.tmi.twitch.tv PRIVMSG #beringelamilgrau :certissimo
2019-07-08 7:32:35 PM: bot_stay_high - Received: PING :tmi.twitch.tv
2019-07-08 7:32:35 PM: bot_stay_high - Writing: PONG
2019-07-08 7:32:40 PM: bot_stay_high - Received: :noob__saibott!noob__saibott@noob__saibott.tmi.twitch.tv JOIN #beringelamilgrau
2019-07-08 7:32:40 PM: bot_stay_high - Received: :hostmeraffle!hostmeraffle@hostmeraffle.tmi.twitch.tv PART #beringelamilgrau
2019-07-08 7:33:16 PM: bot_stay_high - Received: @badge-info=;badges=;color=;display-name=elbarberodesevilla;emotes=;flags=;id=493d7c13-d560-458b-8d5f-f8635304416f;mod=0;room-id=443063688;subscriber=0;tmi-sent-ts=1562625195845;turbo=0;user-id=255944901;user-type= :elbarberodesevilla!elbarberodesevilla@elbarberodesevilla.tmi.twitch.tv PRIVMSG #beringelamilgrau :hi
2019-07-08 7:33:25 PM: bot_stay_high - Received: @badge-info=;badges=;color=;display-name=noob__saibott;emotes=;flags=;id=1654b8da-7026-4022-8428-e15d60772395;mod=0;room-id=443063688;subscriber=0;tmi-sent-ts=1562625205087;turbo=0;user-id=435248006;user-type= :noob__saibott!noob__saibott@noob__saibott.tmi.twitch.tv PRIVMSG #beringelamilgrau :esse boss ? show demais
2019-07-08 7:34:06 PM: bot_stay_high - Received: @badge-info=;badges=;color=;display-name=elbarberodesevilla;emotes=;flags=;id=c0d35b3e-c171-4283-8813-9782ba9f457e;mod=0;room-id=443063688;subscriber=0;tmi-sent-ts=1562625246324;turbo=0;user-id=255944901;user-type= :elbarberodesevilla!elbarberodesevilla@elbarberodesevilla.tmi.twitch.tv PRIVMSG #beringelamilgrau :go go for lothric bro
2019-07-08 7:34:25 PM: bot_stay_high - Received: @badge-info=;badges=;color=;display-name=elbarberodesevilla;emotes=;flags=;id=0a34c894-088d-4ff5-b255-c56eb7ff1ad8;mod=0;room-id=443063688;subscriber=0;tmi-sent-ts=1562625264722;turbo=0;user-id=255944901;user-type= :elbarberodesevilla!elbarberodesevilla@elbarberodesevilla.tmi.twitch.tv PRIVMSG #beringelamilgrau :can u speak english??????
2019-07-08 7:34:43 PM: bot_stay_high - Received: :rbruno018!rbruno018@rbruno018.tmi.twitch.tv PART #beringelamilgrau
2019-07-08 7:34:49 PM: bot_stay_high - Received: @badge-info=;badges=;color=#FF69B4;display-name=rbruno018;emotes=;flags=;id=bb21eb43-2faa-4a2f-bc92-61b6d231908a;mod=0;room-id=443063688;subscriber=0;tmi-sent-ts=1562625289480;turbo=0;user-id=216448313;user-type= :rbruno018!rbruno018@rbruno018.tmi.twitch.tv PRIVMSG #beringelamilgrau :sim Pepega
2019-07-08 7:34:54 PM: bot_stay_high - Received: @badge-info=;badges=;color=;display-name=noob__saibott;emotes=;flags=;id=227b4ecd-6833-4e97-bd4e-c4dd4c50aa7c;mod=0;room-id=443063688;subscriber=0;tmi-sent-ts=1562625294231;turbo=0;user-id=435248006;user-type= :noob__saibott!noob__saibott@noob__saibott.tmi.twitch.tv PRIVMSG #beringelamilgrau :mano, ce deixou mto fragmento de osso morto vivo pra tr?s
2019-07-08 7:35:08 PM: bot_stay_high - Received: @badge-info=;badges=;color=;display-name=noob__saibott;emotes=;flags=;id=b07448ff-486d-4b9d-aa73-66a751a33b41;mod=0;room-id=443063688;subscriber=0;tmi-sent-ts=1562625307762;turbo=0;user-id=435248006;user-type= :noob__saibott!noob__saibott@noob__saibott.tmi.twitch.tv PRIVMSG #beringelamilgrau :sla ? sua primeira vez jogando
2019-07-08 7:35:13 PM: bot_stay_high - Received: @badge-info=;badges=;color=;display-name=elbarberodesevilla;emotes=;flags=;id=dd8387ec-142f-49c7-8170-f687f5c2ce74;mod=0;room-id=443063688;subscriber=0;tmi-sent-ts=1562625312879;turbo=0;user-id=255944901;user-type= :elbarberodesevilla!elbarberodesevilla@elbarberodesevilla.tmi.twitch.tv PRIVMSG #beringelamilgrau :lmao
2019-07-08 7:35:39 PM: bot_stay_high - Received: @badge-info=;badges=;color=#FF69B4;display-name=rbruno018;emotes=;flags=;id=49d60176-254e-4aa6-9279-fa85226b4d1a;mod=0;room-id=443063688;subscriber=0;tmi-sent-ts=1562625338999;turbo=0;user-id=216448313;user-type= :rbruno018!rbruno018@rbruno018.tmi.twitch.tv PRIVMSG #beringelamilgrau :!daniel
2019-07-08 7:35:39 PM: bot_stay_high - Received: @badge-info=;badges=moderator/1,partner/1;color=#7C7CE1;display-name=Nightbot;emotes=;flags=;id=3b6c48b4-4751-4153-9d19-ac27f8f5e17a;mod=1;room-id=443063688;subscriber=0;tmi-sent-ts=1562625339224;turbo=0;user-id=19264788;user-type=mod :nightbot!nightbot@nightbot.tmi.twitch.tv PRIVMSG #beringelamilgrau :Perdoa o rapaz, ele n?o sabe ler.
2019-07-08 7:35:50 PM: bot_stay_high - Received: :elbarberodesevilla!elbarberodesevilla@elbarberodesevilla.tmi.twitch.tv JOIN #beringelamilgrau
2019-07-08 7:35:50 PM: bot_stay_high - Received: :rbruno018!rbruno018@rbruno018.tmi.twitch.tv JOIN #beringelamilgrau
2019-07-08 7:36:12 PM: bot_stay_high - Received: @badge-info=;badges=;color=;display-name=elbarberodesevilla;emote-only=1;emotes=88:0-7,9-16;flags=;id=4a714b88-e667-4237-a7a3-13ced2907329;mod=0;room-id=443063688;subscriber=0;tmi-sent-ts=1562625372644;turbo=0;user-id=255944901;user-type= :elbarberodesevilla!elbarberodesevilla@elbarberodesevilla.tmi.twitch.tv PRIVMSG #beringelamilgrau :PogChamp PogChamp
2019-07-08 7:36:35 PM: bot_stay_high - Received: @badge-info=;badges=;color=#FF69B4;display-name=rbruno018;emotes=;flags=;id=1065fe23-c903-4892-9cbe-85199e4d6e59;mod=0;room-id=443063688;subscriber=0;tmi-sent-ts=1562625395020;turbo=0;user-id=216448313;user-type= :rbruno018!rbruno018@rbruno018.tmi.twitch.tv PRIVMSG #beringelamilgrau :lim?o OMEGALUL
2019-07-08 7:36:39 PM: bot_stay_high - Received: @badge-info=;badges=;color=;display-name=elbarberodesevilla;emotes=;flags=;id=19e7da6f-9e84-490c-92a7-11e6eeefa2ad;mod=0;room-id=443063688;subscriber=0;tmi-sent-ts=1562625399515;turbo=0;user-id=255944901;user-type= :elbarberodesevilla!elbarberodesevilla@elbarberodesevilla.tmi.twitch.tv PRIVMSG #beringelamilgrau :xDDDDDD
2019-07-08 7:36:55 PM: bot_stay_high - Received: @badge-info=;badges=;color=;display-name=elbarberodesevilla;emotes=;flags=;id=03b2e2ed-54cb-45d5-9565-dbf17a750e59;mod=0;room-id=443063688;subscriber=0;tmi-sent-ts=1562625415282;turbo=0;user-id=255944901;user-type= :elbarberodesevilla!elbarberodesevilla@elbarberodesevilla.tmi.twitch.tv PRIVMSG #beringelamilgrau :anana
2019-07-08 7:37:05 PM: bot_stay_high - Received: PING :tmi.twitch.tv
2019-07-08 7:37:05 PM: bot_stay_high - Writing: PONG
2019-07-08 7:37:44 PM: bot_stay_high - Received: @badge-info=;badges=;color=;display-name=elbarberodesevilla;emotes=;flags=;id=0da201ee-4700-4bbd-affe-c25bffb9abc5;mod=0;room-id=443063688;subscriber=0;tmi-sent-ts=1562625463793;turbo=0;user-id=255944901;user-type= :elbarberodesevilla!elbarberodesevilla@elbarberodesevilla.tmi.twitch.tv PRIVMSG #beringelamilgrau :see ya
2019-07-08 7:37:47 PM: bot_stay_high - Received: @badge-info=;badges=;color=;display-name=elbarberodesevilla;emotes=11:3-4;flags=;id=acf7bed0-4359-4e0d-937a-ec9d29f9e022;mod=0;room-id=443063688;subscriber=0;tmi-sent-ts=1562625467437;turbo=0;user-id=255944901;user-type= :elbarberodesevilla!elbarberodesevilla@elbarberodesevilla.tmi.twitch.tv PRIVMSG #beringelamilgrau :gl ;)
2019-07-08 7:40:05 PM: bot_stay_high - Received: :elbarberodesevilla!elbarberodesevilla@elbarberodesevilla.tmi.twitch.tv PART #beringelamilgrau
2019-07-08 7:40:40 PM: bot_stay_high - Received: @badge-info=;badges=;color=#FF69B4;display-name=rbruno018;emote-only=1;emotes=1134496:0-11;flags=;id=be444dcb-e3ba-432c-afaf-eee77d595980;mod=0;room-id=443063688;subscriber=0;tmi-sent-ts=1562625640112;turbo=0;user-id=216448313;user-type= :rbruno018!rbruno018@rbruno018.tmi.twitch.tv PRIVMSG #beringelamilgrau :totorRothier
2019-07-08 7:41:04 PM: bot_stay_high - Received: @badge-info=;badges=;color=#FF69B4;display-name=rbruno018;emotes=156787:11-21;flags=;id=aa7f7c5e-500f-4d53-a950-291bb2a39c3f;mod=0;room-id=443063688;subscriber=0;tmi-sent-ts=1562625663957;turbo=0;user-id=216448313;user-type= :rbruno018!rbruno018@rbruno018.tmi.twitch.tv PRIVMSG #beringelamilgrau :deu o raio MorphinTime
