8/18/2019 8:26:40 PM: botfumante - Connecting to: wss://irc-ws.chat.twitch.tv:443
8/18/2019 8:26:41 PM: botfumante - Should be connected!
8/18/2019 8:26:41 PM: botfumante - Joining channel: beringelamilgrau
8/18/2019 8:26:42 PM: botfumante - Received: :tmi.twitch.tv 001 botfumante :Welcome, GLHF!
8/18/2019 8:26:42 PM: botfumante - Received: :tmi.twitch.tv 002 botfumante :Your host is tmi.twitch.tv
8/18/2019 8:26:42 PM: botfumante - Received: :tmi.twitch.tv 003 botfumante :This server is rather new
8/18/2019 8:26:42 PM: botfumante - Received: :tmi.twitch.tv 004 botfumante :-
8/18/2019 8:26:42 PM: botfumante - Received: :tmi.twitch.tv 375 botfumante :-
8/18/2019 8:26:42 PM: botfumante - Received: :tmi.twitch.tv 372 botfumante :You are in a maze of twisty passages, all alike.
8/18/2019 8:26:42 PM: botfumante - Received: :tmi.twitch.tv 376 botfumante :>
8/18/2019 8:26:42 PM: botfumante - Received: :tmi.twitch.tv CAP * ACK :twitch.tv/membership
8/18/2019 8:26:42 PM: botfumante - Unaccounted for: :tmi.twitch.tv CAP * ACK :twitch.tv/membership
8/18/2019 8:26:42 PM: botfumante - Received: :tmi.twitch.tv CAP * ACK :twitch.tv/commands
8/18/2019 8:26:42 PM: botfumante - Unaccounted for: :tmi.twitch.tv CAP * ACK :twitch.tv/commands
8/18/2019 8:26:42 PM: botfumante - Received: :tmi.twitch.tv CAP * ACK :twitch.tv/tags
8/18/2019 8:26:42 PM: botfumante - Unaccounted for: :tmi.twitch.tv CAP * ACK :twitch.tv/tags
8/18/2019 8:26:42 PM: botfumante - Received: :botfumante!botfumante@botfumante.tmi.twitch.tv JOIN #beringelamilgrau
8/18/2019 8:26:42 PM: botfumante - Received: @badge-info=;badges=;color=;display-name=BotFumante;emote-sets=0;mod=0;subscriber=0;user-type= :tmi.twitch.tv USERSTATE #beringelamilgrau
8/18/2019 8:26:42 PM: botfumante - Received: @emote-only=0;followers-only=-1;r9k=0;rituals=0;room-id=443063688;slow=0;subs-only=0 :tmi.twitch.tv ROOMSTATE #beringelamilgrau
8/18/2019 8:26:42 PM: botfumante - Received: :botfumante.tmi.twitch.tv 353 botfumante = #beringelamilgrau :caioken_ ced_08 cyclemotion rbruno018 joeljb jcfleal calibrelordal fokernation montee_waffle vein_nazghoul dreyfk lucasgalvaooo pocrevocrednu biravg beringelamilgrau hisaagi streamlabs pedroazure tonyxzero alexisyuki eduardo2647 rudm09 jeffershinobi lurxx neto56 jean__ angeloflight nodamassa nightbot 5uperted 0x4c554b49 ddanniell besugomaster commanderroot ryuza_ying glenan pedros_henrik botfumante michelle_rezende
8/18/2019 8:26:42 PM: botfumante - Received: :botfumante.tmi.twitch.tv 353 botfumante = #beringelamilgrau :winsock recoverl ixlimpoke xatang guilhermemeirelles icaro gladosxcake itsvodoo electricallongboard totoro zapydos
8/18/2019 8:26:42 PM: botfumante - Received: :botfumante.tmi.twitch.tv 366 botfumante #beringelamilgrau :End of /NAMES list
8/18/2019 8:26:42 PM: botfumante - Finished channel joining queue.
8/18/2019 8:26:42 PM: botfumante - Finished channel joining queue.
8/18/2019 8:26:44 PM: botfumante - Received: @badge-info=;badges=moderator/1;color=#008000;display-name=TONYXZERO;emotes=;flags=;id=87e943cb-1ea3-4445-9ab8-4de4c536fdfc;mod=1;room-id=443063688;subscriber=0;tmi-sent-ts=1566170803026;turbo=0;user-id=38731171;user-type=mod :tonyxzero!tonyxzero@tonyxzero.tmi.twitch.tv PRIVMSG #beringelamilgrau :PepePls ???????? ???? burn it up, baby Sorry darling?
8/18/2019 8:27:07 PM: botfumante - Received: @badge-info=subscriber/2;badges=broadcaster/1,subscriber/0;color=#8A2BE2;display-name=BeringelaMilGrau;emotes=;flags=;id=d04b8cf0-30bb-4154-bb88-404cb2827e35;mod=0;room-id=443063688;subscriber=1;tmi-sent-ts=1566170825726;turbo=0;user-id=443063688;user-type= :beringelamilgrau!beringelamilgrau@beringelamilgrau.tmi.twitch.tv PRIVMSG #beringelamilgrau :Tem que seguir a ABNT agora peepoSleepo
8/18/2019 8:27:15 PM: botfumante - Received: @badge-info=;badges=moderator/1;color=#008000;display-name=TONYXZERO;emotes=;flags=;id=8b44d249-e0ca-47f4-835e-a984843c0ed7;mod=1;room-id=443063688;subscriber=0;tmi-sent-ts=1566170833899;turbo=0;user-id=38731171;user-type=mod :tonyxzero!tonyxzero@tonyxzero.tmi.twitch.tv PRIVMSG #beringelamilgrau :peepoSleepo
