8/11/2019 2:12:44 PM: jean__ - Connecting to: wss://irc-ws.chat.twitch.tv:443
8/11/2019 2:12:45 PM: jean__ - Should be connected!
8/11/2019 2:12:45 PM: jean__ - Joining channel: beringelamilgrau
8/11/2019 2:12:46 PM: jean__ - Received: :tmi.twitch.tv 001 jean__ :Welcome, GLHF!
8/11/2019 2:12:46 PM: jean__ - Received: :tmi.twitch.tv 002 jean__ :Your host is tmi.twitch.tv
8/11/2019 2:12:46 PM: jean__ - Received: :tmi.twitch.tv 003 jean__ :This server is rather new
8/11/2019 2:12:46 PM: jean__ - Received: :tmi.twitch.tv 004 jean__ :-
8/11/2019 2:12:46 PM: jean__ - Received: :tmi.twitch.tv 375 jean__ :-
8/11/2019 2:12:46 PM: jean__ - Received: :tmi.twitch.tv 372 jean__ :You are in a maze of twisty passages, all alike.
8/11/2019 2:12:46 PM: jean__ - Received: :tmi.twitch.tv 376 jean__ :>
8/11/2019 2:12:46 PM: jean__ - Received: PING :tmi.twitch.tv
8/11/2019 2:12:46 PM: jean__ - Writing: PONG
8/11/2019 2:12:46 PM: jean__ - Received: :tmi.twitch.tv CAP * ACK :twitch.tv/membership
8/11/2019 2:12:46 PM: jean__ - Unaccounted for: :tmi.twitch.tv CAP * ACK :twitch.tv/membership
8/11/2019 2:12:46 PM: jean__ - Received: :tmi.twitch.tv CAP * ACK :twitch.tv/commands
8/11/2019 2:12:46 PM: jean__ - Unaccounted for: :tmi.twitch.tv CAP * ACK :twitch.tv/commands
8/11/2019 2:12:46 PM: jean__ - Received: :tmi.twitch.tv CAP * ACK :twitch.tv/tags
8/11/2019 2:12:46 PM: jean__ - Unaccounted for: :tmi.twitch.tv CAP * ACK :twitch.tv/tags
8/11/2019 2:12:46 PM: jean__ - Received: :jean__!jean__@jean__.tmi.twitch.tv JOIN #beringelamilgrau
8/11/2019 2:12:46 PM: jean__ - Received: :jean__.tmi.twitch.tv 353 jean__ = #beringelamilgrau :jean__
8/11/2019 2:12:46 PM: jean__ - Received: :jean__.tmi.twitch.tv 366 jean__ #beringelamilgrau :End of /NAMES list
8/11/2019 2:12:46 PM: jean__ - Finished channel joining queue.
8/11/2019 2:12:46 PM: jean__ - Received: @badge-info=subscriber/2;badges=vip/1,subscriber/0,bits-charity/1;color=#5F9EA0;display-name=Jean__;emote-sets=0,412472,300319631;mod=0;subscriber=1;user-type= :tmi.twitch.tv USERSTATE #beringelamilgrau
8/11/2019 2:12:46 PM: jean__ - Received: @emote-only=0;followers-only=-1;r9k=0;rituals=0;room-id=443063688;slow=0;subs-only=0 :tmi.twitch.tv ROOMSTATE #beringelamilgrau
8/11/2019 2:12:46 PM: jean__ - Finished channel joining queue.
8/11/2019 2:12:48 PM: jean__ - Received: @badge-info=subscriber/2;badges=vip/1,subscriber/0,bits-charity/1;color=#5F9EA0;display-name=Jean__;emotes=;flags=;id=6caa0c73-8daf-46c8-b2ab-a71be903a1a9;mod=0;room-id=443063688;subscriber=1;tmi-sent-ts=1565543567554;turbo=0;user-id=38479494;user-type= :jean__!jean__@jean__.tmi.twitch.tv PRIVMSG #beringelamilgrau :!p a
8/11/2019 2:12:53 PM: jean__ - Received: @badge-info=subscriber/2;badges=vip/1,subscriber/0,bits-charity/1;color=#5F9EA0;display-name=Jean__;emotes=;flags=;id=07682402-cfce-47cc-ba84-8f3229e37879;mod=0;room-id=443063688;subscriber=1;tmi-sent-ts=1565543572342;turbo=0;user-id=38479494;user-type= :jean__!jean__@jean__.tmi.twitch.tv PRIVMSG #beringelamilgrau :!p a test
8/11/2019 2:13:00 PM: jean__ - Received: @badge-info=subscriber/2;badges=vip/1,subscriber/0,bits-charity/1;color=#5F9EA0;display-name=Jean__;emotes=;flags=;id=e2712fef-8009-4f55-9a0c-871d29a08545;mod=0;room-id=443063688;subscriber=1;tmi-sent-ts=1565543579226;turbo=0;user-id=38479494;user-type= :jean__!jean__@jean__.tmi.twitch.tv PRIVMSG #beringelamilgrau :!p tiro true
