8/3/2019 9:17:29 PM: botfumante - Connecting to: wss://irc-ws.chat.twitch.tv:443
8/3/2019 9:17:30 PM: botfumante - Should be connected!
8/3/2019 9:17:30 PM: botfumante - Joining channel: jean__
8/3/2019 9:17:30 PM: botfumante - Received: :tmi.twitch.tv 001 botfumante :Welcome, GLHF!
8/3/2019 9:17:30 PM: botfumante - Received: :tmi.twitch.tv 002 botfumante :Your host is tmi.twitch.tv
8/3/2019 9:17:30 PM: botfumante - Received: :tmi.twitch.tv 003 botfumante :This server is rather new
8/3/2019 9:17:30 PM: botfumante - Received: :tmi.twitch.tv 004 botfumante :-
8/3/2019 9:17:30 PM: botfumante - Received: :tmi.twitch.tv 375 botfumante :-
8/3/2019 9:17:30 PM: botfumante - Received: :tmi.twitch.tv 372 botfumante :You are in a maze of twisty passages, all alike.
8/3/2019 9:17:31 PM: botfumante - Received: :tmi.twitch.tv 376 botfumante :>
8/3/2019 9:17:31 PM: botfumante - Received: :tmi.twitch.tv CAP * ACK :twitch.tv/membership
8/3/2019 9:17:31 PM: botfumante - Unaccounted for: :tmi.twitch.tv CAP * ACK :twitch.tv/membership
8/3/2019 9:17:31 PM: botfumante - Received: :tmi.twitch.tv CAP * ACK :twitch.tv/commands
8/3/2019 9:17:31 PM: botfumante - Unaccounted for: :tmi.twitch.tv CAP * ACK :twitch.tv/commands
8/3/2019 9:17:31 PM: botfumante - Received: :tmi.twitch.tv CAP * ACK :twitch.tv/tags
8/3/2019 9:17:31 PM: botfumante - Unaccounted for: :tmi.twitch.tv CAP * ACK :twitch.tv/tags
8/3/2019 9:17:31 PM: botfumante - Received: :botfumante!botfumante@botfumante.tmi.twitch.tv JOIN #jean__
8/3/2019 9:17:31 PM: botfumante - Received: :botfumante.tmi.twitch.tv 353 botfumante = #jean__ :botfumante
8/3/2019 9:17:31 PM: botfumante - Received: :botfumante.tmi.twitch.tv 366 botfumante #jean__ :End of /NAMES list
8/3/2019 9:17:31 PM: botfumante - Finished channel joining queue.
8/3/2019 9:17:31 PM: botfumante - Received: @badge-info=;badges=;color=;display-name=BotFumante;emote-sets=0;mod=0;subscriber=0;user-type= :tmi.twitch.tv USERSTATE #jean__
8/3/2019 9:17:31 PM: botfumante - Received: @emote-only=0;followers-only=-1;r9k=0;rituals=0;room-id=38479494;slow=0;subs-only=0 :tmi.twitch.tv ROOMSTATE #jean__
8/3/2019 9:17:31 PM: botfumante - Finished channel joining queue.
8/3/2019 9:17:34 PM: botfumante - Received: @badge-info=;badges=broadcaster/1,bits-charity/1;color=#5F9EA0;display-name=Jean__;emotes=;flags=;id=8c4d18ae-ad6f-4d7e-a393-1919fb42464e;mod=0;room-id=38479494;subscriber=0;tmi-sent-ts=1564877853647;turbo=0;user-id=38479494;user-type= :jean__!jean__@jean__.tmi.twitch.tv PRIVMSG #jean__ :!scream
8/3/2019 9:17:37 PM: botfumante - Received: @badge-info=;badges=broadcaster/1,bits-charity/1;color=#5F9EA0;display-name=Jean__;emotes=;flags=;id=c0723933-97b6-4a62-94c0-20931558cdbf;mod=0;room-id=38479494;subscriber=0;tmi-sent-ts=1564877857089;turbo=0;user-id=38479494;user-type= :jean__!jean__@jean__.tmi.twitch.tv PRIVMSG #jean__ :!!
