8/23/2019 1:01:06 AM: bot_stay_high - Connecting to: wss://irc-ws.chat.twitch.tv:443
8/23/2019 1:01:07 AM: bot_stay_high - Should be connected!
8/23/2019 1:01:07 AM: bot_stay_high - Joining channel: beringelamilgrau
8/23/2019 1:01:08 AM: bot_stay_high - Received: :tmi.twitch.tv 001 bot_stay_high :Welcome, GLHF!
8/23/2019 1:01:08 AM: bot_stay_high - Received: :tmi.twitch.tv 002 bot_stay_high :Your host is tmi.twitch.tv
8/23/2019 1:01:08 AM: bot_stay_high - Received: :tmi.twitch.tv 003 bot_stay_high :This server is rather new
8/23/2019 1:01:08 AM: bot_stay_high - Received: :tmi.twitch.tv 004 bot_stay_high :-
8/23/2019 1:01:08 AM: bot_stay_high - Received: :tmi.twitch.tv 375 bot_stay_high :-
8/23/2019 1:01:08 AM: bot_stay_high - Received: :tmi.twitch.tv 372 bot_stay_high :You are in a maze of twisty passages, all alike.
8/23/2019 1:01:08 AM: bot_stay_high - Received: :tmi.twitch.tv 376 bot_stay_high :>
8/23/2019 1:01:08 AM: bot_stay_high - Received: :tmi.twitch.tv CAP * ACK :twitch.tv/membership
8/23/2019 1:01:08 AM: bot_stay_high - Unaccounted for: :tmi.twitch.tv CAP * ACK :twitch.tv/membership
8/23/2019 1:01:08 AM: bot_stay_high - Received: :tmi.twitch.tv CAP * ACK :twitch.tv/commands
8/23/2019 1:01:08 AM: bot_stay_high - Unaccounted for: :tmi.twitch.tv CAP * ACK :twitch.tv/commands
8/23/2019 1:01:08 AM: bot_stay_high - Received: :tmi.twitch.tv CAP * ACK :twitch.tv/tags
8/23/2019 1:01:08 AM: bot_stay_high - Unaccounted for: :tmi.twitch.tv CAP * ACK :twitch.tv/tags
8/23/2019 1:01:08 AM: bot_stay_high - Received: :bot_stay_high!bot_stay_high@bot_stay_high.tmi.twitch.tv JOIN #beringelamilgrau
8/23/2019 1:01:08 AM: bot_stay_high - Received: :bot_stay_high.tmi.twitch.tv 353 bot_stay_high = #beringelamilgrau :bot_stay_high
8/23/2019 1:01:08 AM: bot_stay_high - Received: :bot_stay_high.tmi.twitch.tv 366 bot_stay_high #beringelamilgrau :End of /NAMES list
8/23/2019 1:01:08 AM: bot_stay_high - Finished channel joining queue.
8/23/2019 1:01:08 AM: bot_stay_high - Received: @badge-info=;badges=;color=;display-name=bot_stay_high;emote-sets=0;mod=0;subscriber=0;user-type= :tmi.twitch.tv USERSTATE #beringelamilgrau
8/23/2019 1:01:08 AM: bot_stay_high - Received: @emote-only=0;followers-only=-1;r9k=0;rituals=0;room-id=443063688;slow=0;subs-only=0 :tmi.twitch.tv ROOMSTATE #beringelamilgrau
8/23/2019 1:01:08 AM: bot_stay_high - Finished channel joining queue.
8/23/2019 1:01:12 AM: bot_stay_high - Received: @badge-info=subscriber/2;badges=vip/1,subscriber/0,bits-charity/1;color=#5F9EA0;display-name=Jean__;emotes=;flags=;id=76cfa4ad-e9ba-4af9-a9f6-ae954b07cd63;mod=0;room-id=443063688;subscriber=1;tmi-sent-ts=1566532871924;turbo=0;user-id=38479494;user-type= :jean__!jean__@jean__.tmi.twitch.tv PRIVMSG #beringelamilgrau :!price maria renata
8/23/2019 1:01:14 AM: bot_stay_high - Received: @badge-info=;badges=;color=;display-name=bot_stay_high;emote-sets=0;mod=0;subscriber=0;user-type= :tmi.twitch.tv USERSTATE #beringelamilgrau
8/23/2019 1:01:18 AM: bot_stay_high - Received: @badge-info=subscriber/2;badges=vip/1,subscriber/0,bits-charity/1;color=#5F9EA0;display-name=Jean__;emotes=;flags=;id=527a9d8a-4e13-41ea-a6e8-5b7566d893a7;mod=0;room-id=443063688;subscriber=1;tmi-sent-ts=1566532877652;turbo=0;user-id=38479494;user-type= :jean__!jean__@jean__.tmi.twitch.tv PRIVMSG #beringelamilgrau :Pepega
8/23/2019 1:01:22 AM: bot_stay_high - Received: @badge-info=;badges=premium/1;color=#3AC6D0;display-name=Gabrigode;emotes=;flags=;id=4fa9db8c-ef50-478f-88a7-fe2783a4c619;mod=0;room-id=443063688;subscriber=0;tmi-sent-ts=1566532881662;turbo=0;user-id=125402779;user-type= :gabrigode!gabrigode@gabrigode.tmi.twitch.tv PRIVMSG #beringelamilgrau :(joga Senran Kagura)
8/23/2019 1:01:25 AM: bot_stay_high - Received: @badge-info=;badges=premium/1;color=#3AC6D0;display-name=Gabrigode;emote-only=1;emotes=160401:0-5;flags=;id=ad43d9be-d2f0-4d03-835d-50e6742d5e29;mod=0;room-id=443063688;subscriber=0;tmi-sent-ts=1566532884974;turbo=0;user-id=125402779;user-type= :gabrigode!gabrigode@gabrigode.tmi.twitch.tv PRIVMSG #beringelamilgrau :PunOko
8/23/2019 1:01:41 AM: bot_stay_high - Received: :ddanniell!ddanniell@ddanniell.tmi.twitch.tv JOIN #beringelamilgrau
8/23/2019 1:01:41 AM: bot_stay_high - Received: :streamlabs!streamlabs@streamlabs.tmi.twitch.tv JOIN #beringelamilgrau
8/23/2019 1:01:41 AM: bot_stay_high - Received: :montee_waffle!montee_waffle@montee_waffle.tmi.twitch.tv JOIN #beringelamilgrau
8/23/2019 1:01:41 AM: bot_stay_high - Received: :s1faka!s1faka@s1faka.tmi.twitch.tv JOIN #beringelamilgrau
8/23/2019 1:01:41 AM: bot_stay_high - Received: :electricallongboard!electricallongboard@electricallongboard.tmi.twitch.tv JOIN #beringelamilgrau
8/23/2019 1:01:41 AM: bot_stay_high - Received: :lurxx!lurxx@lurxx.tmi.twitch.tv JOIN #beringelamilgrau
8/23/2019 1:01:41 AM: bot_stay_high - Received: :rafael_870!rafael_870@rafael_870.tmi.twitch.tv JOIN #beringelamilgrau
8/23/2019 1:01:41 AM: bot_stay_high - Received: :jean__!jean__@jean__.tmi.twitch.tv JOIN #beringelamilgrau
8/23/2019 1:01:41 AM: bot_stay_high - Received: :hostmeraffle!hostmeraffle@hostmeraffle.tmi.twitch.tv JOIN #beringelamilgrau
8/23/2019 1:01:41 AM: bot_stay_high - Received: :lucaesan!lucaesan@lucaesan.tmi.twitch.tv JOIN #beringelamilgrau
8/23/2019 1:01:41 AM: bot_stay_high - Received: :don_torelli!don_torelli@don_torelli.tmi.twitch.tv JOIN #beringelamilgrau
8/23/2019 1:01:41 AM: bot_stay_high - Received: :joseantonio001!joseantonio001@joseantonio001.tmi.twitch.tv JOIN #beringelamilgrau
8/23/2019 1:01:41 AM: bot_stay_high - Received: :beringelamilgrau!beringelamilgrau@beringelamilgrau.tmi.twitch.tv JOIN #beringelamilgrau
8/23/2019 1:01:41 AM: bot_stay_high - Received: :rbruno018!rbruno018@rbruno018.tmi.twitch.tv JOIN #beringelamilgrau
8/23/2019 1:01:41 AM: bot_stay_high - Received: :winsock!winsock@winsock.tmi.twitch.tv JOIN #beringelamilgrau
8/23/2019 1:01:41 AM: bot_stay_high - Received: :gabrigode!gabrigode@gabrigode.tmi.twitch.tv JOIN #beringelamilgrau
8/23/2019 1:01:41 AM: bot_stay_high - Received: :commanderroot!commanderroot@commanderroot.tmi.twitch.tv JOIN #beringelamilgrau
8/23/2019 1:01:50 AM: bot_stay_high - Received: @badge-info=subscriber/2;badges=vip/1,subscriber/0,bits-charity/1;color=#5F9EA0;display-name=Jean__;emotes=;flags=;id=2c5182e2-f8e2-4293-baf0-5cfa044bc7f0;mod=0;room-id=443063688;subscriber=1;tmi-sent-ts=1566532909548;turbo=0;user-id=38479494;user-type= :jean__!jean__@jean__.tmi.twitch.tv PRIVMSG #beringelamilgrau :foi pesado? PepeLaugh
8/23/2019 1:02:07 AM: bot_stay_high - Received: @badge-info=;badges=;color=;display-name=joseantonio001;emotes=;flags=;id=ccc4f36e-9a69-4bac-aaeb-6f74ad9aef50;mod=0;room-id=443063688;subscriber=0;tmi-sent-ts=1566532926982;turbo=0;user-id=157525923;user-type= :joseantonio001!joseantonio001@joseantonio001.tmi.twitch.tv PRIVMSG #beringelamilgrau :mostrs o PRINT
8/23/2019 1:02:18 AM: bot_stay_high - Received: @badge-info=;badges=;color=;display-name=joseantonio001;emotes=;flags=;id=b1ac6e7a-1cd1-428c-9401-2fbbcd009728;mod=0;room-id=443063688;subscriber=0;tmi-sent-ts=1566532938028;turbo=0;user-id=157525923;user-type= :joseantonio001!joseantonio001@joseantonio001.tmi.twitch.tv PRIVMSG #beringelamilgrau :KAGURA da BAN ANIMAL olha na LIST
8/23/2019 1:02:22 AM: bot_stay_high - Received: @badge-info=;badges=premium/1;color=#3AC6D0;display-name=Gabrigode;emotes=;flags=;id=3d111dcb-ab7d-4b3d-a78d-5d0b43aecf37;mod=0;room-id=443063688;subscriber=0;tmi-sent-ts=1566532942149;turbo=0;user-id=125402779;user-type= :gabrigode!gabrigode@gabrigode.tmi.twitch.tv PRIVMSG #beringelamilgrau :mas Gal Gun t? na lista de proibidos FeelsOkayMan
8/23/2019 1:02:54 AM: bot_stay_high - Received: @badge-info=;badges=moderator/1;color=#38CC8F;display-name=Montee_Waffle;emotes=;flags=;id=b0e634cb-6372-4d89-a016-4dabcbcdc0ec;mod=1;room-id=443063688;subscriber=0;tmi-sent-ts=1566532974376;turbo=0;user-id=148551409;user-type=mod :montee_waffle!montee_waffle@montee_waffle.tmi.twitch.tv PRIVMSG #beringelamilgrau :!game retro
8/23/2019 1:02:55 AM: bot_stay_high - Received: @badge-info=;badges=moderator/1,partner/1;color=#7C7CE1;display-name=Nightbot;emotes=;flags=;id=b464afff-1284-45dd-988e-8f8cbfc95799;mod=1;room-id=443063688;subscriber=0;tmi-sent-ts=1566532974673;turbo=0;user-id=19264788;user-type=mod :nightbot!nightbot@nightbot.tmi.twitch.tv PRIVMSG #beringelamilgrau :@Montee_Waffle -> The stream game has been updated to: retro
