8/11/2019 4:35:24 PM: jean__ - Connecting to: wss://irc-ws.chat.twitch.tv:443
8/11/2019 4:35:25 PM: jean__ - Should be connected!
8/11/2019 4:35:25 PM: jean__ - Joining channel: beringelamilgrau
8/11/2019 4:35:26 PM: jean__ - Received: :tmi.twitch.tv 001 jean__ :Welcome, GLHF!
8/11/2019 4:35:26 PM: jean__ - Received: :tmi.twitch.tv 002 jean__ :Your host is tmi.twitch.tv
8/11/2019 4:35:26 PM: jean__ - Received: :tmi.twitch.tv 003 jean__ :This server is rather new
8/11/2019 4:35:26 PM: jean__ - Received: :tmi.twitch.tv 004 jean__ :-
8/11/2019 4:35:26 PM: jean__ - Received: :tmi.twitch.tv 375 jean__ :-
8/11/2019 4:35:26 PM: jean__ - Received: :tmi.twitch.tv 372 jean__ :You are in a maze of twisty passages, all alike.
8/11/2019 4:35:26 PM: jean__ - Received: :tmi.twitch.tv 376 jean__ :>
8/11/2019 4:35:26 PM: jean__ - Received: :tmi.twitch.tv CAP * ACK :twitch.tv/membership
8/11/2019 4:35:26 PM: jean__ - Unaccounted for: :tmi.twitch.tv CAP * ACK :twitch.tv/membership
8/11/2019 4:35:26 PM: jean__ - Received: :tmi.twitch.tv CAP * ACK :twitch.tv/commands
8/11/2019 4:35:26 PM: jean__ - Unaccounted for: :tmi.twitch.tv CAP * ACK :twitch.tv/commands
8/11/2019 4:35:26 PM: jean__ - Received: :tmi.twitch.tv CAP * ACK :twitch.tv/tags
8/11/2019 4:35:26 PM: jean__ - Unaccounted for: :tmi.twitch.tv CAP * ACK :twitch.tv/tags
8/11/2019 4:35:26 PM: jean__ - Received: :jean__!jean__@jean__.tmi.twitch.tv JOIN #beringelamilgrau
8/11/2019 4:35:26 PM: jean__ - Received: :jean__.tmi.twitch.tv 353 jean__ = #beringelamilgrau :jean__
8/11/2019 4:35:26 PM: jean__ - Received: :jean__.tmi.twitch.tv 366 jean__ #beringelamilgrau :End of /NAMES list
8/11/2019 4:35:26 PM: jean__ - Finished channel joining queue.
8/11/2019 4:35:26 PM: jean__ - Received: @badge-info=subscriber/2;badges=vip/1,subscriber/0,bits-charity/1;color=#5F9EA0;display-name=Jean__;emote-sets=0,412472,300319631;mod=0;subscriber=1;user-type= :tmi.twitch.tv USERSTATE #beringelamilgrau
8/11/2019 4:35:26 PM: jean__ - Received: @emote-only=0;followers-only=-1;r9k=0;rituals=0;room-id=443063688;slow=0;subs-only=0 :tmi.twitch.tv ROOMSTATE #beringelamilgrau
8/11/2019 4:35:26 PM: jean__ - Finished channel joining queue.
8/11/2019 4:35:31 PM: jean__ - Received: @badge-info=subscriber/2;badges=vip/1,subscriber/0,bits-charity/1;color=#5F9EA0;display-name=Jean__;emotes=;flags=;id=c8778641-350f-4e05-aa9c-7d800ccd6194;mod=0;room-id=443063688;subscriber=1;tmi-sent-ts=1565552130764;turbo=0;user-id=38479494;user-type= :jean__!jean__@jean__.tmi.twitch.tv PRIVMSG #beringelamilgrau :!! monkaHmm
8/11/2019 4:35:32 PM: jean__ - Received: @badge-info=;badges=;color=#FF69B4;display-name=lactuca_sativa;emotes=1902:33-37;flags=;id=cce2379d-f592-48e4-91c1-8ff4a22eb53f;mod=0;room-id=443063688;subscriber=0;tmi-sent-ts=1565552131714;turbo=0;user-id=140917275;user-type= :lactuca_sativa!lactuca_sativa@lactuca_sativa.tmi.twitch.tv PRIVMSG #beringelamilgrau :sabia que ? um jogo muito legal? Keepo
8/11/2019 4:35:32 PM: jean__ - Received: @badge-info=subscriber/2;badges=vip/1,subscriber/0,bits-charity/1;color=#5F9EA0;display-name=Jean__;emote-sets=0,412472,300319631;mod=0;subscriber=1;user-type= :tmi.twitch.tv USERSTATE #beringelamilgrau
8/11/2019 4:36:00 PM: jean__ - Received: @badge-info=subscriber/2;badges=broadcaster/1,subscriber/0;color=#8A2BE2;display-name=BeringelaMilGrau;emotes=;flags=;id=8fcd6580-5690-4553-9be6-2e1a81c61d94;mod=0;room-id=443063688;subscriber=1;tmi-sent-ts=1565552158904;turbo=0;user-id=443063688;user-type= :beringelamilgrau!beringelamilgrau@beringelamilgrau.tmi.twitch.tv PRIVMSG #beringelamilgrau :tem como fazer beringela recheada no dont starve peepoSmart
8/11/2019 4:36:10 PM: jean__ - Received: @badge-info=;badges=;color=;display-name=joseantonio001;emotes=;flags=;id=af370ada-0074-4f54-9842-e3903cd01590;mod=0;room-id=443063688;subscriber=0;tmi-sent-ts=1565552169094;turbo=0;user-id=157525923;user-type= :joseantonio001!joseantonio001@joseantonio001.tmi.twitch.tv PRIVMSG #beringelamilgrau :sai daki seu FAKE BOTFUMANTE
8/11/2019 4:36:18 PM: jean__ - Received: :beringelamilgrau!beringelamilgrau@beringelamilgrau.tmi.twitch.tv JOIN #beringelamilgrau
8/11/2019 4:36:18 PM: jean__ - Received: :p0lizei_!p0lizei_@p0lizei_.tmi.twitch.tv JOIN #beringelamilgrau
8/11/2019 4:36:18 PM: jean__ - Received: :joseantonio001!joseantonio001@joseantonio001.tmi.twitch.tv JOIN #beringelamilgrau
8/11/2019 4:36:18 PM: jean__ - Received: :pedroazure!pedroazure@pedroazure.tmi.twitch.tv JOIN #beringelamilgrau
8/11/2019 4:36:18 PM: jean__ - Received: :lurxx!lurxx@lurxx.tmi.twitch.tv JOIN #beringelamilgrau
8/11/2019 4:36:18 PM: jean__ - Received: :commanderroot!commanderroot@commanderroot.tmi.twitch.tv JOIN #beringelamilgrau
8/11/2019 4:36:18 PM: jean__ - Received: :hisaagi!hisaagi@hisaagi.tmi.twitch.tv JOIN #beringelamilgrau
8/11/2019 4:36:18 PM: jean__ - Received: :angeloflight!angeloflight@angeloflight.tmi.twitch.tv JOIN #beringelamilgrau
8/11/2019 4:36:18 PM: jean__ - Received: :maria_renata!maria_renata@maria_renata.tmi.twitch.tv JOIN #beringelamilgrau
8/11/2019 4:36:18 PM: jean__ - Received: :lactuca_sativa!lactuca_sativa@lactuca_sativa.tmi.twitch.tv JOIN #beringelamilgrau
8/11/2019 4:36:18 PM: jean__ - Received: :streamlabs!streamlabs@streamlabs.tmi.twitch.tv JOIN #beringelamilgrau
8/11/2019 4:36:18 PM: jean__ - Received: :nightbot!nightbot@nightbot.tmi.twitch.tv JOIN #beringelamilgrau
8/11/2019 4:36:18 PM: jean__ - Received: :montee_waffle!montee_waffle@montee_waffle.tmi.twitch.tv JOIN #beringelamilgrau
8/11/2019 4:36:47 PM: jean__ - Received: @badge-info=;badges=vip/1;color=#008000;display-name=Hisaagi;emotes=;flags=;id=53967dba-ac4c-40ba-9d3d-68b467504d26;mod=0;room-id=443063688;subscriber=0;tmi-sent-ts=1565552206366;turbo=0;user-id=137774469;user-type= :hisaagi!hisaagi@hisaagi.tmi.twitch.tv PRIVMSG #beringelamilgrau :o bracinho de derrame FeelsMan
8/11/2019 4:36:51 PM: jean__ - Received: @badge-info=subscriber/2;badges=vip/1,subscriber/0,bits-charity/1;color=#5F9EA0;display-name=Jean__;emotes=;flags=;id=2a3122be-1a9a-46b9-927f-3a550917d58b;mod=0;room-id=443063688;subscriber=1;tmi-sent-ts=1565552210723;turbo=0;user-id=38479494;user-type= :jean__!jean__@jean__.tmi.twitch.tv PRIVMSG #beringelamilgrau :Hisaagi testa o comando tiro ae FeelsOkayMan
8/11/2019 4:36:58 PM: jean__ - Received: @badge-info=;badges=vip/1;color=#008000;display-name=Hisaagi;emotes=;flags=;id=08cc3082-4ef9-494d-938c-7755662dc842;mod=0;room-id=443063688;subscriber=0;tmi-sent-ts=1565552217578;turbo=0;user-id=137774469;user-type= :hisaagi!hisaagi@hisaagi.tmi.twitch.tv PRIVMSG #beringelamilgrau :!tiro
8/11/2019 4:37:00 PM: jean__ - Received: @badge-info=;badges=vip/1;color=#008000;display-name=Hisaagi;emotes=;flags=;id=557ed452-1f9e-4ec9-a340-8f95e2445b8e;mod=0;room-id=443063688;subscriber=0;tmi-sent-ts=1565552219344;turbo=0;user-id=137774469;user-type= :hisaagi!hisaagi@hisaagi.tmi.twitch.tv PRIVMSG #beringelamilgrau :Pepega
8/11/2019 4:37:07 PM: jean__ - Received: @badge-info=subscriber/2;badges=vip/1,subscriber/0,bits-charity/1;color=#5F9EA0;display-name=Jean__;emotes=;flags=;id=949fea78-e2a5-4d87-9e59-b92511afd9e1;mod=0;room-id=443063688;subscriber=1;tmi-sent-ts=1565552226235;turbo=0;user-id=38479494;user-type= :jean__!jean__@jean__.tmi.twitch.tv PRIVMSG #beringelamilgrau :!p tiro true
8/11/2019 4:37:20 PM: jean__ - Received: @badge-info=subscriber/2;badges=vip/1,subscriber/0,bits-charity/1;color=#5F9EA0;display-name=Jean__;emotes=;flags=;id=728cf357-daa5-4650-b2be-3d771881693f;mod=0;room-id=443063688;subscriber=1;tmi-sent-ts=1565552239562;turbo=0;user-id=38479494;user-type= :jean__!jean__@jean__.tmi.twitch.tv PRIVMSG #beringelamilgrau :testa ae de novo FeelsOkayMan
8/11/2019 4:37:21 PM: jean__ - Received: @badge-info=;badges=;color=#FF69B4;display-name=lactuca_sativa;emotes=;flags=;id=723a3a95-6ade-425f-bd8c-beccc1c07177;mod=0;room-id=443063688;subscriber=0;tmi-sent-ts=1565552240332;turbo=0;user-id=140917275;user-type= :lactuca_sativa!lactuca_sativa@lactuca_sativa.tmi.twitch.tv PRIVMSG #beringelamilgrau :!uptime
8/11/2019 4:37:22 PM: jean__ - Received: @badge-info=;badges=moderator/1,partner/1;color=#7C7CE1;display-name=Nightbot;emotes=;flags=;id=d0c1f7b1-fc50-47ac-a961-48849fda0d9d;mod=1;room-id=443063688;subscriber=0;tmi-sent-ts=1565552240720;turbo=0;user-id=19264788;user-type=mod :nightbot!nightbot@nightbot.tmi.twitch.tv PRIVMSG #beringelamilgrau :Tamo ao vivo faz 22 minutes 19 seconds
8/11/2019 4:37:29 PM: jean__ - Received: @badge-info=;badges=vip/1;color=#008000;display-name=Hisaagi;emotes=;flags=;id=302ab0d9-d6a8-490e-a501-ee47b328ae2c;mod=0;room-id=443063688;subscriber=0;tmi-sent-ts=1565552248765;turbo=0;user-id=137774469;user-type= :hisaagi!hisaagi@hisaagi.tmi.twitch.tv PRIVMSG #beringelamilgrau :to a paisana hoje FeelsOkayMan
8/11/2019 4:37:36 PM: jean__ - Received: @badge-info=;badges=vip/1;color=#008000;display-name=Hisaagi;emotes=;flags=;id=660fc1ec-f6a9-41f7-9b9f-fe9e29224365;mod=0;room-id=443063688;subscriber=0;tmi-sent-ts=1565552255124;turbo=0;user-id=137774469;user-type= :hisaagi!hisaagi@hisaagi.tmi.twitch.tv PRIVMSG #beringelamilgrau :!tiro
8/11/2019 4:37:37 PM: jean__ - Received: @badge-info=;badges=;color=;display-name=joseantonio001;emotes=;flags=;id=27d6e064-50ea-4671-b628-612d70b3445c;mod=0;room-id=443063688;subscriber=0;tmi-sent-ts=1565552256636;turbo=0;user-id=157525923;user-type= :joseantonio001!joseantonio001@joseantonio001.tmi.twitch.tv PRIVMSG #beringelamilgrau :volto o Will Smith
8/11/2019 4:37:39 PM: jean__ - Received: @badge-info=subscriber/2;badges=vip/1,subscriber/0,bits-charity/1;color=#5F9EA0;display-name=Jean__;emotes=;flags=;id=eaf1b403-4dfe-4cff-850a-ddc40ecc2d3e;mod=0;room-id=443063688;subscriber=1;tmi-sent-ts=1565552258646;turbo=0;user-id=38479494;user-type= :jean__!jean__@jean__.tmi.twitch.tv PRIVMSG #beringelamilgrau :Pepega
8/11/2019 4:37:48 PM: jean__ - Received: @badge-info=subscriber/2;badges=vip/1,subscriber/0,bits-charity/1;color=#5F9EA0;display-name=Jean__;emotes=;flags=;id=7050e557-724a-4132-8c9d-d690e7d32836;mod=0;room-id=443063688;subscriber=1;tmi-sent-ts=1565552267190;turbo=0;user-id=38479494;user-type= :jean__!jean__@jean__.tmi.twitch.tv PRIVMSG #beringelamilgrau :funcionou FeelsOkayMan
8/11/2019 4:37:52 PM: jean__ - Received: @badge-info=subscriber/2;badges=broadcaster/1,subscriber/0;color=#8A2BE2;display-name=BeringelaMilGrau;emotes=;flags=;id=36ed4c69-7b77-4011-995e-75006e5a4f4c;mod=0;room-id=443063688;subscriber=1;tmi-sent-ts=1565552271366;turbo=0;user-id=443063688;user-type= :beringelamilgrau!beringelamilgrau@beringelamilgrau.tmi.twitch.tv PRIVMSG #beringelamilgrau :ConcernFroge
8/11/2019 4:37:54 PM: jean__ - Received: @badge-info=;badges=vip/1;color=#008000;display-name=Hisaagi;emotes=;flags=;id=652e6085-7ff1-481d-a459-c3d1ad24d55d;mod=0;room-id=443063688;subscriber=0;tmi-sent-ts=1565552273091;turbo=0;user-id=137774469;user-type= :hisaagi!hisaagi@hisaagi.tmi.twitch.tv PRIVMSG #beringelamilgrau :eba FeelsOkayMan
8/11/2019 4:37:55 PM: jean__ - Received: @badge-info=;badges=;color=#FF69B4;display-name=lactuca_sativa;emotes=;flags=;id=daba8adc-dd40-4a4c-a511-e2cee76e1b45;mod=0;room-id=443063688;subscriber=0;tmi-sent-ts=1565552273875;turbo=0;user-id=140917275;user-type= :lactuca_sativa!lactuca_sativa@lactuca_sativa.tmi.twitch.tv PRIVMSG #beringelamilgrau :!followage
8/11/2019 4:37:56 PM: jean__ - Received: @badge-info=;badges=moderator/1,partner/1;color=#7C7CE1;display-name=Nightbot;emotes=;flags=0-13:;id=660633c3-1c30-4d96-b628-97aab6d9e4ec;mod=1;room-id=443063688;subscriber=0;tmi-sent-ts=1565552275197;turbo=0;user-id=19264788;user-type=mod :nightbot!nightbot@nightbot.tmi.twitch.tv PRIVMSG #beringelamilgrau :lactuca_sativa has been following BeringelaMilGrau for 2 weeks, 4 days, 2 hours, 26 minutes, 51 seconds
8/11/2019 4:37:58 PM: jean__ - Received: @badge-info=;badges=vip/1;color=#008000;display-name=Hisaagi;emotes=;flags=;id=414ef6c9-f113-49e5-a56b-4e230923daaf;mod=0;room-id=443063688;subscriber=0;tmi-sent-ts=1565552277839;turbo=0;user-id=137774469;user-type= :hisaagi!hisaagi@hisaagi.tmi.twitch.tv PRIVMSG #beringelamilgrau :fica esperto waffle FeelsOkayMan
8/11/2019 4:38:18 PM: jean__ - Received: :communityshowcase!communityshowcase@communityshowcase.tmi.twitch.tv JOIN #beringelamilgrau
8/11/2019 4:38:18 PM: jean__ - Received: @badge-info=subscriber/2;badges=vip/1,subscriber/0,bits-charity/1;color=#5F9EA0;display-name=Jean__;emotes=;flags=;id=f6ce6539-45a6-469a-aba9-aa5246b1c534;mod=0;room-id=443063688;subscriber=1;tmi-sent-ts=1565552297694;turbo=0;user-id=38479494;user-type= :jean__!jean__@jean__.tmi.twitch.tv PRIVMSG #beringelamilgrau :agora posso liberar o comando tiro/chicote/scream pra outras pessoas FeelsOkayMan
8/11/2019 4:38:21 PM: jean__ - Received: @badge-info=;badges=;color=#FF69B4;display-name=lactuca_sativa;emotes=1902:16-20;flags=;id=7bae6fc2-5916-4732-8c3a-9780ca30eea4;mod=0;room-id=443063688;subscriber=0;tmi-sent-ts=1565552300441;turbo=0;user-id=140917275;user-type= :lactuca_sativa!lactuca_sativa@lactuca_sativa.tmi.twitch.tv PRIVMSG #beringelamilgrau :Eu dirijo assim Keepo
8/11/2019 4:38:42 PM: jean__ - Received: @badge-info=;badges=;color=#FF69B4;display-name=lactuca_sativa;emotes=86:4-13;flags=;id=dabfade9-53c7-45ba-85f1-3716a63027a5;mod=0;room-id=443063688;subscriber=0;tmi-sent-ts=1565552321449;turbo=0;user-id=140917275;user-type= :lactuca_sativa!lactuca_sativa@lactuca_sativa.tmi.twitch.tv PRIVMSG #beringelamilgrau :sim BibleThump
