2019-07-07 9:22:04 PM: botfumante - Connecting to: wss://irc-ws.chat.twitch.tv:443
2019-07-07 9:22:05 PM: botfumante - Should be connected!
2019-07-07 9:22:05 PM: botfumante - Joining channel: beringelamilgrau
2019-07-07 9:22:05 PM: botfumante - Received: :tmi.twitch.tv 001 botfumante :Welcome, GLHF!
2019-07-07 9:22:05 PM: botfumante - Received: :tmi.twitch.tv 002 botfumante :Your host is tmi.twitch.tv
2019-07-07 9:22:05 PM: botfumante - Received: :tmi.twitch.tv 003 botfumante :This server is rather new
2019-07-07 9:22:05 PM: botfumante - Received: :tmi.twitch.tv 004 botfumante :-
2019-07-07 9:22:05 PM: botfumante - Received: :tmi.twitch.tv 375 botfumante :-
2019-07-07 9:22:05 PM: botfumante - Received: :tmi.twitch.tv 372 botfumante :You are in a maze of twisty passages, all alike.
2019-07-07 9:22:05 PM: botfumante - Received: :tmi.twitch.tv 376 botfumante :>
2019-07-07 9:22:05 PM: botfumante - Received: :tmi.twitch.tv CAP * ACK :twitch.tv/membership
2019-07-07 9:22:05 PM: botfumante - Unaccounted for: :tmi.twitch.tv CAP * ACK :twitch.tv/membership
2019-07-07 9:22:05 PM: botfumante - Received: :tmi.twitch.tv CAP * ACK :twitch.tv/commands
2019-07-07 9:22:05 PM: botfumante - Unaccounted for: :tmi.twitch.tv CAP * ACK :twitch.tv/commands
2019-07-07 9:22:06 PM: botfumante - Received: :tmi.twitch.tv CAP * ACK :twitch.tv/tags
2019-07-07 9:22:06 PM: botfumante - Unaccounted for: :tmi.twitch.tv CAP * ACK :twitch.tv/tags
2019-07-07 9:22:06 PM: botfumante - Received: :botfumante!botfumante@botfumante.tmi.twitch.tv JOIN #beringelamilgrau
2019-07-07 9:22:06 PM: botfumante - Received: :botfumante.tmi.twitch.tv 353 botfumante = #beringelamilgrau :botfumante
2019-07-07 9:22:06 PM: botfumante - Received: :botfumante.tmi.twitch.tv 366 botfumante #beringelamilgrau :End of /NAMES list
2019-07-07 9:22:06 PM: botfumante - Finished channel joining queue.
2019-07-07 9:22:06 PM: botfumante - Received: @badge-info=;badges=;color=;display-name=BotFumante;emote-sets=0;mod=0;subscriber=0;user-type= :tmi.twitch.tv USERSTATE #beringelamilgrau
2019-07-07 9:22:06 PM: botfumante - Received: @emote-only=0;followers-only=-1;r9k=0;rituals=0;room-id=443063688;slow=0;subs-only=0 :tmi.twitch.tv ROOMSTATE #beringelamilgrau
2019-07-07 9:22:06 PM: botfumante - Finished channel joining queue.
2019-07-07 9:22:06 PM: botfumante - Received: @badge-info=;badges=moderator/1,premium/1;color=#DAA520;display-name=BiraVG;emotes=;flags=;id=5005b64c-5413-4e22-a8d1-1bef97802bc3;mod=1;room-id=443063688;subscriber=0;tmi-sent-ts=1562545326236;turbo=0;user-id=66834839;user-type=mod :biravg!biravg@biravg.tmi.twitch.tv PRIVMSG #beringelamilgrau :perfume de vdd? Pepega
2019-07-07 9:22:06 PM: botfumante - Received: @badge-info=;badges=;color=;display-name=BotFumante;emote-sets=0;mod=0;subscriber=0;user-type= :tmi.twitch.tv USERSTATE #beringelamilgrau
2019-07-07 9:22:15 PM: botfumante - Received: @badge-info=;badges=moderator/1,premium/1;color=#DAA520;display-name=BiraVG;emotes=;flags=;id=72fc261f-456f-407e-b35d-8303f69da119;mod=1;room-id=443063688;subscriber=0;tmi-sent-ts=1562545334876;turbo=0;user-id=66834839;user-type=mod :biravg!biravg@biravg.tmi.twitch.tv PRIVMSG #beringelamilgrau :PepeLaugh
2019-07-07 9:22:18 PM: botfumante - Received: @badge-info=;badges=;color=#FF69B4;display-name=rbruno018;emotes=;flags=;id=606acf4d-2cba-4c8e-8dd5-1205c1aa2d29;mod=0;room-id=443063688;subscriber=0;tmi-sent-ts=1562545338620;turbo=0;user-id=216448313;user-type= :rbruno018!rbruno018@rbruno018.tmi.twitch.tv PRIVMSG #beringelamilgrau :peepoSmoke
2019-07-07 9:22:26 PM: botfumante - Received: @badge-info=;badges=moderator/1,premium/1;color=#DAA520;display-name=BiraVG;emotes=;flags=;id=3b127046-3ef4-40a5-949f-f604e130c5ef;mod=1;room-id=443063688;subscriber=0;tmi-sent-ts=1562545346506;turbo=0;user-id=66834839;user-type=mod :biravg!biravg@biravg.tmi.twitch.tv PRIVMSG #beringelamilgrau :peepoSmoke
2019-07-07 9:22:38 PM: botfumante - Received: :mayyyonaise!mayyyonaise@mayyyonaise.tmi.twitch.tv JOIN #beringelamilgrau
2019-07-07 9:22:38 PM: botfumante - Received: :s1faka!s1faka@s1faka.tmi.twitch.tv JOIN #beringelamilgrau
2019-07-07 9:22:38 PM: botfumante - Received: :hisaagi!hisaagi@hisaagi.tmi.twitch.tv JOIN #beringelamilgrau
2019-07-07 9:22:38 PM: botfumante - Received: :jerrydickens22!jerrydickens22@jerrydickens22.tmi.twitch.tv JOIN #beringelamilgrau
2019-07-07 9:22:38 PM: botfumante - Received: :montee_waffle!montee_waffle@montee_waffle.tmi.twitch.tv JOIN #beringelamilgrau
2019-07-07 9:22:38 PM: botfumante - Received: :teyyd!teyyd@teyyd.tmi.twitch.tv JOIN #beringelamilgrau
2019-07-07 9:22:38 PM: botfumante - Received: :angeloflight!angeloflight@angeloflight.tmi.twitch.tv JOIN #beringelamilgrau
2019-07-07 9:22:38 PM: botfumante - Received: :lurxx!lurxx@lurxx.tmi.twitch.tv JOIN #beringelamilgrau
2019-07-07 9:22:38 PM: botfumante - Received: :biravg!biravg@biravg.tmi.twitch.tv JOIN #beringelamilgrau
2019-07-07 9:22:38 PM: botfumante - Received: :tonyxzero!tonyxzero@tonyxzero.tmi.twitch.tv JOIN #beringelamilgrau
2019-07-07 9:22:38 PM: botfumante - Received: :p0lizei_!p0lizei_@p0lizei_.tmi.twitch.tv JOIN #beringelamilgrau
2019-07-07 9:22:38 PM: botfumante - Received: :jean__!jean__@jean__.tmi.twitch.tv JOIN #beringelamilgrau
2019-07-07 9:22:38 PM: botfumante - Received: :5uperted!5uperted@5uperted.tmi.twitch.tv JOIN #beringelamilgrau
2019-07-07 9:22:38 PM: botfumante - Received: :skeldom!skeldom@skeldom.tmi.twitch.tv JOIN #beringelamilgrau
2019-07-07 9:22:38 PM: botfumante - Received: :themalkavianx!themalkavianx@themalkavianx.tmi.twitch.tv JOIN #beringelamilgrau
2019-07-07 9:22:38 PM: botfumante - Received: :ddanniell!ddanniell@ddanniell.tmi.twitch.tv JOIN #beringelamilgrau
2019-07-07 9:22:38 PM: botfumante - Received: :michelle_rezende!michelle_rezende@michelle_rezende.tmi.twitch.tv JOIN #beringelamilgrau
2019-07-07 9:22:38 PM: botfumante - Received: :rbruno018!rbruno018@rbruno018.tmi.twitch.tv JOIN #beringelamilgrau
2019-07-07 9:22:38 PM: botfumante - Received: :cachebear!cachebear@cachebear.tmi.twitch.tv JOIN #beringelamilgrau
2019-07-07 9:22:38 PM: botfumante - Received: :beringelamilgrau!beringelamilgrau@beringelamilgrau.tmi.twitch.tv JOIN #beringelamilgrau
2019-07-07 9:22:38 PM: botfumante - Received: :commanderroot!commanderroot@commanderroot.tmi.twitch.tv JOIN #beringelamilgrau
2019-07-07 9:22:38 PM: botfumante - Received: :adorocoockiej!adorocoockiej@adorocoockiej.tmi.twitch.tv JOIN #beringelamilgrau
2019-07-07 9:22:38 PM: botfumante - Received: :nightbot!nightbot@nightbot.tmi.twitch.tv JOIN #beringelamilgrau
2019-07-07 9:22:38 PM: botfumante - Received: :electricallongboard!electricallongboard@electricallongboard.tmi.twitch.tv JOIN #beringelamilgrau
2019-07-07 9:23:04 PM: botfumante - Received: @badge-info=;badges=moderator/1,overwatch-league-insider_2019A/1;color=#FF0000;display-name=themalkavianx;emotes=;flags=;id=ca417dce-bc8b-4029-9714-39fd1158bb30;mod=1;room-id=443063688;subscriber=0;tmi-sent-ts=1562545384178;turbo=0;user-id=5650408;user-type=mod :themalkavianx!themalkavianx@themalkavianx.tmi.twitch.tv PRIVMSG #beringelamilgrau :procurei e encontrei a gente
2019-07-07 9:23:05 PM: botfumante - Received: @badge-info=;badges=moderator/1,overwatch-league-insider_2019A/1;color=#FF0000;display-name=themalkavianx;emotes=;flags=0-51:;id=9a959402-8dab-414c-a71c-efee78753dfb;mod=1;room-id=443063688;subscriber=0;tmi-sent-ts=1562545385395;turbo=0;user-id=5650408;user-type=mod :themalkavianx!themalkavianx@themalkavianx.tmi.twitch.tv PRIVMSG #beringelamilgrau :https://i.ytimg.com/vi/l9NMIFCmNQs/maxresdefault.jpg
2019-07-07 9:23:10 PM: botfumante - Received: @badge-info=;badges=;color=#008000;display-name=Hisaagi;emotes=;flags=;id=2ae2812b-015b-44cc-b887-9d3c588dd127;mod=0;room-id=443063688;subscriber=0;tmi-sent-ts=1562545390094;turbo=0;user-id=137774469;user-type= :hisaagi!hisaagi@hisaagi.tmi.twitch.tv PRIVMSG #beringelamilgrau :tutorial de como entrar no mundo das drogas FeelsOkayMan
2019-07-07 9:23:31 PM: botfumante - Received: @badge-info=;badges=;color=#FF69B4;display-name=rbruno018;emotes=;flags=;id=a1ee935c-cd22-480b-a461-8096b9ab3318;mod=0;room-id=443063688;subscriber=0;tmi-sent-ts=1562545411307;turbo=0;user-id=216448313;user-type= :rbruno018!rbruno018@rbruno018.tmi.twitch.tv PRIVMSG #beringelamilgrau :peepoSmoke
2019-07-07 9:23:42 PM: botfumante - Received: :anotherttvviewer!anotherttvviewer@anotherttvviewer.tmi.twitch.tv JOIN #beringelamilgrau
2019-07-07 9:23:42 PM: botfumante - Received: :hisaagi!hisaagi@hisaagi.tmi.twitch.tv PART #beringelamilgrau
2019-07-07 9:23:42 PM: botfumante - Received: :s1faka!s1faka@s1faka.tmi.twitch.tv PART #beringelamilgrau
2019-07-07 9:24:21 PM: botfumante - Received: @badge-info=;badges=moderator/1,premium/1;color=#DAA520;display-name=BiraVG;emotes=;flags=8-13:S.5;id=28cbf6c4-bc74-4cef-a4f7-3c742d7cde06;mod=1;room-id=443063688;subscriber=0;tmi-sent-ts=1562545460658;turbo=0;user-id=66834839;user-type=mod :biravg!biravg@biravg.tmi.twitch.tv PRIVMSG #beringelamilgrau :pack do bumbum da Feelsberingelamilgrau
2019-07-07 9:24:38 PM: botfumante - Received: @badge-info=;badges=;color=#FF69B4;display-name=rbruno018;emotes=;flags=;id=e0886045-ac70-4ac1-8124-258daf37f5f6;mod=0;room-id=443063688;subscriber=0;tmi-sent-ts=1562545478099;turbo=0;user-id=216448313;user-type= :rbruno018!rbruno018@rbruno018.tmi.twitch.tv PRIVMSG #beringelamilgrau :Feelsberingelamilgrau bota
2019-07-07 9:24:44 PM: botfumante - Received: @badge-info=;badges=moderator/1;color=#FF9600;display-name=ddanniell;emotes=;flags=;id=f8a98ecf-5409-4706-bdac-9afc2aea31df;mod=1;room-id=443063688;subscriber=0;tmi-sent-ts=1562545484305;turbo=0;user-id=36163282;user-type=mod :ddanniell!ddanniell@ddanniell.tmi.twitch.tv PRIVMSG #beringelamilgrau :oi
2019-07-07 9:24:44 PM: botfumante - Received: @badge-info=;badges=moderator/1,overwatch-league-insider_2019A/1;color=#FF0000;display-name=themalkavianx;emotes=;flags=;id=8601f55a-17c0-4d35-8621-7df41cceb51c;mod=1;room-id=443063688;subscriber=0;tmi-sent-ts=1562545484410;turbo=0;user-id=5650408;user-type=mod :themalkavianx!themalkavianx@themalkavianx.tmi.twitch.tv PRIVMSG #beringelamilgrau :HenTed
2019-07-07 9:24:45 PM: botfumante - Received: :zanekyber!zanekyber@zanekyber.tmi.twitch.tv JOIN #beringelamilgrau
2019-07-07 9:24:45 PM: botfumante - Received: :energyzbot!energyzbot@energyzbot.tmi.twitch.tv JOIN #beringelamilgrau
2019-07-07 9:24:45 PM: botfumante - Received: :hisaagi!hisaagi@hisaagi.tmi.twitch.tv JOIN #beringelamilgrau
2019-07-07 9:24:53 PM: botfumante - Received: @badge-info=;badges=;color=#008000;display-name=Hisaagi;emotes=;flags=;id=3dcbc562-5c6d-4ddb-91f1-4785d8c1e945;mod=0;room-id=443063688;subscriber=0;tmi-sent-ts=1562545493053;turbo=0;user-id=137774469;user-type= :hisaagi!hisaagi@hisaagi.tmi.twitch.tv PRIVMSG #beringelamilgrau :!pezinho
2019-07-07 9:25:22 PM: botfumante - Received: @badge-info=;badges=moderator/1,overwatch-league-insider_2019A/1;color=#FF0000;display-name=themalkavianx;emotes=;flags=;id=447cb731-9478-432b-942c-3135429bc1fd;mod=1;room-id=443063688;subscriber=0;tmi-sent-ts=1562545522400;turbo=0;user-id=5650408;user-type=mod :themalkavianx!themalkavianx@themalkavianx.tmi.twitch.tv PRIVMSG #beringelamilgrau :Vou esperar minha comida, brb
2019-07-07 9:25:38 PM: botfumante - Received: @badge-info=;badges=moderator/1,overwatch-league-insider_2019A/1;color=#FF0000;display-name=themalkavianx;emotes=;flags=;id=9ab2fef7-7e6a-4770-b259-f72d0918fb8d;mod=1;room-id=443063688;subscriber=0;tmi-sent-ts=1562545537831;turbo=0;user-id=5650408;user-type=mod :themalkavianx!themalkavianx@themalkavianx.tmi.twitch.tv PRIVMSG #beringelamilgrau :Daniel na verdade n?o tem uma perna
2019-07-07 9:25:39 PM: botfumante - Received: @badge-info=;badges=moderator/1,premium/1;color=#DAA520;display-name=BiraVG;emotes=115848:7-11;flags=;id=4fb09ddc-1f99-479c-89da-a07a66e25e9b;mod=1;room-id=443063688;subscriber=0;tmi-sent-ts=1562545539495;turbo=0;user-id=66834839;user-type=mod :biravg!biravg@biravg.tmi.twitch.tv PRIVMSG #beringelamilgrau :pezudo MiniK
2019-07-07 9:25:44 PM: botfumante - Received: @badge-info=;badges=moderator/1,overwatch-league-insider_2019A/1;color=#FF0000;display-name=themalkavianx;emotes=;flags=22-27:S.6;id=0dbe636f-21db-48a2-b4d2-01a308427bb4;mod=1;room-id=443063688;subscriber=0;tmi-sent-ts=1562545544012;turbo=0;user-id=5650408;user-type=mod :themalkavianx!themalkavianx@themalkavianx.tmi.twitch.tv PRIVMSG #beringelamilgrau :Ele coloca o t?nis na piroca e vai
2019-07-07 9:25:46 PM: botfumante - Received: @badge-info=;badges=;color=#008000;display-name=Hisaagi;emote-only=1;emotes=1883183:0-8;flags=;id=b78c5965-2ea7-4687-b647-e6a6f8713c26;mod=0;room-id=443063688;subscriber=0;tmi-sent-ts=1562545545987;turbo=0;user-id=137774469;user-type= :hisaagi!hisaagi@hisaagi.tmi.twitch.tv PRIVMSG #beringelamilgrau :lordsLewd
2019-07-07 9:25:47 PM: botfumante - Received: @badge-info=;badges=;color=#FF69B4;display-name=rbruno018;emotes=;flags=;id=1d68815a-1fd9-40d2-a831-884a4bd37d4d;mod=0;room-id=443063688;subscriber=0;tmi-sent-ts=1562545547492;turbo=0;user-id=216448313;user-type= :rbruno018!rbruno018@rbruno018.tmi.twitch.tv PRIVMSG #beringelamilgrau :imagina o tamanho da ... orelha FeelsOkayMan
2019-07-07 9:25:49 PM: botfumante - Received: :hostmeraffle!hostmeraffle@hostmeraffle.tmi.twitch.tv JOIN #beringelamilgrau
2019-07-07 9:25:49 PM: botfumante - Received: :adorocoockiej!adorocoockiej@adorocoockiej.tmi.twitch.tv PART #beringelamilgrau
2019-07-07 9:26:06 PM: botfumante - Received: @badge-info=;badges=;color=#008000;display-name=Hisaagi;emotes=;flags=;id=e521d241-4206-4a6d-867d-c764fc4cfdf5;mod=0;room-id=443063688;subscriber=0;tmi-sent-ts=1562545566328;turbo=0;user-id=137774469;user-type= :hisaagi!hisaagi@hisaagi.tmi.twitch.tv PRIVMSG #beringelamilgrau :amostra a? FeelsMan
2019-07-07 9:26:24 PM: botfumante - Received: @badge-info=;badges=;color=#FF69B4;display-name=rbruno018;emotes=;flags=;id=866f6435-5d26-4e5b-8aa5-0493e7e39d41;mod=0;room-id=443063688;subscriber=0;tmi-sent-ts=1562545584627;turbo=0;user-id=216448313;user-type= :rbruno018!rbruno018@rbruno018.tmi.twitch.tv PRIVMSG #beringelamilgrau :pack do pezinho de mecanico
2019-07-07 9:26:36 PM: botfumante - Received: @badge-info=;badges=moderator/1,premium/1;color=#DAA520;display-name=BiraVG;emotes=;flags=8-17:S.6;id=a9fb0a4f-e367-46c7-9475-3ea2647c34c3;mod=1;room-id=443063688;subscriber=0;tmi-sent-ts=1562545595767;turbo=0;user-id=66834839;user-type=mod :biravg!biravg@biravg.tmi.twitch.tv PRIVMSG #beringelamilgrau :pack do pezinho da Feelsberingelamilgrau
2019-07-07 9:26:37 PM: botfumante - Received: @badge-info=;badges=moderator/1,premium/1;color=#DAA520;display-name=BiraVG;emotes=;flags=0-47:;id=eccefe52-e1af-4bd2-93cd-05053aa3d6f1;mod=1;room-id=443063688;subscriber=0;tmi-sent-ts=1562545597580;turbo=0;user-id=66834839;user-type=mod :biravg!biravg@biravg.tmi.twitch.tv PRIVMSG #beringelamilgrau :https://i.ytimg.com/vi/XgSlIg-_BmE/hqdefault.jpg
2019-07-07 9:26:43 PM: botfumante - Received: @badge-info=;badges=;color=#FF69B4;display-name=rbruno018;emotes=;flags=;id=af049235-1766-4d88-ba28-989fb1079b13;mod=0;room-id=443063688;subscriber=0;tmi-sent-ts=1562545603095;turbo=0;user-id=216448313;user-type= :rbruno018!rbruno018@rbruno018.tmi.twitch.tv PRIVMSG #beringelamilgrau :agua de banho do pezinho
2019-07-07 9:26:48 PM: botfumante - Received: PING :tmi.twitch.tv
2019-07-07 9:26:48 PM: botfumante - Writing: PONG
2019-07-07 9:26:56 PM: botfumante - Received: :freddyybot!freddyybot@freddyybot.tmi.twitch.tv JOIN #beringelamilgrau
2019-07-07 9:26:56 PM: botfumante - Received: :adorocoockiej!adorocoockiej@adorocoockiej.tmi.twitch.tv JOIN #beringelamilgrau
2019-07-07 9:26:56 PM: botfumante - Received: :angeloflight!angeloflight@angeloflight.tmi.twitch.tv PART #beringelamilgrau
2019-07-07 9:26:56 PM: botfumante - Received: :jerrydickens22!jerrydickens22@jerrydickens22.tmi.twitch.tv PART #beringelamilgrau
2019-07-07 9:27:34 PM: botfumante - Received: @badge-info=;badges=;color=#008000;display-name=Hisaagi;emotes=1883183:13-21;flags=0-4:S.6;id=4ebe6977-c0e7-4bbf-a74f-44a9b0343b9c;mod=0;room-id=443063688;subscriber=0;tmi-sent-ts=1562545654221;turbo=0;user-id=137774469;user-type= :hisaagi!hisaagi@hisaagi.tmi.twitch.tv PRIVMSG #beringelamilgrau :p? do thanos lordsLewd
2019-07-07 9:27:58 PM: botfumante - Received: @badge-info=;badges=moderator/1,premium/1;color=#DAA520;display-name=BiraVG;emotes=;flags=;id=25e3b601-a50c-4f6a-8d4b-b931f2c46c9f;mod=1;room-id=443063688;subscriber=0;tmi-sent-ts=1562545678669;turbo=0;user-id=66834839;user-type=mod :biravg!biravg@biravg.tmi.twitch.tv PRIVMSG #beringelamilgrau :ConcernFroge
2019-07-07 9:28:10 PM: botfumante - Received: @badge-info=;badges=moderator/1,premium/1;color=#DAA520;display-name=BiraVG;emotes=;flags=;id=1139d31a-0e6a-412f-9a80-f1cd63b89aa4;mod=1;room-id=443063688;subscriber=0;tmi-sent-ts=1562545690637;turbo=0;user-id=66834839;user-type=mod :biravg!biravg@biravg.tmi.twitch.tv PRIVMSG #beringelamilgrau :!backseat
2019-07-07 9:28:11 PM: botfumante - Received: @badge-info=;badges=moderator/1,partner/1;color=#7C7CE1;display-name=Nightbot;emotes=;flags=;id=e3b65e59-1ea2-4b8f-9acc-70ed4eaaa722;mod=1;room-id=443063688;subscriber=0;tmi-sent-ts=1562545690835;turbo=0;user-id=19264788;user-type=mod :nightbot!nightbot@nightbot.tmi.twitch.tv PRIVMSG #beringelamilgrau :Ta maluco cara, para com isso de backseat! ConcernFroge
2019-07-07 9:29:04 PM: botfumante - Received: :s1faka!s1faka@s1faka.tmi.twitch.tv JOIN #beringelamilgrau
2019-07-07 9:29:04 PM: botfumante - Received: :freddyybot!freddyybot@freddyybot.tmi.twitch.tv PART #beringelamilgrau
2019-07-07 9:29:04 PM: botfumante - Received: :hostmeraffle!hostmeraffle@hostmeraffle.tmi.twitch.tv PART #beringelamilgrau
2019-07-07 9:29:36 PM: botfumante - Received: @badge-info=;badges=;color=#008000;display-name=Hisaagi;emotes=;flags=26-90:;id=905394c9-b1fc-4f0e-a15e-f289335722c9;mod=0;room-id=443063688;subscriber=0;tmi-sent-ts=1562545775819;turbo=0;user-id=137774469;user-type= :hisaagi!hisaagi@hisaagi.tmi.twitch.tv PRIVMSG #beringelamilgrau :s? aceito p? se for assim https://barraportal.com/wp-content/uploads/2015/10/rachaduras.jpg
2019-07-07 9:29:41 PM: botfumante - Received: @badge-info=;badges=broadcaster/1;color=;display-name=beringelamilgrau;emotes=;flags=;id=04ff64cf-27f1-47b6-b41a-c97f2007e212;mod=0;room-id=443063688;subscriber=0;tmi-sent-ts=1562545780739;turbo=0;user-id=443063688;user-type= :beringelamilgrau!beringelamilgrau@beringelamilgrau.tmi.twitch.tv PRIVMSG #beringelamilgrau :olha ai
2019-07-07 9:29:44 PM: botfumante - Received: @badge-info=;badges=broadcaster/1;color=;display-name=beringelamilgrau;emotes=;flags=;id=7f079293-fc03-402e-a36d-6d4c4fd36e1f;mod=0;room-id=443063688;subscriber=0;tmi-sent-ts=1562545783881;turbo=0;user-id=443063688;user-type= :beringelamilgrau!beringelamilgrau@beringelamilgrau.tmi.twitch.tv PRIVMSG #beringelamilgrau :!processp
2019-07-07 9:29:49 PM: botfumante - Received: @badge-info=;badges=broadcaster/1;color=;display-name=beringelamilgrau;emotes=;flags=;id=812aafe2-8619-4546-8d68-0d66c72d6eec;mod=0;room-id=443063688;subscriber=0;tmi-sent-ts=1562545789366;turbo=0;user-id=443063688;user-type= :beringelamilgrau!beringelamilgrau@beringelamilgrau.tmi.twitch.tv PRIVMSG #beringelamilgrau :!processo
2019-07-07 9:29:50 PM: botfumante - Received: @badge-info=;badges=moderator/1,partner/1;color=#7C7CE1;display-name=Nightbot;emotes=;flags=;id=fb1cbead-03dc-42d7-b47c-424ed019b7c2;mod=1;room-id=443063688;subscriber=0;tmi-sent-ts=1562545789586;turbo=0;user-id=19264788;user-type=mod :nightbot!nightbot@nightbot.tmi.twitch.tv PRIVMSG #beringelamilgrau :O beringelamilgrau n?o compactua com as opini?es dos participantes, nem com a desse chat. peepoEggplant
2019-07-07 9:29:55 PM: botfumante - Received: @badge-info=;badges=;color=#FF69B4;display-name=rbruno018;emotes=;flags=;id=db41a881-6140-4ac3-ab12-5866d6cd5526;mod=0;room-id=443063688;subscriber=0;tmi-sent-ts=1562545795504;turbo=0;user-id=216448313;user-type= :rbruno018!rbruno018@rbruno018.tmi.twitch.tv PRIVMSG #beringelamilgrau :OMEGALUL
2019-07-07 9:30:10 PM: botfumante - Received: :hostmeraffle!hostmeraffle@hostmeraffle.tmi.twitch.tv JOIN #beringelamilgrau
2019-07-07 9:30:21 PM: botfumante - Received: @badge-info=;badges=;color=#008000;display-name=Hisaagi;emotes=;flags=;id=6100859a-8243-4e8c-85f2-1fb898e6abe8;mod=0;room-id=443063688;subscriber=0;tmi-sent-ts=1562545820750;turbo=0;user-id=137774469;user-type= :hisaagi!hisaagi@hisaagi.tmi.twitch.tv PRIVMSG #beringelamilgrau :? pra dar gostinho FeelsOkayMan
2019-07-07 9:30:45 PM: botfumante - Received: @badge-info=;badges=;color=#FF69B4;display-name=rbruno018;emotes=;flags=;id=b3f61b7c-dab2-4ee5-baa3-82a6c82cbfdc;mod=0;room-id=443063688;subscriber=0;tmi-sent-ts=1562545845445;turbo=0;user-id=216448313;user-type= :rbruno018!rbruno018@rbruno018.tmi.twitch.tv PRIVMSG #beringelamilgrau :como ? ConcernFroge
2019-07-07 9:30:58 PM: botfumante - Received: PING :tmi.twitch.tv
2019-07-07 9:30:58 PM: botfumante - Writing: PONG
2019-07-07 9:30:58 PM: botfumante - Received: @badge-info=;badges=broadcaster/1;color=;display-name=beringelamilgrau;emotes=;flags=;id=6e0db42a-4eb1-4433-ada3-dc27814dcf34;mod=0;room-id=443063688;subscriber=0;tmi-sent-ts=1562545858660;turbo=0;user-id=443063688;user-type= :beringelamilgrau!beringelamilgrau@beringelamilgrau.tmi.twitch.tv PRIVMSG #beringelamilgrau :!maluco
2019-07-07 9:30:59 PM: botfumante - Received: @badge-info=;badges=moderator/1,partner/1;color=#7C7CE1;display-name=Nightbot;emotes=;flags=0-6:P.6/S.6,25-36:P.6;id=963943d2-56bf-4893-974a-515e64023bab;mod=1;room-id=443063688;subscriber=0;tmi-sent-ts=1562545858838;turbo=0;user-id=19264788;user-type=mod :nightbot!nightbot@nightbot.tmi.twitch.tv PRIVMSG #beringelamilgrau :Caralho mano, t?o maluco pra caralho! Pepega
2019-07-07 9:31:24 PM: botfumante - Received: @badge-info=;badges=;color=#008000;display-name=Hisaagi;emotes=;flags=;id=069e8468-1cc9-4605-9765-b06c4925bc48;mod=0;room-id=443063688;subscriber=0;tmi-sent-ts=1562545884497;turbo=0;user-id=137774469;user-type= :hisaagi!hisaagi@hisaagi.tmi.twitch.tv PRIVMSG #beringelamilgrau :POD?LOGO ? ESQUEMA DE M?FIA!!!!!!!!!!!!!
2019-07-07 9:31:25 PM: botfumante - Received: @ban-duration=5;room-id=443063688;target-user-id=137774469;tmi-sent-ts=1562545884805 :tmi.twitch.tv CLEARCHAT #beringelamilgrau :hisaagi
2019-07-07 9:31:25 PM: botfumante - Received: @badge-info=;badges=moderator/1,partner/1;color=#7C7CE1;display-name=Nightbot;emotes=;flags=;id=f2770727-d219-468a-bb04-4ff401515697;mod=1;room-id=443063688;subscriber=0;tmi-sent-ts=1562545884742;turbo=0;user-id=19264788;user-type=mod :nightbot!nightbot@nightbot.tmi.twitch.tv PRIVMSG #beringelamilgrau :@Hisaagi -> Are you finished? [stop spamming symbols] [warning]
2019-07-07 9:31:29 PM: botfumante - Received: @badge-info=;badges=;color=#FF69B4;display-name=rbruno018;emotes=;flags=;id=0deba954-9f09-4031-9b8d-79503479a054;mod=0;room-id=443063688;subscriber=0;tmi-sent-ts=1562545889348;turbo=0;user-id=216448313;user-type= :rbruno018!rbruno018@rbruno018.tmi.twitch.tv PRIVMSG #beringelamilgrau :monte foi abusado ao vivo
2019-07-07 9:31:32 PM: botfumante - Received: @badge-info=;badges=;color=#008000;display-name=Hisaagi;emotes=;flags=;id=e7f7b332-1402-4cb5-9cc1-818b8f275865;mod=0;room-id=443063688;subscriber=0;tmi-sent-ts=1562545892086;turbo=0;user-id=137774469;user-type= :hisaagi!hisaagi@hisaagi.tmi.twitch.tv PRIVMSG #beringelamilgrau :FeelsMan
2019-07-07 9:32:01 PM: botfumante - Received: @badge-info=;badges=;color=#008000;display-name=Hisaagi;emotes=;flags=;id=08bb2ae6-6f02-44eb-aba7-9eddb6ac3428;mod=0;room-id=443063688;subscriber=0;tmi-sent-ts=1562545921258;turbo=0;user-id=137774469;user-type= :hisaagi!hisaagi@hisaagi.tmi.twitch.tv PRIVMSG #beringelamilgrau :tomei tiro do nada FeelsMan
2019-07-07 9:32:16 PM: botfumante - Received: :s1faka!s1faka@s1faka.tmi.twitch.tv PART #beringelamilgrau
2019-07-07 9:32:21 PM: botfumante - Received: @badge-info=;badges=;color=#FF69B4;display-name=rbruno018;emotes=;flags=;id=748e4625-43df-492a-ad3d-1d4183b5dd02;mod=0;room-id=443063688;subscriber=0;tmi-sent-ts=1562545941311;turbo=0;user-id=216448313;user-type= :rbruno018!rbruno018@rbruno018.tmi.twitch.tv PRIVMSG #beringelamilgrau :FeelsMan
2019-07-07 9:32:24 PM: botfumante - Received: @badge-info=;badges=;color=#008000;display-name=Hisaagi;emotes=;flags=;id=36940e2a-057e-41ec-a106-c715941a0bd7;mod=0;room-id=443063688;subscriber=0;tmi-sent-ts=1562545944552;turbo=0;user-id=137774469;user-type= :hisaagi!hisaagi@hisaagi.tmi.twitch.tv PRIVMSG #beringelamilgrau :monkaT
2019-07-07 9:32:33 PM: botfumante - Received: @badge-info=;badges=;color=#FF69B4;display-name=rbruno018;emotes=;flags=;id=b1e3c9d9-9127-4628-925d-acbb07ae1ad2;mod=0;room-id=443063688;subscriber=0;tmi-sent-ts=1562545952775;turbo=0;user-id=216448313;user-type= :rbruno018!rbruno018@rbruno018.tmi.twitch.tv PRIVMSG #beringelamilgrau :ban no daniel
2019-07-07 9:32:49 PM: botfumante - Received: @badge-info=;badges=;color=#FF69B4;display-name=rbruno018;emotes=;flags=;id=4c7a303d-5845-4788-99b6-d10760a9d2ed;mod=0;room-id=443063688;subscriber=0;tmi-sent-ts=1562545969532;turbo=0;user-id=216448313;user-type= :rbruno018!rbruno018@rbruno018.tmi.twitch.tv PRIVMSG #beringelamilgrau :clipei mandei pra ela peepoSmart
2019-07-07 9:32:54 PM: botfumante - Received: @badge-info=;badges=moderator/1;color=#FF9600;display-name=ddanniell;emotes=;flags=;id=c13db414-c014-4b1f-b0e7-84135e81b6a6;mod=1;room-id=443063688;subscriber=0;tmi-sent-ts=1562545974271;turbo=0;user-id=36163282;user-type=mod :ddanniell!ddanniell@ddanniell.tmi.twitch.tv PRIVMSG #beringelamilgrau :ellen eu te amo
2019-07-07 9:32:59 PM: botfumante - Received: @badge-info=;badges=moderator/1;color=#FF9600;display-name=ddanniell;emotes=;flags=;id=8fc84337-5039-4eb0-aa4c-a12f14992dc4;mod=1;room-id=443063688;subscriber=0;tmi-sent-ts=1562545978690;turbo=0;user-id=36163282;user-type=mod :ddanniell!ddanniell@ddanniell.tmi.twitch.tv PRIVMSG #beringelamilgrau :me odeia n?o
2019-07-07 9:33:03 PM: botfumante - Received: @badge-info=;badges=;color=#008000;display-name=Hisaagi;emotes=;flags=;id=1f0f54e9-34fb-41c6-bd7c-ecc0a097f7a5;mod=0;room-id=443063688;subscriber=0;tmi-sent-ts=1562545982921;turbo=0;user-id=137774469;user-type= :hisaagi!hisaagi@hisaagi.tmi.twitch.tv PRIVMSG #beringelamilgrau :monkaT
2019-07-07 9:33:04 PM: botfumante - Received: @badge-info=;badges=;color=#FF69B4;display-name=rbruno018;emotes=;flags=;id=67a33cba-f94a-43f9-bd63-2d2925ab8f46;mod=0;room-id=443063688;subscriber=0;tmi-sent-ts=1562545984026;turbo=0;user-id=216448313;user-type= :rbruno018!rbruno018@rbruno018.tmi.twitch.tv PRIVMSG #beringelamilgrau :D:
2019-07-07 9:33:21 PM: botfumante - Received: :rbruno018!rbruno018@rbruno018.tmi.twitch.tv PART #beringelamilgrau
2019-07-07 9:33:21 PM: botfumante - Received: :hostmeraffle!hostmeraffle@hostmeraffle.tmi.twitch.tv PART #beringelamilgrau
2019-07-07 9:33:44 PM: botfumante - Received: @badge-info=;badges=moderator/1;color=#008000;display-name=TONYXZERO;emote-only=1;emotes=1866390:0-5;flags=;id=3f71a90f-88e3-487e-833c-026ab2984faa;mod=1;room-id=443063688;subscriber=0;tmi-sent-ts=1562546023735;turbo=0;user-id=38731171;user-type=mod :tonyxzero!tonyxzero@tonyxzero.tmi.twitch.tv PRIVMSG #beringelamilgrau :lordsD
2019-07-07 9:33:59 PM: botfumante - Received: @badge-info=;badges=;color=#FF69B4;display-name=rbruno018;emote-only=1;emotes=508650:0-6;flags=;id=2f2e3539-e836-4fa6-924d-31353f31d7cc;mod=0;room-id=443063688;subscriber=0;tmi-sent-ts=1562546038709;turbo=0;user-id=216448313;user-type= :rbruno018!rbruno018@rbruno018.tmi.twitch.tv PRIVMSG #beringelamilgrau :TPFufun
2019-07-07 9:34:04 PM: botfumante - Received: @badge-info=;badges=;color=#FF69B4;display-name=rbruno018;emotes=;flags=;id=ff84639a-7546-4c27-b0ad-8b4eb287c75a;mod=0;room-id=443063688;subscriber=0;tmi-sent-ts=1562546043626;turbo=0;user-id=216448313;user-type= :rbruno018!rbruno018@rbruno018.tmi.twitch.tv PRIVMSG #beringelamilgrau :OMEGALUL
2019-07-07 9:34:25 PM: botfumante - Received: :rbruno018!rbruno018@rbruno018.tmi.twitch.tv JOIN #beringelamilgrau
2019-07-07 9:34:49 PM: botfumante - Received: @badge-info=;badges=moderator/1,premium/1;color=#DAA520;display-name=BiraVG;emotes=;flags=;id=633cbc32-c990-48cb-8862-bb1a02bf2bf2;mod=1;room-id=443063688;subscriber=0;tmi-sent-ts=1562546089206;turbo=0;user-id=66834839;user-type=mod :biravg!biravg@biravg.tmi.twitch.tv PRIVMSG #beringelamilgrau :monkaHmm
2019-07-07 9:35:01 PM: botfumante - Received: @badge-info=;badges=;color=#FF69B4;display-name=rbruno018;emotes=;flags=;id=94008e8c-bf4b-4fab-a7d4-303905311f99;mod=0;room-id=443063688;subscriber=0;tmi-sent-ts=1562546101211;turbo=0;user-id=216448313;user-type= :rbruno018!rbruno018@rbruno018.tmi.twitch.tv PRIVMSG #beringelamilgrau :a ellen ? tipo de jesus cristo nao da pra odiar FeelsMan
2019-07-07 9:35:13 PM: botfumante - Received: @badge-info=;badges=;color=#008000;display-name=Hisaagi;emote-only=1;emotes=1772890:0-7;flags=;id=3f825e83-2405-4687-9251-6d5f8dd8435f;mod=0;room-id=443063688;subscriber=0;tmi-sent-ts=1562546113441;turbo=0;user-id=137774469;user-type= :hisaagi!hisaagi@hisaagi.tmi.twitch.tv PRIVMSG #beringelamilgrau :lordsSip
2019-07-07 9:35:27 PM: botfumante - Received: PING :tmi.twitch.tv
2019-07-07 9:35:27 PM: botfumante - Writing: PONG
2019-07-07 9:35:31 PM: botfumante - Received: @badge-info=;badges=;color=#FF69B4;display-name=rbruno018;emotes=;flags=;id=7dce9973-d30e-488c-b6a7-f56ea54aa8a5;mod=0;room-id=443063688;subscriber=0;tmi-sent-ts=1562546130735;turbo=0;user-id=216448313;user-type= :rbruno018!rbruno018@rbruno018.tmi.twitch.tv PRIVMSG #beringelamilgrau :OMEGALUL
2019-07-07 9:35:31 PM: botfumante - Received: @badge-info=;badges=moderator/1,premium/1;color=#DAA520;display-name=BiraVG;emotes=;flags=;id=bbedf867-5758-43a8-aa41-bf0e1ea29c22;mod=1;room-id=443063688;subscriber=0;tmi-sent-ts=1562546131017;turbo=0;user-id=66834839;user-type=mod :biravg!biravg@biravg.tmi.twitch.tv PRIVMSG #beringelamilgrau :!maluco
2019-07-07 9:35:31 PM: botfumante - Received: @badge-info=;badges=moderator/1,partner/1;color=#7C7CE1;display-name=Nightbot;emotes=;flags=0-6:P.6/S.6,25-36:P.6;id=8476881d-fd83-42d8-93df-99304783b498;mod=1;room-id=443063688;subscriber=0;tmi-sent-ts=1562546131176;turbo=0;user-id=19264788;user-type=mod :nightbot!nightbot@nightbot.tmi.twitch.tv PRIVMSG #beringelamilgrau :Caralho mano, t?o maluco pra caralho! Pepega
2019-07-07 9:35:34 PM: botfumante - Received: :anotherttvviewer!anotherttvviewer@anotherttvviewer.tmi.twitch.tv PART #beringelamilgrau
2019-07-07 9:35:39 PM: botfumante - Received: @badge-info=;badges=;color=#008000;display-name=Hisaagi;emotes=;flags=0-5:P.5/S.5;id=43467a01-0b58-42b9-818d-aedda7fe811f;mod=0;room-id=443063688;subscriber=0;tmi-sent-ts=1562546138666;turbo=0;user-id=137774469;user-type= :hisaagi!hisaagi@hisaagi.tmi.twitch.tv PRIVMSG #beringelamilgrau :cacete OMEGALUL
2019-07-07 9:35:40 PM: botfumante - Received: @badge-info=;badges=;color=#FF69B4;display-name=rbruno018;emotes=;flags=;id=f40c4051-2dac-4ec5-b884-b36bb5372cfb;mod=0;room-id=443063688;subscriber=0;tmi-sent-ts=1562546139860;turbo=0;user-id=216448313;user-type= :rbruno018!rbruno018@rbruno018.tmi.twitch.tv PRIVMSG #beringelamilgrau :live das revela?oes OMEGALUL
2019-07-07 9:35:52 PM: botfumante - Received: @badge-info=;badges=;color=#008000;display-name=Hisaagi;emotes=;flags=;id=22444a0e-83e2-483c-972a-1aee84afd92a;mod=0;room-id=443063688;subscriber=0;tmi-sent-ts=1562546152481;turbo=0;user-id=137774469;user-type= :hisaagi!hisaagi@hisaagi.tmi.twitch.tv PRIVMSG #beringelamilgrau :quote "ai que nojo ele t? no chat" por favot
2019-07-07 9:36:36 PM: botfumante - Received: :s1faka!s1faka@s1faka.tmi.twitch.tv JOIN #beringelamilgrau
2019-07-07 9:36:36 PM: botfumante - Received: :anotherttvviewer!anotherttvviewer@anotherttvviewer.tmi.twitch.tv JOIN #beringelamilgrau
2019-07-07 9:36:44 PM: botfumante - Received: @badge-info=;badges=;color=#FF69B4;display-name=rbruno018;emotes=;flags=;id=4d85c5a5-a62a-440a-9f5c-92b49455a060;mod=0;room-id=443063688;subscriber=0;tmi-sent-ts=1562546204177;turbo=0;user-id=216448313;user-type= :rbruno018!rbruno018@rbruno018.tmi.twitch.tv PRIVMSG #beringelamilgrau :OMEGALUL
2019-07-07 9:36:57 PM: botfumante - Received: @badge-info=;badges=moderator/1,premium/1;color=#DAA520;display-name=BiraVG;emotes=;flags=;id=18000a71-a587-44c1-8af8-9599efdef8f8;mod=1;room-id=443063688;subscriber=0;tmi-sent-ts=1562546217551;turbo=0;user-id=66834839;user-type=mod :biravg!biravg@biravg.tmi.twitch.tv PRIVMSG #beringelamilgrau :cade o ted pra fazer a quote ConcernFroge
2019-07-07 9:36:59 PM: botfumante - Received: @badge-info=;badges=;color=#FF69B4;display-name=rbruno018;emotes=;flags=;id=97d9bd06-e4bb-4dbb-a53b-417f348a983f;mod=0;room-id=443063688;subscriber=0;tmi-sent-ts=1562546219636;turbo=0;user-id=216448313;user-type= :rbruno018!rbruno018@rbruno018.tmi.twitch.tv PRIVMSG #beringelamilgrau :ConcernFroge
2019-07-07 9:37:26 PM: botfumante - Received: @badge-info=;badges=;color=#FF69B4;display-name=rbruno018;emotes=;flags=;id=e47a62ca-0e04-4370-8d5c-69e8be4d50cc;mod=0;room-id=443063688;subscriber=0;tmi-sent-ts=1562546245820;turbo=0;user-id=216448313;user-type= :rbruno018!rbruno018@rbruno018.tmi.twitch.tv PRIVMSG #beringelamilgrau :oi gata me segue la na twicth sou streamer FeelsOkayMan
2019-07-07 9:37:31 PM: botfumante - Received: @badge-info=;badges=moderator/1,premium/1;color=#DAA520;display-name=BiraVG;emotes=;flags=0-16:;id=c27b6550-efb8-43f6-8517-0fb22489d6c6;mod=1;room-id=443063688;subscriber=0;tmi-sent-ts=1562546251468;turbo=0;user-id=66834839;user-type=mod :biravg!biravg@biravg.tmi.twitch.tv PRIVMSG #beringelamilgrau :boasconversas.com a casa das boas conversas
2019-07-07 9:37:32 PM: botfumante - Received: @badge-info=;badges=;color=#008000;display-name=Hisaagi;emotes=;flags=;id=3cc15997-2a42-45f4-a816-58bc0a469943;mod=0;room-id=443063688;subscriber=0;tmi-sent-ts=1562546251755;turbo=0;user-id=137774469;user-type= :hisaagi!hisaagi@hisaagi.tmi.twitch.tv PRIVMSG #beringelamilgrau :tr?s a pessoa pra live FeelsMan
2019-07-07 9:37:34 PM: botfumante - Received: :lobodrifter!lobodrifter@lobodrifter.tmi.twitch.tv JOIN #beringelamilgrau
2019-07-07 9:37:47 PM: botfumante - Received: @badge-info=;badges=;color=#FF69B4;display-name=rbruno018;emotes=;flags=;id=50419144-d8d6-4b13-8f79-c3a93d8e2994;mod=0;room-id=443063688;subscriber=0;tmi-sent-ts=1562546266975;turbo=0;user-id=216448313;user-type= :rbruno018!rbruno018@rbruno018.tmi.twitch.tv PRIVMSG #beringelamilgrau :OMEGALUL
2019-07-07 9:38:10 PM: botfumante - Received: @badge-info=;badges=moderator/1,premium/1;color=#DAA520;display-name=BiraVG;emotes=;flags=;id=b41f216f-85b0-4dde-875c-f86663e2daf6;mod=1;room-id=443063688;subscriber=0;tmi-sent-ts=1562546289879;turbo=0;user-id=66834839;user-type=mod :biravg!biravg@biravg.tmi.twitch.tv PRIVMSG #beringelamilgrau :blz peepoEggplant
2019-07-07 9:38:27 PM: botfumante - Received: @badge-info=;badges=moderator/1,premium/1;color=#DAA520;display-name=BiraVG;emotes=;flags=;id=8c5234c7-f386-443e-b575-54d8b690a0ef;mod=1;room-id=443063688;subscriber=0;tmi-sent-ts=1562546306786;turbo=0;user-id=66834839;user-type=mod :biravg!biravg@biravg.tmi.twitch.tv PRIVMSG #beringelamilgrau :beringela em chamas
2019-07-07 9:38:28 PM: botfumante - Received: @badge-info=;badges=;color=#FF69B4;display-name=rbruno018;emotes=;flags=;id=d427e796-8a50-4a0e-b5ec-c97d48812d38;mod=0;room-id=443063688;subscriber=0;tmi-sent-ts=1562546307965;turbo=0;user-id=216448313;user-type= :rbruno018!rbruno018@rbruno018.tmi.twitch.tv PRIVMSG #beringelamilgrau :saudade do beringela raiz que rolava uns odio aleatorio FeelsMan
2019-07-07 9:38:33 PM: botfumante - Received: @badge-info=;badges=;color=#008000;display-name=Hisaagi;emotes=;flags=;id=90469225-a9e5-4000-88a0-e391989eb6d8;mod=0;room-id=443063688;subscriber=0;tmi-sent-ts=1562546312926;turbo=0;user-id=137774469;user-type= :hisaagi!hisaagi@hisaagi.tmi.twitch.tv PRIVMSG #beringelamilgrau :vamo come?ar a escolher algumas minorias pra xingar enquanto o canal ? pequeno ent?o Pepega
2019-07-07 9:38:54 PM: botfumante - Received: @badge-info=;badges=;color=#FF69B4;display-name=rbruno018;emotes=;flags=;id=5af2d054-38bc-4149-9ab3-7733ffccc8c1;mod=0;room-id=443063688;subscriber=0;tmi-sent-ts=1562546334309;turbo=0;user-id=216448313;user-type= :rbruno018!rbruno018@rbruno018.tmi.twitch.tv PRIVMSG #beringelamilgrau :belle delfine
2019-07-07 9:39:03 PM: botfumante - Received: @badge-info=;badges=;color=#FF69B4;display-name=rbruno018;emotes=;flags=;id=ab14fe12-2bcb-4b4e-8840-3f844b7c9919;mod=0;room-id=443063688;subscriber=0;tmi-sent-ts=1562546342764;turbo=0;user-id=216448313;user-type= :rbruno018!rbruno018@rbruno018.tmi.twitch.tv PRIVMSG #beringelamilgrau :faustao
2019-07-07 9:39:05 PM: botfumante - Received: @badge-info=;badges=;color=#FF69B4;display-name=rbruno018;emotes=;flags=;id=337d5105-92ff-4ba7-bcc0-c2aa1f0ec941;mod=0;room-id=443063688;subscriber=0;tmi-sent-ts=1562546344786;turbo=0;user-id=216448313;user-type= :rbruno018!rbruno018@rbruno018.tmi.twitch.tv PRIVMSG #beringelamilgrau :gugu
2019-07-07 9:39:15 PM: botfumante - Received: @badge-info=;badges=moderator/1,premium/1;color=#DAA520;display-name=BiraVG;emotes=;flags=;id=4ac2b1cf-1742-4b3e-b886-5d4d7d2baab1;mod=1;room-id=443063688;subscriber=0;tmi-sent-ts=1562546354347;turbo=0;user-id=66834839;user-type=mod :biravg!biravg@biravg.tmi.twitch.tv PRIVMSG #beringelamilgrau :mano ConcernFroge
2019-07-07 9:39:15 PM: botfumante - Received: @badge-info=;badges=;color=#FF69B4;display-name=rbruno018;emotes=;flags=;id=c13b5bc4-4698-458f-aada-d5e612abdbfd;mod=0;room-id=443063688;subscriber=0;tmi-sent-ts=1562546354944;turbo=0;user-id=216448313;user-type= :rbruno018!rbruno018@rbruno018.tmi.twitch.tv PRIVMSG #beringelamilgrau :jailson mendes
2019-07-07 9:39:24 PM: botfumante - Received: @badge-info=;badges=;color=#008000;display-name=Hisaagi;emotes=;flags=;id=2eb2946e-25d9-447b-b181-1cb8cec52fcc;mod=0;room-id=443063688;subscriber=0;tmi-sent-ts=1562546364623;turbo=0;user-id=137774469;user-type= :hisaagi!hisaagi@hisaagi.tmi.twitch.tv PRIVMSG #beringelamilgrau :queria ter ido no peludos em santos FeelsBadMan
2019-07-07 9:39:41 PM: botfumante - Received: @badge-info=;badges=;color=#FF69B4;display-name=rbruno018;emotes=;flags=;id=1e794e5d-6ebf-4794-ba93-ece58372f984;mod=0;room-id=443063688;subscriber=0;tmi-sent-ts=1562546380699;turbo=0;user-id=216448313;user-type= :rbruno018!rbruno018@rbruno018.tmi.twitch.tv PRIVMSG #beringelamilgrau :ConcernFroge
2019-07-07 9:40:01 PM: botfumante - Received: @badge-info=;badges=;color=#FF69B4;display-name=rbruno018;emotes=;flags=;id=bb55ef22-325b-4769-88f9-e59fc9b3f6d2;mod=0;room-id=443063688;subscriber=0;tmi-sent-ts=1562546400828;turbo=0;user-id=216448313;user-type= :rbruno018!rbruno018@rbruno018.tmi.twitch.tv PRIVMSG #beringelamilgrau :jaja PepeHands
2019-07-07 9:40:15 PM: botfumante - Received: PING :tmi.twitch.tv
2019-07-07 9:40:15 PM: botfumante - Writing: PONG
2019-07-07 9:40:25 PM: botfumante - Received: @badge-info=;badges=;color=#FF69B4;display-name=rbruno018;emotes=;flags=;id=eece82f5-676e-4f05-83b3-7c2b9046150e;mod=0;room-id=443063688;subscriber=0;tmi-sent-ts=1562546425461;turbo=0;user-id=216448313;user-type= :rbruno018!rbruno018@rbruno018.tmi.twitch.tv PRIVMSG #beringelamilgrau :o cara ta sabido FeelsOkayMan
2019-07-07 9:40:32 PM: botfumante - Received: @badge-info=;badges=;color=#FF69B4;display-name=rbruno018;emotes=;flags=;id=96fe27ed-2aed-4bce-ac8b-a5ced8f7056f;mod=0;room-id=443063688;subscriber=0;tmi-sent-ts=1562546432061;turbo=0;user-id=216448313;user-type= :rbruno018!rbruno018@rbruno018.tmi.twitch.tv PRIVMSG #beringelamilgrau :sabendo demais FeelsOkayMan
2019-07-07 9:40:45 PM: botfumante - Received: @badge-info=;badges=moderator/1;color=#FF9600;display-name=ddanniell;emotes=;flags=;id=cdcf283d-0c5f-4252-bcff-1791dd8821cf;mod=1;room-id=443063688;subscriber=0;tmi-sent-ts=1562546445443;turbo=0;user-id=36163282;user-type=mod :ddanniell!ddanniell@ddanniell.tmi.twitch.tv PRIVMSG #beringelamilgrau :!processo
2019-07-07 9:40:46 PM: botfumante - Received: @badge-info=;badges=moderator/1,partner/1;color=#7C7CE1;display-name=Nightbot;emotes=;flags=;id=2fcd183f-711e-4918-8ec8-1750833c7dcd;mod=1;room-id=443063688;subscriber=0;tmi-sent-ts=1562546445629;turbo=0;user-id=19264788;user-type=mod :nightbot!nightbot@nightbot.tmi.twitch.tv PRIVMSG #beringelamilgrau :O beringelamilgrau n?o compactua com as opini?es dos participantes, nem com a desse chat. peepoEggplant
2019-07-07 9:41:09 PM: botfumante - Received: @badge-info=;badges=;color=#FF69B4;display-name=rbruno018;emotes=;flags=;id=30f8878c-90dd-4b4c-a34a-2ab354fc81ef;mod=0;room-id=443063688;subscriber=0;tmi-sent-ts=1562546469005;turbo=0;user-id=216448313;user-type= :rbruno018!rbruno018@rbruno018.tmi.twitch.tv PRIVMSG #beringelamilgrau :peepoSmoke
2019-07-07 9:41:23 PM: botfumante - Received: @badge-info=;badges=moderator/1,premium/1;color=#DAA520;display-name=BiraVG;emotes=;flags=;id=b236513b-5af8-4a8d-9dd8-636c7082db62;mod=1;room-id=443063688;subscriber=0;tmi-sent-ts=1562546483211;turbo=0;user-id=66834839;user-type=mod :biravg!biravg@biravg.tmi.twitch.tv PRIVMSG #beringelamilgrau :!uptime
2019-07-07 9:41:24 PM: botfumante - Received: @badge-info=;badges=moderator/1,partner/1;color=#7C7CE1;display-name=Nightbot;emotes=;flags=;id=385e86d6-ffb2-4044-88cb-3229f7df053f;mod=1;room-id=443063688;subscriber=0;tmi-sent-ts=1562546483508;turbo=0;user-id=19264788;user-type=mod :nightbot!nightbot@nightbot.tmi.twitch.tv PRIVMSG #beringelamilgrau :Tamo ao vivo faz 2 hours 56 minutes 57 seconds
2019-07-07 9:41:37 PM: botfumante - Received: @badge-info=;badges=;color=#FF69B4;display-name=rbruno018;emotes=;flags=;id=f6333690-5200-41af-bf65-b8dc74ffc247;mod=0;room-id=443063688;subscriber=0;tmi-sent-ts=1562546497378;turbo=0;user-id=216448313;user-type= :rbruno018!rbruno018@rbruno018.tmi.twitch.tv PRIVMSG #beringelamilgrau :bora jogar um gartic depois FeelsMan
2019-07-07 9:42:07 PM: botfumante - Received: @badge-info=;badges=;color=#FF69B4;display-name=rbruno018;emotes=;flags=;id=a217d547-f7c3-4f4f-8e10-520f6d8e172d;mod=0;room-id=443063688;subscriber=0;tmi-sent-ts=1562546526944;turbo=0;user-id=216448313;user-type= :rbruno018!rbruno018@rbruno018.tmi.twitch.tv PRIVMSG #beringelamilgrau :podcast tema: belle delfine
2019-07-07 9:42:18 PM: botfumante - Received: @badge-info=;badges=;color=#008000;display-name=Hisaagi;emotes=;flags=51-56:S.5;id=15b6f193-58f7-44ce-a5cb-d8d49bb5360b;mod=0;room-id=443063688;subscriber=0;tmi-sent-ts=1562546537922;turbo=0;user-id=137774469;user-type= :hisaagi!hisaagi@hisaagi.tmi.twitch.tv PRIVMSG #beringelamilgrau :epis?dio 1 j? tem v?rios temas, bufa, p?s, ?gua de herpes e furry FeelsOkayMan
2019-07-07 9:42:45 PM: botfumante - Received: @badge-info=;badges=;color=#FF69B4;display-name=rbruno018;emotes=;flags=;id=f16aad03-5ff4-42cb-8cda-7fe6930f48f6;mod=0;room-id=443063688;subscriber=0;tmi-sent-ts=1562546565201;turbo=0;user-id=216448313;user-type= :rbruno018!rbruno018@rbruno018.tmi.twitch.tv PRIVMSG #beringelamilgrau :tem tudo pra ser um canal bom FeelsOkayMan
2019-07-07 9:42:46 PM: botfumante - Received: @badge-info=;badges=moderator/1,premium/1;color=#DAA520;display-name=BiraVG;emotes=;flags=;id=4c51ef2d-142b-40f3-8601-dd82472b0430;mod=1;room-id=443063688;subscriber=0;tmi-sent-ts=1562546566435;turbo=0;user-id=66834839;user-type=mod :biravg!biravg@biravg.tmi.twitch.tv PRIVMSG #beringelamilgrau :coentro nos seus jogos
2019-07-07 9:42:57 PM: botfumante - Received: @badge-info=;badges=;color=#FF69B4;display-name=rbruno018;emotes=;flags=;id=9dbd059f-fc83-4e74-8bf0-42fa3c58368d;mod=0;room-id=443063688;subscriber=0;tmi-sent-ts=1562546577223;turbo=0;user-id=216448313;user-type= :rbruno018!rbruno018@rbruno018.tmi.twitch.tv PRIVMSG #beringelamilgrau :salsaPride
2019-07-07 9:43:12 PM: botfumante - Received: @badge-info=;badges=;color=#FF69B4;display-name=rbruno018;emotes=;flags=;id=f0e81118-ac24-4d12-bc9b-42d92daa5a1b;mod=0;room-id=443063688;subscriber=0;tmi-sent-ts=1562546591731;turbo=0;user-id=216448313;user-type= :rbruno018!rbruno018@rbruno018.tmi.twitch.tv PRIVMSG #beringelamilgrau :FeelsOkayMan
2019-07-07 9:43:46 PM: botfumante - Received: :communityshowcase!communityshowcase@communityshowcase.tmi.twitch.tv JOIN #beringelamilgrau
2019-07-07 9:44:29 PM: botfumante - Received: @badge-info=;badges=;color=#1E90FF;display-name=Stay_Hydrated_Bot;emotes=869375:18-29;flags=;id=c5d6692c-268a-4d90-ac36-6b301ed94a72;mod=0;room-id=443063688;subscriber=0;tmi-sent-ts=1562546668642;turbo=0;user-id=183484964;user-type= :stay_hydrated_bot!stay_hydrated_bot@stay_hydrated_bot.tmi.twitch.tv PRIVMSG #beringelamilgrau :ACTION @beringelamilgrau stayhyBottle You've been live for just over 3 hours. By this point in your broadcast you should have consumed at least 12oz (360mL) of water to maintain optimum hydration.
2019-07-07 9:44:34 PM: botfumante - Received: @badge-info=;badges=;color=#008000;display-name=Hisaagi;emotes=;flags=;id=5ea4a1fc-20c0-4e2c-9e13-afdb67c6cb54;mod=0;room-id=443063688;subscriber=0;tmi-sent-ts=1562546674003;turbo=0;user-id=137774469;user-type= :hisaagi!hisaagi@hisaagi.tmi.twitch.tv PRIVMSG #beringelamilgrau :vamo briga peepoSmash
2019-07-07 9:44:35 PM: botfumante - Received: @badge-info=;badges=;color=#FF69B4;display-name=rbruno018;emotes=;flags=;id=00b7eb71-7252-464f-bcaa-aee8687e095f;mod=0;room-id=443063688;subscriber=0;tmi-sent-ts=1562546675225;turbo=0;user-id=216448313;user-type= :rbruno018!rbruno018@rbruno018.tmi.twitch.tv PRIVMSG #beringelamilgrau :BAN NO BOT
2019-07-07 9:44:43 PM: botfumante - Received: PING :tmi.twitch.tv
2019-07-07 9:44:43 PM: botfumante - Writing: PONG
2019-07-07 9:44:45 PM: botfumante - Received: @room-id=443063688;target-user-id=183484964;tmi-sent-ts=1562546685049 :tmi.twitch.tv CLEARCHAT #beringelamilgrau :stay_hydrated_bot
2019-07-07 9:44:46 PM: botfumante - Received: :s1faka!s1faka@s1faka.tmi.twitch.tv PART #beringelamilgrau
2019-07-07 9:44:56 PM: botfumante - Received: @badge-info=;badges=moderator/1;color=#008000;display-name=TONYXZERO;emotes=;flags=;id=2ac9d5da-bb04-4129-96f6-f314446f973a;mod=1;room-id=443063688;subscriber=0;tmi-sent-ts=1562546695731;turbo=0;user-id=38731171;user-type=mod :tonyxzero!tonyxzero@tonyxzero.tmi.twitch.tv PRIVMSG #beringelamilgrau :!sai
2019-07-07 9:44:56 PM: botfumante - Received: @badge-info=;badges=moderator/1,partner/1;color=#7C7CE1;display-name=Nightbot;emotes=;flags=;id=1c60e037-79c1-456b-8abc-28f3ead361ca;mod=1;room-id=443063688;subscriber=0;tmi-sent-ts=1562546695981;turbo=0;user-id=19264788;user-type=mod :nightbot!nightbot@nightbot.tmi.twitch.tv PRIVMSG #beringelamilgrau :Sai mano, sai da minha live!! monkaGun
2019-07-07 9:44:56 PM: botfumante - Received: @badge-info=;badges=;color=#FF69B4;display-name=rbruno018;emotes=;flags=;id=f6a3dfc6-a45f-46d1-84bc-94b15234f09f;mod=0;room-id=443063688;subscriber=0;tmi-sent-ts=1562546696113;turbo=0;user-id=216448313;user-type= :rbruno018!rbruno018@rbruno018.tmi.twitch.tv PRIVMSG #beringelamilgrau :OMEGALUL
2019-07-07 9:44:59 PM: botfumante - Received: @badge-info=;badges=bits-charity/1;color=#1E90FF;display-name=Jean__;emotes=;flags=;id=26950adb-3ff6-4a41-937b-50a43e2ce0b6;mod=0;room-id=443063688;subscriber=0;tmi-sent-ts=1562546698688;turbo=0;user-id=38479494;user-type= :jean__!jean__@jean__.tmi.twitch.tv PRIVMSG #beringelamilgrau :PepeLaugh
2019-07-07 9:45:10 PM: botfumante - Received: @badge-info=;badges=;color=#008000;display-name=Hisaagi;emotes=1772890:15-22;flags=;id=22516129-656b-4e5f-a547-ecaf517d6e46;mod=0;room-id=443063688;subscriber=0;tmi-sent-ts=1562546710423;turbo=0;user-id=137774469;user-type= :hisaagi!hisaagi@hisaagi.tmi.twitch.tv PRIVMSG #beringelamilgrau :to bebeno coca lordsSip
2019-07-07 9:45:27 PM: botfumante - Received: @badge-info=;badges=moderator/1,premium/1;color=#DAA520;display-name=BiraVG;emotes=;flags=;id=97e24a41-9d74-48be-b496-43ed0611b823;mod=1;room-id=443063688;subscriber=0;tmi-sent-ts=1562546727054;turbo=0;user-id=66834839;user-type=mod :biravg!biravg@biravg.tmi.twitch.tv PRIVMSG #beringelamilgrau :ou pode peepoSmoke
2019-07-07 9:45:54 PM: botfumante - Received: @badge-info=;badges=;color=#FF69B4;display-name=rbruno018;emotes=;flags=;id=48821585-2823-4886-815c-cb5f4a17d671;mod=0;room-id=443063688;subscriber=0;tmi-sent-ts=1562546754448;turbo=0;user-id=216448313;user-type= :rbruno018!rbruno018@rbruno018.tmi.twitch.tv PRIVMSG #beringelamilgrau :corote peepoSmoke
2019-07-07 9:46:29 PM: botfumante - Received: @badge-info=;badges=;color=#008000;display-name=Hisaagi;emotes=;flags=;id=f93f94f5-7d99-4b92-95a4-f3653c62f355;mod=0;room-id=443063688;subscriber=0;tmi-sent-ts=1562546788651;turbo=0;user-id=137774469;user-type= :hisaagi!hisaagi@hisaagi.tmi.twitch.tv PRIVMSG #beringelamilgrau :adoro um remedinho tamb?m FeelsMan
2019-07-07 9:46:48 PM: botfumante - Received: :communityshowcase!communityshowcase@communityshowcase.tmi.twitch.tv PART #beringelamilgrau
2019-07-07 9:47:00 PM: botfumante - Received: @badge-info=;badges=;color=#FF69B4;display-name=rbruno018;emotes=;flags=;id=70bc1261-e06e-4293-a7f6-242d508c47ca;mod=0;room-id=443063688;subscriber=0;tmi-sent-ts=1562546820167;turbo=0;user-id=216448313;user-type= :rbruno018!rbruno018@rbruno018.tmi.twitch.tv PRIVMSG #beringelamilgrau :verdade FeelsMan
2019-07-07 9:47:12 PM: botfumante - Received: @badge-info=;badges=moderator/1,premium/1;color=#DAA520;display-name=BiraVG;emotes=;flags=;id=ee78c89c-99e1-4f46-8edb-dc12811b3142;mod=1;room-id=443063688;subscriber=0;tmi-sent-ts=1562546832615;turbo=0;user-id=66834839;user-type=mod :biravg!biravg@biravg.tmi.twitch.tv PRIVMSG #beringelamilgrau :s? falta 19 follows pro afiliado peepoEggplant
2019-07-07 9:47:32 PM: botfumante - Received: @badge-info=;badges=;color=#FF69B4;display-name=rbruno018;emotes=;flags=39-45:;id=7a30172e-6064-4a0a-bde0-cb9c821d9bd5;mod=0;room-id=443063688;subscriber=0;tmi-sent-ts=1562546852035;turbo=0;user-id=216448313;user-type= :rbruno018!rbruno018@rbruno018.tmi.twitch.tv PRIVMSG #beringelamilgrau :atropelar unicornio, muito bom dirigir drogado FeelsMan
2019-07-07 9:47:42 PM: botfumante - Received: @badge-info=;badges=;color=#008000;display-name=Hisaagi;emotes=;flags=75-85:P.5;id=17a0d74a-8439-4e9a-8e65-e15da2fbe6a7;mod=0;room-id=443063688;subscriber=0;tmi-sent-ts=1562546861695;turbo=0;user-id=137774469;user-type= :hisaagi!hisaagi@hisaagi.tmi.twitch.tv PRIVMSG #beringelamilgrau :tu ? de caxias, neh waffle? no fim do m?s eu provavelmente devo ir a? vamo fazer merda na rua FeelsMan
2019-07-07 9:47:52 PM: botfumante - Received: :xtezinho!xtezinho@xtezinho.tmi.twitch.tv JOIN #beringelamilgrau
2019-07-07 9:48:03 PM: botfumante - Received: @badge-info=;badges=;color=#FF69B4;display-name=rbruno018;emotes=;flags=;id=ed22c7d1-d647-451a-aac2-ab4e135153da;mod=0;room-id=443063688;subscriber=0;tmi-sent-ts=1562546883004;turbo=0;user-id=216448313;user-type= :rbruno018!rbruno018@rbruno018.tmi.twitch.tv PRIVMSG #beringelamilgrau :compartilha a live ai nos grupos da familia galera
2019-07-07 9:48:13 PM: botfumante - Received: @badge-info=;badges=;color=#FF69B4;display-name=rbruno018;emotes=;flags=;id=e6174867-3d86-473c-a209-80b3d4cee786;mod=0;room-id=443063688;subscriber=0;tmi-sent-ts=1562546893201;turbo=0;user-id=216448313;user-type= :rbruno018!rbruno018@rbruno018.tmi.twitch.tv PRIVMSG #beringelamilgrau :farios temas da atualidade
2019-07-07 9:48:17 PM: botfumante - Received: @badge-info=;badges=;color=#FF69B4;display-name=rbruno018;emotes=;flags=;id=724b1d3b-920f-46d9-990b-5d7484001f30;mod=0;room-id=443063688;subscriber=0;tmi-sent-ts=1562546897519;turbo=0;user-id=216448313;user-type= :rbruno018!rbruno018@rbruno018.tmi.twitch.tv PRIVMSG #beringelamilgrau :varios*
2019-07-07 9:48:25 PM: botfumante - Received: @badge-info=;badges=moderator/1,premium/1;color=#DAA520;display-name=BiraVG;emotes=;flags=;id=8175c087-dbd6-4630-bc60-bf40aafaa1dd;mod=1;room-id=443063688;subscriber=0;tmi-sent-ts=1562546905261;turbo=0;user-id=66834839;user-type=mod :biravg!biravg@biravg.tmi.twitch.tv PRIVMSG #beringelamilgrau :ConcernFroge
2019-07-07 9:48:52 PM: botfumante - Received: @badge-info=;badges=;color=#008000;display-name=Hisaagi;emotes=;flags=;id=c697be9f-f0aa-433a-894b-51bed2dfa1c1;mod=0;room-id=443063688;subscriber=0;tmi-sent-ts=1562546931867;turbo=0;user-id=137774469;user-type= :hisaagi!hisaagi@hisaagi.tmi.twitch.tv PRIVMSG #beringelamilgrau :eu sou de jacarepagu?, vai ter um rol? de grime a? e eu to afim de ir FeelsMan
2019-07-07 9:49:36 PM: botfumante - Received: PING :tmi.twitch.tv
2019-07-07 9:49:36 PM: botfumante - Writing: PONG
2019-07-07 9:50:10 PM: botfumante - Received: @badge-info=;badges=;color=#008000;display-name=Hisaagi;emotes=;flags=88-130:;id=3ec48fa6-b160-4baa-8844-3d9e39f3cf2b;mod=0;room-id=443063688;subscriber=0;tmi-sent-ts=1562547009723;turbo=0;user-id=137774469;user-type= :hisaagi!hisaagi@hisaagi.tmi.twitch.tv PRIVMSG #beringelamilgrau :grime, ? um subgenero de rap vai tocar tipo isso aqui e umas m?sicas de maluco FeelsMan https://www.youtube.com/watch?v=MQOG5BkY2Bc
2019-07-07 9:51:26 PM: botfumante - Received: @badge-info=;badges=;color=#008000;display-name=Hisaagi;emotes=;flags=;id=08110dad-49e5-4338-9b02-26cad88a8a3b;mod=0;room-id=443063688;subscriber=0;tmi-sent-ts=1562547085687;turbo=0;user-id=137774469;user-type= :hisaagi!hisaagi@hisaagi.tmi.twitch.tv PRIVMSG #beringelamilgrau :quando eu tomava rem?dio pra depress?o eu mal conseguia tomar o bagulho inteiro imagina beber FeelsMan
2019-07-07 9:52:02 PM: botfumante - Received: :adorocoockiej!adorocoockiej@adorocoockiej.tmi.twitch.tv PART #beringelamilgrau
2019-07-07 9:52:18 PM: botfumante - Received: @badge-info=;badges=moderator/1;color=#38CC8F;display-name=Montee_Waffle;emotes=;flags=0-42:;id=5875a8a0-4b76-4bdd-9aae-4cfa6fd608d8;mod=1;room-id=443063688;subscriber=0;tmi-sent-ts=1562547137963;turbo=0;user-id=148551409;user-type=mod :montee_waffle!montee_waffle@montee_waffle.tmi.twitch.tv PRIVMSG #beringelamilgrau :https://www.youtube.com/watch?v=_xQKWnvtg6c
2019-07-07 9:52:40 PM: botfumante - Received: @badge-info=;badges=moderator/1,premium/1;color=#DAA520;display-name=BiraVG;emotes=;flags=;id=f21f270f-de9f-454b-ba7b-f1318fb2645e;mod=1;room-id=443063688;subscriber=0;tmi-sent-ts=1562547159194;turbo=0;user-id=66834839;user-type=mod :biravg!biravg@biravg.tmi.twitch.tv PRIVMSG #beringelamilgrau :ConcernFroge
2019-07-07 9:53:07 PM: botfumante - Received: @badge-info=;badges=;color=#FF69B4;display-name=rbruno018;emotes=;flags=;id=e4d3710d-6c99-4dab-a111-db180600dadf;mod=0;room-id=443063688;subscriber=0;tmi-sent-ts=1562547187507;turbo=0;user-id=216448313;user-type= :rbruno018!rbruno018@rbruno018.tmi.twitch.tv PRIVMSG #beringelamilgrau :ConcernFroge
2019-07-07 9:53:10 PM: botfumante - Received: :adorocoockiej!adorocoockiej@adorocoockiej.tmi.twitch.tv JOIN #beringelamilgrau
2019-07-07 9:53:16 PM: botfumante - Received: @badge-info=;badges=;color=#008000;display-name=Hisaagi;emotes=;flags=;id=96adde65-3340-462e-bcda-9b034d80e930;mod=0;room-id=443063688;subscriber=0;tmi-sent-ts=1562547196248;turbo=0;user-id=137774469;user-type= :hisaagi!hisaagi@hisaagi.tmi.twitch.tv PRIVMSG #beringelamilgrau :NOSSS ESSA ? MUITO BOA
2019-07-07 9:53:41 PM: botfumante - Received: @badge-info=;badges=;color=#008000;display-name=Hisaagi;emotes=;flags=40-89:;id=89b70860-80ac-4201-a5db-97d91594a76e;mod=0;room-id=443063688;subscriber=0;tmi-sent-ts=1562547220665;turbo=0;user-id=137774469;user-type= :hisaagi!hisaagi@hisaagi.tmi.twitch.tv PRIVMSG #beringelamilgrau :tu conhece o brasil grime show? se liga https://www.youtube.com/watch?v=Gm6EURRXZAQ&t=692s
2019-07-07 9:54:09 PM: botfumante - Received: @badge-info=;badges=;color=#FF69B4;display-name=rbruno018;emotes=;flags=;id=ecf0a38c-5821-4e09-94ba-c166f7688ed4;mod=0;room-id=443063688;subscriber=0;tmi-sent-ts=1562547249466;turbo=0;user-id=216448313;user-type= :rbruno018!rbruno018@rbruno018.tmi.twitch.tv PRIVMSG #beringelamilgrau :quem nunca perdeu o reu primario nao teve infancia FeelsMan
