8/23/2019 12:11:27 AM: botfumante - Connecting to: wss://irc-ws.chat.twitch.tv:443
8/23/2019 12:11:28 AM: botfumante - Should be connected!
8/23/2019 12:11:28 AM: botfumante - Joining channel: beringelamilgrau
8/23/2019 12:11:29 AM: botfumante - Received: :tmi.twitch.tv 001 botfumante :Welcome, GLHF!
8/23/2019 12:11:29 AM: botfumante - Received: :tmi.twitch.tv 002 botfumante :Your host is tmi.twitch.tv
8/23/2019 12:11:29 AM: botfumante - Received: :tmi.twitch.tv 003 botfumante :This server is rather new
8/23/2019 12:11:29 AM: botfumante - Received: :tmi.twitch.tv 004 botfumante :-
8/23/2019 12:11:29 AM: botfumante - Received: :tmi.twitch.tv 375 botfumante :-
8/23/2019 12:11:29 AM: botfumante - Received: :tmi.twitch.tv 372 botfumante :You are in a maze of twisty passages, all alike.
8/23/2019 12:11:29 AM: botfumante - Received: :tmi.twitch.tv 376 botfumante :>
8/23/2019 12:11:29 AM: botfumante - Received: :tmi.twitch.tv CAP * ACK :twitch.tv/membership
8/23/2019 12:11:29 AM: botfumante - Unaccounted for: :tmi.twitch.tv CAP * ACK :twitch.tv/membership
8/23/2019 12:11:29 AM: botfumante - Received: :tmi.twitch.tv CAP * ACK :twitch.tv/commands
8/23/2019 12:11:29 AM: botfumante - Unaccounted for: :tmi.twitch.tv CAP * ACK :twitch.tv/commands
8/23/2019 12:11:29 AM: botfumante - Received: :tmi.twitch.tv CAP * ACK :twitch.tv/tags
8/23/2019 12:11:29 AM: botfumante - Unaccounted for: :tmi.twitch.tv CAP * ACK :twitch.tv/tags
8/23/2019 12:11:29 AM: botfumante - Received: :botfumante!botfumante@botfumante.tmi.twitch.tv JOIN #beringelamilgrau
8/23/2019 12:11:29 AM: botfumante - Received: @badge-info=;badges=;color=;display-name=BotFumante;emote-sets=0;mod=0;subscriber=0;user-type= :tmi.twitch.tv USERSTATE #beringelamilgrau
8/23/2019 12:11:29 AM: botfumante - Received: @emote-only=0;followers-only=-1;r9k=0;rituals=0;room-id=443063688;slow=0;subs-only=0 :tmi.twitch.tv ROOMSTATE #beringelamilgrau
8/23/2019 12:11:29 AM: botfumante - Received: :botfumante.tmi.twitch.tv 353 botfumante = #beringelamilgrau :ddanniell don_torelli gabrigode electricallongboard montee_waffle lurxx commanderroot leafjat jean__ streamlabs joseantonio001 rbruno018 beringelamilgrau winsock hostmeraffle lucaesan
8/23/2019 12:11:29 AM: botfumante - Received: :botfumante.tmi.twitch.tv 353 botfumante = #beringelamilgrau :botfumante
8/23/2019 12:11:29 AM: botfumante - Received: :botfumante.tmi.twitch.tv 366 botfumante #beringelamilgrau :End of /NAMES list
8/23/2019 12:11:29 AM: botfumante - Finished channel joining queue.
8/23/2019 12:11:29 AM: botfumante - Finished channel joining queue.
8/23/2019 12:11:31 AM: botfumante - Received: @badge-info=;badges=;color=;display-name=joseantonio001;emotes=;flags=;id=e8e25e7d-a689-4b2f-ae6f-eb88e61cb93a;mod=0;room-id=443063688;subscriber=0;tmi-sent-ts=1566529891282;turbo=0;user-id=157525923;user-type= :joseantonio001!joseantonio001@joseantonio001.tmi.twitch.tv PRIVMSG #beringelamilgrau :!ddaniel
8/23/2019 12:11:34 AM: botfumante - Received: @badge-info=;badges=vip/1;color=#FF69B4;display-name=rbruno018;emotes=;flags=;id=e677f640-03eb-4653-bf5d-c25df7ee951a;mod=0;room-id=443063688;subscriber=0;tmi-sent-ts=1566529894171;turbo=0;user-id=216448313;user-type= :rbruno018!rbruno018@rbruno018.tmi.twitch.tv PRIVMSG #beringelamilgrau :seleciona somente card lendario
8/23/2019 12:11:39 AM: botfumante - Received: @badge-info=;badges=vip/1;color=#FF69B4;display-name=rbruno018;emotes=;flags=;id=7863d194-2fd3-4805-b6ac-46ad4923af18;mod=0;room-id=443063688;subscriber=0;tmi-sent-ts=1566529899388;turbo=0;user-id=216448313;user-type= :rbruno018!rbruno018@rbruno018.tmi.twitch.tv PRIVMSG #beringelamilgrau :e procura rojao
8/23/2019 12:11:40 AM: botfumante - Received: @badge-info=;badges=;color=;display-name=joseantonio001;emotes=;flags=;id=7e2a872f-af4c-4896-ad39-94897d7e939d;mod=0;room-id=443063688;subscriber=0;tmi-sent-ts=1566529899988;turbo=0;user-id=157525923;user-type= :joseantonio001!joseantonio001@joseantonio001.tmi.twitch.tv PRIVMSG #beringelamilgrau :mano o BOT morreu
8/23/2019 12:11:44 AM: botfumante - Received: @badge-info=;badges=vip/1;color=#FF69B4;display-name=rbruno018;emotes=;flags=;id=4117e4ac-403b-42b6-8849-a9d12b53c5e0;mod=0;room-id=443063688;subscriber=0;tmi-sent-ts=1566529904055;turbo=0;user-id=216448313;user-type= :rbruno018!rbruno018@rbruno018.tmi.twitch.tv PRIVMSG #beringelamilgrau :3200 de po
