8/4/2019 5:11:53 AM: botfumante - Connecting to: wss://irc-ws.chat.twitch.tv:443
8/4/2019 5:11:54 AM: botfumante - Should be connected!
8/4/2019 5:11:54 AM: botfumante - Joining channel: beringelamilgrau
8/4/2019 5:11:55 AM: botfumante - Received: :tmi.twitch.tv 001 botfumante :Welcome, GLHF!
8/4/2019 5:11:55 AM: botfumante - Received: :tmi.twitch.tv 002 botfumante :Your host is tmi.twitch.tv
8/4/2019 5:11:55 AM: botfumante - Received: :tmi.twitch.tv 003 botfumante :This server is rather new
8/4/2019 5:11:55 AM: botfumante - Received: :tmi.twitch.tv 004 botfumante :-
8/4/2019 5:11:55 AM: botfumante - Received: :tmi.twitch.tv 375 botfumante :-
8/4/2019 5:11:55 AM: botfumante - Received: :tmi.twitch.tv 372 botfumante :You are in a maze of twisty passages, all alike.
8/4/2019 5:11:55 AM: botfumante - Received: :tmi.twitch.tv 376 botfumante :>
8/4/2019 5:11:55 AM: botfumante - Received: :tmi.twitch.tv CAP * ACK :twitch.tv/membership
8/4/2019 5:11:55 AM: botfumante - Unaccounted for: :tmi.twitch.tv CAP * ACK :twitch.tv/membership
8/4/2019 5:11:55 AM: botfumante - Received: :tmi.twitch.tv CAP * ACK :twitch.tv/commands
8/4/2019 5:11:55 AM: botfumante - Unaccounted for: :tmi.twitch.tv CAP * ACK :twitch.tv/commands
8/4/2019 5:11:55 AM: botfumante - Received: :tmi.twitch.tv CAP * ACK :twitch.tv/tags
8/4/2019 5:11:55 AM: botfumante - Unaccounted for: :tmi.twitch.tv CAP * ACK :twitch.tv/tags
8/4/2019 5:11:55 AM: botfumante - Received: :botfumante!botfumante@botfumante.tmi.twitch.tv JOIN #beringelamilgrau
8/4/2019 5:11:55 AM: botfumante - Received: @badge-info=;badges=;color=;display-name=BotFumante;emote-sets=0;mod=0;subscriber=0;user-type= :tmi.twitch.tv USERSTATE #beringelamilgrau
8/4/2019 5:11:55 AM: botfumante - Received: @emote-only=0;followers-only=-1;r9k=0;rituals=0;room-id=443063688;slow=0;subs-only=0 :tmi.twitch.tv ROOMSTATE #beringelamilgrau
8/4/2019 5:11:55 AM: botfumante - Received: :botfumante.tmi.twitch.tv 353 botfumante = #beringelamilgrau :commanderroot p0lizei_ g0okudecart0la beringelamilgrau gamerriell nightbot jean__ winsock slocool hisaagi montee_waffle ddanniell themalkavianx lurxx feuerwehr electricallongboard streamlabs
8/4/2019 5:11:55 AM: botfumante - Received: :botfumante.tmi.twitch.tv 353 botfumante = #beringelamilgrau :botfumante
8/4/2019 5:11:55 AM: botfumante - Received: :botfumante.tmi.twitch.tv 366 botfumante #beringelamilgrau :End of /NAMES list
8/4/2019 5:11:55 AM: botfumante - Finished channel joining queue.
8/4/2019 5:11:55 AM: botfumante - Finished channel joining queue.
8/4/2019 5:12:18 AM: botfumante - Received: @badge-info=subscriber/1;badges=vip/1,subscriber/0,bits-charity/1;color=#5F9EA0;display-name=Jean__;emotes=;flags=;id=04604fbe-5a5a-4c16-b3fc-b07237934a33;mod=0;room-id=443063688;subscriber=1;tmi-sent-ts=1564906337334;turbo=0;user-id=38479494;user-type= :jean__!jean__@jean__.tmi.twitch.tv PRIVMSG #beringelamilgrau :!!
8/4/2019 5:12:19 AM: botfumante - Received: @badge-info=;badges=;color=;display-name=BotFumante;emote-sets=0;mod=0;subscriber=0;user-type= :tmi.twitch.tv USERSTATE #beringelamilgrau
8/4/2019 5:12:21 AM: botfumante - Received: @badge-info=subscriber/1;badges=vip/1,subscriber/0,bits-charity/1;color=#5F9EA0;display-name=Jean__;emotes=;flags=;id=4954feab-3ad6-4477-8011-3ada69f357a9;mod=0;room-id=443063688;subscriber=1;tmi-sent-ts=1564906340786;turbo=0;user-id=38479494;user-type= :jean__!jean__@jean__.tmi.twitch.tv PRIVMSG #beringelamilgrau :salve
8/4/2019 5:12:22 AM: botfumante - Received: @badge-info=;badges=;color=;display-name=BotFumante;emote-sets=0;mod=0;subscriber=0;user-type= :tmi.twitch.tv USERSTATE #beringelamilgrau
8/4/2019 5:12:22 AM: botfumante - Received: @badge-info=;badges=moderator/1,partner/1;color=#7C7CE1;display-name=Nightbot;emotes=;flags=9-13:P.6/S.0;id=4c67da2d-3203-440a-9680-2d3de22d9d5b;mod=1;room-id=443063688;subscriber=0;tmi-sent-ts=1564906341508;turbo=0;user-id=19264788;user-type=mod :nightbot!nightbot@nightbot.tmi.twitch.tv PRIVMSG #beringelamilgrau :Que man? porra de salve!
8/4/2019 5:12:24 AM: botfumante - Received: @badge-info=;badges=vip/1;color=#008000;display-name=Hisaagi;emotes=;flags=;id=8c5a8ce7-c183-4935-b01e-9c0ae6cdf27b;mod=0;room-id=443063688;subscriber=0;tmi-sent-ts=1564906343261;turbo=0;user-id=137774469;user-type= :hisaagi!hisaagi@hisaagi.tmi.twitch.tv PRIVMSG #beringelamilgrau :oq?
8/4/2019 5:12:25 AM: botfumante - Received: @badge-info=subscriber/1;badges=vip/1,subscriber/0,bits-charity/1;color=#5F9EA0;display-name=Jean__;emotes=;flags=;id=fadc75ce-a493-4968-a458-a7ade322b5f0;mod=0;room-id=443063688;subscriber=1;tmi-sent-ts=1564906344430;turbo=0;user-id=38479494;user-type= :jean__!jean__@jean__.tmi.twitch.tv PRIVMSG #beringelamilgrau :FeelsOkayMan
8/4/2019 5:12:29 AM: botfumante - Received: @badge-info=;badges=vip/1;color=#008000;display-name=Hisaagi;emotes=;flags=;id=adc6f411-d414-402f-8d0d-73826d89cfed;mod=0;room-id=443063688;subscriber=0;tmi-sent-ts=1564906348841;turbo=0;user-id=137774469;user-type= :hisaagi!hisaagi@hisaagi.tmi.twitch.tv PRIVMSG #beringelamilgrau :travou tudo q vc disse
8/4/2019 5:12:34 AM: botfumante - Received: :hostmeraffle!hostmeraffle@hostmeraffle.tmi.twitch.tv JOIN #beringelamilgrau
8/4/2019 5:13:14 AM: botfumante - Received: @badge-info=;badges=vip/1;color=#008000;display-name=Hisaagi;emotes=;flags=;id=14533b37-c111-45b1-9b08-a5eef93101d4;mod=0;room-id=443063688;subscriber=0;tmi-sent-ts=1564906393195;turbo=0;user-id=137774469;user-type= :hisaagi!hisaagi@hisaagi.tmi.twitch.tv PRIVMSG #beringelamilgrau :sim ? uma piada eu q fiquei meio confuso mesmo
8/4/2019 5:13:22 AM: botfumante - Received: @badge-info=;badges=vip/1;color=#008000;display-name=Hisaagi;emotes=;flags=;id=5971da43-dc12-4888-a497-aca4430da0f5;mod=0;room-id=443063688;subscriber=0;tmi-sent-ts=1564906401282;turbo=0;user-id=137774469;user-type= :hisaagi!hisaagi@hisaagi.tmi.twitch.tv PRIVMSG #beringelamilgrau :mto ruim pra q eu fui pedir pra repetir meu deus
8/4/2019 5:13:47 AM: botfumante - Received: @badge-info=;badges=vip/1;color=#008000;display-name=Hisaagi;emotes=160401:32-37;flags=;id=fe46139f-8316-4d36-9445-ba6e3a177571;mod=0;room-id=443063688;subscriber=0;tmi-sent-ts=1564906426181;turbo=0;user-id=137774469;user-type= :hisaagi!hisaagi@hisaagi.tmi.twitch.tv PRIVMSG #beringelamilgrau :vou dar um bloqueio na sua cara PunOko
8/4/2019 5:13:53 AM: botfumante - Received: @badge-info=subscriber/1;badges=vip/1,subscriber/0,bits-charity/1;color=#5F9EA0;display-name=Jean__;emotes=;flags=;id=7e03024e-50f2-428f-bbfa-f54f32615fa1;mod=0;room-id=443063688;subscriber=1;tmi-sent-ts=1564906432860;turbo=0;user-id=38479494;user-type= :jean__!jean__@jean__.tmi.twitch.tv PRIVMSG #beringelamilgrau :ConcernFroge
8/4/2019 5:14:05 AM: botfumante - Received: @ban-duration=2;room-id=443063688;target-user-id=137774469;tmi-sent-ts=1564906444141 :tmi.twitch.tv CLEARCHAT #beringelamilgrau :hisaagi
8/4/2019 5:14:25 AM: botfumante - Received: @badge-info=;badges=vip/1;color=#008000;display-name=Hisaagi;emotes=;flags=;id=1370319a-aa51-48c2-9242-48febfdabe16;mod=0;room-id=443063688;subscriber=0;tmi-sent-ts=1564906464383;turbo=0;user-id=137774469;user-type= :hisaagi!hisaagi@hisaagi.tmi.twitch.tv PRIVMSG #beringelamilgrau :OMEGALUL
8/4/2019 5:14:34 AM: botfumante - Received: @badge-info=;badges=moderator/1;color=#FF9600;display-name=ddanniell;emotes=1971205:0-8;flags=;id=e816cc37-509c-4498-bf2d-6844837ffd44;mod=1;room-id=443063688;subscriber=0;tmi-sent-ts=1564906473112;turbo=0;user-id=36163282;user-type=mod :ddanniell!ddanniell@ddanniell.tmi.twitch.tv PRIVMSG #beringelamilgrau :lordsBaka s? tava querendo ajuda
8/4/2019 5:15:51 AM: botfumante - Received: :hostmeraffle!hostmeraffle@hostmeraffle.tmi.twitch.tv PART #beringelamilgrau
8/4/2019 5:15:51 AM: botfumante - Received: @badge-info=;badges=moderator/1,partner/1;color=;display-name=totoro;emotes=;flags=;id=15db819b-4a4a-4f86-a4f9-91d65d0bf842;login=totoro;mod=1;msg-id=raid;msg-param-displayName=totoro;msg-param-login=totoro;msg-param-profileImageURL=https://static-cdn.jtvnw.net/jtv_user_pictures/9a00648479690d0c-profile_image-70x70.png;msg-param-viewerCount=147;room-id=443063688;subscriber=0;system-msg=147\sraiders\sfrom\stotoro\shave\sjoined!;tmi-sent-ts=1564906550632;user-id=165979679;user-type=mod :tmi.twitch.tv USERNOTICE #beringelamilgrau
8/4/2019 5:16:00 AM: botfumante - Received: @badge-info=subscriber/1;badges=moderator/1,subscriber/0,overwatch-league-insider_2019A/1;color=#FF0000;display-name=themalkavianx;emotes=;flags=;id=d69d6dcd-9046-414c-a6b7-2d07f8953ee1;mod=1;room-id=443063688;subscriber=1;tmi-sent-ts=1564906559511;turbo=0;user-id=5650408;user-type=mod :themalkavianx!themalkavianx@themalkavianx.tmi.twitch.tv PRIVMSG #beringelamilgrau :PepeLaugh PepeLaugh PepeLaugh PepeLaugh PepeLaugh PepeLaugh PepeLaugh PepeLaugh
8/4/2019 5:16:01 AM: botfumante - Received: @badge-info=;badges=moderator/1;color=#008000;display-name=TONYXZERO;emotes=1549096:19-27,29-37,39-47,49-57,59-67,69-77,79-87;flags=;id=c957c42f-cb45-4915-965d-b3f3d1ca1a43;mod=1;room-id=443063688;subscriber=0;tmi-sent-ts=1564906559956;turbo=0;user-id=38731171;user-type=mod :tonyxzero!tonyxzero@tonyxzero.tmi.twitch.tv PRIVMSG #beringelamilgrau :GANK DAS CAPIVARAS totorVara totorVara totorVara totorVara totorVara totorVara totorVara
8/4/2019 5:16:03 AM: botfumante - Received: @badge-info=;badges=vip/1;color=#008000;display-name=Hisaagi;emotes=;flags=;id=b93cd183-3bc1-49ff-8875-9e384bc49fce;mod=0;room-id=443063688;subscriber=0;tmi-sent-ts=1564906562779;turbo=0;user-id=137774469;user-type= :hisaagi!hisaagi@hisaagi.tmi.twitch.tv PRIVMSG #beringelamilgrau :FeelsMan
8/4/2019 5:16:03 AM: botfumante - Received: @badge-info=subscriber/1;badges=moderator/1,subscriber/0,overwatch-league-insider_2019A/1;color=#FF0000;display-name=themalkavianx;emotes=;flags=;id=18ab53d1-2706-4cf1-97b7-0b83887e35fc;mod=1;room-id=443063688;subscriber=1;tmi-sent-ts=1564906562856;turbo=0;user-id=5650408;user-type=mod :themalkavianx!themalkavianx@themalkavianx.tmi.twitch.tv PRIVMSG #beringelamilgrau :PepeLaugh PepeLaugh PepeLaugh PepeLaugh PepeLaugh PepeLaugh PepeLaugh PepeLaugh
8/4/2019 5:16:06 AM: botfumante - Received: @badge-info=;badges=moderator/1;color=#008000;display-name=TONYXZERO;emotes=;flags=;id=14f07356-55d0-43ab-8eea-a7897f6fde63;mod=1;room-id=443063688;subscriber=0;tmi-sent-ts=1564906565756;turbo=0;user-id=38731171;user-type=mod :tonyxzero!tonyxzero@tonyxzero.tmi.twitch.tv PRIVMSG #beringelamilgrau :AH N OMEGALUL
8/4/2019 5:16:08 AM: botfumante - Received: @badge-info=;badges=;color=#FF0000;display-name=iCrep;emotes=;flags=;id=69169faf-12c4-43eb-9061-e89c2f0a7a52;mod=0;room-id=443063688;subscriber=0;tmi-sent-ts=1564906566934;turbo=0;user-id=183519092;user-type= :icrep!icrep@icrep.tmi.twitch.tv PRIVMSG #beringelamilgrau :pepeLaugh
8/4/2019 5:16:11 AM: botfumante - Received: @badge-info=;badges=;color=#FF69B4;display-name=LilArnaldo;emotes=;flags=;id=df4c08eb-b785-4587-b716-8c68c24a4153;mod=0;room-id=443063688;subscriber=0;tmi-sent-ts=1564906570625;turbo=0;user-id=123209742;user-type= :lilarnaldo!lilarnaldo@lilarnaldo.tmi.twitch.tv PRIVMSG #beringelamilgrau :so tristeza peepoSleepo
8/4/2019 5:16:15 AM: botfumante - Received: @badge-info=;badges=;color=#FF0000;display-name=SinnerJin;emotes=;flags=;id=11d71290-b24b-4463-969b-37fa09e3377b;mod=0;room-id=443063688;subscriber=0;tmi-sent-ts=1564906574839;turbo=0;user-id=85696434;user-type= :sinnerjin!sinnerjin@sinnerjin.tmi.twitch.tv PRIVMSG #beringelamilgrau :OMEGALUL
8/4/2019 5:16:16 AM: botfumante - Received: @badge-info=;badges=;color=#FF69B4;display-name=EllieMayFord;emote-only=1;emotes=425618:0-2;flags=;id=2196b503-3542-4d04-b139-b13d630ded0d;mod=0;room-id=443063688;subscriber=0;tmi-sent-ts=1564906575068;turbo=0;user-id=244732010;user-type= :elliemayford!elliemayford@elliemayford.tmi.twitch.tv PRIVMSG #beringelamilgrau :LUL
8/4/2019 5:16:16 AM: botfumante - Received: @badge-info=;badges=moderator/1;color=#008000;display-name=TONYXZERO;emotes=;flags=;id=69903c35-5d97-4c8c-ba84-21c14c740fb8;mod=1;room-id=443063688;subscriber=0;tmi-sent-ts=1564906575290;turbo=0;user-id=38731171;user-type=mod :tonyxzero!tonyxzero@tonyxzero.tmi.twitch.tv PRIVMSG #beringelamilgrau :AGORA VAI FICAR Pepega
8/4/2019 5:16:17 AM: botfumante - Received: @badge-info=;badges=;color=#FF0000;display-name=iCrep;emote-only=1;emotes=1674761:0-4,6-10,12-16,18-22,24-28;flags=;id=6b76de16-90b0-497a-b984-25a66c09f34e;mod=0;room-id=443063688;subscriber=0;tmi-sent-ts=1564906576579;turbo=0;user-id=183519092;user-type= :icrep!icrep@icrep.tmi.twitch.tv PRIVMSG #beringelamilgrau :cellK cellK cellK cellK cellK
8/4/2019 5:16:20 AM: botfumante - Received: @badge-info=;badges=;color=;display-name=viniczzeus;emotes=;flags=;id=820d5107-e796-48a3-b891-e5facdfc0d08;mod=0;room-id=443063688;subscriber=0;tmi-sent-ts=1564906579653;turbo=0;user-id=113978339;user-type= :viniczzeus!viniczzeus@viniczzeus.tmi.twitch.tv PRIVMSG #beringelamilgrau :Raidddd
8/4/2019 5:16:27 AM: botfumante - Received: @badge-info=;badges=moderator/1;color=#008000;display-name=TONYXZERO;emotes=;flags=23-27:P.6/S.0;id=d7cd4e0b-f048-44c9-a293-fc1ebdf04dae;mod=1;room-id=443063688;subscriber=0;tmi-sent-ts=1564906586276;turbo=0;user-id=38731171;user-type=mod :tonyxzero!tonyxzero@tonyxzero.tmi.twitch.tv PRIVMSG #beringelamilgrau :VCS N TAO JOGANDO ESSA PORRA N??????? OMEGALUL
8/4/2019 5:16:28 AM: botfumante - Received: @badge-info=;badges=;color=;display-name=viniczzeus;emote-only=1;emotes=64138:0-8,10-18,20-28,30-38;flags=;id=f79da4c4-37a0-47fc-aa84-0d7986e2b518;mod=0;room-id=443063688;subscriber=0;tmi-sent-ts=1564906586975;turbo=0;user-id=113978339;user-type= :viniczzeus!viniczzeus@viniczzeus.tmi.twitch.tv PRIVMSG #beringelamilgrau :SeemsGood SeemsGood SeemsGood SeemsGood
8/4/2019 5:16:32 AM: botfumante - Received: @badge-info=;badges=;color=;display-name=vinescless;emotes=;flags=;id=3e8e28a9-5ffd-4401-97f6-9f511db364df;mod=0;room-id=443063688;subscriber=0;tmi-sent-ts=1564906591003;turbo=0;user-id=445864756;user-type= :vinescless!vinescless@vinescless.tmi.twitch.tv PRIVMSG #beringelamilgrau :Agr vai ficar acordado com nois
8/4/2019 5:16:39 AM: botfumante - Received: @badge-info=;badges=vip/1;color=#008000;display-name=Hisaagi;emotes=;flags=;id=27fcf198-d734-498f-94d7-2828be746626;mod=0;room-id=443063688;subscriber=0;tmi-sent-ts=1564906598193;turbo=0;user-id=137774469;user-type= :hisaagi!hisaagi@hisaagi.tmi.twitch.tv PRIVMSG #beringelamilgrau :!sai
8/4/2019 5:16:39 AM: botfumante - Received: @badge-info=;badges=moderator/1,partner/1;color=#7C7CE1;display-name=Nightbot;emotes=;flags=;id=c894a741-e65a-495e-a052-5aff669b467c;mod=1;room-id=443063688;subscriber=0;tmi-sent-ts=1564906598513;turbo=0;user-id=19264788;user-type=mod :nightbot!nightbot@nightbot.tmi.twitch.tv PRIVMSG #beringelamilgrau :Sai mano, sai da minha live!! monkaGun
8/4/2019 5:16:44 AM: botfumante - Received: PING :tmi.twitch.tv
8/4/2019 5:16:44 AM: botfumante - Writing: PONG
8/4/2019 5:16:45 AM: botfumante - Received: @badge-info=;badges=moderator/1;color=#008000;display-name=TONYXZERO;emotes=;flags=;id=73e22fb9-e58f-4afc-be5c-e9abc5e7f9b9;mod=1;room-id=443063688;subscriber=0;tmi-sent-ts=1564906604002;turbo=0;user-id=38731171;user-type=mod :tonyxzero!tonyxzero@tonyxzero.tmi.twitch.tv PRIVMSG #beringelamilgrau :Sejam bem vindos PepeComfy
8/4/2019 5:16:49 AM: botfumante - Received: @badge-info=;badges=moderator/1;color=#008000;display-name=TONYXZERO;emotes=1866390:8-13;flags=;id=8c4ef7e3-8df5-4766-ab19-5b81eecf87c2;mod=1;room-id=443063688;subscriber=0;tmi-sent-ts=1564906608408;turbo=0;user-id=38731171;user-type=mod :tonyxzero!tonyxzero@tonyxzero.tmi.twitch.tv PRIVMSG #beringelamilgrau :Hisaagi lordsD
8/4/2019 5:16:53 AM: botfumante - Received: :uraura!uraura@uraura.tmi.twitch.tv JOIN #beringelamilgrau
8/4/2019 5:16:53 AM: botfumante - Received: :robsonoscar3!robsonoscar3@robsonoscar3.tmi.twitch.tv JOIN #beringelamilgrau
8/4/2019 5:16:53 AM: botfumante - Received: :selhar!selhar@selhar.tmi.twitch.tv JOIN #beringelamilgrau
8/4/2019 5:16:53 AM: botfumante - Received: :carlos12!carlos12@carlos12.tmi.twitch.tv JOIN #beringelamilgrau
8/4/2019 5:16:53 AM: botfumante - Received: :fulllbr!fulllbr@fulllbr.tmi.twitch.tv JOIN #beringelamilgrau
8/4/2019 5:16:53 AM: botfumante - Received: :4bolha!4bolha@4bolha.tmi.twitch.tv JOIN #beringelamilgrau
8/4/2019 5:16:53 AM: botfumante - Received: :pelpinous!pelpinous@pelpinous.tmi.twitch.tv JOIN #beringelamilgrau
8/4/2019 5:16:53 AM: botfumante - Received: :6sixx_!6sixx_@6sixx_.tmi.twitch.tv JOIN #beringelamilgrau
8/4/2019 5:16:53 AM: botfumante - Received: :fabio_killer_!fabio_killer_@fabio_killer_.tmi.twitch.tv JOIN #beringelamilgrau
8/4/2019 5:16:53 AM: botfumante - Received: :fabio_css!fabio_css@fabio_css.tmi.twitch.tv JOIN #beringelamilgrau
8/4/2019 5:16:53 AM: botfumante - Received: :felipexgamerbr!felipexgamerbr@felipexgamerbr.tmi.twitch.tv JOIN #beringelamilgrau
8/4/2019 5:16:53 AM: botfumante - Received: :araujoxbr!araujoxbr@araujoxbr.tmi.twitch.tv JOIN #beringelamilgrau
8/4/2019 5:16:53 AM: botfumante - Received: :fernando_92!fernando_92@fernando_92.tmi.twitch.tv JOIN #beringelamilgrau
8/4/2019 5:16:53 AM: botfumante - Received: :antoine_griezmann97!antoine_griezmann97@antoine_griezmann97.tmi.twitch.tv JOIN #beringelamilgrau
8/4/2019 5:16:53 AM: botfumante - Received: :fallingxz!fallingxz@fallingxz.tmi.twitch.tv JOIN #beringelamilgrau
8/4/2019 5:16:53 AM: botfumante - Received: :viniczzeus!viniczzeus@viniczzeus.tmi.twitch.tv JOIN #beringelamilgrau
8/4/2019 5:16:53 AM: botfumante - Received: :totoro!totoro@totoro.tmi.twitch.tv JOIN #beringelamilgrau
8/4/2019 5:16:53 AM: botfumante - Received: :vreuls!vreuls@vreuls.tmi.twitch.tv JOIN #beringelamilgrau
8/4/2019 5:16:53 AM: botfumante - Received: :rovani!rovani@rovani.tmi.twitch.tv JOIN #beringelamilgrau
8/4/2019 5:16:53 AM: botfumante - Received: :vinnyoliver166!vinnyoliver166@vinnyoliver166.tmi.twitch.tv JOIN #beringelamilgrau
8/4/2019 5:16:54 AM: botfumante - Received: @badge-info=;badges=vip/1;color=#008000;display-name=Hisaagi;emotes=;flags=;id=1c91bbb7-917e-4879-b141-4a78ad120030;mod=0;room-id=443063688;subscriber=0;tmi-sent-ts=1564906613124;turbo=0;user-id=137774469;user-type= :hisaagi!hisaagi@hisaagi.tmi.twitch.tv PRIVMSG #beringelamilgrau :vai ter gta? Pepega
8/4/2019 5:16:56 AM: botfumante - Received: @badge-info=;badges=moderator/1;color=#008000;display-name=TONYXZERO;emotes=;flags=;id=c26fa386-2f1a-4408-b12c-09eb41b9fe48;mod=1;room-id=443063688;subscriber=0;tmi-sent-ts=1564906615736;turbo=0;user-id=38731171;user-type=mod :tonyxzero!tonyxzero@tonyxzero.tmi.twitch.tv PRIVMSG #beringelamilgrau :!daniel
8/4/2019 5:16:56 AM: botfumante - Received: @badge-info=subscriber/1;badges=broadcaster/1,subscriber/0;color=#8A2BE2;display-name=BeringelaMilGrau;emotes=;flags=;id=09dd37e4-0356-4175-8108-c5a3293703db;mod=0;room-id=443063688;subscriber=1;tmi-sent-ts=1564906615898;turbo=0;user-id=443063688;user-type= :beringelamilgrau!beringelamilgrau@beringelamilgrau.tmi.twitch.tv PRIVMSG #beringelamilgrau :!daniel
8/4/2019 5:16:57 AM: botfumante - Received: @badge-info=;badges=;color=;display-name=viniczzeus;emotes=;flags=;id=4ebaceac-12c5-42d6-a67e-b38316a1a4bf;mod=0;room-id=443063688;subscriber=0;tmi-sent-ts=1564906615965;turbo=0;user-id=113978339;user-type= :viniczzeus!viniczzeus@viniczzeus.tmi.twitch.tv PRIVMSG #beringelamilgrau :Agora nao dorme mais
8/4/2019 5:16:57 AM: botfumante - Received: @badge-info=;badges=moderator/1,partner/1;color=#7C7CE1;display-name=Nightbot;emotes=;flags=;id=a61f839e-0d79-4a6d-9b58-aaccd88afc36;mod=1;room-id=443063688;subscriber=0;tmi-sent-ts=1564906616020;turbo=0;user-id=19264788;user-type=mod :nightbot!nightbot@nightbot.tmi.twitch.tv PRIVMSG #beringelamilgrau :Perdoa o rapaz, ele n?o sabe ler e nem escrever.
8/4/2019 5:16:59 AM: botfumante - Received: @badge-info=;badges=;color=#FF0000;display-name=SinnerJin;emotes=;flags=;id=622ced1b-1720-4417-a0f0-503f91c27e8f;mod=0;room-id=443063688;subscriber=0;tmi-sent-ts=1564906618851;turbo=0;user-id=85696434;user-type= :sinnerjin!sinnerjin@sinnerjin.tmi.twitch.tv PRIVMSG #beringelamilgrau :Pogplant
8/4/2019 5:17:02 AM: botfumante - Received: @badge-info=;badges=moderator/1;color=#008000;display-name=TONYXZERO;emotes=;flags=;id=42d2464a-8e1e-4963-848f-cb23a8c666ff;mod=1;room-id=443063688;subscriber=0;tmi-sent-ts=1564906621013;turbo=0;user-id=38731171;user-type=mod :tonyxzero!tonyxzero@tonyxzero.tmi.twitch.tv PRIVMSG #beringelamilgrau :FeelsMan
8/4/2019 5:17:05 AM: botfumante - Received: @badge-info=;badges=moderator/1,partner/1;color=;display-name=totoro;emotes=;flags=;id=05b8b91a-321a-4d8d-aa42-fad05dd73baf;mod=1;room-id=443063688;subscriber=0;tmi-sent-ts=1564906624136;turbo=0;user-id=165979679;user-type=mod :totoro!totoro@totoro.tmi.twitch.tv PRIVMSG #beringelamilgrau :digam qual ? o membro favorito do beringela pra voces. so pra ja come?er as tretas
8/4/2019 5:17:11 AM: botfumante - Received: @badge-info=;badges=;color=#FF69B4;display-name=LilArnaldo;emotes=;flags=;id=364c7cc9-c2a2-43c1-ac18-b59ba1fde258;mod=0;room-id=443063688;subscriber=0;tmi-sent-ts=1564906630118;turbo=0;user-id=123209742;user-type= :lilarnaldo!lilarnaldo@lilarnaldo.tmi.twitch.tv PRIVMSG #beringelamilgrau :agora so esperar a live de fate grand order PepeComfy
8/4/2019 5:17:14 AM: botfumante - Received: @badge-info=;badges=;color=;display-name=vinescless;emotes=;flags=;id=9932718e-752e-4e5d-a6fe-3e1bdbba58fb;mod=0;room-id=443063688;subscriber=0;tmi-sent-ts=1564906633257;turbo=0;user-id=445864756;user-type= :vinescless!vinescless@vinescless.tmi.twitch.tv PRIVMSG #beringelamilgrau :Vai ficar com a gnt
8/4/2019 5:17:17 AM: botfumante - Received: @badge-info=;badges=;color=;display-name=vinescless;emotes=;flags=;id=ee3a4b4b-63d9-4589-b845-400a65871c6e;mod=0;room-id=443063688;subscriber=0;tmi-sent-ts=1564906636692;turbo=0;user-id=445864756;user-type= :vinescless!vinescless@vinescless.tmi.twitch.tv PRIVMSG #beringelamilgrau :kkkk
8/4/2019 5:17:21 AM: botfumante - Received: @badge-info=;badges=vip/1;color=#008000;display-name=Hisaagi;emotes=;flags=16-25:;id=5e93fe42-68b6-4bce-8193-e59ec9f610fe;mod=0;room-id=443063688;subscriber=0;tmi-sent-ts=1564906640281;turbo=0;user-id=137774469;user-type= :hisaagi!hisaagi@hisaagi.tmi.twitch.tv PRIVMSG #beringelamilgrau :esse jogo ? pra pc? Pepega
8/4/2019 5:17:23 AM: botfumante - Received: @badge-info=;badges=;color=;display-name=viniczzeus;emotes=;flags=;id=5318a064-a1b2-4439-bf22-079cb9ce7962;mod=0;room-id=443063688;subscriber=0;tmi-sent-ts=1564906642702;turbo=0;user-id=113978339;user-type= :viniczzeus!viniczzeus@viniczzeus.tmi.twitch.tv PRIVMSG #beringelamilgrau :Agora nao vai mais
8/4/2019 5:17:24 AM: botfumante - Received: @badge-info=;badges=;color=#FF0000;display-name=iCrep;emotes=;flags=;id=e2e6c822-839c-467c-a070-a7ee8996458c;mod=0;room-id=443063688;subscriber=0;tmi-sent-ts=1564906643151;turbo=0;user-id=183519092;user-type= :icrep!icrep@icrep.tmi.twitch.tv PRIVMSG #beringelamilgrau :PepeComfy Dormir praq
8/4/2019 5:17:26 AM: botfumante - Received: @badge-info=;badges=moderator/1;color=#008000;display-name=TONYXZERO;emotes=;flags=;id=21f0df3e-bb1b-4059-841b-a1540889511c;mod=1;room-id=443063688;subscriber=0;tmi-sent-ts=1564906645858;turbo=0;user-id=38731171;user-type=mod :tonyxzero!tonyxzero@tonyxzero.tmi.twitch.tv PRIVMSG #beringelamilgrau :Totoro se revelando ai peepoFatPlant
8/4/2019 5:17:35 AM: botfumante - Received: @badge-info=;badges=moderator/1;color=#008000;display-name=TONYXZERO;emotes=;flags=;id=5ecf22a9-dca9-4308-bd04-26c44731ddc6;mod=1;room-id=443063688;subscriber=0;tmi-sent-ts=1564906654717;turbo=0;user-id=38731171;user-type=mod :tonyxzero!tonyxzero@tonyxzero.tmi.twitch.tv PRIVMSG #beringelamilgrau :OMEGALUL
8/4/2019 5:17:41 AM: botfumante - Received: @badge-info=;badges=vip/1;color=#008000;display-name=Hisaagi;emotes=;flags=;id=10394cc7-e278-4515-bdb6-760989a3fe16;mod=0;room-id=443063688;subscriber=0;tmi-sent-ts=1564906659903;turbo=0;user-id=137774469;user-type= :hisaagi!hisaagi@hisaagi.tmi.twitch.tv PRIVMSG #beringelamilgrau :vc s? joga lol? Pepega
8/4/2019 5:17:53 AM: botfumante - Received: @badge-info=;badges=;color=#FF0000;display-name=iCrep;emotes=;flags=;id=db27cc24-f098-49d5-a425-63c9ac3135aa;mod=0;room-id=443063688;subscriber=0;tmi-sent-ts=1564906672793;turbo=0;user-id=183519092;user-type= :icrep!icrep@icrep.tmi.twitch.tv PRIVMSG #beringelamilgrau :PepeLaugh
8/4/2019 5:17:54 AM: botfumante - Received: :mathredfox!mathredfox@mathredfox.tmi.twitch.tv JOIN #beringelamilgrau
8/4/2019 5:17:54 AM: botfumante - Received: :caioz3!caioz3@caioz3.tmi.twitch.tv JOIN #beringelamilgrau
8/4/2019 5:17:54 AM: botfumante - Received: :2tricky!2tricky@2tricky.tmi.twitch.tv JOIN #beringelamilgrau
8/4/2019 5:17:54 AM: botfumante - Received: :tripazim!tripazim@tripazim.tmi.twitch.tv JOIN #beringelamilgrau
8/4/2019 5:17:54 AM: botfumante - Received: :bamumi!bamumi@bamumi.tmi.twitch.tv JOIN #beringelamilgrau
8/4/2019 5:17:54 AM: botfumante - Received: :gamb4_cheiroso!gamb4_cheiroso@gamb4_cheiroso.tmi.twitch.tv JOIN #beringelamilgrau
8/4/2019 5:17:54 AM: botfumante - Received: :matheuswb!matheuswb@matheuswb.tmi.twitch.tv JOIN #beringelamilgrau
8/4/2019 5:17:54 AM: botfumante - Received: :cresmu!cresmu@cresmu.tmi.twitch.tv JOIN #beringelamilgrau
8/4/2019 5:17:54 AM: botfumante - Received: :minikiddoo!minikiddoo@minikiddoo.tmi.twitch.tv JOIN #beringelamilgrau
8/4/2019 5:17:54 AM: botfumante - Received: :nagazakki!nagazakki@nagazakki.tmi.twitch.tv JOIN #beringelamilgrau
8/4/2019 5:17:54 AM: botfumante - Received: :nekooangel!nekooangel@nekooangel.tmi.twitch.tv JOIN #beringelamilgrau
8/4/2019 5:17:54 AM: botfumante - Received: :engbraulynrx!engbraulynrx@engbraulynrx.tmi.twitch.tv JOIN #beringelamilgrau
8/4/2019 5:17:54 AM: botfumante - Received: :mdcurie!mdcurie@mdcurie.tmi.twitch.tv JOIN #beringelamilgrau
8/4/2019 5:17:54 AM: botfumante - Received: :luquealmeida!luquealmeida@luquealmeida.tmi.twitch.tv JOIN #beringelamilgrau
8/4/2019 5:17:54 AM: botfumante - Received: :janderjd2!janderjd2@janderjd2.tmi.twitch.tv JOIN #beringelamilgrau
8/4/2019 5:17:54 AM: botfumante - Received: :nobytes01!nobytes01@nobytes01.tmi.twitch.tv JOIN #beringelamilgrau
8/4/2019 5:17:54 AM: botfumante - Received: :zsauron!zsauron@zsauron.tmi.twitch.tv JOIN #beringelamilgrau
8/4/2019 5:17:54 AM: botfumante - Received: :felipe_oliveiraaz!felipe_oliveiraaz@felipe_oliveiraaz.tmi.twitch.tv JOIN #beringelamilgrau
8/4/2019 5:17:54 AM: botfumante - Received: :toxivee!toxivee@toxivee.tmi.twitch.tv JOIN #beringelamilgrau
8/4/2019 5:17:54 AM: botfumante - Received: :jacques_loui5!jacques_loui5@jacques_loui5.tmi.twitch.tv JOIN #beringelamilgrau
8/4/2019 5:17:54 AM: botfumante - Received: :andersonmarmitt!andersonmarmitt@andersonmarmitt.tmi.twitch.tv JOIN #beringelamilgrau
8/4/2019 5:17:54 AM: botfumante - Received: :razmodan!razmodan@razmodan.tmi.twitch.tv JOIN #beringelamilgrau
8/4/2019 5:17:54 AM: botfumante - Received: :icrep!icrep@icrep.tmi.twitch.tv JOIN #beringelamilgrau
8/4/2019 5:17:54 AM: botfumante - Received: :comandantenader!comandantenader@comandantenader.tmi.twitch.tv JOIN #beringelamilgrau
8/4/2019 5:17:54 AM: botfumante - Received: :feliepg!feliepg@feliepg.tmi.twitch.tv JOIN #beringelamilgrau
8/4/2019 5:17:54 AM: botfumante - Received: :fedele_mor!fedele_mor@fedele_mor.tmi.twitch.tv JOIN #beringelamilgrau
8/4/2019 5:17:54 AM: botfumante - Received: :dgr88!dgr88@dgr88.tmi.twitch.tv JOIN #beringelamilgrau
8/4/2019 5:17:54 AM: botfumante - Received: :lucaesan!lucaesan@lucaesan.tmi.twitch.tv JOIN #beringelamilgrau
8/4/2019 5:17:54 AM: botfumante - Received: :myneyro!myneyro@myneyro.tmi.twitch.tv JOIN #beringelamilgrau
8/4/2019 5:17:54 AM: botfumante - Received: :joaoptf123!joaoptf123@joaoptf123.tmi.twitch.tv JOIN #beringelamilgrau
8/4/2019 5:17:54 AM: botfumante - Received: :film0r!film0r@film0r.tmi.twitch.tv JOIN #beringelamilgrau
8/4/2019 5:17:54 AM: botfumante - Received: :vinescless!vinescless@vinescless.tmi.twitch.tv JOIN #beringelamilgrau
8/4/2019 5:17:54 AM: botfumante - Received: :topkilloficial!topkilloficial@topkilloficial.tmi.twitch.tv JOIN #beringelamilgrau
8/4/2019 5:17:54 AM: botfumante - Received: :guipadilhadinu1!guipadilhadinu1@guipadilhadinu1.tmi.twitch.tv JOIN #beringelamilgrau
8/4/2019 5:17:54 AM: botfumante - Received: :lksgomes!lksgomes@lksgomes.tmi.twitch.tv JOIN #beringelamilgrau
8/4/2019 5:17:54 AM: botfumante - Received: :eduumesquita!eduumesquita@eduumesquita.tmi.twitch.tv JOIN #beringelamilgrau
8/4/2019 5:17:54 AM: botfumante - Received: :larissaxr!larissaxr@larissaxr.tmi.twitch.tv JOIN #beringelamilgrau
8/4/2019 5:17:54 AM: botfumante - Received: :cadeoprecioso!cadeoprecioso@cadeoprecioso.tmi.twitch.tv JOIN #beringelamilgrau
8/4/2019 5:17:54 AM: botfumante - Received: :chalis_bronson!chalis_bronson@chalis_bronson.tmi.twitch.tv JOIN #beringelamilgrau
8/4/2019 5:17:54 AM: botfumante - Received: :dudecomanda!dudecomanda@dudecomanda.tmi.twitch.tv JOIN #beringelamilgrau
8/4/2019 5:17:54 AM: botfumante - Received: :comadot!comadot@comadot.tmi.twitch.tv JOIN #beringelamilgrau
8/4/2019 5:17:54 AM: botfumante - Received: :tonyxzero!tonyxzero@tonyxzero.tmi.twitch.tv JOIN #beringelamilgrau
8/4/2019 5:17:54 AM: botfumante - Received: :zeronulo!zeronulo@zeronulo.tmi.twitch.tv JOIN #beringelamilgrau
8/4/2019 5:17:54 AM: botfumante - Received: :okamiii3!okamiii3@okamiii3.tmi.twitch.tv JOIN #beringelamilgrau
8/4/2019 5:17:54 AM: botfumante - Received: :teetcha!teetcha@teetcha.tmi.twitch.tv JOIN #beringelamilgrau
8/4/2019 5:17:54 AM: botfumante - Received: :fishnothing!fishnothing@fishnothing.tmi.twitch.tv JOIN #beringelamilgrau
8/4/2019 5:17:54 AM: botfumante - Received: :pulgagtr!pulgagtr@pulgagtr.tmi.twitch.tv JOIN #beringelamilgrau
8/4/2019 5:17:54 AM: botfumante - Received: :lichfall!lichfall@lichfall.tmi.twitch.tv JOIN #beringelamilgrau
8/4/2019 5:17:54 AM: botfumante - Received: :emelygomes!emelygomes@emelygomes.tmi.twitch.tv JOIN #beringelamilgrau
8/4/2019 5:17:54 AM: botfumante - Received: :nemesiszumbizada!nemesiszumbizada@nemesiszumbizada.tmi.twitch.tv JOIN #beringelamilgrau
8/4/2019 5:17:54 AM: botfumante - Received: :marcusvinicius88!marcusvinicius88@marcusvinicius88.tmi.twitch.tv JOIN #beringelamilgrau
8/4/2019 5:17:54 AM: botfumante - Received: :20kilo!20kilo@20kilo.tmi.twitch.tv JOIN #beringelamilgrau
8/4/2019 5:17:54 AM: botfumante - Received: :darkyote!darkyote@darkyote.tmi.twitch.tv JOIN #beringelamilgrau
8/4/2019 5:17:54 AM: botfumante - Received: :kenjioshima!kenjioshima@kenjioshima.tmi.twitch.tv JOIN #beringelamilgrau
8/4/2019 5:17:54 AM: botfumante - Received: :nove99!nove99@nove99.tmi.twitch.tv JOIN #beringelamilgrau
8/4/2019 5:17:54 AM: botfumante - Received: :frotaw!frotaw@frotaw.tmi.twitch.tv JOIN #beringelamilgrau
8/4/2019 5:17:54 AM: botfumante - Received: :matheustsoni!matheustsoni@matheustsoni.tmi.twitch.tv JOIN #beringelamilgrau
8/4/2019 5:17:54 AM: botfumante - Received: :wagnerrui!wagnerrui@wagnerrui.tmi.twitch.tv JOIN #beringelamilgrau
8/4/2019 5:17:54 AM: botfumante - Received: :guinnyn!guinnyn@guinnyn.tmi.twitch.tv JOIN #beringelamilgrau
8/4/2019 5:17:54 AM: botfumante - Received: :ursaao!ursaao@ursaao.tmi.twitch.tv JOIN #beringelamilgrau
8/4/2019 5:17:54 AM: botfumante - Received: :darkbull1!darkbull1@darkbull1.tmi.twitch.tv JOIN #beringelamilgrau
8/4/2019 5:17:54 AM: botfumante - Received: :troollta!troollta@troollta.tmi.twitch.tv JOIN #beringelamilgrau
8/4/2019 5:17:54 AM: botfumante - Received: :deividgta123!deividgta123@deividgta123.tmi.twitch.tv JOIN #beringelamilgrau
8/4/2019 5:17:54 AM: botfumante - Received: :bruno_gus!bruno_gus@bruno_gus.tmi.twitch.tv JOIN #beringelamilgrau
8/4/2019 5:17:54 AM: botfumante - Received: :lilarnaldo!lilarnaldo@lilarnaldo.tmi.twitch.tv JOIN #beringelamilgrau
8/4/2019 5:17:54 AM: botfumante - Received: :ze_the_llama!ze_the_llama@ze_the_llama.tmi.twitch.tv JOIN #beringelamilgrau
8/4/2019 5:17:54 AM: botfumante - Received: :riicard0!riicard0@riicard0.tmi.twitch.tv JOIN #beringelamilgrau
8/4/2019 5:17:54 AM: botfumante - Received: :gasparovis!gasparovis@gasparovis.tmi.twitch.tv JOIN #beringelamilgrau
8/4/2019 5:17:54 AM: botfumante - Received: :canalnewgame!canalnewgame@canalnewgame.tmi.twitch.tv JOIN #beringelamilgrau
8/4/2019 5:17:54 AM: botfumante - Received: :n3td3v!n3td3v@n3td3v.tmi.twitch.tv JOIN #beringelamilgrau
8/4/2019 5:17:54 AM: botfumante - Received: :rhahael!rhahael@rhahael.tmi.twitch.tv JOIN #beringelamilgrau
8/4/2019 5:17:54 AM: botfumante - Received: :malebouja4!malebouja4@malebouja4.tmi.twitch.tv JOIN #beringelamilgrau
8/4/2019 5:17:54 AM: botfumante - Received: :czsbrasil!czsbrasil@czsbrasil.tmi.twitch.tv JOIN #beringelamilgrau
8/4/2019 5:17:54 AM: botfumante - Received: :elliemayford!elliemayford@elliemayford.tmi.twitch.tv JOIN #beringelamilgrau
8/4/2019 5:17:54 AM: botfumante - Received: :willkdj!willkdj@willkdj.tmi.twitch.tv JOIN #beringelamilgrau
8/4/2019 5:17:54 AM: botfumante - Received: :chapolin_palmeirense!chapolin_palmeirense@chapolin_palmeirense.tmi.twitch.tv JOIN #beringelamilgrau
8/4/2019 5:17:54 AM: botfumante - Received: :morfeumenegate!morfeumenegate@morfeumenegate.tmi.twitch.tv JOIN #beringelamilgrau
8/4/2019 5:17:54 AM: botfumante - Received: :krizzi_max!krizzi_max@krizzi_max.tmi.twitch.tv JOIN #beringelamilgrau
8/4/2019 5:17:54 AM: botfumante - Received: :lagyq8!lagyq8@lagyq8.tmi.twitch.tv JOIN #beringelamilgrau
8/4/2019 5:17:54 AM: botfumante - Received: :ettoo_!ettoo_@ettoo_.tmi.twitch.tv JOIN #beringelamilgrau
8/4/2019 5:17:54 AM: botfumante - Received: :xico741!xico741@xico741.tmi.twitch.tv JOIN #beringelamilgrau
8/4/2019 5:17:54 AM: botfumante - Received: :amodokan!amodokan@amodokan.tmi.twitch.tv JOIN #beringelamilgrau
8/4/2019 5:17:54 AM: botfumante - Received: :get_rektn1!get_rektn1@get_rektn1.tmi.twitch.tv JOIN #beringelamilgrau
8/4/2019 5:17:54 AM: botfumante - Received: :chorabuneca!chorabuneca@chorabuneca.tmi.twitch.tv JOIN #beringelamilgrau
8/4/2019 5:17:54 AM: botfumante - Received: :teodorak!teodorak@teodorak.tmi.twitch.tv JOIN #beringelamilgrau
8/4/2019 5:17:54 AM: botfumante - Received: :biravg!biravg@biravg.tmi.twitch.tv JOIN #beringelamilgrau
8/4/2019 5:17:54 AM: botfumante - Received: :gustavo1498!gustavo1498@gustavo1498.tmi.twitch.tv JOIN #beringelamilgrau
8/4/2019 5:17:54 AM: botfumante - Received: :bellzetsuen!bellzetsuen@bellzetsuen.tmi.twitch.tv JOIN #beringelamilgrau
8/4/2019 5:17:54 AM: botfumante - Received: :tyboor!tyboor@tyboor.tmi.twitch.tv JOIN #beringelamilgrau
8/4/2019 5:17:54 AM: botfumante - Received: :xdevarkx!xdevarkx@xdevarkx.tmi.twitch.tv JOIN #beringelamilgrau
8/4/2019 5:17:54 AM: botfumante - Received: :bbarolo!bbarolo@bbarolo.tmi.twitch.tv JOIN #beringelamilgrau
8/4/2019 5:17:54 AM: botfumante - Received: :larryblack!larryblack@larryblack.tmi.twitch.tv JOIN #beringelamilgrau
8/4/2019 5:17:54 AM: botfumante - Received: :orochii44!orochii44@orochii44.tmi.twitch.tv JOIN #beringelamilgrau
8/4/2019 5:17:54 AM: botfumante - Received: :wolga666!wolga666@wolga666.tmi.twitch.tv JOIN #beringelamilgrau
8/4/2019 5:17:54 AM: botfumante - Received: :marcosrochajunior!marcosrochajunior@marcosrochajunior.tmi.twitch.tv JOIN #beringelamilgrau
8/4/2019 5:17:54 AM: botfumante - Received: :heavenly_king01!heavenly_king01@heavenly_king01.tmi.twitch.tv JOIN #beringelamilgrau
8/4/2019 5:17:54 AM: botfumante - Received: :thunderfox_!thunderfox_@thunderfox_.tmi.twitch.tv JOIN #beringelamilgrau
8/4/2019 5:17:54 AM: botfumante - Received: :mateusws99!mateusws99@mateusws99.tmi.twitch.tv JOIN #beringelamilgrau
8/4/2019 5:17:54 AM: botfumante - Received: :cscapini!cscapini@cscapini.tmi.twitch.tv JOIN #beringelamilgrau
8/4/2019 5:17:54 AM: botfumante - Received: :sinnerjin!sinnerjin@sinnerjin.tmi.twitch.tv JOIN #beringelamilgrau
8/4/2019 5:17:54 AM: botfumante - Received: :0verkilledred!0verkilledred@0verkilledred.tmi.twitch.tv JOIN #beringelamilgrau
8/4/2019 5:17:54 AM: botfumante - Received: :sillentb!sillentb@sillentb.tmi.twitch.tv JOIN #beringelamilgrau
8/4/2019 5:17:54 AM: botfumante - Received: :brunoas1706!brunoas1706@brunoas1706.tmi.twitch.tv JOIN #beringelamilgrau
8/4/2019 5:17:54 AM: botfumante - Received: :alexandrelauredo!alexandrelauredo@alexandrelauredo.tmi.twitch.tv JOIN #beringelamilgrau
8/4/2019 5:17:54 AM: botfumante - Received: :danilo_oliver!danilo_oliver@danilo_oliver.tmi.twitch.tv JOIN #beringelamilgrau
8/4/2019 5:17:54 AM: botfumante - Received: :arthurgohan_15!arthurgohan_15@arthurgohan_15.tmi.twitch.tv JOIN #beringelamilgrau
8/4/2019 5:17:54 AM: botfumante - Received: :araujoxbr!araujoxbr@araujoxbr.tmi.twitch.tv PART #beringelamilgrau
8/4/2019 5:17:54 AM: botfumante - Received: :pelpinous!pelpinous@pelpinous.tmi.twitch.tv PART #beringelamilgrau
8/4/2019 5:17:55 AM: botfumante - Received: @badge-info=;badges=moderator/1,partner/1;color=;display-name=totoro;emotes=;flags=;id=b9a29c52-9c09-4bba-843a-2ba5dd78fec2;mod=1;room-id=443063688;subscriber=0;tmi-sent-ts=1564906673575;turbo=0;user-id=165979679;user-type=mod :totoro!totoro@totoro.tmi.twitch.tv PRIVMSG #beringelamilgrau :monkaHmm
8/4/2019 5:17:57 AM: botfumante - Received: @badge-info=;badges=vip/1;color=#008000;display-name=Hisaagi;emotes=;flags=;id=d7449762-056f-4c0d-86a4-d836356db42b;mod=0;room-id=443063688;subscriber=0;tmi-sent-ts=1564906676594;turbo=0;user-id=137774469;user-type= :hisaagi!hisaagi@hisaagi.tmi.twitch.tv PRIVMSG #beringelamilgrau :troca de jogo a? esse ? chato
8/4/2019 5:18:02 AM: botfumante - Received: @badge-info=;badges=;color=#FF0000;display-name=SinnerJin;emotes=;flags=;id=274b1a1d-703c-4d7a-b918-bb9f7e93299c;mod=0;room-id=443063688;subscriber=0;tmi-sent-ts=1564906681719;turbo=0;user-id=85696434;user-type= :sinnerjin!sinnerjin@sinnerjin.tmi.twitch.tv PRIVMSG #beringelamilgrau :esse modo foi muito mal feito FeelsMan
8/4/2019 5:18:05 AM: botfumante - Received: @badge-info=subscriber/1;badges=vip/1,subscriber/0,bits-charity/1;color=#5F9EA0;display-name=Jean__;emotes=;flags=;id=6fcd1f44-9e1b-481e-b13a-e39ec370e5d6;mod=0;room-id=443063688;subscriber=1;tmi-sent-ts=1564906684491;turbo=0;user-id=38479494;user-type= :jean__!jean__@jean__.tmi.twitch.tv PRIVMSG #beringelamilgrau :!sugest?o
8/4/2019 5:18:06 AM: botfumante - Received: @badge-info=;badges=moderator/1,partner/1;color=#7C7CE1;display-name=Nightbot;emotes=;flags=;id=10f70949-76a2-47e5-a7cb-212bfb914771;mod=1;room-id=443063688;subscriber=0;tmi-sent-ts=1564906684825;turbo=0;user-id=19264788;user-type=mod :nightbot!nightbot@nightbot.tmi.twitch.tv PRIVMSG #beringelamilgrau :Excelente ideia mano, vou anotar na minha m?quina de escrever invis?vel e continuar jogando o que eu quero!
8/4/2019 5:18:11 AM: botfumante - Received: @badge-info=;badges=moderator/1;color=#008000;display-name=TONYXZERO;emotes=;flags=0-16:P.6/S.6,34-37:A.3;id=89a97fb0-55b6-4da5-8ed7-91768db58982;mod=1;room-id=443063688;subscriber=0;tmi-sent-ts=1564906690394;turbo=0;user-id=38731171;user-type=mod :tonyxzero!tonyxzero@tonyxzero.tmi.twitch.tv PRIVMSG #beringelamilgrau :Caralho, namoral, esse jogo ta mt feio ConcernFroge
8/4/2019 5:18:13 AM: botfumante - Received: @badge-info=;badges=;color=#FF69B4;display-name=LilArnaldo;emotes=;flags=18-23:A.5/S.5;id=15d0c712-06da-44b4-a148-d6c38277098d;mod=0;room-id=443063688;subscriber=0;tmi-sent-ts=1564906692076;turbo=0;user-id=123209742;user-type= :lilarnaldo!lilarnaldo@lilarnaldo.tmi.twitch.tv PRIVMSG #beringelamilgrau :olha esse @totoro safado monkaHmm monkaHmm
8/4/2019 5:18:32 AM: botfumante - Received: @badge-info=;badges=moderator/1;color=#008000;display-name=TONYXZERO;emotes=;flags=;id=8254c65c-45e9-486e-bd62-a371bc389958;mod=1;room-id=443063688;subscriber=0;tmi-sent-ts=1564906710932;turbo=0;user-id=38731171;user-type=mod :tonyxzero!tonyxzero@tonyxzero.tmi.twitch.tv PRIVMSG #beringelamilgrau :OMEGALUL
8/4/2019 5:18:33 AM: botfumante - Received: @badge-info=;badges=moderator/1,partner/1;color=;display-name=totoro;emotes=;flags=;id=d7cfe02f-76c2-405c-8d87-b73a02f9f311;mod=1;room-id=443063688;subscriber=0;tmi-sent-ts=1564906712208;turbo=0;user-id=165979679;user-type=mod :totoro!totoro@totoro.tmi.twitch.tv PRIVMSG #beringelamilgrau :eu tinha que falar um negocio serio com voces mas voces tao live PepeHandsE
8/4/2019 5:18:35 AM: botfumante - Received: @badge-info=;badges=moderator/1;color=#008000;display-name=TONYXZERO;emotes=;flags=;id=85b0f014-b915-4eaa-923b-3b7f7be7db89;mod=1;room-id=443063688;subscriber=0;tmi-sent-ts=1564906713931;turbo=0;user-id=38731171;user-type=mod :tonyxzero!tonyxzero@tonyxzero.tmi.twitch.tv PRIVMSG #beringelamilgrau :Pepega
8/4/2019 5:18:40 AM: botfumante - Received: @badge-info=;badges=moderator/1;color=#008000;display-name=TONYXZERO;emotes=;flags=;id=1cb3feec-f992-4a66-a75f-478a1a1a3488;mod=1;room-id=443063688;subscriber=0;tmi-sent-ts=1564906719398;turbo=0;user-id=38731171;user-type=mod :tonyxzero!tonyxzero@tonyxzero.tmi.twitch.tv PRIVMSG #beringelamilgrau :OhISee
8/4/2019 5:18:47 AM: botfumante - Received: @badge-info=subscriber/1;badges=moderator/1,subscriber/0,overwatch-league-insider_2019A/1;color=#FF0000;display-name=themalkavianx;emotes=;flags=;id=72b3b945-da63-4cbf-901c-ea3d34409284;mod=1;room-id=443063688;subscriber=1;tmi-sent-ts=1564906725995;turbo=0;user-id=5650408;user-type=mod :themalkavianx!themalkavianx@themalkavianx.tmi.twitch.tv PRIVMSG #beringelamilgrau :CABANDO NADA
8/4/2019 5:18:49 AM: botfumante - Received: @badge-info=;badges=vip/1;color=#008000;display-name=Hisaagi;emotes=;flags=;id=9d8f28d4-11de-4dfc-b5af-1e5142c77961;mod=0;room-id=443063688;subscriber=0;tmi-sent-ts=1564906728391;turbo=0;user-id=137774469;user-type= :hisaagi!hisaagi@hisaagi.tmi.twitch.tv PRIVMSG #beringelamilgrau :manda salve pro meu amigo a?
8/4/2019 5:18:49 AM: botfumante - Received: @badge-info=;badges=;color=;display-name=BotFumante;emote-sets=0;mod=0;subscriber=0;user-type= :tmi.twitch.tv USERSTATE #beringelamilgrau
8/4/2019 5:18:50 AM: botfumante - Received: @badge-info=;badges=moderator/1,partner/1;color=#7C7CE1;display-name=Nightbot;emotes=;flags=9-13:P.6/S.0;id=81d7026a-f713-4f27-a102-4dc60e4fb111;mod=1;room-id=443063688;subscriber=0;tmi-sent-ts=1564906728994;turbo=0;user-id=19264788;user-type=mod :nightbot!nightbot@nightbot.tmi.twitch.tv PRIVMSG #beringelamilgrau :Que man? porra de salve!
8/4/2019 5:18:53 AM: botfumante - Received: @badge-info=;badges=moderator/1;color=#008000;display-name=TONYXZERO;emotes=;flags=;id=7f43212d-cf71-47f1-b948-2b6142feb969;mod=1;room-id=443063688;subscriber=0;tmi-sent-ts=1564906731960;turbo=0;user-id=38731171;user-type=mod :tonyxzero!tonyxzero@tonyxzero.tmi.twitch.tv PRIVMSG #beringelamilgrau :AH N OMEGALUL
8/4/2019 5:18:53 AM: botfumante - Received: @badge-info=;badges=;color=;display-name=vinescless;emotes=;flags=;id=ae68e04a-1826-4272-81ae-7c8d3a86b91b;mod=0;room-id=443063688;subscriber=0;tmi-sent-ts=1564906732789;turbo=0;user-id=445864756;user-type= :vinescless!vinescless@vinescless.tmi.twitch.tv PRIVMSG #beringelamilgrau :BabyShark
8/4/2019 5:18:54 AM: botfumante - Received: @badge-info=;badges=;color=;display-name=OrquideaBay;emotes=;flags=;id=1c527c57-ab03-4651-89eb-bb38c1fc7335;mod=0;room-id=443063688;subscriber=0;tmi-sent-ts=1564906733595;turbo=0;user-id=265731925;user-type= :orquideabay!orquideabay@orquideabay.tmi.twitch.tv PRIVMSG #beringelamilgrau :NOOOOOOO
8/4/2019 5:18:55 AM: botfumante - Received: @badge-info=;badges=moderator/1,partner/1;color=;display-name=totoro;emotes=;flags=6-10:P.6/S.0;id=8e4652c2-0a5d-44dc-908e-e9e28ec31c8b;mod=1;room-id=443063688;subscriber=0;tmi-sent-ts=1564906734021;turbo=0;user-id=165979679;user-type=mod :totoro!totoro@totoro.tmi.twitch.tv PRIVMSG #beringelamilgrau :perae porra
8/4/2019 5:18:55 AM: botfumante - Received: @badge-info=;badges=;color=#FF0000;display-name=SinnerJin;emotes=;flags=;id=0d9e03f3-a917-4016-9bbf-3550fd9de11b;mod=0;room-id=443063688;subscriber=0;tmi-sent-ts=1564906734571;turbo=0;user-id=85696434;user-type= :sinnerjin!sinnerjin@sinnerjin.tmi.twitch.tv PRIVMSG #beringelamilgrau :ConcernFroge @totoro
8/4/2019 5:18:59 AM: botfumante - Received: @badge-info=;badges=;color=;display-name=vinescless;emotes=;flags=;id=a7db0e00-4972-4163-8ce3-2570f3c9ae0c;mod=0;room-id=443063688;subscriber=0;tmi-sent-ts=1564906738320;turbo=0;user-id=445864756;user-type= :vinescless!vinescless@vinescless.tmi.twitch.tv PRIVMSG #beringelamilgrau :Tututututututu
8/4/2019 5:18:59 AM: botfumante - Received: @badge-info=subscriber/1;badges=broadcaster/1,subscriber/0;color=#8A2BE2;display-name=BeringelaMilGrau;emotes=;flags=;id=88ec3ef0-5d63-4790-b419-814b3b64c2ed;login=beringelamilgrau;mod=0;msg-id=unraid;room-id=443063688;subscriber=1;system-msg=The\sraid\shas\sbeen\scancelled.;tmi-sent-ts=1564906738773;user-id=443063688;user-type= :tmi.twitch.tv USERNOTICE #beringelamilgrau
8/4/2019 5:18:59 AM: botfumante - Unaccounted for: @badge-info=subscriber/1;badges=broadcaster/1,subscriber/0;color=#8A2BE2;display-name=BeringelaMilGrau;emotes=;flags=;id=88ec3ef0-5d63-4790-b419-814b3b64c2ed;login=beringelamilgrau;mod=0;msg-id=unraid;room-id=443063688;subscriber=1;system-msg=The\sraid\shas\sbeen\scancelled.;tmi-sent-ts=1564906738773;user-id=443063688;user-type= :tmi.twitch.tv USERNOTICE #beringelamilgrau
8/4/2019 5:18:59 AM: botfumante - Received: @badge-info=;badges=moderator/1,partner/1;color=;display-name=totoro;emotes=;flags=;id=52d7b060-a5c3-4423-aacb-339edb22f9c7;mod=1;room-id=443063688;subscriber=0;tmi-sent-ts=1564906738793;turbo=0;user-id=165979679;user-type=mod :totoro!totoro@totoro.tmi.twitch.tv PRIVMSG #beringelamilgrau :da o raid no 20kilo entao
8/4/2019 5:19:01 AM: botfumante - Received: :nagazakki!nagazakki@nagazakki.tmi.twitch.tv PART #beringelamilgrau
8/4/2019 5:19:01 AM: botfumante - Received: :antoine_griezmann97!antoine_griezmann97@antoine_griezmann97.tmi.twitch.tv PART #beringelamilgrau
8/4/2019 5:19:01 AM: botfumante - Received: :teodorak!teodorak@teodorak.tmi.twitch.tv PART #beringelamilgrau
8/4/2019 5:19:01 AM: botfumante - Received: :bruno_gus!bruno_gus@bruno_gus.tmi.twitch.tv PART #beringelamilgrau
8/4/2019 5:19:01 AM: botfumante - Received: :dudecomanda!dudecomanda@dudecomanda.tmi.twitch.tv PART #beringelamilgrau
8/4/2019 5:19:01 AM: botfumante - Received: :fishnothing!fishnothing@fishnothing.tmi.twitch.tv PART #beringelamilgrau
8/4/2019 5:19:01 AM: botfumante - Received: :fabio_killer_!fabio_killer_@fabio_killer_.tmi.twitch.tv PART #beringelamilgrau
8/4/2019 5:19:01 AM: botfumante - Received: :gustavo1498!gustavo1498@gustavo1498.tmi.twitch.tv PART #beringelamilgrau
8/4/2019 5:19:01 AM: botfumante - Received: :dgr88!dgr88@dgr88.tmi.twitch.tv PART #beringelamilgrau
8/4/2019 5:19:01 AM: botfumante - Received: :matheuswb!matheuswb@matheuswb.tmi.twitch.tv PART #beringelamilgrau
8/4/2019 5:19:01 AM: botfumante - Received: :fallingxz!fallingxz@fallingxz.tmi.twitch.tv PART #beringelamilgrau
8/4/2019 5:19:01 AM: botfumante - Received: :jean__!jean__@jean__.tmi.twitch.tv PART #beringelamilgrau
8/4/2019 5:19:01 AM: botfumante - Received: @badge-info=;badges=moderator/1;color=#008000;display-name=TONYXZERO;emotes=;flags=;id=29e9066f-5113-4e43-8db4-0e02e5383014;mod=1;room-id=443063688;subscriber=0;tmi-sent-ts=1564906740282;turbo=0;user-id=38731171;user-type=mod :tonyxzero!tonyxzero@tonyxzero.tmi.twitch.tv PRIVMSG #beringelamilgrau :KKKKKKKKKKKKKKKKKKKKKKKKKKKKKKKKKKKKKKKKKKKK
8/4/2019 5:19:03 AM: botfumante - Received: @badge-info=;badges=moderator/1,partner/1;color=;display-name=totoro;emotes=;flags=;id=4320f763-0e39-442d-879a-b4c1d673e853;mod=1;room-id=443063688;subscriber=0;tmi-sent-ts=1564906742726;turbo=0;user-id=165979679;user-type=mod :totoro!totoro@totoro.tmi.twitch.tv PRIVMSG #beringelamilgrau :se for pra contin uar a raid
8/4/2019 5:19:05 AM: botfumante - Received: @badge-info=;badges=vip/1;color=#008000;display-name=Hisaagi;emotes=;flags=;id=d1adfa46-0980-448c-8883-773892bd1144;mod=0;room-id=443063688;subscriber=0;tmi-sent-ts=1564906744355;turbo=0;user-id=137774469;user-type= :hisaagi!hisaagi@hisaagi.tmi.twitch.tv PRIVMSG #beringelamilgrau :OMEGALUL
8/4/2019 5:19:07 AM: botfumante - Received: @badge-info=;badges=;color=#FF0000;display-name=iCrep;emotes=;flags=;id=83dced8b-e788-4d6e-a39c-744a8cf0ce45;mod=0;room-id=443063688;subscriber=0;tmi-sent-ts=1564906746591;turbo=0;user-id=183519092;user-type= :icrep!icrep@icrep.tmi.twitch.tv PRIVMSG #beringelamilgrau :OMEGALUL
8/4/2019 5:19:11 AM: botfumante - Received: @badge-info=;badges=moderator/1;color=#008000;display-name=TONYXZERO;emotes=;flags=;id=d33be099-790e-4e32-b7fd-c1d7cbc4d950;mod=1;room-id=443063688;subscriber=0;tmi-sent-ts=1564906749988;turbo=0;user-id=38731171;user-type=mod :tonyxzero!tonyxzero@tonyxzero.tmi.twitch.tv PRIVMSG #beringelamilgrau :OMEGALUL
8/4/2019 5:19:12 AM: botfumante - Received: @badge-info=;badges=;color=;display-name=OrquideaBay;emotes=;flags=;id=f5437a0a-9b21-4595-8ebc-bef7a885d452;mod=0;room-id=443063688;subscriber=0;tmi-sent-ts=1564906751626;turbo=0;user-id=265731925;user-type= :orquideabay!orquideabay@orquideabay.tmi.twitch.tv PRIVMSG #beringelamilgrau :KAKAKKAKAKSKKSLAKS
8/4/2019 5:19:13 AM: botfumante - Received: @badge-info=;badges=;color=#FF0000;display-name=SinnerJin;emotes=;flags=;id=58d4a31e-4981-4d34-8679-9760f370c543;mod=0;room-id=443063688;subscriber=0;tmi-sent-ts=1564906752256;turbo=0;user-id=85696434;user-type= :sinnerjin!sinnerjin@sinnerjin.tmi.twitch.tv PRIVMSG #beringelamilgrau :OMEGALUL
8/4/2019 5:19:13 AM: botfumante - Received: @badge-info=;badges=vip/1;color=#008000;display-name=Hisaagi;emotes=;flags=;id=3a782605-b82b-44a8-b5da-bf67ecb6f750;mod=0;room-id=443063688;subscriber=0;tmi-sent-ts=1564906752569;turbo=0;user-id=137774469;user-type= :hisaagi!hisaagi@hisaagi.tmi.twitch.tv PRIVMSG #beringelamilgrau :troca de jogo a?
8/4/2019 5:19:15 AM: botfumante - Received: @badge-info=;badges=;color=#FF69B4;display-name=LilArnaldo;emotes=;flags=;id=1a5446ec-f9d7-4d35-8cda-3ac7794cdc4b;mod=0;room-id=443063688;subscriber=0;tmi-sent-ts=1564906754686;turbo=0;user-id=123209742;user-type= :lilarnaldo!lilarnaldo@lilarnaldo.tmi.twitch.tv PRIVMSG #beringelamilgrau :serio q vou ser abandonado? peepoSleepo
8/4/2019 5:19:17 AM: botfumante - Received: @badge-info=;badges=moderator/1;color=#008000;display-name=TONYXZERO;emotes=;flags=;id=0a137f09-6266-4786-80ee-e55fc9492fdd;mod=1;room-id=443063688;subscriber=0;tmi-sent-ts=1564906756307;turbo=0;user-id=38731171;user-type=mod :tonyxzero!tonyxzero@tonyxzero.tmi.twitch.tv PRIVMSG #beringelamilgrau :Aaaae PepeComfy
8/4/2019 5:19:17 AM: botfumante - Received: @badge-info=subscriber/1;badges=moderator/1,subscriber/0,overwatch-league-insider_2019A/1;color=#FF0000;display-name=themalkavianx;emotes=;flags=;id=4056b516-9122-4a53-9bd1-23c6c4d1d50f;mod=1;room-id=443063688;subscriber=1;tmi-sent-ts=1564906756806;turbo=0;user-id=5650408;user-type=mod :themalkavianx!themalkavianx@themalkavianx.tmi.twitch.tv PRIVMSG #beringelamilgrau :awhehawehewahawehawe
8/4/2019 5:19:23 AM: botfumante - Received: @badge-info=;badges=vip/1;color=#008000;display-name=Hisaagi;emote-only=1;emotes=425618:0-2;flags=;id=8f6e6c53-0710-4910-acd9-8ea71b4818c7;mod=0;room-id=443063688;subscriber=0;tmi-sent-ts=1564906762060;turbo=0;user-id=137774469;user-type= :hisaagi!hisaagi@hisaagi.tmi.twitch.tv PRIVMSG #beringelamilgrau :LUL
8/4/2019 5:19:34 AM: botfumante - Received: @badge-info=;badges=moderator/1;color=#008000;display-name=TONYXZERO;emotes=;flags=;id=4dee9133-0160-4d74-ad5b-6391d061e3c9;mod=1;room-id=443063688;subscriber=0;tmi-sent-ts=1564906773000;turbo=0;user-id=38731171;user-type=mod :tonyxzero!tonyxzero@tonyxzero.tmi.twitch.tv PRIVMSG #beringelamilgrau :Bora l? denovo gente, n somos bem vindos aqui peepoRun
8/4/2019 5:19:36 AM: botfumante - Received: @badge-info=;badges=vip/1;color=#008000;display-name=Hisaagi;emotes=;flags=;id=aa5827bf-0b28-49b9-b6b3-c63f12a0608e;mod=0;room-id=443063688;subscriber=0;tmi-sent-ts=1564906775212;turbo=0;user-id=137774469;user-type= :hisaagi!hisaagi@hisaagi.tmi.twitch.tv PRIVMSG #beringelamilgrau :vamo vender o lil
8/4/2019 5:19:40 AM: botfumante - Received: @badge-info=;badges=moderator/1;color=#008000;display-name=TONYXZERO;emotes=;flags=;id=457cbbca-6bb4-4751-85e6-5a00c811f96a;mod=1;room-id=443063688;subscriber=0;tmi-sent-ts=1564906779725;turbo=0;user-id=38731171;user-type=mod :tonyxzero!tonyxzero@tonyxzero.tmi.twitch.tv PRIVMSG #beringelamilgrau :FeelsBadMan
8/4/2019 5:19:46 AM: botfumante - Received: @badge-info=;badges=;color=#FF0000;display-name=iCrep;emotes=;flags=;id=eb566883-c5b9-4b29-a678-1ca493b25d3f;mod=0;room-id=443063688;subscriber=0;tmi-sent-ts=1564906784680;turbo=0;user-id=183519092;user-type= :icrep!icrep@icrep.tmi.twitch.tv PRIVMSG #beringelamilgrau :FeelsBadMan
8/4/2019 5:19:48 AM: botfumante - Received: @badge-info=;badges=;color=;display-name=OrquideaBay;emotes=;flags=;id=727f5d4a-71b2-4ae1-8fba-cbfd06f91aa6;mod=0;room-id=443063688;subscriber=0;tmi-sent-ts=1564906786923;turbo=0;user-id=265731925;user-type= :orquideabay!orquideabay@orquideabay.tmi.twitch.tv PRIVMSG #beringelamilgrau :NOSSA ? SAIR QUE ME TRATAM?
8/4/2019 5:19:53 AM: botfumante - Received: @badge-info=;badges=;color=#FF69B4;display-name=LilArnaldo;emotes=;flags=;id=2592aab6-fbda-425a-b8dc-1acf2745ccc1;mod=0;room-id=443063688;subscriber=0;tmi-sent-ts=1564906792405;turbo=0;user-id=123209742;user-type= :lilarnaldo!lilarnaldo@lilarnaldo.tmi.twitch.tv PRIVMSG #beringelamilgrau :@TONYXZERO onde vamos agora? FeelsBadMan
8/4/2019 5:19:56 AM: botfumante - Received: @badge-info=;badges=moderator/1;color=#008000;display-name=TONYXZERO;emotes=;flags=0-6:P.6/S.6;id=818ba635-6003-43eb-aa7b-3dbaba535601;mod=1;room-id=443063688;subscriber=0;tmi-sent-ts=1564906795791;turbo=0;user-id=38731171;user-type=mod :tonyxzero!tonyxzero@tonyxzero.tmi.twitch.tv PRIVMSG #beringelamilgrau :CARALHO ESSE FINAL DE LIVE OMEGALUL
8/4/2019 5:20:02 AM: botfumante - Received: @badge-info=;badges=;color=#FF0000;display-name=SinnerJin;emotes=;flags=;id=5e6701c7-f5d5-47a0-9175-4a16548fa0e1;mod=0;room-id=443063688;subscriber=0;tmi-sent-ts=1564906801202;turbo=0;user-id=85696434;user-type= :sinnerjin!sinnerjin@sinnerjin.tmi.twitch.tv PRIVMSG #beringelamilgrau :essa musica PepeHandsE
8/4/2019 5:20:02 AM: botfumante - Received: @badge-info=;badges=;color=#FF0000;display-name=iCrep;emotes=;flags=;id=d375a37b-bfe6-46ec-b86f-1511d412fc4c;mod=0;room-id=443063688;subscriber=0;tmi-sent-ts=1564906801599;turbo=0;user-id=183519092;user-type= :icrep!icrep@icrep.tmi.twitch.tv PRIVMSG #beringelamilgrau :FeelsBadMan ABANDONADOS
8/4/2019 5:20:03 AM: botfumante - Received: @badge-info=;badges=moderator/1;color=#008000;display-name=TONYXZERO;emotes=;flags=;id=2b32ecea-1dce-4fd5-ad3a-5e03bea984ff;mod=1;room-id=443063688;subscriber=0;tmi-sent-ts=1564906801986;turbo=0;user-id=38731171;user-type=mod :tonyxzero!tonyxzero@tonyxzero.tmi.twitch.tv PRIVMSG #beringelamilgrau :Pro 20kilo peepoFatPlant
8/4/2019 5:20:06 AM: botfumante - Received: @badge-info=;badges=;color=;display-name=OrquideaBay;emote-only=1;emotes=86:0-9;flags=;id=5f8765f5-dc1b-4aa0-a46c-200fd50934e5;mod=0;room-id=443063688;subscriber=0;tmi-sent-ts=1564906804868;turbo=0;user-id=265731925;user-type= :orquideabay!orquideabay@orquideabay.tmi.twitch.tv PRIVMSG #beringelamilgrau :BibleThump
8/4/2019 5:20:09 AM: botfumante - Received: @badge-info=subscriber/1;badges=vip/1,subscriber/0,bits-charity/1;color=#5F9EA0;display-name=Jean__;emotes=;flags=;id=16a27685-0324-469c-a4ec-a0258043f9ef;mod=0;room-id=443063688;subscriber=1;tmi-sent-ts=1564906808262;turbo=0;user-id=38479494;user-type= :jean__!jean__@jean__.tmi.twitch.tv PRIVMSG #beringelamilgrau :ConcernFroge
8/4/2019 5:20:10 AM: botfumante - Received: :jean__!jean__@jean__.tmi.twitch.tv JOIN #beringelamilgrau
8/4/2019 5:20:10 AM: botfumante - Received: :brunoas1706!brunoas1706@brunoas1706.tmi.twitch.tv PART #beringelamilgrau
8/4/2019 5:20:10 AM: botfumante - Received: :g0okudecart0la!g0okudecart0la@g0okudecart0la.tmi.twitch.tv PART #beringelamilgrau
8/4/2019 5:20:10 AM: botfumante - Received: :2tricky!2tricky@2tricky.tmi.twitch.tv PART #beringelamilgrau
8/4/2019 5:20:10 AM: botfumante - Received: :danilo_oliver!danilo_oliver@danilo_oliver.tmi.twitch.tv PART #beringelamilgrau
8/4/2019 5:20:10 AM: botfumante - Received: :get_rektn1!get_rektn1@get_rektn1.tmi.twitch.tv PART #beringelamilgrau
8/4/2019 5:20:10 AM: botfumante - Received: :nove99!nove99@nove99.tmi.twitch.tv PART #beringelamilgrau
8/4/2019 5:20:10 AM: botfumante - Received: :larissaxr!larissaxr@larissaxr.tmi.twitch.tv PART #beringelamilgrau
8/4/2019 5:20:13 AM: botfumante - Received: @badge-info=;badges=;color=;display-name=OrquideaBay;emotes=;flags=;id=97155522-f97f-42b4-9a16-942093c4a5da;mod=0;room-id=443063688;subscriber=0;tmi-sent-ts=1564906812211;turbo=0;user-id=265731925;user-type= :orquideabay!orquideabay@orquideabay.tmi.twitch.tv PRIVMSG #beringelamilgrau :Eu achei que a gente tinha algo
8/4/2019 5:20:17 AM: botfumante - Received: @badge-info=;badges=moderator/1;color=#008000;display-name=TONYXZERO;emotes=;flags=;id=328b51c1-a4c2-4782-9da6-eca53b04b11d;mod=1;room-id=443063688;subscriber=0;tmi-sent-ts=1564906816730;turbo=0;user-id=38731171;user-type=mod :tonyxzero!tonyxzero@tonyxzero.tmi.twitch.tv PRIVMSG #beringelamilgrau :FeelsMan
8/4/2019 5:20:26 AM: botfumante - Received: :tmi.twitch.tv HOSTTARGET #beringelamilgrau :20kilo 108
8/4/2019 5:20:26 AM: botfumante - Received: @msg-id=host_on :tmi.twitch.tv NOTICE #beringelamilgrau :Now hosting 20kilo.
8/4/2019 5:21:18 AM: botfumante - Received: :larissaxr!larissaxr@larissaxr.tmi.twitch.tv JOIN #beringelamilgrau
8/4/2019 5:21:18 AM: botfumante - Received: :2tricky!2tricky@2tricky.tmi.twitch.tv JOIN #beringelamilgrau
8/4/2019 5:21:18 AM: botfumante - Received: :itsvodoo!itsvodoo@itsvodoo.tmi.twitch.tv JOIN #beringelamilgrau
8/4/2019 5:21:18 AM: botfumante - Received: :hostmeraffle!hostmeraffle@hostmeraffle.tmi.twitch.tv JOIN #beringelamilgrau
8/4/2019 5:21:18 AM: botfumante - Received: :orquideabay!orquideabay@orquideabay.tmi.twitch.tv JOIN #beringelamilgrau
8/4/2019 5:21:18 AM: botfumante - Received: :s1faka!s1faka@s1faka.tmi.twitch.tv JOIN #beringelamilgrau
8/4/2019 5:21:18 AM: botfumante - Received: :cadeoprecioso!cadeoprecioso@cadeoprecioso.tmi.twitch.tv PART #beringelamilgrau
8/4/2019 5:21:18 AM: botfumante - Received: :comandantenader!comandantenader@comandantenader.tmi.twitch.tv PART #beringelamilgrau
8/4/2019 5:21:18 AM: botfumante - Received: :marcusvinicius88!marcusvinicius88@marcusvinicius88.tmi.twitch.tv PART #beringelamilgrau
8/4/2019 5:21:23 AM: botfumante - Received: PING :tmi.twitch.tv
8/4/2019 5:21:23 AM: botfumante - Writing: PONG
8/4/2019 5:22:14 AM: botfumante - Received: :frotaw!frotaw@frotaw.tmi.twitch.tv PART #beringelamilgrau
8/4/2019 5:22:14 AM: botfumante - Received: :heavenly_king01!heavenly_king01@heavenly_king01.tmi.twitch.tv PART #beringelamilgrau
8/4/2019 5:22:14 AM: botfumante - Received: :pulgagtr!pulgagtr@pulgagtr.tmi.twitch.tv PART #beringelamilgrau
8/4/2019 5:22:14 AM: botfumante - Received: :mdcurie!mdcurie@mdcurie.tmi.twitch.tv PART #beringelamilgrau
8/4/2019 5:22:14 AM: botfumante - Received: :ddanniell!ddanniell@ddanniell.tmi.twitch.tv PART #beringelamilgrau
8/4/2019 5:22:14 AM: botfumante - Received: :jean__!jean__@jean__.tmi.twitch.tv PART #beringelamilgrau
8/4/2019 5:22:14 AM: botfumante - Received: :fulllbr!fulllbr@fulllbr.tmi.twitch.tv PART #beringelamilgrau
8/4/2019 5:22:14 AM: botfumante - Received: :film0r!film0r@film0r.tmi.twitch.tv PART #beringelamilgrau
8/4/2019 5:22:14 AM: botfumante - Received: :lilarnaldo!lilarnaldo@lilarnaldo.tmi.twitch.tv PART #beringelamilgrau
8/4/2019 5:22:14 AM: botfumante - Received: :ze_the_llama!ze_the_llama@ze_the_llama.tmi.twitch.tv PART #beringelamilgrau
8/4/2019 5:22:14 AM: botfumante - Received: :gamerriell!gamerriell@gamerriell.tmi.twitch.tv PART #beringelamilgrau
8/4/2019 5:22:14 AM: botfumante - Received: :myneyro!myneyro@myneyro.tmi.twitch.tv PART #beringelamilgrau
8/4/2019 5:22:14 AM: botfumante - Received: :canalnewgame!canalnewgame@canalnewgame.tmi.twitch.tv PART #beringelamilgrau
8/4/2019 5:22:14 AM: botfumante - Received: :rovani!rovani@rovani.tmi.twitch.tv PART #beringelamilgrau
8/4/2019 5:22:14 AM: botfumante - Received: :vreuls!vreuls@vreuls.tmi.twitch.tv PART #beringelamilgrau
8/4/2019 5:22:14 AM: botfumante - Received: :fedele_mor!fedele_mor@fedele_mor.tmi.twitch.tv PART #beringelamilgrau
8/4/2019 5:22:14 AM: botfumante - Received: :matheustsoni!matheustsoni@matheustsoni.tmi.twitch.tv PART #beringelamilgrau
8/4/2019 5:22:14 AM: botfumante - Received: :toxivee!toxivee@toxivee.tmi.twitch.tv PART #beringelamilgrau
8/4/2019 5:22:14 AM: botfumante - Received: :janderjd2!janderjd2@janderjd2.tmi.twitch.tv PART #beringelamilgrau
8/4/2019 5:22:14 AM: botfumante - Received: :bamumi!bamumi@bamumi.tmi.twitch.tv PART #beringelamilgrau
8/4/2019 5:22:14 AM: botfumante - Received: :vinnyoliver166!vinnyoliver166@vinnyoliver166.tmi.twitch.tv PART #beringelamilgrau
8/4/2019 5:22:14 AM: botfumante - Received: :fabio_css!fabio_css@fabio_css.tmi.twitch.tv PART #beringelamilgrau
8/4/2019 5:22:14 AM: botfumante - Received: :eduumesquita!eduumesquita@eduumesquita.tmi.twitch.tv PART #beringelamilgrau
8/4/2019 5:22:14 AM: botfumante - Received: :6sixx_!6sixx_@6sixx_.tmi.twitch.tv PART #beringelamilgrau
8/4/2019 5:22:14 AM: botfumante - Received: :elliemayford!elliemayford@elliemayford.tmi.twitch.tv PART #beringelamilgrau
8/4/2019 5:22:14 AM: botfumante - Received: :andersonmarmitt!andersonmarmitt@andersonmarmitt.tmi.twitch.tv PART #beringelamilgrau
8/4/2019 5:22:14 AM: botfumante - Received: :malebouja4!malebouja4@malebouja4.tmi.twitch.tv PART #beringelamilgrau
8/4/2019 5:22:14 AM: botfumante - Received: :fernando_92!fernando_92@fernando_92.tmi.twitch.tv PART #beringelamilgrau
8/4/2019 5:22:14 AM: botfumante - Received: :slocool!slocool@slocool.tmi.twitch.tv PART #beringelamilgrau
8/4/2019 5:22:14 AM: botfumante - Received: :feliepg!feliepg@feliepg.tmi.twitch.tv PART #beringelamilgrau
8/4/2019 5:22:14 AM: botfumante - Received: :felipexgamerbr!felipexgamerbr@felipexgamerbr.tmi.twitch.tv PART #beringelamilgrau
8/4/2019 5:22:14 AM: botfumante - Received: :deividgta123!deividgta123@deividgta123.tmi.twitch.tv PART #beringelamilgrau
8/4/2019 5:22:14 AM: botfumante - Received: :uraura!uraura@uraura.tmi.twitch.tv PART #beringelamilgrau
8/4/2019 5:22:14 AM: botfumante - Received: :ursaao!ursaao@ursaao.tmi.twitch.tv PART #beringelamilgrau
8/4/2019 5:22:14 AM: botfumante - Received: :totoro!totoro@totoro.tmi.twitch.tv PART #beringelamilgrau
8/4/2019 5:22:15 AM: botfumante - Received: :tripazim!tripazim@tripazim.tmi.twitch.tv PART #beringelamilgrau
8/4/2019 5:22:15 AM: botfumante - Received: :mateusws99!mateusws99@mateusws99.tmi.twitch.tv PART #beringelamilgrau
8/4/2019 5:22:15 AM: botfumante - Received: :4bolha!4bolha@4bolha.tmi.twitch.tv PART #beringelamilgrau
8/4/2019 5:22:15 AM: botfumante - Received: :robsonoscar3!robsonoscar3@robsonoscar3.tmi.twitch.tv PART #beringelamilgrau
8/4/2019 5:22:15 AM: botfumante - Received: :marcosrochajunior!marcosrochajunior@marcosrochajunior.tmi.twitch.tv PART #beringelamilgrau
8/4/2019 5:22:15 AM: botfumante - Received: :larissaxr!larissaxr@larissaxr.tmi.twitch.tv PART #beringelamilgrau
8/4/2019 5:22:15 AM: botfumante - Received: :gasparovis!gasparovis@gasparovis.tmi.twitch.tv PART #beringelamilgrau
8/4/2019 5:22:15 AM: botfumante - Received: :2tricky!2tricky@2tricky.tmi.twitch.tv PART #beringelamilgrau
8/4/2019 5:22:15 AM: botfumante - Received: :lichfall!lichfall@lichfall.tmi.twitch.tv PART #beringelamilgrau
8/4/2019 5:22:15 AM: botfumante - Received: :0verkilledred!0verkilledred@0verkilledred.tmi.twitch.tv PART #beringelamilgrau
8/4/2019 5:22:15 AM: botfumante - Received: :thunderfox_!thunderfox_@thunderfox_.tmi.twitch.tv PART #beringelamilgrau
8/4/2019 5:22:15 AM: botfumante - Received: :lucaesan!lucaesan@lucaesan.tmi.twitch.tv PART #beringelamilgrau
8/4/2019 5:22:15 AM: botfumante - Received: :darkyote!darkyote@darkyote.tmi.twitch.tv PART #beringelamilgrau
8/4/2019 5:22:15 AM: botfumante - Received: :topkilloficial!topkilloficial@topkilloficial.tmi.twitch.tv PART #beringelamilgrau
8/4/2019 5:22:15 AM: botfumante - Received: :gamb4_cheiroso!gamb4_cheiroso@gamb4_cheiroso.tmi.twitch.tv PART #beringelamilgrau
8/4/2019 5:22:15 AM: botfumante - Received: :selhar!selhar@selhar.tmi.twitch.tv PART #beringelamilgrau
8/4/2019 5:22:15 AM: botfumante - Received: :ettoo_!ettoo_@ettoo_.tmi.twitch.tv PART #beringelamilgrau
8/4/2019 5:22:15 AM: botfumante - Received: :rhahael!rhahael@rhahael.tmi.twitch.tv PART #beringelamilgrau
8/4/2019 5:22:15 AM: botfumante - Received: :lagyq8!lagyq8@lagyq8.tmi.twitch.tv PART #beringelamilgrau
8/4/2019 5:22:15 AM: botfumante - Received: :orochii44!orochii44@orochii44.tmi.twitch.tv PART #beringelamilgrau
8/4/2019 5:22:15 AM: botfumante - Received: :tyboor!tyboor@tyboor.tmi.twitch.tv PART #beringelamilgrau
8/4/2019 5:22:15 AM: botfumante - Received: :troollta!troollta@troollta.tmi.twitch.tv PART #beringelamilgrau
8/4/2019 5:22:15 AM: botfumante - Received: :comadot!comadot@comadot.tmi.twitch.tv PART #beringelamilgrau
8/4/2019 5:22:15 AM: botfumante - Received: :jacques_loui5!jacques_loui5@jacques_loui5.tmi.twitch.tv PART #beringelamilgrau
8/4/2019 5:22:15 AM: botfumante - Received: :biravg!biravg@biravg.tmi.twitch.tv PART #beringelamilgrau
