8/23/2019 8:11:30 PM: botfumante - Connecting to: wss://irc-ws.chat.twitch.tv:443
8/23/2019 8:11:31 PM: botfumante - Should be connected!
8/23/2019 8:11:31 PM: botfumante - Joining channel: beringelamilgrau
8/23/2019 8:11:32 PM: botfumante - Received: :tmi.twitch.tv 001 botfumante :Welcome, GLHF!
8/23/2019 8:11:32 PM: botfumante - Received: :tmi.twitch.tv 002 botfumante :Your host is tmi.twitch.tv
8/23/2019 8:11:32 PM: botfumante - Received: :tmi.twitch.tv 003 botfumante :This server is rather new
8/23/2019 8:11:32 PM: botfumante - Received: :tmi.twitch.tv 004 botfumante :-
8/23/2019 8:11:32 PM: botfumante - Received: :tmi.twitch.tv 375 botfumante :-
8/23/2019 8:11:32 PM: botfumante - Received: :tmi.twitch.tv 372 botfumante :You are in a maze of twisty passages, all alike.
8/23/2019 8:11:32 PM: botfumante - Received: :tmi.twitch.tv 376 botfumante :>
8/23/2019 8:11:32 PM: botfumante - Received: :tmi.twitch.tv CAP * ACK :twitch.tv/membership
8/23/2019 8:11:32 PM: botfumante - Unaccounted for: :tmi.twitch.tv CAP * ACK :twitch.tv/membership
8/23/2019 8:11:32 PM: botfumante - Received: :tmi.twitch.tv CAP * ACK :twitch.tv/commands
8/23/2019 8:11:32 PM: botfumante - Unaccounted for: :tmi.twitch.tv CAP * ACK :twitch.tv/commands
8/23/2019 8:11:32 PM: botfumante - Received: :tmi.twitch.tv CAP * ACK :twitch.tv/tags
8/23/2019 8:11:32 PM: botfumante - Unaccounted for: :tmi.twitch.tv CAP * ACK :twitch.tv/tags
8/23/2019 8:11:32 PM: botfumante - Received: :botfumante!botfumante@botfumante.tmi.twitch.tv JOIN #beringelamilgrau
8/23/2019 8:11:32 PM: botfumante - Received: @badge-info=;badges=;color=;display-name=BotFumante;emote-sets=0;mod=0;subscriber=0;user-type= :tmi.twitch.tv USERSTATE #beringelamilgrau
8/23/2019 8:11:32 PM: botfumante - Received: @emote-only=0;followers-only=-1;r9k=0;rituals=0;room-id=443063688;slow=0;subs-only=0 :tmi.twitch.tv ROOMSTATE #beringelamilgrau
8/23/2019 8:11:32 PM: botfumante - Received: :botfumante.tmi.twitch.tv 353 botfumante = #beringelamilgrau :lurxx ddanniell lucaesan raphaelssk electricallongboard alexisyuki gabedewitt laryyyyyy2ponto0 streamlabs commanderroot calibrelordal jean__ beringelamilgrau guillapre winsock hisaagi tonyxzero nightbot 5uperted botfumante lactuca_sativa pedroazure
8/23/2019 8:11:32 PM: botfumante - Received: :botfumante.tmi.twitch.tv 366 botfumante #beringelamilgrau :End of /NAMES list
8/23/2019 8:11:32 PM: botfumante - Finished channel joining queue.
8/23/2019 8:11:32 PM: botfumante - Finished channel joining queue.
8/23/2019 8:11:33 PM: botfumante - Received: @badge-info=subscriber/2;badges=vip/1,subscriber/0,bits-charity/1;color=#5F9EA0;display-name=Jean__;emotes=;flags=;id=b99b21c2-af2c-4afb-aa70-f80eaf9f00e5;mod=0;room-id=443063688;subscriber=1;tmi-sent-ts=1566601892541;turbo=0;user-id=38479494;user-type= :jean__!jean__@jean__.tmi.twitch.tv PRIVMSG #beringelamilgrau :!peso 100
8/23/2019 8:11:34 PM: botfumante - Received: @badge-info=;badges=;color=;display-name=BotFumante;emote-sets=0;mod=0;subscriber=0;user-type= :tmi.twitch.tv USERSTATE #beringelamilgrau
8/23/2019 8:11:45 PM: botfumante - Received: @badge-info=;badges=bits-leader/3;color=#0000FF;display-name=Alexisyuki;emotes=;flags=;id=c474fe6d-8acd-40e7-8c37-b793d707bda8;mod=0;room-id=443063688;subscriber=0;tmi-sent-ts=1566601904480;turbo=0;user-id=66833296;user-type= :alexisyuki!alexisyuki@alexisyuki.tmi.twitch.tv PRIVMSG #beringelamilgrau :bttv trava neu pc
8/23/2019 8:11:52 PM: botfumante - Received: @badge-info=;badges=moderator/1;color=#008000;display-name=TONYXZERO;emotes=;flags=;id=0784384e-a6d4-4f54-9c49-effb0373df6a;mod=1;room-id=443063688;subscriber=0;tmi-sent-ts=1566601911322;turbo=0;user-id=38731171;user-type=mod :tonyxzero!tonyxzero@tonyxzero.tmi.twitch.tv PRIVMSG #beringelamilgrau :PepeHandsE
8/23/2019 8:11:54 PM: botfumante - Received: @badge-info=;badges=bits-leader/3;color=#0000FF;display-name=Alexisyuki;emotes=;flags=;id=e989db01-b1bb-49ab-9d37-303b44d1f57d;mod=0;room-id=443063688;subscriber=0;tmi-sent-ts=1566601913105;turbo=0;user-id=66833296;user-type= :alexisyuki!alexisyuki@alexisyuki.tmi.twitch.tv PRIVMSG #beringelamilgrau :ainda ? descobri
8/23/2019 8:11:57 PM: botfumante - Received: @badge-info=;badges=bits-leader/3;color=#0000FF;display-name=Alexisyuki;emotes=;flags=;id=18671197-7efa-43b9-ad63-52a01fbbde6e;mod=0;room-id=443063688;subscriber=0;tmi-sent-ts=1566601915835;turbo=0;user-id=66833296;user-type= :alexisyuki!alexisyuki@alexisyuki.tmi.twitch.tv PRIVMSG #beringelamilgrau :o pq
8/23/2019 8:12:02 PM: botfumante - Received: @badge-info=;badges=moderator/1;color=#FF9600;display-name=ddanniell;emotes=;flags=;id=073aa143-a6c9-4c94-9e74-d2400f0278c0;mod=1;room-id=443063688;subscriber=0;tmi-sent-ts=1566601921478;turbo=0;user-id=36163282;user-type=mod :ddanniell!ddanniell@ddanniell.tmi.twitch.tv PRIVMSG #beringelamilgrau :usa o ffz
8/23/2019 8:12:03 PM: botfumante - Received: @badge-info=;badges=bits-leader/3;color=#0000FF;display-name=Alexisyuki;emotes=;flags=;id=4270c0d8-4a30-427b-a5d8-edf827f019a9;mod=0;room-id=443063688;subscriber=0;tmi-sent-ts=1566601921923;turbo=0;user-id=66833296;user-type= :alexisyuki!alexisyuki@alexisyuki.tmi.twitch.tv PRIVMSG #beringelamilgrau :oi
