2019-07-11 6:00:03 PM: botfumante - Connecting to: wss://irc-ws.chat.twitch.tv:443
2019-07-11 6:00:04 PM: botfumante - Should be connected!
2019-07-11 6:00:04 PM: botfumante - Joining channel: beringelamilgrau
2019-07-11 6:00:05 PM: botfumante - Received: :tmi.twitch.tv 001 botfumante :Welcome, GLHF!
2019-07-11 6:00:05 PM: botfumante - Received: :tmi.twitch.tv 002 botfumante :Your host is tmi.twitch.tv
2019-07-11 6:00:05 PM: botfumante - Received: :tmi.twitch.tv 003 botfumante :This server is rather new
2019-07-11 6:00:05 PM: botfumante - Received: :tmi.twitch.tv 004 botfumante :-
2019-07-11 6:00:05 PM: botfumante - Received: :tmi.twitch.tv 375 botfumante :-
2019-07-11 6:00:05 PM: botfumante - Received: :tmi.twitch.tv 372 botfumante :You are in a maze of twisty passages, all alike.
2019-07-11 6:00:05 PM: botfumante - Received: :tmi.twitch.tv 376 botfumante :>
2019-07-11 6:00:05 PM: botfumante - Received: :tmi.twitch.tv CAP * ACK :twitch.tv/membership
2019-07-11 6:00:05 PM: botfumante - Unaccounted for: :tmi.twitch.tv CAP * ACK :twitch.tv/membership
2019-07-11 6:00:05 PM: botfumante - Received: :tmi.twitch.tv CAP * ACK :twitch.tv/commands
2019-07-11 6:00:05 PM: botfumante - Unaccounted for: :tmi.twitch.tv CAP * ACK :twitch.tv/commands
2019-07-11 6:00:05 PM: botfumante - Received: :tmi.twitch.tv CAP * ACK :twitch.tv/tags
2019-07-11 6:00:05 PM: botfumante - Unaccounted for: :tmi.twitch.tv CAP * ACK :twitch.tv/tags
2019-07-11 6:00:05 PM: botfumante - Received: :botfumante!botfumante@botfumante.tmi.twitch.tv JOIN #beringelamilgrau
2019-07-11 6:00:05 PM: botfumante - Received: @badge-info=;badges=;color=;display-name=BotFumante;emote-sets=0;mod=0;subscriber=0;user-type= :tmi.twitch.tv USERSTATE #beringelamilgrau
2019-07-11 6:00:05 PM: botfumante - Received: @emote-only=0;followers-only=-1;r9k=0;rituals=0;room-id=443063688;slow=0;subs-only=0 :tmi.twitch.tv ROOMSTATE #beringelamilgrau
2019-07-11 6:00:05 PM: botfumante - Received: :botfumante.tmi.twitch.tv 353 botfumante = #beringelamilgrau :beringelamilgrau cyclemotion lurxx jean__ commanderroot angeloflight tonyxzero cachebear ddanniell botfumante calibrelordal sinnerjin guillapre michelle_rezende 5uperted nightbot leafjat p0lizei_ teyyd dany_tnt_ astraalienstar_ techiesthegreat gladosxcake
2019-07-11 6:00:05 PM: botfumante - Received: :botfumante.tmi.twitch.tv 366 botfumante #beringelamilgrau :End of /NAMES list
2019-07-11 6:00:05 PM: botfumante - Finished channel joining queue.
2019-07-11 6:00:05 PM: botfumante - Finished channel joining queue.
2019-07-11 6:00:56 PM: botfumante - Received: :hostmeraffle!hostmeraffle@hostmeraffle.tmi.twitch.tv JOIN #beringelamilgrau
2019-07-11 6:00:56 PM: botfumante - Received: :sinnerjin!sinnerjin@sinnerjin.tmi.twitch.tv PART #beringelamilgrau
2019-07-11 6:01:31 PM: botfumante - Received: @badge-info=;badges=premium/1;color=#CC00C5;display-name=dany_tnt_;emotes=;flags=;id=ad386120-0a2c-485f-9a73-3ac041e74229;mod=0;room-id=443063688;subscriber=0;tmi-sent-ts=1562878890022;turbo=0;user-id=74717743;user-type= :dany_tnt_!dany_tnt_@dany_tnt_.tmi.twitch.tv PRIVMSG #beringelamilgrau :tava melhor antes
2019-07-11 6:01:39 PM: botfumante - Received: @badge-info=;badges=premium/1;color=#CC00C5;display-name=dany_tnt_;emotes=;flags=;id=1cea0ad1-3d8d-459b-85e1-921ce0d10de4;mod=0;room-id=443063688;subscriber=0;tmi-sent-ts=1562878898540;turbo=0;user-id=74717743;user-type= :dany_tnt_!dany_tnt_@dany_tnt_.tmi.twitch.tv PRIVMSG #beringelamilgrau :c?s fizeram ele bagun?ar tudo
2019-07-11 6:01:41 PM: botfumante - Received: @badge-info=;badges=premium/1;color=#CC00C5;display-name=dany_tnt_;emote-only=1;emotes=113387:0-8;flags=;id=844c83d9-0a35-4ee3-bde4-a7d188d23dba;mod=0;room-id=443063688;subscriber=0;tmi-sent-ts=1562878900791;turbo=0;user-id=74717743;user-type= :dany_tnt_!dany_tnt_@dany_tnt_.tmi.twitch.tv PRIVMSG #beringelamilgrau :bracubiCZ
2019-07-11 6:01:50 PM: botfumante - Received: @badge-info=;badges=moderator/1;color=#38CC8F;display-name=Montee_Waffle;emotes=;flags=;id=fd0c5327-834e-4ca5-987d-86eaa36bf46d;mod=1;room-id=443063688;subscriber=0;tmi-sent-ts=1562878909289;turbo=0;user-id=148551409;user-type=mod :montee_waffle!montee_waffle@montee_waffle.tmi.twitch.tv PRIVMSG #beringelamilgrau :!backseat
2019-07-11 6:01:50 PM: botfumante - Received: @badge-info=;badges=moderator/1,partner/1;color=#7C7CE1;display-name=Nightbot;emotes=;flags=;id=ca9dad33-98c3-4d69-90dd-20bbf962aa47;mod=1;room-id=443063688;subscriber=0;tmi-sent-ts=1562878909529;turbo=0;user-id=19264788;user-type=mod :nightbot!nightbot@nightbot.tmi.twitch.tv PRIVMSG #beringelamilgrau :Ta maluco cara, para com isso de backseat! ConcernFroge
2019-07-11 6:02:10 PM: botfumante - Received: @badge-info=;badges=premium/1;color=#CC00C5;display-name=dany_tnt_;emotes=;flags=;id=59752a29-faae-472c-9214-279163efcd3a;mod=0;room-id=443063688;subscriber=0;tmi-sent-ts=1562878929116;turbo=0;user-id=74717743;user-type= :dany_tnt_!dany_tnt_@dany_tnt_.tmi.twitch.tv PRIVMSG #beringelamilgrau :assim t? ?timo
2019-07-11 6:02:17 PM: botfumante - Received: @badge-info=;badges=premium/1;color=#CC00C5;display-name=dany_tnt_;emotes=;flags=;id=615ba52b-4d34-4f5f-ba9a-f4d4fbfec3ab;mod=0;room-id=443063688;subscriber=0;tmi-sent-ts=1562878936630;turbo=0;user-id=74717743;user-type= :dany_tnt_!dany_tnt_@dany_tnt_.tmi.twitch.tv PRIVMSG #beringelamilgrau :grande demais fica estranho
2019-07-11 6:02:52 PM: botfumante - Received: :montee_waffle!montee_waffle@montee_waffle.tmi.twitch.tv JOIN #beringelamilgrau
2019-07-11 6:03:21 PM: botfumante - Received: @badge-info=;badges=premium/1;color=#CC00C5;display-name=dany_tnt_;emotes=;flags=;id=c18599ce-da8e-40a0-92c9-f988433bd9ef;mod=0;room-id=443063688;subscriber=0;tmi-sent-ts=1562879000276;turbo=0;user-id=74717743;user-type= :dany_tnt_!dany_tnt_@dany_tnt_.tmi.twitch.tv PRIVMSG #beringelamilgrau :depois que inclinar a barba
2019-07-11 6:03:30 PM: botfumante - Received: @badge-info=;badges=premium/1;color=#CC00C5;display-name=dany_tnt_;emotes=;flags=;id=940fa069-4a14-45eb-a680-9b7bc4d34694;mod=0;room-id=443063688;subscriber=0;tmi-sent-ts=1562879009785;turbo=0;user-id=74717743;user-type= :dany_tnt_!dany_tnt_@dany_tnt_.tmi.twitch.tv PRIVMSG #beringelamilgrau :fica boa a bengala
2019-07-11 6:03:50 PM: botfumante - Received: @badge-info=subscriber/1;badges=subscriber/0,premium/1;color=#00FF7F;display-name=leafjat;emotes=;flags=;id=109730e7-d9c9-42db-9203-9456b1e0b2e5;mod=0;room-id=443063688;subscriber=1;tmi-sent-ts=1562879029242;turbo=0;user-id=424124612;user-type= :leafjat!leafjat@leafjat.tmi.twitch.tv PRIVMSG #beringelamilgrau :bora beber ?gua de Youtuber
2019-07-11 6:04:07 PM: botfumante - Received: @badge-info=subscriber/1;badges=broadcaster/1,subscriber/0;color=#8A2BE2;display-name=BeringelaMilGrau;emotes=;flags=;id=6ff6b07d-14c9-4de3-b2df-9938c83a3dae;mod=0;room-id=443063688;subscriber=1;tmi-sent-ts=1562879046639;turbo=0;user-id=443063688;user-type= :beringelamilgrau!beringelamilgrau@beringelamilgrau.tmi.twitch.tv PRIVMSG #beringelamilgrau :peepoLove
2019-07-11 6:04:08 PM: botfumante - Received: @badge-info=;badges=premium/1;color=#CC00C5;display-name=dany_tnt_;emote-only=1;emotes=113387:0-8;flags=;id=ad254e32-090c-4c5f-9380-f32912b1e240;mod=0;room-id=443063688;subscriber=0;tmi-sent-ts=1562879047365;turbo=0;user-id=74717743;user-type= :dany_tnt_!dany_tnt_@dany_tnt_.tmi.twitch.tv PRIVMSG #beringelamilgrau :bracubiCZ
2019-07-11 6:04:16 PM: botfumante - Received: @badge-info=;badges=moderator/1;color=#38CC8F;display-name=Montee_Waffle;emotes=;flags=;id=1c9e29f6-6534-4726-a7c2-3c95a9e93a95;mod=1;room-id=443063688;subscriber=0;tmi-sent-ts=1562879055769;turbo=0;user-id=148551409;user-type=mod :montee_waffle!montee_waffle@montee_waffle.tmi.twitch.tv PRIVMSG #beringelamilgrau :peepoLove
2019-07-11 6:04:38 PM: botfumante - Received: @badge-info=subscriber/1;badges=subscriber/0,premium/1;color=#00FF7F;display-name=leafjat;emote-only=1;emotes=864143:0-11,13-24,26-37;flags=;id=d155165a-c824-4ff3-97de-69fca8ab06b8;mod=0;room-id=443063688;subscriber=1;tmi-sent-ts=1562879077678;turbo=0;user-id=424124612;user-type= :leafjat!leafjat@leafjat.tmi.twitch.tv PRIVMSG #beringelamilgrau :PokBlastoise PokBlastoise PokBlastoise
2019-07-11 6:04:51 PM: botfumante - Received: @badge-info=;badges=premium/1;color=#CC00C5;display-name=dany_tnt_;emote-only=1;emotes=113387:0-8,10-18,20-28;flags=;id=2993d738-2eb3-4611-a281-b42adb4e77e4;mod=0;room-id=443063688;subscriber=0;tmi-sent-ts=1562879090951;turbo=0;user-id=74717743;user-type= :dany_tnt_!dany_tnt_@dany_tnt_.tmi.twitch.tv PRIVMSG #beringelamilgrau :bracubiCZ bracubiCZ bracubiCZ
2019-07-11 6:05:00 PM: botfumante - Received: PING :tmi.twitch.tv
2019-07-11 6:05:00 PM: botfumante - Writing: PONG
2019-07-11 6:06:14 PM: botfumante - Received: :s1faka!s1faka@s1faka.tmi.twitch.tv JOIN #beringelamilgrau
2019-07-11 6:06:14 PM: botfumante - Received: :hostmeraffle!hostmeraffle@hostmeraffle.tmi.twitch.tv PART #beringelamilgrau
2019-07-11 6:06:14 PM: botfumante - Received: :techiesthegreat!techiesthegreat@techiesthegreat.tmi.twitch.tv PART #beringelamilgrau
2019-07-11 6:06:17 PM: botfumante - Received: @badge-info=;badges=;color=;display-name=BotFumante;emote-sets=0;mod=0;subscriber=0;user-type= :tmi.twitch.tv USERSTATE #beringelamilgrau
2019-07-11 6:06:18 PM: botfumante - Received: @badge-info=;badges=moderator/1,partner/1;color=#7C7CE1;display-name=Nightbot;emotes=;flags=;id=6f2d138b-6c29-4478-b667-57996a3007d3;mod=1;room-id=443063688;subscriber=0;tmi-sent-ts=1562879177277;turbo=0;user-id=19264788;user-type=mod :nightbot!nightbot@nightbot.tmi.twitch.tv PRIVMSG #beringelamilgrau :Sai mano, sai da minha live!! monkaGun
2019-07-11 6:06:23 PM: botfumante - Received: @badge-info=subscriber/1;badges=subscriber/0,bits-charity/1;color=#1E90FF;display-name=Jean__;emotes=;flags=;id=a13fb8d2-baa8-481a-a198-721000376d3c;mod=0;room-id=443063688;subscriber=1;tmi-sent-ts=1562879182270;turbo=0;user-id=38479494;user-type= :jean__!jean__@jean__.tmi.twitch.tv PRIVMSG #beringelamilgrau :monkaHmm
2019-07-11 6:06:29 PM: botfumante - Received: @badge-info=;badges=premium/1;color=#CC00C5;display-name=dany_tnt_;emotes=;flags=;id=df057fe4-972f-4512-9b5b-4e13b1235ece;mod=0;room-id=443063688;subscriber=0;tmi-sent-ts=1562879187936;turbo=0;user-id=74717743;user-type= :dany_tnt_!dany_tnt_@dany_tnt_.tmi.twitch.tv PRIVMSG #beringelamilgrau :hahahaahhaa
2019-07-11 6:06:33 PM: botfumante - Received: @badge-info=;badges=premium/1;color=#CC00C5;display-name=dany_tnt_;emotes=;flags=;id=b28f2e3d-9c55-421f-8257-9d801226a50a;mod=0;room-id=443063688;subscriber=0;tmi-sent-ts=1562879192193;turbo=0;user-id=74717743;user-type= :dany_tnt_!dany_tnt_@dany_tnt_.tmi.twitch.tv PRIVMSG #beringelamilgrau :!sai
2019-07-11 6:06:33 PM: botfumante - Received: @badge-info=;badges=moderator/1,partner/1;color=#7C7CE1;display-name=Nightbot;emotes=;flags=;id=6c7fe5e5-baae-4a87-a1be-52a181d62e06;mod=1;room-id=443063688;subscriber=0;tmi-sent-ts=1562879192374;turbo=0;user-id=19264788;user-type=mod :nightbot!nightbot@nightbot.tmi.twitch.tv PRIVMSG #beringelamilgrau :Sai mano, sai da minha live!! monkaGun
2019-07-11 6:06:38 PM: botfumante - Received: @badge-info=;badges=premium/1;color=#CC00C5;display-name=dany_tnt_;emotes=;flags=;id=3865d60d-cb8b-4b1b-bc29-69f59ec91adb;mod=0;room-id=443063688;subscriber=0;tmi-sent-ts=1562879197701;turbo=0;user-id=74717743;user-type= :dany_tnt_!dany_tnt_@dany_tnt_.tmi.twitch.tv PRIVMSG #beringelamilgrau :melhor comando
2019-07-11 6:07:10 PM: botfumante - Received: :hostmeraffle!hostmeraffle@hostmeraffle.tmi.twitch.tv JOIN #beringelamilgrau
2019-07-11 6:07:26 PM: botfumante - Received: @badge-info=;badges=premium/1;color=#CC00C5;display-name=dany_tnt_;emotes=;flags=;id=3664a5fd-60cd-4932-85ea-2c0980cfb418;mod=0;room-id=443063688;subscriber=0;tmi-sent-ts=1562879245314;turbo=0;user-id=74717743;user-type= :dany_tnt_!dany_tnt_@dany_tnt_.tmi.twitch.tv PRIVMSG #beringelamilgrau :alooooo
2019-07-11 6:07:47 PM: botfumante - Received: @badge-info=;badges=premium/1;color=#CC00C5;display-name=dany_tnt_;emotes=;flags=;id=d3abe3e0-e3c4-422c-8407-3a264af7cd0f;mod=0;room-id=443063688;subscriber=0;tmi-sent-ts=1562879266108;turbo=0;user-id=74717743;user-type= :dany_tnt_!dany_tnt_@dany_tnt_.tmi.twitch.tv PRIVMSG #beringelamilgrau :bondimais
