2019-07-20 9:13:15 PM: botfumante - Connecting to: wss://irc-ws.chat.twitch.tv:443
2019-07-20 9:13:16 PM: botfumante - Should be connected!
2019-07-20 9:13:16 PM: botfumante - Joining channel: beringelamilgrau
2019-07-20 9:13:17 PM: botfumante - Received: :tmi.twitch.tv 001 botfumante :Welcome, GLHF!
2019-07-20 9:13:17 PM: botfumante - Received: :tmi.twitch.tv 002 botfumante :Your host is tmi.twitch.tv
2019-07-20 9:13:17 PM: botfumante - Received: :tmi.twitch.tv 003 botfumante :This server is rather new
2019-07-20 9:13:17 PM: botfumante - Received: :tmi.twitch.tv 004 botfumante :-
2019-07-20 9:13:17 PM: botfumante - Received: :tmi.twitch.tv 375 botfumante :-
2019-07-20 9:13:17 PM: botfumante - Received: :tmi.twitch.tv 372 botfumante :You are in a maze of twisty passages, all alike.
2019-07-20 9:13:17 PM: botfumante - Received: :tmi.twitch.tv 376 botfumante :>
2019-07-20 9:13:17 PM: botfumante - Received: :tmi.twitch.tv CAP * ACK :twitch.tv/membership
2019-07-20 9:13:17 PM: botfumante - Unaccounted for: :tmi.twitch.tv CAP * ACK :twitch.tv/membership
2019-07-20 9:13:17 PM: botfumante - Received: :tmi.twitch.tv CAP * ACK :twitch.tv/commands
2019-07-20 9:13:17 PM: botfumante - Unaccounted for: :tmi.twitch.tv CAP * ACK :twitch.tv/commands
2019-07-20 9:13:17 PM: botfumante - Received: :tmi.twitch.tv CAP * ACK :twitch.tv/tags
2019-07-20 9:13:17 PM: botfumante - Unaccounted for: :tmi.twitch.tv CAP * ACK :twitch.tv/tags
2019-07-20 9:13:17 PM: botfumante - Received: :botfumante!botfumante@botfumante.tmi.twitch.tv JOIN #beringelamilgrau
2019-07-20 9:13:17 PM: botfumante - Received: @badge-info=;badges=;color=;display-name=BotFumante;emote-sets=0;mod=0;subscriber=0;user-type= :tmi.twitch.tv USERSTATE #beringelamilgrau
2019-07-20 9:13:17 PM: botfumante - Received: @emote-only=0;followers-only=-1;r9k=0;rituals=0;room-id=443063688;slow=0;subs-only=0 :tmi.twitch.tv ROOMSTATE #beringelamilgrau
2019-07-20 9:13:17 PM: botfumante - Received: :botfumante.tmi.twitch.tv 353 botfumante = #beringelamilgrau :montee_waffle brun0hl nightbot guillapre lurxx commanderroot teyyd hisaagi rafael_870 michelle_rezende jean__ beringelamilgrau zanekyber captainata angeloflight ddanniell
2019-07-20 9:13:17 PM: botfumante - Received: :botfumante.tmi.twitch.tv 353 botfumante = #beringelamilgrau :botfumante
2019-07-20 9:13:17 PM: botfumante - Received: :botfumante.tmi.twitch.tv 366 botfumante #beringelamilgrau :End of /NAMES list
2019-07-20 9:13:17 PM: botfumante - Finished channel joining queue.
2019-07-20 9:13:17 PM: botfumante - Finished channel joining queue.
2019-07-20 9:13:29 PM: botfumante - Received: @badge-info=;badges=vip/1,premium/1;color=#D8FF00;display-name=guillapre;emotes=;flags=;id=f3a4bf48-409f-4d24-b306-5a620415f8e7;mod=0;room-id=443063688;subscriber=0;tmi-sent-ts=1563668009159;turbo=0;user-id=157919745;user-type= :guillapre!guillapre@guillapre.tmi.twitch.tv PRIVMSG #beringelamilgrau :teve um americano que morreu no hardcore depois de 5 anos
2019-07-20 9:13:32 PM: botfumante - Received: @badge-info=subscriber/1;badges=vip/1,subscriber/0,bits-charity/1;color=#5F9EA0;display-name=Jean__;emotes=;flags=;id=b447eebd-f888-4286-8b4c-d495d4e17757;mod=0;room-id=443063688;subscriber=1;tmi-sent-ts=1563668011259;turbo=0;user-id=38479494;user-type= :jean__!jean__@jean__.tmi.twitch.tv PRIVMSG #beringelamilgrau :!daniel
2019-07-20 9:13:32 PM: botfumante - Received: @badge-info=;badges=moderator/1,partner/1;color=#7C7CE1;display-name=Nightbot;emotes=;flags=;id=4ad8eaf3-a13e-4cc2-98b6-aa3e2b877316;mod=1;room-id=443063688;subscriber=0;tmi-sent-ts=1563668011473;turbo=0;user-id=19264788;user-type=mod :nightbot!nightbot@nightbot.tmi.twitch.tv PRIVMSG #beringelamilgrau :Perdoa o rapaz, ele n?o sabe ler.
2019-07-20 9:13:35 PM: botfumante - Received: @badge-info=subscriber/1;badges=vip/1,subscriber/0,bits-charity/1;color=#5F9EA0;display-name=Jean__;emotes=;flags=;id=fe363954-e05d-4485-aa72-37bc26c95edd;mod=0;room-id=443063688;subscriber=1;tmi-sent-ts=1563668014688;turbo=0;user-id=38479494;user-type= :jean__!jean__@jean__.tmi.twitch.tv PRIVMSG #beringelamilgrau :k ? de mil
2019-07-20 9:13:44 PM: botfumante - Received: @badge-info=subscriber/1;badges=vip/1,subscriber/0,bits-charity/1;color=#5F9EA0;display-name=Jean__;emotes=;flags=0-3:;id=650185f9-4445-43dc-a7fe-e68640e5e0d9;mod=0;room-id=443063688;subscriber=1;tmi-sent-ts=1563668023465;turbo=0;user-id=38479494;user-type= :jean__!jean__@jean__.tmi.twitch.tv PRIVMSG #beringelamilgrau :m de milhoes
2019-07-20 9:14:22 PM: botfumante - Received: @badge-info=subscriber/1;badges=vip/1,subscriber/0,bits-charity/1;color=#5F9EA0;display-name=Jean__;emotes=;flags=;id=6c2e8c0c-c4c6-4132-9e48-1fce64b81ea8;mod=0;room-id=443063688;subscriber=1;tmi-sent-ts=1563668061990;turbo=0;user-id=38479494;user-type= :jean__!jean__@jean__.tmi.twitch.tv PRIVMSG #beringelamilgrau :ConcernFroge
2019-07-20 9:14:30 PM: botfumante - Received: @badge-info=;badges=;color=;display-name=Rafael_870;emote-only=1;emotes=425618:0-2;flags=;id=12c5eca9-5c7e-45d1-982e-90f6811f0573;mod=0;room-id=443063688;subscriber=0;tmi-sent-ts=1563668070234;turbo=0;user-id=153485554;user-type= :rafael_870!rafael_870@rafael_870.tmi.twitch.tv PRIVMSG #beringelamilgrau :LUL
2019-07-20 9:14:41 PM: botfumante - Received: @badge-info=subscriber/1;badges=vip/1,subscriber/0,bits-charity/1;color=#5F9EA0;display-name=Jean__;emotes=;flags=0-6:P.5;id=793af6c9-b3ed-42e5-b5e7-7f20de3fc6ea;mod=0;room-id=443063688;subscriber=1;tmi-sent-ts=1563668081163;turbo=0;user-id=38479494;user-type= :jean__!jean__@jean__.tmi.twitch.tv PRIVMSG #beringelamilgrau :foda-se que km ? 1000 metros PepeLaugh
2019-07-20 9:15:00 PM: botfumante - Received: :s1faka!s1faka@s1faka.tmi.twitch.tv JOIN #beringelamilgrau
2019-07-20 9:15:01 PM: botfumante - Received: :hostmeraffle!hostmeraffle@hostmeraffle.tmi.twitch.tv JOIN #beringelamilgrau
2019-07-20 9:16:09 PM: botfumante - Received: @badge-info=;badges=vip/1;color=#008000;display-name=Hisaagi;emotes=;flags=43-47:A.3;id=d4f3ee65-9322-42a5-ab60-64df0b5377d6;mod=0;room-id=443063688;subscriber=0;tmi-sent-ts=1563668169119;turbo=0;user-id=137774469;user-type= :hisaagi!hisaagi@hisaagi.tmi.twitch.tv PRIVMSG #beringelamilgrau :eu gosto dessa stream pq eu nunca me sinto burro FeelsOkayMan
2019-07-20 9:16:36 PM: botfumante - Received: @badge-info=subscriber/1;badges=vip/1,subscriber/0,bits-charity/1;color=#5F9EA0;display-name=Jean__;emotes=;flags=;id=cd9c5706-5d9e-427f-a975-ea5d6005815b;mod=0;room-id=443063688;subscriber=1;tmi-sent-ts=1563668195648;turbo=0;user-id=38479494;user-type= :jean__!jean__@jean__.tmi.twitch.tv PRIVMSG #beringelamilgrau :tenho que concordar
2019-07-20 9:17:00 PM: botfumante - Received: @badge-info=;badges=;color=;display-name=Rafael_870;emotes=;flags=;id=9ac640d1-a6c8-44c4-a67f-6fb79b83c81c;mod=0;room-id=443063688;subscriber=0;tmi-sent-ts=1563668219696;turbo=0;user-id=153485554;user-type= :rafael_870!rafael_870@rafael_870.tmi.twitch.tv PRIVMSG #beringelamilgrau :essa arma ? muito boa
2019-07-20 9:17:04 PM: botfumante - Received: :freddyybot!freddyybot@freddyybot.tmi.twitch.tv JOIN #beringelamilgrau
2019-07-20 9:17:33 PM: botfumante - Received: PING :tmi.twitch.tv
2019-07-20 9:17:33 PM: botfumante - Writing: PONG
2019-07-20 9:18:27 PM: botfumante - Received: @badge-info=;badges=;color=;display-name=Rafael_870;emotes=;flags=;id=74ac5979-0fc0-40ad-a68a-628bd1f9f36b;mod=0;room-id=443063688;subscriber=0;tmi-sent-ts=1563668306346;turbo=0;user-id=153485554;user-type= :rafael_870!rafael_870@rafael_870.tmi.twitch.tv PRIVMSG #beringelamilgrau :pelo que eu lembro do jogo, voc? ta +- 60/70% do jogo
2019-07-20 9:22:28 PM: botfumante - Received: PING :tmi.twitch.tv
2019-07-20 9:22:28 PM: botfumante - Writing: PONG
2019-07-20 9:25:32 PM: botfumante - Received: :dmarte!dmarte@dmarte.tmi.twitch.tv JOIN #beringelamilgrau
2019-07-20 9:25:32 PM: botfumante - Received: :lurxx!lurxx@lurxx.tmi.twitch.tv PART #beringelamilgrau
2019-07-20 9:25:57 PM: botfumante - Received: @badge-info=;badges=vip/1,premium/1;color=#D8FF00;display-name=guillapre;emotes=;flags=;id=4f21857d-de7d-4054-b94e-a711292b991e;mod=0;room-id=443063688;subscriber=0;tmi-sent-ts=1563668757040;turbo=0;user-id=157919745;user-type= :guillapre!guillapre@guillapre.tmi.twitch.tv PRIVMSG #beringelamilgrau :adksakdsakdsakda
2019-07-20 9:26:02 PM: botfumante - Received: @badge-info=subscriber/1;badges=vip/1,subscriber/0,bits-charity/1;color=#5F9EA0;display-name=Jean__;emotes=;flags=;id=ce90b001-8757-46a4-b1bb-94be938d08bb;mod=0;room-id=443063688;subscriber=1;tmi-sent-ts=1563668761540;turbo=0;user-id=38479494;user-type= :jean__!jean__@jean__.tmi.twitch.tv PRIVMSG #beringelamilgrau :PepeLaugh
2019-07-20 9:26:25 PM: botfumante - Received: @badge-info=;badges=vip/1,premium/1;color=#D8FF00;display-name=guillapre;emotes=;flags=0-4:P.6/S.6;id=0e2a20aa-71e5-4017-86a3-600d4105a108;mod=0;room-id=443063688;subscriber=0;tmi-sent-ts=1563668784655;turbo=0;user-id=157919745;user-type= :guillapre!guillapre@guillapre.tmi.twitch.tv PRIVMSG #beringelamilgrau :carai mano
2019-07-20 9:26:36 PM: botfumante - Received: :michelle_rezende!michelle_rezende@michelle_rezende.tmi.twitch.tv PART #beringelamilgrau
2019-07-20 9:26:48 PM: botfumante - Received: PING :tmi.twitch.tv
2019-07-20 9:26:48 PM: botfumante - Writing: PONG
2019-07-20 9:28:11 PM: botfumante - Received: @badge-info=;badges=vip/1,premium/1;color=#D8FF00;display-name=guillapre;emotes=;flags=;id=01e3f84b-fa69-4ea9-8101-a17518e1c68d;mod=0;room-id=443063688;subscriber=0;tmi-sent-ts=1563668890525;turbo=0;user-id=157919745;user-type= :guillapre!guillapre@guillapre.tmi.twitch.tv PRIVMSG #beringelamilgrau :eita
2019-07-20 9:28:42 PM: botfumante - Received: @badge-info=;badges=;color=;display-name=Rafael_870;emotes=;flags=;id=1174fa2d-aa0c-4b58-9003-9d141783636b;mod=0;room-id=443063688;subscriber=0;tmi-sent-ts=1563668921931;turbo=0;user-id=153485554;user-type= :rafael_870!rafael_870@rafael_870.tmi.twitch.tv PRIVMSG #beringelamilgrau :eita
2019-07-20 9:28:50 PM: botfumante - Received: :freddyybot!freddyybot@freddyybot.tmi.twitch.tv PART #beringelamilgrau
2019-07-20 9:28:50 PM: botfumante - Received: @badge-info=;badges=vip/1,premium/1;color=#D8FF00;display-name=guillapre;emotes=;flags=;id=82e7d451-a0b2-484d-b319-8a2f72d84ddf;mod=0;room-id=443063688;subscriber=0;tmi-sent-ts=1563668930064;turbo=0;user-id=157919745;user-type= :guillapre!guillapre@guillapre.tmi.twitch.tv PRIVMSG #beringelamilgrau :F
2019-07-20 9:31:15 PM: botfumante - Received: PING :tmi.twitch.tv
2019-07-20 9:31:15 PM: botfumante - Writing: PONG
2019-07-20 9:35:20 PM: botfumante - Received: PING :tmi.twitch.tv
2019-07-20 9:35:20 PM: botfumante - Writing: PONG
2019-07-20 9:35:24 PM: botfumante - Received: @badge-info=;badges=vip/1,premium/1;color=#D8FF00;display-name=guillapre;emotes=;flags=;id=72fe7a40-24d6-4b3c-bbac-464e18ad5c15;mod=0;room-id=443063688;subscriber=0;tmi-sent-ts=1563669323916;turbo=0;user-id=157919745;user-type= :guillapre!guillapre@guillapre.tmi.twitch.tv PRIVMSG #beringelamilgrau :flws man
2019-07-20 9:35:57 PM: botfumante - Received: :tmi.twitch.tv HOSTTARGET #beringelamilgrau :quackclube 12
2019-07-20 9:35:57 PM: botfumante - Received: @msg-id=host_on :tmi.twitch.tv NOTICE #beringelamilgrau :Now hosting quackclube.
