2019-07-26 7:05:57 PM: botfumante - Connecting to: wss://irc-ws.chat.twitch.tv:443
2019-07-26 7:05:58 PM: botfumante - Should be connected!
2019-07-26 7:05:58 PM: botfumante - Joining channel: beringelamilgrau
2019-07-26 7:05:59 PM: botfumante - Received: :tmi.twitch.tv 001 botfumante :Welcome, GLHF!
2019-07-26 7:05:59 PM: botfumante - Received: :tmi.twitch.tv 002 botfumante :Your host is tmi.twitch.tv
2019-07-26 7:05:59 PM: botfumante - Received: :tmi.twitch.tv 003 botfumante :This server is rather new
2019-07-26 7:05:59 PM: botfumante - Received: :tmi.twitch.tv 004 botfumante :-
2019-07-26 7:05:59 PM: botfumante - Received: :tmi.twitch.tv 375 botfumante :-
2019-07-26 7:05:59 PM: botfumante - Received: :tmi.twitch.tv 372 botfumante :You are in a maze of twisty passages, all alike.
2019-07-26 7:05:59 PM: botfumante - Received: :tmi.twitch.tv 376 botfumante :>
2019-07-26 7:05:59 PM: botfumante - Received: :tmi.twitch.tv CAP * ACK :twitch.tv/membership
2019-07-26 7:05:59 PM: botfumante - Unaccounted for: :tmi.twitch.tv CAP * ACK :twitch.tv/membership
2019-07-26 7:05:59 PM: botfumante - Received: :tmi.twitch.tv CAP * ACK :twitch.tv/commands
2019-07-26 7:05:59 PM: botfumante - Unaccounted for: :tmi.twitch.tv CAP * ACK :twitch.tv/commands
2019-07-26 7:05:59 PM: botfumante - Received: :tmi.twitch.tv CAP * ACK :twitch.tv/tags
2019-07-26 7:05:59 PM: botfumante - Unaccounted for: :tmi.twitch.tv CAP * ACK :twitch.tv/tags
2019-07-26 7:05:59 PM: botfumante - Received: :botfumante!botfumante@botfumante.tmi.twitch.tv JOIN #beringelamilgrau
2019-07-26 7:05:59 PM: botfumante - Received: @badge-info=;badges=;color=;display-name=BotFumante;emote-sets=0;mod=0;subscriber=0;user-type= :tmi.twitch.tv USERSTATE #beringelamilgrau
2019-07-26 7:05:59 PM: botfumante - Received: @emote-only=0;followers-only=-1;r9k=0;rituals=0;room-id=443063688;slow=0;subs-only=0 :tmi.twitch.tv ROOMSTATE #beringelamilgrau
2019-07-26 7:05:59 PM: botfumante - Received: :botfumante.tmi.twitch.tv 353 botfumante = #beringelamilgrau :michelle_rezende beringelamilgrau gabrigode rbruno018 nightbot ddanniell commanderroot jean__ robertonogueira cyclemotion gladosxcake lurxx anotherttvviewer electricallongboard montee_waffle s1faka
2019-07-26 7:05:59 PM: botfumante - Received: :botfumante.tmi.twitch.tv 353 botfumante = #beringelamilgrau :botfumante
2019-07-26 7:05:59 PM: botfumante - Received: :botfumante.tmi.twitch.tv 366 botfumante #beringelamilgrau :End of /NAMES list
2019-07-26 7:05:59 PM: botfumante - Finished channel joining queue.
2019-07-26 7:06:00 PM: botfumante - Finished channel joining queue.
2019-07-26 7:06:06 PM: botfumante - Received: @badge-info=;badges=;color=;display-name=BotFumante;emote-sets=0;mod=0;subscriber=0;user-type= :tmi.twitch.tv USERSTATE #beringelamilgrau
2019-07-26 7:06:35 PM: botfumante - Received: @badge-info=subscriber/1;badges=vip/1,subscriber/0,bits-charity/1;color=#5F9EA0;display-name=Jean__;emotes=;flags=;id=5492d7e2-5a92-411b-bccc-52f5caed89b3;mod=0;room-id=443063688;subscriber=1;tmi-sent-ts=1564178794470;turbo=0;user-id=38479494;user-type= :jean__!jean__@jean__.tmi.twitch.tv PRIVMSG #beringelamilgrau :vc que ta errado, s? fumou 2
2019-07-26 7:06:38 PM: botfumante - Received: @badge-info=subscriber/1;badges=vip/1,subscriber/0,bits-charity/1;color=#5F9EA0;display-name=Jean__;emotes=;flags=;id=d395ba7a-fc81-44fd-9f81-f53bb55f36be;mod=0;room-id=443063688;subscriber=1;tmi-sent-ts=1564178797384;turbo=0;user-id=38479494;user-type= :jean__!jean__@jean__.tmi.twitch.tv PRIVMSG #beringelamilgrau :monkaGun
2019-07-26 7:07:20 PM: botfumante - Received: @badge-info=;badges=vip/1;color=#FF69B4;display-name=rbruno018;emotes=;flags=;id=09b2c538-040a-458d-b128-ded3775c6283;mod=0;room-id=443063688;subscriber=0;tmi-sent-ts=1564178840162;turbo=0;user-id=216448313;user-type= :rbruno018!rbruno018@rbruno018.tmi.twitch.tv PRIVMSG #beringelamilgrau :daniel nao voltou ate agora
2019-07-26 7:07:38 PM: botfumante - Received: @badge-info=;badges=vip/1;color=#FF69B4;display-name=rbruno018;emotes=;flags=;id=dc1f1d3d-50d0-4a6e-b110-9bcfa211b792;mod=0;room-id=443063688;subscriber=0;tmi-sent-ts=1564178857368;turbo=0;user-id=216448313;user-type= :rbruno018!rbruno018@rbruno018.tmi.twitch.tv PRIVMSG #beringelamilgrau :banho FeelsOkayMan
2019-07-26 7:07:51 PM: botfumante - Received: @badge-info=subscriber/1;badges=vip/1,subscriber/0,bits-charity/1;color=#5F9EA0;display-name=Jean__;emotes=;flags=;id=c6981ed5-4991-4d73-86cf-6e4deb82bbef;mod=0;room-id=443063688;subscriber=1;tmi-sent-ts=1564178870363;turbo=0;user-id=38479494;user-type= :jean__!jean__@jean__.tmi.twitch.tv PRIVMSG #beringelamilgrau :ta lavando atras do suvaco FeelsMan
2019-07-26 7:08:20 PM: botfumante - Received: :marujo0!marujo0@marujo0.tmi.twitch.tv JOIN #beringelamilgrau
2019-07-26 7:09:18 PM: botfumante - Received: :cyclemotion!cyclemotion@cyclemotion.tmi.twitch.tv PART #beringelamilgrau
2019-07-26 7:09:30 PM: botfumante - Received: @badge-info=;badges=;color=;display-name=RobertoNogueira;emote-only=1;emotes=114836:0-7;flags=;id=098a3bef-e3e8-4bff-b9a3-5b285d054082;mod=0;room-id=443063688;subscriber=0;tmi-sent-ts=1564178969335;turbo=0;user-id=37272586;user-type= :robertonogueira!robertonogueira@robertonogueira.tmi.twitch.tv PRIVMSG #beringelamilgrau :Jebaited
2019-07-26 7:10:20 PM: botfumante - Received: PING :tmi.twitch.tv
2019-07-26 7:10:20 PM: botfumante - Writing: PONG
2019-07-26 7:10:21 PM: botfumante - Received: :cyclemotion!cyclemotion@cyclemotion.tmi.twitch.tv JOIN #beringelamilgrau
2019-07-26 7:10:34 PM: botfumante - Received: @badge-info=subscriber/1;badges=moderator/1,subscriber/0;color=#DAA520;display-name=BiraVG;emotes=;flags=0-66:;id=4061409e-bc8e-4dd4-a9a3-ad6298cecf23;mod=1;room-id=443063688;subscriber=1;tmi-sent-ts=1564179033704;turbo=0;user-id=66834839;user-type=mod :biravg!biravg@biravg.tmi.twitch.tv PRIVMSG #beringelamilgrau :https://twitter.com/OverwatchBrasil/status/1154832572389711872?s=19
2019-07-26 7:10:51 PM: botfumante - Received: @badge-info=;badges=vip/1;color=#FF69B4;display-name=rbruno018;emotes=;flags=;id=13efb1e9-3726-4b2f-987e-a91ce96c2565;mod=0;room-id=443063688;subscriber=0;tmi-sent-ts=1564179050340;turbo=0;user-id=216448313;user-type= :rbruno018!rbruno018@rbruno018.tmi.twitch.tv PRIVMSG #beringelamilgrau :uma indica?ao pra live
2019-07-26 7:10:53 PM: botfumante - Received: @badge-info=;badges=vip/1;color=#FF69B4;display-name=rbruno018;emotes=;flags=;id=d77ddd22-0032-416e-afbe-199315301d63;mod=0;room-id=443063688;subscriber=0;tmi-sent-ts=1564179052895;turbo=0;user-id=216448313;user-type= :rbruno018!rbruno018@rbruno018.tmi.twitch.tv PRIVMSG #beringelamilgrau :visage
2019-07-26 7:11:16 PM: botfumante - Received: @badge-info=;badges=vip/1;color=#FF69B4;display-name=rbruno018;emotes=;flags=;id=01a92780-1cc5-4c73-b799-a26ab6ca839f;mod=0;room-id=443063688;subscriber=0;tmi-sent-ts=1564179076035;turbo=0;user-id=216448313;user-type= :rbruno018!rbruno018@rbruno018.tmi.twitch.tv PRIVMSG #beringelamilgrau :terror PepeLaugh
2019-07-26 7:11:19 PM: botfumante - Received: @badge-info=subscriber/1;badges=broadcaster/1,subscriber/0;color=#8A2BE2;display-name=BeringelaMilGrau;emotes=;flags=;id=34fa3bbc-37d7-4496-8114-dda699a5688e;mod=0;room-id=443063688;subscriber=1;tmi-sent-ts=1564179078942;turbo=0;user-id=443063688;user-type= :beringelamilgrau!beringelamilgrau@beringelamilgrau.tmi.twitch.tv PRIVMSG #beringelamilgrau :roda salsicha monkaHmm
2019-07-26 7:11:20 PM: botfumante - Received: :anotherttvviewer!anotherttvviewer@anotherttvviewer.tmi.twitch.tv PART #beringelamilgrau
2019-07-26 7:11:40 PM: botfumante - Received: @badge-info=subscriber/1;badges=vip/1,subscriber/0,bits-charity/1;color=#5F9EA0;display-name=Jean__;emotes=;flags=;id=3c494074-3813-45e9-b54a-345c7671165d;mod=0;room-id=443063688;subscriber=1;tmi-sent-ts=1564179099329;turbo=0;user-id=38479494;user-type= :jean__!jean__@jean__.tmi.twitch.tv PRIVMSG #beringelamilgrau :joga gta rp Pepega
2019-07-26 7:11:53 PM: botfumante - Received: @badge-info=;badges=;color=;display-name=RobertoNogueira;emotes=;flags=;id=9d0ad598-08e0-49a0-82b4-fbdc01c24ec9;mod=0;room-id=443063688;subscriber=0;tmi-sent-ts=1564179112859;turbo=0;user-id=37272586;user-type= :robertonogueira!robertonogueira@robertonogueira.tmi.twitch.tv PRIVMSG #beringelamilgrau :o da salsicha ? o stephen's sausage roll
2019-07-26 7:12:56 PM: botfumante - Received: @badge-info=subscriber/1;badges=broadcaster/1,subscriber/0;color=#8A2BE2;display-name=BeringelaMilGrau;emotes=;flags=0-54:;id=1b5d1d8d-7069-4fe8-8e54-9b351bf84f1c;mod=0;room-id=443063688;subscriber=1;tmi-sent-ts=1564179175557;turbo=0;user-id=443063688;user-type= :beringelamilgrau!beringelamilgrau@beringelamilgrau.tmi.twitch.tv PRIVMSG #beringelamilgrau :https://store.steampowered.com/app/677480/Outpost_Zero/
2019-07-26 7:13:23 PM: botfumante - Received: :anotherttvviewer!anotherttvviewer@anotherttvviewer.tmi.twitch.tv JOIN #beringelamilgrau
2019-07-26 7:13:28 PM: botfumante - Received: @badge-info=;badges=vip/1;color=#FF69B4;display-name=rbruno018;emotes=;flags=;id=7eff9289-d34c-48f0-b169-517b8f5f0a24;mod=0;room-id=443063688;subscriber=0;tmi-sent-ts=1564179207691;turbo=0;user-id=216448313;user-type= :rbruno018!rbruno018@rbruno018.tmi.twitch.tv PRIVMSG #beringelamilgrau :ark de outro planeta ConcernFroge
2019-07-26 7:13:56 PM: botfumante - Received: @badge-info=;badges=;color=#1E90FF;display-name=Gabrigode;emotes=;flags=;id=ed94dc83-2263-45b4-a9b3-83437579ccf2;mod=0;room-id=443063688;subscriber=0;tmi-sent-ts=1564179235543;turbo=0;user-id=125402779;user-type= :gabrigode!gabrigode@gabrigode.tmi.twitch.tv PRIVMSG #beringelamilgrau :ConcernFroge
2019-07-26 7:14:22 PM: botfumante - Received: @badge-info=;badges=;color=#1E90FF;display-name=Gabrigode;emotes=;flags=;id=e28eb09a-1f0c-4f04-b062-fc62f0e12b93;mod=0;room-id=443063688;subscriber=0;tmi-sent-ts=1564179261492;turbo=0;user-id=125402779;user-type= :gabrigode!gabrigode@gabrigode.tmi.twitch.tv PRIVMSG #beringelamilgrau :al?, trapaceando
2019-07-26 7:14:44 PM: botfumante - Received: PING :tmi.twitch.tv
2019-07-26 7:14:44 PM: botfumante - Writing: PONG
2019-07-26 7:15:00 PM: botfumante - Received: @badge-info=;badges=vip/1;color=#FF69B4;display-name=rbruno018;emotes=;flags=;id=1266d844-b725-47b6-8549-253e99b2dfb7;mod=0;room-id=443063688;subscriber=0;tmi-sent-ts=1564179299317;turbo=0;user-id=216448313;user-type= :rbruno018!rbruno018@rbruno018.tmi.twitch.tv PRIVMSG #beringelamilgrau :vale a pena come?ar deus ex no the fall ?
2019-07-26 7:15:08 PM: botfumante - Received: @badge-info=;badges=;color=#1E90FF;display-name=Gabrigode;emotes=;flags=;id=1b29572b-5ea1-4211-8b27-1ba1683229eb;mod=0;room-id=443063688;subscriber=0;tmi-sent-ts=1564179307990;turbo=0;user-id=125402779;user-type= :gabrigode!gabrigode@gabrigode.tmi.twitch.tv PRIVMSG #beringelamilgrau :n?o
2019-07-26 7:15:11 PM: botfumante - Received: @badge-info=;badges=;color=#1E90FF;display-name=Gabrigode;emotes=;flags=;id=a9b8a370-e813-4c12-b79d-1a75b969a7f0;mod=0;room-id=443063688;subscriber=0;tmi-sent-ts=1564179310321;turbo=0;user-id=125402779;user-type= :gabrigode!gabrigode@gabrigode.tmi.twitch.tv PRIVMSG #beringelamilgrau :esse ? horr?vel
2019-07-26 7:15:16 PM: botfumante - Received: @badge-info=;badges=;color=;display-name=RobertoNogueira;emotes=;flags=;id=9fd333fc-d029-44ca-b115-81da548b8c62;mod=0;room-id=443063688;subscriber=0;tmi-sent-ts=1564179315491;turbo=0;user-id=37272586;user-type= :robertonogueira!robertonogueira@robertonogueira.tmi.twitch.tv PRIVMSG #beringelamilgrau :Wowee
2019-07-26 7:15:32 PM: botfumante - Received: @badge-info=;badges=vip/1;color=#FF69B4;display-name=rbruno018;emotes=;flags=;id=229ed080-4ebf-4a40-acff-069b1d7a9851;mod=0;room-id=443063688;subscriber=0;tmi-sent-ts=1564179331890;turbo=0;user-id=216448313;user-type= :rbruno018!rbruno018@rbruno018.tmi.twitch.tv PRIVMSG #beringelamilgrau :por onde come?o FeelsMan
2019-07-26 7:15:39 PM: botfumante - Received: @badge-info=;badges=vip/1;color=#FF69B4;display-name=rbruno018;emotes=;flags=;id=73440650-1454-43a8-b133-f0b82231c52c;mod=0;room-id=443063688;subscriber=0;tmi-sent-ts=1564179338303;turbo=0;user-id=216448313;user-type= :rbruno018!rbruno018@rbruno018.tmi.twitch.tv PRIVMSG #beringelamilgrau :nao quero os antigao FeelsMan
2019-07-26 7:15:41 PM: botfumante - Received: @badge-info=;badges=;color=#1E90FF;display-name=Gabrigode;emotes=;flags=;id=7312ff0b-975d-4787-9b97-131a7e8508c0;mod=0;room-id=443063688;subscriber=0;tmi-sent-ts=1564179340707;turbo=0;user-id=125402779;user-type= :gabrigode!gabrigode@gabrigode.tmi.twitch.tv PRIVMSG #beringelamilgrau :Human Revolution
2019-07-26 7:15:57 PM: botfumante - Received: @badge-info=;badges=vip/1;color=#FF69B4;display-name=rbruno018;emotes=;flags=;id=e1d26a83-2c38-42ec-8979-0073ee49b9d8;mod=0;room-id=443063688;subscriber=0;tmi-sent-ts=1564179356314;turbo=0;user-id=216448313;user-type= :rbruno018!rbruno018@rbruno018.tmi.twitch.tv PRIVMSG #beringelamilgrau :human revulution 5c?o
2019-07-26 7:16:29 PM: botfumante - Received: :hostmeraffle!hostmeraffle@hostmeraffle.tmi.twitch.tv JOIN #beringelamilgrau
2019-07-26 7:16:44 PM: botfumante - Received: @badge-info=;badges=vip/1;color=#FF69B4;display-name=rbruno018;emotes=;flags=;id=b024f0ca-0c57-4cc6-9725-e24367b7676b;mod=0;room-id=443063688;subscriber=0;tmi-sent-ts=1564179404111;turbo=0;user-id=216448313;user-type= :rbruno018!rbruno018@rbruno018.tmi.twitch.tv PRIVMSG #beringelamilgrau :GabrielC 891 produtos na conta 1 an?lise Recomendado por um(a) amigo(a) 2.5 horas registradas PUBLICADA: 4 DE JULHO DE 2011 O Maior jogo de PC de todos os tempos. Pronto.
2019-07-26 7:16:45 PM: botfumante - Received: @badge-info=;badges=;color=#1E90FF;display-name=Stay_Hydrated_Bot;emotes=869375:18-29;flags=;id=36a37ac1-bf6b-472f-997a-10443b0d567d;mod=0;room-id=443063688;subscriber=0;tmi-sent-ts=1564179404654;turbo=0;user-id=183484964;user-type= :stay_hydrated_bot!stay_hydrated_bot@stay_hydrated_bot.tmi.twitch.tv PRIVMSG #beringelamilgrau :ACTION @beringelamilgrau stayhyBottle You've been live for just over 1 hour. By this point in your broadcast you should have consumed at least 4oz (120mL) of water to maintain optimum hydration.
2019-07-26 7:16:45 PM: botfumante - Received: @badge-info=;badges=;color=;display-name=BotFumante;emote-sets=0;mod=0;subscriber=0;user-type= :tmi.twitch.tv USERSTATE #beringelamilgrau
2019-07-26 7:17:18 PM: botfumante - Received: @badge-info=;badges=;color=#1E90FF;display-name=Gabrigode;emotes=;flags=;id=0c33f34c-d023-41be-9cda-31f994bc835e;mod=0;room-id=443063688;subscriber=0;tmi-sent-ts=1564179437809;turbo=0;user-id=125402779;user-type= :gabrigode!gabrigode@gabrigode.tmi.twitch.tv PRIVMSG #beringelamilgrau :Human Revolution, Mankind Divided e se gostar muito pode ir pro primeiro FeelsNiceMan
2019-07-26 7:17:25 PM: botfumante - Received: @badge-info=subscriber/1;badges=vip/1,subscriber/0,bits-charity/1;color=#5F9EA0;display-name=Jean__;emotes=;flags=;id=9b04d416-ad33-41d0-b2b4-f70255f0a26f;mod=0;room-id=443063688;subscriber=1;tmi-sent-ts=1564179444984;turbo=0;user-id=38479494;user-type= :jean__!jean__@jean__.tmi.twitch.tv PRIVMSG #beringelamilgrau :ConcernFroge claro, o melhor
2019-07-26 7:18:28 PM: botfumante - Received: @badge-info=subscriber/1;badges=vip/1,subscriber/0,bits-charity/1;color=#5F9EA0;display-name=Jean__;emotes=;flags=;id=8fa64d20-096a-4cc5-848e-bca3a5de8acc;mod=0;room-id=443063688;subscriber=1;tmi-sent-ts=1564179507505;turbo=0;user-id=38479494;user-type= :jean__!jean__@jean__.tmi.twitch.tv PRIVMSG #beringelamilgrau :FeelsMan
2019-07-26 7:18:36 PM: botfumante - Received: @badge-info=subscriber/1;badges=broadcaster/1,subscriber/0;color=#8A2BE2;display-name=BeringelaMilGrau;emotes=;flags=;id=407d0f97-267e-48b8-97f0-7cf2140ee5bd;mod=0;room-id=443063688;subscriber=1;tmi-sent-ts=1564179515256;turbo=0;user-id=443063688;user-type= :beringelamilgrau!beringelamilgrau@beringelamilgrau.tmi.twitch.tv PRIVMSG #beringelamilgrau :peepoSleepo
2019-07-26 7:18:37 PM: botfumante - Received: @badge-info=;badges=;color=#1E90FF;display-name=Gabrigode;emotes=;flags=;id=83ec2256-29c6-47d9-b6c8-05e0f5c1b43c;mod=0;room-id=443063688;subscriber=0;tmi-sent-ts=1564179516240;turbo=0;user-id=125402779;user-type= :gabrigode!gabrigode@gabrigode.tmi.twitch.tv PRIVMSG #beringelamilgrau :tinha que ter o bot contando as mortes FeelsMan
2019-07-26 7:19:00 PM: botfumante - Received: @badge-info=;badges=;color=#1E90FF;display-name=Gabrigode;emotes=;flags=;id=e504757d-ec84-4310-a94c-9d29e6fbb807;mod=0;room-id=443063688;subscriber=0;tmi-sent-ts=1564179539397;turbo=0;user-id=125402779;user-type= :gabrigode!gabrigode@gabrigode.tmi.twitch.tv PRIVMSG #beringelamilgrau :FeelsOkayMan
2019-07-26 7:19:17 PM: botfumante - Received: @badge-info=;badges=;color=#1E90FF;display-name=Gabrigode;emotes=;flags=;id=c76f2749-d763-47fd-a094-9e0968f97f7a;mod=0;room-id=443063688;subscriber=0;tmi-sent-ts=1564179556780;turbo=0;user-id=125402779;user-type= :gabrigode!gabrigode@gabrigode.tmi.twitch.tv PRIVMSG #beringelamilgrau :FeelsMan
2019-07-26 7:19:34 PM: botfumante - Received: PING :tmi.twitch.tv
2019-07-26 7:19:34 PM: botfumante - Writing: PONG
2019-07-26 7:20:12 PM: botfumante - Received: @badge-info=subscriber/1;badges=vip/1,subscriber/0,bits-charity/1;color=#5F9EA0;display-name=Jean__;emotes=;flags=;id=476552cb-ae39-4ee6-b07e-3db1fbd59753;mod=0;room-id=443063688;subscriber=1;tmi-sent-ts=1564179611646;turbo=0;user-id=38479494;user-type= :jean__!jean__@jean__.tmi.twitch.tv PRIVMSG #beringelamilgrau :ConcernFroge
2019-07-26 7:20:13 PM: botfumante - Received: @badge-info=;badges=vip/1;color=#FF69B4;display-name=rbruno018;emotes=;flags=;id=40f0fd86-fbe7-492a-b031-def19fa5c2e1;mod=0;room-id=443063688;subscriber=0;tmi-sent-ts=1564179613099;turbo=0;user-id=216448313;user-type= :rbruno018!rbruno018@rbruno018.tmi.twitch.tv PRIVMSG #beringelamilgrau :ConcernFroge
2019-07-26 7:20:15 PM: botfumante - Received: @badge-info=;badges=;color=#1E90FF;display-name=Gabrigode;emotes=;flags=;id=307f9d02-bb24-4c9b-afea-0bd559969fb4;mod=0;room-id=443063688;subscriber=0;tmi-sent-ts=1564179614733;turbo=0;user-id=125402779;user-type= :gabrigode!gabrigode@gabrigode.tmi.twitch.tv PRIVMSG #beringelamilgrau :monkaS
2019-07-26 7:20:30 PM: botfumante - Received: @badge-info=;badges=;color=#1E90FF;display-name=Gabrigode;emotes=;flags=;id=e3d3d2cf-4576-47ab-9933-eb5dbf9e049a;mod=0;room-id=443063688;subscriber=0;tmi-sent-ts=1564179629310;turbo=0;user-id=125402779;user-type= :gabrigode!gabrigode@gabrigode.tmi.twitch.tv PRIVMSG #beringelamilgrau :todo chat tem algu?m tentando atirar em mim FeelsMan
2019-07-26 7:20:53 PM: botfumante - Received: @badge-info=;badges=;color=#1E90FF;display-name=Gabrigode;emotes=;flags=;id=c513a1bb-662d-46e0-b91f-27e2b10d715d;mod=0;room-id=443063688;subscriber=0;tmi-sent-ts=1564179653043;turbo=0;user-id=125402779;user-type= :gabrigode!gabrigode@gabrigode.tmi.twitch.tv PRIVMSG #beringelamilgrau :FeelsMan ??
2019-07-26 7:21:09 PM: botfumante - Received: @badge-info=;badges=vip/1;color=#FF69B4;display-name=rbruno018;emotes=;flags=;id=047fbce8-3f6d-4bf9-b0a4-2927f62770dd;mod=0;room-id=443063688;subscriber=0;tmi-sent-ts=1564179669120;turbo=0;user-id=216448313;user-type= :rbruno018!rbruno018@rbruno018.tmi.twitch.tv PRIVMSG #beringelamilgrau :queijo bufa e bala
2019-07-26 7:21:36 PM: botfumante - Received: :0x4c554b49!0x4c554b49@0x4c554b49.tmi.twitch.tv JOIN #beringelamilgrau
2019-07-26 7:23:38 PM: botfumante - Received: @badge-info=;badges=vip/1;color=#FF69B4;display-name=rbruno018;emotes=;flags=;id=49d67a52-db54-4ceb-9851-f443c9e61eab;mod=0;room-id=443063688;subscriber=0;tmi-sent-ts=1564179817511;turbo=0;user-id=216448313;user-type= :rbruno018!rbruno018@rbruno018.tmi.twitch.tv PRIVMSG #beringelamilgrau :FeelsMan
2019-07-26 7:23:55 PM: botfumante - Received: @badge-info=subscriber/1;badges=vip/1,subscriber/0,bits-charity/1;color=#5F9EA0;display-name=Jean__;emotes=;flags=;id=49c90edc-ee67-41df-b564-8cceaf3ad4f3;mod=0;room-id=443063688;subscriber=1;tmi-sent-ts=1564179835238;turbo=0;user-id=38479494;user-type= :jean__!jean__@jean__.tmi.twitch.tv PRIVMSG #beringelamilgrau :FeelsMan
2019-07-26 7:24:08 PM: botfumante - Received: PING :tmi.twitch.tv
2019-07-26 7:24:08 PM: botfumante - Writing: PONG
2019-07-26 7:25:55 PM: botfumante - Received: @badge-info=;badges=vip/1;color=#FF69B4;display-name=rbruno018;emotes=;flags=0-63:;id=3af43a8c-d028-40ce-ae06-056357af88cc;mod=0;room-id=443063688;subscriber=0;tmi-sent-ts=1564179954841;turbo=0;user-id=216448313;user-type= :rbruno018!rbruno018@rbruno018.tmi.twitch.tv PRIVMSG #beringelamilgrau :https://store.steampowered.com/publisher/playway?snr=1_4_4__43_1
2019-07-26 7:26:22 PM: botfumante - Received: @badge-info=;badges=vip/1;color=#FF69B4;display-name=rbruno018;emotes=;flags=0-55:;id=ef3fd96a-3cbe-48f1-a73a-47289a6f9356;mod=0;room-id=443063688;subscriber=0;tmi-sent-ts=1564179981281;turbo=0;user-id=216448313;user-type= :rbruno018!rbruno018@rbruno018.tmi.twitch.tv PRIVMSG #beringelamilgrau :https://store.steampowered.com/app/613100/House_Flipper/
2019-07-26 7:26:32 PM: botfumante - Received: @badge-info=;badges=vip/1;color=#FF69B4;display-name=rbruno018;emotes=;flags=;id=0de9d198-0a26-4f26-abd5-97f2ee4b9f2d;mod=0;room-id=443063688;subscriber=0;tmi-sent-ts=1564179991484;turbo=0;user-id=216448313;user-type= :rbruno018!rbruno018@rbruno018.tmi.twitch.tv PRIVMSG #beringelamilgrau :recomenda?ao pra live
2019-07-26 7:26:39 PM: botfumante - Received: @badge-info=subscriber/1;badges=broadcaster/1,subscriber/0;color=#8A2BE2;display-name=BeringelaMilGrau;emotes=;flags=;id=c2d6818b-f737-4ed1-aa55-8c8f4968c162;mod=0;room-id=443063688;subscriber=1;tmi-sent-ts=1564179999126;turbo=0;user-id=443063688;user-type= :beringelamilgrau!beringelamilgrau@beringelamilgrau.tmi.twitch.tv PRIVMSG #beringelamilgrau :RJ sim deus ex no the fall
2019-07-26 7:26:55 PM: botfumante - Received: :marujo0!marujo0@marujo0.tmi.twitch.tv PART #beringelamilgrau
2019-07-26 7:26:59 PM: botfumante - Received: @badge-info=subscriber/1;badges=broadcaster/1,subscriber/0;color=#8A2BE2;display-name=BeringelaMilGrau;emotes=;flags=0-81:;id=507d98bb-cb80-48bc-84fd-34b7648a4b8b;mod=0;room-id=443063688;subscriber=1;tmi-sent-ts=1564180018503;turbo=0;user-id=443063688;user-type= :beringelamilgrau!beringelamilgrau@beringelamilgrau.tmi.twitch.tv PRIVMSG #beringelamilgrau :https://store.steampowered.com/app/704850/Thief_Simulator/?curator_clanid=33701576
2019-07-26 7:27:21 PM: botfumante - Received: @badge-info=;badges=vip/1;color=#FF69B4;display-name=rbruno018;emotes=;flags=;id=4ac31379-8f56-4507-b16d-30e5a7e0e0e0;mod=0;room-id=443063688;subscriber=0;tmi-sent-ts=1564180040242;turbo=0;user-id=216448313;user-type= :rbruno018!rbruno018@rbruno018.tmi.twitch.tv PRIVMSG #beringelamilgrau :F?
2019-07-26 7:27:32 PM: botfumante - Received: @badge-info=subscriber/1;badges=vip/1,subscriber/0,bits-charity/1;color=#5F9EA0;display-name=Jean__;emotes=;flags=;id=3a290cc8-80ff-4691-98ca-63e8bc8ce68d;mod=0;room-id=443063688;subscriber=1;tmi-sent-ts=1564180051408;turbo=0;user-id=38479494;user-type= :jean__!jean__@jean__.tmi.twitch.tv PRIVMSG #beringelamilgrau :FeelsMan
2019-07-26 7:27:40 PM: botfumante - Received: @badge-info=subscriber/1;badges=vip/1,subscriber/0,bits-charity/1;color=#5F9EA0;display-name=Jean__;emotes=;flags=;id=520169b9-675b-4c12-bf31-d28485bfd79f;mod=0;room-id=443063688;subscriber=1;tmi-sent-ts=1564180060048;turbo=0;user-id=38479494;user-type= :jean__!jean__@jean__.tmi.twitch.tv PRIVMSG #beringelamilgrau :rip
2019-07-26 7:27:46 PM: botfumante - Received: @badge-info=subscriber/1;badges=broadcaster/1,subscriber/0;color=#8A2BE2;display-name=BeringelaMilGrau;emotes=;flags=;id=ba45967d-0e20-43c3-8dd5-6b7fe9c30a98;mod=0;room-id=443063688;subscriber=1;tmi-sent-ts=1564180066227;turbo=0;user-id=443063688;user-type= :beringelamilgrau!beringelamilgrau@beringelamilgrau.tmi.twitch.tv PRIVMSG #beringelamilgrau :F
2019-07-26 7:28:00 PM: botfumante - Received: :marujo0!marujo0@marujo0.tmi.twitch.tv JOIN #beringelamilgrau
2019-07-26 7:28:00 PM: botfumante - Received: @badge-info=;badges=;color=#1E90FF;display-name=Gabrigode;emotes=;flags=;id=17515cae-dca5-41c9-b457-f52ef0dbf1f2;mod=0;room-id=443063688;subscriber=0;tmi-sent-ts=1564180080145;turbo=0;user-id=125402779;user-type= :gabrigode!gabrigode@gabrigode.tmi.twitch.tv PRIVMSG #beringelamilgrau :FeelsMan
2019-07-26 7:28:15 PM: botfumante - Received: PING :tmi.twitch.tv
2019-07-26 7:28:15 PM: botfumante - Writing: PONG
2019-07-26 7:28:19 PM: botfumante - Received: @badge-info=subscriber/1;badges=broadcaster/1,subscriber/0;color=#8A2BE2;display-name=BeringelaMilGrau;emotes=;flags=;id=f629e054-ac74-468f-bcda-31a9bf043f33;mod=0;room-id=443063688;subscriber=1;tmi-sent-ts=1564180098410;turbo=0;user-id=443063688;user-type= :beringelamilgrau!beringelamilgrau@beringelamilgrau.tmi.twitch.tv PRIVMSG #beringelamilgrau :ConcernFroge
2019-07-26 7:28:36 PM: botfumante - Received: @badge-info=;badges=;color=#1E90FF;display-name=Gabrigode;emotes=;flags=;id=8bf60fb7-3a3d-450c-8695-f1ffc4227997;mod=0;room-id=443063688;subscriber=0;tmi-sent-ts=1564180115393;turbo=0;user-id=125402779;user-type= :gabrigode!gabrigode@gabrigode.tmi.twitch.tv PRIVMSG #beringelamilgrau :RIP Montee
2019-07-26 7:28:50 PM: botfumante - Received: @badge-info=;badges=moderator/1;color=#38CC8F;display-name=Montee_Waffle;emotes=;flags=;id=9f41f930-30cc-423b-b420-8c2d3d72d3ca;mod=1;room-id=443063688;subscriber=0;tmi-sent-ts=1564180129719;turbo=0;user-id=148551409;user-type=mod :montee_waffle!montee_waffle@montee_waffle.tmi.twitch.tv PRIVMSG #beringelamilgrau :vou pedir meus agrdos enwuanto nao volta
2019-07-26 7:28:55 PM: botfumante - Received: @badge-info=;badges=vip/1;color=#FF69B4;display-name=rbruno018;emotes=;flags=;id=ef2c8ef0-b3d6-497a-8bb6-02e27eb9b8d8;mod=0;room-id=443063688;subscriber=0;tmi-sent-ts=1564180134618;turbo=0;user-id=216448313;user-type= :rbruno018!rbruno018@rbruno018.tmi.twitch.tv PRIVMSG #beringelamilgrau :ConcernFroge
2019-07-26 7:29:04 PM: botfumante - Received: @badge-info=subscriber/1;badges=broadcaster/1,subscriber/0;color=#8A2BE2;display-name=BeringelaMilGrau;emotes=;flags=;id=cbd6c0c2-9257-4026-9f16-fd29e337b03c;mod=0;room-id=443063688;subscriber=1;tmi-sent-ts=1564180143613;turbo=0;user-id=443063688;user-type= :beringelamilgrau!beringelamilgrau@beringelamilgrau.tmi.twitch.tv PRIVMSG #beringelamilgrau :!daniel
2019-07-26 7:29:04 PM: botfumante - Received: @badge-info=;badges=moderator/1,partner/1;color=#7C7CE1;display-name=Nightbot;emotes=;flags=;id=1ce7ac96-90bc-40f5-a17a-9a6d52005d0d;mod=1;room-id=443063688;subscriber=0;tmi-sent-ts=1564180144032;turbo=0;user-id=19264788;user-type=mod :nightbot!nightbot@nightbot.tmi.twitch.tv PRIVMSG #beringelamilgrau :Perdoa o rapaz, ele n?o sabe ler e nem escrever.
2019-07-26 7:30:42 PM: botfumante - Received: @badge-info=subscriber/1;badges=broadcaster/1,subscriber/0;color=#8A2BE2;display-name=BeringelaMilGrau;emotes=;flags=18-23:S.6;id=bb680eeb-7222-4f36-a501-32c8d87530fc;mod=0;room-id=443063688;subscriber=1;tmi-sent-ts=1564180241979;turbo=0;user-id=443063688;user-type= :beringelamilgrau!beringelamilgrau@beringelamilgrau.tmi.twitch.tv PRIVMSG #beringelamilgrau :tem muito jogo de hentai nesse keymailer, a vontade de pedir ? grande ConcernFroge
2019-07-26 7:31:23 PM: botfumante - Received: @badge-info=;badges=vip/1;color=#FF69B4;display-name=rbruno018;emotes=;flags=;id=f13ad4d1-cdae-4b64-a1bf-267d71dc622b;mod=0;room-id=443063688;subscriber=0;tmi-sent-ts=1564180282975;turbo=0;user-id=216448313;user-type= :rbruno018!rbruno018@rbruno018.tmi.twitch.tv PRIVMSG #beringelamilgrau :ConcernFroge
2019-07-26 7:31:40 PM: botfumante - Received: @badge-info=;badges=;color=#1E90FF;display-name=Gabrigode;emotes=;flags=;id=bd1818d8-29d4-4fa0-93ff-aead3ff27938;mod=0;room-id=443063688;subscriber=0;tmi-sent-ts=1564180299717;turbo=0;user-id=125402779;user-type= :gabrigode!gabrigode@gabrigode.tmi.twitch.tv PRIVMSG #beringelamilgrau :FeelsOkayMan
2019-07-26 7:31:44 PM: botfumante - Received: @badge-info=subscriber/1;badges=broadcaster/1,subscriber/0;color=#8A2BE2;display-name=BeringelaMilGrau;emotes=;flags=;id=a8d08e4c-bc96-4021-b1a5-0d440c404333;mod=0;room-id=443063688;subscriber=1;tmi-sent-ts=1564180304192;turbo=0;user-id=443063688;user-type= :beringelamilgrau!beringelamilgrau@beringelamilgrau.tmi.twitch.tv PRIVMSG #beringelamilgrau :peepoSip
2019-07-26 7:32:00 PM: botfumante - Received: @badge-info=;badges=;color=#1E90FF;display-name=Gabrigode;emotes=;flags=;id=51311ebd-6cca-480b-89ca-51c5a04101c1;mod=0;room-id=443063688;subscriber=0;tmi-sent-ts=1564180319218;turbo=0;user-id=125402779;user-type= :gabrigode!gabrigode@gabrigode.tmi.twitch.tv PRIVMSG #beringelamilgrau :bora um Sakura Spirit FeelsOkayMan
2019-07-26 7:32:11 PM: botfumante - Received: @badge-info=subscriber/1;badges=vip/1,subscriber/0,bits-charity/1;color=#5F9EA0;display-name=Jean__;emotes=;flags=9-14:S.6;id=10cec208-f5d5-404d-91f3-eacc3a268ff3;mod=0;room-id=443063688;subscriber=1;tmi-sent-ts=1564180330415;turbo=0;user-id=38479494;user-type= :jean__!jean__@jean__.tmi.twitch.tv PRIVMSG #beringelamilgrau :pega uns hentai pra mim FeelsOkayMan
