2019-07-25 10:05:39 PM: botfumante - Connecting to: wss://irc-ws.chat.twitch.tv:443
2019-07-25 10:05:40 PM: botfumante - Should be connected!
2019-07-25 10:05:40 PM: botfumante - Joining channel: beringelamilgrau
2019-07-25 10:05:41 PM: botfumante - Received: :tmi.twitch.tv 001 botfumante :Welcome, GLHF!
2019-07-25 10:05:41 PM: botfumante - Received: :tmi.twitch.tv 002 botfumante :Your host is tmi.twitch.tv
2019-07-25 10:05:41 PM: botfumante - Received: :tmi.twitch.tv 003 botfumante :This server is rather new
2019-07-25 10:05:41 PM: botfumante - Received: :tmi.twitch.tv 004 botfumante :-
2019-07-25 10:05:41 PM: botfumante - Received: :tmi.twitch.tv 375 botfumante :-
2019-07-25 10:05:41 PM: botfumante - Received: :tmi.twitch.tv 372 botfumante :You are in a maze of twisty passages, all alike.
2019-07-25 10:05:41 PM: botfumante - Received: :tmi.twitch.tv 376 botfumante :>
2019-07-25 10:05:41 PM: botfumante - Received: :tmi.twitch.tv CAP * ACK :twitch.tv/membership
2019-07-25 10:05:41 PM: botfumante - Unaccounted for: :tmi.twitch.tv CAP * ACK :twitch.tv/membership
2019-07-25 10:05:41 PM: botfumante - Received: :tmi.twitch.tv CAP * ACK :twitch.tv/commands
2019-07-25 10:05:41 PM: botfumante - Unaccounted for: :tmi.twitch.tv CAP * ACK :twitch.tv/commands
2019-07-25 10:05:41 PM: botfumante - Received: :tmi.twitch.tv CAP * ACK :twitch.tv/tags
2019-07-25 10:05:41 PM: botfumante - Unaccounted for: :tmi.twitch.tv CAP * ACK :twitch.tv/tags
2019-07-25 10:05:41 PM: botfumante - Received: :botfumante!botfumante@botfumante.tmi.twitch.tv JOIN #beringelamilgrau
2019-07-25 10:05:41 PM: botfumante - Received: @badge-info=;badges=;color=;display-name=BotFumante;emote-sets=0;mod=0;subscriber=0;user-type= :tmi.twitch.tv USERSTATE #beringelamilgrau
2019-07-25 10:05:41 PM: botfumante - Received: @emote-only=0;followers-only=-1;r9k=0;rituals=0;room-id=443063688;slow=0;subs-only=0 :tmi.twitch.tv ROOMSTATE #beringelamilgrau
2019-07-25 10:05:41 PM: botfumante - Received: :botfumante.tmi.twitch.tv 353 botfumante = #beringelamilgrau :marujo0 ddanniell robertonogueira teyyd piolhoo121 montee_waffle nkoficial creamofthecrop guixxm hisaagi brun0hl caioaml lurxx beringelamilgrau guillapre cyclemotion nightbot kodam_ eyeshotx tonyxzero laf21 rbruno018 gabrigode jean__ commanderroot
2019-07-25 10:05:41 PM: botfumante - Received: :botfumante.tmi.twitch.tv 353 botfumante = #beringelamilgrau :botfumante
2019-07-25 10:05:41 PM: botfumante - Received: :botfumante.tmi.twitch.tv 366 botfumante #beringelamilgrau :End of /NAMES list
2019-07-25 10:05:41 PM: botfumante - Finished channel joining queue.
2019-07-25 10:05:41 PM: botfumante - Finished channel joining queue.
2019-07-25 10:05:45 PM: botfumante - Received: @badge-info=subscriber/1;badges=vip/1,subscriber/0,bits-charity/1;color=#5F9EA0;display-name=Jean__;emotes=;flags=;id=791f12af-b028-40e4-9595-4f5eba7ee112;mod=0;room-id=443063688;subscriber=1;tmi-sent-ts=1564103144366;turbo=0;user-id=38479494;user-type= :jean__!jean__@jean__.tmi.twitch.tv PRIVMSG #beringelamilgrau :meu pc desligou
2019-07-25 10:05:48 PM: botfumante - Received: @badge-info=;badges=;color=;display-name=piolhoo121;emotes=;flags=;id=49708141-662b-4ab4-8ac7-62bbcb6ad7df;mod=0;room-id=443063688;subscriber=0;tmi-sent-ts=1564103146930;turbo=0;user-id=431219185;user-type= :piolhoo121!piolhoo121@piolhoo121.tmi.twitch.tv PRIVMSG #beringelamilgrau :tudo e vc
2019-07-25 10:05:56 PM: botfumante - Received: @badge-info=;badges=moderator/1;color=#008000;display-name=TONYXZERO;emotes=;flags=;id=76b18b12-537e-45a9-a6cc-c0f962adaf18;mod=1;room-id=443063688;subscriber=0;tmi-sent-ts=1564103154811;turbo=0;user-id=38731171;user-type=mod :tonyxzero!tonyxzero@tonyxzero.tmi.twitch.tv PRIVMSG #beringelamilgrau :O fino do beackseat no Mario PepePls
2019-07-25 10:06:14 PM: botfumante - Received: @badge-info=;badges=vip/1;color=#FF69B4;display-name=rbruno018;emotes=;flags=;id=4f888edb-58a1-4407-8a45-d3c61fef00b7;mod=0;room-id=443063688;subscriber=0;tmi-sent-ts=1564103172750;turbo=0;user-id=216448313;user-type= :rbruno018!rbruno018@rbruno018.tmi.twitch.tv PRIVMSG #beringelamilgrau :jean foi HACKERMANS
2019-07-25 10:06:27 PM: botfumante - Received: :freddyybot!freddyybot@freddyybot.tmi.twitch.tv JOIN #beringelamilgrau
2019-07-25 10:06:32 PM: botfumante - Received: @badge-info=subscriber/1;badges=vip/1,subscriber/0,bits-charity/1;color=#5F9EA0;display-name=Jean__;emotes=;flags=;id=648c3458-083d-4479-baaa-9b51a3ccf6ae;mod=0;room-id=443063688;subscriber=1;tmi-sent-ts=1564103190940;turbo=0;user-id=38479494;user-type= :jean__!jean__@jean__.tmi.twitch.tv PRIVMSG #beringelamilgrau :ConcernFroge
2019-07-25 10:06:38 PM: botfumante - Received: @badge-info=;badges=moderator/1;color=#008000;display-name=TONYXZERO;emotes=;flags=;id=c602d9f4-8e0e-426c-bdb1-4ece315a2d81;mod=1;room-id=443063688;subscriber=0;tmi-sent-ts=1564103197423;turbo=0;user-id=38731171;user-type=mod :tonyxzero!tonyxzero@tonyxzero.tmi.twitch.tv PRIVMSG #beringelamilgrau :O Jean hackeou o pr?prio PC HACKERMANS
2019-07-25 10:06:49 PM: botfumante - Received: @badge-info=subscriber/1;badges=vip/1,subscriber/0,bits-charity/1;color=#5F9EA0;display-name=Jean__;emotes=;flags=;id=7b984a32-8afe-408e-b5af-7e86771db921;mod=0;room-id=443063688;subscriber=1;tmi-sent-ts=1564103208109;turbo=0;user-id=38479494;user-type= :jean__!jean__@jean__.tmi.twitch.tv PRIVMSG #beringelamilgrau :pra chamar o bot fumante ? !!
2019-07-25 10:06:56 PM: botfumante - Received: @badge-info=;badges=vip/1;color=#FF69B4;display-name=rbruno018;emotes=;flags=;id=922f1725-39b5-4bc0-a526-30ef9394900c;mod=0;room-id=443063688;subscriber=0;tmi-sent-ts=1564103215457;turbo=0;user-id=216448313;user-type= :rbruno018!rbruno018@rbruno018.tmi.twitch.tv PRIVMSG #beringelamilgrau :!!
2019-07-25 10:07:02 PM: botfumante - Received: @badge-info=;badges=moderator/1;color=#008000;display-name=TONYXZERO;emote-only=1;emotes=1866390:0-5;flags=;id=3401e1ec-bd49-409c-a912-d452653267ba;mod=1;room-id=443063688;subscriber=0;tmi-sent-ts=1564103220885;turbo=0;user-id=38731171;user-type=mod :tonyxzero!tonyxzero@tonyxzero.tmi.twitch.tv PRIVMSG #beringelamilgrau :lordsD
2019-07-25 10:07:02 PM: botfumante - Received: @badge-info=subscriber/1;badges=vip/1,subscriber/0,bits-charity/1;color=#5F9EA0;display-name=Jean__;emotes=;flags=;id=2a1ee998-0e08-4a2e-839a-23bce7ddeb5d;mod=0;room-id=443063688;subscriber=1;tmi-sent-ts=1564103221586;turbo=0;user-id=38479494;user-type= :jean__!jean__@jean__.tmi.twitch.tv PRIVMSG #beringelamilgrau :s? pra mod ConcernFroge
2019-07-25 10:07:03 PM: botfumante - Received: @badge-info=subscriber/1;badges=broadcaster/1,subscriber/0;color=#8A2BE2;display-name=BeringelaMilGrau;emotes=;flags=;id=9e6bf972-0ebe-4c0e-970c-fa90866d8da0;mod=0;room-id=443063688;subscriber=1;tmi-sent-ts=1564103221894;turbo=0;user-id=443063688;user-type= :beringelamilgrau!beringelamilgrau@beringelamilgrau.tmi.twitch.tv PRIVMSG #beringelamilgrau :Pepega
2019-07-25 10:07:06 PM: botfumante - Received: @badge-info=;badges=moderator/1;color=#008000;display-name=TONYXZERO;emotes=;flags=;id=b653f567-65b9-430e-88bb-5373bb428370;mod=1;room-id=443063688;subscriber=0;tmi-sent-ts=1564103225039;turbo=0;user-id=38731171;user-type=mod :tonyxzero!tonyxzero@tonyxzero.tmi.twitch.tv PRIVMSG #beringelamilgrau :!!
2019-07-25 10:07:08 PM: botfumante - Received: @badge-info=;badges=;color=;display-name=piolhoo121;emotes=;flags=;id=70939b50-f8e0-4a5c-9f24-a60e68af30e5;mod=0;room-id=443063688;subscriber=0;tmi-sent-ts=1564103226785;turbo=0;user-id=431219185;user-type= :piolhoo121!piolhoo121@piolhoo121.tmi.twitch.tv PRIVMSG #beringelamilgrau :eae beringela
2019-07-25 10:07:08 PM: botfumante - Received: @badge-info=;badges=;color=;display-name=BotFumante;emote-sets=0;mod=0;subscriber=0;user-type= :tmi.twitch.tv USERSTATE #beringelamilgrau
2019-07-25 10:07:09 PM: botfumante - Received: @badge-info=;badges=vip/1;color=#FF69B4;display-name=rbruno018;emotes=;flags=;id=cc9d21fe-e22c-4cdb-a9c6-ec6b9ac2de02;mod=0;room-id=443063688;subscriber=0;tmi-sent-ts=1564103228674;turbo=0;user-id=216448313;user-type= :rbruno018!rbruno018@rbruno018.tmi.twitch.tv PRIVMSG #beringelamilgrau :ConcernFroge
2019-07-25 10:07:12 PM: botfumante - Received: @badge-info=;badges=moderator/1;color=#008000;display-name=TONYXZERO;emotes=;flags=;id=25990f23-5eea-444e-99e0-120ddad5f198;mod=1;room-id=443063688;subscriber=0;tmi-sent-ts=1564103230921;turbo=0;user-id=38731171;user-type=mod :tonyxzero!tonyxzero@tonyxzero.tmi.twitch.tv PRIVMSG #beringelamilgrau :Ata FeelsMan
2019-07-25 10:07:19 PM: botfumante - Received: @badge-info=subscriber/1;badges=vip/1,subscriber/0,bits-charity/1;color=#5F9EA0;display-name=Jean__;emotes=;flags=;id=2622163f-7f3b-4bcf-806b-6b9c4f79e03d;mod=0;room-id=443063688;subscriber=1;tmi-sent-ts=1564103237770;turbo=0;user-id=38479494;user-type= :jean__!jean__@jean__.tmi.twitch.tv PRIVMSG #beringelamilgrau :!!
2019-07-25 10:07:19 PM: botfumante - Received: @msg-id=msg_duplicate :tmi.twitch.tv NOTICE #beringelamilgrau :Your message was not sent because it is identical to the previous one you sent, less than 30 seconds ago.
2019-07-25 10:07:19 PM: botfumante - Unaccounted for: @msg-id=msg_duplicate :tmi.twitch.tv NOTICE #beringelamilgrau :Your message was not sent because it is identical to the previous one you sent, less than 30 seconds ago.
2019-07-25 10:07:23 PM: botfumante - Received: @badge-info=;badges=;color=#1E90FF;display-name=Gabrigode;emotes=;flags=;id=597487de-6a10-43f2-8573-8bad77c175ec;mod=0;room-id=443063688;subscriber=0;tmi-sent-ts=1564103242235;turbo=0;user-id=125402779;user-type= :gabrigode!gabrigode@gabrigode.tmi.twitch.tv PRIVMSG #beringelamilgrau :FeelsOkayMan ??
2019-07-25 10:07:29 PM: botfumante - Received: @badge-info=subscriber/1;badges=vip/1,subscriber/0,bits-charity/1;color=#5F9EA0;display-name=Jean__;emotes=;flags=;id=cedaba0d-fa66-4c50-bdb1-bf836b6d206c;mod=0;room-id=443063688;subscriber=1;tmi-sent-ts=1564103247844;turbo=0;user-id=38479494;user-type= :jean__!jean__@jean__.tmi.twitch.tv PRIVMSG #beringelamilgrau :Your message was not sent because it is identical to the previous one you sent, less than 30 seconds ago.Pepega
2019-07-25 10:07:41 PM: botfumante - Received: @badge-info=subscriber/1;badges=vip/1,subscriber/0,bits-charity/1;color=#5F9EA0;display-name=Jean__;emotes=;flags=;id=4af5e4d3-fd50-4063-b44c-ba12fd4be716;mod=0;room-id=443063688;subscriber=1;tmi-sent-ts=1564103260349;turbo=0;user-id=38479494;user-type= :jean__!jean__@jean__.tmi.twitch.tv PRIVMSG #beringelamilgrau :le ai daniel
2019-07-25 10:07:41 PM: botfumante - Received: @badge-info=;badges=moderator/1;color=#008000;display-name=TONYXZERO;emotes=;flags=;id=be0c3247-6363-420c-8f5a-28b53043c6ed;mod=1;room-id=443063688;subscriber=0;tmi-sent-ts=1564103260615;turbo=0;user-id=38731171;user-type=mod :tonyxzero!tonyxzero@tonyxzero.tmi.twitch.tv PRIVMSG #beringelamilgrau :FeelsMan
2019-07-25 10:07:44 PM: botfumante - Received: @badge-info=subscriber/1;badges=broadcaster/1,subscriber/0;color=#8A2BE2;display-name=BeringelaMilGrau;emotes=;flags=;id=d458110d-b02b-4cf9-8ba9-7dbbf243237a;mod=0;room-id=443063688;subscriber=1;tmi-sent-ts=1564103262915;turbo=0;user-id=443063688;user-type= :beringelamilgrau!beringelamilgrau@beringelamilgrau.tmi.twitch.tv PRIVMSG #beringelamilgrau :Pepega
2019-07-25 10:07:48 PM: botfumante - Received: @badge-info=subscriber/1;badges=vip/1,subscriber/0,bits-charity/1;color=#5F9EA0;display-name=Jean__;emotes=;flags=;id=7a108208-9fa1-4fac-85ee-474dd2d41dee;mod=0;room-id=443063688;subscriber=1;tmi-sent-ts=1564103266949;turbo=0;user-id=38479494;user-type= :jean__!jean__@jean__.tmi.twitch.tv PRIVMSG #beringelamilgrau :Pepega
2019-07-25 10:07:49 PM: botfumante - Received: @badge-info=;badges=moderator/1;color=#008000;display-name=TONYXZERO;emotes=;flags=;id=408e6a3e-689a-4496-a7f5-312ffef1fb6d;mod=1;room-id=443063688;subscriber=0;tmi-sent-ts=1564103268644;turbo=0;user-id=38731171;user-type=mod :tonyxzero!tonyxzero@tonyxzero.tmi.twitch.tv PRIVMSG #beringelamilgrau :OMEGALUL
2019-07-25 10:08:07 PM: botfumante - Received: @badge-info=subscriber/1;badges=broadcaster/1,subscriber/0;color=#8A2BE2;display-name=BeringelaMilGrau;emotes=;flags=;id=fe39ab4a-7ef9-454d-bccd-60850c7bc950;mod=0;room-id=443063688;subscriber=1;tmi-sent-ts=1564103286404;turbo=0;user-id=443063688;user-type= :beringelamilgrau!beringelamilgrau@beringelamilgrau.tmi.twitch.tv PRIVMSG #beringelamilgrau :OMEGALUL
2019-07-25 10:08:21 PM: botfumante - Received: @badge-info=;badges=;color=;display-name=RobertoNogueira;emotes=;flags=;id=89b7d57a-9bf5-4ef9-9955-ba5396a997af;mod=0;room-id=443063688;subscriber=0;tmi-sent-ts=1564103300073;turbo=0;user-id=37272586;user-type= :robertonogueira!robertonogueira@robertonogueira.tmi.twitch.tv PRIVMSG #beringelamilgrau :curiosidades gamer : voc?s sabiam que esse fantasma ? de um yoshi? peepoSmart
2019-07-25 10:08:41 PM: botfumante - Received: @badge-info=;badges=;color=;display-name=piolhoo121;emote-only=1;emotes=191767:0-5/145315:7-19;flags=;id=d2f01d38-15b0-44a2-a8dd-8f693b962fb0;mod=0;room-id=443063688;subscriber=0;tmi-sent-ts=1564103320458;turbo=0;user-id=431219185;user-type= :piolhoo121!piolhoo121@piolhoo121.tmi.twitch.tv PRIVMSG #beringelamilgrau :Squid4 TheIlluminati
2019-07-25 10:08:53 PM: botfumante - Received: @badge-info=;badges=moderator/1;color=#008000;display-name=TONYXZERO;emotes=;flags=;id=88a7a372-1665-42ba-b246-1ada9d7a3689;mod=1;room-id=443063688;subscriber=0;tmi-sent-ts=1564103332365;turbo=0;user-id=38731171;user-type=mod :tonyxzero!tonyxzero@tonyxzero.tmi.twitch.tv PRIVMSG #beringelamilgrau :curiosidades gamer: vcs sabiam q alucard ao contrario ? Mario??? peepoSmart
2019-07-25 10:09:00 PM: botfumante - Received: @badge-info=;badges=;color=#1E90FF;display-name=Gabrigode;emotes=;flags=;id=2e469f08-616e-4f6e-a4ae-eacdd036be57;mod=0;room-id=443063688;subscriber=0;tmi-sent-ts=1564103339332;turbo=0;user-id=125402779;user-type= :gabrigode!gabrigode@gabrigode.tmi.twitch.tv PRIVMSG #beringelamilgrau :Tony monkaHmm
2019-07-25 10:09:35 PM: botfumante - Received: @badge-info=;badges=moderator/1;color=#008000;display-name=TONYXZERO;emotes=;flags=;id=7c4c0cb2-a0ba-4db8-a688-57c7ba3b6d76;mod=1;room-id=443063688;subscriber=0;tmi-sent-ts=1564103373774;turbo=0;user-id=38731171;user-type=mod :tonyxzero!tonyxzero@tonyxzero.tmi.twitch.tv PRIVMSG #beringelamilgrau :GabriKame peepoSleepo
2019-07-25 10:09:45 PM: botfumante - Received: @badge-info=;badges=vip/1;color=#FF69B4;display-name=rbruno018;emotes=;flags=;id=4f043692-6f19-499c-bf5d-09774b1889e7;mod=0;room-id=443063688;subscriber=0;tmi-sent-ts=1564103384094;turbo=0;user-id=216448313;user-type= :rbruno018!rbruno018@rbruno018.tmi.twitch.tv PRIVMSG #beringelamilgrau :monkaHmm
2019-07-25 10:10:00 PM: botfumante - Received: @badge-info=;badges=;color=;display-name=RobertoNogueira;emotes=;flags=;id=aa6d5cf7-83f0-4340-aa5f-2d6f4a26c079;mod=0;room-id=443063688;subscriber=0;tmi-sent-ts=1564103399262;turbo=0;user-id=37272586;user-type= :robertonogueira!robertonogueira@robertonogueira.tmi.twitch.tv PRIVMSG #beringelamilgrau :monkaHmm
2019-07-25 10:10:30 PM: botfumante - Received: @badge-info=;badges=vip/1;color=#FF69B4;display-name=rbruno018;emotes=;flags=;id=b1775a99-ffa1-429c-ba03-8a3d38910f56;mod=0;room-id=443063688;subscriber=0;tmi-sent-ts=1564103429420;turbo=0;user-id=216448313;user-type= :rbruno018!rbruno018@rbruno018.tmi.twitch.tv PRIVMSG #beringelamilgrau :voces sabiam que mario com W fica WARIO peepoSmart
2019-07-25 10:10:33 PM: botfumante - Received: PING :tmi.twitch.tv
2019-07-25 10:10:33 PM: botfumante - Writing: PONG
2019-07-25 10:10:37 PM: botfumante - Received: @badge-info=;badges=;color=#1E90FF;display-name=Gabrigode;emotes=;flags=;id=ce7d1f9b-75ea-489d-80f3-26ee56aa4db7;mod=0;room-id=443063688;subscriber=0;tmi-sent-ts=1564103435694;turbo=0;user-id=125402779;user-type= :gabrigode!gabrigode@gabrigode.tmi.twitch.tv PRIVMSG #beringelamilgrau :Pepega
2019-07-25 10:10:46 PM: botfumante - Received: @badge-info=;badges=moderator/1;color=#008000;display-name=TONYXZERO;emotes=;flags=;id=2e215295-9299-467d-a7c6-34ff5ced84ce;mod=1;room-id=443063688;subscriber=0;tmi-sent-ts=1564103444888;turbo=0;user-id=38731171;user-type=mod :tonyxzero!tonyxzero@tonyxzero.tmi.twitch.tv PRIVMSG #beringelamilgrau :Na vdd fica WMario Bruno peepoSmart
2019-07-25 10:10:46 PM: botfumante - Received: @badge-info=subscriber/1;badges=vip/1,subscriber/0,bits-charity/1;color=#5F9EA0;display-name=Jean__;emotes=;flags=;id=be3d2faf-4e11-444c-b9b7-a94065067f1e;mod=0;room-id=443063688;subscriber=1;tmi-sent-ts=1564103445082;turbo=0;user-id=38479494;user-type= :jean__!jean__@jean__.tmi.twitch.tv PRIVMSG #beringelamilgrau :bora farmar umas vidas Pepega
2019-07-25 10:10:56 PM: botfumante - Received: @badge-info=;badges=vip/1;color=#FF69B4;display-name=rbruno018;emotes=;flags=;id=af9ce716-4b96-4ef5-87c0-ab03f2379a79;mod=0;room-id=443063688;subscriber=0;tmi-sent-ts=1564103455469;turbo=0;user-id=216448313;user-type= :rbruno018!rbruno018@rbruno018.tmi.twitch.tv PRIVMSG #beringelamilgrau :peepoSmart
2019-07-25 10:11:03 PM: botfumante - Received: @badge-info=subscriber/1;badges=broadcaster/1,subscriber/0;color=#8A2BE2;display-name=BeringelaMilGrau;emotes=;flags=;id=3327880f-1a11-41a5-a029-72d584d23d58;mod=0;room-id=443063688;subscriber=1;tmi-sent-ts=1564103461895;turbo=0;user-id=443063688;user-type= :beringelamilgrau!beringelamilgrau@beringelamilgrau.tmi.twitch.tv PRIVMSG #beringelamilgrau :ConcernFroge
2019-07-25 10:11:06 PM: botfumante - Received: @badge-info=;badges=;color=#1E90FF;display-name=Gabrigode;emotes=;flags=;id=298d152f-8ec1-472d-9893-36a447605207;mod=0;room-id=443063688;subscriber=0;tmi-sent-ts=1564103464753;turbo=0;user-id=125402779;user-type= :gabrigode!gabrigode@gabrigode.tmi.twitch.tv PRIVMSG #beringelamilgrau :total Pepega
2019-07-25 10:11:14 PM: botfumante - Received: @badge-info=;badges=moderator/1;color=#008000;display-name=TONYXZERO;emotes=;flags=;id=60f0379f-0487-42ff-95ba-9267c82da4ee;mod=1;room-id=443063688;subscriber=0;tmi-sent-ts=1564103473390;turbo=0;user-id=38731171;user-type=mod :tonyxzero!tonyxzero@tonyxzero.tmi.twitch.tv PRIVMSG #beringelamilgrau :Pepega
2019-07-25 10:11:40 PM: botfumante - Received: :lurxx!lurxx@lurxx.tmi.twitch.tv PART #beringelamilgrau
2019-07-25 10:11:58 PM: botfumante - Received: @badge-info=;badges=;color=#1E90FF;display-name=Gabrigode;emotes=1883183:8-16;flags=0-6:A.5/P.5;id=8020e7ea-307e-43bf-803d-0caed157a059;mod=0;room-id=443063688;subscriber=0;tmi-sent-ts=1564103516730;turbo=0;user-id=125402779;user-type= :gabrigode!gabrigode@gabrigode.tmi.twitch.tv PRIVMSG #beringelamilgrau :safad?o lordsLewd
2019-07-25 10:12:07 PM: botfumante - Received: @badge-info=;badges=moderator/1;color=#008000;display-name=TONYXZERO;emote-only=1;emotes=1883183:0-8;flags=;id=0241b59c-fcb9-412f-9964-7131b44814d1;mod=1;room-id=443063688;subscriber=0;tmi-sent-ts=1564103526618;turbo=0;user-id=38731171;user-type=mod :tonyxzero!tonyxzero@tonyxzero.tmi.twitch.tv PRIVMSG #beringelamilgrau :lordsLewd
2019-07-25 10:12:15 PM: botfumante - Received: @badge-info=;badges=;color=#1E90FF;display-name=Gabrigode;emotes=;flags=;id=7102cd2f-6a3e-43e8-b261-20f595b00f16;mod=0;room-id=443063688;subscriber=0;tmi-sent-ts=1564103533878;turbo=0;user-id=125402779;user-type= :gabrigode!gabrigode@gabrigode.tmi.twitch.tv PRIVMSG #beringelamilgrau :Pepega
2019-07-25 10:12:23 PM: botfumante - Received: @badge-info=subscriber/1;badges=broadcaster/1,subscriber/0;color=#8A2BE2;display-name=BeringelaMilGrau;emotes=;flags=;id=1a5638f4-4feb-4224-8885-e5161519e63c;mod=0;room-id=443063688;subscriber=1;tmi-sent-ts=1564103541884;turbo=0;user-id=443063688;user-type= :beringelamilgrau!beringelamilgrau@beringelamilgrau.tmi.twitch.tv PRIVMSG #beringelamilgrau :Full Pepega
2019-07-25 10:12:33 PM: botfumante - Received: @badge-info=;badges=moderator/1;color=#008000;display-name=TONYXZERO;emotes=;flags=;id=b89968a0-2591-4e46-b818-6a9ad9fa4212;mod=1;room-id=443063688;subscriber=0;tmi-sent-ts=1564103552026;turbo=0;user-id=38731171;user-type=mod :tonyxzero!tonyxzero@tonyxzero.tmi.twitch.tv PRIVMSG #beringelamilgrau :Vou pegar algo pra beber, j? volto peepoSip
2019-07-25 10:12:39 PM: botfumante - Received: :beto5x2!beto5x2@beto5x2.tmi.twitch.tv JOIN #beringelamilgrau
2019-07-25 10:12:43 PM: botfumante - Received: @badge-info=;badges=;color=#1E90FF;display-name=Gabrigode;emotes=1971205:26-34;flags=14-19:;id=e7e76ed5-d606-4110-ba68-bcd6a286ab12;mod=0;room-id=443063688;subscriber=0;tmi-sent-ts=1564103562285;turbo=0;user-id=125402779;user-type= :gabrigode!gabrigode@gabrigode.tmi.twitch.tv PRIVMSG #beringelamilgrau :para de beber vinho, Tony lordsBaka
2019-07-25 10:12:48 PM: botfumante - Received: @badge-info=subscriber/1;badges=broadcaster/1,subscriber/0;color=#8A2BE2;display-name=BeringelaMilGrau;emotes=;flags=;id=d1fda39b-1db3-4916-8397-6f297b719520;mod=0;room-id=443063688;subscriber=1;tmi-sent-ts=1564103567522;turbo=0;user-id=443063688;user-type= :beringelamilgrau!beringelamilgrau@beringelamilgrau.tmi.twitch.tv PRIVMSG #beringelamilgrau :peepoSip
2019-07-25 10:13:31 PM: botfumante - Received: @badge-info=subscriber/1;badges=vip/1,subscriber/0,bits-charity/1;color=#5F9EA0;display-name=Jean__;emotes=;flags=;id=4b4687c4-b8b6-419d-b10b-4ebbaa36aaf1;mod=0;room-id=443063688;subscriber=1;tmi-sent-ts=1564103609902;turbo=0;user-id=38479494;user-type= :jean__!jean__@jean__.tmi.twitch.tv PRIVMSG #beringelamilgrau :usa o retrodecer peepoSmart
2019-07-25 10:13:48 PM: botfumante - Received: @badge-info=;badges=moderator/1;color=#008000;display-name=TONYXZERO;emotes=1866390:8-13;flags=;id=9e7ece29-7f23-4c5e-b088-88e030d0d12c;mod=1;room-id=443063688;subscriber=0;tmi-sent-ts=1564103627100;turbo=0;user-id=38731171;user-type=mod :tonyxzero!tonyxzero@tonyxzero.tmi.twitch.tv PRIVMSG #beringelamilgrau :? refri lordsD
2019-07-25 10:13:56 PM: botfumante - Received: @badge-info=;badges=;color=#1E90FF;display-name=Gabrigode;emotes=1963329:31-40;flags=;id=40189a04-308b-450c-a386-3ebf257d6a3a;mod=0;room-id=443063688;subscriber=0;tmi-sent-ts=1564103635660;turbo=0;user-id=125402779;user-type= :gabrigode!gabrigode@gabrigode.tmi.twitch.tv PRIVMSG #beringelamilgrau :olha o Mario comfy nessa nuvem lordsComfy
2019-07-25 10:14:13 PM: botfumante - Received: @badge-info=;badges=moderator/1;color=#008000;display-name=TONYXZERO;emotes=;flags=;id=e4bf2cbd-500d-43bf-be8b-9ce8679a40b4;mod=1;room-id=443063688;subscriber=0;tmi-sent-ts=1564103651811;turbo=0;user-id=38731171;user-type=mod :tonyxzero!tonyxzero@tonyxzero.tmi.twitch.tv PRIVMSG #beringelamilgrau :Eae Gedeh peepoSleepo
2019-07-25 10:14:17 PM: botfumante - Received: @badge-info=;badges=;color=#1E90FF;display-name=Gabrigode;emotes=1971205:26-34;flags=;id=cb1fe4d6-e718-4190-b362-7a43cf25a11e;mod=0;room-id=443063688;subscriber=0;tmi-sent-ts=1564103655791;turbo=0;user-id=125402779;user-type= :gabrigode!gabrigode@gabrigode.tmi.twitch.tv PRIVMSG #beringelamilgrau :e onde refri d? PT, Tony? lordsBaka
2019-07-25 10:14:28 PM: botfumante - Received: @badge-info=;badges=moderator/1;color=#008000;display-name=TONYXZERO;emotes=1971205:11-19;flags=;id=642a7ed2-a84c-46f8-aa31-29fd1a69528c;mod=1;room-id=443063688;subscriber=0;tmi-sent-ts=1564103666926;turbo=0;user-id=38731171;user-type=mod :tonyxzero!tonyxzero@tonyxzero.tmi.twitch.tv PRIVMSG #beringelamilgrau :N vo da PT lordsBaka
2019-07-25 10:14:38 PM: botfumante - Received: :beto5x2!beto5x2@beto5x2.tmi.twitch.tv PART #beringelamilgrau
2019-07-25 10:14:38 PM: botfumante - Received: :robertonogueira!robertonogueira@robertonogueira.tmi.twitch.tv PART #beringelamilgrau
2019-07-25 10:14:39 PM: botfumante - Received: @badge-info=;badges=moderator/1;color=#008000;display-name=TONYXZERO;emotes=;flags=;id=3aecd231-1795-4835-8567-f7c18ba38947;mod=1;room-id=443063688;subscriber=0;tmi-sent-ts=1564103677861;turbo=0;user-id=38731171;user-type=mod :tonyxzero!tonyxzero@tonyxzero.tmi.twitch.tv PRIVMSG #beringelamilgrau :FeelsOkayMan ??
2019-07-25 10:14:50 PM: botfumante - Received: @badge-info=subscriber/1;badges=vip/1,subscriber/0,bits-charity/1;color=#5F9EA0;display-name=Jean__;emotes=;flags=;id=a339e7ae-5742-49e7-a99c-3aa9ffa5bf5f;mod=0;room-id=443063688;subscriber=1;tmi-sent-ts=1564103688893;turbo=0;user-id=38479494;user-type= :jean__!jean__@jean__.tmi.twitch.tv PRIVMSG #beringelamilgrau :pelo menos o monte n?o usa o retroceder FeelsMan
2019-07-25 10:14:51 PM: botfumante - Received: @badge-info=;badges=vip/1;color=#FF69B4;display-name=rbruno018;emotes=;flags=;id=85c9c5ec-6f41-4821-a0f2-999ab06ca71b;mod=0;room-id=443063688;subscriber=0;tmi-sent-ts=1564103690037;turbo=0;user-id=216448313;user-type= :rbruno018!rbruno018@rbruno018.tmi.twitch.tv PRIVMSG #beringelamilgrau :Nao vai da PT taokei monkaGun
2019-07-25 10:15:04 PM: botfumante - Received: @badge-info=;badges=moderator/1;color=#008000;display-name=TONYXZERO;emotes=;flags=;id=2cb3b3ae-a61d-43f8-b14f-b83f8a6ae2fe;mod=1;room-id=443063688;subscriber=0;tmi-sent-ts=1564103702676;turbo=0;user-id=38731171;user-type=mod :tonyxzero!tonyxzero@tonyxzero.tmi.twitch.tv PRIVMSG #beringelamilgrau :Nao vai da PT taokei monkaGun
2019-07-25 10:15:08 PM: botfumante - Received: PING :tmi.twitch.tv
2019-07-25 10:15:08 PM: botfumante - Writing: PONG
2019-07-25 10:15:10 PM: botfumante - Received: @badge-info=subscriber/1;badges=broadcaster/1,subscriber/0;color=#8A2BE2;display-name=BeringelaMilGrau;emotes=;flags=;id=d8d692b0-c44f-465c-a1ee-0dd951881b4e;mod=0;room-id=443063688;subscriber=1;tmi-sent-ts=1564103709663;turbo=0;user-id=443063688;user-type= :beringelamilgrau!beringelamilgrau@beringelamilgrau.tmi.twitch.tv PRIVMSG #beringelamilgrau :taokei
2019-07-25 10:15:53 PM: botfumante - Received: @badge-info=;badges=vip/1;color=#FF69B4;display-name=rbruno018;emotes=;flags=;id=c150e7b7-952f-49f4-a358-e7b1d6fbf6fa;mod=0;room-id=443063688;subscriber=0;tmi-sent-ts=1564103751686;turbo=0;user-id=216448313;user-type= :rbruno018!rbruno018@rbruno018.tmi.twitch.tv PRIVMSG #beringelamilgrau :todo dia tem jogo do flamengo
2019-07-25 10:15:55 PM: botfumante - Received: @badge-info=;badges=vip/1;color=#FF69B4;display-name=rbruno018;emotes=;flags=;id=ba7301d9-5a14-4145-b92f-e037fca6d655;mod=0;room-id=443063688;subscriber=0;tmi-sent-ts=1564103754003;turbo=0;user-id=216448313;user-type= :rbruno018!rbruno018@rbruno018.tmi.twitch.tv PRIVMSG #beringelamilgrau :ue
2019-07-25 10:15:59 PM: botfumante - Received: @badge-info=;badges=moderator/1;color=#008000;display-name=TONYXZERO;emotes=;flags=;id=6458a5d7-118d-4fd9-a1b7-1a7c9e131711;mod=1;room-id=443063688;subscriber=0;tmi-sent-ts=1564103758172;turbo=0;user-id=38731171;user-type=mod :tonyxzero!tonyxzero@tonyxzero.tmi.twitch.tv PRIVMSG #beringelamilgrau :N fa?o ideia PepePls
2019-07-25 10:16:00 PM: botfumante - Received: @badge-info=;badges=vip/1;color=#FF69B4;display-name=rbruno018;emotes=;flags=;id=8363bc67-7841-4fa1-a662-700c7aa04a9a;mod=0;room-id=443063688;subscriber=0;tmi-sent-ts=1564103759611;turbo=0;user-id=216448313;user-type= :rbruno018!rbruno018@rbruno018.tmi.twitch.tv PRIVMSG #beringelamilgrau :ontem teve
2019-07-25 10:16:22 PM: botfumante - Received: @badge-info=;badges=;color=#1E90FF;display-name=Gabrigode;emotes=;flags=;id=21fafb33-334b-42ab-b9d8-78fb93703b82;mod=0;room-id=443063688;subscriber=0;tmi-sent-ts=1564103780843;turbo=0;user-id=125402779;user-type= :gabrigode!gabrigode@gabrigode.tmi.twitch.tv PRIVMSG #beringelamilgrau :s? quarta que vem agora FeelsMan
2019-07-25 10:16:23 PM: botfumante - Received: @badge-info=;badges=vip/1;color=#FF69B4;display-name=rbruno018;emotes=;flags=;id=6e37c8df-f1bf-4f75-9fd2-013111a5c6bc;mod=0;room-id=443063688;subscriber=0;tmi-sent-ts=1564103782500;turbo=0;user-id=216448313;user-type= :rbruno018!rbruno018@rbruno018.tmi.twitch.tv PRIVMSG #beringelamilgrau :perdeu de 2x0 pro emelec
2019-07-25 10:16:32 PM: botfumante - Received: @badge-info=;badges=moderator/1;color=#008000;display-name=TONYXZERO;emotes=;flags=;id=1e89fbca-8ac9-4982-bd1c-76169bbaf704;mod=1;room-id=443063688;subscriber=0;tmi-sent-ts=1564103791290;turbo=0;user-id=38731171;user-type=mod :tonyxzero!tonyxzero@tonyxzero.tmi.twitch.tv PRIVMSG #beringelamilgrau :Ontem foi quarta e hj ? quinta peepoSmart
2019-07-25 10:16:53 PM: botfumante - Received: @badge-info=;badges=;color=#1E90FF;display-name=Gabrigode;emotes=;flags=;id=d45574b7-258e-439a-bbd7-7eb243bedf61;mod=0;room-id=443063688;subscriber=0;tmi-sent-ts=1564103811911;turbo=0;user-id=125402779;user-type= :gabrigode!gabrigode@gabrigode.tmi.twitch.tv PRIVMSG #beringelamilgrau :bora meng?o
2019-07-25 10:17:22 PM: botfumante - Received: @badge-info=subscriber/1;badges=broadcaster/1,subscriber/0;color=#8A2BE2;display-name=BeringelaMilGrau;emotes=;flags=;id=d637083e-74c0-4670-9c57-e37b1f498633;mod=0;room-id=443063688;subscriber=1;tmi-sent-ts=1564103841301;turbo=0;user-id=443063688;user-type= :beringelamilgrau!beringelamilgrau@beringelamilgrau.tmi.twitch.tv PRIVMSG #beringelamilgrau :Amanha ? sexta peepoSmart
2019-07-25 10:17:28 PM: botfumante - Received: @badge-info=;badges=;color=#1E90FF;display-name=Gabrigode;emotes=1971205:26-34;flags=;id=e36530e8-10c4-4e05-a48c-e1d4149626fd;mod=0;room-id=443063688;subscriber=0;tmi-sent-ts=1564103847301;turbo=0;user-id=125402779;user-type= :gabrigode!gabrigode@gabrigode.tmi.twitch.tv PRIVMSG #beringelamilgrau :para de trapacear, Montee lordsBaka
2019-07-25 10:17:35 PM: botfumante - Received: @badge-info=;badges=moderator/1;color=#008000;display-name=TONYXZERO;emotes=;flags=;id=c4784d58-fdbe-41f2-ba62-bdda7b671fe7;mod=1;room-id=443063688;subscriber=0;tmi-sent-ts=1564103854044;turbo=0;user-id=38731171;user-type=mod :tonyxzero!tonyxzero@tonyxzero.tmi.twitch.tv PRIVMSG #beringelamilgrau :Bora umas dicas peepoSleepo
2019-07-25 10:17:43 PM: botfumante - Received: @badge-info=subscriber/1;badges=broadcaster/1,subscriber/0;color=#8A2BE2;display-name=BeringelaMilGrau;emotes=;flags=;id=36751d4f-7322-4ff5-b0c4-73447460a767;mod=0;room-id=443063688;subscriber=1;tmi-sent-ts=1564103861771;turbo=0;user-id=443063688;user-type= :beringelamilgrau!beringelamilgrau@beringelamilgrau.tmi.twitch.tv PRIVMSG #beringelamilgrau :montee ? s? trapa?a
2019-07-25 10:17:47 PM: botfumante - Received: :raphaelssk!raphaelssk@raphaelssk.tmi.twitch.tv JOIN #beringelamilgrau
2019-07-25 10:18:13 PM: botfumante - Received: @badge-info=subscriber/1;badges=broadcaster/1,subscriber/0;color=#8A2BE2;display-name=BeringelaMilGrau;emotes=;flags=;id=2986348a-20de-495d-9ec1-7c457ce3254e;mod=0;room-id=443063688;subscriber=1;tmi-sent-ts=1564103892125;turbo=0;user-id=443063688;user-type= :beringelamilgrau!beringelamilgrau@beringelamilgrau.tmi.twitch.tv PRIVMSG #beringelamilgrau :ele joga com o gamefaqs do lado
2019-07-25 10:18:24 PM: botfumante - Received: @badge-info=;badges=moderator/1;color=#008000;display-name=TONYXZERO;emote-only=1;emotes=1866390:0-5;flags=;id=76b96da4-c3eb-45cb-a8f0-56d97f024d88;mod=1;room-id=443063688;subscriber=0;tmi-sent-ts=1564103903355;turbo=0;user-id=38731171;user-type=mod :tonyxzero!tonyxzero@tonyxzero.tmi.twitch.tv PRIVMSG #beringelamilgrau :lordsD
2019-07-25 10:18:35 PM: botfumante - Received: @badge-info=;badges=premium/1;color=;display-name=um_Fido;emotes=;flags=;id=f42668c2-41e9-4595-9afb-e238fff5bfd8;mod=0;room-id=443063688;subscriber=0;tmi-sent-ts=1564103914160;turbo=0;user-id=32573069;user-type= :um_fido!um_fido@um_fido.tmi.twitch.tv PRIVMSG #beringelamilgrau :POGGERS
2019-07-25 10:18:49 PM: botfumante - Received: @badge-info=;badges=;color=#1E90FF;display-name=Gabrigode;emotes=;flags=;id=94645d0e-b205-47d3-81c2-750fd907f34a;mod=0;room-id=443063688;subscriber=0;tmi-sent-ts=1564103927726;turbo=0;user-id=125402779;user-type= :gabrigode!gabrigode@gabrigode.tmi.twitch.tv PRIVMSG #beringelamilgrau :Fido FeelsOkayMan ??
2019-07-25 10:18:50 PM: botfumante - Received: @badge-info=;badges=moderator/1;color=#008000;display-name=TONYXZERO;emotes=;flags=;id=a7926fc5-6123-494c-a66b-e580941fc7a5;mod=1;room-id=443063688;subscriber=0;tmi-sent-ts=1564103929101;turbo=0;user-id=38731171;user-type=mod :tonyxzero!tonyxzero@tonyxzero.tmi.twitch.tv PRIVMSG #beringelamilgrau :Fido Pogplant
2019-07-25 10:18:58 PM: botfumante - Received: @badge-info=;badges=vip/1;color=#FF69B4;display-name=rbruno018;emotes=;flags=;id=c178275b-800a-43fb-894a-5dd94263ae3c;mod=0;room-id=443063688;subscriber=0;tmi-sent-ts=1564103937412;turbo=0;user-id=216448313;user-type= :rbruno018!rbruno018@rbruno018.tmi.twitch.tv PRIVMSG #beringelamilgrau :fido peepoSleepo
2019-07-25 10:19:01 PM: botfumante - Received: @badge-info=subscriber/1;badges=broadcaster/1,subscriber/0;color=#8A2BE2;display-name=BeringelaMilGrau;emotes=;flags=;id=33889177-1d9c-48d5-8a6f-2302989a4e89;mod=0;room-id=443063688;subscriber=1;tmi-sent-ts=1564103940036;turbo=0;user-id=443063688;user-type= :beringelamilgrau!beringelamilgrau@beringelamilgrau.tmi.twitch.tv PRIVMSG #beringelamilgrau :fido peepoEggplant
2019-07-25 10:19:04 PM: botfumante - Received: @badge-info=;badges=premium/1;color=;display-name=um_Fido;emotes=;flags=;id=e96dfaf0-2c64-4764-aa53-a2053e554607;mod=0;room-id=443063688;subscriber=0;tmi-sent-ts=1564103943435;turbo=0;user-id=32573069;user-type= :um_fido!um_fido@um_fido.tmi.twitch.tv PRIVMSG #beringelamilgrau :Gabri lordsPat Tony lordsPat
2019-07-25 10:19:08 PM: botfumante - Received: @badge-info=;badges=premium/1;color=;display-name=um_Fido;emotes=;flags=;id=5c826e44-0e63-4b7f-abe2-268c9c68edd9;mod=0;room-id=443063688;subscriber=0;tmi-sent-ts=1564103947454;turbo=0;user-id=32573069;user-type= :um_fido!um_fido@um_fido.tmi.twitch.tv PRIVMSG #beringelamilgrau :lordsD
2019-07-25 10:19:10 PM: botfumante - Received: @badge-info=;badges=premium/1;color=;display-name=um_Fido;emotes=;flags=;id=f9174c53-768c-4b28-937c-d2cd36e11f73;mod=0;room-id=443063688;subscriber=0;tmi-sent-ts=1564103949092;turbo=0;user-id=32573069;user-type= :um_fido!um_fido@um_fido.tmi.twitch.tv PRIVMSG #beringelamilgrau :D:
2019-07-25 10:19:30 PM: botfumante - Received: @badge-info=;badges=moderator/1;color=#008000;display-name=TONYXZERO;emote-only=1;emotes=1866390:0-5;flags=;id=48d5042c-acac-4728-a83a-7db97ab1572e;mod=1;room-id=443063688;subscriber=0;tmi-sent-ts=1564103968833;turbo=0;user-id=38731171;user-type=mod :tonyxzero!tonyxzero@tonyxzero.tmi.twitch.tv PRIVMSG #beringelamilgrau :lordsD
2019-07-25 10:19:33 PM: botfumante - Received: @badge-info=;badges=vip/1;color=#FF69B4;display-name=rbruno018;emotes=;flags=;id=399770dc-08a1-4eee-a9c9-c80fae538377;mod=0;room-id=443063688;subscriber=0;tmi-sent-ts=1564103972235;turbo=0;user-id=216448313;user-type= :rbruno018!rbruno018@rbruno018.tmi.twitch.tv PRIVMSG #beringelamilgrau :D:
2019-07-25 10:19:35 PM: botfumante - Received: @badge-info=;badges=;color=#1E90FF;display-name=Gabrigode;emotes=;flags=;id=3b469af1-e563-4692-b901-cd24f07db45b;mod=0;room-id=443063688;subscriber=0;tmi-sent-ts=1564103974566;turbo=0;user-id=125402779;user-type= :gabrigode!gabrigode@gabrigode.tmi.twitch.tv PRIVMSG #beringelamilgrau :grande dois_Fido FeelsOkayMan
2019-07-25 10:19:41 PM: botfumante - Received: @badge-info=;badges=premium/1;color=;display-name=um_Fido;emotes=;flags=;id=77df3a4b-4a96-4bd9-b4d7-1ceca3eebc79;mod=0;room-id=443063688;subscriber=0;tmi-sent-ts=1564103980016;turbo=0;user-id=32573069;user-type= :um_fido!um_fido@um_fido.tmi.twitch.tv PRIVMSG #beringelamilgrau :Tem altos pepezinhos bonitos aqui PepeComfy
2019-07-25 10:19:48 PM: botfumante - Received: @badge-info=;badges=moderator/1;color=#008000;display-name=TONYXZERO;emote-only=1;emotes=1883183:0-8;flags=;id=618dc261-5a29-4b0e-83b4-0cda5fa7f99c;mod=1;room-id=443063688;subscriber=0;tmi-sent-ts=1564103987352;turbo=0;user-id=38731171;user-type=mod :tonyxzero!tonyxzero@tonyxzero.tmi.twitch.tv PRIVMSG #beringelamilgrau :lordsLewd
2019-07-25 10:20:06 PM: botfumante - Received: :um_fido!um_fido@um_fido.tmi.twitch.tv JOIN #beringelamilgrau
2019-07-25 10:20:08 PM: botfumante - Received: PING :tmi.twitch.tv
2019-07-25 10:20:08 PM: botfumante - Writing: PONG
2019-07-25 10:20:10 PM: botfumante - Received: @badge-info=subscriber/1;badges=broadcaster/1,subscriber/0;color=#8A2BE2;display-name=BeringelaMilGrau;emotes=;flags=;id=3e91b073-04c4-40c0-aafb-cabd4026da5e;mod=0;room-id=443063688;subscriber=1;tmi-sent-ts=1564104009632;turbo=0;user-id=443063688;user-type= :beringelamilgrau!beringelamilgrau@beringelamilgrau.tmi.twitch.tv PRIVMSG #beringelamilgrau :aqui ? a casa dos bons pepes pena que tem pouco slot PepeHands
2019-07-25 10:20:20 PM: botfumante - Received: @badge-info=;badges=moderator/1;color=#008000;display-name=TONYXZERO;emotes=;flags=;id=91812b9d-e824-411f-b209-3e18be8e1825;mod=1;room-id=443063688;subscriber=0;tmi-sent-ts=1564104018910;turbo=0;user-id=38731171;user-type=mod :tonyxzero!tonyxzero@tonyxzero.tmi.twitch.tv PRIVMSG #beringelamilgrau :FeelsBadMan
2019-07-25 10:20:23 PM: botfumante - Received: @badge-info=;badges=premium/1;color=;display-name=um_Fido;emotes=;flags=;id=f2cb1321-e817-44e0-81ae-f4832e9cfcce;mod=0;room-id=443063688;subscriber=0;tmi-sent-ts=1564104022140;turbo=0;user-id=32573069;user-type= :um_fido!um_fido@um_fido.tmi.twitch.tv PRIVMSG #beringelamilgrau :Gabri peepoEggplant Tony peepoEggplant bruno peepoSleepo Beringela peepoEggplant
2019-07-25 10:20:31 PM: botfumante - Received: @badge-info=;badges=moderator/1;color=#008000;display-name=TONYXZERO;emotes=;flags=;id=05832ad6-456e-45dc-85a6-1b271056349b;mod=1;room-id=443063688;subscriber=0;tmi-sent-ts=1564104029882;turbo=0;user-id=38731171;user-type=mod :tonyxzero!tonyxzero@tonyxzero.tmi.twitch.tv PRIVMSG #beringelamilgrau :peepoEggplant
2019-07-25 10:20:38 PM: botfumante - Received: @badge-info=;badges=vip/1;color=#FF69B4;display-name=rbruno018;emotes=;flags=;id=013eb7a9-90f3-478c-8356-354b2cb3bbda;mod=0;room-id=443063688;subscriber=0;tmi-sent-ts=1564104037022;turbo=0;user-id=216448313;user-type= :rbruno018!rbruno018@rbruno018.tmi.twitch.tv PRIVMSG #beringelamilgrau :peepoSmoke aqui a bufa ? liberada
2019-07-25 10:20:42 PM: botfumante - Received: @badge-info=;badges=moderator/1;color=#008000;display-name=TONYXZERO;emotes=;flags=;id=9afd3eaa-4739-4631-85cd-599ea4bee5cc;mod=1;room-id=443063688;subscriber=0;tmi-sent-ts=1564104041102;turbo=0;user-id=38731171;user-type=mod :tonyxzero!tonyxzero@tonyxzero.tmi.twitch.tv PRIVMSG #beringelamilgrau :Lan?ou pra PC j???? OhISee
2019-07-25 10:20:53 PM: botfumante - Received: @badge-info=;badges=;color=#1E90FF;display-name=Gabrigode;emotes=1971205:21-29;flags=14-19:A.5/S.5;id=dbf1d24e-e4b6-4ac1-b5c4-91cb14f291a4;mod=0;room-id=443063688;subscriber=0;tmi-sent-ts=1564104052368;turbo=0;user-id=125402779;user-type= :gabrigode!gabrigode@gabrigode.tmi.twitch.tv PRIVMSG #beringelamilgrau :al? o caxista safado lordsBaka
2019-07-25 10:20:55 PM: botfumante - Received: @badge-info=;badges=premium/1;color=;display-name=um_Fido;emotes=;flags=;id=0d3898b8-fb18-4e55-9ad7-be04e5324b99;mod=0;room-id=443063688;subscriber=0;tmi-sent-ts=1564104054344;turbo=0;user-id=32573069;user-type= :um_fido!um_fido@um_fido.tmi.twitch.tv PRIVMSG #beringelamilgrau :Free bufa POGGERS ??
2019-07-25 10:21:28 PM: botfumante - Received: @badge-info=;badges=moderator/1;color=#008000;display-name=TONYXZERO;emotes=;flags=41-46:A.0/P.6;id=f840522a-6f2f-48a4-83a5-a9aed565dd60;mod=1;room-id=443063688;subscriber=0;tmi-sent-ts=1564104086982;turbo=0;user-id=38731171;user-type=mod :tonyxzero!tonyxzero@tonyxzero.tmi.twitch.tv PRIVMSG #beringelamilgrau :Game pass ? bonzao, eu j? fui um sonysta fudido mas eu amo o game pass peepoSleepo
2019-07-25 10:21:30 PM: botfumante - Received: @badge-info=;badges=;color=#1E90FF;display-name=Gabrigode;emotes=;flags=;id=a3211a13-e1aa-49a1-9275-35e29523160b;mod=0;room-id=443063688;subscriber=0;tmi-sent-ts=1564104089043;turbo=0;user-id=125402779;user-type= :gabrigode!gabrigode@gabrigode.tmi.twitch.tv PRIVMSG #beringelamilgrau :bora um RE6, boys FeelsOkayMan
2019-07-25 10:21:36 PM: botfumante - Received: @badge-info=;badges=moderator/1;color=#008000;display-name=TONYXZERO;emotes=;flags=;id=0d42c8df-e06b-4351-8d6f-fdb308fb5dc1;mod=1;room-id=443063688;subscriber=0;tmi-sent-ts=1564104094997;turbo=0;user-id=38731171;user-type=mod :tonyxzero!tonyxzero@tonyxzero.tmi.twitch.tv PRIVMSG #beringelamilgrau :FeelsOkayMan
2019-07-25 10:21:38 PM: botfumante - Received: @badge-info=subscriber/1;badges=broadcaster/1,subscriber/0;color=#8A2BE2;display-name=BeringelaMilGrau;emotes=;flags=;id=6702f377-58ff-4342-9664-b94c679f42c4;mod=0;room-id=443063688;subscriber=1;tmi-sent-ts=1564104096904;turbo=0;user-id=443063688;user-type= :beringelamilgrau!beringelamilgrau@beringelamilgrau.tmi.twitch.tv PRIVMSG #beringelamilgrau :PepeHandsE deem f5
2019-07-25 10:21:38 PM: botfumante - Received: @badge-info=;badges=premium/1;color=;display-name=um_Fido;emotes=;flags=;id=e6eb1c27-3365-4eaf-aa1c-e21f54fd6961;mod=0;room-id=443063688;subscriber=0;tmi-sent-ts=1564104097368;turbo=0;user-id=32573069;user-type= :um_fido!um_fido@um_fido.tmi.twitch.tv PRIVMSG #beringelamilgrau :game pass de PC ? show
2019-07-25 10:21:43 PM: botfumante - Received: @badge-info=;badges=premium/1;color=;display-name=um_Fido;emotes=;flags=;id=5a39bcb7-d0a0-4128-8169-fd3f5d4df8d0;mod=0;room-id=443063688;subscriber=0;tmi-sent-ts=1564104101597;turbo=0;user-id=32573069;user-type= :um_fido!um_fido@um_fido.tmi.twitch.tv PRIVMSG #beringelamilgrau :FeelsOkayMan
2019-07-25 10:22:03 PM: botfumante - Received: @badge-info=subscriber/1;badges=vip/1,subscriber/0,bits-charity/1;color=#5F9EA0;display-name=Jean__;emotes=;flags=;id=6721b041-8409-433f-95b8-9441a07b3939;mod=0;room-id=443063688;subscriber=1;tmi-sent-ts=1564104122278;turbo=0;user-id=38479494;user-type= :jean__!jean__@jean__.tmi.twitch.tv PRIVMSG #beringelamilgrau :bora o 5 Pepega
2019-07-25 10:22:08 PM: botfumante - Received: @badge-info=;badges=moderator/1;color=#008000;display-name=TONYXZERO;emotes=;flags=;id=d364d277-7423-4759-96dd-2b5022bbe3c4;mod=1;room-id=443063688;subscriber=0;tmi-sent-ts=1564104126990;turbo=0;user-id=38731171;user-type=mod :tonyxzero!tonyxzero@tonyxzero.tmi.twitch.tv PRIVMSG #beringelamilgrau :Pepega
2019-07-25 10:22:17 PM: botfumante - Received: @badge-info=;badges=vip/1;color=#FF69B4;display-name=rbruno018;emotes=;flags=;id=ad2a71c4-773d-4999-8f75-f73350e660f4;mod=0;room-id=443063688;subscriber=0;tmi-sent-ts=1564104136371;turbo=0;user-id=216448313;user-type= :rbruno018!rbruno018@rbruno018.tmi.twitch.tv PRIVMSG #beringelamilgrau :Pepega
2019-07-25 10:22:19 PM: botfumante - Received: @badge-info=;badges=moderator/1;color=#008000;display-name=TONYXZERO;emotes=;flags=22-27:P.5;id=5b6a9600-f0e9-46e0-a7c9-fe068ab01c93;mod=1;room-id=443063688;subscriber=0;tmi-sent-ts=1564104138407;turbo=0;user-id=38731171;user-type=mod :tonyxzero!tonyxzero@tonyxzero.tmi.twitch.tv PRIVMSG #beringelamilgrau :Qualquer rank eu acho merdao PepePls
2019-07-25 10:22:21 PM: botfumante - Received: :piolhoo121!piolhoo121@piolhoo121.tmi.twitch.tv PART #beringelamilgrau
2019-07-25 10:22:39 PM: botfumante - Received: @badge-info=;badges=vip/1;color=#FF69B4;display-name=rbruno018;emotes=;flags=;id=df72c6c7-2eca-4b4c-bb87-19da153c5ac2;mod=0;room-id=443063688;subscriber=0;tmi-sent-ts=1564104157704;turbo=0;user-id=216448313;user-type= :rbruno018!rbruno018@rbruno018.tmi.twitch.tv PRIVMSG #beringelamilgrau :eu nem zerei 2
2019-07-25 10:22:45 PM: botfumante - Received: @badge-info=;badges=;color=#1E90FF;display-name=Gabrigode;emotes=;flags=;id=bbb3b0ef-8b15-40ed-9c96-cd0b607fe1fd;mod=0;room-id=443063688;subscriber=0;tmi-sent-ts=1564104164173;turbo=0;user-id=125402779;user-type= :gabrigode!gabrigode@gabrigode.tmi.twitch.tv PRIVMSG #beringelamilgrau :al?, usaram a buffa errada Pepega ??
2019-07-25 10:22:55 PM: botfumante - Received: @badge-info=;badges=vip/1;color=#FF69B4;display-name=rbruno018;emotes=;flags=;id=38aade62-d316-4c54-a7ac-8b4009b66062;mod=0;room-id=443063688;subscriber=0;tmi-sent-ts=1564104174187;turbo=0;user-id=216448313;user-type= :rbruno018!rbruno018@rbruno018.tmi.twitch.tv PRIVMSG #beringelamilgrau :RE6
2019-07-25 10:22:57 PM: botfumante - Received: @badge-info=;badges=;color=#1E90FF;display-name=Gabrigode;emotes=160401:20-25;flags=;id=3dac0c5d-48ca-44bd-9af6-34e5e5a42693;mod=0;room-id=443063688;subscriber=0;tmi-sent-ts=1564104176319;turbo=0;user-id=125402779;user-type= :gabrigode!gabrigode@gabrigode.tmi.twitch.tv PRIVMSG #beringelamilgrau :era Resident Evil 6 PunOko
2019-07-25 10:23:02 PM: botfumante - Received: @badge-info=;badges=moderator/1;color=#008000;display-name=TONYXZERO;emotes=;flags=;id=9c7a82da-8a3b-4c76-80df-15723f3fff94;mod=1;room-id=443063688;subscriber=0;tmi-sent-ts=1564104180748;turbo=0;user-id=38731171;user-type=mod :tonyxzero!tonyxzero@tonyxzero.tmi.twitch.tv PRIVMSG #beringelamilgrau :Vcs tao maluco FeelsMan
2019-07-25 10:23:11 PM: botfumante - Received: @badge-info=;badges=vip/1,premium/1;color=#D8FF00;display-name=guillapre;emotes=;flags=;id=b9e129e3-7c9f-4c7e-b7f5-4ac5a28af8fa;mod=0;room-id=443063688;subscriber=0;tmi-sent-ts=1564104189993;turbo=0;user-id=157919745;user-type= :guillapre!guillapre@guillapre.tmi.twitch.tv PRIVMSG #beringelamilgrau :r6 ? re6
2019-07-25 10:23:19 PM: botfumante - Received: @badge-info=;badges=vip/1;color=#FF69B4;display-name=rbruno018;emotes=;flags=;id=5d2a304c-a776-4e49-97bc-1393b9357077;mod=0;room-id=443063688;subscriber=0;tmi-sent-ts=1564104198599;turbo=0;user-id=216448313;user-type= :rbruno018!rbruno018@rbruno018.tmi.twitch.tv PRIVMSG #beringelamilgrau :dinossauro ? no 7
2019-07-25 10:23:25 PM: botfumante - Received: @badge-info=;badges=premium/1;color=;display-name=um_Fido;emotes=;flags=;id=f1c073cd-5574-48d2-ab49-7b5270902a29;mod=0;room-id=443063688;subscriber=0;tmi-sent-ts=1564104204039;turbo=0;user-id=32573069;user-type= :um_fido!um_fido@um_fido.tmi.twitch.tv PRIVMSG #beringelamilgrau :Waffle vai fazer os castelo tudo?
2019-07-25 10:23:31 PM: botfumante - Received: :erasmin!erasmin@erasmin.tmi.twitch.tv JOIN #beringelamilgrau
2019-07-25 10:23:31 PM: botfumante - Received: :freddyybot!freddyybot@freddyybot.tmi.twitch.tv PART #beringelamilgrau
2019-07-25 10:23:34 PM: botfumante - Received: @badge-info=;badges=moderator/1;color=#008000;display-name=TONYXZERO;emotes=;flags=;id=0864ac1d-4ed0-44f9-85d9-893018b4f6f0;mod=1;room-id=443063688;subscriber=0;tmi-sent-ts=1564104213253;turbo=0;user-id=38731171;user-type=mod :tonyxzero!tonyxzero@tonyxzero.tmi.twitch.tv PRIVMSG #beringelamilgrau :Como q faz o simoblo de desigal Guilla??? OhISee
2019-07-25 10:23:39 PM: botfumante - Received: @badge-info=subscriber/1;badges=vip/1,subscriber/0,bits-charity/1;color=#5F9EA0;display-name=Jean__;emotes=;flags=;id=e55b7b29-85ef-4dd0-936b-d01782e9bc4b;mod=0;room-id=443063688;subscriber=1;tmi-sent-ts=1564104217412;turbo=0;user-id=38479494;user-type= :jean__!jean__@jean__.tmi.twitch.tv PRIVMSG #beringelamilgrau :o re6 fez o re5 ficar bom FeelsOkayMan
2019-07-25 10:23:43 PM: botfumante - Received: @badge-info=;badges=moderator/1;color=#008000;display-name=TONYXZERO;emotes=;flags=;id=66e65e28-2988-4142-8403-a7b5afb592a1;mod=1;room-id=443063688;subscriber=0;tmi-sent-ts=1564104222658;turbo=0;user-id=38731171;user-type=mod :tonyxzero!tonyxzero@tonyxzero.tmi.twitch.tv PRIVMSG #beringelamilgrau :desigual*
2019-07-25 10:23:44 PM: botfumante - Received: @badge-info=;badges=premium/1;color=;display-name=um_Fido;emotes=;flags=;id=67a1267e-232e-427b-8c75-fad28dc10215;mod=0;room-id=443063688;subscriber=0;tmi-sent-ts=1564104223366;turbo=0;user-id=32573069;user-type= :um_fido!um_fido@um_fido.tmi.twitch.tv PRIVMSG #beringelamilgrau :show FeelsOkayMan
2019-07-25 10:23:52 PM: botfumante - Received: @badge-info=;badges=vip/1;color=#008000;display-name=Hisaagi;emotes=;flags=;id=ada30f51-5efe-486c-a9da-f53e23d1c205;mod=0;room-id=443063688;subscriber=0;tmi-sent-ts=1564104231648;turbo=0;user-id=137774469;user-type= :hisaagi!hisaagi@hisaagi.tmi.twitch.tv PRIVMSG #beringelamilgrau :voltei s? por causa do fido peepoLove
2019-07-25 10:24:01 PM: botfumante - Received: @badge-info=;badges=;color=#1E90FF;display-name=Gabrigode;emotes=;flags=;id=680b9bfb-3c74-42ba-9a65-105e0f11d8ff;mod=0;room-id=443063688;subscriber=0;tmi-sent-ts=1564104239921;turbo=0;user-id=125402779;user-type= :gabrigode!gabrigode@gabrigode.tmi.twitch.tv PRIVMSG #beringelamilgrau :tive medo de jogar RE7 FeelsMan
2019-07-25 10:24:01 PM: botfumante - Received: @badge-info=;badges=vip/1;color=#FF69B4;display-name=rbruno018;emotes=;flags=;id=81bb991a-c4ab-4bfb-a6f5-557f7affb6a1;mod=0;room-id=443063688;subscriber=0;tmi-sent-ts=1564104240077;turbo=0;user-id=216448313;user-type= :rbruno018!rbruno018@rbruno018.tmi.twitch.tv PRIVMSG #beringelamilgrau :eu nao lembro de mais nada tb
2019-07-25 10:24:02 PM: botfumante - Received: @badge-info=;badges=moderator/1;color=#008000;display-name=TONYXZERO;emotes=1997820:8-15;flags=;id=2f7033df-5969-4966-bf43-f310abee0ffd;mod=1;room-id=443063688;subscriber=0;tmi-sent-ts=1564104241503;turbo=0;user-id=38731171;user-type=mod :tonyxzero!tonyxzero@tonyxzero.tmi.twitch.tv PRIVMSG #beringelamilgrau :Hisaagi lordsPat
2019-07-25 10:24:04 PM: botfumante - Received: @badge-info=;badges=vip/1;color=#FF69B4;display-name=rbruno018;emotes=;flags=;id=9a187844-d5aa-4186-9b32-fd16eb442a22;mod=0;room-id=443063688;subscriber=0;tmi-sent-ts=1564104243065;turbo=0;user-id=216448313;user-type= :rbruno018!rbruno018@rbruno018.tmi.twitch.tv PRIVMSG #beringelamilgrau :odeio zumbi
2019-07-25 10:24:05 PM: botfumante - Received: @badge-info=;badges=premium/1;color=;display-name=um_Fido;emotes=;flags=;id=dc184840-886c-4524-a19f-a420cbe2a9f1;mod=0;room-id=443063688;subscriber=0;tmi-sent-ts=1564104244068;turbo=0;user-id=32573069;user-type= :um_fido!um_fido@um_fido.tmi.twitch.tv PRIVMSG #beringelamilgrau :Hisaagi peepoLove
2019-07-25 10:24:36 PM: botfumante - Received: :lypmayer!lypmayer@lypmayer.tmi.twitch.tv JOIN #beringelamilgrau
2019-07-25 10:24:39 PM: botfumante - Received: @badge-info=;badges=vip/1;color=#FF69B4;display-name=rbruno018;emotes=;flags=;id=67841a4b-ef77-4724-846c-cfea2837a2be;mod=0;room-id=443063688;subscriber=0;tmi-sent-ts=1564104278599;turbo=0;user-id=216448313;user-type= :rbruno018!rbruno018@rbruno018.tmi.twitch.tv PRIVMSG #beringelamilgrau :entao ? o melhor da saga
2019-07-25 10:25:01 PM: botfumante - Received: PING :tmi.twitch.tv
2019-07-25 10:25:01 PM: botfumante - Writing: PONG
2019-07-25 10:25:06 PM: botfumante - Received: @badge-info=;badges=vip/1;color=#FF69B4;display-name=rbruno018;emotes=;flags=;id=1fdff9de-5a34-465f-931f-0af7254a100e;mod=0;room-id=443063688;subscriber=0;tmi-sent-ts=1564104305571;turbo=0;user-id=216448313;user-type= :rbruno018!rbruno018@rbruno018.tmi.twitch.tv PRIVMSG #beringelamilgrau :o jogabilidade do 4 ? um coco
2019-07-25 10:25:10 PM: botfumante - Received: @badge-info=subscriber/1;badges=broadcaster/1,subscriber/0;color=#8A2BE2;display-name=BeringelaMilGrau;emotes=;flags=;id=3e92bf8f-289c-4146-886b-26e5aa88890f;mod=0;room-id=443063688;subscriber=1;tmi-sent-ts=1564104308970;turbo=0;user-id=443063688;user-type= :beringelamilgrau!beringelamilgrau@beringelamilgrau.tmi.twitch.tv PRIVMSG #beringelamilgrau :PepeLaugh
2019-07-25 10:25:10 PM: botfumante - Received: @badge-info=;badges=;color=#1E90FF;display-name=Gabrigode;emotes=;flags=;id=ac4a4588-c6a3-457b-8416-34ae62b5024e;mod=0;room-id=443063688;subscriber=0;tmi-sent-ts=1564104309397;turbo=0;user-id=125402779;user-type= :gabrigode!gabrigode@gabrigode.tmi.twitch.tv PRIVMSG #beringelamilgrau :bora fugir de umas est?tuas do napole?o an?o FeelsOkayMan
2019-07-25 10:25:14 PM: botfumante - Received: @badge-info=;badges=vip/1;color=#008000;display-name=Hisaagi;emotes=;flags=;id=568885c4-7567-460c-aed2-bce98588934f;mod=0;room-id=443063688;subscriber=0;tmi-sent-ts=1564104312759;turbo=0;user-id=137774469;user-type= :hisaagi!hisaagi@hisaagi.tmi.twitch.tv PRIVMSG #beringelamilgrau :se n?o for zumbi ent?o d? pra matar com a consci?ncia tranquila FeelsOkayMan
2019-07-25 10:25:23 PM: botfumante - Received: @badge-info=;badges=moderator/1;color=#008000;display-name=TONYXZERO;emotes=;flags=;id=98c905f1-6c72-4c8c-abc4-dff424bf7ba0;mod=1;room-id=443063688;subscriber=0;tmi-sent-ts=1564104322655;turbo=0;user-id=38731171;user-type=mod :tonyxzero!tonyxzero@tonyxzero.tmi.twitch.tv PRIVMSG #beringelamilgrau :FeelsMan
2019-07-25 10:25:32 PM: botfumante - Received: @badge-info=;badges=premium/1;color=;display-name=um_Fido;emotes=;flags=;id=2d416401-1c0a-42e0-8598-71749acacae0;mod=0;room-id=443063688;subscriber=0;tmi-sent-ts=1564104330729;turbo=0;user-id=32573069;user-type= :um_fido!um_fido@um_fido.tmi.twitch.tv PRIVMSG #beringelamilgrau :RE4 vai sair pra todos os consoles enquanto a Capcom existir FeelsOkayMan
2019-07-25 10:25:40 PM: botfumante - Received: :lypmayer!lypmayer@lypmayer.tmi.twitch.tv PART #beringelamilgrau
2019-07-25 10:25:49 PM: botfumante - Received: @badge-info=;badges=moderator/1;color=#008000;display-name=TONYXZERO;emotes=;flags=;id=0d9a7229-cfb0-433c-9b76-920d6c73e0a6;mod=1;room-id=443063688;subscriber=0;tmi-sent-ts=1564104347831;turbo=0;user-id=38731171;user-type=mod :tonyxzero!tonyxzero@tonyxzero.tmi.twitch.tv PRIVMSG #beringelamilgrau :!montee
2019-07-25 10:25:49 PM: botfumante - Received: @badge-info=;badges=moderator/1,partner/1;color=#7C7CE1;display-name=Nightbot;emotes=;flags=;id=373fa377-8b43-4e06-bbef-e2d6e57210d7;mod=1;room-id=443063688;subscriber=0;tmi-sent-ts=1564104348041;turbo=0;user-id=19264788;user-type=mod :nightbot!nightbot@nightbot.tmi.twitch.tv PRIVMSG #beringelamilgrau :Ta na hr da bufa! Pela 22 ? vez peepoSmoke
2019-07-25 10:25:54 PM: botfumante - Received: @badge-info=;badges=vip/1;color=#FF69B4;display-name=rbruno018;emotes=;flags=;id=e97af2ae-6c0f-4867-a771-99908b3e0c3f;mod=0;room-id=443063688;subscriber=0;tmi-sent-ts=1564104352689;turbo=0;user-id=216448313;user-type= :rbruno018!rbruno018@rbruno018.tmi.twitch.tv PRIVMSG #beringelamilgrau :a melhor ? aquela de PS2 com gameshark FeelsOkayMan
2019-07-25 10:25:58 PM: botfumante - Received: @badge-info=;badges=moderator/1;color=#008000;display-name=TONYXZERO;emotes=;flags=3-9:;id=2a3cf633-8b19-4b9e-ab2e-8d602aebd92d;mod=1;room-id=443063688;subscriber=0;tmi-sent-ts=1564104357528;turbo=0;user-id=38731171;user-type=mod :tonyxzero!tonyxzero@tonyxzero.tmi.twitch.tv PRIVMSG #beringelamilgrau :Um cigarro e um rem?dio peepoSmart
2019-07-25 10:26:03 PM: botfumante - Received: @badge-info=;badges=moderator/1;color=#FF9600;display-name=ddanniell;emotes=;flags=0-60:;id=c23e6992-62b7-43e8-be90-d697c59d0043;mod=1;room-id=443063688;subscriber=0;tmi-sent-ts=1564104361942;turbo=0;user-id=36163282;user-type=mod :ddanniell!ddanniell@ddanniell.tmi.twitch.tv PRIVMSG #beringelamilgrau :https://thumbs.gfycat.com/SafeJovialConey-size_restricted.gif
2019-07-25 10:26:07 PM: botfumante - Received: @badge-info=;badges=premium/1;color=;display-name=um_Fido;emotes=;flags=;id=035ac457-7168-4bbd-b843-48663be4b287;mod=0;room-id=443063688;subscriber=0;tmi-sent-ts=1564104366061;turbo=0;user-id=32573069;user-type= :um_fido!um_fido@um_fido.tmi.twitch.tv PRIVMSG #beringelamilgrau :passa a bufa a? FeelsOkayMan
2019-07-25 10:26:19 PM: botfumante - Received: @badge-info=;badges=moderator/1;color=#008000;display-name=TONYXZERO;emotes=;flags=;id=4f09c575-88f4-49c6-a624-70893a909794;mod=1;room-id=443063688;subscriber=0;tmi-sent-ts=1564104378144;turbo=0;user-id=38731171;user-type=mod :tonyxzero!tonyxzero@tonyxzero.tmi.twitch.tv PRIVMSG #beringelamilgrau :Caraca OhISee
2019-07-25 10:26:22 PM: botfumante - Received: @badge-info=;badges=;color=#1E90FF;display-name=Gabrigode;emotes=;flags=;id=00091712-52bc-49fb-a175-0ef2bcfbb101;mod=0;room-id=443063688;subscriber=0;tmi-sent-ts=1564104381641;turbo=0;user-id=125402779;user-type= :gabrigode!gabrigode@gabrigode.tmi.twitch.tv PRIVMSG #beringelamilgrau :FeelsNiceMan ??
2019-07-25 10:26:43 PM: botfumante - Received: @badge-info=;badges=premium/1;color=;display-name=um_Fido;emotes=;flags=;id=d3c2b19c-1226-4fbe-8c37-a01f820bbafb;mod=0;room-id=443063688;subscriber=0;tmi-sent-ts=1564104402521;turbo=0;user-id=32573069;user-type= :um_fido!um_fido@um_fido.tmi.twitch.tv PRIVMSG #beringelamilgrau :FeelsMan
2019-07-25 10:26:47 PM: botfumante - Received: @badge-info=;badges=moderator/1;color=#008000;display-name=TONYXZERO;emotes=;flags=;id=b9d11831-0724-4b2e-84bc-44bc77d478fa;mod=1;room-id=443063688;subscriber=0;tmi-sent-ts=1564104406230;turbo=0;user-id=38731171;user-type=mod :tonyxzero!tonyxzero@tonyxzero.tmi.twitch.tv PRIVMSG #beringelamilgrau :Caraca FeelsMan
2019-07-25 10:27:00 PM: botfumante - Received: @badge-info=;badges=moderator/1;color=#008000;display-name=TONYXZERO;emotes=;flags=;id=a9f7c649-7647-44fe-9339-4eaa0ffe08bd;mod=1;room-id=443063688;subscriber=0;tmi-sent-ts=1564104419326;turbo=0;user-id=38731171;user-type=mod :tonyxzero!tonyxzero@tonyxzero.tmi.twitch.tv PRIVMSG #beringelamilgrau :Do PS4 ? um cu PepePls
2019-07-25 10:27:10 PM: botfumante - Received: @badge-info=subscriber/1;badges=broadcaster/1,subscriber/0;color=#8A2BE2;display-name=BeringelaMilGrau;emotes=;flags=;id=dab78ef5-65dc-4b93-a0ff-442a898faab8;mod=0;room-id=443063688;subscriber=1;tmi-sent-ts=1564104428812;turbo=0;user-id=443063688;user-type= :beringelamilgrau!beringelamilgrau@beringelamilgrau.tmi.twitch.tv PRIVMSG #beringelamilgrau :Sim, eu testei
2019-07-25 10:27:13 PM: botfumante - Received: @badge-info=subscriber/1;badges=broadcaster/1,subscriber/0;color=#8A2BE2;display-name=BeringelaMilGrau;emotes=;flags=0-8:A.3;id=f2345ea9-f8fa-4ac6-a29a-82528e613b75;mod=0;room-id=443063688;subscriber=1;tmi-sent-ts=1564104431774;turbo=0;user-id=443063688;user-type= :beringelamilgrau!beringelamilgrau@beringelamilgrau.tmi.twitch.tv PRIVMSG #beringelamilgrau :? bem mrd
2019-07-25 10:27:13 PM: botfumante - Received: @badge-info=;badges=;color=#1E90FF;display-name=Gabrigode;emotes=;flags=;id=624624cb-1989-432e-b497-b46831118132;mod=0;room-id=443063688;subscriber=0;tmi-sent-ts=1564104432091;turbo=0;user-id=125402779;user-type= :gabrigode!gabrigode@gabrigode.tmi.twitch.tv PRIVMSG #beringelamilgrau :do PS4 fica bom se usar cabeado FeelsMan
2019-07-25 10:27:15 PM: botfumante - Received: @badge-info=;badges=moderator/1;color=#008000;display-name=TONYXZERO;emotes=;flags=19-29:P.5;id=08e09321-c1e5-46dc-a894-6d2d05913672;mod=1;room-id=443063688;subscriber=0;tmi-sent-ts=1564104434528;turbo=0;user-id=38731171;user-type=mod :tonyxzero!tonyxzero@tonyxzero.tmi.twitch.tv PRIVMSG #beringelamilgrau :Aquele remote play ? uma bosta HUGERSPLANT
2019-07-25 10:27:26 PM: botfumante - Received: @badge-info=;badges=;color=#FF0000;display-name=caioaml;emotes=;flags=;id=b47c37f1-8da3-4b3f-b6f8-dcf8f0e8185a;mod=0;room-id=443063688;subscriber=0;tmi-sent-ts=1564104445431;turbo=0;user-id=31421912;user-type= :caioaml!caioaml@caioaml.tmi.twitch.tv PRIVMSG #beringelamilgrau :FeelsMan ??
2019-07-25 10:27:31 PM: botfumante - Received: @badge-info=;badges=premium/1;color=;display-name=um_Fido;emotes=;flags=;id=9e60ab39-aa43-4ea7-9c49-4e5d71a2eb4e;mod=0;room-id=443063688;subscriber=0;tmi-sent-ts=1564104450592;turbo=0;user-id=32573069;user-type= :um_fido!um_fido@um_fido.tmi.twitch.tv PRIVMSG #beringelamilgrau :100 mega de upload POGGERS
2019-07-25 10:27:34 PM: botfumante - Received: @badge-info=;badges=;color=;display-name=RobertoNogueira;emotes=;flags=;id=808cf7c3-c92f-4c2e-8145-fac6b570ebc8;mod=0;room-id=443063688;subscriber=0;tmi-sent-ts=1564104453373;turbo=0;user-id=37272586;user-type= :robertonogueira!robertonogueira@robertonogueira.tmi.twitch.tv PRIVMSG #beringelamilgrau :eu tenho 2 megas de upload FeelsMan
2019-07-25 10:27:48 PM: botfumante - Received: @badge-info=;badges=;color=#1E90FF;display-name=Gabrigode;emotes=;flags=;id=6f142eec-fa69-43a9-8c0b-c4ca06c3c644;mod=0;room-id=443063688;subscriber=0;tmi-sent-ts=1564104467465;turbo=0;user-id=125402779;user-type= :gabrigode!gabrigode@gabrigode.tmi.twitch.tv PRIVMSG #beringelamilgrau :eu tenho 80Mbps de upload FeelsGoodMan
2019-07-25 10:27:52 PM: botfumante - Received: @badge-info=;badges=moderator/1;color=#008000;display-name=TONYXZERO;emotes=;flags=;id=95e7e238-6cd8-4710-9eaa-33ea7dbba13a;mod=1;room-id=443063688;subscriber=0;tmi-sent-ts=1564104470674;turbo=0;user-id=38731171;user-type=mod :tonyxzero!tonyxzero@tonyxzero.tmi.twitch.tv PRIVMSG #beringelamilgrau :Eu queria fazer Live do PS4, mas ficava dropando PepePls
2019-07-25 10:27:54 PM: botfumante - Received: :robertonogueira!robertonogueira@robertonogueira.tmi.twitch.tv JOIN #beringelamilgrau
2019-07-25 10:27:54 PM: botfumante - Received: :hisaagi!hisaagi@hisaagi.tmi.twitch.tv PART #beringelamilgrau
2019-07-25 10:28:03 PM: botfumante - Received: @badge-info=;badges=moderator/1;color=#008000;display-name=TONYXZERO;emotes=;flags=;id=2c483629-917e-4fc6-9374-591ecffcb838;mod=1;room-id=443063688;subscriber=0;tmi-sent-ts=1564104482061;turbo=0;user-id=38731171;user-type=mod :tonyxzero!tonyxzero@tonyxzero.tmi.twitch.tv PRIVMSG #beringelamilgrau :POGGERS
2019-07-25 10:28:08 PM: botfumante - Received: @badge-info=;badges=moderator/1;color=#008000;display-name=TONYXZERO;emotes=;flags=;id=cdd21ed1-1360-46f5-b318-752f8cc1908e;mod=1;room-id=443063688;subscriber=0;tmi-sent-ts=1564104486829;turbo=0;user-id=38731171;user-type=mod :tonyxzero!tonyxzero@tonyxzero.tmi.twitch.tv PRIVMSG #beringelamilgrau :HUGERSPLANT Roberto
2019-07-25 10:28:18 PM: botfumante - Received: @badge-info=;badges=;color=#1E90FF;display-name=Gabrigode;emotes=;flags=;id=cb5e0946-9e96-46ea-9c59-4c64a9a58b1d;mod=0;room-id=443063688;subscriber=0;tmi-sent-ts=1564104497146;turbo=0;user-id=125402779;user-type= :gabrigode!gabrigode@gabrigode.tmi.twitch.tv PRIVMSG #beringelamilgrau :dropando no Twitch ou no Remote Play, Tony?
2019-07-25 10:28:20 PM: botfumante - Received: @badge-info=;badges=moderator/1;color=#008000;display-name=TONYXZERO;emotes=;flags=;id=8d270c30-8b03-4e65-a2f3-4f7a9762f306;mod=1;room-id=443063688;subscriber=0;tmi-sent-ts=1564104498827;turbo=0;user-id=38731171;user-type=mod :tonyxzero!tonyxzero@tonyxzero.tmi.twitch.tv PRIVMSG #beringelamilgrau :Bruno ta on peepoSip
2019-07-25 10:28:28 PM: botfumante - Received: @badge-info=;badges=vip/1;color=#FF69B4;display-name=rbruno018;emotes=;flags=;id=79c0b8dd-8103-45aa-b3f8-f449d07cff3d;mod=0;room-id=443063688;subscriber=0;tmi-sent-ts=1564104507513;turbo=0;user-id=216448313;user-type= :rbruno018!rbruno018@rbruno018.tmi.twitch.tv PRIVMSG #beringelamilgrau :qual o nome do filme da cidade que anda ?
2019-07-25 10:28:30 PM: botfumante - Received: @badge-info=;badges=;color=;display-name=RobertoNogueira;emotes=;flags=;id=89b82ab7-4e07-4d20-8809-ba8e028ebc95;mod=0;room-id=443063688;subscriber=0;tmi-sent-ts=1564104508748;turbo=0;user-id=37272586;user-type= :robertonogueira!robertonogueira@robertonogueira.tmi.twitch.tv PRIVMSG #beringelamilgrau :HUGERSPLANT
2019-07-25 10:28:30 PM: botfumante - Received: @badge-info=;badges=moderator/1;color=#008000;display-name=TONYXZERO;emotes=;flags=;id=41e3abd2-8ba8-4c30-a497-27ecb5747648;mod=1;room-id=443063688;subscriber=0;tmi-sent-ts=1564104509277;turbo=0;user-id=38731171;user-type=mod :tonyxzero!tonyxzero@tonyxzero.tmi.twitch.tv PRIVMSG #beringelamilgrau :Remote Play PepePls
2019-07-25 10:28:35 PM: botfumante - Received: @badge-info=;badges=vip/1,premium/1;color=#D8FF00;display-name=guillapre;emotes=;flags=;id=769638c0-465b-4603-b5ba-f2a9b09f1d4c;mod=0;room-id=443063688;subscriber=0;tmi-sent-ts=1564104513672;turbo=0;user-id=157919745;user-type= :guillapre!guillapre@guillapre.tmi.twitch.tv PRIVMSG #beringelamilgrau :passa um ad ai
2019-07-25 10:28:38 PM: botfumante - Received: @badge-info=;badges=;color=#1E90FF;display-name=Gabrigode;emotes=;flags=;id=a6cdc5b6-7124-4382-83f2-d35d8797cf26;mod=0;room-id=443063688;subscriber=0;tmi-sent-ts=1564104517008;turbo=0;user-id=125402779;user-type= :gabrigode!gabrigode@gabrigode.tmi.twitch.tv PRIVMSG #beringelamilgrau :FeelsMan
2019-07-25 10:28:42 PM: botfumante - Received: @badge-info=;badges=moderator/1;color=#008000;display-name=TONYXZERO;emotes=;flags=;id=abf7aefb-1853-431b-909c-f7addac6f603;mod=1;room-id=443063688;subscriber=0;tmi-sent-ts=1564104520691;turbo=0;user-id=38731171;user-type=mod :tonyxzero!tonyxzero@tonyxzero.tmi.twitch.tv PRIVMSG #beringelamilgrau :Na Twitch tbm OhISee
2019-07-25 10:28:44 PM: botfumante - Received: @badge-info=;badges=moderator/1;color=#008000;display-name=TONYXZERO;emotes=;flags=;id=bd196672-22b2-4eb5-b417-e1af4d6bdd96;mod=1;room-id=443063688;subscriber=0;tmi-sent-ts=1564104523484;turbo=0;user-id=38731171;user-type=mod :tonyxzero!tonyxzero@tonyxzero.tmi.twitch.tv PRIVMSG #beringelamilgrau :OMEGALUL
2019-07-25 10:28:50 PM: botfumante - Received: @badge-info=subscriber/1;badges=broadcaster/1,subscriber/0;color=#8A2BE2;display-name=BeringelaMilGrau;emotes=;flags=;id=5079173d-1c00-4008-bb7d-6dd1a5856130;mod=0;room-id=443063688;subscriber=1;tmi-sent-ts=1564104528837;turbo=0;user-id=443063688;user-type= :beringelamilgrau!beringelamilgrau@beringelamilgrau.tmi.twitch.tv PRIVMSG #beringelamilgrau :agora que o chat ta animado os caras querem acabar com a stream PepeHandsE
2019-07-25 10:28:57 PM: botfumante - Received: @badge-info=;badges=premium/1;color=;display-name=um_Fido;emotes=;flags=;id=39d0bf6b-9716-4211-9f69-ca5cd08df4cb;mod=0;room-id=443063688;subscriber=0;tmi-sent-ts=1564104535734;turbo=0;user-id=32573069;user-type= :um_fido!um_fido@um_fido.tmi.twitch.tv PRIVMSG #beringelamilgrau :Twitch money when?
2019-07-25 10:28:59 PM: botfumante - Received: @badge-info=;badges=vip/1,premium/1;color=#D8FF00;display-name=guillapre;emotes=;flags=;id=88e1aac9-2a64-4953-9475-3c80cb2b5d3f;mod=0;room-id=443063688;subscriber=0;tmi-sent-ts=1564104538207;turbo=0;user-id=157919745;user-type= :guillapre!guillapre@guillapre.tmi.twitch.tv PRIVMSG #beringelamilgrau :passa um ad do YouTube msm
2019-07-25 10:29:08 PM: botfumante - Received: @badge-info=;badges=premium/1;color=;display-name=um_Fido;emotes=;flags=;id=38cb1f87-8488-4831-a885-8018a6da527c;mod=0;room-id=443063688;subscriber=0;tmi-sent-ts=1564104547088;turbo=0;user-id=32573069;user-type= :um_fido!um_fido@um_fido.tmi.twitch.tv PRIVMSG #beringelamilgrau :POGGERS
2019-07-25 10:29:12 PM: botfumante - Received: @badge-info=;badges=moderator/1;color=#008000;display-name=TONYXZERO;emotes=;flags=;id=989a05e6-73a8-4709-b495-4a7e23fae021;mod=1;room-id=443063688;subscriber=0;tmi-sent-ts=1564104551257;turbo=0;user-id=38731171;user-type=mod :tonyxzero!tonyxzero@tonyxzero.tmi.twitch.tv PRIVMSG #beringelamilgrau :Gabri Kami peepoEggplant
2019-07-25 10:29:15 PM: botfumante - Received: @badge-info=;badges=;color=#1E90FF;display-name=Gabrigode;emotes=;flags=;id=18b0a322-d6e9-40eb-8d2d-0939fe72597e;mod=0;room-id=443063688;subscriber=0;tmi-sent-ts=1564104553872;turbo=0;user-id=125402779;user-type= :gabrigode!gabrigode@gabrigode.tmi.twitch.tv PRIVMSG #beringelamilgrau :FeelsOkayMan
2019-07-25 10:29:26 PM: botfumante - Received: @badge-info=;badges=moderator/1;color=#008000;display-name=TONYXZERO;emotes=;flags=;id=544771d3-819c-490f-8287-b89ccaf2949e;mod=1;room-id=443063688;subscriber=0;tmi-sent-ts=1564104564887;turbo=0;user-id=38731171;user-type=mod :tonyxzero!tonyxzero@tonyxzero.tmi.twitch.tv PRIVMSG #beringelamilgrau :? Kami ou Kame, n sou weeb o suficiente PepePls
2019-07-25 10:29:32 PM: botfumante - Received: @badge-info=;badges=;color=#1E90FF;display-name=Gabrigode;emotes=;flags=;id=e9e2bbec-f7ec-4dc4-895a-3c7330dfea30;mod=0;room-id=443063688;subscriber=0;tmi-sent-ts=1564104571312;turbo=0;user-id=125402779;user-type= :gabrigode!gabrigode@gabrigode.tmi.twitch.tv PRIVMSG #beringelamilgrau :mira onde dois mais
2019-07-25 10:29:34 PM: botfumante - Received: @badge-info=;badges=premium/1;color=;display-name=um_Fido;emotes=;flags=;id=77e8db99-e94d-40e9-af62-69e6b5246e81;mod=0;room-id=443063688;subscriber=0;tmi-sent-ts=1564104572957;turbo=0;user-id=32573069;user-type= :um_fido!um_fido@um_fido.tmi.twitch.tv PRIVMSG #beringelamilgrau :Bufa no Ou-sama
2019-07-25 10:29:34 PM: botfumante - Received: PING :tmi.twitch.tv
2019-07-25 10:29:34 PM: botfumante - Writing: PONG
2019-07-25 10:29:37 PM: botfumante - Received: @badge-info=;badges=;color=#1E90FF;display-name=Gabrigode;emotes=;flags=;id=758852fa-c99f-411c-b425-612f87f89ee5;mod=0;room-id=443063688;subscriber=0;tmi-sent-ts=1564104576128;turbo=0;user-id=125402779;user-type= :gabrigode!gabrigode@gabrigode.tmi.twitch.tv PRIVMSG #beringelamilgrau :*doi
2019-07-25 10:29:41 PM: botfumante - Received: @badge-info=subscriber/1;badges=broadcaster/1,subscriber/0;color=#8A2BE2;display-name=BeringelaMilGrau;emotes=;flags=;id=87330c1e-94d1-481b-8e51-0464a23b30bc;mod=0;room-id=443063688;subscriber=1;tmi-sent-ts=1564104579731;turbo=0;user-id=443063688;user-type= :beringelamilgrau!beringelamilgrau@beringelamilgrau.tmi.twitch.tv PRIVMSG #beringelamilgrau :weeb monkaHmm
2019-07-25 10:29:42 PM: botfumante - Received: @badge-info=;badges=;color=#FF0000;display-name=caioaml;emotes=;flags=;id=7a983500-7981-4735-9415-77467c7af5d5;mod=0;room-id=443063688;subscriber=0;tmi-sent-ts=1564104580995;turbo=0;user-id=31421912;user-type= :caioaml!caioaml@caioaml.tmi.twitch.tv PRIVMSG #beringelamilgrau :RE FeelsOkayMan
2019-07-25 10:29:54 PM: botfumante - Received: @badge-info=;badges=premium/1;color=;display-name=um_Fido;emotes=;flags=;id=d36462c3-b226-4380-b4ab-2ca4d180260d;mod=0;room-id=443063688;subscriber=0;tmi-sent-ts=1564104593062;turbo=0;user-id=32573069;user-type= :um_fido!um_fido@um_fido.tmi.twitch.tv PRIVMSG #beringelamilgrau :freakin weebs monkaHmm
2019-07-25 10:30:08 PM: botfumante - Received: @badge-info=;badges=moderator/1;color=#008000;display-name=TONYXZERO;emotes=;flags=;id=39a2606f-9e44-4bdc-aeb0-3ffb5dff0baa;mod=1;room-id=443063688;subscriber=0;tmi-sent-ts=1564104607622;turbo=0;user-id=38731171;user-type=mod :tonyxzero!tonyxzero@tonyxzero.tmi.twitch.tv PRIVMSG #beringelamilgrau :Bira nossa Ellem PepeComfy
2019-07-25 10:30:24 PM: botfumante - Received: @badge-info=;badges=premium/1;color=;display-name=um_Fido;emotes=;flags=;id=57f145e0-9036-43e4-98da-1a908fb8f3bc;mod=0;room-id=443063688;subscriber=0;tmi-sent-ts=1564104623167;turbo=0;user-id=32573069;user-type= :um_fido!um_fido@um_fido.tmi.twitch.tv PRIVMSG #beringelamilgrau :flws PepeComfy
2019-07-25 10:30:25 PM: botfumante - Received: @badge-info=;badges=vip/1;color=#FF69B4;display-name=rbruno018;emotes=;flags=;id=1573fae2-3895-469a-a3ff-58f1ec5c9de3;mod=0;room-id=443063688;subscriber=0;tmi-sent-ts=1564104623612;turbo=0;user-id=216448313;user-type= :rbruno018!rbruno018@rbruno018.tmi.twitch.tv PRIVMSG #beringelamilgrau :peepoSleepo flws mens
2019-07-25 10:30:25 PM: botfumante - Received: @badge-info=;badges=moderator/1;color=#008000;display-name=TONYXZERO;emotes=;flags=;id=2dd60c9b-4390-451c-9bf3-6d71a8f5d4bb;mod=1;room-id=443063688;subscriber=0;tmi-sent-ts=1564104624261;turbo=0;user-id=38731171;user-type=mod :tonyxzero!tonyxzero@tonyxzero.tmi.twitch.tv PRIVMSG #beringelamilgrau :Flw gente peepoSip /
2019-07-25 10:30:25 PM: botfumante - Received: @badge-info=;badges=vip/1,premium/1;color=#D8FF00;display-name=guillapre;emote-only=1;emotes=508650:0-6;flags=;id=123c6b1f-9f00-4f2a-9bcc-78d48f60dbc2;mod=0;room-id=443063688;subscriber=0;tmi-sent-ts=1564104624572;turbo=0;user-id=157919745;user-type= :guillapre!guillapre@guillapre.tmi.twitch.tv PRIVMSG #beringelamilgrau :TPFufun
2019-07-25 10:30:30 PM: botfumante - Received: @badge-info=;badges=;color=#1E90FF;display-name=Gabrigode;emotes=;flags=;id=1760a235-86a5-4bf2-a172-70e4a15c242b;mod=0;room-id=443063688;subscriber=0;tmi-sent-ts=1564104628818;turbo=0;user-id=125402779;user-type= :gabrigode!gabrigode@gabrigode.tmi.twitch.tv PRIVMSG #beringelamilgrau :boa noite, amigos
2019-07-25 10:30:31 PM: botfumante - Received: @badge-info=;badges=;color=#1E90FF;display-name=Gabrigode;emote-only=1;emotes=1963329:0-9;flags=;id=77695c0c-18c2-4ae9-bb93-deea3eb7344b;mod=0;room-id=443063688;subscriber=0;tmi-sent-ts=1564104630409;turbo=0;user-id=125402779;user-type= :gabrigode!gabrigode@gabrigode.tmi.twitch.tv PRIVMSG #beringelamilgrau :lordsComfy
2019-07-25 10:30:37 PM: botfumante - Received: @badge-info=;badges=moderator/1;color=#008000;display-name=TONYXZERO;emotes=;flags=;id=8ea584d7-468b-4a94-9e55-3a86394a0e63;mod=1;room-id=443063688;subscriber=0;tmi-sent-ts=1564104636433;turbo=0;user-id=38731171;user-type=mod :tonyxzero!tonyxzero@tonyxzero.tmi.twitch.tv PRIVMSG #beringelamilgrau :OMEGALUL
2019-07-25 10:30:38 PM: botfumante - Received: @badge-info=;badges=vip/1;color=#FF69B4;display-name=rbruno018;emotes=;flags=;id=19a38890-de75-442f-8075-af13ee33de93;mod=0;room-id=443063688;subscriber=0;tmi-sent-ts=1564104637377;turbo=0;user-id=216448313;user-type= :rbruno018!rbruno018@rbruno018.tmi.twitch.tv PRIVMSG #beringelamilgrau :FeelsBadMan
2019-07-25 10:30:40 PM: botfumante - Received: @badge-info=subscriber/1;badges=broadcaster/1,subscriber/0;color=#8A2BE2;display-name=BeringelaMilGrau;emotes=;flags=;id=978a2837-505d-4cb6-a5b3-5c920ec04324;mod=0;room-id=443063688;subscriber=1;tmi-sent-ts=1564104639150;turbo=0;user-id=443063688;user-type= :beringelamilgrau!beringelamilgrau@beringelamilgrau.tmi.twitch.tv PRIVMSG #beringelamilgrau :at? proxima peepoEggplant
2019-07-25 10:30:41 PM: botfumante - Received: @badge-info=;badges=premium/1;color=;display-name=um_Fido;emotes=;flags=;id=53e523f6-4a9c-42d9-86f9-df1fe7a99660;mod=0;room-id=443063688;subscriber=0;tmi-sent-ts=1564104639890;turbo=0;user-id=32573069;user-type= :um_fido!um_fido@um_fido.tmi.twitch.tv PRIVMSG #beringelamilgrau :OMEGALUL
2019-07-25 10:30:51 PM: botfumante - Received: @badge-info=;badges=moderator/1;color=#008000;display-name=TONYXZERO;emotes=;flags=;id=d4e10a51-67cd-43e8-a514-6d7bff89bf0a;mod=1;room-id=443063688;subscriber=0;tmi-sent-ts=1564104650539;turbo=0;user-id=38731171;user-type=mod :tonyxzero!tonyxzero@tonyxzero.tmi.twitch.tv PRIVMSG #beringelamilgrau :FeelsBadMan PepePls
2019-07-25 10:30:52 PM: botfumante - Received: @badge-info=;badges=vip/1,premium/1;color=#D8FF00;display-name=guillapre;emotes=;flags=;id=fc9b6e73-64cd-440e-9b38-8fb26a22ff54;mod=0;room-id=443063688;subscriber=0;tmi-sent-ts=1564104651413;turbo=0;user-id=157919745;user-type= :guillapre!guillapre@guillapre.tmi.twitch.tv PRIVMSG #beringelamilgrau :pro streamer
2019-07-25 10:30:59 PM: botfumante - Received: :raphaelssk!raphaelssk@raphaelssk.tmi.twitch.tv PART #beringelamilgrau
2019-07-25 10:30:59 PM: botfumante - Received: :brun0hl!brun0hl@brun0hl.tmi.twitch.tv PART #beringelamilgrau
2019-07-25 10:30:59 PM: botfumante - Received: @badge-info=;badges=premium/1;color=;display-name=um_Fido;emotes=;flags=;id=7b727df0-a3a6-421c-b02c-15559da7d191;mod=0;room-id=443063688;subscriber=0;tmi-sent-ts=1564104658076;turbo=0;user-id=32573069;user-type= :um_fido!um_fido@um_fido.tmi.twitch.tv PRIVMSG #beringelamilgrau :MELHOR ENDING TRISTE
2019-07-25 10:31:05 PM: botfumante - Received: @badge-info=;badges=;color=#1E90FF;display-name=Gabrigode;emotes=;flags=;id=b8f72313-fae3-490e-a89f-a0711d0ba798;mod=0;room-id=443063688;subscriber=0;tmi-sent-ts=1564104663842;turbo=0;user-id=125402779;user-type= :gabrigode!gabrigode@gabrigode.tmi.twitch.tv PRIVMSG #beringelamilgrau :FeelsMan
2019-07-25 10:31:05 PM: botfumante - Received: @badge-info=;badges=premium/1;color=;display-name=um_Fido;emotes=;flags=;id=ad2f9da1-aee4-4019-ac7e-85b7c937fa6c;mod=0;room-id=443063688;subscriber=0;tmi-sent-ts=1564104663986;turbo=0;user-id=32573069;user-type= :um_fido!um_fido@um_fido.tmi.twitch.tv PRIVMSG #beringelamilgrau :OMEGALUL
2019-07-25 10:31:20 PM: botfumante - Received: @badge-info=;badges=vip/1;color=#FF69B4;display-name=rbruno018;emotes=;flags=0-3:A.5/I.0;id=1fab7bc0-c366-4010-bfb3-0e3f60bb703c;mod=0;room-id=443063688;subscriber=0;tmi-sent-ts=1564104678963;turbo=0;user-id=216448313;user-type= :rbruno018!rbruno018@rbruno018.tmi.twitch.tv PRIVMSG #beringelamilgrau :cuck bowman
2019-07-25 10:31:24 PM: botfumante - Received: :tmi.twitch.tv HOSTTARGET #beringelamilgrau :nautiluslink 23
2019-07-25 10:31:24 PM: botfumante - Received: @msg-id=host_on :tmi.twitch.tv NOTICE #beringelamilgrau :Now hosting NautilusLink.
2019-07-25 10:32:04 PM: botfumante - Received: :raphaelssk!raphaelssk@raphaelssk.tmi.twitch.tv JOIN #beringelamilgrau
2019-07-25 10:33:11 PM: botfumante - Received: :ddanniell!ddanniell@ddanniell.tmi.twitch.tv PART #beringelamilgrau
2019-07-25 10:33:11 PM: botfumante - Received: :montee_waffle!montee_waffle@montee_waffle.tmi.twitch.tv PART #beringelamilgrau
2019-07-25 10:33:11 PM: botfumante - Received: :caioaml!caioaml@caioaml.tmi.twitch.tv PART #beringelamilgrau
2019-07-25 10:33:11 PM: botfumante - Received: :raphaelssk!raphaelssk@raphaelssk.tmi.twitch.tv PART #beringelamilgrau
2019-07-25 10:33:11 PM: botfumante - Received: :um_fido!um_fido@um_fido.tmi.twitch.tv PART #beringelamilgrau
2019-07-25 10:33:11 PM: botfumante - Received: :tonyxzero!tonyxzero@tonyxzero.tmi.twitch.tv PART #beringelamilgrau
2019-07-25 10:33:11 PM: botfumante - Received: :gabrigode!gabrigode@gabrigode.tmi.twitch.tv PART #beringelamilgrau
2019-07-25 10:33:11 PM: botfumante - Received: :kodam_!kodam_@kodam_.tmi.twitch.tv PART #beringelamilgrau
2019-07-25 10:33:11 PM: botfumante - Received: :jean__!jean__@jean__.tmi.twitch.tv PART #beringelamilgrau
2019-07-25 10:33:11 PM: botfumante - Received: :eyeshotx!eyeshotx@eyeshotx.tmi.twitch.tv PART #beringelamilgrau
2019-07-25 10:33:11 PM: botfumante - Received: :nkoficial!nkoficial@nkoficial.tmi.twitch.tv PART #beringelamilgrau
2019-07-25 10:33:11 PM: botfumante - Received: :guillapre!guillapre@guillapre.tmi.twitch.tv PART #beringelamilgrau
2019-07-25 10:33:11 PM: botfumante - Received: :creamofthecrop!creamofthecrop@creamofthecrop.tmi.twitch.tv PART #beringelamilgrau
2019-07-25 10:33:11 PM: botfumante - Received: :marujo0!marujo0@marujo0.tmi.twitch.tv PART #beringelamilgrau
2019-07-25 10:33:11 PM: botfumante - Received: :rbruno018!rbruno018@rbruno018.tmi.twitch.tv PART #beringelamilgrau
2019-07-25 10:33:49 PM: botfumante - Received: PING :tmi.twitch.tv
2019-07-25 10:33:49 PM: botfumante - Writing: PONG
2019-07-25 10:34:14 PM: botfumante - Received: :robertonogueira!robertonogueira@robertonogueira.tmi.twitch.tv PART #beringelamilgrau
2019-07-25 10:34:15 PM: botfumante - Received: :guixxm!guixxm@guixxm.tmi.twitch.tv PART #beringelamilgrau
2019-07-25 10:38:16 PM: botfumante - Received: :erasmin!erasmin@erasmin.tmi.twitch.tv PART #beringelamilgrau
2019-07-25 10:38:48 PM: botfumante - Received: PING :tmi.twitch.tv
2019-07-25 10:38:48 PM: botfumante - Writing: PONG
2019-07-25 10:40:20 PM: botfumante - Received: :lurxx!lurxx@lurxx.tmi.twitch.tv JOIN #beringelamilgrau
2019-07-25 10:42:57 PM: botfumante - Received: PING :tmi.twitch.tv
2019-07-25 10:42:57 PM: botfumante - Writing: PONG
