8/24/2019 4:44:51 PM: botfumante - Connecting to: wss://irc-ws.chat.twitch.tv:443
8/24/2019 4:44:52 PM: botfumante - Should be connected!
8/24/2019 4:44:52 PM: botfumante - Joining channel: beringelamilgrau
8/24/2019 4:44:53 PM: botfumante - Received: :tmi.twitch.tv 001 botfumante :Welcome, GLHF!
8/24/2019 4:44:53 PM: botfumante - Received: :tmi.twitch.tv 002 botfumante :Your host is tmi.twitch.tv
8/24/2019 4:44:53 PM: botfumante - Received: :tmi.twitch.tv 003 botfumante :This server is rather new
8/24/2019 4:44:53 PM: botfumante - Received: :tmi.twitch.tv 004 botfumante :-
8/24/2019 4:44:53 PM: botfumante - Received: :tmi.twitch.tv 375 botfumante :-
8/24/2019 4:44:53 PM: botfumante - Received: :tmi.twitch.tv 372 botfumante :You are in a maze of twisty passages, all alike.
8/24/2019 4:44:53 PM: botfumante - Received: :tmi.twitch.tv 376 botfumante :>
8/24/2019 4:44:53 PM: botfumante - Received: :tmi.twitch.tv CAP * ACK :twitch.tv/membership
8/24/2019 4:44:53 PM: botfumante - Unaccounted for: :tmi.twitch.tv CAP * ACK :twitch.tv/membership
8/24/2019 4:44:53 PM: botfumante - Received: :tmi.twitch.tv CAP * ACK :twitch.tv/commands
8/24/2019 4:44:53 PM: botfumante - Unaccounted for: :tmi.twitch.tv CAP * ACK :twitch.tv/commands
8/24/2019 4:44:53 PM: botfumante - Received: :tmi.twitch.tv CAP * ACK :twitch.tv/tags
8/24/2019 4:44:53 PM: botfumante - Unaccounted for: :tmi.twitch.tv CAP * ACK :twitch.tv/tags
8/24/2019 4:44:53 PM: botfumante - Received: :botfumante!botfumante@botfumante.tmi.twitch.tv JOIN #beringelamilgrau
8/24/2019 4:44:53 PM: botfumante - Received: @badge-info=;badges=;color=;display-name=BotFumante;emote-sets=0;mod=0;subscriber=0;user-type= :tmi.twitch.tv USERSTATE #beringelamilgrau
8/24/2019 4:44:53 PM: botfumante - Received: @emote-only=0;followers-only=-1;r9k=0;rituals=0;room-id=443063688;slow=0;subs-only=0 :tmi.twitch.tv ROOMSTATE #beringelamilgrau
8/24/2019 4:44:53 PM: botfumante - Received: :botfumante.tmi.twitch.tv 353 botfumante = #beringelamilgrau :nightbot beringelamilgrau ddanniell jean__ p0lizei_ lucaesan guillapre montee_waffle lurxx leafjat rbruno018 streamlabs commanderroot pedroazure jodiaileen gladosxcake
8/24/2019 4:44:53 PM: botfumante - Received: :botfumante.tmi.twitch.tv 353 botfumante = #beringelamilgrau :botfumante
8/24/2019 4:44:53 PM: botfumante - Received: :botfumante.tmi.twitch.tv 366 botfumante #beringelamilgrau :End of /NAMES list
8/24/2019 4:44:53 PM: botfumante - Finished channel joining queue.
8/24/2019 4:44:53 PM: botfumante - Finished channel joining queue.
8/24/2019 4:44:54 PM: botfumante - Received: @badge-info=subscriber/2;badges=broadcaster/1,subscriber/0;color=#8A2BE2;display-name=BeringelaMilGrau;emotes=;flags=;id=b5ad8c50-1ccd-4082-b0c8-e9c108d4e757;mod=0;room-id=443063688;subscriber=1;tmi-sent-ts=1566675893703;turbo=0;user-id=443063688;user-type= :beringelamilgrau!beringelamilgrau@beringelamilgrau.tmi.twitch.tv PRIVMSG #beringelamilgrau :passaram v?deo do venomextreme no publico do discord do totoro peepoSleepo
8/24/2019 4:44:58 PM: botfumante - Received: @badge-info=subscriber/2;badges=vip/1,subscriber/0,bits-charity/1;color=#5F9EA0;display-name=Jean__;emotes=;flags=;id=f39852fb-8d91-4261-8aa3-019703840321;mod=0;room-id=443063688;subscriber=1;tmi-sent-ts=1566675898066;turbo=0;user-id=38479494;user-type= :jean__!jean__@jean__.tmi.twitch.tv PRIVMSG #beringelamilgrau :!!
8/24/2019 4:45:00 PM: botfumante - Received: @badge-info=;badges=;color=;display-name=BotFumante;emote-sets=0;mod=0;subscriber=0;user-type= :tmi.twitch.tv USERSTATE #beringelamilgrau
8/24/2019 4:45:03 PM: botfumante - Received: @badge-info=;badges=vip/1;color=#FF69B4;display-name=rbruno018;emotes=;flags=;id=6207220e-2d52-4f7b-967a-bb986c1633e5;mod=0;room-id=443063688;subscriber=0;tmi-sent-ts=1566675903047;turbo=0;user-id=216448313;user-type= :rbruno018!rbruno018@rbruno018.tmi.twitch.tv PRIVMSG #beringelamilgrau :peepoSleepo
8/24/2019 4:45:23 PM: botfumante - Received: @badge-info=subscriber/2;badges=broadcaster/1,subscriber/0;color=#8A2BE2;display-name=BeringelaMilGrau;emotes=;flags=;id=74d29991-4ced-46f0-b6c1-8d7a2f17627f;mod=0;room-id=443063688;subscriber=1;tmi-sent-ts=1566675922917;turbo=0;user-id=443063688;user-type= :beringelamilgrau!beringelamilgrau@beringelamilgrau.tmi.twitch.tv PRIVMSG #beringelamilgrau :eu n?o, tenho nada ver com isso peepoSleepo
8/24/2019 4:45:37 PM: botfumante - Received: @badge-info=;badges=vip/1;color=#FF69B4;display-name=rbruno018;emotes=;flags=0-11:;id=537b3b45-12bc-4e0f-bfac-b45dd5d13414;mod=0;room-id=443063688;subscriber=0;tmi-sent-ts=1566675936875;turbo=0;user-id=216448313;user-type= :rbruno018!rbruno018@rbruno018.tmi.twitch.tv PRIVMSG #beringelamilgrau :bonsmods.com peepoSmart
8/24/2019 4:45:58 PM: botfumante - Received: @badge-info=subscriber/2;badges=vip/1,subscriber/0,bits-charity/1;color=#5F9EA0;display-name=Jean__;emotes=;flags=;id=2362bdab-20cb-443f-9d92-b0ce9851c63d;mod=0;room-id=443063688;subscriber=1;tmi-sent-ts=1566675957929;turbo=0;user-id=38479494;user-type= :jean__!jean__@jean__.tmi.twitch.tv PRIVMSG #beringelamilgrau :eu to testando o bot peepoSleepo
8/24/2019 4:46:05 PM: botfumante - Received: @badge-info=;badges=vip/1;color=#FF69B4;display-name=rbruno018;emotes=;flags=;id=d1c2b914-2492-454c-baa7-861477818a47;mod=0;room-id=443063688;subscriber=0;tmi-sent-ts=1566675965324;turbo=0;user-id=216448313;user-type= :rbruno018!rbruno018@rbruno018.tmi.twitch.tv PRIVMSG #beringelamilgrau :peepoSleepo
8/24/2019 4:46:15 PM: botfumante - Received: @badge-info=subscriber/2;badges=broadcaster/1,subscriber/0;color=#8A2BE2;display-name=BeringelaMilGrau;emotes=;flags=;id=b5493512-12af-4636-a288-63f91c0809ec;mod=0;room-id=443063688;subscriber=1;tmi-sent-ts=1566675974752;turbo=0;user-id=443063688;user-type= :beringelamilgrau!beringelamilgrau@beringelamilgrau.tmi.twitch.tv PRIVMSG #beringelamilgrau :tem 11 mods l? peepoSleepo
8/24/2019 4:46:33 PM: botfumante - Received: @badge-info=subscriber/2;badges=vip/1,subscriber/0,bits-charity/1;color=#5F9EA0;display-name=Jean__;emotes=;flags=;id=9c2fb2a7-8f70-428f-9483-6942f106b02e;mod=0;room-id=443063688;subscriber=1;tmi-sent-ts=1566675992954;turbo=0;user-id=38479494;user-type= :jean__!jean__@jean__.tmi.twitch.tv PRIVMSG #beringelamilgrau :!tiro
8/24/2019 4:46:38 PM: botfumante - Received: @badge-info=subscriber/2;badges=vip/1,subscriber/0,bits-charity/1;color=#5F9EA0;display-name=Jean__;emotes=;flags=;id=ececdcfe-0c37-47ad-883e-17aee91c00f2;mod=0;room-id=443063688;subscriber=1;tmi-sent-ts=1566675998140;turbo=0;user-id=38479494;user-type= :jean__!jean__@jean__.tmi.twitch.tv PRIVMSG #beringelamilgrau :!chicote
8/24/2019 4:46:41 PM: botfumante - Received: @badge-info=subscriber/2;badges=broadcaster/1,subscriber/0;color=#8A2BE2;display-name=BeringelaMilGrau;emotes=;flags=;id=431badcd-4789-4842-aa39-44940a69d429;mod=0;room-id=443063688;subscriber=1;tmi-sent-ts=1566676000738;turbo=0;user-id=443063688;user-type= :beringelamilgrau!beringelamilgrau@beringelamilgrau.tmi.twitch.tv PRIVMSG #beringelamilgrau :eu to suave, deixa o garoto divulgar o venom peepoSleepo
8/24/2019 4:46:43 PM: botfumante - Received: @badge-info=subscriber/2;badges=vip/1,subscriber/0,bits-charity/1;color=#5F9EA0;display-name=Jean__;emotes=;flags=;id=3510b960-cda9-4e9d-8efd-e994c22251e0;mod=0;room-id=443063688;subscriber=1;tmi-sent-ts=1566676002403;turbo=0;user-id=38479494;user-type= :jean__!jean__@jean__.tmi.twitch.tv PRIVMSG #beringelamilgrau :monkaHmm
8/24/2019 4:46:46 PM: botfumante - Received: @badge-info=;badges=vip/1;color=#FF69B4;display-name=rbruno018;emotes=;flags=;id=e5a15b1c-c402-44ff-8ec4-70760553d717;mod=0;room-id=443063688;subscriber=0;tmi-sent-ts=1566676006181;turbo=0;user-id=216448313;user-type= :rbruno018!rbruno018@rbruno018.tmi.twitch.tv PRIVMSG #beringelamilgrau :monkaHmm
8/24/2019 4:46:55 PM: botfumante - Received: @badge-info=subscriber/2;badges=vip/1,subscriber/0,bits-charity/1;color=#5F9EA0;display-name=Jean__;emotes=;flags=;id=16f2626e-6d9b-42cb-ab40-ee5c60fe739f;mod=0;room-id=443063688;subscriber=1;tmi-sent-ts=1566676015047;turbo=0;user-id=38479494;user-type= :jean__!jean__@jean__.tmi.twitch.tv PRIVMSG #beringelamilgrau :!maluco !chicote
8/24/2019 4:46:56 PM: botfumante - Received: @badge-info=;badges=moderator/1,partner/1;color=#7C7CE1;display-name=Nightbot;emotes=;flags=24-34:P.5;id=b6ceb1b2-e1fb-4c2b-afe8-dcf220370123;mod=1;room-id=443063688;subscriber=0;tmi-sent-ts=1566676015640;turbo=0;user-id=19264788;user-type=mod :nightbot!nightbot@nightbot.tmi.twitch.tv PRIVMSG #beringelamilgrau :!chicote , tu ta maluco pra caralho merm?o! Pepega
8/24/2019 4:47:21 PM: botfumante - Received: @badge-info=;badges=vip/1;color=#FF69B4;display-name=rbruno018;emotes=;flags=;id=7cf34e5a-acf8-465c-9adb-af62b3e75a26;mod=0;room-id=443063688;subscriber=0;tmi-sent-ts=1566676041176;turbo=0;user-id=216448313;user-type= :rbruno018!rbruno018@rbruno018.tmi.twitch.tv PRIVMSG #beringelamilgrau :venon o maluco ta em 2012 vendo minecraft no venon peepoSleepo
8/24/2019 4:47:35 PM: botfumante - Received: @badge-info=subscriber/2;badges=vip/1,subscriber/0,bits-charity/1;color=#5F9EA0;display-name=Jean__;emotes=;flags=;id=43fd12f3-83fc-4ae6-8eda-2b7b8073e337;mod=0;room-id=443063688;subscriber=1;tmi-sent-ts=1566676055270;turbo=0;user-id=38479494;user-type= :jean__!jean__@jean__.tmi.twitch.tv PRIVMSG #beringelamilgrau :bora um skyblock Pepega
8/24/2019 4:48:22 PM: botfumante - Received: :s1faka!s1faka@s1faka.tmi.twitch.tv JOIN #beringelamilgrau
8/24/2019 4:48:22 PM: botfumante - Received: :hostmeraffle!hostmeraffle@hostmeraffle.tmi.twitch.tv JOIN #beringelamilgrau
8/24/2019 4:48:22 PM: botfumante - Received: :jodiaileen!jodiaileen@jodiaileen.tmi.twitch.tv PART #beringelamilgrau
8/24/2019 4:48:55 PM: botfumante - Received: @badge-info=subscriber/2;badges=vip/1,subscriber/0,bits-charity/1;color=#5F9EA0;display-name=Jean__;emotes=;flags=;id=3c2ed090-ee9b-4d4c-a0b4-908df38f23d8;mod=0;room-id=443063688;subscriber=1;tmi-sent-ts=1566676134411;turbo=0;user-id=38479494;user-type= :jean__!jean__@jean__.tmi.twitch.tv PRIVMSG #beringelamilgrau :!p tiro true
8/24/2019 4:48:58 PM: botfumante - Received: @badge-info=subscriber/2;badges=vip/1,subscriber/0,bits-charity/1;color=#5F9EA0;display-name=Jean__;emotes=;flags=;id=45309633-c479-4293-8f75-f50f04e62e70;mod=0;room-id=443063688;subscriber=1;tmi-sent-ts=1566676137643;turbo=0;user-id=38479494;user-type= :jean__!jean__@jean__.tmi.twitch.tv PRIVMSG #beringelamilgrau :!tiro monkaHmm
8/24/2019 4:49:08 PM: botfumante - Received: @badge-info=;badges=vip/1;color=#FF69B4;display-name=rbruno018;emotes=;flags=;id=dcf357d9-71ab-4916-9e64-085810356268;mod=0;room-id=443063688;subscriber=0;tmi-sent-ts=1566676148041;turbo=0;user-id=216448313;user-type= :rbruno018!rbruno018@rbruno018.tmi.twitch.tv PRIVMSG #beringelamilgrau :monkaHmm
8/24/2019 4:49:10 PM: botfumante - Received: PING :tmi.twitch.tv
8/24/2019 4:49:10 PM: botfumante - Writing: PONG
8/24/2019 4:49:26 PM: botfumante - Received: @badge-info=subscriber/2;badges=vip/1,subscriber/0,bits-charity/1;color=#5F9EA0;display-name=Jean__;emotes=;flags=;id=61b00c32-7437-4c35-a409-af2686364494;mod=0;room-id=443063688;subscriber=1;tmi-sent-ts=1566676166082;turbo=0;user-id=38479494;user-type= :jean__!jean__@jean__.tmi.twitch.tv PRIVMSG #beringelamilgrau :FeelsOkayMan
8/24/2019 4:51:48 PM: botfumante - Received: @badge-info=subscriber/2;badges=vip/1,subscriber/0,bits-charity/1;color=#5F9EA0;display-name=Jean__;emotes=;flags=;id=d7beaf6a-9e27-49f7-ae38-a5a9ce4f03db;mod=0;room-id=443063688;subscriber=1;tmi-sent-ts=1566676307915;turbo=0;user-id=38479494;user-type= :jean__!jean__@jean__.tmi.twitch.tv PRIVMSG #beringelamilgrau :qual foi a pergunta? monkaHmm
8/24/2019 4:52:08 PM: botfumante - Received: @badge-info=subscriber/2;badges=vip/1,subscriber/0,bits-charity/1;color=#5F9EA0;display-name=Jean__;emotes=;flags=;id=608d8669-9418-47ce-b9d2-68f829e88199;mod=0;room-id=443063688;subscriber=1;tmi-sent-ts=1566676327338;turbo=0;user-id=38479494;user-type= :jean__!jean__@jean__.tmi.twitch.tv PRIVMSG #beringelamilgrau :vai
8/24/2019 4:52:14 PM: botfumante - Received: @badge-info=subscriber/2;badges=vip/1,subscriber/0,bits-charity/1;color=#5F9EA0;display-name=Jean__;emotes=;flags=;id=c38061cc-2e26-490d-a841-53896623f894;mod=0;room-id=443063688;subscriber=1;tmi-sent-ts=1566676333805;turbo=0;user-id=38479494;user-type= :jean__!jean__@jean__.tmi.twitch.tv PRIVMSG #beringelamilgrau :ja tava desativando antes monkaHmm
8/24/2019 4:52:37 PM: botfumante - Received: :samritax!samritax@samritax.tmi.twitch.tv JOIN #beringelamilgrau
8/24/2019 4:53:19 PM: botfumante - Received: PING :tmi.twitch.tv
8/24/2019 4:53:19 PM: botfumante - Writing: PONG
8/24/2019 4:53:43 PM: botfumante - Received: :samritax!samritax@samritax.tmi.twitch.tv PART #beringelamilgrau
