8/1/2019 7:49:57 PM: botfumante - Connecting to: wss://irc-ws.chat.twitch.tv:443
8/1/2019 7:49:58 PM: botfumante - Should be connected!
8/1/2019 7:49:58 PM: botfumante - Joining channel: beringelamilgrau
8/1/2019 7:49:59 PM: botfumante - Received: :tmi.twitch.tv 001 botfumante :Welcome, GLHF!
8/1/2019 7:49:59 PM: botfumante - Received: :tmi.twitch.tv 002 botfumante :Your host is tmi.twitch.tv
8/1/2019 7:49:59 PM: botfumante - Received: :tmi.twitch.tv 003 botfumante :This server is rather new
8/1/2019 7:49:59 PM: botfumante - Received: :tmi.twitch.tv 004 botfumante :-
8/1/2019 7:49:59 PM: botfumante - Received: :tmi.twitch.tv 375 botfumante :-
8/1/2019 7:49:59 PM: botfumante - Received: :tmi.twitch.tv 372 botfumante :You are in a maze of twisty passages, all alike.
8/1/2019 7:49:59 PM: botfumante - Received: :tmi.twitch.tv 376 botfumante :>
8/1/2019 7:49:59 PM: botfumante - Received: :tmi.twitch.tv CAP * ACK :twitch.tv/membership
8/1/2019 7:49:59 PM: botfumante - Unaccounted for: :tmi.twitch.tv CAP * ACK :twitch.tv/membership
8/1/2019 7:49:59 PM: botfumante - Received: :tmi.twitch.tv CAP * ACK :twitch.tv/commands
8/1/2019 7:49:59 PM: botfumante - Unaccounted for: :tmi.twitch.tv CAP * ACK :twitch.tv/commands
8/1/2019 7:49:59 PM: botfumante - Received: :tmi.twitch.tv CAP * ACK :twitch.tv/tags
8/1/2019 7:49:59 PM: botfumante - Unaccounted for: :tmi.twitch.tv CAP * ACK :twitch.tv/tags
8/1/2019 7:49:59 PM: botfumante - Received: :botfumante!botfumante@botfumante.tmi.twitch.tv JOIN #beringelamilgrau
8/1/2019 7:49:59 PM: botfumante - Received: :botfumante.tmi.twitch.tv 353 botfumante = #beringelamilgrau :botfumante
8/1/2019 7:49:59 PM: botfumante - Received: :botfumante.tmi.twitch.tv 366 botfumante #beringelamilgrau :End of /NAMES list
8/1/2019 7:49:59 PM: botfumante - Finished channel joining queue.
8/1/2019 7:49:59 PM: botfumante - Received: @badge-info=;badges=;color=;display-name=BotFumante;emote-sets=0;mod=0;subscriber=0;user-type= :tmi.twitch.tv USERSTATE #beringelamilgrau
8/1/2019 7:49:59 PM: botfumante - Received: @emote-only=0;followers-only=-1;r9k=0;rituals=0;room-id=443063688;slow=0;subs-only=0 :tmi.twitch.tv ROOMSTATE #beringelamilgrau
8/1/2019 7:49:59 PM: botfumante - Finished channel joining queue.
8/1/2019 7:50:04 PM: botfumante - Received: @badge-info=;badges=;color=;display-name=BotFumante;emote-sets=0;mod=0;subscriber=0;user-type= :tmi.twitch.tv USERSTATE #beringelamilgrau
8/1/2019 7:50:05 PM: botfumante - Received: @badge-info=subscriber/1;badges=broadcaster/1,subscriber/0;color=#8A2BE2;display-name=BeringelaMilGrau;emotes=;flags=;id=80f5666c-8112-43a4-a587-816d57403f9e;mod=0;room-id=443063688;subscriber=1;tmi-sent-ts=1564699804173;turbo=0;user-id=443063688;user-type= :beringelamilgrau!beringelamilgrau@beringelamilgrau.tmi.twitch.tv PRIVMSG #beringelamilgrau :ConcernFroge
8/1/2019 7:50:10 PM: botfumante - Received: @badge-info=;badges=;color=;display-name=ManoMira;emotes=;flags=45-54:P.0/S.6;id=284ef33b-cf68-4684-b402-1753f688ba03;mod=0;room-id=443063688;subscriber=0;tmi-sent-ts=1564699809375;turbo=0;user-id=435706068;user-type= :manomira!manomira@manomira.tmi.twitch.tv PRIVMSG #beringelamilgrau :vou ir pq n to aguentando mais rir, to quase me mijando
8/1/2019 7:50:13 PM: botfumante - Received: @badge-info=;badges=;color=;display-name=BotFumante;emote-sets=0;mod=0;subscriber=0;user-type= :tmi.twitch.tv USERSTATE #beringelamilgrau
